<?xml version="1.0" encoding="utf-8"?>
<testsuite failures="0" name="apt_prepare_install_finalize" skipped="1" tests="1" time="0.02" timestamp="2022-05-03T15:26:18">
	<testcase classname="AptPluginPrepareInstallFinalize" name="apt_prepare_install_finalize">
		<skipped message="SKIPPED: Testing the apt plugin is not supported on this platform.To run the tests call PySys with -XmyPlatform='container'"/>
		<system-out>15:26:18 INFO  ==============================================================
15:26:18 INFO  Id:    apt_prepare_install_finalize
15:26:18 INFO  Dir:   plugin_apt/
15:26:18 INFO  Title: Validate apt plugin install use case
15:26:18 INFO  ==============================================================
15:26:18 INFO  Testing the apt plugin is not supported on this platform.To run the tests call PySys with -XmyPlatform='container' ... skipped
15:26:18 WARN  Aborted test due to SKIPPED outcome
15:26:18 INFO  
15:26:18 INFO  Test duration: 0.02 secs
15:26:18 INFO  Test final outcome:  SKIPPED
15:26:18 INFO  Test outcome reason: Testing the apt plugin is not supported on this platform.To run the tests call PySys with -XmyPlatform='container'
15:26:18 INFO  
</system-out>
	</testcase>
</testsuite>
