<?xml version="1.0" encoding="utf-8"?>
<testsuite failures="0" name="mqtt_port_set" skipped="0" tests="1" time="20.38" timestamp="2022-05-13T11:05:11">
	<testcase classname="MqttPortSet" name="mqtt_port_set"/>
</testsuite>
