<?xml version="1.0" encoding="utf-8"?>
<testsuite failures="0" name="c8y_jwt_token_retrieval" skipped="0" tests="1" time="22.54" timestamp="2022-04-28T10:58:36">
	<testcase classname="ValidateJWTTokenRetrieval" name="c8y_jwt_token_retrieval"/>
</testsuite>
