<?xml version="1.0" encoding="utf-8"?>
<testsuite failures="1" name="valid_device_id" skipped="0" tests="1" time="51.75" timestamp="2022-05-11T10:10:06">
	<testcase classname="ValidateValidDeviceId" name="valid_device_id">
		<failure message="FAILED: Grep on tedge_connect_c8y_test.out contains &quot;successful&quot;" type="FAILED"/>
		<system-out>10:09:15 INFO  ==============================================================
10:09:15 INFO  Id:    valid_device_id
10:09:15 INFO  Dir:   misc_features/
10:09:15 INFO  Title: Valid device ID
10:09:15 INFO  ==============================================================
10:09:15 INFO  Restarting mosquitto too frequently in the last 10 seconds. It was only up for 5 seconds
10:09:15 INFO  Delaying execution by 6 seconds
10:09:21 INFO  Executed sudo&lt;tedge_disconnect_c8y&gt;, exit status 0
10:09:22 INFO  Executed sudo&lt;create_cert_dir&gt;, exit status 0
10:09:22 INFO  Executed sudo&lt;change_owner_of_dir&gt;, exit status 0
10:09:23 INFO  Executed sudo&lt;set_cert_path&gt;, exit status 0
10:09:23 INFO  Executed sudo&lt;set_key_path&gt;, exit status 0
10:09:24 INFO  Executed sudo&lt;cert_create&gt;, exit status 0
10:09:25 INFO  Executed sudo&lt;cert_upload&gt;, exit status 0
10:09:50 INFO  Executed sudo&lt;tedge_connect_c8y&gt;, exit status 0, duration 24 secs
10:10:01 INFO  Executed sudo&lt;tedge_connect_c8y_test&gt;, exit status 0
10:10:01 INFO  Grep on file tedge_connect_c8y.out ... passed
10:10:01 WARN  Grep on tedge_connect_c8y_test.out contains &quot;successful&quot; ... failed [run.py:108]
10:10:01 INFO  
10:10:01 INFO  cleanup:
10:10:05 INFO  Executed sudo&lt;tedge_disconnect_c8y&gt;, exit status 0
10:10:05 INFO  Executed sudo&lt;unset_cert_path&gt;, exit status 0
10:10:06 INFO  Executed sudo&lt;unset_key_path&gt;, exit status 0
10:10:06 INFO  Executed sudo&lt;remove_cert_dir&gt;, exit status 0
10:10:06 INFO  
10:10:06 INFO  Test duration: 51.75 secs
10:10:06 INFO  Test final outcome:  FAILED
10:10:06 INFO  Test outcome reason: Grep on tedge_connect_c8y_test.out contains &quot;successful&quot;
10:10:06 INFO  
</system-out>
	</testcase>
</testsuite>
