<?xml version="1.0" encoding="utf-8"?>
<testsuite failures="0" name="smoketest_smartrest" skipped="0" tests="1" time="48.18" timestamp="2022-05-11T10:16:34">
	<testcase classname="SmoketestSmartRest" name="smoketest_smartrest"/>
</testsuite>
