<?xml version="1.0" encoding="utf-8"?>
<testsuite failures="0" name="apt_finalize" skipped="1" tests="1" time="0.09" timestamp="2022-05-11T11:41:24">
	<testcase classname="AptPluginFinalize" name="apt_finalize">
		<skipped message="SKIPPED: Testing the apt plugin is not supported on this platform.To run the tests call PySys with -XmyPlatform='container'"/>
		<system-out>11:41:24 INFO  ==============================================================
11:41:24 INFO  Id:    apt_finalize
11:41:24 INFO  Dir:   plugin_apt/
11:41:24 INFO  Title: Validate apt plugin finalize - dense version
11:41:24 INFO  ==============================================================
11:41:24 INFO  Testing the apt plugin is not supported on this platform.To run the tests call PySys with -XmyPlatform='container' ... skipped
11:41:24 WARN  Aborted test due to SKIPPED outcome
11:41:24 INFO  
11:41:24 INFO  Test duration: 0.09 secs
11:41:24 INFO  Test final outcome:  SKIPPED
11:41:24 INFO  Test outcome reason: Testing the apt plugin is not supported on this platform.To run the tests call PySys with -XmyPlatform='container'
11:41:24 INFO  
</system-out>
	</testcase>
</testsuite>
