<?xml version="1.0" encoding="utf-8"?>
<testsuite failures="1" name="c8y_jwt_token_retrieval" skipped="0" tests="1" time="23.08" timestamp="2022-05-11T10:06:50">
	<testcase classname="ValidateJWTTokenRetrieval" name="c8y_jwt_token_retrieval">
		<failure message="FAILED: Grep on resp_jwt.out contains &quot;\[c8y/s/dat\] 71,&quot;" type="FAILED"/>
		<system-out>10:06:26 INFO  ==============================================================
10:06:26 INFO  Id:    c8y_jwt_token_retrieval
10:06:26 INFO  Dir:   cloud_c8y/
10:06:26 INFO  Title: Validate the Cumulocity JWT Token Retrieval feature
10:06:26 INFO  ==============================================================
10:06:27 INFO  Executed sudo&lt;tedge_disconnect_c8y&gt;, exit status 0
10:06:42 INFO  Executed sudo&lt;tedge_connect_c8y&gt;, exit status 0, duration 14 secs
10:06:42 INFO  Started sudo&lt;resp_jwt&gt; with process id 5053
10:06:43 INFO  Executed sudo&lt;req_jwt&gt;, exit status 0
10:06:45 INFO  Executed sudo&lt;kill_out&gt;, exit status 0
10:06:45 WARN  Grep on resp_jwt.out contains &quot;\[c8y/s/dat\] 71,&quot; ... failed [run.py:60]
10:06:45 INFO  
10:06:45 INFO  cleanup:
10:06:50 INFO  Executed sudo&lt;tedge_disconnect_c8y&gt;, exit status 0
10:06:50 INFO  
10:06:50 INFO  Test duration: 23.08 secs
10:06:50 INFO  Test final outcome:  FAILED
10:06:50 INFO  Test outcome reason: Grep on resp_jwt.out contains &quot;\[c8y/s/dat\] 71,&quot;
10:06:50 INFO  
</system-out>
	</testcase>
</testsuite>
