<?xml version="1.0" encoding="utf-8"?>
<testsuite failures="1" name="smoketest_smartrest" skipped="0" tests="1" time="2.46" timestamp="2022-04-27T10:35:03">
	<testcase classname="SmoketestSmartRest" name="smoketest_smartrest">
		<failure message="BLOCKED: sudo&lt;tedge_connect_c8y&gt; returned non-zero exit code 1" type="BLOCKED"/>
		<system-out>10:35:01 INFO  ==============================================================
10:35:01 INFO  Id:    smoketest_smartrest
10:35:01 INFO  Dir:   smoketests/
10:35:01 INFO  Title: Smoketest SmartREST
10:35:01 INFO  ==============================================================
10:35:01 INFO  EnvironmentC8y Setup
10:35:02 INFO  Executed systemctl&lt;serv_mapper1&gt;, exit status 3
10:35:02 WARN  Executed sudo&lt;tedge_connect_c8y&gt;, exit status 1
10:35:02 INFO  Contents of tedge_connect_c8y.err: 
  Error: failed to connect Cumulocity cloud.
  Caused by:
      A value for `c8y.url` is missing.
          A value can be set with `tedge config set c8y.url &lt;value&gt;`
  -----

10:35:02 WARN  sudo&lt;tedge_connect_c8y&gt; returned non-zero exit code 1 ... blocked 
10:35:02 WARN  Aborted test due to BLOCKED outcome
10:35:02 INFO  
10:35:02 INFO  cleanup:
10:35:03 INFO  Executed sudo&lt;tedge_disconnect_c8y&gt;, exit status 0
10:35:03 INFO  Executed systemctl&lt;serv_mapper5&gt;, exit status 3
10:35:03 INFO  
10:35:03 INFO  Test duration: 2.46 secs
10:35:03 INFO  Test final outcome:  BLOCKED
10:35:03 INFO  Test outcome reason: sudo&lt;tedge_connect_c8y&gt; returned non-zero exit code 1
10:35:03 INFO  
</system-out>
	</testcase>
</testsuite>
