<?xml version="1.0" encoding="utf-8"?>
<testsuite failures="0" name="tedge_disconnect_test_sm_services" skipped="0" tests="1" time="35.83" timestamp="2022-05-03T18:37:27">
	<testcase classname="TedgeDisConnectTestSMServices" name="tedge_disconnect_test_sm_services"/>
</testsuite>
