<?xml version="1.0" encoding="utf-8"?>
<testsuite failures="0" name="SoftwareManagement.sm_apt_install_fail" skipped="1" tests="1" time="0.02" timestamp="2022-05-11T10:20:03">
	<testcase classname="PySysTest" name="SoftwareManagement.sm_apt_install_fail">
		<skipped message="SKIPPED: Testing the apt plugin is not supported on this platform.Use parameter -XmyPlatform='container' to enable it"/>
		<system-out>10:20:03 INFO  ==============================================================
10:20:03 INFO  Id:    SoftwareManagement.sm_apt_install_fail
10:20:03 INFO  Dir:   software_management_end_to_end/
10:20:03 INFO  Title: Validate end to end behaviour for a failing installation
10:20:03 INFO  ==============================================================
10:20:03 INFO  Testing the apt plugin is not supported on this platform.Use parameter -XmyPlatform='container' to enable it ... skipped
10:20:03 WARN  Aborted test due to SKIPPED outcome
10:20:03 INFO  
10:20:03 INFO  Test duration: 0.02 secs
10:20:03 INFO  Test final outcome:  SKIPPED
10:20:03 INFO  Test outcome reason: Testing the apt plugin is not supported on this platform.Use parameter -XmyPlatform='container' to enable it
10:20:03 INFO  
</system-out>
	</testcase>
</testsuite>
