<?xml version="1.0" encoding="utf-8"?>
<testsuite failures="0" name="apt_wrong_option" skipped="1" tests="1" time="0.02" timestamp="2022-05-11T10:10:31">
	<testcase classname="AptPluginWrongOption" name="apt_wrong_option">
		<skipped message="SKIPPED: Testing the apt plugin is not supported on this platform.To run the tests call PySys with -XmyPlatform='container'"/>
		<system-out>10:10:31 INFO  ==============================================================
10:10:31 INFO  Id:    apt_wrong_option
10:10:31 INFO  Dir:   plugin_apt/
10:10:31 INFO  Title: Validate apt plugin install
10:10:31 INFO  ==============================================================
10:10:31 INFO  Testing the apt plugin is not supported on this platform.To run the tests call PySys with -XmyPlatform='container' ... skipped
10:10:31 WARN  Aborted test due to SKIPPED outcome
10:10:31 INFO  
10:10:31 INFO  Test duration: 0.02 secs
10:10:31 INFO  Test final outcome:  SKIPPED
10:10:31 INFO  Test outcome reason: Testing the apt plugin is not supported on this platform.To run the tests call PySys with -XmyPlatform='container'
10:10:31 INFO  
</system-out>
	</testcase>
</testsuite>
