<?xml version="1.0" encoding="utf-8"?>
<testsuite failures="0" name="SoftwareManagement.sm_apt_install_download_path" skipped="1" tests="1" time="0.08" timestamp="2022-05-09T14:48:05">
	<testcase classname="AptInstallWithDownloadPath" name="SoftwareManagement.sm_apt_install_download_path">
		<skipped message="SKIPPED: Testing the apt plugin is not supported on this platform.Use parameter -XmyPlatform='container' to enable it"/>
		<system-out>14:48:05 INFO  ==============================================================
14:48:05 INFO  Id:    SoftwareManagement.sm_apt_install_download_path
14:48:05 INFO  Dir:   software_management_end_to_end/
14:48:05 INFO  Title: Install package to directory specified in tedge config set tmp.path
14:48:05 INFO  ==============================================================
14:48:05 INFO  Testing the apt plugin is not supported on this platform.Use parameter -XmyPlatform='container' to enable it ... skipped
14:48:05 WARN  Aborted test due to SKIPPED outcome
14:48:05 INFO  
14:48:05 INFO  Test duration: 0.08 secs
14:48:05 INFO  Test final outcome:  SKIPPED
14:48:05 INFO  Test outcome reason: Testing the apt plugin is not supported on this platform.Use parameter -XmyPlatform='container' to enable it
14:48:05 INFO  
</system-out>
	</testcase>
</testsuite>
