<?xml version="1.0" encoding="utf-8"?>
<testsuite failures="1" name="smoketest_json_400_samples_10ms" skipped="0" tests="1" time="2.48" timestamp="2022-04-27T10:34:58">
	<testcase classname="SmoketestJson400Samples10ms" name="smoketest_json_400_samples_10ms">
		<failure message="BLOCKED: sudo&lt;tedge_connect_c8y&gt; returned non-zero exit code 1" type="BLOCKED"/>
		<system-out>10:34:56 INFO  ==============================================================
10:34:56 INFO  Id:    smoketest_json_400_samples_10ms
10:34:56 INFO  Dir:   smoketests/
10:34:56 INFO  Title: Smoketest Json 400 Samples 10ms Delay
10:34:56 INFO  ==============================================================
10:34:56 INFO  EnvironmentC8y Setup
10:34:56 INFO  Executed systemctl&lt;serv_mapper1&gt;, exit status 3
10:34:57 WARN  Executed sudo&lt;tedge_connect_c8y&gt;, exit status 1
10:34:57 INFO  Contents of tedge_connect_c8y.err: 
  Error: failed to connect Cumulocity cloud.
  Caused by:
      A value for `c8y.url` is missing.
          A value can be set with `tedge config set c8y.url &lt;value&gt;`
  -----

10:34:57 WARN  sudo&lt;tedge_connect_c8y&gt; returned non-zero exit code 1 ... blocked 
10:34:57 WARN  Aborted test due to BLOCKED outcome
10:34:57 INFO  
10:34:57 INFO  cleanup:
10:34:58 INFO  Executed sudo&lt;tedge_disconnect_c8y&gt;, exit status 0
10:34:58 INFO  Executed systemctl&lt;serv_mapper5&gt;, exit status 3
10:34:58 INFO  
10:34:58 INFO  Test duration: 2.48 secs
10:34:58 INFO  Test final outcome:  BLOCKED
10:34:58 INFO  Test outcome reason: sudo&lt;tedge_connect_c8y&gt; returned non-zero exit code 1
10:34:58 INFO  
</system-out>
	</testcase>
</testsuite>
