<?xml version="1.0" encoding="utf-8"?>
<testsuite failures="0" name="SoftwareManagement.sm_apt_install_download_path" skipped="1" tests="1" time="0.06" timestamp="2022-04-28T12:32:53">
	<testcase classname="AptInstallWithDownloadPath" name="SoftwareManagement.sm_apt_install_download_path">
		<skipped message="SKIPPED: Testing the apt plugin is not supported on this platform.Use parameter -XmyPlatform='container' to enable it"/>
		<system-out>12:32:53 INFO  ==============================================================
12:32:53 INFO  Id:    SoftwareManagement.sm_apt_install_download_path
12:32:53 INFO  Dir:   software_management_end_to_end/
12:32:53 INFO  Title: Install package to directory specified in tedge config set tmp.path
12:32:53 INFO  ==============================================================
12:32:53 INFO  Testing the apt plugin is not supported on this platform.Use parameter -XmyPlatform='container' to enable it ... skipped
12:32:53 WARN  Aborted test due to SKIPPED outcome
12:32:53 INFO  
12:32:53 INFO  Test duration: 0.06 secs
12:32:53 INFO  Test final outcome:  SKIPPED
12:32:53 INFO  Test outcome reason: Testing the apt plugin is not supported on this platform.Use parameter -XmyPlatform='container' to enable it
12:32:53 INFO  
</system-out>
	</testcase>
</testsuite>
