<?xml version="1.0" encoding="utf-8"?>
<testsuite failures="0" name="SoftwareManagement.Plugin.apama_plugin_install" skipped="1" tests="1" time="0.05" timestamp="2022-04-25T21:17:04">
	<testcase classname="ApamaPluginInstallTest" name="SoftwareManagement.Plugin.apama_plugin_install">
		<skipped message="SKIPPED: Apama plugin tests are disabled by default. Execute `pysys run` with `-XmyPlatform=container` to run these tests"/>
		<system-out>21:17:04 INFO  ==============================================================
21:17:04 INFO  Id:    SoftwareManagement.Plugin.apama_plugin_install
21:17:04 INFO  Dir:   plugin_apama/
21:17:04 INFO  Title: Validate apama plugin install
21:17:04 INFO  ==============================================================
21:17:04 INFO  Apama plugin tests are disabled by default. Execute `pysys run` with `-XmyPlatform=container` to run these tests ... skipped
21:17:04 WARN  Aborted test due to SKIPPED outcome
21:17:04 INFO  
21:17:04 INFO  Test duration: 0.05 secs
21:17:04 INFO  Test final outcome:  SKIPPED
21:17:04 INFO  Test outcome reason: Apama plugin tests are disabled by default. Execute `pysys run` with `-XmyPlatform=container` to run these tests
21:17:04 INFO  
</system-out>
	</testcase>
</testsuite>
