<?xml version="1.0" encoding="utf-8"?>
<testsuite failures="1" name="mapper_awaits_before_reconnect" skipped="0" tests="1" time="7.46" timestamp="2022-04-27T10:36:13">
	<testcase classname="MapperReconnectAwait" name="mapper_awaits_before_reconnect">
		<failure message="FAILED: Line count on tedge_mapper_journal.out for &quot;::mapper: MQTT connection error:&quot; expected &gt;=2 but got 0" type="FAILED"/>
		<system-out>10:36:05 INFO  ==============================================================
10:36:05 INFO  Id:    mapper_awaits_before_reconnect
10:36:05 INFO  Dir:   tedge_mapper_c8y/
10:36:05 INFO  Title: Validate mapper doesn't reconnect too often
10:36:05 INFO  ==============================================================
10:36:05 INFO  Started mosquitto_sub with process id 28466
10:36:05 INFO  Waiting for 0.1 seconds
10:36:06 INFO  Executed sudo&lt;tedge_mapper&gt;, exit status 0
10:36:06 INFO  Waiting for 5.0 seconds
10:36:11 INFO  Executed sudo&lt;tedge_mapper&gt;, exit status 0
10:36:12 INFO  Executed sudo&lt;tedge_mapper_journal&gt;, exit status 0
10:36:13 WARN  Grep on tedge_mapper_journal.out contains &quot;ERROR&quot; ... failed [run.py:67]
10:36:13 INFO  Line count on file tedge_mapper_journal.out ... passed
10:36:13 WARN  Line count on tedge_mapper_journal.out for &quot;::mapper: MQTT connection error:&quot; expected &gt;=2 but got 0 ... failed [run.py:78]
10:36:13 WARN  Aborted test due to FAILED outcome
10:36:13 INFO  
10:36:13 INFO  Test duration: 7.46 secs
10:36:13 INFO  Test final outcome:  FAILED
10:36:13 INFO  Test outcome reason: Line count on tedge_mapper_journal.out for &quot;::mapper: MQTT connection error:&quot; expected &gt;=2 but got 0
10:36:13 INFO  
</system-out>
	</testcase>
</testsuite>
