<?xml version="1.0" encoding="utf-8"?>
<testsuite failures="1" name="log_request_error_messages" skipped="0" tests="1" time="35.66" timestamp="2022-04-28T12:20:35">
	<testcase classname="LogRequestVerifySearchTextError" name="log_request_error_messages">
		<failure message="FAILED: Assert that (True == value) with value=False" type="FAILED"/>
		<system-out>12:19:59 INFO  ==============================================================
12:19:59 INFO  Id:    log_request_error_messages
12:19:59 INFO  Dir:   log_request_end_to_end/
12:19:59 INFO  Title: Validate end to end behaviour for the log request operation check for error messages
12:19:59 INFO  ==============================================================
12:20:00 INFO  EnvironmentC8y Setup
12:20:01 INFO  Executed systemctl&lt;serv_mapper1&gt;, exit status 3
12:20:01 INFO  Restarting mosquitto too frequently in the last 10 seconds. It was only up for 2 seconds
12:20:01 INFO  Delaying execution by 9 seconds
12:20:24 INFO  Executed sudo&lt;tedge_connect_c8y&gt;, exit status 0, duration 13 secs
12:20:24 INFO  Executed sudo&lt;tedge_connect_c8y_test&gt;, exit status 0
12:20:25 INFO  Executed systemctl&lt;serv_mosq2&gt;, exit status 0
12:20:25 INFO  Executed systemctl&lt;serv_mapper3&gt;, exit status 0
12:20:26 INFO  Executed sudo&lt;rm_logs&gt;, exit status 0
12:20:26 INFO  Executed sudo&lt;move_logs&gt;, exit status 0
12:20:27 INFO  log response None
12:20:27 WARN  retry, retrying in 1 seconds...
12:20:28 INFO  log response https://thin-edge-io.eu-latest.cumulocity.com/event/events/17899552/binaries
12:20:29 WARN  Assert that (True == value) with value=False ... failed [run.py:43]
12:20:29 INFO  
12:20:29 INFO  cleanup:
12:20:29 INFO  Executed sudo&lt;rm_logs&gt;, exit status 0
12:20:30 INFO  Executed sudo&lt;rm_tmp_logs&gt;, exit status 0
12:20:30 INFO  Executed sudo&lt;send_failed&gt;, exit status 0
12:20:34 INFO  Executed sudo&lt;tedge_disconnect_c8y&gt;, exit status 0
12:20:35 INFO  Executed systemctl&lt;serv_mapper5&gt;, exit status 3
12:20:35 INFO  
12:20:35 INFO  Test duration: 35.66 secs
12:20:35 INFO  Test final outcome:  FAILED
12:20:35 INFO  Test outcome reason: Assert that (True == value) with value=False
12:20:35 INFO  
</system-out>
	</testcase>
</testsuite>
