<?xml version="1.0" encoding="utf-8"?>
<testsuite failures="0" name="apt_finalize" skipped="1" tests="1" time="0.03" timestamp="2022-05-02T10:24:42">
	<testcase classname="AptPluginFinalize" name="apt_finalize">
		<skipped message="SKIPPED: Testing the apt plugin is not supported on this platform.To run the tests call PySys with -XmyPlatform='container'"/>
		<system-out>10:24:42 INFO  ==============================================================
10:24:42 INFO  Id:    apt_finalize
10:24:42 INFO  Dir:   plugin_apt/
10:24:42 INFO  Title: Validate apt plugin finalize - dense version
10:24:42 INFO  ==============================================================
10:24:42 INFO  Testing the apt plugin is not supported on this platform.To run the tests call PySys with -XmyPlatform='container' ... skipped
10:24:42 WARN  Aborted test due to SKIPPED outcome
10:24:42 INFO  
10:24:42 INFO  Test duration: 0.03 secs
10:24:42 INFO  Test final outcome:  SKIPPED
10:24:42 INFO  Test outcome reason: Testing the apt plugin is not supported on this platform.To run the tests call PySys with -XmyPlatform='container'
10:24:42 INFO  
</system-out>
	</testcase>
</testsuite>
