<?xml version="1.0" encoding="utf-8"?>
<testsuite failures="0" name="smoketest_smartrest" skipped="0" tests="1" time="47.18" timestamp="2022-04-25T21:23:08">
	<testcase classname="SmoketestSmartRest" name="smoketest_smartrest"/>
</testsuite>
