<?xml version="1.0" encoding="utf-8"?>
<testsuite failures="1" name="runtime_start_two_mappers" skipped="0" tests="1" time="1.9" timestamp="2022-04-27T08:50:32">
	<testcase classname="RuntimeMultiMappers" name="runtime_start_two_mappers">
		<failure message="FAILED: Grep on tedge_mapper2.err contains &quot;Error: Couldn't acquire file lock.&quot;" type="FAILED"/>
		<system-out>08:50:30 INFO  ==============================================================
08:50:30 INFO  Id:    runtime_start_two_mappers
08:50:30 INFO  Dir:   tedge_mapper_c8y/
08:50:30 INFO  Title: Validate two mappers can't be started at the same time
08:50:30 INFO  ==============================================================
08:50:31 INFO  Executed sudo&lt;tedge_mapper1&gt;, exit status 0
08:50:31 INFO  Waiting for 0.1 seconds
08:50:31 INFO  Executed sudo&lt;tedge_mapper2&gt;, exit status 1
08:50:32 INFO  Executed sudo&lt;tedge_mapper1&gt;, exit status 0
08:50:32 WARN  Grep on tedge_mapper2.err contains &quot;Error: Couldn't acquire file lock.&quot; ... failed [run.py:46]
08:50:32 INFO  
08:50:32 INFO  Test duration: 1.90 secs
08:50:32 INFO  Test final outcome:  FAILED
08:50:32 INFO  Test outcome reason: Grep on tedge_mapper2.err contains &quot;Error: Couldn't acquire file lock.&quot;
08:50:32 INFO  
</system-out>
	</testcase>
</testsuite>
