<?xml version="1.0" encoding="utf-8"?>
<testsuite failures="0" name="apt_wrong_option" skipped="1" tests="1" time="0.04" timestamp="2022-04-25T21:17:09">
	<testcase classname="AptPluginWrongOption" name="apt_wrong_option">
		<skipped message="SKIPPED: Testing the apt plugin is not supported on this platform.To run the tests call PySys with -XmyPlatform='container'"/>
		<system-out>21:17:09 INFO  ==============================================================
21:17:09 INFO  Id:    apt_wrong_option
21:17:09 INFO  Dir:   plugin_apt/
21:17:09 INFO  Title: Validate apt plugin install
21:17:09 INFO  ==============================================================
21:17:09 INFO  Testing the apt plugin is not supported on this platform.To run the tests call PySys with -XmyPlatform='container' ... skipped
21:17:09 WARN  Aborted test due to SKIPPED outcome
21:17:09 INFO  
21:17:09 INFO  Test duration: 0.04 secs
21:17:09 INFO  Test final outcome:  SKIPPED
21:17:09 INFO  Test outcome reason: Testing the apt plugin is not supported on this platform.To run the tests call PySys with -XmyPlatform='container'
21:17:09 INFO  
</system-out>
	</testcase>
</testsuite>
