<?xml version="1.0" encoding="utf-8"?>
<testsuite failures="1" name="local_mqtt_pub_sub_retain" skipped="0" tests="1" time="5.94" timestamp="2022-04-28T08:15:50">
	<testcase classname="MqttPublishWithRetain" name="local_mqtt_pub_sub_retain">
		<failure message="FAILED: Grep on temp_sensor_sub.out contains &quot;\[test/alarms/temp_sensor\] alarm msg 2&quot; (+1 other failures)" type="FAILED"/>
		<system-out>08:15:44 INFO  ==============================================================
08:15:44 INFO  Id:    local_mqtt_pub_sub_retain
08:15:44 INFO  Dir:   local_mqtt/
08:15:44 INFO  Title: Validate local publishing with retain flag
08:15:44 INFO  ==============================================================
08:15:44 INFO  Executed tedge&lt;pub_to_set_alarm&gt;, exit status 0
08:15:45 INFO  Executed tedge&lt;pub_to_set_alarm&gt;, exit status 0
08:15:46 INFO  Started tedge&lt;temp_sensor_sub&gt; with process id 28713
08:15:46 INFO  Executed tedge&lt;pub_to_clear_alarm&gt;, exit status 0
08:15:47 INFO  Executed sudo&lt;kill_out&gt;, exit status 0
08:15:48 INFO  Executed tedge&lt;pub_to_clear_alarm&gt;, exit status 0
08:15:48 INFO  Started tedge&lt;temp_sensor_empty_message&gt; with process id 28719
08:15:49 INFO  Executed sudo&lt;kill_out&gt;, exit status 0
08:15:49 WARN  Grep on temp_sensor_sub.out contains &quot;\[test/alarms/temp_sensor\] alarm msg 2&quot; ... failed [run.py:139]
08:15:50 WARN  Grep on temp_sensor_sub.out contains &quot;\[test/alarms/temp_sensor\] &quot; ... failed [run.py:142]
08:15:50 INFO  Grep on file temp_sensor_empty_message.out ... passed
08:15:50 INFO  
08:15:50 INFO  Test duration: 5.94 secs
08:15:50 INFO  Test final outcome:  FAILED
08:15:50 INFO  Test outcome reason: Grep on temp_sensor_sub.out contains &quot;\[test/alarms/temp_sensor\] alarm msg 2&quot; (+1 other failures)
08:15:50 INFO  
</system-out>
	</testcase>
</testsuite>
