<?xml version="1.0" encoding="utf-8"?>
<testsuite failures="0" name="smoketest_json" skipped="0" tests="1" time="46.4" timestamp="2022-04-25T21:20:27">
	<testcase classname="SmokeTestJson" name="smoketest_json"/>
</testsuite>
