<?xml version="1.0" encoding="utf-8"?>
<testsuite failures="1" name="tedge_software_update" skipped="0" tests="1" time="2.46" timestamp="2022-04-27T10:35:38">
	<testcase classname="PySysTest" name="tedge_software_update">
		<failure message="BLOCKED: sudo&lt;tedge_connect_c8y&gt; returned non-zero exit code 1" type="BLOCKED"/>
		<system-out>10:35:35 INFO  ==============================================================
10:35:35 INFO  Id:    tedge_software_update
10:35:35 INFO  Dir:   tedge/
10:35:35 INFO  Title: Software install from download path
10:35:35 INFO  ==============================================================
10:35:35 INFO  EnvironmentC8y Setup
10:35:36 INFO  Executed systemctl&lt;serv_mapper1&gt;, exit status 3
10:35:37 WARN  Executed sudo&lt;tedge_connect_c8y&gt;, exit status 1
10:35:37 INFO  Contents of tedge_connect_c8y.err: 
  Error: failed to connect Cumulocity cloud.
  Caused by:
      A value for `c8y.url` is missing.
          A value can be set with `tedge config set c8y.url &lt;value&gt;`
  -----

10:35:37 WARN  sudo&lt;tedge_connect_c8y&gt; returned non-zero exit code 1 ... blocked 
10:35:37 WARN  Aborted test due to BLOCKED outcome
10:35:37 INFO  
10:35:37 INFO  cleanup:
10:35:37 INFO  Executed sudo&lt;tedge_disconnect_c8y&gt;, exit status 0
10:35:38 INFO  Executed systemctl&lt;serv_mapper5&gt;, exit status 3
10:35:38 INFO  
10:35:38 INFO  Test duration: 2.46 secs
10:35:38 INFO  Test final outcome:  BLOCKED
10:35:38 INFO  Test outcome reason: sudo&lt;tedge_connect_c8y&gt; returned non-zero exit code 1
10:35:38 INFO  
</system-out>
	</testcase>
</testsuite>
