<?xml version="1.0" encoding="utf-8"?>
<testsuite failures="1" name="log_request_num_lines" skipped="0" tests="1" time="31.95" timestamp="2022-05-02T10:22:52">
	<testcase classname="LogRequestVerifyNumberOfLines" name="log_request_num_lines">
		<failure message="FAILED: Assert that (True == value) with value=False" type="FAILED"/>
		<system-out>10:22:20 INFO  ==============================================================
10:22:20 INFO  Id:    log_request_num_lines
10:22:20 INFO  Dir:   log_request_end_to_end/
10:22:20 INFO  Title: Validate end to end behaviour for the log request operation check for number of lines
10:22:20 INFO  ==============================================================
10:22:20 INFO  EnvironmentC8y Setup
10:22:20 INFO  Executed systemctl&lt;serv_mapper1&gt;, exit status 3
10:22:20 INFO  Restarting mosquitto too frequently in the last 10 seconds. It was only up for 5 seconds
10:22:20 INFO  Delaying execution by 6 seconds
10:22:41 INFO  Executed sudo&lt;tedge_connect_c8y&gt;, exit status 0, duration 14 secs
10:22:41 INFO  Executed sudo&lt;tedge_connect_c8y_test&gt;, exit status 0
10:22:42 INFO  Executed systemctl&lt;serv_mosq2&gt;, exit status 0
10:22:42 INFO  Executed systemctl&lt;serv_mapper3&gt;, exit status 0
10:22:43 INFO  Executed sudo&lt;rm_logs&gt;, exit status 0
10:22:43 INFO  Executed sudo&lt;move_logs&gt;, exit status 0
10:22:44 INFO  log response None
10:22:44 WARN  retry, retrying in 1 seconds...
10:22:45 INFO  log response https://thin-edge-io.eu-latest.cumulocity.com/event/events/18129272/binaries
10:22:45 INFO  nlines 0
10:22:45 WARN  Assert that (True == value) with value=False ... failed [run.py:44]
10:22:45 INFO  
10:22:45 INFO  cleanup:
10:22:46 INFO  Executed sudo&lt;rm_logs&gt;, exit status 0
10:22:46 INFO  Executed sudo&lt;rm_tmp_logs&gt;, exit status 0
10:22:47 INFO  Executed sudo&lt;send_failed&gt;, exit status 0
10:22:51 INFO  Executed sudo&lt;tedge_disconnect_c8y&gt;, exit status 0
10:22:52 INFO  Executed systemctl&lt;serv_mapper5&gt;, exit status 3
10:22:52 INFO  
10:22:52 INFO  Test duration: 31.95 secs
10:22:52 INFO  Test final outcome:  FAILED
10:22:52 INFO  Test outcome reason: Assert that (True == value) with value=False
10:22:52 INFO  
</system-out>
	</testcase>
</testsuite>
