<?xml version="1.0" encoding="utf-8"?>
<testsuite failures="0" name="mqtt_port_change_connection_works" skipped="1" tests="1" time="0.02" timestamp="2022-05-13T11:04:51">
	<testcase classname="MqttPortChangeConnectionWorks" name="mqtt_port_change_connection_works">
		<skipped message="SKIPPED: failing intermitently"/>
		<system-out>11:04:50 INFO  ==============================================================
11:04:50 INFO  Id:    mqtt_port_change_connection_works
11:04:50 INFO  Dir:   misc_features/
11:04:50 INFO  Title: mqtt port change connection works for all the thin-edge services that use the mosquitto broker
11:04:50 INFO  ==============================================================
11:04:51 INFO  failing intermitently ... skipped
11:04:51 INFO  
11:04:51 INFO  Test duration: 0.02 secs
11:04:51 INFO  Test final outcome:  SKIPPED
11:04:51 INFO  Test outcome reason: failing intermitently
11:04:51 INFO  
</system-out>
	</testcase>
</testsuite>
