<?xml version="1.0" encoding="utf-8"?>
<testsuite failures="1" name="monitoring_smaller_interval" skipped="0" tests="1" time="14.98" timestamp="2022-04-27T10:34:35">
	<testcase classname="MonitoringSmallInterval" name="monitoring_smaller_interval">
		<failure message="FAILED: Assert that (collectd_msg_validation_result == expected_result) with collectd_msg_validation_result=False, expected_result=True" type="FAILED"/>
		<system-out>10:34:20 INFO  ==============================================================
10:34:20 INFO  Id:    monitoring_smaller_interval
10:34:20 INFO  Dir:   monitoring/
10:34:20 INFO  Title: Validate the tedge dm agent messages that are produced with smaller sampling interval than the batching window. Here the simulated collectd messages are used
10:34:20 INFO  ==============================================================
10:34:21 INFO  Executed sudo&lt;collectd&gt;, exit status 0
10:34:21 INFO  Executed sudo&lt;collectd_mapper&gt;, exit status 0
10:34:22 INFO  Started sudo&lt;tedge_sub&gt; with process id 28023
10:34:22 INFO  Executed sudo&lt;tedge_temp&gt;, exit status 0
10:34:23 INFO  Executed sudo&lt;tedge_pres&gt;, exit status 0
10:34:23 INFO  Executed sudo&lt;tedge_temp&gt;, exit status 0
10:34:24 INFO  Executed sudo&lt;tedge_pres&gt;, exit status 0
10:34:25 INFO  Executed sudo&lt;tedge_temp&gt;, exit status 0
10:34:25 INFO  Executed sudo&lt;tedge_pres&gt;, exit status 0
10:34:26 INFO  Executed sudo&lt;tedge_temp&gt;, exit status 0
10:34:26 INFO  Executed sudo&lt;tedge_pres&gt;, exit status 0
10:34:27 INFO  Executed sudo&lt;tedge_temp&gt;, exit status 0
10:34:27 INFO  Executed sudo&lt;tedge_pres&gt;, exit status 0
10:34:28 INFO  Executed sudo&lt;tedge_temp&gt;, exit status 0
10:34:28 INFO  Executed sudo&lt;tedge_pres&gt;, exit status 0
10:34:29 INFO  Executed sudo&lt;tedge_temp&gt;, exit status 0
10:34:30 INFO  Executed sudo&lt;tedge_pres&gt;, exit status 0
10:34:30 INFO  Executed sudo&lt;tedge_temp&gt;, exit status 0
10:34:31 INFO  Executed sudo&lt;tedge_pres&gt;, exit status 0
10:34:31 INFO  Executed sudo&lt;tedge_temp&gt;, exit status 0
10:34:32 INFO  Executed sudo&lt;tedge_pres&gt;, exit status 0
10:34:32 INFO  Executed sudo&lt;tedge_temp&gt;, exit status 0
10:34:33 INFO  Executed sudo&lt;tedge_pres&gt;, exit status 0
10:34:35 INFO  Executed sudo&lt;kill_out&gt;, exit status 0
10:34:35 WARN  Assert that (collectd_msg_validation_result == expected_result) with collectd_msg_validation_result=False, expected_result=True ... failed [run.py:105]
10:34:35 INFO     collectd_msg_validation_result: False
10:34:35 INFO                    expected_result: True
10:34:35 INFO  
10:34:35 INFO  cleanup:
10:34:35 INFO  monitoring_cleanup
10:34:35 INFO  Executed sudo&lt;collectd_mapper&gt;, exit status 0
10:34:35 INFO  
10:34:35 INFO  Test duration: 14.98 secs
10:34:35 INFO  Test final outcome:  FAILED
10:34:35 INFO  Test outcome reason: Assert that (collectd_msg_validation_result == expected_result) with collectd_msg_validation_result=False, expected_result=True
10:34:35 INFO  
</system-out>
	</testcase>
</testsuite>
