<?xml version="1.0" encoding="utf-8"?>
<testsuite failures="0" name="publish_sawmill" skipped="0" tests="1" time="78.29" timestamp="2022-04-28T12:25:54">
	<testcase classname="PublishSawmill" name="publish_sawmill"/>
</testsuite>
