<?xml version="1.0" encoding="utf-8"?>
<testsuite failures="1" name="monitoring_smaller_interval" skipped="0" tests="1" time="15.1" timestamp="2022-04-25T21:17:00">
	<testcase classname="MonitoringSmallInterval" name="monitoring_smaller_interval">
		<failure message="BLOCKED: TypeError: 'int' object is not subscriptable" type="BLOCKED"/>
		<system-out>21:16:45 INFO  ==============================================================
21:16:45 INFO  Id:    monitoring_smaller_interval
21:16:45 INFO  Dir:   monitoring/
21:16:45 INFO  Title: Validate the tedge dm agent messages that are produced with smaller sampling interval than the batching window. Here the simulated collectd messages are used
21:16:45 INFO  ==============================================================
21:16:45 INFO  Executed sudo&lt;collectd&gt;, exit status 0
21:16:46 INFO  Executed sudo&lt;collectd_mapper&gt;, exit status 0
21:16:46 INFO  Started sudo&lt;tedge_sub&gt; with process id 9771
21:16:47 INFO  Executed sudo&lt;tedge_temp&gt;, exit status 0
21:16:47 INFO  Executed sudo&lt;tedge_pres&gt;, exit status 0
21:16:48 INFO  Executed sudo&lt;tedge_temp&gt;, exit status 0
21:16:48 INFO  Executed sudo&lt;tedge_pres&gt;, exit status 0
21:16:49 INFO  Executed sudo&lt;tedge_temp&gt;, exit status 0
21:16:49 INFO  Executed sudo&lt;tedge_pres&gt;, exit status 0
21:16:50 INFO  Executed sudo&lt;tedge_temp&gt;, exit status 0
21:16:51 INFO  Executed sudo&lt;tedge_pres&gt;, exit status 0
21:16:51 INFO  Executed sudo&lt;tedge_temp&gt;, exit status 0
21:16:52 INFO  Executed sudo&lt;tedge_pres&gt;, exit status 0
21:16:52 INFO  Executed sudo&lt;tedge_temp&gt;, exit status 0
21:16:53 INFO  Executed sudo&lt;tedge_pres&gt;, exit status 0
21:16:54 INFO  Executed sudo&lt;tedge_temp&gt;, exit status 0
21:16:54 INFO  Executed sudo&lt;tedge_pres&gt;, exit status 0
21:16:55 INFO  Executed sudo&lt;tedge_temp&gt;, exit status 0
21:16:55 INFO  Executed sudo&lt;tedge_pres&gt;, exit status 0
21:16:56 INFO  Executed sudo&lt;tedge_temp&gt;, exit status 0
21:16:56 INFO  Executed sudo&lt;tedge_pres&gt;, exit status 0
21:16:57 INFO  Executed sudo&lt;tedge_temp&gt;, exit status 0
21:16:57 INFO  Executed sudo&lt;tedge_pres&gt;, exit status 0
21:16:59 INFO  Executed sudo&lt;kill_out&gt;, exit status 0
21:16:59 INFO  0

21:16:59 WARN  TypeError occurred while running test - 'int' object is not subscriptable
Traceback (most recent call last):
  File &quot;/home/pi/env-pysys/lib/python3.7/site-packages/pysys/baserunner.py&quot;, line 1296, in __call__
    self.testObj.validate()
  File &quot;/home/pi/actions-runner/_work/thin-edge.io/thin-edge.io/tests/PySys/monitoring/monitoring_smaller_interval/run.py&quot;, line 104, in validate
    collectd_msg_validation_result=self.validate_json(),
  File &quot;/home/pi/actions-runner/_work/thin-edge.io/thin-edge.io/tests/PySys/monitoring/monitoring_smaller_interval/run.py&quot;, line 114, in validate_json
    if not self.validate_time():
  File &quot;/home/pi/actions-runner/_work/thin-edge.io/thin-edge.io/tests/PySys/monitoring/monitoring_smaller_interval/run.py&quot;, line 134, in validate_time
    if self.js_msg[&quot;time&quot;]:
TypeError: 'int' object is not subscriptable
21:16:59 WARN  TypeError: 'int' object is not subscriptable ... blocked 
21:16:59 INFO  
21:16:59 INFO  cleanup:
21:16:59 INFO  monitoring_cleanup
21:17:00 INFO  Executed sudo&lt;collectd_mapper&gt;, exit status 0
21:17:00 INFO  
21:17:00 INFO  Test duration: 15.10 secs
21:17:00 INFO  Test final outcome:  BLOCKED
21:17:00 INFO  Test outcome reason: TypeError: 'int' object is not subscriptable
21:17:00 INFO  
</system-out>
	</testcase>
</testsuite>
