<?xml version="1.0" encoding="utf-8"?>
<testsuite failures="0" name="apt_prepare" skipped="1" tests="1" time="0.02" timestamp="2022-05-04T08:25:16">
	<testcase classname="AptPluginPrepare" name="apt_prepare">
		<skipped message="SKIPPED: Testing the apt plugin is not supported on this platform.To run the tests call PySys with -XmyPlatform='container'"/>
		<system-out>08:25:16 INFO  ==============================================================
08:25:16 INFO  Id:    apt_prepare
08:25:16 INFO  Dir:   plugin_apt/
08:25:16 INFO  Title: Validate apt plugin install - dense version
08:25:16 INFO  ==============================================================
08:25:16 INFO  Testing the apt plugin is not supported on this platform.To run the tests call PySys with -XmyPlatform='container' ... skipped
08:25:16 WARN  Aborted test due to SKIPPED outcome
08:25:16 INFO  
08:25:16 INFO  Test duration: 0.02 secs
08:25:16 INFO  Test final outcome:  SKIPPED
08:25:16 INFO  Test outcome reason: Testing the apt plugin is not supported on this platform.To run the tests call PySys with -XmyPlatform='container'
08:25:16 INFO  
</system-out>
	</testcase>
</testsuite>
