<?xml version="1.0" encoding="utf-8"?>
<testsuite failures="0" name="SoftwareManagement.sm_docker_install_remove_multiple" skipped="1" tests="1" time="0.04" timestamp="2022-05-11T10:20:04">
	<testcase classname="SMDockerInstallRemove" name="SoftwareManagement.sm_docker_install_remove_multiple">
		<skipped message="SKIPPED: Testing the apt plugin is not supported on this platform.Use parameter -XmyPlatform='container' to enable it"/>
		<system-out>10:20:04 INFO  ==============================================================
10:20:04 INFO  Id:    SoftwareManagement.sm_docker_install_remove_multiple
10:20:04 INFO  Dir:   software_management_end_to_end/
10:20:04 INFO  Title: Validate end to end behaviour for the docker plugin for multiple docker images with mixed versions
10:20:04 INFO  ==============================================================
10:20:04 INFO  Testing the apt plugin is not supported on this platform.Use parameter -XmyPlatform='container' to enable it ... skipped
10:20:04 WARN  Aborted test due to SKIPPED outcome
10:20:04 INFO  
10:20:04 INFO  Test duration: 0.04 secs
10:20:04 INFO  Test final outcome:  SKIPPED
10:20:04 INFO  Test outcome reason: Testing the apt plugin is not supported on this platform.Use parameter -XmyPlatform='container' to enable it
10:20:04 INFO  
</system-out>
	</testcase>
</testsuite>
