<?xml version="1.0" encoding="utf-8"?>
<testsuite failures="0" name="apt_list_format" skipped="0" tests="1" time="3.31" timestamp="2022-05-09T14:38:35">
	<testcase classname="AptPluginListFormat" name="apt_list_format"/>
</testsuite>
