<?xml version="1.0" encoding="utf-8"?>
<testsuite failures="0" name="docker_plugin_remove_with_version" skipped="1" tests="1" time="0.04" timestamp="2022-04-28T12:23:24">
	<testcase classname="DockerPluginRemoveWithVersionTest" name="docker_plugin_remove_with_version">
		<skipped message="SKIPPED: Testing the docker plugin is not supported on this platform.To run it, all the test with -XmyPlatform='container'"/>
		<system-out>12:23:24 INFO  ==============================================================
12:23:24 INFO  Id:    docker_plugin_remove_with_version
12:23:24 INFO  Dir:   plugin_docker/
12:23:24 INFO  Title: Validate docker plugin remove with version
12:23:24 INFO  ==============================================================
12:23:24 INFO  Testing the docker plugin is not supported on this platform.To run it, all the test with -XmyPlatform='container' ... skipped
12:23:24 WARN  Aborted test due to SKIPPED outcome
12:23:24 INFO  
12:23:24 INFO  Test duration: 0.04 secs
12:23:24 INFO  Test final outcome:  SKIPPED
12:23:24 INFO  Test outcome reason: Testing the docker plugin is not supported on this platform.To run it, all the test with -XmyPlatform='container'
12:23:24 INFO  
</system-out>
	</testcase>
</testsuite>
