<?xml version="1.0" encoding="utf-8"?>
<testsuite failures="1" name="log_request_error_messages" skipped="0" tests="1" time="36.22" timestamp="2022-05-02T10:22:20">
	<testcase classname="LogRequestVerifySearchTextError" name="log_request_error_messages">
		<failure message="FAILED: Assert that (True == value) with value=False" type="FAILED"/>
		<system-out>10:21:43 INFO  ==============================================================
10:21:43 INFO  Id:    log_request_error_messages
10:21:43 INFO  Dir:   log_request_end_to_end/
10:21:43 INFO  Title: Validate end to end behaviour for the log request operation check for error messages
10:21:43 INFO  ==============================================================
10:21:45 INFO  EnvironmentC8y Setup
10:21:45 INFO  Executed systemctl&lt;serv_mapper1&gt;, exit status 3
10:21:45 INFO  Restarting mosquitto too frequently in the last 10 seconds. It was only up for 2 seconds
10:21:45 INFO  Delaying execution by 9 seconds
10:22:08 INFO  Executed sudo&lt;tedge_connect_c8y&gt;, exit status 0, duration 14 secs
10:22:09 INFO  Executed sudo&lt;tedge_connect_c8y_test&gt;, exit status 0
10:22:10 INFO  Executed systemctl&lt;serv_mosq2&gt;, exit status 0
10:22:10 INFO  Executed systemctl&lt;serv_mapper3&gt;, exit status 0
10:22:11 INFO  Executed sudo&lt;rm_logs&gt;, exit status 0
10:22:11 INFO  Executed sudo&lt;move_logs&gt;, exit status 0
10:22:12 INFO  log response None
10:22:12 WARN  retry, retrying in 1 seconds...
10:22:13 INFO  log response https://thin-edge-io.eu-latest.cumulocity.com/event/events/18128871/binaries
10:22:13 WARN  Assert that (True == value) with value=False ... failed [run.py:43]
10:22:13 INFO  
10:22:13 INFO  cleanup:
10:22:14 INFO  Executed sudo&lt;rm_logs&gt;, exit status 0
10:22:14 INFO  Executed sudo&lt;rm_tmp_logs&gt;, exit status 0
10:22:15 INFO  Executed sudo&lt;send_failed&gt;, exit status 0
10:22:19 INFO  Executed sudo&lt;tedge_disconnect_c8y&gt;, exit status 0
10:22:20 INFO  Executed systemctl&lt;serv_mapper5&gt;, exit status 3
10:22:20 INFO  
10:22:20 INFO  Test duration: 36.22 secs
10:22:20 INFO  Test final outcome:  FAILED
10:22:20 INFO  Test outcome reason: Assert that (True == value) with value=False
10:22:20 INFO  
</system-out>
	</testcase>
</testsuite>
