<?xml version="1.0" encoding="utf-8"?>
<testsuite failures="1" name="c8y_jwt_token_retrieval" skipped="0" tests="1" time="22.08" timestamp="2022-05-02T10:21:24">
	<testcase classname="ValidateJWTTokenRetrieval" name="c8y_jwt_token_retrieval">
		<failure message="FAILED: Grep on resp_jwt.out contains &quot;\[c8y/s/dat\] 71,&quot;" type="FAILED"/>
		<system-out>10:21:02 INFO  ==============================================================
10:21:02 INFO  Id:    c8y_jwt_token_retrieval
10:21:02 INFO  Dir:   cloud_c8y/
10:21:02 INFO  Title: Validate the Cumulocity JWT Token Retrieval feature
10:21:02 INFO  ==============================================================
10:21:02 INFO  Executed sudo&lt;tedge_disconnect_c8y&gt;, exit status 0
10:21:18 INFO  Executed sudo&lt;tedge_connect_c8y&gt;, exit status 0, duration 15 secs
10:21:18 INFO  Started sudo&lt;resp_jwt&gt; with process id 24621
10:21:18 INFO  Executed sudo&lt;req_jwt&gt;, exit status 0
10:21:20 INFO  Executed sudo&lt;kill_out&gt;, exit status 0
10:21:20 WARN  Grep on resp_jwt.out contains &quot;\[c8y/s/dat\] 71,&quot; ... failed [run.py:60]
10:21:20 INFO  
10:21:20 INFO  cleanup:
10:21:24 INFO  Executed sudo&lt;tedge_disconnect_c8y&gt;, exit status 0
10:21:24 INFO  
10:21:24 INFO  Test duration: 22.08 secs
10:21:24 INFO  Test final outcome:  FAILED
10:21:24 INFO  Test outcome reason: Grep on resp_jwt.out contains &quot;\[c8y/s/dat\] 71,&quot;
10:21:24 INFO  
</system-out>
	</testcase>
</testsuite>
