<?xml version="1.0" encoding="utf-8"?>
<testsuite failures="1" name="agent_init_session" skipped="0" tests="1" time="7.52" timestamp="2022-04-27T10:35:45">
	<testcase classname="AgentInitSession" name="agent_init_session">
		<failure message="FAILED: Grep on sub_resp.out contains &quot;Ld3KgqpcLDlrYH6sfpG7w&quot;" type="FAILED"/>
		<system-out>10:35:38 INFO  ==============================================================
10:35:38 INFO  Id:    agent_init_session
10:35:38 INFO  Dir:   tedge_agent/
10:35:38 INFO  Title: Validate tedge agent init session feature
10:35:38 INFO  ==============================================================
10:35:38 INFO  Executed sudo&lt;remove_lock&gt;, exit status 0
10:35:39 INFO  Executed sudo&lt;agent_clear&gt;, exit status 0
10:35:39 INFO  Executed sudo&lt;agent_init&gt;, exit status 0
10:35:40 INFO  Executed sudo&lt;pub_req&gt;, exit status 0
10:35:40 INFO  Started sudo&lt;sub_resp&gt; with process id 28332
10:35:41 INFO  Executed sudo&lt;agent_start&gt;, exit status 0
10:35:41 INFO  Waiting for 2.0 seconds
10:35:45 INFO  Executed sudo&lt;agent_stop&gt;, exit status 0
10:35:45 INFO  Executed sudo&lt;sub_stop&gt;, exit status 0
10:35:45 WARN  Grep on sub_resp.out contains &quot;Ld3KgqpcLDlrYH6sfpG7w&quot; ... failed [run.py:87]
10:35:45 INFO  
10:35:45 INFO  Test duration: 7.52 secs
10:35:45 INFO  Test final outcome:  FAILED
10:35:45 INFO  Test outcome reason: Grep on sub_resp.out contains &quot;Ld3KgqpcLDlrYH6sfpG7w&quot;
10:35:45 INFO  
</system-out>
	</testcase>
</testsuite>
