<?xml version="1.0" encoding="utf-8"?>
<testsuite failures="1" name="log_request_num_lines" skipped="0" tests="1" time="32.6" timestamp="2022-05-06T13:10:09">
	<testcase classname="LogRequestVerifyNumberOfLines" name="log_request_num_lines">
		<failure message="FAILED: Assert that (True == value) with value=False" type="FAILED"/>
		<system-out>13:09:36 INFO  ==============================================================
13:09:36 INFO  Id:    log_request_num_lines
13:09:36 INFO  Dir:   log_request_end_to_end/
13:09:36 INFO  Title: Validate end to end behaviour for the log request operation check for number of lines
13:09:36 INFO  ==============================================================
13:09:36 INFO  EnvironmentC8y Setup
13:09:37 INFO  Executed systemctl&lt;serv_mapper1&gt;, exit status 3
13:09:37 INFO  Restarting mosquitto too frequently in the last 10 seconds. It was only up for 4 seconds
13:09:37 INFO  Delaying execution by 7 seconds
13:09:58 INFO  Executed sudo&lt;tedge_connect_c8y&gt;, exit status 0, duration 13 secs
13:09:59 INFO  Executed sudo&lt;tedge_connect_c8y_test&gt;, exit status 0
13:09:59 INFO  Executed systemctl&lt;serv_mosq2&gt;, exit status 0
13:10:00 INFO  Executed systemctl&lt;serv_mapper3&gt;, exit status 0
13:10:00 INFO  Executed sudo&lt;rm_logs&gt;, exit status 0
13:10:01 INFO  Executed sudo&lt;move_logs&gt;, exit status 0
13:10:01 INFO  log response None
13:10:01 WARN  retry, retrying in 1 seconds...
13:10:03 INFO  log response https://thin-edge-io.eu-latest.cumulocity.com/event/events/18450111/binaries
13:10:03 INFO  nlines 0
13:10:03 WARN  Assert that (True == value) with value=False ... failed [run.py:44]
13:10:03 INFO  
13:10:03 INFO  cleanup:
13:10:03 INFO  Executed sudo&lt;rm_logs&gt;, exit status 0
13:10:04 INFO  Executed sudo&lt;rm_tmp_logs&gt;, exit status 0
13:10:04 INFO  Executed sudo&lt;send_failed&gt;, exit status 0
13:10:08 INFO  Executed sudo&lt;tedge_disconnect_c8y&gt;, exit status 0
13:10:09 INFO  Executed systemctl&lt;serv_mapper5&gt;, exit status 3
13:10:09 INFO  
13:10:09 INFO  Test duration: 32.60 secs
13:10:09 INFO  Test final outcome:  FAILED
13:10:09 INFO  Test outcome reason: Assert that (True == value) with value=False
13:10:09 INFO  
</system-out>
	</testcase>
</testsuite>
