<?xml version="1.0" encoding="utf-8"?>
<testsuite failures="1" name="log_request_num_lines" skipped="0" tests="1" time="31.06" timestamp="2022-04-28T12:21:06">
	<testcase classname="LogRequestVerifyNumberOfLines" name="log_request_num_lines">
		<failure message="FAILED: Assert that (True == value) with value=False" type="FAILED"/>
		<system-out>12:20:35 INFO  ==============================================================
12:20:35 INFO  Id:    log_request_num_lines
12:20:35 INFO  Dir:   log_request_end_to_end/
12:20:35 INFO  Title: Validate end to end behaviour for the log request operation check for number of lines
12:20:35 INFO  ==============================================================
12:20:35 INFO  EnvironmentC8y Setup
12:20:35 INFO  Executed systemctl&lt;serv_mapper1&gt;, exit status 3
12:20:36 INFO  Restarting mosquitto too frequently in the last 10 seconds. It was only up for 5 seconds
12:20:36 INFO  Delaying execution by 6 seconds
12:20:55 INFO  Executed sudo&lt;tedge_connect_c8y&gt;, exit status 0, duration 13 secs
12:20:56 INFO  Executed sudo&lt;tedge_connect_c8y_test&gt;, exit status 0
12:20:57 INFO  Executed systemctl&lt;serv_mosq2&gt;, exit status 0
12:20:57 INFO  Executed systemctl&lt;serv_mapper3&gt;, exit status 0
12:20:58 INFO  Executed sudo&lt;rm_logs&gt;, exit status 0
12:20:58 INFO  Executed sudo&lt;move_logs&gt;, exit status 0
12:20:59 INFO  log response None
12:20:59 WARN  retry, retrying in 1 seconds...
12:21:00 INFO  log response https://thin-edge-io.eu-latest.cumulocity.com/event/events/17901456/binaries
12:21:00 INFO  nlines 0
12:21:00 WARN  Assert that (True == value) with value=False ... failed [run.py:44]
12:21:00 INFO  
12:21:00 INFO  cleanup:
12:21:00 INFO  Executed sudo&lt;rm_logs&gt;, exit status 0
12:21:01 INFO  Executed sudo&lt;rm_tmp_logs&gt;, exit status 0
12:21:02 INFO  Executed sudo&lt;send_failed&gt;, exit status 0
12:21:05 INFO  Executed sudo&lt;tedge_disconnect_c8y&gt;, exit status 0
12:21:06 INFO  Executed systemctl&lt;serv_mapper5&gt;, exit status 3
12:21:06 INFO  
12:21:06 INFO  Test duration: 31.06 secs
12:21:06 INFO  Test final outcome:  FAILED
12:21:06 INFO  Test outcome reason: Assert that (True == value) with value=False
12:21:06 INFO  
</system-out>
	</testcase>
</testsuite>
