<?xml version="1.0" encoding="utf-8"?>
<testsuite failures="1" name="runtime_start_two_mappers" skipped="0" tests="1" time="1.78" timestamp="2022-05-04T08:38:04">
	<testcase classname="RuntimeMultiMappers" name="runtime_start_two_mappers">
		<failure message="FAILED: Grep on tedge_mapper2.err contains &quot;Error: Couldn't acquire file lock.&quot;" type="FAILED"/>
		<system-out>08:38:02 INFO  ==============================================================
08:38:02 INFO  Id:    runtime_start_two_mappers
08:38:02 INFO  Dir:   tedge_mapper_c8y/
08:38:02 INFO  Title: Validate two mappers can't be started at the same time
08:38:02 INFO  ==============================================================
08:38:03 INFO  Executed sudo&lt;tedge_mapper1&gt;, exit status 0
08:38:03 INFO  Waiting for 0.1 seconds
08:38:03 INFO  Executed sudo&lt;tedge_mapper2&gt;, exit status 1
08:38:04 INFO  Executed sudo&lt;tedge_mapper1&gt;, exit status 0
08:38:04 WARN  Grep on tedge_mapper2.err contains &quot;Error: Couldn't acquire file lock.&quot; ... failed [run.py:46]
08:38:04 INFO  
08:38:04 INFO  Test duration: 1.78 secs
08:38:04 INFO  Test final outcome:  FAILED
08:38:04 INFO  Test outcome reason: Grep on tedge_mapper2.err contains &quot;Error: Couldn't acquire file lock.&quot;
08:38:04 INFO  
</system-out>
	</testcase>
</testsuite>
