<?xml version="1.0" encoding="utf-8"?>
<testsuite failures="0" name="mqtt_port_set" skipped="0" tests="1" time="20.66" timestamp="2022-05-13T14:59:40">
	<testcase classname="MqttPortSet" name="mqtt_port_set"/>
</testsuite>
