<?xml version="1.0" encoding="utf-8"?>
<testsuite failures="1" name="monitoring_smaller_interval" skipped="0" tests="1" time="14.98" timestamp="2022-04-27T13:08:15">
	<testcase classname="MonitoringSmallInterval" name="monitoring_smaller_interval">
		<failure message="BLOCKED: TypeError: 'int' object is not subscriptable" type="BLOCKED"/>
		<system-out>13:08:00 INFO  ==============================================================
13:08:00 INFO  Id:    monitoring_smaller_interval
13:08:00 INFO  Dir:   monitoring/
13:08:00 INFO  Title: Validate the tedge dm agent messages that are produced with smaller sampling interval than the batching window. Here the simulated collectd messages are used
13:08:00 INFO  ==============================================================
13:08:01 INFO  Executed sudo&lt;collectd&gt;, exit status 0
13:08:02 INFO  Executed sudo&lt;collectd_mapper&gt;, exit status 0
13:08:02 INFO  Started sudo&lt;tedge_sub&gt; with process id 10336
13:08:02 INFO  Executed sudo&lt;tedge_temp&gt;, exit status 0
13:08:03 INFO  Executed sudo&lt;tedge_pres&gt;, exit status 0
13:08:04 INFO  Executed sudo&lt;tedge_temp&gt;, exit status 0
13:08:04 INFO  Executed sudo&lt;tedge_pres&gt;, exit status 0
13:08:05 INFO  Executed sudo&lt;tedge_temp&gt;, exit status 0
13:08:05 INFO  Executed sudo&lt;tedge_pres&gt;, exit status 0
13:08:06 INFO  Executed sudo&lt;tedge_temp&gt;, exit status 0
13:08:06 INFO  Executed sudo&lt;tedge_pres&gt;, exit status 0
13:08:07 INFO  Executed sudo&lt;tedge_temp&gt;, exit status 0
13:08:08 INFO  Executed sudo&lt;tedge_pres&gt;, exit status 0
13:08:08 INFO  Executed sudo&lt;tedge_temp&gt;, exit status 0
13:08:09 INFO  Executed sudo&lt;tedge_pres&gt;, exit status 0
13:08:09 INFO  Executed sudo&lt;tedge_temp&gt;, exit status 0
13:08:10 INFO  Executed sudo&lt;tedge_pres&gt;, exit status 0
13:08:10 INFO  Executed sudo&lt;tedge_temp&gt;, exit status 0
13:08:11 INFO  Executed sudo&lt;tedge_pres&gt;, exit status 0
13:08:12 INFO  Executed sudo&lt;tedge_temp&gt;, exit status 0
13:08:12 INFO  Executed sudo&lt;tedge_pres&gt;, exit status 0
13:08:13 INFO  Executed sudo&lt;tedge_temp&gt;, exit status 0
13:08:13 INFO  Executed sudo&lt;tedge_pres&gt;, exit status 0
13:08:15 INFO  Executed sudo&lt;kill_out&gt;, exit status 0
13:08:15 INFO  0

13:08:15 WARN  TypeError occurred while running test - 'int' object is not subscriptable
Traceback (most recent call last):
  File &quot;/home/pi/env-pysys/lib/python3.7/site-packages/pysys/baserunner.py&quot;, line 1296, in __call__
    self.testObj.validate()
  File &quot;/home/pi/actions-runner/_work/thin-edge.io/thin-edge.io/tests/PySys/monitoring/monitoring_smaller_interval/run.py&quot;, line 104, in validate
    collectd_msg_validation_result=self.validate_json(),
  File &quot;/home/pi/actions-runner/_work/thin-edge.io/thin-edge.io/tests/PySys/monitoring/monitoring_smaller_interval/run.py&quot;, line 114, in validate_json
    if not self.validate_time():
  File &quot;/home/pi/actions-runner/_work/thin-edge.io/thin-edge.io/tests/PySys/monitoring/monitoring_smaller_interval/run.py&quot;, line 134, in validate_time
    if self.js_msg[&quot;time&quot;]:
TypeError: 'int' object is not subscriptable
13:08:15 WARN  TypeError: 'int' object is not subscriptable ... blocked 
13:08:15 INFO  
13:08:15 INFO  cleanup:
13:08:15 INFO  monitoring_cleanup
13:08:15 INFO  Executed sudo&lt;collectd_mapper&gt;, exit status 0
13:08:15 INFO  
13:08:15 INFO  Test duration: 14.98 secs
13:08:15 INFO  Test final outcome:  BLOCKED
13:08:15 INFO  Test outcome reason: TypeError: 'int' object is not subscriptable
13:08:15 INFO  
</system-out>
	</testcase>
</testsuite>
