<?xml version="1.0" encoding="utf-8"?>
<testsuite failures="0" name="docker_plugin_install_with_version" skipped="1" tests="1" time="0.02" timestamp="2022-04-25T21:17:10">
	<testcase classname="DockerPluginInstallWithVersionTest" name="docker_plugin_install_with_version">
		<skipped message="SKIPPED: Testing the docker plugin is not supported on this platform.To run it, all the test with -XmyPlatform='container'"/>
		<system-out>21:17:09 INFO  ==============================================================
21:17:09 INFO  Id:    docker_plugin_install_with_version
21:17:09 INFO  Dir:   plugin_docker/
21:17:09 INFO  Title: Validate docker plugin install
21:17:09 INFO  ==============================================================
21:17:09 INFO  Testing the docker plugin is not supported on this platform.To run it, all the test with -XmyPlatform='container' ... skipped
21:17:10 WARN  Aborted test due to SKIPPED outcome
21:17:10 INFO  
21:17:10 INFO  Test duration: 0.02 secs
21:17:10 INFO  Test final outcome:  SKIPPED
21:17:10 INFO  Test outcome reason: Testing the docker plugin is not supported on this platform.To run it, all the test with -XmyPlatform='container'
21:17:10 INFO  
</system-out>
	</testcase>
</testsuite>
