<?xml version="1.0" encoding="utf-8"?>
<testsuite failures="1" name="tedge_disconnect_test_sm_services" skipped="0" tests="1" time="2.39" timestamp="2022-04-27T10:35:57">
	<testcase classname="TedgeDisConnectTestSMServices" name="tedge_disconnect_test_sm_services">
		<failure message="BLOCKED: sudo&lt;tedge_connect_c8y&gt; returned non-zero exit code 1" type="BLOCKED"/>
		<system-out>10:35:54 INFO  ==============================================================
10:35:54 INFO  Id:    tedge_disconnect_test_sm_services
10:35:54 INFO  Dir:   tedge_connect/
10:35:54 INFO  Title: Validate Software Management Services stopped and disabled on tedge disconnect c8y
10:35:54 INFO  ==============================================================
10:35:54 INFO  EnvironmentC8y Setup
10:35:55 INFO  Executed systemctl&lt;serv_mapper1&gt;, exit status 3
10:35:55 WARN  Executed sudo&lt;tedge_connect_c8y&gt;, exit status 1
10:35:55 INFO  Contents of tedge_connect_c8y.err: 
  Error: failed to connect Cumulocity cloud.
  Caused by:
      A value for `c8y.url` is missing.
          A value can be set with `tedge config set c8y.url &lt;value&gt;`
  -----

10:35:55 WARN  sudo&lt;tedge_connect_c8y&gt; returned non-zero exit code 1 ... blocked 
10:35:55 WARN  Aborted test due to BLOCKED outcome
10:35:55 INFO  
10:35:55 INFO  cleanup:
10:35:56 INFO  Executed sudo&lt;tedge_disconnect_c8y&gt;, exit status 0
10:35:57 INFO  Executed systemctl&lt;serv_mapper5&gt;, exit status 3
10:35:57 INFO  
10:35:57 INFO  Test duration: 2.39 secs
10:35:57 INFO  Test final outcome:  BLOCKED
10:35:57 INFO  Test outcome reason: sudo&lt;tedge_connect_c8y&gt; returned non-zero exit code 1
10:35:57 INFO  
</system-out>
	</testcase>
</testsuite>
