<?xml version="1.0" encoding="utf-8"?>
<testsuite failures="0" name="smoketest_smartrest" skipped="0" tests="1" time="48.51" timestamp="2022-05-13T15:07:00">
	<testcase classname="SmoketestSmartRest" name="smoketest_smartrest"/>
</testsuite>
