<?xml version="1.0" encoding="utf-8"?>
<testsuite failures="1" name="log_request_error_messages" skipped="0" tests="1" time="37.08" timestamp="2022-05-03T13:44:50">
	<testcase classname="LogRequestVerifySearchTextError" name="log_request_error_messages">
		<failure message="FAILED: Assert that (True == value) with value=False" type="FAILED"/>
		<system-out>13:44:13 INFO  ==============================================================
13:44:13 INFO  Id:    log_request_error_messages
13:44:13 INFO  Dir:   log_request_end_to_end/
13:44:13 INFO  Title: Validate end to end behaviour for the log request operation check for error messages
13:44:13 INFO  ==============================================================
13:44:14 INFO  EnvironmentC8y Setup
13:44:15 INFO  Executed systemctl&lt;serv_mapper1&gt;, exit status 3
13:44:15 INFO  Restarting mosquitto too frequently in the last 10 seconds. It was only up for 2 seconds
13:44:15 INFO  Delaying execution by 9 seconds
13:44:39 INFO  Executed sudo&lt;tedge_connect_c8y&gt;, exit status 0, duration 15 secs
13:44:40 INFO  Executed sudo&lt;tedge_connect_c8y_test&gt;, exit status 0
13:44:40 INFO  Executed systemctl&lt;serv_mosq2&gt;, exit status 0
13:44:41 INFO  Executed systemctl&lt;serv_mapper3&gt;, exit status 0
13:44:41 INFO  Executed sudo&lt;rm_logs&gt;, exit status 0
13:44:42 INFO  Executed sudo&lt;move_logs&gt;, exit status 0
13:44:42 INFO  log response None
13:44:42 WARN  retry, retrying in 1 seconds...
13:44:43 INFO  log response https://thin-edge-io.eu-latest.cumulocity.com/event/events/18302332/binaries
13:44:44 WARN  Assert that (True == value) with value=False ... failed [run.py:43]
13:44:44 INFO  
13:44:44 INFO  cleanup:
13:44:44 INFO  Executed sudo&lt;rm_logs&gt;, exit status 0
13:44:45 INFO  Executed sudo&lt;rm_tmp_logs&gt;, exit status 0
13:44:46 INFO  Executed sudo&lt;send_failed&gt;, exit status 0
13:44:50 INFO  Executed sudo&lt;tedge_disconnect_c8y&gt;, exit status 0
13:44:50 INFO  Executed systemctl&lt;serv_mapper5&gt;, exit status 3
13:44:50 INFO  
13:44:50 INFO  Test duration: 37.08 secs
13:44:50 INFO  Test final outcome:  FAILED
13:44:50 INFO  Test outcome reason: Assert that (True == value) with value=False
13:44:50 INFO  
</system-out>
	</testcase>
</testsuite>
