<?xml version="1.0" encoding="utf-8"?>
<testsuite failures="0" name="monitoring_with_collectd" skipped="1" tests="1" time="0.06" timestamp="2022-04-25T21:17:00">
	<testcase classname="MonitoringWithCollectd" name="monitoring_with_collectd">
		<skipped message="SKIPPED: Test execution disabled due to #792 (instable)"/>
		<system-out>21:17:00 INFO  ==============================================================
21:17:00 INFO  Id:    monitoring_with_collectd
21:17:00 INFO  Dir:   monitoring/
21:17:00 INFO  Title: Validate tedge dm agent messages that are produced by batching the collectd messages
21:17:00 INFO  ==============================================================
21:17:00 INFO  Test execution disabled due to #792 (instable) ... skipped
21:17:00 INFO  
21:17:00 INFO  Test duration: 0.06 secs
21:17:00 INFO  Test final outcome:  SKIPPED
21:17:00 INFO  Test outcome reason: Test execution disabled due to #792 (instable)
21:17:00 INFO  
</system-out>
	</testcase>
</testsuite>
