<?xml version="1.0" encoding="utf-8"?>
<testsuite failures="0" name="smoketest_smartrest" skipped="0" tests="1" time="47.62" timestamp="2022-05-09T14:44:34">
	<testcase classname="SmoketestSmartRest" name="smoketest_smartrest"/>
</testsuite>
