<?xml version="1.0" encoding="utf-8"?>
<testsuite failures="0" name="SoftwareManagement.sm_fake_install_remove" skipped="1" tests="1" time="0.02" timestamp="2022-05-12T09:04:31">
	<testcase classname="PySysTest" name="SoftwareManagement.sm_fake_install_remove">
		<skipped message="SKIPPED: Testing the fake plugin is not enabled.Use parameter -Xfakeplugin=fakeplugin to enable it"/>
		<system-out>09:04:31 INFO  ==============================================================
09:04:31 INFO  Id:    SoftwareManagement.sm_fake_install_remove
09:04:31 INFO  Dir:   software_management_end_to_end/
09:04:31 INFO  Title: Validate end to end behaviour for the dummy plugin for installation and removal of packages
09:04:31 INFO  ==============================================================
09:04:31 INFO  Testing the fake plugin is not enabled.Use parameter -Xfakeplugin=fakeplugin to enable it ... skipped
09:04:31 WARN  Aborted test due to SKIPPED outcome
09:04:31 INFO  
09:04:31 INFO  Test duration: 0.02 secs
09:04:31 INFO  Test final outcome:  SKIPPED
09:04:31 INFO  Test outcome reason: Testing the fake plugin is not enabled.Use parameter -Xfakeplugin=fakeplugin to enable it
09:04:31 INFO  
</system-out>
	</testcase>
</testsuite>
