<?xml version="1.0" encoding="utf-8"?>
<testsuite failures="1" name="runtime_start_two_mappers" skipped="0" tests="1" time="1.75" timestamp="2022-04-24T12:16:02">
	<testcase classname="RuntimeMultiMappers" name="runtime_start_two_mappers">
		<failure message="FAILED: Grep on tedge_mapper2.err contains &quot;Error: Couldn't acquire file lock.&quot;" type="FAILED"/>
		<system-out>12:16:00 INFO  ==============================================================
12:16:00 INFO  Id:    runtime_start_two_mappers
12:16:00 INFO  Dir:   tedge_mapper_c8y/
12:16:00 INFO  Title: Validate two mappers can't be started at the same time
12:16:00 INFO  ==============================================================
12:16:01 INFO  Executed sudo&lt;tedge_mapper1&gt;, exit status 0
12:16:01 INFO  Waiting for 0.1 seconds
12:16:02 INFO  Executed sudo&lt;tedge_mapper2&gt;, exit status 1
12:16:02 INFO  Executed sudo&lt;tedge_mapper1&gt;, exit status 0
12:16:02 WARN  Grep on tedge_mapper2.err contains &quot;Error: Couldn't acquire file lock.&quot; ... failed [run.py:46]
12:16:02 INFO  
12:16:02 INFO  Test duration: 1.75 secs
12:16:02 INFO  Test final outcome:  FAILED
12:16:02 INFO  Test outcome reason: Grep on tedge_mapper2.err contains &quot;Error: Couldn't acquire file lock.&quot;
12:16:02 INFO  
</system-out>
	</testcase>
</testsuite>
