<?xml version="1.0" encoding="utf-8"?>
<testsuite failures="0" name="smoketest_json" skipped="0" tests="1" time="44.82" timestamp="2022-05-03T15:29:36">
	<testcase classname="SmokeTestJson" name="smoketest_json"/>
</testsuite>
