<?xml version="1.0" encoding="utf-8"?>
<testsuite failures="1" name="log_request_num_lines" skipped="0" tests="1" time="31.88" timestamp="2022-05-03T18:23:05">
	<testcase classname="LogRequestVerifyNumberOfLines" name="log_request_num_lines">
		<failure message="FAILED: Assert that (True == value) with value=False" type="FAILED"/>
		<system-out>18:22:33 INFO  ==============================================================
18:22:33 INFO  Id:    log_request_num_lines
18:22:33 INFO  Dir:   log_request_end_to_end/
18:22:33 INFO  Title: Validate end to end behaviour for the log request operation check for number of lines
18:22:33 INFO  ==============================================================
18:22:33 INFO  EnvironmentC8y Setup
18:22:34 INFO  Executed systemctl&lt;serv_mapper1&gt;, exit status 3
18:22:34 INFO  Restarting mosquitto too frequently in the last 10 seconds. It was only up for 5 seconds
18:22:34 INFO  Delaying execution by 6 seconds
18:22:54 INFO  Executed sudo&lt;tedge_connect_c8y&gt;, exit status 0, duration 14 secs
18:22:54 INFO  Executed sudo&lt;tedge_connect_c8y_test&gt;, exit status 0
18:22:55 INFO  Executed systemctl&lt;serv_mosq2&gt;, exit status 0
18:22:55 INFO  Executed systemctl&lt;serv_mapper3&gt;, exit status 0
18:22:56 INFO  Executed sudo&lt;rm_logs&gt;, exit status 0
18:22:57 INFO  Executed sudo&lt;move_logs&gt;, exit status 0
18:22:57 INFO  log response None
18:22:57 WARN  retry, retrying in 1 seconds...
18:22:58 INFO  log response https://thin-edge-io.eu-latest.cumulocity.com/event/events/18327195/binaries
18:22:58 INFO  nlines 0
18:22:58 WARN  Assert that (True == value) with value=False ... failed [run.py:44]
18:22:58 INFO  
18:22:58 INFO  cleanup:
18:22:59 INFO  Executed sudo&lt;rm_logs&gt;, exit status 0
18:23:00 INFO  Executed sudo&lt;rm_tmp_logs&gt;, exit status 0
18:23:00 INFO  Executed sudo&lt;send_failed&gt;, exit status 0
18:23:04 INFO  Executed sudo&lt;tedge_disconnect_c8y&gt;, exit status 0
18:23:05 INFO  Executed systemctl&lt;serv_mapper5&gt;, exit status 3
18:23:05 INFO  
18:23:05 INFO  Test duration: 31.88 secs
18:23:05 INFO  Test final outcome:  FAILED
18:23:05 INFO  Test outcome reason: Assert that (True == value) with value=False
18:23:05 INFO  
</system-out>
	</testcase>
</testsuite>
