<?xml version="1.0" encoding="utf-8"?>
<testsuite failures="0" name="smoketest_smartrest" skipped="0" tests="1" time="47.34" timestamp="2022-05-06T13:18:23">
	<testcase classname="SmoketestSmartRest" name="smoketest_smartrest"/>
</testsuite>
