<?xml version="1.0" encoding="utf-8"?>
<testsuite failures="0" name="apt_fail_noarg" skipped="1" tests="1" time="0.04" timestamp="2022-05-03T13:47:11">
	<testcase classname="AptPluginFailNoArg" name="apt_fail_noarg">
		<skipped message="SKIPPED: Testing the apt plugin is not supported on this platform.To run the tests call PySys with -XmyPlatform='container'"/>
		<system-out>13:47:11 INFO  ==============================================================
13:47:11 INFO  Id:    apt_fail_noarg
13:47:11 INFO  Dir:   plugin_apt/
13:47:11 INFO  Title: Validate apt plugin fetures(prepare, list, install, remove finalize) without arguments
13:47:11 INFO  ==============================================================
13:47:11 INFO  Testing the apt plugin is not supported on this platform.To run the tests call PySys with -XmyPlatform='container' ... skipped
13:47:11 WARN  Aborted test due to SKIPPED outcome
13:47:11 INFO  
13:47:11 INFO  Test duration: 0.04 secs
13:47:11 INFO  Test final outcome:  SKIPPED
13:47:11 INFO  Test outcome reason: Testing the apt plugin is not supported on this platform.To run the tests call PySys with -XmyPlatform='container'
13:47:11 INFO  
</system-out>
	</testcase>
</testsuite>
