<?xml version="1.0" encoding="utf-8"?>
<testsuite failures="1" name="mapper_awaits_before_reconnect" skipped="0" tests="1" time="7.76" timestamp="2022-04-27T13:22:44">
	<testcase classname="MapperReconnectAwait" name="mapper_awaits_before_reconnect">
		<failure message="FAILED: Line count on tedge_mapper_journal.out for &quot;::mapper: MQTT connection error:&quot; expected &gt;=2 but got 0" type="FAILED"/>
		<system-out>13:22:36 INFO  ==============================================================
13:22:36 INFO  Id:    mapper_awaits_before_reconnect
13:22:36 INFO  Dir:   tedge_mapper_c8y/
13:22:36 INFO  Title: Validate mapper doesn't reconnect too often
13:22:36 INFO  ==============================================================
13:22:36 INFO  Started mosquitto_sub with process id 15411
13:22:36 INFO  Waiting for 0.1 seconds
13:22:37 INFO  Executed sudo&lt;tedge_mapper&gt;, exit status 0
13:22:37 INFO  Waiting for 5.0 seconds
13:22:43 INFO  Executed sudo&lt;tedge_mapper&gt;, exit status 0
13:22:44 INFO  Executed sudo&lt;tedge_mapper_journal&gt;, exit status 0
13:22:44 WARN  Grep on tedge_mapper_journal.out contains &quot;ERROR&quot; ... failed [run.py:67]
13:22:44 INFO  Line count on file tedge_mapper_journal.out ... passed
13:22:44 WARN  Line count on tedge_mapper_journal.out for &quot;::mapper: MQTT connection error:&quot; expected &gt;=2 but got 0 ... failed [run.py:78]
13:22:44 WARN  Aborted test due to FAILED outcome
13:22:44 INFO  
13:22:44 INFO  Test duration: 7.76 secs
13:22:44 INFO  Test final outcome:  FAILED
13:22:44 INFO  Test outcome reason: Line count on tedge_mapper_journal.out for &quot;::mapper: MQTT connection error:&quot; expected &gt;=2 but got 0
13:22:44 INFO  
</system-out>
	</testcase>
</testsuite>
