<?xml version="1.0" encoding="utf-8"?>
<testsuite failures="1" name="log_request_num_lines" skipped="0" tests="1" time="31.37" timestamp="2022-05-11T10:08:17">
	<testcase classname="LogRequestVerifyNumberOfLines" name="log_request_num_lines">
		<failure message="FAILED: Assert that (True == value) with value=False" type="FAILED"/>
		<system-out>10:07:46 INFO  ==============================================================
10:07:46 INFO  Id:    log_request_num_lines
10:07:46 INFO  Dir:   log_request_end_to_end/
10:07:46 INFO  Title: Validate end to end behaviour for the log request operation check for number of lines
10:07:46 INFO  ==============================================================
10:07:46 INFO  EnvironmentC8y Setup
10:07:46 INFO  Executed systemctl&lt;serv_mapper1&gt;, exit status 3
10:07:46 INFO  Restarting mosquitto too frequently in the last 10 seconds. It was only up for 5 seconds
10:07:46 INFO  Delaying execution by 6 seconds
10:08:06 INFO  Executed sudo&lt;tedge_connect_c8y&gt;, exit status 0, duration 13 secs
10:08:07 INFO  Executed sudo&lt;tedge_connect_c8y_test&gt;, exit status 0
10:08:08 INFO  Executed systemctl&lt;serv_mosq2&gt;, exit status 0
10:08:08 INFO  Executed systemctl&lt;serv_mapper3&gt;, exit status 0
10:08:09 INFO  Executed sudo&lt;rm_logs&gt;, exit status 0
10:08:09 INFO  Executed sudo&lt;move_logs&gt;, exit status 0
10:08:10 INFO  log response None
10:08:10 WARN  retry, retrying in 1 seconds...
10:08:11 INFO  log response https://thin-edge-io.eu-latest.cumulocity.com/event/events/18782455/binaries
10:08:11 INFO  nlines 0
10:08:11 WARN  Assert that (True == value) with value=False ... failed [run.py:44]
10:08:11 INFO  
10:08:11 INFO  cleanup:
10:08:12 INFO  Executed sudo&lt;rm_logs&gt;, exit status 0
10:08:12 INFO  Executed sudo&lt;rm_tmp_logs&gt;, exit status 0
10:08:13 INFO  Executed sudo&lt;send_failed&gt;, exit status 0
10:08:17 INFO  Executed sudo&lt;tedge_disconnect_c8y&gt;, exit status 0
10:08:17 INFO  Executed systemctl&lt;serv_mapper5&gt;, exit status 3
10:08:17 INFO  
10:08:17 INFO  Test duration: 31.37 secs
10:08:17 INFO  Test final outcome:  FAILED
10:08:17 INFO  Test outcome reason: Assert that (True == value) with value=False
10:08:17 INFO  
</system-out>
	</testcase>
</testsuite>
