<?xml version="1.0" encoding="utf-8"?>
<testsuite failures="1" name="mapper_awaits_before_reconnect" skipped="0" tests="1" time="7.35" timestamp="2022-05-04T08:38:02">
	<testcase classname="MapperReconnectAwait" name="mapper_awaits_before_reconnect">
		<failure message="FAILED: Line count on tedge_mapper_journal.out for &quot;tedge_mapper::core::mapper: MQTT connection error:&quot; expected &gt;=2 but got 0" type="FAILED"/>
		<system-out>08:37:55 INFO  ==============================================================
08:37:55 INFO  Id:    mapper_awaits_before_reconnect
08:37:55 INFO  Dir:   tedge_mapper_c8y/
08:37:55 INFO  Title: Validate mapper doesn't reconnect too often
08:37:55 INFO  ==============================================================
08:37:55 INFO  Started mosquitto_sub with process id 15244
08:37:55 INFO  Waiting for 0.1 seconds
08:37:55 INFO  Executed sudo&lt;tedge_mapper&gt;, exit status 0
08:37:55 INFO  Waiting for 5.0 seconds
08:38:01 INFO  Executed sudo&lt;tedge_mapper&gt;, exit status 0
08:38:02 INFO  Executed sudo&lt;tedge_mapper_journal&gt;, exit status 0
08:38:02 WARN  Grep on tedge_mapper_journal.out contains &quot;ERROR&quot; ... failed [run.py:67]
08:38:02 INFO  Line count on file tedge_mapper_journal.out ... passed
08:38:02 WARN  Line count on tedge_mapper_journal.out for &quot;tedge_mapper::core::mapper: MQTT connection error:&quot; expected &gt;=2 but got 0 ... failed [run.py:78]
08:38:02 WARN  Aborted test due to FAILED outcome
08:38:02 INFO  
08:38:02 INFO  Test duration: 7.35 secs
08:38:02 INFO  Test final outcome:  FAILED
08:38:02 INFO  Test outcome reason: Line count on tedge_mapper_journal.out for &quot;tedge_mapper::core::mapper: MQTT connection error:&quot; expected &gt;=2 but got 0
08:38:02 INFO  
</system-out>
	</testcase>
</testsuite>
