<?xml version="1.0" encoding="utf-8"?>
<testsuite failures="1" name="log_request_num_lines" skipped="0" tests="1" time="31.31" timestamp="2022-05-11T11:39:16">
	<testcase classname="LogRequestVerifyNumberOfLines" name="log_request_num_lines">
		<failure message="FAILED: Assert that (True == value) with value=False" type="FAILED"/>
		<system-out>11:38:45 INFO  ==============================================================
11:38:45 INFO  Id:    log_request_num_lines
11:38:45 INFO  Dir:   log_request_end_to_end/
11:38:45 INFO  Title: Validate end to end behaviour for the log request operation check for number of lines
11:38:45 INFO  ==============================================================
11:38:45 INFO  EnvironmentC8y Setup
11:38:45 INFO  Executed systemctl&lt;serv_mapper1&gt;, exit status 3
11:38:46 INFO  Restarting mosquitto too frequently in the last 10 seconds. It was only up for 5 seconds
11:38:46 INFO  Delaying execution by 6 seconds
11:39:06 INFO  Executed sudo&lt;tedge_connect_c8y&gt;, exit status 0, duration 14 secs
11:39:06 INFO  Executed sudo&lt;tedge_connect_c8y_test&gt;, exit status 0
11:39:07 INFO  Executed systemctl&lt;serv_mosq2&gt;, exit status 0
11:39:07 INFO  Executed systemctl&lt;serv_mapper3&gt;, exit status 0
11:39:08 INFO  Executed sudo&lt;rm_logs&gt;, exit status 0
11:39:08 INFO  Executed sudo&lt;move_logs&gt;, exit status 0
11:39:09 INFO  log response None
11:39:09 WARN  retry, retrying in 1 seconds...
11:39:10 INFO  log response https://thin-edge-io.eu-latest.cumulocity.com/event/events/18824248/binaries
11:39:10 INFO  nlines 0
11:39:10 WARN  Assert that (True == value) with value=False ... failed [run.py:44]
11:39:10 INFO  
11:39:10 INFO  cleanup:
11:39:11 INFO  Executed sudo&lt;rm_logs&gt;, exit status 0
11:39:11 INFO  Executed sudo&lt;rm_tmp_logs&gt;, exit status 0
11:39:12 INFO  Executed sudo&lt;send_failed&gt;, exit status 0
11:39:16 INFO  Executed sudo&lt;tedge_disconnect_c8y&gt;, exit status 0
11:39:16 INFO  Executed systemctl&lt;serv_mapper5&gt;, exit status 3
11:39:16 INFO  
11:39:16 INFO  Test duration: 31.31 secs
11:39:16 INFO  Test final outcome:  FAILED
11:39:16 INFO  Test outcome reason: Assert that (True == value) with value=False
11:39:16 INFO  
</system-out>
	</testcase>
</testsuite>
