<?xml version="1.0" encoding="utf-8"?>
<testsuite failures="1" name="log_request_error_messages" skipped="0" tests="1" time="36.38" timestamp="2022-05-03T18:22:33">
	<testcase classname="LogRequestVerifySearchTextError" name="log_request_error_messages">
		<failure message="FAILED: Assert that (True == value) with value=False" type="FAILED"/>
		<system-out>18:21:57 INFO  ==============================================================
18:21:57 INFO  Id:    log_request_error_messages
18:21:57 INFO  Dir:   log_request_end_to_end/
18:21:57 INFO  Title: Validate end to end behaviour for the log request operation check for error messages
18:21:57 INFO  ==============================================================
18:21:58 INFO  EnvironmentC8y Setup
18:21:58 INFO  Executed systemctl&lt;serv_mapper1&gt;, exit status 3
18:21:59 INFO  Restarting mosquitto too frequently in the last 10 seconds. It was only up for 2 seconds
18:21:59 INFO  Delaying execution by 9 seconds
18:22:21 INFO  Executed sudo&lt;tedge_connect_c8y&gt;, exit status 0, duration 13 secs
18:22:22 INFO  Executed sudo&lt;tedge_connect_c8y_test&gt;, exit status 0
18:22:23 INFO  Executed systemctl&lt;serv_mosq2&gt;, exit status 0
18:22:23 INFO  Executed systemctl&lt;serv_mapper3&gt;, exit status 0
18:22:24 INFO  Executed sudo&lt;rm_logs&gt;, exit status 0
18:22:24 INFO  Executed sudo&lt;move_logs&gt;, exit status 0
18:22:25 INFO  log response None
18:22:25 WARN  retry, retrying in 1 seconds...
18:22:26 INFO  log response https://thin-edge-io.eu-latest.cumulocity.com/event/events/18323236/binaries
18:22:27 WARN  Assert that (True == value) with value=False ... failed [run.py:43]
18:22:27 INFO  
18:22:27 INFO  cleanup:
18:22:27 INFO  Executed sudo&lt;rm_logs&gt;, exit status 0
18:22:28 INFO  Executed sudo&lt;rm_tmp_logs&gt;, exit status 0
18:22:28 INFO  Executed sudo&lt;send_failed&gt;, exit status 0
18:22:32 INFO  Executed sudo&lt;tedge_disconnect_c8y&gt;, exit status 0
18:22:33 INFO  Executed systemctl&lt;serv_mapper5&gt;, exit status 3
18:22:33 INFO  
18:22:33 INFO  Test duration: 36.38 secs
18:22:33 INFO  Test final outcome:  FAILED
18:22:33 INFO  Test outcome reason: Assert that (True == value) with value=False
18:22:33 INFO  
</system-out>
	</testcase>
</testsuite>
