<?xml version="1.0" encoding="utf-8"?>
<testsuite failures="0" name="SoftwareManagement.sm_apt_install_remove_multiple_mixed" skipped="1" tests="1" time="0.02" timestamp="2022-05-13T15:10:33">
	<testcase classname="PySysTest" name="SoftwareManagement.sm_apt_install_remove_multiple_mixed">
		<skipped message="SKIPPED: Testing the apt plugin is not supported on this platform.Use parameter -XmyPlatform='container' to enable it"/>
		<system-out>15:10:33 INFO  ==============================================================
15:10:33 INFO  Id:    SoftwareManagement.sm_apt_install_remove_multiple_mixed
15:10:33 INFO  Dir:   software_management_end_to_end/
15:10:33 INFO  Title: Validate end to end behaviour for the apt plugin for multiple packages with mixed versions
15:10:33 INFO  ==============================================================
15:10:33 INFO  Testing the apt plugin is not supported on this platform.Use parameter -XmyPlatform='container' to enable it ... skipped
15:10:33 WARN  Aborted test due to SKIPPED outcome
15:10:33 INFO  
15:10:33 INFO  Test duration: 0.02 secs
15:10:33 INFO  Test final outcome:  SKIPPED
15:10:33 INFO  Test outcome reason: Testing the apt plugin is not supported on this platform.Use parameter -XmyPlatform='container' to enable it
15:10:33 INFO  
</system-out>
	</testcase>
</testsuite>
