<?xml version="1.0" encoding="utf-8"?>
<testsuite failures="0" name="SoftwareManagement.sm_fake_install_remove" skipped="1" tests="1" time="0.02" timestamp="2022-05-13T11:15:44">
	<testcase classname="PySysTest" name="SoftwareManagement.sm_fake_install_remove">
		<skipped message="SKIPPED: Testing the fake plugin is not enabled.Use parameter -Xfakeplugin=fakeplugin to enable it"/>
		<system-out>11:15:43 INFO  ==============================================================
11:15:43 INFO  Id:    SoftwareManagement.sm_fake_install_remove
11:15:43 INFO  Dir:   software_management_end_to_end/
11:15:43 INFO  Title: Validate end to end behaviour for the dummy plugin for installation and removal of packages
11:15:43 INFO  ==============================================================
11:15:43 INFO  Testing the fake plugin is not enabled.Use parameter -Xfakeplugin=fakeplugin to enable it ... skipped
11:15:43 WARN  Aborted test due to SKIPPED outcome
11:15:44 INFO  
11:15:44 INFO  Test duration: 0.02 secs
11:15:44 INFO  Test final outcome:  SKIPPED
11:15:44 INFO  Test outcome reason: Testing the fake plugin is not enabled.Use parameter -Xfakeplugin=fakeplugin to enable it
11:15:44 INFO  
</system-out>
	</testcase>
</testsuite>
