<?xml version="1.0" encoding="utf-8"?>
<testsuite failures="0" name="apt_install_local_file_with_version_fail" skipped="1" tests="1" time="0.03" timestamp="2022-05-03T15:26:15">
	<testcase classname="AptPluginInstallFromLocalFileWithVersionFail" name="apt_install_local_file_with_version_fail">
		<skipped message="SKIPPED: Testing the apt plugin is not supported on this platform.To run the tests call PySys with -XmyPlatform='container'"/>
		<system-out>15:26:14 INFO  ==============================================================
15:26:14 INFO  Id:    apt_install_local_file_with_version_fail
15:26:14 INFO  Dir:   plugin_apt/
15:26:15 INFO  Title: Validate apt plugin install from local file AND with a version - FAIL case
15:26:15 INFO  ==============================================================
15:26:15 INFO  Testing the apt plugin is not supported on this platform.To run the tests call PySys with -XmyPlatform='container' ... skipped
15:26:15 WARN  Aborted test due to SKIPPED outcome
15:26:15 INFO  
15:26:15 INFO  Test duration: 0.03 secs
15:26:15 INFO  Test final outcome:  SKIPPED
15:26:15 INFO  Test outcome reason: Testing the apt plugin is not supported on this platform.To run the tests call PySys with -XmyPlatform='container'
15:26:15 INFO  
</system-out>
	</testcase>
</testsuite>
