<?xml version="1.0" encoding="utf-8"?>
<testsuite failures="1" name="log_request_error_messages" skipped="0" tests="1" time="36.36" timestamp="2022-05-11T10:07:46">
	<testcase classname="LogRequestVerifySearchTextError" name="log_request_error_messages">
		<failure message="FAILED: Assert that (True == value) with value=False" type="FAILED"/>
		<system-out>10:07:09 INFO  ==============================================================
10:07:09 INFO  Id:    log_request_error_messages
10:07:09 INFO  Dir:   log_request_end_to_end/
10:07:09 INFO  Title: Validate end to end behaviour for the log request operation check for error messages
10:07:09 INFO  ==============================================================
10:07:11 INFO  EnvironmentC8y Setup
10:07:11 INFO  Executed systemctl&lt;serv_mapper1&gt;, exit status 3
10:07:12 INFO  Restarting mosquitto too frequently in the last 10 seconds. It was only up for 2 seconds
10:07:12 INFO  Delaying execution by 9 seconds
10:07:35 INFO  Executed sudo&lt;tedge_connect_c8y&gt;, exit status 0, duration 14 secs
10:07:35 INFO  Executed sudo&lt;tedge_connect_c8y_test&gt;, exit status 0
10:07:36 INFO  Executed systemctl&lt;serv_mosq2&gt;, exit status 0
10:07:36 INFO  Executed systemctl&lt;serv_mapper3&gt;, exit status 0
10:07:37 INFO  Executed sudo&lt;rm_logs&gt;, exit status 0
10:07:37 INFO  Executed sudo&lt;move_logs&gt;, exit status 0
10:07:38 INFO  log response None
10:07:38 WARN  retry, retrying in 1 seconds...
10:07:39 INFO  log response https://thin-edge-io.eu-latest.cumulocity.com/event/events/18794146/binaries
10:07:40 WARN  Assert that (True == value) with value=False ... failed [run.py:43]
10:07:40 INFO  
10:07:40 INFO  cleanup:
10:07:40 INFO  Executed sudo&lt;rm_logs&gt;, exit status 0
10:07:41 INFO  Executed sudo&lt;rm_tmp_logs&gt;, exit status 0
10:07:41 INFO  Executed sudo&lt;send_failed&gt;, exit status 0
10:07:45 INFO  Executed sudo&lt;tedge_disconnect_c8y&gt;, exit status 0
10:07:46 INFO  Executed systemctl&lt;serv_mapper5&gt;, exit status 3
10:07:46 INFO  
10:07:46 INFO  Test duration: 36.36 secs
10:07:46 INFO  Test final outcome:  FAILED
10:07:46 INFO  Test outcome reason: Assert that (True == value) with value=False
10:07:46 INFO  
</system-out>
	</testcase>
</testsuite>
