<?xml version="1.0" encoding="utf-8"?>
<testsuite failures="1" name="log_request_error_messages" skipped="0" tests="1" time="36.65" timestamp="2022-05-03T15:23:51">
	<testcase classname="LogRequestVerifySearchTextError" name="log_request_error_messages">
		<failure message="FAILED: Assert that (True == value) with value=False" type="FAILED"/>
		<system-out>15:23:14 INFO  ==============================================================
15:23:14 INFO  Id:    log_request_error_messages
15:23:14 INFO  Dir:   log_request_end_to_end/
15:23:14 INFO  Title: Validate end to end behaviour for the log request operation check for error messages
15:23:14 INFO  ==============================================================
15:23:15 INFO  EnvironmentC8y Setup
15:23:16 INFO  Executed systemctl&lt;serv_mapper1&gt;, exit status 3
15:23:16 INFO  Restarting mosquitto too frequently in the last 10 seconds. It was only up for 2 seconds
15:23:16 INFO  Delaying execution by 9 seconds
15:23:39 INFO  Executed sudo&lt;tedge_connect_c8y&gt;, exit status 0, duration 13 secs
15:23:39 INFO  Executed sudo&lt;tedge_connect_c8y_test&gt;, exit status 0
15:23:40 INFO  Executed systemctl&lt;serv_mosq2&gt;, exit status 0
15:23:41 INFO  Executed systemctl&lt;serv_mapper3&gt;, exit status 0
15:23:41 INFO  Executed sudo&lt;rm_logs&gt;, exit status 0
15:23:42 INFO  Executed sudo&lt;move_logs&gt;, exit status 0
15:23:42 INFO  log response None
15:23:42 WARN  retry, retrying in 1 seconds...
15:23:43 INFO  log response https://thin-edge-io.eu-latest.cumulocity.com/event/events/18311952/binaries
15:23:44 WARN  Assert that (True == value) with value=False ... failed [run.py:43]
15:23:44 INFO  
15:23:44 INFO  cleanup:
15:23:45 INFO  Executed sudo&lt;rm_logs&gt;, exit status 0
15:23:45 INFO  Executed sudo&lt;rm_tmp_logs&gt;, exit status 0
15:23:46 INFO  Executed sudo&lt;send_failed&gt;, exit status 0
15:23:50 INFO  Executed sudo&lt;tedge_disconnect_c8y&gt;, exit status 0
15:23:51 INFO  Executed systemctl&lt;serv_mapper5&gt;, exit status 3
15:23:51 INFO  
15:23:51 INFO  Test duration: 36.65 secs
15:23:51 INFO  Test final outcome:  FAILED
15:23:51 INFO  Test outcome reason: Assert that (True == value) with value=False
15:23:51 INFO  
</system-out>
	</testcase>
</testsuite>
