<?xml version="1.0" encoding="utf-8"?>
<testsuite failures="1" name="c8y_jwt_token_retrieval" skipped="0" tests="1" time="23.05" timestamp="2022-05-13T14:57:16">
	<testcase classname="ValidateJWTTokenRetrieval" name="c8y_jwt_token_retrieval">
		<failure message="FAILED: Grep on resp_jwt.out contains &quot;\[c8y/s/dat\] 71,&quot;" type="FAILED"/>
		<system-out>14:56:53 INFO  ==============================================================
14:56:53 INFO  Id:    c8y_jwt_token_retrieval
14:56:53 INFO  Dir:   cloud_c8y/
14:56:53 INFO  Title: Validate the Cumulocity JWT Token Retrieval feature
14:56:53 INFO  ==============================================================
14:56:54 INFO  Executed sudo&lt;tedge_disconnect_c8y&gt;, exit status 0
14:57:08 INFO  Executed sudo&lt;tedge_connect_c8y&gt;, exit status 0, duration 14 secs
14:57:08 INFO  Started sudo&lt;resp_jwt&gt; with process id 21520
14:57:10 INFO  Executed sudo&lt;req_jwt&gt;, exit status 0
14:57:12 INFO  Executed sudo&lt;kill_out&gt;, exit status 0
14:57:12 WARN  Grep on resp_jwt.out contains &quot;\[c8y/s/dat\] 71,&quot; ... failed [run.py:60]
14:57:12 INFO  
14:57:12 INFO  cleanup:
14:57:16 INFO  Executed sudo&lt;tedge_disconnect_c8y&gt;, exit status 0
14:57:16 INFO  
14:57:16 INFO  Test duration: 23.05 secs
14:57:16 INFO  Test final outcome:  FAILED
14:57:16 INFO  Test outcome reason: Grep on resp_jwt.out contains &quot;\[c8y/s/dat\] 71,&quot;
14:57:16 INFO  
</system-out>
	</testcase>
</testsuite>
