<?xml version="1.0" encoding="utf-8"?>
<testsuite failures="1" name="log_request_num_lines" skipped="0" tests="1" time="32.19" timestamp="2022-05-03T15:24:23">
	<testcase classname="LogRequestVerifyNumberOfLines" name="log_request_num_lines">
		<failure message="FAILED: Assert that (True == value) with value=False" type="FAILED"/>
		<system-out>15:23:51 INFO  ==============================================================
15:23:51 INFO  Id:    log_request_num_lines
15:23:51 INFO  Dir:   log_request_end_to_end/
15:23:51 INFO  Title: Validate end to end behaviour for the log request operation check for number of lines
15:23:51 INFO  ==============================================================
15:23:51 INFO  EnvironmentC8y Setup
15:23:51 INFO  Executed systemctl&lt;serv_mapper1&gt;, exit status 3
15:23:51 INFO  Restarting mosquitto too frequently in the last 10 seconds. It was only up for 5 seconds
15:23:51 INFO  Delaying execution by 6 seconds
15:24:12 INFO  Executed sudo&lt;tedge_connect_c8y&gt;, exit status 0, duration 14 secs
15:24:13 INFO  Executed sudo&lt;tedge_connect_c8y_test&gt;, exit status 0
15:24:13 INFO  Executed systemctl&lt;serv_mosq2&gt;, exit status 0
15:24:13 INFO  Executed systemctl&lt;serv_mapper3&gt;, exit status 0
15:24:14 INFO  Executed sudo&lt;rm_logs&gt;, exit status 0
15:24:15 INFO  Executed sudo&lt;move_logs&gt;, exit status 0
15:24:15 INFO  log response None
15:24:15 WARN  retry, retrying in 1 seconds...
15:24:16 INFO  log response https://thin-edge-io.eu-latest.cumulocity.com/event/events/18320400/binaries
15:24:16 INFO  nlines 0
15:24:16 WARN  Assert that (True == value) with value=False ... failed [run.py:44]
15:24:16 INFO  
15:24:16 INFO  cleanup:
15:24:17 INFO  Executed sudo&lt;rm_logs&gt;, exit status 0
15:24:18 INFO  Executed sudo&lt;rm_tmp_logs&gt;, exit status 0
15:24:18 INFO  Executed sudo&lt;send_failed&gt;, exit status 0
15:24:22 INFO  Executed sudo&lt;tedge_disconnect_c8y&gt;, exit status 0
15:24:23 INFO  Executed systemctl&lt;serv_mapper5&gt;, exit status 3
15:24:23 INFO  
15:24:23 INFO  Test duration: 32.19 secs
15:24:23 INFO  Test final outcome:  FAILED
15:24:23 INFO  Test outcome reason: Assert that (True == value) with value=False
15:24:23 INFO  
</system-out>
	</testcase>
</testsuite>
