<?xml version="1.0" encoding="utf-8"?>
<testsuite failures="0" name="smoketest_json" skipped="0" tests="1" time="44.85" timestamp="2022-04-28T08:22:13">
	<testcase classname="SmokeTestJson" name="smoketest_json"/>
</testsuite>
