<?xml version="1.0" encoding="utf-8"?>
<testsuite failures="0" name="smoketest_json_400_samples_20ms" skipped="0" tests="1" time="58.0" timestamp="2022-05-09T14:43:47">
	<testcase classname="SmoketestJson400Samples20ms" name="smoketest_json_400_samples_20ms"/>
</testsuite>
