<?xml version="1.0" encoding="utf-8"?>
<testsuite failures="0" name="docker_plugin_finalize" skipped="1" tests="1" time="0.05" timestamp="2022-05-03T15:26:18">
	<testcase classname="DockerPluginFinalizeTest" name="docker_plugin_finalize">
		<skipped message="SKIPPED: Testing the docker plugin is not supported on this platform.To run it, all the test with -XmyPlatform='container'"/>
		<system-out>15:26:18 INFO  ==============================================================
15:26:18 INFO  Id:    docker_plugin_finalize
15:26:18 INFO  Dir:   plugin_docker/
15:26:18 INFO  Title: Validate docker plugin finalize command
15:26:18 INFO  ==============================================================
15:26:18 INFO  Testing the docker plugin is not supported on this platform.To run it, all the test with -XmyPlatform='container' ... skipped
15:26:18 WARN  Aborted test due to SKIPPED outcome
15:26:18 INFO  
15:26:18 INFO  Test duration: 0.05 secs
15:26:18 INFO  Test final outcome:  SKIPPED
15:26:18 INFO  Test outcome reason: Testing the docker plugin is not supported on this platform.To run it, all the test with -XmyPlatform='container'
15:26:18 INFO  
</system-out>
	</testcase>
</testsuite>
