<?xml version="1.0" encoding="utf-8"?>
<testsuite failures="0" name="apt_sequence_remove" skipped="1" tests="1" time="0.04" timestamp="2022-04-28T08:18:57">
	<testcase classname="AptPluginInstallPrepareRemoveFinalize" name="apt_sequence_remove">
		<skipped message="SKIPPED: Testing the apt plugin is not supported on this platform.To run the tests call PySys with -XmyPlatform='container'"/>
		<system-out>08:18:57 INFO  ==============================================================
08:18:57 INFO  Id:    apt_sequence_remove
08:18:57 INFO  Dir:   plugin_apt/
08:18:57 INFO  Title: Validate apt plugin prepare install remove finalize use case
08:18:57 INFO  ==============================================================
08:18:57 INFO  Testing the apt plugin is not supported on this platform.To run the tests call PySys with -XmyPlatform='container' ... skipped
08:18:57 WARN  Aborted test due to SKIPPED outcome
08:18:57 INFO  
08:18:57 INFO  Test duration: 0.04 secs
08:18:57 INFO  Test final outcome:  SKIPPED
08:18:57 INFO  Test outcome reason: Testing the apt plugin is not supported on this platform.To run the tests call PySys with -XmyPlatform='container'
08:18:57 INFO  
</system-out>
	</testcase>
</testsuite>
