<?xml version="1.0" encoding="utf-8"?>
<testsuite failures="1" name="smoketest_json_400_samples_20ms" skipped="0" tests="1" time="56.98" timestamp="2022-05-02T10:30:00">
	<testcase classname="SmoketestJson400Samples20ms" name="smoketest_json_400_samples_20ms">
		<failure message="BLOCKED: python3&lt;stdout&gt; returned non-zero exit code 1" type="BLOCKED"/>
		<system-out>10:29:03 INFO  ==============================================================
10:29:03 INFO  Id:    smoketest_json_400_samples_20ms
10:29:03 INFO  Dir:   smoketests/
10:29:03 INFO  Title: Smoketest Json 400 Samples 20ms Delay
10:29:03 INFO  ==============================================================
10:29:03 INFO  EnvironmentC8y Setup
10:29:04 INFO  Executed systemctl&lt;serv_mapper1&gt;, exit status 3
10:29:04 INFO  Restarting mosquitto too frequently in the last 10 seconds. It was only up for 4 seconds
10:29:04 INFO  Delaying execution by 7 seconds
10:29:25 INFO  Executed sudo&lt;tedge_connect_c8y&gt;, exit status 0, duration 13 secs
10:29:25 INFO  Executed sudo&lt;tedge_connect_c8y_test&gt;, exit status 0
10:29:26 INFO  Executed systemctl&lt;serv_mosq2&gt;, exit status 0
10:29:26 INFO  Executed systemctl&lt;serv_mapper3&gt;, exit status 0
10:29:56 WARN  Executed python3&lt;stdout&gt;, exit status 1
10:29:56 INFO  Contents of stdout.out: 
  Publishing sawtooth with delay 10ms height 400 iterations 1 template flux will cause 400 publishs.
  Iteraton: 0
  Execution took 4 s 4231 ms
  Publish rate: 10.578 ms/pub
  Publish per second: 94.540 pub/s
  Act: Publishing values with temperature_publisher
  Waiting 3s for values to arrive in C8y
  Assert: Retrieving data via REST interface
  Gathering values from 2022-05-02 10:29:35+00:00 to 2022-05-02 10:29:55+00:00
  Found 0 recorded values:
  Retrieved values:
  Expected:  0.0  ...  399.0
  Data verification FAILED
  -----

10:29:56 WARN  python3&lt;stdout&gt; returned non-zero exit code 1 ... blocked 
10:29:56 WARN  Aborted test due to BLOCKED outcome
10:29:56 INFO  
10:29:56 INFO  cleanup:
10:30:00 INFO  Executed sudo&lt;tedge_disconnect_c8y&gt;, exit status 0
10:30:00 INFO  Executed systemctl&lt;serv_mapper5&gt;, exit status 3
10:30:00 INFO  
10:30:00 INFO  Test duration: 56.98 secs
10:30:00 INFO  Test final outcome:  BLOCKED
10:30:00 INFO  Test outcome reason: python3&lt;stdout&gt; returned non-zero exit code 1
10:30:00 INFO  
</system-out>
	</testcase>
</testsuite>
