<?xml version="1.0" encoding="utf-8"?>
<testsuite failures="0" name="monitoring_with_collectd" skipped="1" tests="1" time="0.02" timestamp="2022-04-27T17:30:45">
	<testcase classname="MonitoringWithCollectd" name="monitoring_with_collectd">
		<skipped message="SKIPPED: Test execution disabled due to #792 (instable)"/>
		<system-out>17:30:45 INFO  ==============================================================
17:30:45 INFO  Id:    monitoring_with_collectd
17:30:45 INFO  Dir:   monitoring/
17:30:45 INFO  Title: Validate tedge dm agent messages that are produced by batching the collectd messages
17:30:45 INFO  ==============================================================
17:30:45 INFO  Test execution disabled due to #792 (instable) ... skipped
17:30:45 INFO  
17:30:45 INFO  Test duration: 0.02 secs
17:30:45 INFO  Test final outcome:  SKIPPED
17:30:45 INFO  Test outcome reason: Test execution disabled due to #792 (instable)
17:30:45 INFO  
</system-out>
	</testcase>
</testsuite>
