<?xml version="1.0" encoding="utf-8"?>
<testsuite failures="0" name="custom_init_system" skipped="0" tests="1" time="29.25" timestamp="2022-04-21T13:30:03">
	<testcase classname="CustomInitSystem" name="custom_init_system"/>
</testsuite>
