<?xml version="1.0" encoding="utf-8"?>
<testsuite failures="0" name="apt_install_fail" skipped="1" tests="1" time="0.03" timestamp="2022-04-25T21:17:05">
	<testcase classname="AptPluginInstallFail" name="apt_install_fail">
		<skipped message="SKIPPED: Testing the apt plugin is not supported on this platform.To run the tests call PySys with -XmyPlatform='container'"/>
		<system-out>21:17:05 INFO  ==============================================================
21:17:05 INFO  Id:    apt_install_fail
21:17:05 INFO  Dir:   plugin_apt/
21:17:05 INFO  Title: Validate apt plugin prepare - failing
21:17:05 INFO  ==============================================================
21:17:05 INFO  Testing the apt plugin is not supported on this platform.To run the tests call PySys with -XmyPlatform='container' ... skipped
21:17:05 WARN  Aborted test due to SKIPPED outcome
21:17:05 INFO  
21:17:05 INFO  Test duration: 0.03 secs
21:17:05 INFO  Test final outcome:  SKIPPED
21:17:05 INFO  Test outcome reason: Testing the apt plugin is not supported on this platform.To run the tests call PySys with -XmyPlatform='container'
21:17:05 INFO  
</system-out>
	</testcase>
</testsuite>
