<?xml version="1.0" encoding="utf-8"?>
<testsuite failures="0" name="SoftwareManagement.Plugin.apama_plugin_install" skipped="1" tests="1" time="0.05" timestamp="2022-05-13T15:00:53">
	<testcase classname="ApamaPluginInstallTest" name="SoftwareManagement.Plugin.apama_plugin_install">
		<skipped message="SKIPPED: Apama plugin tests are disabled by default. Execute `pysys run` with `-XmyPlatform=container` to run these tests"/>
		<system-out>15:00:53 INFO  ==============================================================
15:00:53 INFO  Id:    SoftwareManagement.Plugin.apama_plugin_install
15:00:53 INFO  Dir:   plugin_apama/
15:00:53 INFO  Title: Validate apama plugin install
15:00:53 INFO  ==============================================================
15:00:53 INFO  Apama plugin tests are disabled by default. Execute `pysys run` with `-XmyPlatform=container` to run these tests ... skipped
15:00:53 WARN  Aborted test due to SKIPPED outcome
15:00:53 INFO  
15:00:53 INFO  Test duration: 0.05 secs
15:00:53 INFO  Test final outcome:  SKIPPED
15:00:53 INFO  Test outcome reason: Apama plugin tests are disabled by default. Execute `pysys run` with `-XmyPlatform=container` to run these tests
15:00:53 INFO  
</system-out>
	</testcase>
</testsuite>
