<?xml version="1.0" encoding="utf-8"?>
<testsuite failures="0" name="SoftwareManagement.Plugin.apama_plugin_install" skipped="1" tests="1" time="0.06" timestamp="2022-05-03T18:24:53">
	<testcase classname="ApamaPluginInstallTest" name="SoftwareManagement.Plugin.apama_plugin_install">
		<skipped message="SKIPPED: Apama plugin tests are disabled by default. Execute `pysys run` with `-XmyPlatform=container` to run these tests"/>
		<system-out>18:24:53 INFO  ==============================================================
18:24:53 INFO  Id:    SoftwareManagement.Plugin.apama_plugin_install
18:24:53 INFO  Dir:   plugin_apama/
18:24:53 INFO  Title: Validate apama plugin install
18:24:53 INFO  ==============================================================
18:24:53 INFO  Apama plugin tests are disabled by default. Execute `pysys run` with `-XmyPlatform=container` to run these tests ... skipped
18:24:53 WARN  Aborted test due to SKIPPED outcome
18:24:53 INFO  
18:24:53 INFO  Test duration: 0.06 secs
18:24:53 INFO  Test final outcome:  SKIPPED
18:24:53 INFO  Test outcome reason: Apama plugin tests are disabled by default. Execute `pysys run` with `-XmyPlatform=container` to run these tests
18:24:53 INFO  
</system-out>
	</testcase>
</testsuite>
