<?xml version="1.0" encoding="utf-8"?>
<testsuite failures="1" name="agent_init_session" skipped="0" tests="1" time="5.79" timestamp="2022-04-25T21:29:14">
	<testcase classname="AgentInitSession" name="agent_init_session">
		<failure message="FAILED: Grep on sub_resp.out contains &quot;Ld3KgqpcLDlrYH6sfpG7w&quot;" type="FAILED"/>
		<system-out>21:29:08 INFO  ==============================================================
21:29:08 INFO  Id:    agent_init_session
21:29:08 INFO  Dir:   tedge_agent/
21:29:08 INFO  Title: Validate tedge agent init session feature
21:29:08 INFO  ==============================================================
21:29:09 INFO  Executed sudo&lt;remove_lock&gt;, exit status 0
21:29:09 INFO  Executed sudo&lt;agent_clear&gt;, exit status 0
21:29:10 INFO  Executed sudo&lt;agent_init&gt;, exit status 0
21:29:10 INFO  Executed sudo&lt;pub_req&gt;, exit status 0
21:29:10 INFO  Started sudo&lt;sub_resp&gt; with process id 14056
21:29:11 INFO  Executed sudo&lt;agent_start&gt;, exit status 0
21:29:11 INFO  Waiting for 2.0 seconds
21:29:13 INFO  Executed sudo&lt;agent_stop&gt;, exit status 0
21:29:14 INFO  Executed sudo&lt;sub_stop&gt;, exit status 0
21:29:14 WARN  Grep on sub_resp.out contains &quot;Ld3KgqpcLDlrYH6sfpG7w&quot; ... failed [run.py:87]
21:29:14 INFO  
21:29:14 INFO  Test duration: 5.79 secs
21:29:14 INFO  Test final outcome:  FAILED
21:29:14 INFO  Test outcome reason: Grep on sub_resp.out contains &quot;Ld3KgqpcLDlrYH6sfpG7w&quot;
21:29:14 INFO  
</system-out>
	</testcase>
</testsuite>
