<?xml version="1.0" encoding="utf-8"?>
<testsuite failures="0" name="valid_device_id" skipped="0" tests="1" time="31.94" timestamp="2022-04-27T13:08:00">
	<testcase classname="ValidateValidDeviceId" name="valid_device_id"/>
</testsuite>
