<?xml version="1.0" encoding="utf-8"?>
<testsuite failures="1" name="agent_init_session" skipped="0" tests="1" time="5.95" timestamp="2022-05-13T11:16:42">
	<testcase classname="AgentInitSession" name="agent_init_session">
		<failure message="FAILED: Grep on sub_resp.out contains &quot;Ld3KgqpcLDlrYH6sfpG7w&quot;" type="FAILED"/>
		<system-out>11:16:36 INFO  ==============================================================
11:16:36 INFO  Id:    agent_init_session
11:16:36 INFO  Dir:   tedge_agent/
11:16:36 INFO  Title: Validate tedge agent init session feature
11:16:36 INFO  ==============================================================
11:16:36 INFO  Executed sudo&lt;remove_lock&gt;, exit status 0
11:16:37 INFO  Executed sudo&lt;agent_clear&gt;, exit status 0
11:16:37 INFO  Executed sudo&lt;agent_init&gt;, exit status 0
11:16:38 INFO  Executed sudo&lt;pub_req&gt;, exit status 0
11:16:38 INFO  Started sudo&lt;sub_resp&gt; with process id 949
11:16:38 INFO  Executed sudo&lt;agent_start&gt;, exit status 0
11:16:38 INFO  Waiting for 2.0 seconds
11:16:41 INFO  Executed sudo&lt;agent_stop&gt;, exit status 0
11:16:42 INFO  Executed sudo&lt;sub_stop&gt;, exit status 0
11:16:42 WARN  Grep on sub_resp.out contains &quot;Ld3KgqpcLDlrYH6sfpG7w&quot; ... failed [run.py:87]
11:16:42 INFO  
11:16:42 INFO  Test duration: 5.95 secs
11:16:42 INFO  Test final outcome:  FAILED
11:16:42 INFO  Test outcome reason: Grep on sub_resp.out contains &quot;Ld3KgqpcLDlrYH6sfpG7w&quot;
11:16:42 INFO  
</system-out>
	</testcase>
</testsuite>
