<?xml version="1.0" encoding="utf-8"?>
<testsuite failures="0" name="c8y_restart_bridge" skipped="0" tests="1" time="21.6" timestamp="2022-04-28T08:29:48">
	<testcase classname="RestartBridge" name="c8y_restart_bridge"/>
</testsuite>
