<?xml version="1.0" encoding="utf-8"?>
<testsuite failures="0" name="tedge_connect_test_positive" skipped="0" tests="1" time="28.88" timestamp="2022-05-03T13:58:38">
	<testcase classname="TedgeConnectTestPositive" name="tedge_connect_test_positive"/>
</testsuite>
