<?xml version="1.0" encoding="utf-8"?>
<testsuite failures="0" name="publish_sawmill" skipped="0" tests="1" time="78.23" timestamp="2022-05-13T15:03:29">
	<testcase classname="PublishSawmill" name="publish_sawmill"/>
</testsuite>
