<?xml version="1.0" encoding="utf-8"?>
<testsuite failures="1" name="c8y_restart_bridge" skipped="0" tests="1" time="2.46" timestamp="2022-04-27T10:35:48">
	<testcase classname="RestartBridge" name="c8y_restart_bridge">
		<failure message="BLOCKED: sudo&lt;tedge_connect_c8y&gt; returned non-zero exit code 1" type="BLOCKED"/>
		<system-out>10:35:46 INFO  ==============================================================
10:35:46 INFO  Id:    c8y_restart_bridge
10:35:46 INFO  Dir:   tedge_connect/
10:35:46 INFO  Title: Bridge restart
10:35:46 INFO  ==============================================================
10:35:46 INFO  EnvironmentC8y Setup
10:35:46 INFO  Executed systemctl&lt;serv_mapper1&gt;, exit status 3
10:35:47 WARN  Executed sudo&lt;tedge_connect_c8y&gt;, exit status 1
10:35:47 INFO  Contents of tedge_connect_c8y.err: 
  Error: failed to connect Cumulocity cloud.
  Caused by:
      A value for `c8y.url` is missing.
          A value can be set with `tedge config set c8y.url &lt;value&gt;`
  -----

10:35:47 WARN  sudo&lt;tedge_connect_c8y&gt; returned non-zero exit code 1 ... blocked 
10:35:47 WARN  Aborted test due to BLOCKED outcome
10:35:47 INFO  
10:35:47 INFO  cleanup:
10:35:47 INFO  Executed sudo&lt;tedge_disconnect_c8y&gt;, exit status 0
10:35:48 INFO  Executed systemctl&lt;serv_mapper5&gt;, exit status 3
10:35:48 INFO  
10:35:48 INFO  Test duration: 2.46 secs
10:35:48 INFO  Test final outcome:  BLOCKED
10:35:48 INFO  Test outcome reason: sudo&lt;tedge_connect_c8y&gt; returned non-zero exit code 1
10:35:48 INFO  
</system-out>
	</testcase>
</testsuite>
