<?xml version="1.0" encoding="utf-8"?>
<testsuite failures="1" name="SoftwareManagement.sm_apt_install_remove_multiple" skipped="0" tests="1" time="180.12" timestamp="2022-05-03T09:36:52">
	<testcase classname="PySysTest" name="SoftwareManagement.sm_apt_install_remove_multiple">
		<failure message="FAILED: Assert that (False == value) with value=True" type="FAILED"/>
		<system-out>09:33:52 INFO  ==============================================================
09:33:52 INFO  Id:    SoftwareManagement.sm_apt_install_remove_multiple
09:33:52 INFO  Dir:   software_management_end_to_end/
09:33:52 INFO  Title: Validate end to end behaviour for the apt plugin for multiple packages
09:33:52 INFO  ==============================================================
09:33:52 INFO  Using sw id database: {'asciijump': '5475369', 'robotfindskitten': '5474869', 'squirrel3': '5475279', 'rolldice': '5152439', 'moon-buggy': '5439204', 'apple': '5495053', 'banana': '5494888', 'cherry': '5495382', 'watermelon': '5494510', 'registry': '8018911', 'hello-world': '8021526', 'docker/getting-started': '8021973', 'alpine': '7991792'}
09:33:52 INFO  EnvironmentC8y Setup
09:33:53 INFO  Executed systemctl&lt;serv_mapper1&gt;, exit status 3
09:33:53 INFO  Restarting mosquitto too frequently in the last 10 seconds. It was only up for 4 seconds
09:33:53 INFO  Delaying execution by 7 seconds
09:34:14 INFO  Executed sudo&lt;tedge_connect_c8y&gt;, exit status 0, duration 14 secs
09:34:15 INFO  Executed sudo&lt;tedge_connect_c8y_test&gt;, exit status 0
09:34:15 INFO  Executed systemctl&lt;serv_mosq2&gt;, exit status 0
09:34:16 INFO  Executed systemctl&lt;serv_mapper3&gt;, exit status 0
09:34:18 INFO  State of current operation: SUCCESSFUL
09:34:18 INFO  Assert that (False == value) with value=False ... passed
09:34:18 INFO  Assert that (False == value) with value=False ... passed
09:34:19 INFO  Assert that (False == value) with value=False ... passed
09:34:19 INFO  Package robotfindskitten is installed
09:34:19 WARN  Assert that (False == value) with value=True ... failed 
09:34:19 INFO  Response status: 201
09:34:19 INFO  Response to action: {
    &quot;creationTime&quot;: &quot;2022-05-03T09:34:19.535Z&quot;,
    &quot;deviceName&quot;: &quot;m32sd10b&quot;,
    &quot;deviceId&quot;: &quot;18269384&quot;,
    &quot;self&quot;: &quot;https://t493319102.eu-latest.cumulocity.com/devicecontrol/operations/18298305&quot;,
    &quot;id&quot;: &quot;18298305&quot;,
    &quot;status&quot;: &quot;PENDING&quot;,
    &quot;description&quot;: &quot;Apply software changes, triggered from PySys: [{'action': 'install', 'id': '5475369', 'name': 'asciijump', 'url': ' ', 'version': '::apt'}, {'action': 'install', 'id': '5474869', 'name': 'robotfindskitten', 'url': ' ', 'version': '::apt'}, {'action': 'install', 'id': '5475279', 'name': 'squirrel3', 'url': ' ', 'version': '::apt'}]&quot;,
    &quot;c8y_SoftwareUpdate&quot;: [
        {
            &quot;name&quot;: &quot;asciijump&quot;,
            &quot;action&quot;: &quot;install&quot;,
            &quot;id&quot;: &quot;5475369&quot;,
            &quot;version&quot;: &quot;::apt&quot;,
            &quot;url&quot;: &quot; &quot;
        },
        {
            &quot;name&quot;: &quot;robotfindskitten&quot;,
            &quot;action&quot;: &quot;install&quot;,
            &quot;id&quot;: &quot;5474869&quot;,
            &quot;version&quot;: &quot;::apt&quot;,
            &quot;url&quot;: &quot; &quot;
        },
        {
            &quot;name&quot;: &quot;squirrel3&quot;,
            &quot;action&quot;: &quot;install&quot;,
            &quot;id&quot;: &quot;5475279&quot;,
            &quot;version&quot;: &quot;::apt&quot;,
            &quot;url&quot;: &quot; &quot;
        }
    ]
}
09:34:19 INFO  Started operation: {'creationTime': '2022-05-03T09:34:19.535Z', 'deviceName': 'm32sd10b', 'deviceId': '18269384', 'self': 'https://t493319102.eu-latest.cumulocity.com/devicecontrol/operations/18298305', 'id': '18298305', 'status': 'PENDING', 'description': &quot;Apply software changes, triggered from PySys: [{'action': 'install', 'id': '5475369', 'name': 'asciijump', 'url': ' ', 'version': '::apt'}, {'action': 'install', 'id': '5474869', 'name': 'robotfindskitten', 'url': ' ', 'version': '::apt'}, {'action': 'install', 'id': '5475279', 'name': 'squirrel3', 'url': ' ', 'version': '::apt'}]&quot;, 'c8y_SoftwareUpdate': [{'name': 'asciijump', 'action': 'install', 'id': '5475369', 'version': '::apt', 'url': ' '}, {'name': 'robotfindskitten', 'action': 'install', 'id': '5474869', 'version': '::apt', 'url': ' '}, {'name': 'squirrel3', 'action': 'install', 'id': '5475279', 'version': '::apt', 'url': ' '}]}
09:34:21 INFO  State of operation 18298305 : PENDING
09:34:24 INFO  State of operation 18298305 : EXECUTING
09:34:26 INFO  State of operation 18298305 : EXECUTING
09:34:28 INFO  State of operation 18298305 : EXECUTING
09:34:30 INFO  State of operation 18298305 : EXECUTING
09:34:32 INFO  State of operation 18298305 : EXECUTING
09:34:35 INFO  State of operation 18298305 : EXECUTING
09:34:38 INFO  State of operation 18298305 : EXECUTING
09:34:40 INFO  State of operation 18298305 : EXECUTING
09:34:43 INFO  State of operation 18298305 : EXECUTING
09:34:45 INFO  State of operation 18298305 : EXECUTING
09:34:47 INFO  State of operation 18298305 : EXECUTING
09:34:49 INFO  State of operation 18298305 : EXECUTING
09:34:52 INFO  State of operation 18298305 : EXECUTING
09:34:54 INFO  State of operation 18298305 : EXECUTING
09:34:56 INFO  State of operation 18298305 : EXECUTING
09:34:58 INFO  State of operation 18298305 : EXECUTING
09:35:01 INFO  State of operation 18298305 : EXECUTING
09:35:03 INFO  State of operation 18298305 : EXECUTING
09:35:06 INFO  State of operation 18298305 : EXECUTING
09:35:08 INFO  State of operation 18298305 : EXECUTING
09:35:11 INFO  State of operation 18298305 : EXECUTING
09:35:13 INFO  State of operation 18298305 : EXECUTING
09:35:15 INFO  State of operation 18298305 : EXECUTING
09:35:17 INFO  State of operation 18298305 : EXECUTING
09:35:19 INFO  State of operation 18298305 : EXECUTING
09:35:22 INFO  State of operation 18298305 : EXECUTING
09:35:24 INFO  State of operation 18298305 : EXECUTING
09:35:27 INFO  State of operation 18298305 : EXECUTING
09:35:29 INFO  State of operation 18298305 : EXECUTING
09:35:31 INFO  State of operation 18298305 : EXECUTING
09:35:34 INFO  State of operation 18298305 : EXECUTING
09:35:36 INFO  State of operation 18298305 : EXECUTING
09:35:38 INFO  State of operation 18298305 : EXECUTING
09:35:40 INFO  State of operation 18298305 : SUCCESSFUL
09:35:40 INFO  Assert that (False == value) with value=False ... passed
09:35:41 INFO  Package asciijump is installed
09:35:41 INFO  Assert that (True == value) with value=True ... passed
09:35:41 INFO  Package squirrel3 is installed
09:35:41 INFO  Assert that (True == value) with value=True ... passed
09:35:41 INFO  Package robotfindskitten is installed
09:35:41 INFO  Assert that (True == value) with value=True ... passed
09:35:41 INFO  Response status: 201
09:35:41 INFO  Response to action: {
    &quot;creationTime&quot;: &quot;2022-05-03T09:35:41.854Z&quot;,
    &quot;deviceName&quot;: &quot;m32sd10b&quot;,
    &quot;deviceId&quot;: &quot;18269384&quot;,
    &quot;self&quot;: &quot;https://t493319102.eu-latest.cumulocity.com/devicecontrol/operations/18298315&quot;,
    &quot;id&quot;: &quot;18298315&quot;,
    &quot;status&quot;: &quot;PENDING&quot;,
    &quot;description&quot;: &quot;Apply software changes, triggered from PySys: [{'action': 'delete', 'id': '5475369', 'name': 'asciijump', 'url': ' ', 'version': '::apt'}, {'action': 'delete', 'id': '5474869', 'name': 'robotfindskitten', 'url': ' ', 'version': '::apt'}, {'action': 'delete', 'id': '5475279', 'name': 'squirrel3', 'url': ' ', 'version': '::apt'}]&quot;,
    &quot;c8y_SoftwareUpdate&quot;: [
        {
            &quot;name&quot;: &quot;asciijump&quot;,
            &quot;action&quot;: &quot;delete&quot;,
            &quot;id&quot;: &quot;5475369&quot;,
            &quot;version&quot;: &quot;::apt&quot;,
            &quot;url&quot;: &quot; &quot;
        },
        {
            &quot;name&quot;: &quot;robotfindskitten&quot;,
            &quot;action&quot;: &quot;delete&quot;,
            &quot;id&quot;: &quot;5474869&quot;,
            &quot;version&quot;: &quot;::apt&quot;,
            &quot;url&quot;: &quot; &quot;
        },
        {
            &quot;name&quot;: &quot;squirrel3&quot;,
            &quot;action&quot;: &quot;delete&quot;,
            &quot;id&quot;: &quot;5475279&quot;,
            &quot;version&quot;: &quot;::apt&quot;,
            &quot;url&quot;: &quot; &quot;
        }
    ]
}
09:35:41 INFO  Started operation: {'creationTime': '2022-05-03T09:35:41.854Z', 'deviceName': 'm32sd10b', 'deviceId': '18269384', 'self': 'https://t493319102.eu-latest.cumulocity.com/devicecontrol/operations/18298315', 'id': '18298315', 'status': 'PENDING', 'description': &quot;Apply software changes, triggered from PySys: [{'action': 'delete', 'id': '5475369', 'name': 'asciijump', 'url': ' ', 'version': '::apt'}, {'action': 'delete', 'id': '5474869', 'name': 'robotfindskitten', 'url': ' ', 'version': '::apt'}, {'action': 'delete', 'id': '5475279', 'name': 'squirrel3', 'url': ' ', 'version': '::apt'}]&quot;, 'c8y_SoftwareUpdate': [{'name': 'asciijump', 'action': 'delete', 'id': '5475369', 'version': '::apt', 'url': ' '}, {'name': 'robotfindskitten', 'action': 'delete', 'id': '5474869', 'version': '::apt', 'url': ' '}, {'name': 'squirrel3', 'action': 'delete', 'id': '5475279', 'version': '::apt', 'url': ' '}]}
09:35:44 INFO  State of operation 18298315 : PENDING
09:35:46 INFO  State of operation 18298315 : EXECUTING
09:35:48 INFO  State of operation 18298315 : EXECUTING
09:35:50 INFO  State of operation 18298315 : EXECUTING
09:35:53 INFO  State of operation 18298315 : EXECUTING
09:35:55 INFO  State of operation 18298315 : EXECUTING
09:35:58 INFO  State of operation 18298315 : EXECUTING
09:36:01 INFO  State of operation 18298315 : EXECUTING
09:36:03 INFO  State of operation 18298315 : EXECUTING
09:36:05 INFO  State of operation 18298315 : EXECUTING
09:36:07 INFO  State of operation 18298315 : EXECUTING
09:36:10 INFO  State of operation 18298315 : EXECUTING
09:36:12 INFO  State of operation 18298315 : EXECUTING
09:36:14 INFO  State of operation 18298315 : EXECUTING
09:36:16 INFO  State of operation 18298315 : EXECUTING
09:36:19 INFO  State of operation 18298315 : EXECUTING
09:36:21 INFO  State of operation 18298315 : EXECUTING
09:36:24 INFO  State of operation 18298315 : EXECUTING
09:36:26 INFO  State of operation 18298315 : EXECUTING
09:36:28 INFO  State of operation 18298315 : EXECUTING
09:36:31 INFO  State of operation 18298315 : EXECUTING
09:36:33 INFO  State of operation 18298315 : EXECUTING
09:36:35 INFO  State of operation 18298315 : EXECUTING
09:36:37 INFO  State of operation 18298315 : EXECUTING
09:36:40 INFO  State of operation 18298315 : EXECUTING
09:36:42 INFO  State of operation 18298315 : EXECUTING
09:36:45 INFO  State of operation 18298315 : EXECUTING
09:36:47 INFO  State of operation 18298315 : SUCCESSFUL
09:36:47 INFO  Assert that (False == value) with value=False ... passed
09:36:47 INFO  Assert that (False == value) with value=False ... passed
09:36:48 INFO  Assert that (False == value) with value=False ... passed
09:36:48 INFO  Assert that (False == value) with value=False ... passed
09:36:48 INFO  
09:36:48 INFO  cleanup:
09:36:52 INFO  Executed sudo&lt;tedge_disconnect_c8y&gt;, exit status 0
09:36:52 INFO  Executed systemctl&lt;serv_mapper5&gt;, exit status 3
09:36:52 INFO  
09:36:52 INFO  Test duration: 180.12 secs
09:36:52 INFO  Test final outcome:  FAILED
09:36:52 INFO  Test outcome reason: Assert that (False == value) with value=True
09:36:52 INFO  
</system-out>
	</testcase>
</testsuite>
