<?xml version="1.0" encoding="utf-8"?>
<testsuite failures="0" name="apt_prepare" skipped="0" tests="1" time="18.16" timestamp="2022-04-28T08:41:12">
	<testcase classname="AptPluginPrepare" name="apt_prepare"/>
</testsuite>
