<?xml version="1.0" encoding="utf-8"?>
<testsuite failures="1" name="SoftwareManagement.sm_apt_install_remove_multiple_mixed" skipped="0" tests="1" time="178.55" timestamp="2022-05-13T15:47:28">
	<testcase classname="PySysTest" name="SoftwareManagement.sm_apt_install_remove_multiple_mixed">
		<failure message="BLOCKED: SystemError: Timeout while waiting for status SUCCESSFUL or False" type="BLOCKED"/>
		<system-out>15:44:30 INFO  ==============================================================
15:44:30 INFO  Id:    SoftwareManagement.sm_apt_install_remove_multiple_mixed
15:44:30 INFO  Dir:   software_management_end_to_end/
15:44:30 INFO  Title: Validate end to end behaviour for the apt plugin for multiple packages with mixed versions
15:44:30 INFO  ==============================================================
15:44:30 INFO  Using sw id database: {'asciijump': '5475369', 'robotfindskitten': '5474869', 'squirrel3': '5475279', 'rolldice': '5152439', 'moon-buggy': '5439204', 'apple': '5495053', 'banana': '5494888', 'cherry': '5495382', 'watermelon': '5494510', 'registry': '8018911', 'hello-world': '8021526', 'docker/getting-started': '8021973', 'alpine': '7991792'}
15:44:30 INFO  EnvironmentC8y Setup
15:44:30 INFO  Executed systemctl&lt;serv_mapper1&gt;, exit status 3
15:44:31 INFO  Restarting mosquitto too frequently in the last 10 seconds. It was only up for 4 seconds
15:44:31 INFO  Delaying execution by 7 seconds
15:44:51 INFO  Executed sudo&lt;tedge_connect_c8y&gt;, exit status 0, duration 13 secs
15:44:52 INFO  Executed sudo&lt;tedge_connect_c8y_test&gt;, exit status 0
15:44:52 INFO  Executed systemctl&lt;serv_mosq2&gt;, exit status 0
15:44:53 INFO  Executed systemctl&lt;serv_mapper3&gt;, exit status 0
15:44:55 INFO  State of current operation: SUCCESSFUL
15:44:55 INFO  Assert that (False == value) with value=False ... passed
15:44:55 INFO  Assert that (False == value) with value=False ... passed
15:44:56 INFO  Assert that (False == value) with value=False ... passed
15:44:56 INFO  Assert that (False == value) with value=False ... passed
15:44:56 INFO  Assert that (False == value) with value=False ... passed
15:44:57 INFO  Response status: 201
15:44:57 INFO  Response to action: {
    &quot;creationTime&quot;: &quot;2022-05-13T15:44:57.867Z&quot;,
    &quot;deviceId&quot;: &quot;19035650&quot;,
    &quot;deviceName&quot;: &quot;m32sd10b&quot;,
    &quot;self&quot;: &quot;https://t493319102.eu-latest.cumulocity.com/devicecontrol/operations/19054169&quot;,
    &quot;id&quot;: &quot;19054169&quot;,
    &quot;status&quot;: &quot;PENDING&quot;,
    &quot;description&quot;: &quot;Apply software changes, triggered from PySys: [{'action': 'install', 'id': '5475369', 'name': 'asciijump', 'url': ' ', 'version': '::apt'}, {'action': 'install', 'id': '5474869', 'name': 'robotfindskitten', 'url': ' ', 'version': ' '}, {'action': 'install', 'id': '5475279', 'name': 'squirrel3', 'url': ' ', 'version': '3.1-7::apt'}, {'action': 'install', 'id': '5152439', 'name': 'rolldice', 'url': ' ', 'version': '1.16-1+b1'}, {'action': 'install', 'id': '5439204', 'name': 'moon-buggy', 'url': ' ', 'version': '1:1.0.51-12'}, {'action': 'install', 'id': '5475369', 'name': 'asciijump', 'url': ' ', 'version': '::apt'}]&quot;,
    &quot;c8y_SoftwareUpdate&quot;: [
        {
            &quot;name&quot;: &quot;asciijump&quot;,
            &quot;action&quot;: &quot;install&quot;,
            &quot;id&quot;: &quot;5475369&quot;,
            &quot;version&quot;: &quot;::apt&quot;,
            &quot;url&quot;: &quot; &quot;
        },
        {
            &quot;name&quot;: &quot;robotfindskitten&quot;,
            &quot;action&quot;: &quot;install&quot;,
            &quot;id&quot;: &quot;5474869&quot;,
            &quot;version&quot;: &quot; &quot;,
            &quot;url&quot;: &quot; &quot;
        },
        {
            &quot;name&quot;: &quot;squirrel3&quot;,
            &quot;action&quot;: &quot;install&quot;,
            &quot;id&quot;: &quot;5475279&quot;,
            &quot;version&quot;: &quot;3.1-7::apt&quot;,
            &quot;url&quot;: &quot; &quot;
        },
        {
            &quot;name&quot;: &quot;rolldice&quot;,
            &quot;action&quot;: &quot;install&quot;,
            &quot;id&quot;: &quot;5152439&quot;,
            &quot;version&quot;: &quot;1.16-1+b1&quot;,
            &quot;url&quot;: &quot; &quot;
        },
        {
            &quot;name&quot;: &quot;moon-buggy&quot;,
            &quot;action&quot;: &quot;install&quot;,
            &quot;id&quot;: &quot;5439204&quot;,
            &quot;version&quot;: &quot;1:1.0.51-12&quot;,
            &quot;url&quot;: &quot; &quot;
        },
        {
            &quot;name&quot;: &quot;asciijump&quot;,
            &quot;action&quot;: &quot;install&quot;,
            &quot;id&quot;: &quot;5475369&quot;,
            &quot;version&quot;: &quot;::apt&quot;,
            &quot;url&quot;: &quot; &quot;
        }
    ]
}
15:44:57 INFO  Started operation: {'creationTime': '2022-05-13T15:44:57.867Z', 'deviceId': '19035650', 'deviceName': 'm32sd10b', 'self': 'https://t493319102.eu-latest.cumulocity.com/devicecontrol/operations/19054169', 'id': '19054169', 'status': 'PENDING', 'description': &quot;Apply software changes, triggered from PySys: [{'action': 'install', 'id': '5475369', 'name': 'asciijump', 'url': ' ', 'version': '::apt'}, {'action': 'install', 'id': '5474869', 'name': 'robotfindskitten', 'url': ' ', 'version': ' '}, {'action': 'install', 'id': '5475279', 'name': 'squirrel3', 'url': ' ', 'version': '3.1-7::apt'}, {'action': 'install', 'id': '5152439', 'name': 'rolldice', 'url': ' ', 'version': '1.16-1+b1'}, {'action': 'install', 'id': '5439204', 'name': 'moon-buggy', 'url': ' ', 'version': '1:1.0.51-12'}, {'action': 'install', 'id': '5475369', 'name': 'asciijump', 'url': ' ', 'version': '::apt'}]&quot;, 'c8y_SoftwareUpdate': [{'name': 'asciijump', 'action': 'install', 'id': '5475369', 'version': '::apt', 'url': ' '}, {'name': 'robotfindskitten', 'action': 'install', 'id': '5474869', 'version': ' ', 'url': ' '}, {'name': 'squirrel3', 'action': 'install', 'id': '5475279', 'version': '3.1-7::apt', 'url': ' '}, {'name': 'rolldice', 'action': 'install', 'id': '5152439', 'version': '1.16-1+b1', 'url': ' '}, {'name': 'moon-buggy', 'action': 'install', 'id': '5439204', 'version': '1:1.0.51-12', 'url': ' '}, {'name': 'asciijump', 'action': 'install', 'id': '5475369', 'version': '::apt', 'url': ' '}]}
15:45:00 INFO  State of operation 19054169 : PENDING
15:45:02 INFO  State of operation 19054169 : EXECUTING
15:45:04 INFO  State of operation 19054169 : EXECUTING
15:45:06 INFO  State of operation 19054169 : EXECUTING
15:45:09 INFO  State of operation 19054169 : EXECUTING
15:45:11 INFO  State of operation 19054169 : EXECUTING
15:45:13 INFO  State of operation 19054169 : EXECUTING
15:45:16 INFO  State of operation 19054169 : EXECUTING
15:45:19 INFO  State of operation 19054169 : EXECUTING
15:45:21 INFO  State of operation 19054169 : EXECUTING
15:45:23 INFO  State of operation 19054169 : EXECUTING
15:45:25 INFO  State of operation 19054169 : EXECUTING
15:45:28 INFO  State of operation 19054169 : EXECUTING
15:45:30 INFO  State of operation 19054169 : EXECUTING
15:45:32 INFO  State of operation 19054169 : EXECUTING
15:45:34 INFO  State of operation 19054169 : EXECUTING
15:45:37 INFO  State of operation 19054169 : EXECUTING
15:45:40 INFO  State of operation 19054169 : EXECUTING
15:45:42 INFO  State of operation 19054169 : EXECUTING
15:45:44 INFO  State of operation 19054169 : EXECUTING
15:45:46 INFO  State of operation 19054169 : EXECUTING
15:45:49 INFO  State of operation 19054169 : EXECUTING
15:45:51 INFO  State of operation 19054169 : EXECUTING
15:45:54 INFO  State of operation 19054169 : EXECUTING
15:45:56 INFO  State of operation 19054169 : EXECUTING
15:45:59 INFO  State of operation 19054169 : EXECUTING
15:46:01 INFO  State of operation 19054169 : EXECUTING
15:46:03 INFO  State of operation 19054169 : EXECUTING
15:46:05 INFO  State of operation 19054169 : EXECUTING
15:46:08 INFO  State of operation 19054169 : EXECUTING
15:46:10 INFO  State of operation 19054169 : EXECUTING
15:46:12 INFO  State of operation 19054169 : EXECUTING
15:46:15 INFO  State of operation 19054169 : EXECUTING
15:46:17 INFO  State of operation 19054169 : EXECUTING
15:46:19 INFO  State of operation 19054169 : EXECUTING
15:46:21 INFO  State of operation 19054169 : EXECUTING
15:46:23 INFO  State of operation 19054169 : EXECUTING
15:46:27 INFO  State of operation 19054169 : EXECUTING
15:46:29 INFO  State of operation 19054169 : EXECUTING
15:46:32 INFO  State of operation 19054169 : EXECUTING
15:46:34 INFO  State of operation 19054169 : EXECUTING
15:46:36 INFO  State of operation 19054169 : EXECUTING
15:46:38 INFO  State of operation 19054169 : EXECUTING
15:46:41 INFO  State of operation 19054169 : EXECUTING
15:46:43 INFO  State of operation 19054169 : EXECUTING
15:46:45 INFO  State of operation 19054169 : EXECUTING
15:46:47 INFO  State of operation 19054169 : EXECUTING
15:46:50 INFO  State of operation 19054169 : EXECUTING
15:46:52 INFO  State of operation 19054169 : EXECUTING
15:46:55 INFO  State of operation 19054169 : EXECUTING
15:46:57 INFO  State of operation 19054169 : EXECUTING
15:46:59 INFO  State of operation 19054169 : EXECUTING
15:47:01 INFO  State of operation 19054169 : EXECUTING
15:47:04 INFO  State of operation 19054169 : EXECUTING
15:47:06 INFO  State of operation 19054169 : EXECUTING
15:47:09 INFO  State of operation 19054169 : EXECUTING
15:47:11 INFO  State of operation 19054169 : EXECUTING
15:47:14 INFO  State of operation 19054169 : EXECUTING
15:47:16 INFO  State of operation 19054169 : EXECUTING
15:47:19 INFO  State of operation 19054169 : EXECUTING
15:47:21 INFO  State of operation 19054169 : EXECUTING
15:47:23 WARN  SystemError occurred while running test - Timeout while waiting for status SUCCESSFUL or False
Traceback (most recent call last):
  File &quot;/home/pi/env-pysys/lib/python3.7/site-packages/pysys/baserunner.py&quot;, line 1294, in __call__
    self.testObj.execute()
  File &quot;/home/pi/actions-runner/_work/thin-edge.io/thin-edge.io/tests/PySys/software_management_end_to_end/sm_apt_install_remove_multiple_mixed/run.py&quot;, line 89, in execute
    self.wait_until_succcess()
  File &quot;/home/pi/actions-runner/_work/thin-edge.io/thin-edge.io/tests/PySys/software_management_end_to_end/environment_sm_management.py&quot;, line 324, in wait_until_succcess
    self.wait_until_status(&quot;SUCCESSFUL&quot;)
  File &quot;/home/pi/actions-runner/_work/thin-edge.io/thin-edge.io/tests/PySys/software_management_end_to_end/environment_sm_management.py&quot;, line 381, in wait_until_status
    &quot;Timeout while waiting for status %s or %s&quot; % (status, status2)
SystemError: Timeout while waiting for status SUCCESSFUL or False
15:47:23 WARN  SystemError: Timeout while waiting for status SUCCESSFUL or False ... blocked 
15:47:23 INFO  
15:47:23 INFO  cleanup:
15:47:28 INFO  Executed sudo&lt;tedge_disconnect_c8y&gt;, exit status 0
15:47:28 INFO  Executed systemctl&lt;serv_mapper5&gt;, exit status 3
15:47:28 INFO  
15:47:28 INFO  Test duration: 178.55 secs
15:47:28 INFO  Test final outcome:  BLOCKED
15:47:28 INFO  Test outcome reason: SystemError: Timeout while waiting for status SUCCESSFUL or False
15:47:28 INFO  
</system-out>
	</testcase>
</testsuite>
