<?xml version="1.0" encoding="utf-8"?>
<testsuite failures="1" name="SoftwareManagement.sm_apt_install_remove_multiple" skipped="0" tests="1" time="189.53" timestamp="2022-05-02T11:10:45">
	<testcase classname="PySysTest" name="SoftwareManagement.sm_apt_install_remove_multiple">
		<failure message="FAILED: Assert that (False == value) with value=True" type="FAILED"/>
		<system-out>11:07:36 INFO  ==============================================================
11:07:36 INFO  Id:    SoftwareManagement.sm_apt_install_remove_multiple
11:07:36 INFO  Dir:   software_management_end_to_end/
11:07:36 INFO  Title: Validate end to end behaviour for the apt plugin for multiple packages
11:07:36 INFO  ==============================================================
11:07:36 INFO  Using sw id database: {'asciijump': '5475369', 'robotfindskitten': '5474869', 'squirrel3': '5475279', 'rolldice': '5152439', 'moon-buggy': '5439204', 'apple': '5495053', 'banana': '5494888', 'cherry': '5495382', 'watermelon': '5494510', 'registry': '8018911', 'hello-world': '8021526', 'docker/getting-started': '8021973', 'alpine': '7991792'}
11:07:36 INFO  EnvironmentC8y Setup
11:07:36 INFO  Executed systemctl&lt;serv_mapper1&gt;, exit status 3
11:07:36 INFO  Restarting mosquitto too frequently in the last 10 seconds. It was only up for 6 seconds
11:07:36 INFO  Delaying execution by 5 seconds
11:07:57 INFO  Executed sudo&lt;tedge_connect_c8y&gt;, exit status 0, duration 15 secs
11:07:58 INFO  Executed sudo&lt;tedge_connect_c8y_test&gt;, exit status 0
11:07:58 INFO  Executed systemctl&lt;serv_mosq2&gt;, exit status 0
11:07:58 INFO  Executed systemctl&lt;serv_mapper3&gt;, exit status 0
11:08:01 INFO  State of current operation: SUCCESSFUL
11:08:01 INFO  Assert that (False == value) with value=False ... passed
11:08:01 INFO  Assert that (False == value) with value=False ... passed
11:08:01 INFO  Assert that (False == value) with value=False ... passed
11:08:02 INFO  Package robotfindskitten is installed
11:08:02 WARN  Assert that (False == value) with value=True ... failed 
11:08:02 INFO  Response status: 201
11:08:02 INFO  Response to action: {
    &quot;creationTime&quot;: &quot;2022-05-02T11:08:02.350Z&quot;,
    &quot;deviceName&quot;: &quot;m32sd10b&quot;,
    &quot;deviceId&quot;: &quot;18123705&quot;,
    &quot;self&quot;: &quot;https://t493319102.eu-latest.cumulocity.com/devicecontrol/operations/18152808&quot;,
    &quot;id&quot;: &quot;18152808&quot;,
    &quot;status&quot;: &quot;PENDING&quot;,
    &quot;description&quot;: &quot;Apply software changes, triggered from PySys: [{'action': 'install', 'id': '5475369', 'name': 'asciijump', 'url': ' ', 'version': '::apt'}, {'action': 'install', 'id': '5474869', 'name': 'robotfindskitten', 'url': ' ', 'version': '::apt'}, {'action': 'install', 'id': '5475279', 'name': 'squirrel3', 'url': ' ', 'version': '::apt'}]&quot;,
    &quot;c8y_SoftwareUpdate&quot;: [
        {
            &quot;name&quot;: &quot;asciijump&quot;,
            &quot;action&quot;: &quot;install&quot;,
            &quot;id&quot;: &quot;5475369&quot;,
            &quot;version&quot;: &quot;::apt&quot;,
            &quot;url&quot;: &quot; &quot;
        },
        {
            &quot;name&quot;: &quot;robotfindskitten&quot;,
            &quot;action&quot;: &quot;install&quot;,
            &quot;id&quot;: &quot;5474869&quot;,
            &quot;version&quot;: &quot;::apt&quot;,
            &quot;url&quot;: &quot; &quot;
        },
        {
            &quot;name&quot;: &quot;squirrel3&quot;,
            &quot;action&quot;: &quot;install&quot;,
            &quot;id&quot;: &quot;5475279&quot;,
            &quot;version&quot;: &quot;::apt&quot;,
            &quot;url&quot;: &quot; &quot;
        }
    ]
}
11:08:02 INFO  Started operation: {'creationTime': '2022-05-02T11:08:02.350Z', 'deviceName': 'm32sd10b', 'deviceId': '18123705', 'self': 'https://t493319102.eu-latest.cumulocity.com/devicecontrol/operations/18152808', 'id': '18152808', 'status': 'PENDING', 'description': &quot;Apply software changes, triggered from PySys: [{'action': 'install', 'id': '5475369', 'name': 'asciijump', 'url': ' ', 'version': '::apt'}, {'action': 'install', 'id': '5474869', 'name': 'robotfindskitten', 'url': ' ', 'version': '::apt'}, {'action': 'install', 'id': '5475279', 'name': 'squirrel3', 'url': ' ', 'version': '::apt'}]&quot;, 'c8y_SoftwareUpdate': [{'name': 'asciijump', 'action': 'install', 'id': '5475369', 'version': '::apt', 'url': ' '}, {'name': 'robotfindskitten', 'action': 'install', 'id': '5474869', 'version': '::apt', 'url': ' '}, {'name': 'squirrel3', 'action': 'install', 'id': '5475279', 'version': '::apt', 'url': ' '}]}
11:08:04 INFO  State of operation 18152808 : PENDING
11:08:06 INFO  State of operation 18152808 : EXECUTING
11:08:09 INFO  State of operation 18152808 : EXECUTING
11:08:11 INFO  State of operation 18152808 : EXECUTING
11:08:13 INFO  State of operation 18152808 : EXECUTING
11:08:15 INFO  State of operation 18152808 : EXECUTING
11:08:18 INFO  State of operation 18152808 : EXECUTING
11:08:22 INFO  State of operation 18152808 : EXECUTING
11:08:24 INFO  State of operation 18152808 : EXECUTING
11:08:26 INFO  State of operation 18152808 : EXECUTING
11:08:29 INFO  State of operation 18152808 : EXECUTING
11:08:31 INFO  State of operation 18152808 : EXECUTING
11:08:33 INFO  State of operation 18152808 : EXECUTING
11:08:35 INFO  State of operation 18152808 : EXECUTING
11:08:38 INFO  State of operation 18152808 : EXECUTING
11:08:40 INFO  State of operation 18152808 : EXECUTING
11:08:42 INFO  State of operation 18152808 : EXECUTING
11:08:45 INFO  State of operation 18152808 : EXECUTING
11:08:47 INFO  State of operation 18152808 : EXECUTING
11:08:50 INFO  State of operation 18152808 : EXECUTING
11:08:52 INFO  State of operation 18152808 : EXECUTING
11:08:54 INFO  State of operation 18152808 : EXECUTING
11:08:57 INFO  State of operation 18152808 : EXECUTING
11:08:59 INFO  State of operation 18152808 : EXECUTING
11:09:02 INFO  State of operation 18152808 : EXECUTING
11:09:04 INFO  State of operation 18152808 : EXECUTING
11:09:07 INFO  State of operation 18152808 : EXECUTING
11:09:09 INFO  State of operation 18152808 : EXECUTING
11:09:12 INFO  State of operation 18152808 : EXECUTING
11:09:14 INFO  State of operation 18152808 : EXECUTING
11:09:16 INFO  State of operation 18152808 : EXECUTING
11:09:19 INFO  State of operation 18152808 : EXECUTING
11:09:21 INFO  State of operation 18152808 : EXECUTING
11:09:23 INFO  State of operation 18152808 : EXECUTING
11:09:25 INFO  State of operation 18152808 : SUCCESSFUL
11:09:26 INFO  Assert that (False == value) with value=False ... passed
11:09:26 INFO  Package asciijump is installed
11:09:26 INFO  Assert that (True == value) with value=True ... passed
11:09:26 INFO  Package squirrel3 is installed
11:09:26 INFO  Assert that (True == value) with value=True ... passed
11:09:26 INFO  Package robotfindskitten is installed
11:09:26 INFO  Assert that (True == value) with value=True ... passed
11:09:27 INFO  Response status: 201
11:09:27 INFO  Response to action: {
    &quot;creationTime&quot;: &quot;2022-05-02T11:09:26.972Z&quot;,
    &quot;deviceName&quot;: &quot;m32sd10b&quot;,
    &quot;deviceId&quot;: &quot;18123705&quot;,
    &quot;self&quot;: &quot;https://t493319102.eu-latest.cumulocity.com/devicecontrol/operations/18152829&quot;,
    &quot;id&quot;: &quot;18152829&quot;,
    &quot;status&quot;: &quot;PENDING&quot;,
    &quot;description&quot;: &quot;Apply software changes, triggered from PySys: [{'action': 'delete', 'id': '5475369', 'name': 'asciijump', 'url': ' ', 'version': '::apt'}, {'action': 'delete', 'id': '5474869', 'name': 'robotfindskitten', 'url': ' ', 'version': '::apt'}, {'action': 'delete', 'id': '5475279', 'name': 'squirrel3', 'url': ' ', 'version': '::apt'}]&quot;,
    &quot;c8y_SoftwareUpdate&quot;: [
        {
            &quot;name&quot;: &quot;asciijump&quot;,
            &quot;action&quot;: &quot;delete&quot;,
            &quot;id&quot;: &quot;5475369&quot;,
            &quot;version&quot;: &quot;::apt&quot;,
            &quot;url&quot;: &quot; &quot;
        },
        {
            &quot;name&quot;: &quot;robotfindskitten&quot;,
            &quot;action&quot;: &quot;delete&quot;,
            &quot;id&quot;: &quot;5474869&quot;,
            &quot;version&quot;: &quot;::apt&quot;,
            &quot;url&quot;: &quot; &quot;
        },
        {
            &quot;name&quot;: &quot;squirrel3&quot;,
            &quot;action&quot;: &quot;delete&quot;,
            &quot;id&quot;: &quot;5475279&quot;,
            &quot;version&quot;: &quot;::apt&quot;,
            &quot;url&quot;: &quot; &quot;
        }
    ]
}
11:09:27 INFO  Started operation: {'creationTime': '2022-05-02T11:09:26.972Z', 'deviceName': 'm32sd10b', 'deviceId': '18123705', 'self': 'https://t493319102.eu-latest.cumulocity.com/devicecontrol/operations/18152829', 'id': '18152829', 'status': 'PENDING', 'description': &quot;Apply software changes, triggered from PySys: [{'action': 'delete', 'id': '5475369', 'name': 'asciijump', 'url': ' ', 'version': '::apt'}, {'action': 'delete', 'id': '5474869', 'name': 'robotfindskitten', 'url': ' ', 'version': '::apt'}, {'action': 'delete', 'id': '5475279', 'name': 'squirrel3', 'url': ' ', 'version': '::apt'}]&quot;, 'c8y_SoftwareUpdate': [{'name': 'asciijump', 'action': 'delete', 'id': '5475369', 'version': '::apt', 'url': ' '}, {'name': 'robotfindskitten', 'action': 'delete', 'id': '5474869', 'version': '::apt', 'url': ' '}, {'name': 'squirrel3', 'action': 'delete', 'id': '5475279', 'version': '::apt', 'url': ' '}]}
11:09:29 INFO  State of operation 18152829 : PENDING
11:09:31 INFO  State of operation 18152829 : EXECUTING
11:09:34 INFO  State of operation 18152829 : EXECUTING
11:09:36 INFO  State of operation 18152829 : EXECUTING
11:09:38 INFO  State of operation 18152829 : EXECUTING
11:09:40 INFO  State of operation 18152829 : EXECUTING
11:09:44 INFO  State of operation 18152829 : EXECUTING
11:09:46 INFO  State of operation 18152829 : EXECUTING
11:09:49 INFO  State of operation 18152829 : EXECUTING
11:09:51 INFO  State of operation 18152829 : EXECUTING
11:09:53 INFO  State of operation 18152829 : EXECUTING
11:09:55 INFO  State of operation 18152829 : EXECUTING
11:09:58 INFO  State of operation 18152829 : EXECUTING
11:10:00 INFO  State of operation 18152829 : EXECUTING
11:10:02 INFO  State of operation 18152829 : EXECUTING
11:10:05 INFO  State of operation 18152829 : EXECUTING
11:10:07 INFO  State of operation 18152829 : EXECUTING
11:10:09 INFO  State of operation 18152829 : EXECUTING
11:10:12 INFO  State of operation 18152829 : EXECUTING
11:10:14 INFO  State of operation 18152829 : EXECUTING
11:10:16 INFO  State of operation 18152829 : EXECUTING
11:10:19 INFO  State of operation 18152829 : EXECUTING
11:10:21 INFO  State of operation 18152829 : EXECUTING
11:10:23 INFO  State of operation 18152829 : EXECUTING
11:10:26 INFO  State of operation 18152829 : EXECUTING
11:10:28 INFO  State of operation 18152829 : EXECUTING
11:10:30 INFO  State of operation 18152829 : EXECUTING
11:10:33 INFO  State of operation 18152829 : EXECUTING
11:10:35 INFO  State of operation 18152829 : EXECUTING
11:10:37 INFO  State of operation 18152829 : EXECUTING
11:10:39 INFO  State of operation 18152829 : SUCCESSFUL
11:10:40 INFO  Assert that (False == value) with value=False ... passed
11:10:40 INFO  Assert that (False == value) with value=False ... passed
11:10:40 INFO  Assert that (False == value) with value=False ... passed
11:10:40 INFO  Assert that (False == value) with value=False ... passed
11:10:40 INFO  
11:10:40 INFO  cleanup:
11:10:44 INFO  Executed sudo&lt;tedge_disconnect_c8y&gt;, exit status 0
11:10:45 INFO  Executed systemctl&lt;serv_mapper5&gt;, exit status 3
11:10:45 INFO  
11:10:45 INFO  Test duration: 189.53 secs
11:10:45 INFO  Test final outcome:  FAILED
11:10:45 INFO  Test outcome reason: Assert that (False == value) with value=True
11:10:45 INFO  
</system-out>
	</testcase>
</testsuite>
