<?xml version="1.0" encoding="utf-8"?>
<testsuite failures="1" name="SoftwareManagement.sm_apt_install_remove_multiple" skipped="0" tests="1" time="178.22" timestamp="2022-05-04T09:09:00">
	<testcase classname="PySysTest" name="SoftwareManagement.sm_apt_install_remove_multiple">
		<failure message="FAILED: Assert that (False == value) with value=True" type="FAILED"/>
		<system-out>09:06:02 INFO  ==============================================================
09:06:02 INFO  Id:    SoftwareManagement.sm_apt_install_remove_multiple
09:06:02 INFO  Dir:   software_management_end_to_end/
09:06:02 INFO  Title: Validate end to end behaviour for the apt plugin for multiple packages
09:06:02 INFO  ==============================================================
09:06:02 INFO  Using sw id database: {'asciijump': '5475369', 'robotfindskitten': '5474869', 'squirrel3': '5475279', 'rolldice': '5152439', 'moon-buggy': '5439204', 'apple': '5495053', 'banana': '5494888', 'cherry': '5495382', 'watermelon': '5494510', 'registry': '8018911', 'hello-world': '8021526', 'docker/getting-started': '8021973', 'alpine': '7991792'}
09:06:02 INFO  EnvironmentC8y Setup
09:06:02 INFO  Executed systemctl&lt;serv_mapper1&gt;, exit status 3
09:06:02 INFO  Restarting mosquitto too frequently in the last 10 seconds. It was only up for 5 seconds
09:06:02 INFO  Delaying execution by 6 seconds
09:06:23 INFO  Executed sudo&lt;tedge_connect_c8y&gt;, exit status 0, duration 14 secs
09:06:23 INFO  Executed sudo&lt;tedge_connect_c8y_test&gt;, exit status 0
09:06:24 INFO  Executed systemctl&lt;serv_mosq2&gt;, exit status 0
09:06:24 INFO  Executed systemctl&lt;serv_mapper3&gt;, exit status 0
09:06:26 INFO  State of current operation: SUCCESSFUL
09:06:27 INFO  Assert that (False == value) with value=False ... passed
09:06:27 INFO  Assert that (False == value) with value=False ... passed
09:06:27 INFO  Assert that (False == value) with value=False ... passed
09:06:27 INFO  Package robotfindskitten is installed
09:06:27 WARN  Assert that (False == value) with value=True ... failed 
09:06:28 INFO  Response status: 201
09:06:28 INFO  Response to action: {
    &quot;delivery&quot;: {
        &quot;time&quot;: &quot;2022-05-04T09:06:27.979Z&quot;,
        &quot;log&quot;: [],
        &quot;status&quot;: &quot;PENDING&quot;
    },
    &quot;creationTime&quot;: &quot;2022-05-04T09:06:27.963Z&quot;,
    &quot;deviceName&quot;: &quot;m32sd10b&quot;,
    &quot;deviceId&quot;: &quot;18363620&quot;,
    &quot;self&quot;: &quot;https://t493319102.eu-latest.cumulocity.com/devicecontrol/operations/18389245&quot;,
    &quot;id&quot;: &quot;18389245&quot;,
    &quot;status&quot;: &quot;PENDING&quot;,
    &quot;description&quot;: &quot;Apply software changes, triggered from PySys: [{'action': 'install', 'id': '5475369', 'name': 'asciijump', 'url': ' ', 'version': '::apt'}, {'action': 'install', 'id': '5474869', 'name': 'robotfindskitten', 'url': ' ', 'version': '::apt'}, {'action': 'install', 'id': '5475279', 'name': 'squirrel3', 'url': ' ', 'version': '::apt'}]&quot;,
    &quot;c8y_SoftwareUpdate&quot;: [
        {
            &quot;name&quot;: &quot;asciijump&quot;,
            &quot;action&quot;: &quot;install&quot;,
            &quot;id&quot;: &quot;5475369&quot;,
            &quot;version&quot;: &quot;::apt&quot;,
            &quot;url&quot;: &quot; &quot;
        },
        {
            &quot;name&quot;: &quot;robotfindskitten&quot;,
            &quot;action&quot;: &quot;install&quot;,
            &quot;id&quot;: &quot;5474869&quot;,
            &quot;version&quot;: &quot;::apt&quot;,
            &quot;url&quot;: &quot; &quot;
        },
        {
            &quot;name&quot;: &quot;squirrel3&quot;,
            &quot;action&quot;: &quot;install&quot;,
            &quot;id&quot;: &quot;5475279&quot;,
            &quot;version&quot;: &quot;::apt&quot;,
            &quot;url&quot;: &quot; &quot;
        }
    ]
}
09:06:28 INFO  Started operation: {'delivery': {'time': '2022-05-04T09:06:27.979Z', 'log': [], 'status': 'PENDING'}, 'creationTime': '2022-05-04T09:06:27.963Z', 'deviceName': 'm32sd10b', 'deviceId': '18363620', 'self': 'https://t493319102.eu-latest.cumulocity.com/devicecontrol/operations/18389245', 'id': '18389245', 'status': 'PENDING', 'description': &quot;Apply software changes, triggered from PySys: [{'action': 'install', 'id': '5475369', 'name': 'asciijump', 'url': ' ', 'version': '::apt'}, {'action': 'install', 'id': '5474869', 'name': 'robotfindskitten', 'url': ' ', 'version': '::apt'}, {'action': 'install', 'id': '5475279', 'name': 'squirrel3', 'url': ' ', 'version': '::apt'}]&quot;, 'c8y_SoftwareUpdate': [{'name': 'asciijump', 'action': 'install', 'id': '5475369', 'version': '::apt', 'url': ' '}, {'name': 'robotfindskitten', 'action': 'install', 'id': '5474869', 'version': '::apt', 'url': ' '}, {'name': 'squirrel3', 'action': 'install', 'id': '5475279', 'version': '::apt', 'url': ' '}]}
09:06:30 INFO  State of operation 18389245 : PENDING
09:06:32 INFO  State of operation 18389245 : EXECUTING
09:06:34 INFO  State of operation 18389245 : EXECUTING
09:06:36 INFO  State of operation 18389245 : EXECUTING
09:06:39 INFO  State of operation 18389245 : EXECUTING
09:06:41 INFO  State of operation 18389245 : EXECUTING
09:06:44 INFO  State of operation 18389245 : EXECUTING
09:06:46 INFO  State of operation 18389245 : EXECUTING
09:06:49 INFO  State of operation 18389245 : EXECUTING
09:06:51 INFO  State of operation 18389245 : EXECUTING
09:06:53 INFO  State of operation 18389245 : EXECUTING
09:06:56 INFO  State of operation 18389245 : EXECUTING
09:06:58 INFO  State of operation 18389245 : EXECUTING
09:07:00 INFO  State of operation 18389245 : EXECUTING
09:07:02 INFO  State of operation 18389245 : EXECUTING
09:07:05 INFO  State of operation 18389245 : EXECUTING
09:07:07 INFO  State of operation 18389245 : EXECUTING
09:07:10 INFO  State of operation 18389245 : EXECUTING
09:07:12 INFO  State of operation 18389245 : EXECUTING
09:07:14 INFO  State of operation 18389245 : EXECUTING
09:07:16 INFO  State of operation 18389245 : EXECUTING
09:07:19 INFO  State of operation 18389245 : EXECUTING
09:07:21 INFO  State of operation 18389245 : EXECUTING
09:07:24 INFO  State of operation 18389245 : EXECUTING
09:07:26 INFO  State of operation 18389245 : EXECUTING
09:07:29 INFO  State of operation 18389245 : EXECUTING
09:07:31 INFO  State of operation 18389245 : EXECUTING
09:07:34 INFO  State of operation 18389245 : EXECUTING
09:07:36 INFO  State of operation 18389245 : EXECUTING
09:07:38 INFO  State of operation 18389245 : EXECUTING
09:07:41 INFO  State of operation 18389245 : EXECUTING
09:07:43 INFO  State of operation 18389245 : EXECUTING
09:07:45 INFO  State of operation 18389245 : EXECUTING
09:07:47 INFO  State of operation 18389245 : SUCCESSFUL
09:07:47 INFO  Assert that (False == value) with value=False ... passed
09:07:48 INFO  Package asciijump is installed
09:07:48 INFO  Assert that (True == value) with value=True ... passed
09:07:48 INFO  Package squirrel3 is installed
09:07:48 INFO  Assert that (True == value) with value=True ... passed
09:07:48 INFO  Package robotfindskitten is installed
09:07:48 INFO  Assert that (True == value) with value=True ... passed
09:07:48 INFO  Response status: 201
09:07:48 INFO  Response to action: {
    &quot;delivery&quot;: {
        &quot;time&quot;: &quot;2022-05-04T09:07:48.945Z&quot;,
        &quot;log&quot;: [],
        &quot;status&quot;: &quot;PENDING&quot;
    },
    &quot;creationTime&quot;: &quot;2022-05-04T09:07:48.928Z&quot;,
    &quot;deviceName&quot;: &quot;m32sd10b&quot;,
    &quot;deviceId&quot;: &quot;18363620&quot;,
    &quot;self&quot;: &quot;https://t493319102.eu-latest.cumulocity.com/devicecontrol/operations/18389277&quot;,
    &quot;id&quot;: &quot;18389277&quot;,
    &quot;status&quot;: &quot;PENDING&quot;,
    &quot;description&quot;: &quot;Apply software changes, triggered from PySys: [{'action': 'delete', 'id': '5475369', 'name': 'asciijump', 'url': ' ', 'version': '::apt'}, {'action': 'delete', 'id': '5474869', 'name': 'robotfindskitten', 'url': ' ', 'version': '::apt'}, {'action': 'delete', 'id': '5475279', 'name': 'squirrel3', 'url': ' ', 'version': '::apt'}]&quot;,
    &quot;c8y_SoftwareUpdate&quot;: [
        {
            &quot;name&quot;: &quot;asciijump&quot;,
            &quot;action&quot;: &quot;delete&quot;,
            &quot;id&quot;: &quot;5475369&quot;,
            &quot;version&quot;: &quot;::apt&quot;,
            &quot;url&quot;: &quot; &quot;
        },
        {
            &quot;name&quot;: &quot;robotfindskitten&quot;,
            &quot;action&quot;: &quot;delete&quot;,
            &quot;id&quot;: &quot;5474869&quot;,
            &quot;version&quot;: &quot;::apt&quot;,
            &quot;url&quot;: &quot; &quot;
        },
        {
            &quot;name&quot;: &quot;squirrel3&quot;,
            &quot;action&quot;: &quot;delete&quot;,
            &quot;id&quot;: &quot;5475279&quot;,
            &quot;version&quot;: &quot;::apt&quot;,
            &quot;url&quot;: &quot; &quot;
        }
    ]
}
09:07:48 INFO  Started operation: {'delivery': {'time': '2022-05-04T09:07:48.945Z', 'log': [], 'status': 'PENDING'}, 'creationTime': '2022-05-04T09:07:48.928Z', 'deviceName': 'm32sd10b', 'deviceId': '18363620', 'self': 'https://t493319102.eu-latest.cumulocity.com/devicecontrol/operations/18389277', 'id': '18389277', 'status': 'PENDING', 'description': &quot;Apply software changes, triggered from PySys: [{'action': 'delete', 'id': '5475369', 'name': 'asciijump', 'url': ' ', 'version': '::apt'}, {'action': 'delete', 'id': '5474869', 'name': 'robotfindskitten', 'url': ' ', 'version': '::apt'}, {'action': 'delete', 'id': '5475279', 'name': 'squirrel3', 'url': ' ', 'version': '::apt'}]&quot;, 'c8y_SoftwareUpdate': [{'name': 'asciijump', 'action': 'delete', 'id': '5475369', 'version': '::apt', 'url': ' '}, {'name': 'robotfindskitten', 'action': 'delete', 'id': '5474869', 'version': '::apt', 'url': ' '}, {'name': 'squirrel3', 'action': 'delete', 'id': '5475279', 'version': '::apt', 'url': ' '}]}
09:07:51 INFO  State of operation 18389277 : PENDING
09:07:53 INFO  State of operation 18389277 : EXECUTING
09:07:55 INFO  State of operation 18389277 : EXECUTING
09:07:57 INFO  State of operation 18389277 : EXECUTING
09:08:00 INFO  State of operation 18389277 : EXECUTING
09:08:02 INFO  State of operation 18389277 : EXECUTING
09:08:04 INFO  State of operation 18389277 : EXECUTING
09:08:08 INFO  State of operation 18389277 : EXECUTING
09:08:10 INFO  State of operation 18389277 : EXECUTING
09:08:13 INFO  State of operation 18389277 : EXECUTING
09:08:15 INFO  State of operation 18389277 : EXECUTING
09:08:17 INFO  State of operation 18389277 : EXECUTING
09:08:19 INFO  State of operation 18389277 : EXECUTING
09:08:22 INFO  State of operation 18389277 : EXECUTING
09:08:24 INFO  State of operation 18389277 : EXECUTING
09:08:26 INFO  State of operation 18389277 : EXECUTING
09:08:29 INFO  State of operation 18389277 : EXECUTING
09:08:31 INFO  State of operation 18389277 : EXECUTING
09:08:34 INFO  State of operation 18389277 : EXECUTING
09:08:36 INFO  State of operation 18389277 : EXECUTING
09:08:38 INFO  State of operation 18389277 : EXECUTING
09:08:40 INFO  State of operation 18389277 : EXECUTING
09:08:43 INFO  State of operation 18389277 : EXECUTING
09:08:45 INFO  State of operation 18389277 : EXECUTING
09:08:48 INFO  State of operation 18389277 : EXECUTING
09:08:50 INFO  State of operation 18389277 : EXECUTING
09:08:52 INFO  State of operation 18389277 : EXECUTING
09:08:54 INFO  State of operation 18389277 : SUCCESSFUL
09:08:55 INFO  Assert that (False == value) with value=False ... passed
09:08:55 INFO  Assert that (False == value) with value=False ... passed
09:08:55 INFO  Assert that (False == value) with value=False ... passed
09:08:55 INFO  Assert that (False == value) with value=False ... passed
09:08:55 INFO  
09:08:55 INFO  cleanup:
09:08:59 INFO  Executed sudo&lt;tedge_disconnect_c8y&gt;, exit status 0
09:09:00 INFO  Executed systemctl&lt;serv_mapper5&gt;, exit status 3
09:09:00 INFO  
09:09:00 INFO  Test duration: 178.22 secs
09:09:00 INFO  Test final outcome:  FAILED
09:09:00 INFO  Test outcome reason: Assert that (False == value) with value=True
09:09:00 INFO  
</system-out>
	</testcase>
</testsuite>
