<?xml version="1.0" encoding="utf-8"?>
<testsuite failures="0" name="apt_install_fail" skipped="0" tests="1" time="11.16" timestamp="2022-04-27T10:36:05">
	<testcase classname="AptPluginInstallFail" name="apt_install_fail"/>
</testsuite>
