<?xml version="1.0" encoding="utf-8"?>
<testsuite failures="0" name="apt_finalize" skipped="0" tests="1" time="151.69" timestamp="2022-05-11T10:28:07">
	<testcase classname="AptPluginFinalize" name="apt_finalize"/>
</testsuite>
