<?xml version="1.0" encoding="utf-8"?>
<testsuite failures="0" name="apt_prepare" skipped="0" tests="1" time="17.94" timestamp="2022-05-12T09:16:37">
	<testcase classname="AptPluginPrepare" name="apt_prepare"/>
</testsuite>
