<?xml version="1.0" encoding="utf-8"?>
<testsuite failures="1" name="SoftwareManagement.sm_apt_install_remove_multiple" skipped="0" tests="1" time="179.37" timestamp="2022-05-11T12:25:19">
	<testcase classname="PySysTest" name="SoftwareManagement.sm_apt_install_remove_multiple">
		<failure message="FAILED: Assert that (False == value) with value=True" type="FAILED"/>
		<system-out>12:22:20 INFO  ==============================================================
12:22:20 INFO  Id:    SoftwareManagement.sm_apt_install_remove_multiple
12:22:20 INFO  Dir:   software_management_end_to_end/
12:22:20 INFO  Title: Validate end to end behaviour for the apt plugin for multiple packages
12:22:20 INFO  ==============================================================
12:22:20 INFO  Using sw id database: {'asciijump': '5475369', 'robotfindskitten': '5474869', 'squirrel3': '5475279', 'rolldice': '5152439', 'moon-buggy': '5439204', 'apple': '5495053', 'banana': '5494888', 'cherry': '5495382', 'watermelon': '5494510', 'registry': '8018911', 'hello-world': '8021526', 'docker/getting-started': '8021973', 'alpine': '7991792'}
12:22:20 INFO  EnvironmentC8y Setup
12:22:20 INFO  Executed systemctl&lt;serv_mapper1&gt;, exit status 3
12:22:20 INFO  Restarting mosquitto too frequently in the last 10 seconds. It was only up for 5 seconds
12:22:20 INFO  Delaying execution by 6 seconds
12:22:40 INFO  Executed sudo&lt;tedge_connect_c8y&gt;, exit status 0, duration 14 secs
12:22:41 INFO  Executed sudo&lt;tedge_connect_c8y_test&gt;, exit status 0
12:22:41 INFO  Executed systemctl&lt;serv_mosq2&gt;, exit status 0
12:22:42 INFO  Executed systemctl&lt;serv_mapper3&gt;, exit status 0
12:22:44 INFO  State of current operation: SUCCESSFUL
12:22:44 INFO  Assert that (False == value) with value=False ... passed
12:22:45 INFO  Assert that (False == value) with value=False ... passed
12:22:45 INFO  Assert that (False == value) with value=False ... passed
12:22:45 INFO  Package robotfindskitten is installed
12:22:45 WARN  Assert that (False == value) with value=True ... failed 
12:22:45 INFO  Response status: 201
12:22:45 INFO  Response to action: {
    &quot;creationTime&quot;: &quot;2022-05-11T12:22:45.721Z&quot;,
    &quot;deviceName&quot;: &quot;m32sd10b&quot;,
    &quot;deviceId&quot;: &quot;18764684&quot;,
    &quot;self&quot;: &quot;https://t493319102.eu-latest.cumulocity.com/devicecontrol/operations/18840648&quot;,
    &quot;id&quot;: &quot;18840648&quot;,
    &quot;status&quot;: &quot;PENDING&quot;,
    &quot;description&quot;: &quot;Apply software changes, triggered from PySys: [{'action': 'install', 'id': '5475369', 'name': 'asciijump', 'url': ' ', 'version': '::apt'}, {'action': 'install', 'id': '5474869', 'name': 'robotfindskitten', 'url': ' ', 'version': '::apt'}, {'action': 'install', 'id': '5475279', 'name': 'squirrel3', 'url': ' ', 'version': '::apt'}]&quot;,
    &quot;c8y_SoftwareUpdate&quot;: [
        {
            &quot;name&quot;: &quot;asciijump&quot;,
            &quot;action&quot;: &quot;install&quot;,
            &quot;id&quot;: &quot;5475369&quot;,
            &quot;version&quot;: &quot;::apt&quot;,
            &quot;url&quot;: &quot; &quot;
        },
        {
            &quot;name&quot;: &quot;robotfindskitten&quot;,
            &quot;action&quot;: &quot;install&quot;,
            &quot;id&quot;: &quot;5474869&quot;,
            &quot;version&quot;: &quot;::apt&quot;,
            &quot;url&quot;: &quot; &quot;
        },
        {
            &quot;name&quot;: &quot;squirrel3&quot;,
            &quot;action&quot;: &quot;install&quot;,
            &quot;id&quot;: &quot;5475279&quot;,
            &quot;version&quot;: &quot;::apt&quot;,
            &quot;url&quot;: &quot; &quot;
        }
    ]
}
12:22:45 INFO  Started operation: {'creationTime': '2022-05-11T12:22:45.721Z', 'deviceName': 'm32sd10b', 'deviceId': '18764684', 'self': 'https://t493319102.eu-latest.cumulocity.com/devicecontrol/operations/18840648', 'id': '18840648', 'status': 'PENDING', 'description': &quot;Apply software changes, triggered from PySys: [{'action': 'install', 'id': '5475369', 'name': 'asciijump', 'url': ' ', 'version': '::apt'}, {'action': 'install', 'id': '5474869', 'name': 'robotfindskitten', 'url': ' ', 'version': '::apt'}, {'action': 'install', 'id': '5475279', 'name': 'squirrel3', 'url': ' ', 'version': '::apt'}]&quot;, 'c8y_SoftwareUpdate': [{'name': 'asciijump', 'action': 'install', 'id': '5475369', 'version': '::apt', 'url': ' '}, {'name': 'robotfindskitten', 'action': 'install', 'id': '5474869', 'version': '::apt', 'url': ' '}, {'name': 'squirrel3', 'action': 'install', 'id': '5475279', 'version': '::apt', 'url': ' '}]}
12:22:47 INFO  State of operation 18840648 : PENDING
12:22:50 INFO  State of operation 18840648 : EXECUTING
12:22:52 INFO  State of operation 18840648 : EXECUTING
12:22:54 INFO  State of operation 18840648 : EXECUTING
12:22:56 INFO  State of operation 18840648 : EXECUTING
12:22:59 INFO  State of operation 18840648 : EXECUTING
12:23:01 INFO  State of operation 18840648 : EXECUTING
12:23:04 INFO  State of operation 18840648 : EXECUTING
12:23:07 INFO  State of operation 18840648 : EXECUTING
12:23:09 INFO  State of operation 18840648 : EXECUTING
12:23:11 INFO  State of operation 18840648 : EXECUTING
12:23:13 INFO  State of operation 18840648 : EXECUTING
12:23:16 INFO  State of operation 18840648 : EXECUTING
12:23:18 INFO  State of operation 18840648 : EXECUTING
12:23:20 INFO  State of operation 18840648 : EXECUTING
12:23:22 INFO  State of operation 18840648 : EXECUTING
12:23:25 INFO  State of operation 18840648 : EXECUTING
12:23:27 INFO  State of operation 18840648 : EXECUTING
12:23:30 INFO  State of operation 18840648 : EXECUTING
12:23:32 INFO  State of operation 18840648 : EXECUTING
12:23:34 INFO  State of operation 18840648 : EXECUTING
12:23:37 INFO  State of operation 18840648 : EXECUTING
12:23:39 INFO  State of operation 18840648 : EXECUTING
12:23:41 INFO  State of operation 18840648 : EXECUTING
12:23:44 INFO  State of operation 18840648 : EXECUTING
12:23:46 INFO  State of operation 18840648 : EXECUTING
12:23:49 INFO  State of operation 18840648 : EXECUTING
12:23:51 INFO  State of operation 18840648 : EXECUTING
12:23:53 INFO  State of operation 18840648 : EXECUTING
12:23:55 INFO  State of operation 18840648 : EXECUTING
12:23:58 INFO  State of operation 18840648 : EXECUTING
12:24:00 INFO  State of operation 18840648 : EXECUTING
12:24:02 INFO  State of operation 18840648 : EXECUTING
12:24:04 INFO  State of operation 18840648 : EXECUTING
12:24:07 INFO  State of operation 18840648 : SUCCESSFUL
12:24:07 INFO  Assert that (False == value) with value=False ... passed
12:24:07 INFO  Package asciijump is installed
12:24:07 INFO  Assert that (True == value) with value=True ... passed
12:24:07 INFO  Package squirrel3 is installed
12:24:07 INFO  Assert that (True == value) with value=True ... passed
12:24:08 INFO  Package robotfindskitten is installed
12:24:08 INFO  Assert that (True == value) with value=True ... passed
12:24:08 INFO  Response status: 201
12:24:08 INFO  Response to action: {
    &quot;creationTime&quot;: &quot;2022-05-11T12:24:08.213Z&quot;,
    &quot;deviceName&quot;: &quot;m32sd10b&quot;,
    &quot;deviceId&quot;: &quot;18764684&quot;,
    &quot;self&quot;: &quot;https://t493319102.eu-latest.cumulocity.com/devicecontrol/operations/18840702&quot;,
    &quot;id&quot;: &quot;18840702&quot;,
    &quot;status&quot;: &quot;PENDING&quot;,
    &quot;description&quot;: &quot;Apply software changes, triggered from PySys: [{'action': 'delete', 'id': '5475369', 'name': 'asciijump', 'url': ' ', 'version': '::apt'}, {'action': 'delete', 'id': '5474869', 'name': 'robotfindskitten', 'url': ' ', 'version': '::apt'}, {'action': 'delete', 'id': '5475279', 'name': 'squirrel3', 'url': ' ', 'version': '::apt'}]&quot;,
    &quot;c8y_SoftwareUpdate&quot;: [
        {
            &quot;name&quot;: &quot;asciijump&quot;,
            &quot;action&quot;: &quot;delete&quot;,
            &quot;id&quot;: &quot;5475369&quot;,
            &quot;version&quot;: &quot;::apt&quot;,
            &quot;url&quot;: &quot; &quot;
        },
        {
            &quot;name&quot;: &quot;robotfindskitten&quot;,
            &quot;action&quot;: &quot;delete&quot;,
            &quot;id&quot;: &quot;5474869&quot;,
            &quot;version&quot;: &quot;::apt&quot;,
            &quot;url&quot;: &quot; &quot;
        },
        {
            &quot;name&quot;: &quot;squirrel3&quot;,
            &quot;action&quot;: &quot;delete&quot;,
            &quot;id&quot;: &quot;5475279&quot;,
            &quot;version&quot;: &quot;::apt&quot;,
            &quot;url&quot;: &quot; &quot;
        }
    ]
}
12:24:08 INFO  Started operation: {'creationTime': '2022-05-11T12:24:08.213Z', 'deviceName': 'm32sd10b', 'deviceId': '18764684', 'self': 'https://t493319102.eu-latest.cumulocity.com/devicecontrol/operations/18840702', 'id': '18840702', 'status': 'PENDING', 'description': &quot;Apply software changes, triggered from PySys: [{'action': 'delete', 'id': '5475369', 'name': 'asciijump', 'url': ' ', 'version': '::apt'}, {'action': 'delete', 'id': '5474869', 'name': 'robotfindskitten', 'url': ' ', 'version': '::apt'}, {'action': 'delete', 'id': '5475279', 'name': 'squirrel3', 'url': ' ', 'version': '::apt'}]&quot;, 'c8y_SoftwareUpdate': [{'name': 'asciijump', 'action': 'delete', 'id': '5475369', 'version': '::apt', 'url': ' '}, {'name': 'robotfindskitten', 'action': 'delete', 'id': '5474869', 'version': '::apt', 'url': ' '}, {'name': 'squirrel3', 'action': 'delete', 'id': '5475279', 'version': '::apt', 'url': ' '}]}
12:24:10 INFO  State of operation 18840702 : PENDING
12:24:12 INFO  State of operation 18840702 : EXECUTING
12:24:14 INFO  State of operation 18840702 : EXECUTING
12:24:17 INFO  State of operation 18840702 : EXECUTING
12:24:19 INFO  State of operation 18840702 : EXECUTING
12:24:21 INFO  State of operation 18840702 : EXECUTING
12:24:24 INFO  State of operation 18840702 : EXECUTING
12:24:27 INFO  State of operation 18840702 : EXECUTING
12:24:29 INFO  State of operation 18840702 : EXECUTING
12:24:31 INFO  State of operation 18840702 : EXECUTING
12:24:34 INFO  State of operation 18840702 : EXECUTING
12:24:36 INFO  State of operation 18840702 : EXECUTING
12:24:38 INFO  State of operation 18840702 : EXECUTING
12:24:41 INFO  State of operation 18840702 : EXECUTING
12:24:43 INFO  State of operation 18840702 : EXECUTING
12:24:45 INFO  State of operation 18840702 : EXECUTING
12:24:48 INFO  State of operation 18840702 : EXECUTING
12:24:50 INFO  State of operation 18840702 : EXECUTING
12:24:53 INFO  State of operation 18840702 : EXECUTING
12:24:55 INFO  State of operation 18840702 : EXECUTING
12:24:57 INFO  State of operation 18840702 : EXECUTING
12:24:59 INFO  State of operation 18840702 : EXECUTING
12:25:02 INFO  State of operation 18840702 : EXECUTING
12:25:04 INFO  State of operation 18840702 : EXECUTING
12:25:07 INFO  State of operation 18840702 : EXECUTING
12:25:09 INFO  State of operation 18840702 : EXECUTING
12:25:11 INFO  State of operation 18840702 : EXECUTING
12:25:13 INFO  State of operation 18840702 : SUCCESSFUL
12:25:14 INFO  Assert that (False == value) with value=False ... passed
12:25:14 INFO  Assert that (False == value) with value=False ... passed
12:25:14 INFO  Assert that (False == value) with value=False ... passed
12:25:14 INFO  Assert that (False == value) with value=False ... passed
12:25:14 INFO  
12:25:14 INFO  cleanup:
12:25:18 INFO  Executed sudo&lt;tedge_disconnect_c8y&gt;, exit status 0
12:25:19 INFO  Executed systemctl&lt;serv_mapper5&gt;, exit status 3
12:25:19 INFO  
12:25:19 INFO  Test duration: 179.37 secs
12:25:19 INFO  Test final outcome:  FAILED
12:25:19 INFO  Test outcome reason: Assert that (False == value) with value=True
12:25:19 INFO  
</system-out>
	</testcase>
</testsuite>
