<?xml version="1.0" encoding="utf-8"?>
<testsuite failures="0" name="apt_install" skipped="0" tests="1" time="64.88" timestamp="2022-04-27T13:28:14">
	<testcase classname="AptPluginInstallDense" name="apt_install"/>
</testsuite>
