<?xml version="1.0" encoding="utf-8"?>
<testsuite failures="1" name="SoftwareManagement.sm_apt_install_remove_multiple" skipped="0" tests="1" time="180.15" timestamp="2022-04-27T18:16:22">
	<testcase classname="PySysTest" name="SoftwareManagement.sm_apt_install_remove_multiple">
		<failure message="FAILED: Assert that (False == value) with value=True" type="FAILED"/>
		<system-out>18:13:22 INFO  ==============================================================
18:13:22 INFO  Id:    SoftwareManagement.sm_apt_install_remove_multiple
18:13:22 INFO  Dir:   software_management_end_to_end/
18:13:22 INFO  Title: Validate end to end behaviour for the apt plugin for multiple packages
18:13:22 INFO  ==============================================================
18:13:22 INFO  Using sw id database: {'asciijump': '5475369', 'robotfindskitten': '5474869', 'squirrel3': '5475279', 'rolldice': '5152439', 'moon-buggy': '5439204', 'apple': '5495053', 'banana': '5494888', 'cherry': '5495382', 'watermelon': '5494510', 'registry': '8018911', 'hello-world': '8021526', 'docker/getting-started': '8021973', 'alpine': '7991792'}
18:13:22 INFO  EnvironmentC8y Setup
18:13:22 INFO  Executed systemctl&lt;serv_mapper1&gt;, exit status 3
18:13:23 INFO  Restarting mosquitto too frequently in the last 10 seconds. It was only up for 4 seconds
18:13:23 INFO  Delaying execution by 7 seconds
18:13:44 INFO  Executed sudo&lt;tedge_connect_c8y&gt;, exit status 0, duration 13 secs
18:13:44 INFO  Executed sudo&lt;tedge_connect_c8y_test&gt;, exit status 0
18:13:45 INFO  Executed systemctl&lt;serv_mosq2&gt;, exit status 0
18:13:45 INFO  Executed systemctl&lt;serv_mapper3&gt;, exit status 0
18:13:47 INFO  State of current operation: SUCCESSFUL
18:13:48 INFO  Assert that (False == value) with value=False ... passed
18:13:48 INFO  Assert that (False == value) with value=False ... passed
18:13:48 INFO  Assert that (False == value) with value=False ... passed
18:13:48 INFO  Package robotfindskitten is installed
18:13:48 WARN  Assert that (False == value) with value=True ... failed 
18:13:49 INFO  Response status: 201
18:13:49 INFO  Response to action: {
    &quot;creationTime&quot;: &quot;2022-04-27T18:13:49.104Z&quot;,
    &quot;deviceName&quot;: &quot;m32sd10b&quot;,
    &quot;deviceId&quot;: &quot;17821468&quot;,
    &quot;self&quot;: &quot;https://t493319102.eu-latest.cumulocity.com/devicecontrol/operations/17832396&quot;,
    &quot;id&quot;: &quot;17832396&quot;,
    &quot;status&quot;: &quot;PENDING&quot;,
    &quot;description&quot;: &quot;Apply software changes, triggered from PySys: [{'action': 'install', 'id': '5475369', 'name': 'asciijump', 'url': ' ', 'version': '::apt'}, {'action': 'install', 'id': '5474869', 'name': 'robotfindskitten', 'url': ' ', 'version': '::apt'}, {'action': 'install', 'id': '5475279', 'name': 'squirrel3', 'url': ' ', 'version': '::apt'}]&quot;,
    &quot;c8y_SoftwareUpdate&quot;: [
        {
            &quot;name&quot;: &quot;asciijump&quot;,
            &quot;action&quot;: &quot;install&quot;,
            &quot;id&quot;: &quot;5475369&quot;,
            &quot;version&quot;: &quot;::apt&quot;,
            &quot;url&quot;: &quot; &quot;
        },
        {
            &quot;name&quot;: &quot;robotfindskitten&quot;,
            &quot;action&quot;: &quot;install&quot;,
            &quot;id&quot;: &quot;5474869&quot;,
            &quot;version&quot;: &quot;::apt&quot;,
            &quot;url&quot;: &quot; &quot;
        },
        {
            &quot;name&quot;: &quot;squirrel3&quot;,
            &quot;action&quot;: &quot;install&quot;,
            &quot;id&quot;: &quot;5475279&quot;,
            &quot;version&quot;: &quot;::apt&quot;,
            &quot;url&quot;: &quot; &quot;
        }
    ]
}
18:13:49 INFO  Started operation: {'creationTime': '2022-04-27T18:13:49.104Z', 'deviceName': 'm32sd10b', 'deviceId': '17821468', 'self': 'https://t493319102.eu-latest.cumulocity.com/devicecontrol/operations/17832396', 'id': '17832396', 'status': 'PENDING', 'description': &quot;Apply software changes, triggered from PySys: [{'action': 'install', 'id': '5475369', 'name': 'asciijump', 'url': ' ', 'version': '::apt'}, {'action': 'install', 'id': '5474869', 'name': 'robotfindskitten', 'url': ' ', 'version': '::apt'}, {'action': 'install', 'id': '5475279', 'name': 'squirrel3', 'url': ' ', 'version': '::apt'}]&quot;, 'c8y_SoftwareUpdate': [{'name': 'asciijump', 'action': 'install', 'id': '5475369', 'version': '::apt', 'url': ' '}, {'name': 'robotfindskitten', 'action': 'install', 'id': '5474869', 'version': '::apt', 'url': ' '}, {'name': 'squirrel3', 'action': 'install', 'id': '5475279', 'version': '::apt', 'url': ' '}]}
18:13:51 INFO  State of operation 17832396 : PENDING
18:13:53 INFO  State of operation 17832396 : EXECUTING
18:13:55 INFO  State of operation 17832396 : EXECUTING
18:13:57 INFO  State of operation 17832396 : EXECUTING
18:14:00 INFO  State of operation 17832396 : EXECUTING
18:14:02 INFO  State of operation 17832396 : EXECUTING
18:14:05 INFO  State of operation 17832396 : EXECUTING
18:14:07 INFO  State of operation 17832396 : EXECUTING
18:14:10 INFO  State of operation 17832396 : EXECUTING
18:14:12 INFO  State of operation 17832396 : EXECUTING
18:14:14 INFO  State of operation 17832396 : EXECUTING
18:14:16 INFO  State of operation 17832396 : EXECUTING
18:14:19 INFO  State of operation 17832396 : EXECUTING
18:14:21 INFO  State of operation 17832396 : EXECUTING
18:14:23 INFO  State of operation 17832396 : EXECUTING
18:14:26 INFO  State of operation 17832396 : EXECUTING
18:14:28 INFO  State of operation 17832396 : EXECUTING
18:14:31 INFO  State of operation 17832396 : EXECUTING
18:14:33 INFO  State of operation 17832396 : EXECUTING
18:14:35 INFO  State of operation 17832396 : EXECUTING
18:14:37 INFO  State of operation 17832396 : EXECUTING
18:14:40 INFO  State of operation 17832396 : EXECUTING
18:14:42 INFO  State of operation 17832396 : EXECUTING
18:14:44 INFO  State of operation 17832396 : EXECUTING
18:14:47 INFO  State of operation 17832396 : EXECUTING
18:14:49 INFO  State of operation 17832396 : EXECUTING
18:14:51 INFO  State of operation 17832396 : EXECUTING
18:14:54 INFO  State of operation 17832396 : EXECUTING
18:14:56 INFO  State of operation 17832396 : EXECUTING
18:14:58 INFO  State of operation 17832396 : EXECUTING
18:15:01 INFO  State of operation 17832396 : EXECUTING
18:15:03 INFO  State of operation 17832396 : EXECUTING
18:15:05 INFO  State of operation 17832396 : EXECUTING
18:15:07 INFO  State of operation 17832396 : EXECUTING
18:15:10 INFO  State of operation 17832396 : SUCCESSFUL
18:15:10 INFO  Assert that (False == value) with value=False ... passed
18:15:10 INFO  Package asciijump is installed
18:15:10 INFO  Assert that (True == value) with value=True ... passed
18:15:10 INFO  Package squirrel3 is installed
18:15:10 INFO  Assert that (True == value) with value=True ... passed
18:15:10 INFO  Package robotfindskitten is installed
18:15:10 INFO  Assert that (True == value) with value=True ... passed
18:15:11 INFO  Response status: 201
18:15:11 INFO  Response to action: {
    &quot;creationTime&quot;: &quot;2022-04-27T18:15:11.122Z&quot;,
    &quot;deviceName&quot;: &quot;m32sd10b&quot;,
    &quot;deviceId&quot;: &quot;17821468&quot;,
    &quot;self&quot;: &quot;https://t493319102.eu-latest.cumulocity.com/devicecontrol/operations/17832402&quot;,
    &quot;id&quot;: &quot;17832402&quot;,
    &quot;status&quot;: &quot;PENDING&quot;,
    &quot;description&quot;: &quot;Apply software changes, triggered from PySys: [{'action': 'delete', 'id': '5475369', 'name': 'asciijump', 'url': ' ', 'version': '::apt'}, {'action': 'delete', 'id': '5474869', 'name': 'robotfindskitten', 'url': ' ', 'version': '::apt'}, {'action': 'delete', 'id': '5475279', 'name': 'squirrel3', 'url': ' ', 'version': '::apt'}]&quot;,
    &quot;c8y_SoftwareUpdate&quot;: [
        {
            &quot;name&quot;: &quot;asciijump&quot;,
            &quot;action&quot;: &quot;delete&quot;,
            &quot;id&quot;: &quot;5475369&quot;,
            &quot;version&quot;: &quot;::apt&quot;,
            &quot;url&quot;: &quot; &quot;
        },
        {
            &quot;name&quot;: &quot;robotfindskitten&quot;,
            &quot;action&quot;: &quot;delete&quot;,
            &quot;id&quot;: &quot;5474869&quot;,
            &quot;version&quot;: &quot;::apt&quot;,
            &quot;url&quot;: &quot; &quot;
        },
        {
            &quot;name&quot;: &quot;squirrel3&quot;,
            &quot;action&quot;: &quot;delete&quot;,
            &quot;id&quot;: &quot;5475279&quot;,
            &quot;version&quot;: &quot;::apt&quot;,
            &quot;url&quot;: &quot; &quot;
        }
    ]
}
18:15:11 INFO  Started operation: {'creationTime': '2022-04-27T18:15:11.122Z', 'deviceName': 'm32sd10b', 'deviceId': '17821468', 'self': 'https://t493319102.eu-latest.cumulocity.com/devicecontrol/operations/17832402', 'id': '17832402', 'status': 'PENDING', 'description': &quot;Apply software changes, triggered from PySys: [{'action': 'delete', 'id': '5475369', 'name': 'asciijump', 'url': ' ', 'version': '::apt'}, {'action': 'delete', 'id': '5474869', 'name': 'robotfindskitten', 'url': ' ', 'version': '::apt'}, {'action': 'delete', 'id': '5475279', 'name': 'squirrel3', 'url': ' ', 'version': '::apt'}]&quot;, 'c8y_SoftwareUpdate': [{'name': 'asciijump', 'action': 'delete', 'id': '5475369', 'version': '::apt', 'url': ' '}, {'name': 'robotfindskitten', 'action': 'delete', 'id': '5474869', 'version': '::apt', 'url': ' '}, {'name': 'squirrel3', 'action': 'delete', 'id': '5475279', 'version': '::apt', 'url': ' '}]}
18:15:13 INFO  State of operation 17832402 : PENDING
18:15:15 INFO  State of operation 17832402 : EXECUTING
18:15:17 INFO  State of operation 17832402 : EXECUTING
18:15:20 INFO  State of operation 17832402 : EXECUTING
18:15:22 INFO  State of operation 17832402 : EXECUTING
18:15:24 INFO  State of operation 17832402 : EXECUTING
18:15:27 INFO  State of operation 17832402 : EXECUTING
18:15:30 INFO  State of operation 17832402 : EXECUTING
18:15:32 INFO  State of operation 17832402 : EXECUTING
18:15:34 INFO  State of operation 17832402 : EXECUTING
18:15:37 INFO  State of operation 17832402 : EXECUTING
18:15:39 INFO  State of operation 17832402 : EXECUTING
18:15:41 INFO  State of operation 17832402 : EXECUTING
18:15:43 INFO  State of operation 17832402 : EXECUTING
18:15:46 INFO  State of operation 17832402 : EXECUTING
18:15:48 INFO  State of operation 17832402 : EXECUTING
18:15:50 INFO  State of operation 17832402 : EXECUTING
18:15:53 INFO  State of operation 17832402 : EXECUTING
18:15:56 INFO  State of operation 17832402 : EXECUTING
18:15:58 INFO  State of operation 17832402 : EXECUTING
18:16:00 INFO  State of operation 17832402 : EXECUTING
18:16:02 INFO  State of operation 17832402 : EXECUTING
18:16:04 INFO  State of operation 17832402 : EXECUTING
18:16:07 INFO  State of operation 17832402 : EXECUTING
18:16:10 INFO  State of operation 17832402 : EXECUTING
18:16:12 INFO  State of operation 17832402 : EXECUTING
18:16:14 INFO  State of operation 17832402 : EXECUTING
18:16:16 INFO  State of operation 17832402 : SUCCESSFUL
18:16:17 INFO  Assert that (False == value) with value=False ... passed
18:16:17 INFO  Assert that (False == value) with value=False ... passed
18:16:17 INFO  Assert that (False == value) with value=False ... passed
18:16:17 INFO  Assert that (False == value) with value=False ... passed
18:16:17 INFO  
18:16:17 INFO  cleanup:
18:16:21 INFO  Executed sudo&lt;tedge_disconnect_c8y&gt;, exit status 0
18:16:22 INFO  Executed systemctl&lt;serv_mapper5&gt;, exit status 3
18:16:22 INFO  
18:16:22 INFO  Test duration: 180.15 secs
18:16:22 INFO  Test final outcome:  FAILED
18:16:22 INFO  Test outcome reason: Assert that (False == value) with value=True
18:16:22 INFO  
</system-out>
	</testcase>
</testsuite>
