<?xml version="1.0" encoding="utf-8"?>
<testsuite failures="1" name="SoftwareManagement.sm_apt_install_remove_multiple" skipped="0" tests="1" time="180.18" timestamp="2022-04-28T13:06:45">
	<testcase classname="PySysTest" name="SoftwareManagement.sm_apt_install_remove_multiple">
		<failure message="FAILED: Assert that (False == value) with value=True" type="FAILED"/>
		<system-out>13:03:45 INFO  ==============================================================
13:03:45 INFO  Id:    SoftwareManagement.sm_apt_install_remove_multiple
13:03:45 INFO  Dir:   software_management_end_to_end/
13:03:45 INFO  Title: Validate end to end behaviour for the apt plugin for multiple packages
13:03:45 INFO  ==============================================================
13:03:45 INFO  Using sw id database: {'asciijump': '5475369', 'robotfindskitten': '5474869', 'squirrel3': '5475279', 'rolldice': '5152439', 'moon-buggy': '5439204', 'apple': '5495053', 'banana': '5494888', 'cherry': '5495382', 'watermelon': '5494510', 'registry': '8018911', 'hello-world': '8021526', 'docker/getting-started': '8021973', 'alpine': '7991792'}
13:03:45 INFO  EnvironmentC8y Setup
13:03:46 INFO  Executed systemctl&lt;serv_mapper1&gt;, exit status 3
13:03:46 INFO  Restarting mosquitto too frequently in the last 10 seconds. It was only up for 4 seconds
13:03:46 INFO  Delaying execution by 7 seconds
13:04:07 INFO  Executed sudo&lt;tedge_connect_c8y&gt;, exit status 0, duration 14 secs
13:04:07 INFO  Executed sudo&lt;tedge_connect_c8y_test&gt;, exit status 0
13:04:08 INFO  Executed systemctl&lt;serv_mosq2&gt;, exit status 0
13:04:08 INFO  Executed systemctl&lt;serv_mapper3&gt;, exit status 0
13:04:11 INFO  State of current operation: SUCCESSFUL
13:04:11 INFO  Assert that (False == value) with value=False ... passed
13:04:11 INFO  Assert that (False == value) with value=False ... passed
13:04:11 INFO  Assert that (False == value) with value=False ... passed
13:04:12 INFO  Package robotfindskitten is installed
13:04:12 WARN  Assert that (False == value) with value=True ... failed 
13:04:12 INFO  Response status: 201
13:04:12 INFO  Response to action: {
    &quot;creationTime&quot;: &quot;2022-04-28T13:04:12.236Z&quot;,
    &quot;deviceName&quot;: &quot;m32sd10b&quot;,
    &quot;deviceId&quot;: &quot;17884833&quot;,
    &quot;self&quot;: &quot;https://t493319102.eu-latest.cumulocity.com/devicecontrol/operations/17910906&quot;,
    &quot;id&quot;: &quot;17910906&quot;,
    &quot;status&quot;: &quot;PENDING&quot;,
    &quot;description&quot;: &quot;Apply software changes, triggered from PySys: [{'action': 'install', 'id': '5475369', 'name': 'asciijump', 'url': ' ', 'version': '::apt'}, {'action': 'install', 'id': '5474869', 'name': 'robotfindskitten', 'url': ' ', 'version': '::apt'}, {'action': 'install', 'id': '5475279', 'name': 'squirrel3', 'url': ' ', 'version': '::apt'}]&quot;,
    &quot;c8y_SoftwareUpdate&quot;: [
        {
            &quot;name&quot;: &quot;asciijump&quot;,
            &quot;action&quot;: &quot;install&quot;,
            &quot;id&quot;: &quot;5475369&quot;,
            &quot;version&quot;: &quot;::apt&quot;,
            &quot;url&quot;: &quot; &quot;
        },
        {
            &quot;name&quot;: &quot;robotfindskitten&quot;,
            &quot;action&quot;: &quot;install&quot;,
            &quot;id&quot;: &quot;5474869&quot;,
            &quot;version&quot;: &quot;::apt&quot;,
            &quot;url&quot;: &quot; &quot;
        },
        {
            &quot;name&quot;: &quot;squirrel3&quot;,
            &quot;action&quot;: &quot;install&quot;,
            &quot;id&quot;: &quot;5475279&quot;,
            &quot;version&quot;: &quot;::apt&quot;,
            &quot;url&quot;: &quot; &quot;
        }
    ]
}
13:04:12 INFO  Started operation: {'creationTime': '2022-04-28T13:04:12.236Z', 'deviceName': 'm32sd10b', 'deviceId': '17884833', 'self': 'https://t493319102.eu-latest.cumulocity.com/devicecontrol/operations/17910906', 'id': '17910906', 'status': 'PENDING', 'description': &quot;Apply software changes, triggered from PySys: [{'action': 'install', 'id': '5475369', 'name': 'asciijump', 'url': ' ', 'version': '::apt'}, {'action': 'install', 'id': '5474869', 'name': 'robotfindskitten', 'url': ' ', 'version': '::apt'}, {'action': 'install', 'id': '5475279', 'name': 'squirrel3', 'url': ' ', 'version': '::apt'}]&quot;, 'c8y_SoftwareUpdate': [{'name': 'asciijump', 'action': 'install', 'id': '5475369', 'version': '::apt', 'url': ' '}, {'name': 'robotfindskitten', 'action': 'install', 'id': '5474869', 'version': '::apt', 'url': ' '}, {'name': 'squirrel3', 'action': 'install', 'id': '5475279', 'version': '::apt', 'url': ' '}]}
13:04:14 INFO  State of operation 17910906 : PENDING
13:04:16 INFO  State of operation 17910906 : EXECUTING
13:04:18 INFO  State of operation 17910906 : EXECUTING
13:04:21 INFO  State of operation 17910906 : EXECUTING
13:04:23 INFO  State of operation 17910906 : EXECUTING
13:04:25 INFO  State of operation 17910906 : EXECUTING
13:04:28 INFO  State of operation 17910906 : EXECUTING
13:04:31 INFO  State of operation 17910906 : EXECUTING
13:04:33 INFO  State of operation 17910906 : EXECUTING
13:04:35 INFO  State of operation 17910906 : EXECUTING
13:04:38 INFO  State of operation 17910906 : EXECUTING
13:04:40 INFO  State of operation 17910906 : EXECUTING
13:04:42 INFO  State of operation 17910906 : EXECUTING
13:04:45 INFO  State of operation 17910906 : EXECUTING
13:04:47 INFO  State of operation 17910906 : EXECUTING
13:04:49 INFO  State of operation 17910906 : EXECUTING
13:04:51 INFO  State of operation 17910906 : EXECUTING
13:04:54 INFO  State of operation 17910906 : EXECUTING
13:04:56 INFO  State of operation 17910906 : EXECUTING
13:04:59 INFO  State of operation 17910906 : EXECUTING
13:05:01 INFO  State of operation 17910906 : EXECUTING
13:05:03 INFO  State of operation 17910906 : EXECUTING
13:05:06 INFO  State of operation 17910906 : EXECUTING
13:05:08 INFO  State of operation 17910906 : EXECUTING
13:05:11 INFO  State of operation 17910906 : EXECUTING
13:05:13 INFO  State of operation 17910906 : EXECUTING
13:05:15 INFO  State of operation 17910906 : EXECUTING
13:05:18 INFO  State of operation 17910906 : EXECUTING
13:05:20 INFO  State of operation 17910906 : EXECUTING
13:05:22 INFO  State of operation 17910906 : EXECUTING
13:05:24 INFO  State of operation 17910906 : EXECUTING
13:05:27 INFO  State of operation 17910906 : EXECUTING
13:05:29 INFO  State of operation 17910906 : EXECUTING
13:05:31 INFO  State of operation 17910906 : EXECUTING
13:05:33 INFO  State of operation 17910906 : SUCCESSFUL
13:05:34 INFO  Assert that (False == value) with value=False ... passed
13:05:34 INFO  Package asciijump is installed
13:05:34 INFO  Assert that (True == value) with value=True ... passed
13:05:34 INFO  Package squirrel3 is installed
13:05:34 INFO  Assert that (True == value) with value=True ... passed
13:05:34 INFO  Package robotfindskitten is installed
13:05:34 INFO  Assert that (True == value) with value=True ... passed
13:05:34 INFO  Response status: 201
13:05:34 INFO  Response to action: {
    &quot;creationTime&quot;: &quot;2022-04-28T13:05:34.869Z&quot;,
    &quot;deviceName&quot;: &quot;m32sd10b&quot;,
    &quot;deviceId&quot;: &quot;17884833&quot;,
    &quot;self&quot;: &quot;https://t493319102.eu-latest.cumulocity.com/devicecontrol/operations/17910918&quot;,
    &quot;id&quot;: &quot;17910918&quot;,
    &quot;status&quot;: &quot;PENDING&quot;,
    &quot;description&quot;: &quot;Apply software changes, triggered from PySys: [{'action': 'delete', 'id': '5475369', 'name': 'asciijump', 'url': ' ', 'version': '::apt'}, {'action': 'delete', 'id': '5474869', 'name': 'robotfindskitten', 'url': ' ', 'version': '::apt'}, {'action': 'delete', 'id': '5475279', 'name': 'squirrel3', 'url': ' ', 'version': '::apt'}]&quot;,
    &quot;c8y_SoftwareUpdate&quot;: [
        {
            &quot;name&quot;: &quot;asciijump&quot;,
            &quot;action&quot;: &quot;delete&quot;,
            &quot;id&quot;: &quot;5475369&quot;,
            &quot;version&quot;: &quot;::apt&quot;,
            &quot;url&quot;: &quot; &quot;
        },
        {
            &quot;name&quot;: &quot;robotfindskitten&quot;,
            &quot;action&quot;: &quot;delete&quot;,
            &quot;id&quot;: &quot;5474869&quot;,
            &quot;version&quot;: &quot;::apt&quot;,
            &quot;url&quot;: &quot; &quot;
        },
        {
            &quot;name&quot;: &quot;squirrel3&quot;,
            &quot;action&quot;: &quot;delete&quot;,
            &quot;id&quot;: &quot;5475279&quot;,
            &quot;version&quot;: &quot;::apt&quot;,
            &quot;url&quot;: &quot; &quot;
        }
    ]
}
13:05:34 INFO  Started operation: {'creationTime': '2022-04-28T13:05:34.869Z', 'deviceName': 'm32sd10b', 'deviceId': '17884833', 'self': 'https://t493319102.eu-latest.cumulocity.com/devicecontrol/operations/17910918', 'id': '17910918', 'status': 'PENDING', 'description': &quot;Apply software changes, triggered from PySys: [{'action': 'delete', 'id': '5475369', 'name': 'asciijump', 'url': ' ', 'version': '::apt'}, {'action': 'delete', 'id': '5474869', 'name': 'robotfindskitten', 'url': ' ', 'version': '::apt'}, {'action': 'delete', 'id': '5475279', 'name': 'squirrel3', 'url': ' ', 'version': '::apt'}]&quot;, 'c8y_SoftwareUpdate': [{'name': 'asciijump', 'action': 'delete', 'id': '5475369', 'version': '::apt', 'url': ' '}, {'name': 'robotfindskitten', 'action': 'delete', 'id': '5474869', 'version': '::apt', 'url': ' '}, {'name': 'squirrel3', 'action': 'delete', 'id': '5475279', 'version': '::apt', 'url': ' '}]}
13:05:37 INFO  State of operation 17910918 : PENDING
13:05:39 INFO  State of operation 17910918 : EXECUTING
13:05:41 INFO  State of operation 17910918 : EXECUTING
13:05:43 INFO  State of operation 17910918 : EXECUTING
13:05:46 INFO  State of operation 17910918 : EXECUTING
13:05:48 INFO  State of operation 17910918 : EXECUTING
13:05:51 INFO  State of operation 17910918 : EXECUTING
13:05:53 INFO  State of operation 17910918 : EXECUTING
13:05:56 INFO  State of operation 17910918 : EXECUTING
13:05:58 INFO  State of operation 17910918 : EXECUTING
13:06:00 INFO  State of operation 17910918 : EXECUTING
13:06:02 INFO  State of operation 17910918 : EXECUTING
13:06:05 INFO  State of operation 17910918 : EXECUTING
13:06:07 INFO  State of operation 17910918 : EXECUTING
13:06:09 INFO  State of operation 17910918 : EXECUTING
13:06:12 INFO  State of operation 17910918 : EXECUTING
13:06:14 INFO  State of operation 17910918 : EXECUTING
13:06:17 INFO  State of operation 17910918 : EXECUTING
13:06:19 INFO  State of operation 17910918 : EXECUTING
13:06:21 INFO  State of operation 17910918 : EXECUTING
13:06:23 INFO  State of operation 17910918 : EXECUTING
13:06:26 INFO  State of operation 17910918 : EXECUTING
13:06:28 INFO  State of operation 17910918 : EXECUTING
13:06:30 INFO  State of operation 17910918 : EXECUTING
13:06:33 INFO  State of operation 17910918 : EXECUTING
13:06:35 INFO  State of operation 17910918 : EXECUTING
13:06:37 INFO  State of operation 17910918 : EXECUTING
13:06:40 INFO  State of operation 17910918 : SUCCESSFUL
13:06:40 INFO  Assert that (False == value) with value=False ... passed
13:06:40 INFO  Assert that (False == value) with value=False ... passed
13:06:40 INFO  Assert that (False == value) with value=False ... passed
13:06:41 INFO  Assert that (False == value) with value=False ... passed
13:06:41 INFO  
13:06:41 INFO  cleanup:
13:06:45 INFO  Executed sudo&lt;tedge_disconnect_c8y&gt;, exit status 0
13:06:45 INFO  Executed systemctl&lt;serv_mapper5&gt;, exit status 3
13:06:45 INFO  
13:06:45 INFO  Test duration: 180.18 secs
13:06:45 INFO  Test final outcome:  FAILED
13:06:45 INFO  Test outcome reason: Assert that (False == value) with value=True
13:06:45 INFO  
</system-out>
	</testcase>
</testsuite>
