<?xml version="1.0" encoding="utf-8"?>
<testsuite failures="0" name="apt_prepare" skipped="0" tests="1" time="45.73" timestamp="2022-05-02T10:47:54">
	<testcase classname="AptPluginPrepare" name="apt_prepare"/>
</testsuite>
