<?xml version="1.0" encoding="utf-8"?>
<testsuite failures="1" name="SoftwareManagement.sm_apt_install_remove_multiple" skipped="0" tests="1" time="178.53" timestamp="2022-05-13T15:44:30">
	<testcase classname="PySysTest" name="SoftwareManagement.sm_apt_install_remove_multiple">
		<failure message="FAILED: Assert that (False == value) with value=True" type="FAILED"/>
		<system-out>15:41:31 INFO  ==============================================================
15:41:31 INFO  Id:    SoftwareManagement.sm_apt_install_remove_multiple
15:41:31 INFO  Dir:   software_management_end_to_end/
15:41:31 INFO  Title: Validate end to end behaviour for the apt plugin for multiple packages
15:41:31 INFO  ==============================================================
15:41:31 INFO  Using sw id database: {'asciijump': '5475369', 'robotfindskitten': '5474869', 'squirrel3': '5475279', 'rolldice': '5152439', 'moon-buggy': '5439204', 'apple': '5495053', 'banana': '5494888', 'cherry': '5495382', 'watermelon': '5494510', 'registry': '8018911', 'hello-world': '8021526', 'docker/getting-started': '8021973', 'alpine': '7991792'}
15:41:31 INFO  EnvironmentC8y Setup
15:41:32 INFO  Executed systemctl&lt;serv_mapper1&gt;, exit status 3
15:41:32 INFO  Restarting mosquitto too frequently in the last 10 seconds. It was only up for 4 seconds
15:41:32 INFO  Delaying execution by 7 seconds
15:41:53 INFO  Executed sudo&lt;tedge_connect_c8y&gt;, exit status 0, duration 14 secs
15:41:54 INFO  Executed sudo&lt;tedge_connect_c8y_test&gt;, exit status 0
15:41:54 INFO  Executed systemctl&lt;serv_mosq2&gt;, exit status 0
15:41:54 INFO  Executed systemctl&lt;serv_mapper3&gt;, exit status 0
15:41:57 INFO  State of current operation: SUCCESSFUL
15:41:57 INFO  Assert that (False == value) with value=False ... passed
15:41:57 INFO  Assert that (False == value) with value=False ... passed
15:41:57 INFO  Assert that (False == value) with value=False ... passed
15:41:58 INFO  Package robotfindskitten is installed
15:41:58 WARN  Assert that (False == value) with value=True ... failed 
15:41:58 INFO  Response status: 201
15:41:58 INFO  Response to action: {
    &quot;creationTime&quot;: &quot;2022-05-13T15:41:58.349Z&quot;,
    &quot;deviceId&quot;: &quot;19035650&quot;,
    &quot;deviceName&quot;: &quot;m32sd10b&quot;,
    &quot;self&quot;: &quot;https://t493319102.eu-latest.cumulocity.com/devicecontrol/operations/19054153&quot;,
    &quot;id&quot;: &quot;19054153&quot;,
    &quot;status&quot;: &quot;PENDING&quot;,
    &quot;description&quot;: &quot;Apply software changes, triggered from PySys: [{'action': 'install', 'id': '5475369', 'name': 'asciijump', 'url': ' ', 'version': '::apt'}, {'action': 'install', 'id': '5474869', 'name': 'robotfindskitten', 'url': ' ', 'version': '::apt'}, {'action': 'install', 'id': '5475279', 'name': 'squirrel3', 'url': ' ', 'version': '::apt'}]&quot;,
    &quot;c8y_SoftwareUpdate&quot;: [
        {
            &quot;name&quot;: &quot;asciijump&quot;,
            &quot;action&quot;: &quot;install&quot;,
            &quot;id&quot;: &quot;5475369&quot;,
            &quot;version&quot;: &quot;::apt&quot;,
            &quot;url&quot;: &quot; &quot;
        },
        {
            &quot;name&quot;: &quot;robotfindskitten&quot;,
            &quot;action&quot;: &quot;install&quot;,
            &quot;id&quot;: &quot;5474869&quot;,
            &quot;version&quot;: &quot;::apt&quot;,
            &quot;url&quot;: &quot; &quot;
        },
        {
            &quot;name&quot;: &quot;squirrel3&quot;,
            &quot;action&quot;: &quot;install&quot;,
            &quot;id&quot;: &quot;5475279&quot;,
            &quot;version&quot;: &quot;::apt&quot;,
            &quot;url&quot;: &quot; &quot;
        }
    ]
}
15:41:58 INFO  Started operation: {'creationTime': '2022-05-13T15:41:58.349Z', 'deviceId': '19035650', 'deviceName': 'm32sd10b', 'self': 'https://t493319102.eu-latest.cumulocity.com/devicecontrol/operations/19054153', 'id': '19054153', 'status': 'PENDING', 'description': &quot;Apply software changes, triggered from PySys: [{'action': 'install', 'id': '5475369', 'name': 'asciijump', 'url': ' ', 'version': '::apt'}, {'action': 'install', 'id': '5474869', 'name': 'robotfindskitten', 'url': ' ', 'version': '::apt'}, {'action': 'install', 'id': '5475279', 'name': 'squirrel3', 'url': ' ', 'version': '::apt'}]&quot;, 'c8y_SoftwareUpdate': [{'name': 'asciijump', 'action': 'install', 'id': '5475369', 'version': '::apt', 'url': ' '}, {'name': 'robotfindskitten', 'action': 'install', 'id': '5474869', 'version': '::apt', 'url': ' '}, {'name': 'squirrel3', 'action': 'install', 'id': '5475279', 'version': '::apt', 'url': ' '}]}
15:42:00 INFO  State of operation 19054153 : PENDING
15:42:02 INFO  State of operation 19054153 : EXECUTING
15:42:05 INFO  State of operation 19054153 : EXECUTING
15:42:07 INFO  State of operation 19054153 : EXECUTING
15:42:09 INFO  State of operation 19054153 : EXECUTING
15:42:11 INFO  State of operation 19054153 : EXECUTING
15:42:14 INFO  State of operation 19054153 : EXECUTING
15:42:17 INFO  State of operation 19054153 : EXECUTING
15:42:19 INFO  State of operation 19054153 : EXECUTING
15:42:21 INFO  State of operation 19054153 : EXECUTING
15:42:24 INFO  State of operation 19054153 : EXECUTING
15:42:26 INFO  State of operation 19054153 : EXECUTING
15:42:28 INFO  State of operation 19054153 : EXECUTING
15:42:30 INFO  State of operation 19054153 : EXECUTING
15:42:33 INFO  State of operation 19054153 : EXECUTING
15:42:35 INFO  State of operation 19054153 : EXECUTING
15:42:37 INFO  State of operation 19054153 : EXECUTING
15:42:40 INFO  State of operation 19054153 : EXECUTING
15:42:42 INFO  State of operation 19054153 : EXECUTING
15:42:45 INFO  State of operation 19054153 : EXECUTING
15:42:47 INFO  State of operation 19054153 : EXECUTING
15:42:50 INFO  State of operation 19054153 : EXECUTING
15:42:52 INFO  State of operation 19054153 : EXECUTING
15:42:55 INFO  State of operation 19054153 : EXECUTING
15:42:57 INFO  State of operation 19054153 : EXECUTING
15:43:00 INFO  State of operation 19054153 : EXECUTING
15:43:02 INFO  State of operation 19054153 : EXECUTING
15:43:04 INFO  State of operation 19054153 : EXECUTING
15:43:07 INFO  State of operation 19054153 : EXECUTING
15:43:09 INFO  State of operation 19054153 : EXECUTING
15:43:11 INFO  State of operation 19054153 : EXECUTING
15:43:13 INFO  State of operation 19054153 : EXECUTING
15:43:16 INFO  State of operation 19054153 : EXECUTING
15:43:18 INFO  State of operation 19054153 : SUCCESSFUL
15:43:18 INFO  Assert that (False == value) with value=False ... passed
15:43:18 INFO  Package asciijump is installed
15:43:18 INFO  Assert that (True == value) with value=True ... passed
15:43:19 INFO  Package squirrel3 is installed
15:43:19 INFO  Assert that (True == value) with value=True ... passed
15:43:19 INFO  Package robotfindskitten is installed
15:43:19 INFO  Assert that (True == value) with value=True ... passed
15:43:19 INFO  Response status: 201
15:43:19 INFO  Response to action: {
    &quot;creationTime&quot;: &quot;2022-05-13T15:43:19.455Z&quot;,
    &quot;deviceId&quot;: &quot;19035650&quot;,
    &quot;deviceName&quot;: &quot;m32sd10b&quot;,
    &quot;self&quot;: &quot;https://t493319102.eu-latest.cumulocity.com/devicecontrol/operations/19054161&quot;,
    &quot;id&quot;: &quot;19054161&quot;,
    &quot;status&quot;: &quot;PENDING&quot;,
    &quot;description&quot;: &quot;Apply software changes, triggered from PySys: [{'action': 'delete', 'id': '5475369', 'name': 'asciijump', 'url': ' ', 'version': '::apt'}, {'action': 'delete', 'id': '5474869', 'name': 'robotfindskitten', 'url': ' ', 'version': '::apt'}, {'action': 'delete', 'id': '5475279', 'name': 'squirrel3', 'url': ' ', 'version': '::apt'}]&quot;,
    &quot;c8y_SoftwareUpdate&quot;: [
        {
            &quot;name&quot;: &quot;asciijump&quot;,
            &quot;action&quot;: &quot;delete&quot;,
            &quot;id&quot;: &quot;5475369&quot;,
            &quot;version&quot;: &quot;::apt&quot;,
            &quot;url&quot;: &quot; &quot;
        },
        {
            &quot;name&quot;: &quot;robotfindskitten&quot;,
            &quot;action&quot;: &quot;delete&quot;,
            &quot;id&quot;: &quot;5474869&quot;,
            &quot;version&quot;: &quot;::apt&quot;,
            &quot;url&quot;: &quot; &quot;
        },
        {
            &quot;name&quot;: &quot;squirrel3&quot;,
            &quot;action&quot;: &quot;delete&quot;,
            &quot;id&quot;: &quot;5475279&quot;,
            &quot;version&quot;: &quot;::apt&quot;,
            &quot;url&quot;: &quot; &quot;
        }
    ]
}
15:43:19 INFO  Started operation: {'creationTime': '2022-05-13T15:43:19.455Z', 'deviceId': '19035650', 'deviceName': 'm32sd10b', 'self': 'https://t493319102.eu-latest.cumulocity.com/devicecontrol/operations/19054161', 'id': '19054161', 'status': 'PENDING', 'description': &quot;Apply software changes, triggered from PySys: [{'action': 'delete', 'id': '5475369', 'name': 'asciijump', 'url': ' ', 'version': '::apt'}, {'action': 'delete', 'id': '5474869', 'name': 'robotfindskitten', 'url': ' ', 'version': '::apt'}, {'action': 'delete', 'id': '5475279', 'name': 'squirrel3', 'url': ' ', 'version': '::apt'}]&quot;, 'c8y_SoftwareUpdate': [{'name': 'asciijump', 'action': 'delete', 'id': '5475369', 'version': '::apt', 'url': ' '}, {'name': 'robotfindskitten', 'action': 'delete', 'id': '5474869', 'version': '::apt', 'url': ' '}, {'name': 'squirrel3', 'action': 'delete', 'id': '5475279', 'version': '::apt', 'url': ' '}]}
15:43:21 INFO  State of operation 19054161 : PENDING
15:43:23 INFO  State of operation 19054161 : EXECUTING
15:43:26 INFO  State of operation 19054161 : EXECUTING
15:43:28 INFO  State of operation 19054161 : EXECUTING
15:43:30 INFO  State of operation 19054161 : EXECUTING
15:43:32 INFO  State of operation 19054161 : EXECUTING
15:43:35 INFO  State of operation 19054161 : EXECUTING
15:43:38 INFO  State of operation 19054161 : EXECUTING
15:43:40 INFO  State of operation 19054161 : EXECUTING
15:43:42 INFO  State of operation 19054161 : EXECUTING
15:43:45 INFO  State of operation 19054161 : EXECUTING
15:43:47 INFO  State of operation 19054161 : EXECUTING
15:43:49 INFO  State of operation 19054161 : EXECUTING
15:43:51 INFO  State of operation 19054161 : EXECUTING
15:43:54 INFO  State of operation 19054161 : EXECUTING
15:43:56 INFO  State of operation 19054161 : EXECUTING
15:43:59 INFO  State of operation 19054161 : EXECUTING
15:44:01 INFO  State of operation 19054161 : EXECUTING
15:44:04 INFO  State of operation 19054161 : EXECUTING
15:44:06 INFO  State of operation 19054161 : EXECUTING
15:44:08 INFO  State of operation 19054161 : EXECUTING
15:44:10 INFO  State of operation 19054161 : EXECUTING
15:44:12 INFO  State of operation 19054161 : EXECUTING
15:44:15 INFO  State of operation 19054161 : EXECUTING
15:44:17 INFO  State of operation 19054161 : EXECUTING
15:44:20 INFO  State of operation 19054161 : EXECUTING
15:44:22 INFO  State of operation 19054161 : EXECUTING
15:44:24 INFO  State of operation 19054161 : SUCCESSFUL
15:44:24 INFO  Assert that (False == value) with value=False ... passed
15:44:25 INFO  Assert that (False == value) with value=False ... passed
15:44:25 INFO  Assert that (False == value) with value=False ... passed
15:44:25 INFO  Assert that (False == value) with value=False ... passed
15:44:25 INFO  
15:44:25 INFO  cleanup:
15:44:29 INFO  Executed sudo&lt;tedge_disconnect_c8y&gt;, exit status 0
15:44:30 INFO  Executed systemctl&lt;serv_mapper5&gt;, exit status 3
15:44:30 INFO  
15:44:30 INFO  Test duration: 178.53 secs
15:44:30 INFO  Test final outcome:  FAILED
15:44:30 INFO  Test outcome reason: Assert that (False == value) with value=True
15:44:30 INFO  
</system-out>
	</testcase>
</testsuite>
