<?xml version="1.0" encoding="utf-8"?>
<testsuite failures="1" name="SoftwareManagement.sm_apt_install_remove_multiple" skipped="0" tests="1" time="179.58" timestamp="2022-04-28T09:03:03">
	<testcase classname="PySysTest" name="SoftwareManagement.sm_apt_install_remove_multiple">
		<failure message="FAILED: Assert that (False == value) with value=True" type="FAILED"/>
		<system-out>09:00:03 INFO  ==============================================================
09:00:03 INFO  Id:    SoftwareManagement.sm_apt_install_remove_multiple
09:00:03 INFO  Dir:   software_management_end_to_end/
09:00:03 INFO  Title: Validate end to end behaviour for the apt plugin for multiple packages
09:00:03 INFO  ==============================================================
09:00:03 INFO  Using sw id database: {'asciijump': '5475369', 'robotfindskitten': '5474869', 'squirrel3': '5475279', 'rolldice': '5152439', 'moon-buggy': '5439204', 'apple': '5495053', 'banana': '5494888', 'cherry': '5495382', 'watermelon': '5494510', 'registry': '8018911', 'hello-world': '8021526', 'docker/getting-started': '8021973', 'alpine': '7991792'}
09:00:03 INFO  EnvironmentC8y Setup
09:00:04 INFO  Executed systemctl&lt;serv_mapper1&gt;, exit status 3
09:00:04 INFO  Restarting mosquitto too frequently in the last 10 seconds. It was only up for 5 seconds
09:00:04 INFO  Delaying execution by 6 seconds
09:00:24 INFO  Executed sudo&lt;tedge_connect_c8y&gt;, exit status 0, duration 14 secs
09:00:25 INFO  Executed sudo&lt;tedge_connect_c8y_test&gt;, exit status 0
09:00:25 INFO  Executed systemctl&lt;serv_mosq2&gt;, exit status 0
09:00:26 INFO  Executed systemctl&lt;serv_mapper3&gt;, exit status 0
09:00:28 INFO  State of current operation: SUCCESSFUL
09:00:28 INFO  Assert that (False == value) with value=False ... passed
09:00:28 INFO  Assert that (False == value) with value=False ... passed
09:00:29 INFO  Assert that (False == value) with value=False ... passed
09:00:29 INFO  Package robotfindskitten is installed
09:00:29 WARN  Assert that (False == value) with value=True ... failed 
09:00:29 INFO  Response status: 201
09:00:29 INFO  Response to action: {
    &quot;creationTime&quot;: &quot;2022-04-28T09:00:29.640Z&quot;,
    &quot;deviceName&quot;: &quot;m32sd10b&quot;,
    &quot;deviceId&quot;: &quot;17854775&quot;,
    &quot;self&quot;: &quot;https://t493319102.eu-latest.cumulocity.com/devicecontrol/operations/17887533&quot;,
    &quot;id&quot;: &quot;17887533&quot;,
    &quot;status&quot;: &quot;PENDING&quot;,
    &quot;description&quot;: &quot;Apply software changes, triggered from PySys: [{'action': 'install', 'id': '5475369', 'name': 'asciijump', 'url': ' ', 'version': '::apt'}, {'action': 'install', 'id': '5474869', 'name': 'robotfindskitten', 'url': ' ', 'version': '::apt'}, {'action': 'install', 'id': '5475279', 'name': 'squirrel3', 'url': ' ', 'version': '::apt'}]&quot;,
    &quot;c8y_SoftwareUpdate&quot;: [
        {
            &quot;name&quot;: &quot;asciijump&quot;,
            &quot;action&quot;: &quot;install&quot;,
            &quot;id&quot;: &quot;5475369&quot;,
            &quot;version&quot;: &quot;::apt&quot;,
            &quot;url&quot;: &quot; &quot;
        },
        {
            &quot;name&quot;: &quot;robotfindskitten&quot;,
            &quot;action&quot;: &quot;install&quot;,
            &quot;id&quot;: &quot;5474869&quot;,
            &quot;version&quot;: &quot;::apt&quot;,
            &quot;url&quot;: &quot; &quot;
        },
        {
            &quot;name&quot;: &quot;squirrel3&quot;,
            &quot;action&quot;: &quot;install&quot;,
            &quot;id&quot;: &quot;5475279&quot;,
            &quot;version&quot;: &quot;::apt&quot;,
            &quot;url&quot;: &quot; &quot;
        }
    ]
}
09:00:29 INFO  Started operation: {'creationTime': '2022-04-28T09:00:29.640Z', 'deviceName': 'm32sd10b', 'deviceId': '17854775', 'self': 'https://t493319102.eu-latest.cumulocity.com/devicecontrol/operations/17887533', 'id': '17887533', 'status': 'PENDING', 'description': &quot;Apply software changes, triggered from PySys: [{'action': 'install', 'id': '5475369', 'name': 'asciijump', 'url': ' ', 'version': '::apt'}, {'action': 'install', 'id': '5474869', 'name': 'robotfindskitten', 'url': ' ', 'version': '::apt'}, {'action': 'install', 'id': '5475279', 'name': 'squirrel3', 'url': ' ', 'version': '::apt'}]&quot;, 'c8y_SoftwareUpdate': [{'name': 'asciijump', 'action': 'install', 'id': '5475369', 'version': '::apt', 'url': ' '}, {'name': 'robotfindskitten', 'action': 'install', 'id': '5474869', 'version': '::apt', 'url': ' '}, {'name': 'squirrel3', 'action': 'install', 'id': '5475279', 'version': '::apt', 'url': ' '}]}
09:00:31 INFO  State of operation 17887533 : PENDING
09:00:34 INFO  State of operation 17887533 : EXECUTING
09:00:36 INFO  State of operation 17887533 : EXECUTING
09:00:38 INFO  State of operation 17887533 : EXECUTING
09:00:40 INFO  State of operation 17887533 : EXECUTING
09:00:43 INFO  State of operation 17887533 : EXECUTING
09:00:45 INFO  State of operation 17887533 : EXECUTING
09:00:48 INFO  State of operation 17887533 : EXECUTING
09:00:51 INFO  State of operation 17887533 : EXECUTING
09:00:53 INFO  State of operation 17887533 : EXECUTING
09:00:55 INFO  State of operation 17887533 : EXECUTING
09:00:57 INFO  State of operation 17887533 : EXECUTING
09:01:00 INFO  State of operation 17887533 : EXECUTING
09:01:02 INFO  State of operation 17887533 : EXECUTING
09:01:04 INFO  State of operation 17887533 : EXECUTING
09:01:06 INFO  State of operation 17887533 : EXECUTING
09:01:09 INFO  State of operation 17887533 : EXECUTING
09:01:12 INFO  State of operation 17887533 : EXECUTING
09:01:14 INFO  State of operation 17887533 : EXECUTING
09:01:16 INFO  State of operation 17887533 : EXECUTING
09:01:18 INFO  State of operation 17887533 : EXECUTING
09:01:21 INFO  State of operation 17887533 : EXECUTING
09:01:23 INFO  State of operation 17887533 : EXECUTING
09:01:26 INFO  State of operation 17887533 : EXECUTING
09:01:28 INFO  State of operation 17887533 : EXECUTING
09:01:30 INFO  State of operation 17887533 : EXECUTING
09:01:32 INFO  State of operation 17887533 : EXECUTING
09:01:34 INFO  State of operation 17887533 : EXECUTING
09:01:37 INFO  State of operation 17887533 : EXECUTING
09:01:39 INFO  State of operation 17887533 : EXECUTING
09:01:41 INFO  State of operation 17887533 : EXECUTING
09:01:44 INFO  State of operation 17887533 : EXECUTING
09:01:46 INFO  State of operation 17887533 : EXECUTING
09:01:48 INFO  State of operation 17887533 : EXECUTING
09:01:50 INFO  State of operation 17887533 : SUCCESSFUL
09:01:50 INFO  Assert that (False == value) with value=False ... passed
09:01:51 INFO  Package asciijump is installed
09:01:51 INFO  Assert that (True == value) with value=True ... passed
09:01:51 INFO  Package squirrel3 is installed
09:01:51 INFO  Assert that (True == value) with value=True ... passed
09:01:51 INFO  Package robotfindskitten is installed
09:01:51 INFO  Assert that (True == value) with value=True ... passed
09:01:51 INFO  Response status: 201
09:01:51 INFO  Response to action: {
    &quot;creationTime&quot;: &quot;2022-04-28T09:01:51.759Z&quot;,
    &quot;deviceName&quot;: &quot;m32sd10b&quot;,
    &quot;deviceId&quot;: &quot;17854775&quot;,
    &quot;self&quot;: &quot;https://t493319102.eu-latest.cumulocity.com/devicecontrol/operations/17887541&quot;,
    &quot;id&quot;: &quot;17887541&quot;,
    &quot;status&quot;: &quot;PENDING&quot;,
    &quot;description&quot;: &quot;Apply software changes, triggered from PySys: [{'action': 'delete', 'id': '5475369', 'name': 'asciijump', 'url': ' ', 'version': '::apt'}, {'action': 'delete', 'id': '5474869', 'name': 'robotfindskitten', 'url': ' ', 'version': '::apt'}, {'action': 'delete', 'id': '5475279', 'name': 'squirrel3', 'url': ' ', 'version': '::apt'}]&quot;,
    &quot;c8y_SoftwareUpdate&quot;: [
        {
            &quot;name&quot;: &quot;asciijump&quot;,
            &quot;action&quot;: &quot;delete&quot;,
            &quot;id&quot;: &quot;5475369&quot;,
            &quot;version&quot;: &quot;::apt&quot;,
            &quot;url&quot;: &quot; &quot;
        },
        {
            &quot;name&quot;: &quot;robotfindskitten&quot;,
            &quot;action&quot;: &quot;delete&quot;,
            &quot;id&quot;: &quot;5474869&quot;,
            &quot;version&quot;: &quot;::apt&quot;,
            &quot;url&quot;: &quot; &quot;
        },
        {
            &quot;name&quot;: &quot;squirrel3&quot;,
            &quot;action&quot;: &quot;delete&quot;,
            &quot;id&quot;: &quot;5475279&quot;,
            &quot;version&quot;: &quot;::apt&quot;,
            &quot;url&quot;: &quot; &quot;
        }
    ]
}
09:01:51 INFO  Started operation: {'creationTime': '2022-04-28T09:01:51.759Z', 'deviceName': 'm32sd10b', 'deviceId': '17854775', 'self': 'https://t493319102.eu-latest.cumulocity.com/devicecontrol/operations/17887541', 'id': '17887541', 'status': 'PENDING', 'description': &quot;Apply software changes, triggered from PySys: [{'action': 'delete', 'id': '5475369', 'name': 'asciijump', 'url': ' ', 'version': '::apt'}, {'action': 'delete', 'id': '5474869', 'name': 'robotfindskitten', 'url': ' ', 'version': '::apt'}, {'action': 'delete', 'id': '5475279', 'name': 'squirrel3', 'url': ' ', 'version': '::apt'}]&quot;, 'c8y_SoftwareUpdate': [{'name': 'asciijump', 'action': 'delete', 'id': '5475369', 'version': '::apt', 'url': ' '}, {'name': 'robotfindskitten', 'action': 'delete', 'id': '5474869', 'version': '::apt', 'url': ' '}, {'name': 'squirrel3', 'action': 'delete', 'id': '5475279', 'version': '::apt', 'url': ' '}]}
09:01:54 INFO  State of operation 17887541 : PENDING
09:01:56 INFO  State of operation 17887541 : EXECUTING
09:01:58 INFO  State of operation 17887541 : EXECUTING
09:02:00 INFO  State of operation 17887541 : EXECUTING
09:02:02 INFO  State of operation 17887541 : EXECUTING
09:02:05 INFO  State of operation 17887541 : EXECUTING
09:02:07 INFO  State of operation 17887541 : EXECUTING
09:02:10 INFO  State of operation 17887541 : EXECUTING
09:02:13 INFO  State of operation 17887541 : EXECUTING
09:02:16 INFO  State of operation 17887541 : EXECUTING
09:02:18 INFO  State of operation 17887541 : EXECUTING
09:02:20 INFO  State of operation 17887541 : EXECUTING
09:02:23 INFO  State of operation 17887541 : EXECUTING
09:02:25 INFO  State of operation 17887541 : EXECUTING
09:02:27 INFO  State of operation 17887541 : EXECUTING
09:02:29 INFO  State of operation 17887541 : EXECUTING
09:02:32 INFO  State of operation 17887541 : EXECUTING
09:02:34 INFO  State of operation 17887541 : EXECUTING
09:02:37 INFO  State of operation 17887541 : EXECUTING
09:02:39 INFO  State of operation 17887541 : EXECUTING
09:02:41 INFO  State of operation 17887541 : EXECUTING
09:02:43 INFO  State of operation 17887541 : EXECUTING
09:02:46 INFO  State of operation 17887541 : EXECUTING
09:02:48 INFO  State of operation 17887541 : EXECUTING
09:02:50 INFO  State of operation 17887541 : EXECUTING
09:02:53 INFO  State of operation 17887541 : EXECUTING
09:02:55 INFO  State of operation 17887541 : EXECUTING
09:02:57 INFO  State of operation 17887541 : SUCCESSFUL
09:02:57 INFO  Assert that (False == value) with value=False ... passed
09:02:58 INFO  Assert that (False == value) with value=False ... passed
09:02:58 INFO  Assert that (False == value) with value=False ... passed
09:02:58 INFO  Assert that (False == value) with value=False ... passed
09:02:58 INFO  
09:02:58 INFO  cleanup:
09:03:02 INFO  Executed sudo&lt;tedge_disconnect_c8y&gt;, exit status 0
09:03:03 INFO  Executed systemctl&lt;serv_mapper5&gt;, exit status 3
09:03:03 INFO  
09:03:03 INFO  Test duration: 179.58 secs
09:03:03 INFO  Test final outcome:  FAILED
09:03:03 INFO  Test outcome reason: Assert that (False == value) with value=True
09:03:03 INFO  
</system-out>
	</testcase>
</testsuite>
