<?xml version="1.0" encoding="utf-8"?>
<testsuite failures="0" name="apt_update_list" skipped="0" tests="1" time="164.88" timestamp="2022-04-27T10:50:21">
	<testcase classname="AptPluginUpdateList" name="apt_update_list"/>
</testsuite>
