<?xml version="1.0" encoding="utf-8"?>
<testsuite failures="1" name="SoftwareManagement.sm_apt_install_remove_multiple" skipped="0" tests="1" time="179.45" timestamp="2022-05-06T13:55:51">
	<testcase classname="PySysTest" name="SoftwareManagement.sm_apt_install_remove_multiple">
		<failure message="FAILED: Assert that (False == value) with value=True" type="FAILED"/>
		<system-out>13:52:52 INFO  ==============================================================
13:52:52 INFO  Id:    SoftwareManagement.sm_apt_install_remove_multiple
13:52:52 INFO  Dir:   software_management_end_to_end/
13:52:52 INFO  Title: Validate end to end behaviour for the apt plugin for multiple packages
13:52:52 INFO  ==============================================================
13:52:52 INFO  Using sw id database: {'asciijump': '5475369', 'robotfindskitten': '5474869', 'squirrel3': '5475279', 'rolldice': '5152439', 'moon-buggy': '5439204', 'apple': '5495053', 'banana': '5494888', 'cherry': '5495382', 'watermelon': '5494510', 'registry': '8018911', 'hello-world': '8021526', 'docker/getting-started': '8021973', 'alpine': '7991792'}
13:52:52 INFO  EnvironmentC8y Setup
13:52:52 INFO  Executed systemctl&lt;serv_mapper1&gt;, exit status 3
13:52:52 INFO  Restarting mosquitto too frequently in the last 10 seconds. It was only up for 5 seconds
13:52:52 INFO  Delaying execution by 6 seconds
13:53:13 INFO  Executed sudo&lt;tedge_connect_c8y&gt;, exit status 0, duration 14 secs
13:53:13 INFO  Executed sudo&lt;tedge_connect_c8y_test&gt;, exit status 0
13:53:14 INFO  Executed systemctl&lt;serv_mosq2&gt;, exit status 0
13:53:14 INFO  Executed systemctl&lt;serv_mapper3&gt;, exit status 0
13:53:16 INFO  State of current operation: SUCCESSFUL
13:53:17 INFO  Assert that (False == value) with value=False ... passed
13:53:17 INFO  Assert that (False == value) with value=False ... passed
13:53:17 INFO  Assert that (False == value) with value=False ... passed
13:53:17 INFO  Package robotfindskitten is installed
13:53:17 WARN  Assert that (False == value) with value=True ... failed 
13:53:18 INFO  Response status: 201
13:53:18 INFO  Response to action: {
    &quot;creationTime&quot;: &quot;2022-05-06T13:53:18.037Z&quot;,
    &quot;deviceName&quot;: &quot;m32sd10b&quot;,
    &quot;deviceId&quot;: &quot;18388532&quot;,
    &quot;self&quot;: &quot;https://t493319102.eu-latest.cumulocity.com/devicecontrol/operations/18458554&quot;,
    &quot;id&quot;: &quot;18458554&quot;,
    &quot;status&quot;: &quot;PENDING&quot;,
    &quot;description&quot;: &quot;Apply software changes, triggered from PySys: [{'action': 'install', 'id': '5475369', 'name': 'asciijump', 'url': ' ', 'version': '::apt'}, {'action': 'install', 'id': '5474869', 'name': 'robotfindskitten', 'url': ' ', 'version': '::apt'}, {'action': 'install', 'id': '5475279', 'name': 'squirrel3', 'url': ' ', 'version': '::apt'}]&quot;,
    &quot;c8y_SoftwareUpdate&quot;: [
        {
            &quot;name&quot;: &quot;asciijump&quot;,
            &quot;action&quot;: &quot;install&quot;,
            &quot;id&quot;: &quot;5475369&quot;,
            &quot;version&quot;: &quot;::apt&quot;,
            &quot;url&quot;: &quot; &quot;
        },
        {
            &quot;name&quot;: &quot;robotfindskitten&quot;,
            &quot;action&quot;: &quot;install&quot;,
            &quot;id&quot;: &quot;5474869&quot;,
            &quot;version&quot;: &quot;::apt&quot;,
            &quot;url&quot;: &quot; &quot;
        },
        {
            &quot;name&quot;: &quot;squirrel3&quot;,
            &quot;action&quot;: &quot;install&quot;,
            &quot;id&quot;: &quot;5475279&quot;,
            &quot;version&quot;: &quot;::apt&quot;,
            &quot;url&quot;: &quot; &quot;
        }
    ]
}
13:53:18 INFO  Started operation: {'creationTime': '2022-05-06T13:53:18.037Z', 'deviceName': 'm32sd10b', 'deviceId': '18388532', 'self': 'https://t493319102.eu-latest.cumulocity.com/devicecontrol/operations/18458554', 'id': '18458554', 'status': 'PENDING', 'description': &quot;Apply software changes, triggered from PySys: [{'action': 'install', 'id': '5475369', 'name': 'asciijump', 'url': ' ', 'version': '::apt'}, {'action': 'install', 'id': '5474869', 'name': 'robotfindskitten', 'url': ' ', 'version': '::apt'}, {'action': 'install', 'id': '5475279', 'name': 'squirrel3', 'url': ' ', 'version': '::apt'}]&quot;, 'c8y_SoftwareUpdate': [{'name': 'asciijump', 'action': 'install', 'id': '5475369', 'version': '::apt', 'url': ' '}, {'name': 'robotfindskitten', 'action': 'install', 'id': '5474869', 'version': '::apt', 'url': ' '}, {'name': 'squirrel3', 'action': 'install', 'id': '5475279', 'version': '::apt', 'url': ' '}]}
13:53:20 INFO  State of operation 18458554 : PENDING
13:53:22 INFO  State of operation 18458554 : EXECUTING
13:53:24 INFO  State of operation 18458554 : EXECUTING
13:53:26 INFO  State of operation 18458554 : EXECUTING
13:53:29 INFO  State of operation 18458554 : EXECUTING
13:53:31 INFO  State of operation 18458554 : EXECUTING
13:53:34 INFO  State of operation 18458554 : EXECUTING
13:53:37 INFO  State of operation 18458554 : EXECUTING
13:53:39 INFO  State of operation 18458554 : EXECUTING
13:53:41 INFO  State of operation 18458554 : EXECUTING
13:53:44 INFO  State of operation 18458554 : EXECUTING
13:53:46 INFO  State of operation 18458554 : EXECUTING
13:53:48 INFO  State of operation 18458554 : EXECUTING
13:53:50 INFO  State of operation 18458554 : EXECUTING
13:53:53 INFO  State of operation 18458554 : EXECUTING
13:53:55 INFO  State of operation 18458554 : EXECUTING
13:53:57 INFO  State of operation 18458554 : EXECUTING
13:54:00 INFO  State of operation 18458554 : EXECUTING
13:54:02 INFO  State of operation 18458554 : EXECUTING
13:54:04 INFO  State of operation 18458554 : EXECUTING
13:54:07 INFO  State of operation 18458554 : EXECUTING
13:54:09 INFO  State of operation 18458554 : EXECUTING
13:54:11 INFO  State of operation 18458554 : EXECUTING
13:54:14 INFO  State of operation 18458554 : EXECUTING
13:54:16 INFO  State of operation 18458554 : EXECUTING
13:54:18 INFO  State of operation 18458554 : EXECUTING
13:54:21 INFO  State of operation 18458554 : EXECUTING
13:54:23 INFO  State of operation 18458554 : EXECUTING
13:54:25 INFO  State of operation 18458554 : EXECUTING
13:54:27 INFO  State of operation 18458554 : EXECUTING
13:54:30 INFO  State of operation 18458554 : EXECUTING
13:54:32 INFO  State of operation 18458554 : EXECUTING
13:54:34 INFO  State of operation 18458554 : EXECUTING
13:54:36 INFO  State of operation 18458554 : EXECUTING
13:54:38 INFO  State of operation 18458554 : SUCCESSFUL
13:54:39 INFO  Assert that (False == value) with value=False ... passed
13:54:39 INFO  Package asciijump is installed
13:54:39 INFO  Assert that (True == value) with value=True ... passed
13:54:39 INFO  Package squirrel3 is installed
13:54:39 INFO  Assert that (True == value) with value=True ... passed
13:54:39 INFO  Package robotfindskitten is installed
13:54:39 INFO  Assert that (True == value) with value=True ... passed
13:54:40 INFO  Response status: 201
13:54:40 INFO  Response to action: {
    &quot;creationTime&quot;: &quot;2022-05-06T13:54:40.150Z&quot;,
    &quot;deviceName&quot;: &quot;m32sd10b&quot;,
    &quot;deviceId&quot;: &quot;18388532&quot;,
    &quot;self&quot;: &quot;https://t493319102.eu-latest.cumulocity.com/devicecontrol/operations/18458563&quot;,
    &quot;id&quot;: &quot;18458563&quot;,
    &quot;status&quot;: &quot;PENDING&quot;,
    &quot;description&quot;: &quot;Apply software changes, triggered from PySys: [{'action': 'delete', 'id': '5475369', 'name': 'asciijump', 'url': ' ', 'version': '::apt'}, {'action': 'delete', 'id': '5474869', 'name': 'robotfindskitten', 'url': ' ', 'version': '::apt'}, {'action': 'delete', 'id': '5475279', 'name': 'squirrel3', 'url': ' ', 'version': '::apt'}]&quot;,
    &quot;c8y_SoftwareUpdate&quot;: [
        {
            &quot;name&quot;: &quot;asciijump&quot;,
            &quot;action&quot;: &quot;delete&quot;,
            &quot;id&quot;: &quot;5475369&quot;,
            &quot;version&quot;: &quot;::apt&quot;,
            &quot;url&quot;: &quot; &quot;
        },
        {
            &quot;name&quot;: &quot;robotfindskitten&quot;,
            &quot;action&quot;: &quot;delete&quot;,
            &quot;id&quot;: &quot;5474869&quot;,
            &quot;version&quot;: &quot;::apt&quot;,
            &quot;url&quot;: &quot; &quot;
        },
        {
            &quot;name&quot;: &quot;squirrel3&quot;,
            &quot;action&quot;: &quot;delete&quot;,
            &quot;id&quot;: &quot;5475279&quot;,
            &quot;version&quot;: &quot;::apt&quot;,
            &quot;url&quot;: &quot; &quot;
        }
    ]
}
13:54:40 INFO  Started operation: {'creationTime': '2022-05-06T13:54:40.150Z', 'deviceName': 'm32sd10b', 'deviceId': '18388532', 'self': 'https://t493319102.eu-latest.cumulocity.com/devicecontrol/operations/18458563', 'id': '18458563', 'status': 'PENDING', 'description': &quot;Apply software changes, triggered from PySys: [{'action': 'delete', 'id': '5475369', 'name': 'asciijump', 'url': ' ', 'version': '::apt'}, {'action': 'delete', 'id': '5474869', 'name': 'robotfindskitten', 'url': ' ', 'version': '::apt'}, {'action': 'delete', 'id': '5475279', 'name': 'squirrel3', 'url': ' ', 'version': '::apt'}]&quot;, 'c8y_SoftwareUpdate': [{'name': 'asciijump', 'action': 'delete', 'id': '5475369', 'version': '::apt', 'url': ' '}, {'name': 'robotfindskitten', 'action': 'delete', 'id': '5474869', 'version': '::apt', 'url': ' '}, {'name': 'squirrel3', 'action': 'delete', 'id': '5475279', 'version': '::apt', 'url': ' '}]}
13:54:42 INFO  State of operation 18458563 : PENDING
13:54:44 INFO  State of operation 18458563 : EXECUTING
13:54:46 INFO  State of operation 18458563 : EXECUTING
13:54:49 INFO  State of operation 18458563 : EXECUTING
13:54:51 INFO  State of operation 18458563 : EXECUTING
13:54:53 INFO  State of operation 18458563 : EXECUTING
13:54:56 INFO  State of operation 18458563 : EXECUTING
13:54:59 INFO  State of operation 18458563 : EXECUTING
13:55:01 INFO  State of operation 18458563 : EXECUTING
13:55:03 INFO  State of operation 18458563 : EXECUTING
13:55:06 INFO  State of operation 18458563 : EXECUTING
13:55:08 INFO  State of operation 18458563 : EXECUTING
13:55:10 INFO  State of operation 18458563 : EXECUTING
13:55:12 INFO  State of operation 18458563 : EXECUTING
13:55:14 INFO  State of operation 18458563 : EXECUTING
13:55:17 INFO  State of operation 18458563 : EXECUTING
13:55:20 INFO  State of operation 18458563 : EXECUTING
13:55:23 INFO  State of operation 18458563 : EXECUTING
13:55:25 INFO  State of operation 18458563 : EXECUTING
13:55:27 INFO  State of operation 18458563 : EXECUTING
13:55:29 INFO  State of operation 18458563 : EXECUTING
13:55:32 INFO  State of operation 18458563 : EXECUTING
13:55:34 INFO  State of operation 18458563 : EXECUTING
13:55:37 INFO  State of operation 18458563 : EXECUTING
13:55:39 INFO  State of operation 18458563 : EXECUTING
13:55:41 INFO  State of operation 18458563 : EXECUTING
13:55:44 INFO  State of operation 18458563 : EXECUTING
13:55:46 INFO  State of operation 18458563 : SUCCESSFUL
13:55:46 INFO  Assert that (False == value) with value=False ... passed
13:55:46 INFO  Assert that (False == value) with value=False ... passed
13:55:46 INFO  Assert that (False == value) with value=False ... passed
13:55:47 INFO  Assert that (False == value) with value=False ... passed
13:55:47 INFO  
13:55:47 INFO  cleanup:
13:55:51 INFO  Executed sudo&lt;tedge_disconnect_c8y&gt;, exit status 0
13:55:51 INFO  Executed systemctl&lt;serv_mapper5&gt;, exit status 3
13:55:51 INFO  
13:55:51 INFO  Test duration: 179.45 secs
13:55:51 INFO  Test final outcome:  FAILED
13:55:51 INFO  Test outcome reason: Assert that (False == value) with value=True
13:55:51 INFO  
</system-out>
	</testcase>
</testsuite>
