<?xml version="1.0" encoding="utf-8"?>
<testsuite failures="1" name="SoftwareManagement.sm_apt_install_fail" skipped="0" tests="1" time="77.86" timestamp="2022-05-13T11:41:25">
	<testcase classname="PySysTest" name="SoftwareManagement.sm_apt_install_fail">
		<failure message="BLOCKED: SystemError: The Sofware list is empty !!!" type="BLOCKED"/>
		<system-out>11:40:07 INFO  ==============================================================
11:40:07 INFO  Id:    SoftwareManagement.sm_apt_install_fail
11:40:07 INFO  Dir:   software_management_end_to_end/
11:40:07 INFO  Title: Validate end to end behaviour for a failing installation
11:40:07 INFO  ==============================================================
11:40:07 INFO  Using sw id database: {'asciijump': '5475369', 'robotfindskitten': '5474869', 'squirrel3': '5475279', 'rolldice': '5152439', 'moon-buggy': '5439204', 'apple': '5495053', 'banana': '5494888', 'cherry': '5495382', 'watermelon': '5494510', 'registry': '8018911', 'hello-world': '8021526', 'docker/getting-started': '8021973', 'alpine': '7991792'}
11:40:07 INFO  EnvironmentC8y Setup
11:40:08 INFO  Executed systemctl&lt;serv_mapper1&gt;, exit status 3
11:40:08 INFO  Restarting mosquitto too frequently in the last 10 seconds. It was only up for 4 seconds
11:40:08 INFO  Delaying execution by 7 seconds
11:40:29 INFO  Executed sudo&lt;tedge_connect_c8y&gt;, exit status 0, duration 14 secs
11:40:30 INFO  Executed sudo&lt;tedge_connect_c8y_test&gt;, exit status 0
11:40:30 INFO  Executed systemctl&lt;serv_mosq2&gt;, exit status 0
11:40:31 INFO  Executed systemctl&lt;serv_mapper3&gt;, exit status 0
11:40:33 INFO  State of current operation: SUCCESSFUL
11:40:33 INFO  Response status: 201
11:40:33 INFO  Response to action: {
    &quot;creationTime&quot;: &quot;2022-05-13T11:40:33.553Z&quot;,
    &quot;deviceId&quot;: &quot;19000396&quot;,
    &quot;deviceName&quot;: &quot;m32sd10b&quot;,
    &quot;self&quot;: &quot;https://t493319102.eu-latest.cumulocity.com/devicecontrol/operations/19028668&quot;,
    &quot;id&quot;: &quot;19028668&quot;,
    &quot;status&quot;: &quot;PENDING&quot;,
    &quot;description&quot;: &quot;Apply software changes, triggered from PySys: [{'name': 'does_not_exist', 'id': '5446165', 'version': '::apt', 'url': '', 'action': 'install'}]&quot;,
    &quot;c8y_SoftwareUpdate&quot;: [
        {
            &quot;name&quot;: &quot;does_not_exist&quot;,
            &quot;action&quot;: &quot;install&quot;,
            &quot;id&quot;: &quot;5446165&quot;,
            &quot;version&quot;: &quot;::apt&quot;,
            &quot;url&quot;: &quot;&quot;
        }
    ]
}
11:40:33 INFO  Started operation: {'creationTime': '2022-05-13T11:40:33.553Z', 'deviceId': '19000396', 'deviceName': 'm32sd10b', 'self': 'https://t493319102.eu-latest.cumulocity.com/devicecontrol/operations/19028668', 'id': '19028668', 'status': 'PENDING', 'description': &quot;Apply software changes, triggered from PySys: [{'name': 'does_not_exist', 'id': '5446165', 'version': '::apt', 'url': '', 'action': 'install'}]&quot;, 'c8y_SoftwareUpdate': [{'name': 'does_not_exist', 'action': 'install', 'id': '5446165', 'version': '::apt', 'url': ''}]}
11:40:35 INFO  State of operation 19028668 : PENDING
11:40:38 INFO  State of operation 19028668 : EXECUTING
11:40:40 INFO  State of operation 19028668 : EXECUTING
11:40:42 INFO  State of operation 19028668 : EXECUTING
11:40:44 INFO  State of operation 19028668 : EXECUTING
11:40:46 INFO  State of operation 19028668 : EXECUTING
11:40:49 INFO  State of operation 19028668 : EXECUTING
11:40:52 INFO  State of operation 19028668 : EXECUTING
11:40:54 INFO  State of operation 19028668 : EXECUTING
11:40:56 INFO  State of operation 19028668 : EXECUTING
11:40:59 INFO  State of operation 19028668 : EXECUTING
11:41:01 INFO  State of operation 19028668 : EXECUTING
11:41:03 INFO  State of operation 19028668 : EXECUTING
11:41:05 INFO  State of operation 19028668 : EXECUTING
11:41:08 INFO  State of operation 19028668 : EXECUTING
11:41:10 INFO  State of operation 19028668 : EXECUTING
11:41:13 INFO  State of operation 19028668 : EXECUTING
11:41:16 INFO  State of operation 19028668 : EXECUTING
11:41:18 INFO  State of operation 19028668 : EXECUTING
11:41:20 INFO  State of operation 19028668 : FAILED
11:41:20 WARN  SystemError occurred while running test - The Sofware list is empty !!!
Traceback (most recent call last):
  File &quot;/home/pi/env-pysys/lib/python3.7/site-packages/pysys/baserunner.py&quot;, line 1296, in __call__
    self.testObj.validate()
  File &quot;/home/pi/actions-runner/_work/thin-edge.io/thin-edge.io/tests/PySys/software_management_end_to_end/sm_apt_install_fail/run.py&quot;, line 31, in validate
    &quot;False == value&quot;, value=self.check_is_installed(&quot;does_not_exist&quot;)
  File &quot;/home/pi/actions-runner/_work/thin-edge.io/thin-edge.io/tests/PySys/software_management_end_to_end/environment_sm_management.py&quot;, line 399, in check_is_installed
    raise SystemError(&quot;The Sofware list is empty !!!&quot;)
SystemError: The Sofware list is empty !!!
11:41:21 WARN  SystemError: The Sofware list is empty !!! ... blocked 
11:41:21 INFO  
11:41:21 INFO  cleanup:
11:41:24 INFO  Executed sudo&lt;tedge_disconnect_c8y&gt;, exit status 0
11:41:25 INFO  Executed systemctl&lt;serv_mapper5&gt;, exit status 3
11:41:25 INFO  
11:41:25 INFO  Test duration: 77.86 secs
11:41:25 INFO  Test final outcome:  BLOCKED
11:41:25 INFO  Test outcome reason: SystemError: The Sofware list is empty !!!
11:41:25 INFO  
</system-out>
	</testcase>
</testsuite>
