<?xml version="1.0" encoding="utf-8"?>
<testsuite failures="0" name="apt_install" skipped="0" tests="1" time="65.2" timestamp="2022-05-03T09:11:48">
	<testcase classname="AptPluginInstallDense" name="apt_install"/>
</testsuite>
