<?xml version="1.0" encoding="utf-8"?>
<testsuite failures="1" name="SoftwareManagement.sm_apt_install_remove_multiple" skipped="0" tests="1" time="179.01" timestamp="2022-05-03T19:09:43">
	<testcase classname="PySysTest" name="SoftwareManagement.sm_apt_install_remove_multiple">
		<failure message="FAILED: Assert that (False == value) with value=True" type="FAILED"/>
		<system-out>19:06:44 INFO  ==============================================================
19:06:44 INFO  Id:    SoftwareManagement.sm_apt_install_remove_multiple
19:06:44 INFO  Dir:   software_management_end_to_end/
19:06:44 INFO  Title: Validate end to end behaviour for the apt plugin for multiple packages
19:06:44 INFO  ==============================================================
19:06:44 INFO  Using sw id database: {'asciijump': '5475369', 'robotfindskitten': '5474869', 'squirrel3': '5475279', 'rolldice': '5152439', 'moon-buggy': '5439204', 'apple': '5495053', 'banana': '5494888', 'cherry': '5495382', 'watermelon': '5494510', 'registry': '8018911', 'hello-world': '8021526', 'docker/getting-started': '8021973', 'alpine': '7991792'}
19:06:44 INFO  EnvironmentC8y Setup
19:06:44 INFO  Executed systemctl&lt;serv_mapper1&gt;, exit status 3
19:06:44 INFO  Restarting mosquitto too frequently in the last 10 seconds. It was only up for 5 seconds
19:06:44 INFO  Delaying execution by 6 seconds
19:07:05 INFO  Executed sudo&lt;tedge_connect_c8y&gt;, exit status 0, duration 14 secs
19:07:05 INFO  Executed sudo&lt;tedge_connect_c8y_test&gt;, exit status 0
19:07:06 INFO  Executed systemctl&lt;serv_mosq2&gt;, exit status 0
19:07:06 INFO  Executed systemctl&lt;serv_mapper3&gt;, exit status 0
19:07:08 INFO  State of current operation: SUCCESSFUL
19:07:09 INFO  Assert that (False == value) with value=False ... passed
19:07:09 INFO  Assert that (False == value) with value=False ... passed
19:07:09 INFO  Assert that (False == value) with value=False ... passed
19:07:09 INFO  Package robotfindskitten is installed
19:07:09 WARN  Assert that (False == value) with value=True ... failed 
19:07:10 INFO  Response status: 201
19:07:10 INFO  Response to action: {
    &quot;creationTime&quot;: &quot;2022-05-03T19:07:09.979Z&quot;,
    &quot;deviceName&quot;: &quot;m32sd10b&quot;,
    &quot;deviceId&quot;: &quot;18322240&quot;,
    &quot;self&quot;: &quot;https://t493319102.eu-latest.cumulocity.com/devicecontrol/operations/18334254&quot;,
    &quot;id&quot;: &quot;18334254&quot;,
    &quot;status&quot;: &quot;PENDING&quot;,
    &quot;description&quot;: &quot;Apply software changes, triggered from PySys: [{'action': 'install', 'id': '5475369', 'name': 'asciijump', 'url': ' ', 'version': '::apt'}, {'action': 'install', 'id': '5474869', 'name': 'robotfindskitten', 'url': ' ', 'version': '::apt'}, {'action': 'install', 'id': '5475279', 'name': 'squirrel3', 'url': ' ', 'version': '::apt'}]&quot;,
    &quot;c8y_SoftwareUpdate&quot;: [
        {
            &quot;name&quot;: &quot;asciijump&quot;,
            &quot;action&quot;: &quot;install&quot;,
            &quot;id&quot;: &quot;5475369&quot;,
            &quot;version&quot;: &quot;::apt&quot;,
            &quot;url&quot;: &quot; &quot;
        },
        {
            &quot;name&quot;: &quot;robotfindskitten&quot;,
            &quot;action&quot;: &quot;install&quot;,
            &quot;id&quot;: &quot;5474869&quot;,
            &quot;version&quot;: &quot;::apt&quot;,
            &quot;url&quot;: &quot; &quot;
        },
        {
            &quot;name&quot;: &quot;squirrel3&quot;,
            &quot;action&quot;: &quot;install&quot;,
            &quot;id&quot;: &quot;5475279&quot;,
            &quot;version&quot;: &quot;::apt&quot;,
            &quot;url&quot;: &quot; &quot;
        }
    ]
}
19:07:10 INFO  Started operation: {'creationTime': '2022-05-03T19:07:09.979Z', 'deviceName': 'm32sd10b', 'deviceId': '18322240', 'self': 'https://t493319102.eu-latest.cumulocity.com/devicecontrol/operations/18334254', 'id': '18334254', 'status': 'PENDING', 'description': &quot;Apply software changes, triggered from PySys: [{'action': 'install', 'id': '5475369', 'name': 'asciijump', 'url': ' ', 'version': '::apt'}, {'action': 'install', 'id': '5474869', 'name': 'robotfindskitten', 'url': ' ', 'version': '::apt'}, {'action': 'install', 'id': '5475279', 'name': 'squirrel3', 'url': ' ', 'version': '::apt'}]&quot;, 'c8y_SoftwareUpdate': [{'name': 'asciijump', 'action': 'install', 'id': '5475369', 'version': '::apt', 'url': ' '}, {'name': 'robotfindskitten', 'action': 'install', 'id': '5474869', 'version': '::apt', 'url': ' '}, {'name': 'squirrel3', 'action': 'install', 'id': '5475279', 'version': '::apt', 'url': ' '}]}
19:07:12 INFO  State of operation 18334254 : PENDING
19:07:14 INFO  State of operation 18334254 : EXECUTING
19:07:16 INFO  State of operation 18334254 : EXECUTING
19:07:19 INFO  State of operation 18334254 : EXECUTING
19:07:21 INFO  State of operation 18334254 : EXECUTING
19:07:23 INFO  State of operation 18334254 : EXECUTING
19:07:26 INFO  State of operation 18334254 : EXECUTING
19:07:28 INFO  State of operation 18334254 : EXECUTING
19:07:31 INFO  State of operation 18334254 : EXECUTING
19:07:33 INFO  State of operation 18334254 : EXECUTING
19:07:35 INFO  State of operation 18334254 : EXECUTING
19:07:38 INFO  State of operation 18334254 : EXECUTING
19:07:40 INFO  State of operation 18334254 : EXECUTING
19:07:42 INFO  State of operation 18334254 : EXECUTING
19:07:44 INFO  State of operation 18334254 : EXECUTING
19:07:47 INFO  State of operation 18334254 : EXECUTING
19:07:49 INFO  State of operation 18334254 : EXECUTING
19:07:52 INFO  State of operation 18334254 : EXECUTING
19:07:54 INFO  State of operation 18334254 : EXECUTING
19:07:56 INFO  State of operation 18334254 : EXECUTING
19:07:58 INFO  State of operation 18334254 : EXECUTING
19:08:01 INFO  State of operation 18334254 : EXECUTING
19:08:03 INFO  State of operation 18334254 : EXECUTING
19:08:06 INFO  State of operation 18334254 : EXECUTING
19:08:08 INFO  State of operation 18334254 : EXECUTING
19:08:10 INFO  State of operation 18334254 : EXECUTING
19:08:13 INFO  State of operation 18334254 : EXECUTING
19:08:15 INFO  State of operation 18334254 : EXECUTING
19:08:17 INFO  State of operation 18334254 : EXECUTING
19:08:19 INFO  State of operation 18334254 : EXECUTING
19:08:22 INFO  State of operation 18334254 : EXECUTING
19:08:24 INFO  State of operation 18334254 : EXECUTING
19:08:26 INFO  State of operation 18334254 : EXECUTING
19:08:28 INFO  State of operation 18334254 : EXECUTING
19:08:31 INFO  State of operation 18334254 : SUCCESSFUL
19:08:31 INFO  Assert that (False == value) with value=False ... passed
19:08:31 INFO  Package asciijump is installed
19:08:31 INFO  Assert that (True == value) with value=True ... passed
19:08:31 INFO  Package squirrel3 is installed
19:08:31 INFO  Assert that (True == value) with value=True ... passed
19:08:31 INFO  Package robotfindskitten is installed
19:08:31 INFO  Assert that (True == value) with value=True ... passed
19:08:32 INFO  Response status: 201
19:08:32 INFO  Response to action: {
    &quot;creationTime&quot;: &quot;2022-05-03T19:08:32.151Z&quot;,
    &quot;deviceName&quot;: &quot;m32sd10b&quot;,
    &quot;deviceId&quot;: &quot;18322240&quot;,
    &quot;self&quot;: &quot;https://t493319102.eu-latest.cumulocity.com/devicecontrol/operations/18334264&quot;,
    &quot;id&quot;: &quot;18334264&quot;,
    &quot;status&quot;: &quot;PENDING&quot;,
    &quot;description&quot;: &quot;Apply software changes, triggered from PySys: [{'action': 'delete', 'id': '5475369', 'name': 'asciijump', 'url': ' ', 'version': '::apt'}, {'action': 'delete', 'id': '5474869', 'name': 'robotfindskitten', 'url': ' ', 'version': '::apt'}, {'action': 'delete', 'id': '5475279', 'name': 'squirrel3', 'url': ' ', 'version': '::apt'}]&quot;,
    &quot;c8y_SoftwareUpdate&quot;: [
        {
            &quot;name&quot;: &quot;asciijump&quot;,
            &quot;action&quot;: &quot;delete&quot;,
            &quot;id&quot;: &quot;5475369&quot;,
            &quot;version&quot;: &quot;::apt&quot;,
            &quot;url&quot;: &quot; &quot;
        },
        {
            &quot;name&quot;: &quot;robotfindskitten&quot;,
            &quot;action&quot;: &quot;delete&quot;,
            &quot;id&quot;: &quot;5474869&quot;,
            &quot;version&quot;: &quot;::apt&quot;,
            &quot;url&quot;: &quot; &quot;
        },
        {
            &quot;name&quot;: &quot;squirrel3&quot;,
            &quot;action&quot;: &quot;delete&quot;,
            &quot;id&quot;: &quot;5475279&quot;,
            &quot;version&quot;: &quot;::apt&quot;,
            &quot;url&quot;: &quot; &quot;
        }
    ]
}
19:08:32 INFO  Started operation: {'creationTime': '2022-05-03T19:08:32.151Z', 'deviceName': 'm32sd10b', 'deviceId': '18322240', 'self': 'https://t493319102.eu-latest.cumulocity.com/devicecontrol/operations/18334264', 'id': '18334264', 'status': 'PENDING', 'description': &quot;Apply software changes, triggered from PySys: [{'action': 'delete', 'id': '5475369', 'name': 'asciijump', 'url': ' ', 'version': '::apt'}, {'action': 'delete', 'id': '5474869', 'name': 'robotfindskitten', 'url': ' ', 'version': '::apt'}, {'action': 'delete', 'id': '5475279', 'name': 'squirrel3', 'url': ' ', 'version': '::apt'}]&quot;, 'c8y_SoftwareUpdate': [{'name': 'asciijump', 'action': 'delete', 'id': '5475369', 'version': '::apt', 'url': ' '}, {'name': 'robotfindskitten', 'action': 'delete', 'id': '5474869', 'version': '::apt', 'url': ' '}, {'name': 'squirrel3', 'action': 'delete', 'id': '5475279', 'version': '::apt', 'url': ' '}]}
19:08:34 INFO  State of operation 18334264 : PENDING
19:08:36 INFO  State of operation 18334264 : EXECUTING
19:08:38 INFO  State of operation 18334264 : EXECUTING
19:08:41 INFO  State of operation 18334264 : EXECUTING
19:08:43 INFO  State of operation 18334264 : EXECUTING
19:08:45 INFO  State of operation 18334264 : EXECUTING
19:08:48 INFO  State of operation 18334264 : EXECUTING
19:08:51 INFO  State of operation 18334264 : EXECUTING
19:08:53 INFO  State of operation 18334264 : EXECUTING
19:08:55 INFO  State of operation 18334264 : EXECUTING
19:08:57 INFO  State of operation 18334264 : EXECUTING
19:09:00 INFO  State of operation 18334264 : EXECUTING
19:09:02 INFO  State of operation 18334264 : EXECUTING
19:09:04 INFO  State of operation 18334264 : EXECUTING
19:09:06 INFO  State of operation 18334264 : EXECUTING
19:09:09 INFO  State of operation 18334264 : EXECUTING
19:09:11 INFO  State of operation 18334264 : EXECUTING
19:09:14 INFO  State of operation 18334264 : EXECUTING
19:09:16 INFO  State of operation 18334264 : EXECUTING
19:09:18 INFO  State of operation 18334264 : EXECUTING
19:09:21 INFO  State of operation 18334264 : EXECUTING
19:09:23 INFO  State of operation 18334264 : EXECUTING
19:09:25 INFO  State of operation 18334264 : EXECUTING
19:09:27 INFO  State of operation 18334264 : EXECUTING
19:09:30 INFO  State of operation 18334264 : EXECUTING
19:09:33 INFO  State of operation 18334264 : EXECUTING
19:09:35 INFO  State of operation 18334264 : EXECUTING
19:09:37 INFO  State of operation 18334264 : SUCCESSFUL
19:09:37 INFO  Assert that (False == value) with value=False ... passed
19:09:38 INFO  Assert that (False == value) with value=False ... passed
19:09:38 INFO  Assert that (False == value) with value=False ... passed
19:09:38 INFO  Assert that (False == value) with value=False ... passed
19:09:38 INFO  
19:09:38 INFO  cleanup:
19:09:42 INFO  Executed sudo&lt;tedge_disconnect_c8y&gt;, exit status 0
19:09:43 INFO  Executed systemctl&lt;serv_mapper5&gt;, exit status 3
19:09:43 INFO  
19:09:43 INFO  Test duration: 179.01 secs
19:09:43 INFO  Test final outcome:  FAILED
19:09:43 INFO  Test outcome reason: Assert that (False == value) with value=True
19:09:43 INFO  
</system-out>
	</testcase>
</testsuite>
