<?xml version="1.0" encoding="utf-8"?>
<testsuite failures="1" name="SoftwareManagement.sm_apt_install_remove_multiple" skipped="0" tests="1" time="177.94" timestamp="2022-05-09T15:22:49">
	<testcase classname="PySysTest" name="SoftwareManagement.sm_apt_install_remove_multiple">
		<failure message="FAILED: Assert that (False == value) with value=True" type="FAILED"/>
		<system-out>15:19:51 INFO  ==============================================================
15:19:51 INFO  Id:    SoftwareManagement.sm_apt_install_remove_multiple
15:19:51 INFO  Dir:   software_management_end_to_end/
15:19:51 INFO  Title: Validate end to end behaviour for the apt plugin for multiple packages
15:19:51 INFO  ==============================================================
15:19:51 INFO  Using sw id database: {'asciijump': '5475369', 'robotfindskitten': '5474869', 'squirrel3': '5475279', 'rolldice': '5152439', 'moon-buggy': '5439204', 'apple': '5495053', 'banana': '5494888', 'cherry': '5495382', 'watermelon': '5494510', 'registry': '8018911', 'hello-world': '8021526', 'docker/getting-started': '8021973', 'alpine': '7991792'}
15:19:51 INFO  EnvironmentC8y Setup
15:19:52 INFO  Executed systemctl&lt;serv_mapper1&gt;, exit status 3
15:19:52 INFO  Restarting mosquitto too frequently in the last 10 seconds. It was only up for 4 seconds
15:19:52 INFO  Delaying execution by 7 seconds
15:20:13 INFO  Executed sudo&lt;tedge_connect_c8y&gt;, exit status 0, duration 13 secs
15:20:14 INFO  Executed sudo&lt;tedge_connect_c8y_test&gt;, exit status 0
15:20:14 INFO  Executed systemctl&lt;serv_mosq2&gt;, exit status 0
15:20:14 INFO  Executed systemctl&lt;serv_mapper3&gt;, exit status 0
15:20:17 INFO  State of current operation: SUCCESSFUL
15:20:17 INFO  Assert that (False == value) with value=False ... passed
15:20:17 INFO  Assert that (False == value) with value=False ... passed
15:20:17 INFO  Assert that (False == value) with value=False ... passed
15:20:18 INFO  Package robotfindskitten is installed
15:20:18 WARN  Assert that (False == value) with value=True ... failed 
15:20:18 INFO  Response status: 201
15:20:18 INFO  Response to action: {
    &quot;creationTime&quot;: &quot;2022-05-09T15:20:18.278Z&quot;,
    &quot;deviceName&quot;: &quot;m32sd10b&quot;,
    &quot;deviceId&quot;: &quot;18537237&quot;,
    &quot;self&quot;: &quot;https://t493319102.eu-latest.cumulocity.com/devicecontrol/operations/18564182&quot;,
    &quot;id&quot;: &quot;18564182&quot;,
    &quot;status&quot;: &quot;PENDING&quot;,
    &quot;description&quot;: &quot;Apply software changes, triggered from PySys: [{'action': 'install', 'id': '5475369', 'name': 'asciijump', 'url': ' ', 'version': '::apt'}, {'action': 'install', 'id': '5474869', 'name': 'robotfindskitten', 'url': ' ', 'version': '::apt'}, {'action': 'install', 'id': '5475279', 'name': 'squirrel3', 'url': ' ', 'version': '::apt'}]&quot;,
    &quot;c8y_SoftwareUpdate&quot;: [
        {
            &quot;name&quot;: &quot;asciijump&quot;,
            &quot;action&quot;: &quot;install&quot;,
            &quot;id&quot;: &quot;5475369&quot;,
            &quot;version&quot;: &quot;::apt&quot;,
            &quot;url&quot;: &quot; &quot;
        },
        {
            &quot;name&quot;: &quot;robotfindskitten&quot;,
            &quot;action&quot;: &quot;install&quot;,
            &quot;id&quot;: &quot;5474869&quot;,
            &quot;version&quot;: &quot;::apt&quot;,
            &quot;url&quot;: &quot; &quot;
        },
        {
            &quot;name&quot;: &quot;squirrel3&quot;,
            &quot;action&quot;: &quot;install&quot;,
            &quot;id&quot;: &quot;5475279&quot;,
            &quot;version&quot;: &quot;::apt&quot;,
            &quot;url&quot;: &quot; &quot;
        }
    ]
}
15:20:18 INFO  Started operation: {'creationTime': '2022-05-09T15:20:18.278Z', 'deviceName': 'm32sd10b', 'deviceId': '18537237', 'self': 'https://t493319102.eu-latest.cumulocity.com/devicecontrol/operations/18564182', 'id': '18564182', 'status': 'PENDING', 'description': &quot;Apply software changes, triggered from PySys: [{'action': 'install', 'id': '5475369', 'name': 'asciijump', 'url': ' ', 'version': '::apt'}, {'action': 'install', 'id': '5474869', 'name': 'robotfindskitten', 'url': ' ', 'version': '::apt'}, {'action': 'install', 'id': '5475279', 'name': 'squirrel3', 'url': ' ', 'version': '::apt'}]&quot;, 'c8y_SoftwareUpdate': [{'name': 'asciijump', 'action': 'install', 'id': '5475369', 'version': '::apt', 'url': ' '}, {'name': 'robotfindskitten', 'action': 'install', 'id': '5474869', 'version': '::apt', 'url': ' '}, {'name': 'squirrel3', 'action': 'install', 'id': '5475279', 'version': '::apt', 'url': ' '}]}
15:20:20 INFO  State of operation 18564182 : PENDING
15:20:22 INFO  State of operation 18564182 : EXECUTING
15:20:24 INFO  State of operation 18564182 : EXECUTING
15:20:27 INFO  State of operation 18564182 : EXECUTING
15:20:29 INFO  State of operation 18564182 : EXECUTING
15:20:31 INFO  State of operation 18564182 : EXECUTING
15:20:34 INFO  State of operation 18564182 : EXECUTING
15:20:37 INFO  State of operation 18564182 : EXECUTING
15:20:39 INFO  State of operation 18564182 : EXECUTING
15:20:41 INFO  State of operation 18564182 : EXECUTING
15:20:43 INFO  State of operation 18564182 : EXECUTING
15:20:46 INFO  State of operation 18564182 : EXECUTING
15:20:48 INFO  State of operation 18564182 : EXECUTING
15:20:50 INFO  State of operation 18564182 : EXECUTING
15:20:52 INFO  State of operation 18564182 : EXECUTING
15:20:55 INFO  State of operation 18564182 : EXECUTING
15:20:57 INFO  State of operation 18564182 : EXECUTING
15:21:00 INFO  State of operation 18564182 : EXECUTING
15:21:02 INFO  State of operation 18564182 : EXECUTING
15:21:04 INFO  State of operation 18564182 : EXECUTING
15:21:07 INFO  State of operation 18564182 : EXECUTING
15:21:09 INFO  State of operation 18564182 : EXECUTING
15:21:12 INFO  State of operation 18564182 : EXECUTING
15:21:15 INFO  State of operation 18564182 : EXECUTING
15:21:17 INFO  State of operation 18564182 : EXECUTING
15:21:19 INFO  State of operation 18564182 : EXECUTING
15:21:21 INFO  State of operation 18564182 : EXECUTING
15:21:24 INFO  State of operation 18564182 : EXECUTING
15:21:26 INFO  State of operation 18564182 : EXECUTING
15:21:28 INFO  State of operation 18564182 : EXECUTING
15:21:31 INFO  State of operation 18564182 : EXECUTING
15:21:33 INFO  State of operation 18564182 : EXECUTING
15:21:35 INFO  State of operation 18564182 : EXECUTING
15:21:37 INFO  State of operation 18564182 : SUCCESSFUL
15:21:38 INFO  Assert that (False == value) with value=False ... passed
15:21:38 INFO  Package asciijump is installed
15:21:38 INFO  Assert that (True == value) with value=True ... passed
15:21:38 INFO  Package squirrel3 is installed
15:21:38 INFO  Assert that (True == value) with value=True ... passed
15:21:38 INFO  Package robotfindskitten is installed
15:21:38 INFO  Assert that (True == value) with value=True ... passed
15:21:39 INFO  Response status: 201
15:21:39 INFO  Response to action: {
    &quot;creationTime&quot;: &quot;2022-05-09T15:21:39.008Z&quot;,
    &quot;deviceName&quot;: &quot;m32sd10b&quot;,
    &quot;deviceId&quot;: &quot;18537237&quot;,
    &quot;self&quot;: &quot;https://t493319102.eu-latest.cumulocity.com/devicecontrol/operations/18564197&quot;,
    &quot;id&quot;: &quot;18564197&quot;,
    &quot;status&quot;: &quot;PENDING&quot;,
    &quot;description&quot;: &quot;Apply software changes, triggered from PySys: [{'action': 'delete', 'id': '5475369', 'name': 'asciijump', 'url': ' ', 'version': '::apt'}, {'action': 'delete', 'id': '5474869', 'name': 'robotfindskitten', 'url': ' ', 'version': '::apt'}, {'action': 'delete', 'id': '5475279', 'name': 'squirrel3', 'url': ' ', 'version': '::apt'}]&quot;,
    &quot;c8y_SoftwareUpdate&quot;: [
        {
            &quot;name&quot;: &quot;asciijump&quot;,
            &quot;action&quot;: &quot;delete&quot;,
            &quot;id&quot;: &quot;5475369&quot;,
            &quot;version&quot;: &quot;::apt&quot;,
            &quot;url&quot;: &quot; &quot;
        },
        {
            &quot;name&quot;: &quot;robotfindskitten&quot;,
            &quot;action&quot;: &quot;delete&quot;,
            &quot;id&quot;: &quot;5474869&quot;,
            &quot;version&quot;: &quot;::apt&quot;,
            &quot;url&quot;: &quot; &quot;
        },
        {
            &quot;name&quot;: &quot;squirrel3&quot;,
            &quot;action&quot;: &quot;delete&quot;,
            &quot;id&quot;: &quot;5475279&quot;,
            &quot;version&quot;: &quot;::apt&quot;,
            &quot;url&quot;: &quot; &quot;
        }
    ]
}
15:21:39 INFO  Started operation: {'creationTime': '2022-05-09T15:21:39.008Z', 'deviceName': 'm32sd10b', 'deviceId': '18537237', 'self': 'https://t493319102.eu-latest.cumulocity.com/devicecontrol/operations/18564197', 'id': '18564197', 'status': 'PENDING', 'description': &quot;Apply software changes, triggered from PySys: [{'action': 'delete', 'id': '5475369', 'name': 'asciijump', 'url': ' ', 'version': '::apt'}, {'action': 'delete', 'id': '5474869', 'name': 'robotfindskitten', 'url': ' ', 'version': '::apt'}, {'action': 'delete', 'id': '5475279', 'name': 'squirrel3', 'url': ' ', 'version': '::apt'}]&quot;, 'c8y_SoftwareUpdate': [{'name': 'asciijump', 'action': 'delete', 'id': '5475369', 'version': '::apt', 'url': ' '}, {'name': 'robotfindskitten', 'action': 'delete', 'id': '5474869', 'version': '::apt', 'url': ' '}, {'name': 'squirrel3', 'action': 'delete', 'id': '5475279', 'version': '::apt', 'url': ' '}]}
15:21:41 INFO  State of operation 18564197 : PENDING
15:21:43 INFO  State of operation 18564197 : EXECUTING
15:21:45 INFO  State of operation 18564197 : EXECUTING
15:21:47 INFO  State of operation 18564197 : EXECUTING
15:21:50 INFO  State of operation 18564197 : EXECUTING
15:21:52 INFO  State of operation 18564197 : EXECUTING
15:21:55 INFO  State of operation 18564197 : EXECUTING
15:21:57 INFO  State of operation 18564197 : EXECUTING
15:22:00 INFO  State of operation 18564197 : EXECUTING
15:22:02 INFO  State of operation 18564197 : EXECUTING
15:22:04 INFO  State of operation 18564197 : EXECUTING
15:22:07 INFO  State of operation 18564197 : EXECUTING
15:22:09 INFO  State of operation 18564197 : EXECUTING
15:22:11 INFO  State of operation 18564197 : EXECUTING
15:22:13 INFO  State of operation 18564197 : EXECUTING
15:22:16 INFO  State of operation 18564197 : EXECUTING
15:22:18 INFO  State of operation 18564197 : EXECUTING
15:22:21 INFO  State of operation 18564197 : EXECUTING
15:22:23 INFO  State of operation 18564197 : EXECUTING
15:22:25 INFO  State of operation 18564197 : EXECUTING
15:22:27 INFO  State of operation 18564197 : EXECUTING
15:22:30 INFO  State of operation 18564197 : EXECUTING
15:22:32 INFO  State of operation 18564197 : EXECUTING
15:22:34 INFO  State of operation 18564197 : EXECUTING
15:22:37 INFO  State of operation 18564197 : EXECUTING
15:22:39 INFO  State of operation 18564197 : EXECUTING
15:22:41 INFO  State of operation 18564197 : EXECUTING
15:22:44 INFO  State of operation 18564197 : SUCCESSFUL
15:22:44 INFO  Assert that (False == value) with value=False ... passed
15:22:44 INFO  Assert that (False == value) with value=False ... passed
15:22:44 INFO  Assert that (False == value) with value=False ... passed
15:22:45 INFO  Assert that (False == value) with value=False ... passed
15:22:45 INFO  
15:22:45 INFO  cleanup:
15:22:49 INFO  Executed sudo&lt;tedge_disconnect_c8y&gt;, exit status 0
15:22:49 INFO  Executed systemctl&lt;serv_mapper5&gt;, exit status 3
15:22:49 INFO  
15:22:49 INFO  Test duration: 177.94 secs
15:22:49 INFO  Test final outcome:  FAILED
15:22:49 INFO  Test outcome reason: Assert that (False == value) with value=True
15:22:49 INFO  
</system-out>
	</testcase>
</testsuite>
