<?xml version="1.0" encoding="utf-8"?>
<testsuite failures="1" name="SoftwareManagement.sm_docker_install_remove_multiple" skipped="0" tests="1" time="4.96" timestamp="2022-04-27T10:59:32">
	<testcase classname="SMDockerInstallRemove" name="SoftwareManagement.sm_docker_install_remove_multiple">
		<failure message="BLOCKED: sudo&lt;tedge_connect_c8y&gt; returned non-zero exit code 1" type="BLOCKED"/>
		<system-out>10:59:27 INFO  ==============================================================
10:59:27 INFO  Id:    SoftwareManagement.sm_docker_install_remove_multiple
10:59:27 INFO  Dir:   software_management_end_to_end/
10:59:27 INFO  Title: Validate end to end behaviour for the docker plugin for multiple docker images with mixed versions
10:59:27 INFO  ==============================================================
10:59:29 INFO  Using sw id database: {'asciijump': '5475369', 'robotfindskitten': '5474869', 'squirrel3': '5475279', 'rolldice': '5152439', 'moon-buggy': '5439204', 'apple': '5495053', 'banana': '5494888', 'cherry': '5495382', 'watermelon': '5494510', 'registry': '8018911', 'hello-world': '8021526', 'docker/getting-started': '8021973', 'alpine': '7991792'}
10:59:29 INFO  EnvironmentC8y Setup
10:59:29 INFO  Executed systemctl&lt;serv_mapper1&gt;, exit status 3
10:59:30 WARN  Executed sudo&lt;tedge_connect_c8y&gt;, exit status 1
10:59:30 INFO  Contents of tedge_connect_c8y.err: 
  Error: failed to connect Cumulocity cloud.
  Caused by:
      A value for `c8y.url` is missing.
          A value can be set with `tedge config set c8y.url &lt;value&gt;`
  -----

10:59:31 WARN  sudo&lt;tedge_connect_c8y&gt; returned non-zero exit code 1 ... blocked 
10:59:31 WARN  Aborted test due to BLOCKED outcome
10:59:31 INFO  
10:59:31 INFO  cleanup:
10:59:31 INFO  Executed sudo&lt;tedge_disconnect_c8y&gt;, exit status 0
10:59:32 INFO  Executed systemctl&lt;serv_mapper5&gt;, exit status 3
10:59:32 INFO  
10:59:32 INFO  Test duration: 4.96 secs
10:59:32 INFO  Test final outcome:  BLOCKED
10:59:32 INFO  Test outcome reason: sudo&lt;tedge_connect_c8y&gt; returned non-zero exit code 1
10:59:32 INFO  
</system-out>
	</testcase>
</testsuite>
