<?xml version="1.0" encoding="utf-8"?>
<testsuite failures="1" name="docker_plugin_update" skipped="0" tests="1" time="4.67" timestamp="2022-05-13T15:54:03">
	<testcase classname="DockerPluginUpdateTest" name="docker_plugin_update">
		<failure message="BLOCKED: sudo&lt;docker_run&gt; returned non-zero exit code 125" type="BLOCKED"/>
		<system-out>15:53:59 INFO  ==============================================================
15:53:59 INFO  Id:    docker_plugin_update
15:53:59 INFO  Dir:   plugin_docker/
15:53:59 INFO  Title: Validate docker plugin install updates existing containers
15:53:59 INFO  ==============================================================
15:54:00 INFO  Executed sudo&lt;docker_images&gt;, exit status 0
15:54:00 INFO  Grep on file /home/pi/actions-runner/_work/thin-edge.io/thin-edge.io/tests/PySys/plugin_docker/docker_plugin_update/Output/linux/docker_images.out ... passed
15:54:02 WARN  Executed sudo&lt;docker_run&gt;, exit status 125
15:54:02 INFO  Contents of docker_run.err: 
  Unable to find image 'registry:2.6.2' locally
  docker: Error response from daemon: toomanyrequests: You have reached your pull rate limit. You may increase the limit by authenticating and upgrading: https://www.docker.com/increase-rate-limit.
  See 'docker run --help'.
  -----

15:54:02 WARN  sudo&lt;docker_run&gt; returned non-zero exit code 125 ... blocked 
15:54:02 WARN  Aborted test due to BLOCKED outcome
15:54:02 INFO  
15:54:02 INFO  cleanup:
15:54:02 INFO  Removing containers scheduled to be cleaned up: ['9c132ab4ea34', 'f26ff183b463', '6085f53c6fd2a110f1a900d4a803dfd84d9b0e595e098086a1d3fdb48849d501\n']
15:54:03 WARN  Executed sudo&lt;containers_for_cleanup&gt;, exit status 1
15:54:03 INFO  Removing images scheduled to be cleaned up: ['registry', 'registry', 'registry:2.7.1', 'registry']
15:54:03 INFO  Executed sudo&lt;containers_for_cleanup&gt;, exit status 0
15:54:03 INFO  
15:54:03 INFO  Test duration: 4.67 secs
15:54:03 INFO  Test final outcome:  BLOCKED
15:54:03 INFO  Test outcome reason: sudo&lt;docker_run&gt; returned non-zero exit code 125
15:54:03 INFO  
</system-out>
	</testcase>
</testsuite>
