<?xml version="1.0" encoding="utf-8"?>
<testsuite failures="1" name="docker_plugin_remove_with_version" skipped="0" tests="1" time="4.92" timestamp="2022-05-13T15:53:59">
	<testcase classname="DockerPluginRemoveWithVersionTest" name="docker_plugin_remove_with_version">
		<failure message="BLOCKED: sudo&lt;docker_run&gt; returned non-zero exit code 125" type="BLOCKED"/>
		<system-out>15:53:54 INFO  ==============================================================
15:53:54 INFO  Id:    docker_plugin_remove_with_version
15:53:54 INFO  Dir:   plugin_docker/
15:53:54 INFO  Title: Validate docker plugin remove with version
15:53:54 INFO  ==============================================================
15:53:55 INFO  Executed sudo&lt;docker_images&gt;, exit status 0
15:53:55 INFO  Grep on file /home/pi/actions-runner/_work/thin-edge.io/thin-edge.io/tests/PySys/plugin_docker/docker_plugin_remove_with_version/Output/linux/docker_images.out ... passed
15:53:57 WARN  Executed sudo&lt;docker_run&gt;, exit status 125
15:53:57 INFO  Contents of docker_run.err: 
  Unable to find image 'registry:2.7.1' locally
  docker: Error response from daemon: toomanyrequests: You have reached your pull rate limit. You may increase the limit by authenticating and upgrading: https://www.docker.com/increase-rate-limit.
  See 'docker run --help'.
  -----

15:53:57 WARN  sudo&lt;docker_run&gt; returned non-zero exit code 125 ... blocked 
15:53:57 WARN  Aborted test due to BLOCKED outcome
15:53:57 INFO  
15:53:57 INFO  cleanup:
15:53:57 INFO  Removing containers scheduled to be cleaned up: ['9c132ab4ea34', 'f26ff183b463', '6085f53c6fd2a110f1a900d4a803dfd84d9b0e595e098086a1d3fdb48849d501\n']
15:53:58 WARN  Executed sudo&lt;containers_for_cleanup&gt;, exit status 1
15:53:58 INFO  Removing images scheduled to be cleaned up: ['registry', 'registry', 'registry:2.7.1', 'registry']
15:53:59 INFO  Executed sudo&lt;containers_for_cleanup&gt;, exit status 0
15:53:59 INFO  
15:53:59 INFO  Test duration: 4.92 secs
15:53:59 INFO  Test final outcome:  BLOCKED
15:53:59 INFO  Test outcome reason: sudo&lt;docker_run&gt; returned non-zero exit code 125
15:53:59 INFO  
</system-out>
	</testcase>
</testsuite>
