<?xml version="1.0" encoding="utf-8"?>
<testsuite failures="1" name="docker_plugin_install" skipped="0" tests="1" time="6.59" timestamp="2022-04-28T11:53:20">
	<testcase classname="DockerPluginInstallTest" name="docker_plugin_install">
		<failure message="BLOCKED: sudo&lt;plugin_install&gt; returned non-zero exit code 2 (+1 other failures)" type="BLOCKED"/>
		<system-out>11:53:13 INFO  ==============================================================
11:53:13 INFO  Id:    docker_plugin_install
11:53:13 INFO  Dir:   plugin_docker/
11:53:13 INFO  Title: Validate docker plugin install
11:53:13 INFO  ==============================================================
11:53:14 INFO  Executed sudo&lt;docker_images&gt;, exit status 0
11:53:14 INFO  Grep on file /home/pi/actions-runner/_work/thin-edge.io/thin-edge.io/tests/PySys/plugin_docker/docker_plugin_install/Output/linux/docker_images.out ... passed
11:53:16 WARN  Executed sudo&lt;plugin_install&gt;, exit status 2
11:53:16 WARN  sudo&lt;plugin_install&gt; returned non-zero exit code 2 ... blocked [environment_docker_plugin.py:136,environment_docker_plugin.py:144,run.py:23]
11:53:17 INFO  Executed sudo&lt;docker_ps_latest&gt;, exit status 0
11:53:18 INFO  Executed sudo&lt;docker_ps&gt;, exit status 0
11:53:18 WARN  Grep on /home/pi/actions-runner/_work/thin-edge.io/thin-edge.io/tests/PySys/plugin_docker/docker_plugin_install/Output/linux/docker_ps.out contains &quot;registry&quot; ... failed [environment_docker_plugin.py:49,run.py:26]
11:53:18 INFO  
11:53:18 INFO  cleanup:
11:53:18 INFO  Removing containers scheduled to be cleaned up: ['']
11:53:19 WARN  Executed sudo&lt;containers_for_cleanup&gt;, exit status 1
11:53:19 INFO  Removing images scheduled to be cleaned up: ['registry']
11:53:20 INFO  Executed sudo&lt;containers_for_cleanup&gt;, exit status 0
11:53:20 INFO  
11:53:20 INFO  Test duration: 6.59 secs
11:53:20 INFO  Test final outcome:  BLOCKED
11:53:20 INFO  Test outcome reason: sudo&lt;plugin_install&gt; returned non-zero exit code 2 (+1 other failures)
11:53:20 INFO  
</system-out>
	</testcase>
</testsuite>
