<?xml version="1.0" encoding="utf-8"?>
<testsuite failures="1" name="SoftwareManagement.sm_apt_install_remove" skipped="0" tests="1" time="164.37" timestamp="2022-04-27T18:46:27">
	<testcase classname="PySysTest" name="SoftwareManagement.sm_apt_install_remove">
		<failure message="BLOCKED: SystemError: Timeout while waiting for status FAILED or SUCCESSFUL" type="BLOCKED"/>
		<system-out>18:43:43 INFO  ==============================================================
18:43:43 INFO  Id:    SoftwareManagement.sm_apt_install_remove
18:43:43 INFO  Dir:   software_management_end_to_end/
18:43:43 INFO  Title: Validate end to end behaviour for the apt plugin for installation and removal of packages
18:43:43 INFO  ==============================================================
18:43:43 INFO  Using sw id database: {'asciijump': '5475369', 'robotfindskitten': '5474869', 'squirrel3': '5475279', 'rolldice': '5152439', 'moon-buggy': '5439204', 'apple': '5495053', 'banana': '5494888', 'cherry': '5495382', 'watermelon': '5494510', 'registry': '8018911', 'hello-world': '8021526', 'docker/getting-started': '8021973', 'alpine': '7991792'}
18:43:43 INFO  EnvironmentC8y Setup
18:43:44 INFO  Executed systemctl&lt;serv_mapper1&gt;, exit status 3
18:43:44 INFO  Restarting mosquitto too frequently in the last 10 seconds. It was only up for 5 seconds
18:43:44 INFO  Delaying execution by 6 seconds
18:44:04 INFO  Executed sudo&lt;tedge_connect_c8y&gt;, exit status 0, duration 14 secs
18:44:04 INFO  Executed sudo&lt;tedge_connect_c8y_test&gt;, exit status 0
18:44:05 INFO  Executed systemctl&lt;serv_mosq2&gt;, exit status 0
18:44:05 INFO  Executed systemctl&lt;serv_mapper3&gt;, exit status 0
18:44:08 INFO  State of current operation: PENDING
18:44:10 INFO  State of current operation: PENDING
18:44:12 INFO  State of current operation: PENDING
18:44:14 INFO  State of current operation: PENDING
18:44:16 INFO  State of current operation: PENDING
18:44:19 INFO  State of current operation: PENDING
18:44:21 INFO  State of current operation: PENDING
18:44:23 INFO  State of current operation: PENDING
18:44:25 INFO  State of current operation: PENDING
18:44:27 INFO  State of current operation: PENDING
18:44:30 INFO  State of current operation: PENDING
18:44:32 INFO  State of current operation: PENDING
18:44:34 INFO  State of current operation: PENDING
18:44:36 INFO  State of current operation: PENDING
18:44:39 INFO  State of current operation: PENDING
18:44:41 INFO  State of current operation: PENDING
18:44:43 INFO  State of current operation: PENDING
18:44:45 INFO  State of current operation: PENDING
18:44:47 INFO  State of current operation: PENDING
18:44:50 INFO  State of current operation: PENDING
18:44:52 INFO  State of current operation: PENDING
18:44:54 INFO  State of current operation: PENDING
18:44:56 INFO  State of current operation: PENDING
18:44:59 INFO  State of current operation: PENDING
18:45:01 INFO  State of current operation: PENDING
18:45:03 INFO  State of current operation: PENDING
18:45:05 INFO  State of current operation: PENDING
18:45:07 INFO  State of current operation: PENDING
18:45:10 INFO  State of current operation: PENDING
18:45:12 INFO  State of current operation: PENDING
18:45:14 INFO  State of current operation: PENDING
18:45:16 INFO  State of current operation: PENDING
18:45:18 INFO  State of current operation: PENDING
18:45:21 INFO  State of current operation: PENDING
18:45:23 INFO  State of current operation: PENDING
18:45:25 INFO  State of current operation: PENDING
18:45:27 INFO  State of current operation: PENDING
18:45:30 INFO  State of current operation: PENDING
18:45:32 INFO  State of current operation: PENDING
18:45:34 INFO  State of current operation: PENDING
18:45:36 INFO  State of current operation: PENDING
18:45:38 INFO  State of current operation: PENDING
18:45:41 INFO  State of current operation: PENDING
18:45:43 INFO  State of current operation: PENDING
18:45:45 INFO  State of current operation: PENDING
18:45:47 INFO  State of current operation: PENDING
18:45:49 INFO  State of current operation: PENDING
18:45:52 INFO  State of current operation: PENDING
18:45:54 INFO  State of current operation: PENDING
18:45:56 INFO  State of current operation: PENDING
18:45:58 INFO  State of current operation: PENDING
18:46:01 INFO  State of current operation: PENDING
18:46:03 INFO  State of current operation: PENDING
18:46:05 INFO  State of current operation: PENDING
18:46:07 INFO  State of current operation: PENDING
18:46:09 INFO  State of current operation: PENDING
18:46:12 INFO  State of current operation: PENDING
18:46:14 INFO  State of current operation: PENDING
18:46:16 INFO  State of current operation: PENDING
18:46:18 INFO  State of current operation: PENDING
18:46:21 INFO  State of current operation: PENDING
18:46:23 WARN  SystemError occurred while running test - Timeout while waiting for status FAILED or SUCCESSFUL
Traceback (most recent call last):
  File &quot;/home/pi/env-pysys/lib/python3.7/site-packages/pysys/baserunner.py&quot;, line 1292, in __call__
    self.testObj.setup()
  File &quot;/home/pi/actions-runner/_work/thin-edge.io/thin-edge.io/tests/PySys/software_management_end_to_end/sm_apt_install_remove/run.py&quot;, line 27, in setup
    super().setup()
  File &quot;/home/pi/actions-runner/_work/thin-edge.io/thin-edge.io/tests/PySys/software_management_end_to_end/environment_sm_management.py&quot;, line 151, in setup
    self.wait_until_end()
  File &quot;/home/pi/actions-runner/_work/thin-edge.io/thin-edge.io/tests/PySys/software_management_end_to_end/environment_sm_management.py&quot;, line 332, in wait_until_end
    self.wait_until_status(&quot;FAILED&quot;, &quot;SUCCESSFUL&quot;)
  File &quot;/home/pi/actions-runner/_work/thin-edge.io/thin-edge.io/tests/PySys/software_management_end_to_end/environment_sm_management.py&quot;, line 381, in wait_until_status
    &quot;Timeout while waiting for status %s or %s&quot; % (status, status2)
SystemError: Timeout while waiting for status FAILED or SUCCESSFUL
18:46:23 WARN  SystemError: Timeout while waiting for status FAILED or SUCCESSFUL ... blocked 
18:46:23 INFO  
18:46:23 INFO  cleanup:
18:46:27 INFO  Executed sudo&lt;tedge_disconnect_c8y&gt;, exit status 0
18:46:27 INFO  Executed systemctl&lt;serv_mapper5&gt;, exit status 3
18:46:27 INFO  
18:46:27 INFO  Test duration: 164.37 secs
18:46:27 INFO  Test final outcome:  BLOCKED
18:46:27 INFO  Test outcome reason: SystemError: Timeout while waiting for status FAILED or SUCCESSFUL
18:46:27 INFO  
</system-out>
	</testcase>
</testsuite>
