<?xml version="1.0" encoding="utf-8"?>
<testsuite failures="1" name="SoftwareManagement.sm_apt_install_remove_multiple_mixed" skipped="0" tests="1" time="179.57" timestamp="2022-05-11T11:23:48">
	<testcase classname="PySysTest" name="SoftwareManagement.sm_apt_install_remove_multiple_mixed">
		<failure message="BLOCKED: SystemError: Timeout while waiting for status SUCCESSFUL or False (+1 other failures)" type="BLOCKED"/>
		<system-out>11:20:49 INFO  ==============================================================
11:20:49 INFO  Id:    SoftwareManagement.sm_apt_install_remove_multiple_mixed
11:20:49 INFO  Dir:   software_management_end_to_end/
11:20:49 INFO  Title: Validate end to end behaviour for the apt plugin for multiple packages with mixed versions
11:20:49 INFO  ==============================================================
11:20:49 INFO  Using sw id database: {'asciijump': '5475369', 'robotfindskitten': '5474869', 'squirrel3': '5475279', 'rolldice': '5152439', 'moon-buggy': '5439204', 'apple': '5495053', 'banana': '5494888', 'cherry': '5495382', 'watermelon': '5494510', 'registry': '8018911', 'hello-world': '8021526', 'docker/getting-started': '8021973', 'alpine': '7991792'}
11:20:49 INFO  EnvironmentC8y Setup
11:20:50 INFO  Executed systemctl&lt;serv_mapper1&gt;, exit status 3
11:20:50 INFO  Restarting mosquitto too frequently in the last 10 seconds. It was only up for 5 seconds
11:20:50 INFO  Delaying execution by 6 seconds
11:21:12 INFO  Executed sudo&lt;tedge_connect_c8y&gt;, exit status 0, duration 15 secs
11:21:12 INFO  Executed sudo&lt;tedge_connect_c8y_test&gt;, exit status 0
11:21:13 INFO  Executed systemctl&lt;serv_mosq2&gt;, exit status 0
11:21:13 INFO  Executed systemctl&lt;serv_mapper3&gt;, exit status 0
11:21:16 INFO  State of current operation: SUCCESSFUL
11:21:16 INFO  Assert that (False == value) with value=False ... passed
11:21:16 INFO  Assert that (False == value) with value=False ... passed
11:21:16 INFO  Assert that (False == value) with value=False ... passed
11:21:17 INFO  Assert that (False == value) with value=False ... passed
11:21:17 INFO  Package moon-buggy is installed
11:21:17 WARN  Assert that (False == value) with value=True ... failed 
11:21:18 INFO  Response status: 201
11:21:18 INFO  Response to action: {
    &quot;creationTime&quot;: &quot;2022-05-11T11:21:18.542Z&quot;,
    &quot;deviceName&quot;: &quot;m32sd10c&quot;,
    &quot;deviceId&quot;: &quot;18764682&quot;,
    &quot;self&quot;: &quot;https://t493319102.eu-latest.cumulocity.com/devicecontrol/operations/18811138&quot;,
    &quot;id&quot;: &quot;18811138&quot;,
    &quot;status&quot;: &quot;PENDING&quot;,
    &quot;description&quot;: &quot;Apply software changes, triggered from PySys: [{'action': 'install', 'id': '5475369', 'name': 'asciijump', 'url': ' ', 'version': '::apt'}, {'action': 'install', 'id': '5474869', 'name': 'robotfindskitten', 'url': ' ', 'version': ' '}, {'action': 'install', 'id': '5475279', 'name': 'squirrel3', 'url': ' ', 'version': '3.1-7::apt'}, {'action': 'install', 'id': '5152439', 'name': 'rolldice', 'url': ' ', 'version': '1.16-1+b1'}, {'action': 'install', 'id': '5439204', 'name': 'moon-buggy', 'url': ' ', 'version': '1:1.0.51-12'}, {'action': 'install', 'id': '5475369', 'name': 'asciijump', 'url': ' ', 'version': '::apt'}]&quot;,
    &quot;c8y_SoftwareUpdate&quot;: [
        {
            &quot;name&quot;: &quot;asciijump&quot;,
            &quot;action&quot;: &quot;install&quot;,
            &quot;id&quot;: &quot;5475369&quot;,
            &quot;version&quot;: &quot;::apt&quot;,
            &quot;url&quot;: &quot; &quot;
        },
        {
            &quot;name&quot;: &quot;robotfindskitten&quot;,
            &quot;action&quot;: &quot;install&quot;,
            &quot;id&quot;: &quot;5474869&quot;,
            &quot;version&quot;: &quot; &quot;,
            &quot;url&quot;: &quot; &quot;
        },
        {
            &quot;name&quot;: &quot;squirrel3&quot;,
            &quot;action&quot;: &quot;install&quot;,
            &quot;id&quot;: &quot;5475279&quot;,
            &quot;version&quot;: &quot;3.1-7::apt&quot;,
            &quot;url&quot;: &quot; &quot;
        },
        {
            &quot;name&quot;: &quot;rolldice&quot;,
            &quot;action&quot;: &quot;install&quot;,
            &quot;id&quot;: &quot;5152439&quot;,
            &quot;version&quot;: &quot;1.16-1+b1&quot;,
            &quot;url&quot;: &quot; &quot;
        },
        {
            &quot;name&quot;: &quot;moon-buggy&quot;,
            &quot;action&quot;: &quot;install&quot;,
            &quot;id&quot;: &quot;5439204&quot;,
            &quot;version&quot;: &quot;1:1.0.51-12&quot;,
            &quot;url&quot;: &quot; &quot;
        },
        {
            &quot;name&quot;: &quot;asciijump&quot;,
            &quot;action&quot;: &quot;install&quot;,
            &quot;id&quot;: &quot;5475369&quot;,
            &quot;version&quot;: &quot;::apt&quot;,
            &quot;url&quot;: &quot; &quot;
        }
    ]
}
11:21:18 INFO  Started operation: {'creationTime': '2022-05-11T11:21:18.542Z', 'deviceName': 'm32sd10c', 'deviceId': '18764682', 'self': 'https://t493319102.eu-latest.cumulocity.com/devicecontrol/operations/18811138', 'id': '18811138', 'status': 'PENDING', 'description': &quot;Apply software changes, triggered from PySys: [{'action': 'install', 'id': '5475369', 'name': 'asciijump', 'url': ' ', 'version': '::apt'}, {'action': 'install', 'id': '5474869', 'name': 'robotfindskitten', 'url': ' ', 'version': ' '}, {'action': 'install', 'id': '5475279', 'name': 'squirrel3', 'url': ' ', 'version': '3.1-7::apt'}, {'action': 'install', 'id': '5152439', 'name': 'rolldice', 'url': ' ', 'version': '1.16-1+b1'}, {'action': 'install', 'id': '5439204', 'name': 'moon-buggy', 'url': ' ', 'version': '1:1.0.51-12'}, {'action': 'install', 'id': '5475369', 'name': 'asciijump', 'url': ' ', 'version': '::apt'}]&quot;, 'c8y_SoftwareUpdate': [{'name': 'asciijump', 'action': 'install', 'id': '5475369', 'version': '::apt', 'url': ' '}, {'name': 'robotfindskitten', 'action': 'install', 'id': '5474869', 'version': ' ', 'url': ' '}, {'name': 'squirrel3', 'action': 'install', 'id': '5475279', 'version': '3.1-7::apt', 'url': ' '}, {'name': 'rolldice', 'action': 'install', 'id': '5152439', 'version': '1.16-1+b1', 'url': ' '}, {'name': 'moon-buggy', 'action': 'install', 'id': '5439204', 'version': '1:1.0.51-12', 'url': ' '}, {'name': 'asciijump', 'action': 'install', 'id': '5475369', 'version': '::apt', 'url': ' '}]}
11:21:20 INFO  State of operation 18811138 : PENDING
11:21:23 INFO  State of operation 18811138 : EXECUTING
11:21:25 INFO  State of operation 18811138 : EXECUTING
11:21:27 INFO  State of operation 18811138 : EXECUTING
11:21:29 INFO  State of operation 18811138 : EXECUTING
11:21:31 INFO  State of operation 18811138 : EXECUTING
11:21:34 INFO  State of operation 18811138 : EXECUTING
11:21:37 INFO  State of operation 18811138 : EXECUTING
11:21:40 INFO  State of operation 18811138 : EXECUTING
11:21:42 INFO  State of operation 18811138 : EXECUTING
11:21:44 INFO  State of operation 18811138 : EXECUTING
11:21:46 INFO  State of operation 18811138 : EXECUTING
11:21:49 INFO  State of operation 18811138 : EXECUTING
11:21:51 INFO  State of operation 18811138 : EXECUTING
11:21:53 INFO  State of operation 18811138 : EXECUTING
11:21:55 INFO  State of operation 18811138 : EXECUTING
11:21:58 INFO  State of operation 18811138 : EXECUTING
11:22:00 INFO  State of operation 18811138 : EXECUTING
11:22:03 INFO  State of operation 18811138 : EXECUTING
11:22:05 INFO  State of operation 18811138 : EXECUTING
11:22:07 INFO  State of operation 18811138 : EXECUTING
11:22:10 INFO  State of operation 18811138 : EXECUTING
11:22:12 INFO  State of operation 18811138 : EXECUTING
11:22:14 INFO  State of operation 18811138 : EXECUTING
11:22:17 INFO  State of operation 18811138 : EXECUTING
11:22:19 INFO  State of operation 18811138 : EXECUTING
11:22:22 INFO  State of operation 18811138 : EXECUTING
11:22:24 INFO  State of operation 18811138 : EXECUTING
11:22:26 INFO  State of operation 18811138 : EXECUTING
11:22:29 INFO  State of operation 18811138 : EXECUTING
11:22:31 INFO  State of operation 18811138 : EXECUTING
11:22:33 INFO  State of operation 18811138 : EXECUTING
11:22:35 INFO  State of operation 18811138 : EXECUTING
11:22:38 INFO  State of operation 18811138 : EXECUTING
11:22:40 INFO  State of operation 18811138 : EXECUTING
11:22:42 INFO  State of operation 18811138 : EXECUTING
11:22:44 INFO  State of operation 18811138 : EXECUTING
11:22:46 INFO  State of operation 18811138 : EXECUTING
11:22:49 INFO  State of operation 18811138 : EXECUTING
11:22:52 INFO  State of operation 18811138 : EXECUTING
11:22:54 INFO  State of operation 18811138 : EXECUTING
11:22:57 INFO  State of operation 18811138 : EXECUTING
11:22:59 INFO  State of operation 18811138 : EXECUTING
11:23:01 INFO  State of operation 18811138 : EXECUTING
11:23:03 INFO  State of operation 18811138 : EXECUTING
11:23:06 INFO  State of operation 18811138 : EXECUTING
11:23:08 INFO  State of operation 18811138 : EXECUTING
11:23:10 INFO  State of operation 18811138 : EXECUTING
11:23:12 INFO  State of operation 18811138 : EXECUTING
11:23:15 INFO  State of operation 18811138 : EXECUTING
11:23:17 INFO  State of operation 18811138 : EXECUTING
11:23:20 INFO  State of operation 18811138 : EXECUTING
11:23:22 INFO  State of operation 18811138 : EXECUTING
11:23:25 INFO  State of operation 18811138 : EXECUTING
11:23:27 INFO  State of operation 18811138 : EXECUTING
11:23:29 INFO  State of operation 18811138 : EXECUTING
11:23:31 INFO  State of operation 18811138 : EXECUTING
11:23:34 INFO  State of operation 18811138 : EXECUTING
11:23:36 INFO  State of operation 18811138 : EXECUTING
11:23:39 INFO  State of operation 18811138 : EXECUTING
11:23:41 INFO  State of operation 18811138 : EXECUTING
11:23:43 WARN  SystemError occurred while running test - Timeout while waiting for status SUCCESSFUL or False
Traceback (most recent call last):
  File &quot;/home/pi/env-pysys/lib/python3.7/site-packages/pysys/baserunner.py&quot;, line 1294, in __call__
    self.testObj.execute()
  File &quot;/home/pi/actions-runner/_work/thin-edge.io/thin-edge.io/tests/PySys/software_management_end_to_end/sm_apt_install_remove_multiple_mixed/run.py&quot;, line 89, in execute
    self.wait_until_succcess()
  File &quot;/home/pi/actions-runner/_work/thin-edge.io/thin-edge.io/tests/PySys/software_management_end_to_end/environment_sm_management.py&quot;, line 324, in wait_until_succcess
    self.wait_until_status(&quot;SUCCESSFUL&quot;)
  File &quot;/home/pi/actions-runner/_work/thin-edge.io/thin-edge.io/tests/PySys/software_management_end_to_end/environment_sm_management.py&quot;, line 381, in wait_until_status
    &quot;Timeout while waiting for status %s or %s&quot; % (status, status2)
SystemError: Timeout while waiting for status SUCCESSFUL or False
11:23:43 WARN  SystemError: Timeout while waiting for status SUCCESSFUL or False ... blocked 
11:23:43 INFO  
11:23:43 INFO  cleanup:
11:23:48 INFO  Executed sudo&lt;tedge_disconnect_c8y&gt;, exit status 0
11:23:48 INFO  Executed systemctl&lt;serv_mapper5&gt;, exit status 3
11:23:48 INFO  
11:23:48 INFO  Test duration: 179.57 secs
11:23:48 INFO  Test final outcome:  BLOCKED
11:23:48 INFO  Test outcome reason: SystemError: Timeout while waiting for status SUCCESSFUL or False (+1 other failures)
11:23:48 INFO  
</system-out>
	</testcase>
</testsuite>
