<?xml version="1.0" encoding="utf-8"?>
<testsuite failures="1" name="SoftwareManagement.sm_mixed_install_remove_multiple" skipped="0" tests="1" time="164.76" timestamp="2022-05-03T16:48:47">
	<testcase classname="PySysTest" name="SoftwareManagement.sm_mixed_install_remove_multiple">
		<failure message="FAILED: Assert that (False == value) with value=True" type="FAILED"/>
		<system-out>16:46:03 INFO  ==============================================================
16:46:03 INFO  Id:    SoftwareManagement.sm_mixed_install_remove_multiple
16:46:03 INFO  Dir:   software_management_end_to_end/
16:46:03 INFO  Title: Validate end to end behaviour for the dummy-plugin for multiple packages with mixed versions
16:46:03 INFO  ==============================================================
16:46:03 INFO  Using sw id database: {'asciijump': '5475369', 'robotfindskitten': '5474869', 'squirrel3': '5475279', 'rolldice': '5152439', 'moon-buggy': '5439204', 'apple': '5495053', 'banana': '5494888', 'cherry': '5495382', 'watermelon': '5494510', 'registry': '8018911', 'hello-world': '8021526', 'docker/getting-started': '8021973', 'alpine': '7991792'}
16:46:03 INFO  EnvironmentC8y Setup
16:46:03 INFO  Executed systemctl&lt;serv_mapper1&gt;, exit status 3
16:46:03 INFO  Restarting mosquitto too frequently in the last 10 seconds. It was only up for 5 seconds
16:46:03 INFO  Delaying execution by 6 seconds
16:46:23 INFO  Executed sudo&lt;tedge_connect_c8y&gt;, exit status 0, duration 13 secs
16:46:24 INFO  Executed sudo&lt;tedge_connect_c8y_test&gt;, exit status 0
16:46:24 INFO  Executed systemctl&lt;serv_mosq2&gt;, exit status 0
16:46:25 INFO  Executed systemctl&lt;serv_mapper3&gt;, exit status 0
16:46:27 INFO  State of current operation: SUCCESSFUL
16:46:27 INFO  Package apple is installed
16:46:27 INFO  Assert that (True == value) with value=True ... passed
16:46:27 INFO  Package banana is installed
16:46:27 INFO  Assert that (True == value) with value=True ... passed
16:46:28 INFO  Package cherry is installed
16:46:28 INFO  Assert that (True == value) with value=True ... passed
16:46:28 INFO  Package asciijump is installed
16:46:28 WARN  Assert that (False == value) with value=True ... failed 
16:46:28 INFO  Assert that (False == value) with value=False ... passed
16:46:28 INFO  Response status: 201
16:46:28 INFO  Response to action: {
    &quot;creationTime&quot;: &quot;2022-05-03T16:46:28.670Z&quot;,
    &quot;deviceName&quot;: &quot;m32sd10c&quot;,
    &quot;deviceId&quot;: &quot;18304796&quot;,
    &quot;self&quot;: &quot;https://t493319102.eu-latest.cumulocity.com/devicecontrol/operations/18322231&quot;,
    &quot;id&quot;: &quot;18322231&quot;,
    &quot;status&quot;: &quot;PENDING&quot;,
    &quot;description&quot;: &quot;Apply software changes, triggered from PySys: [{'action': 'install', 'id': '5495053', 'name': 'apple', 'url': ' ', 'version': '::fruits'}, {'action': 'install', 'id': '5494888', 'name': 'banana', 'url': ' ', 'version': '::fruits'}, {'action': 'install', 'id': '5475369', 'name': 'asciijump', 'url': ' ', 'version': '::apt'}, {'action': 'install', 'id': '5495382', 'name': 'cherry', 'url': ' ', 'version': '::fruits'}, {'action': 'install', 'id': '8018911', 'name': 'registry', 'url': ' ', 'version': '::docker'}]&quot;,
    &quot;c8y_SoftwareUpdate&quot;: [
        {
            &quot;name&quot;: &quot;apple&quot;,
            &quot;action&quot;: &quot;install&quot;,
            &quot;id&quot;: &quot;5495053&quot;,
            &quot;version&quot;: &quot;::fruits&quot;,
            &quot;url&quot;: &quot; &quot;
        },
        {
            &quot;name&quot;: &quot;banana&quot;,
            &quot;action&quot;: &quot;install&quot;,
            &quot;id&quot;: &quot;5494888&quot;,
            &quot;version&quot;: &quot;::fruits&quot;,
            &quot;url&quot;: &quot; &quot;
        },
        {
            &quot;name&quot;: &quot;asciijump&quot;,
            &quot;action&quot;: &quot;install&quot;,
            &quot;id&quot;: &quot;5475369&quot;,
            &quot;version&quot;: &quot;::apt&quot;,
            &quot;url&quot;: &quot; &quot;
        },
        {
            &quot;name&quot;: &quot;cherry&quot;,
            &quot;action&quot;: &quot;install&quot;,
            &quot;id&quot;: &quot;5495382&quot;,
            &quot;version&quot;: &quot;::fruits&quot;,
            &quot;url&quot;: &quot; &quot;
        },
        {
            &quot;name&quot;: &quot;registry&quot;,
            &quot;action&quot;: &quot;install&quot;,
            &quot;id&quot;: &quot;8018911&quot;,
            &quot;version&quot;: &quot;::docker&quot;,
            &quot;url&quot;: &quot; &quot;
        }
    ]
}
16:46:28 INFO  Started operation: {'creationTime': '2022-05-03T16:46:28.670Z', 'deviceName': 'm32sd10c', 'deviceId': '18304796', 'self': 'https://t493319102.eu-latest.cumulocity.com/devicecontrol/operations/18322231', 'id': '18322231', 'status': 'PENDING', 'description': &quot;Apply software changes, triggered from PySys: [{'action': 'install', 'id': '5495053', 'name': 'apple', 'url': ' ', 'version': '::fruits'}, {'action': 'install', 'id': '5494888', 'name': 'banana', 'url': ' ', 'version': '::fruits'}, {'action': 'install', 'id': '5475369', 'name': 'asciijump', 'url': ' ', 'version': '::apt'}, {'action': 'install', 'id': '5495382', 'name': 'cherry', 'url': ' ', 'version': '::fruits'}, {'action': 'install', 'id': '8018911', 'name': 'registry', 'url': ' ', 'version': '::docker'}]&quot;, 'c8y_SoftwareUpdate': [{'name': 'apple', 'action': 'install', 'id': '5495053', 'version': '::fruits', 'url': ' '}, {'name': 'banana', 'action': 'install', 'id': '5494888', 'version': '::fruits', 'url': ' '}, {'name': 'asciijump', 'action': 'install', 'id': '5475369', 'version': '::apt', 'url': ' '}, {'name': 'cherry', 'action': 'install', 'id': '5495382', 'version': '::fruits', 'url': ' '}, {'name': 'registry', 'action': 'install', 'id': '8018911', 'version': '::docker', 'url': ' '}]}
16:46:30 INFO  State of operation 18322231 : PENDING
16:46:33 INFO  State of operation 18322231 : EXECUTING
16:46:35 INFO  State of operation 18322231 : EXECUTING
16:46:37 INFO  State of operation 18322231 : EXECUTING
16:46:39 INFO  State of operation 18322231 : EXECUTING
16:46:42 INFO  State of operation 18322231 : EXECUTING
16:46:44 INFO  State of operation 18322231 : EXECUTING
16:46:46 INFO  State of operation 18322231 : EXECUTING
16:46:49 INFO  State of operation 18322231 : EXECUTING
16:46:52 INFO  State of operation 18322231 : EXECUTING
16:46:54 INFO  State of operation 18322231 : EXECUTING
16:46:56 INFO  State of operation 18322231 : EXECUTING
16:46:58 INFO  State of operation 18322231 : EXECUTING
16:47:01 INFO  State of operation 18322231 : EXECUTING
16:47:03 INFO  State of operation 18322231 : EXECUTING
16:47:05 INFO  State of operation 18322231 : EXECUTING
16:47:08 INFO  State of operation 18322231 : EXECUTING
16:47:10 INFO  State of operation 18322231 : EXECUTING
16:47:12 INFO  State of operation 18322231 : EXECUTING
16:47:15 INFO  State of operation 18322231 : EXECUTING
16:47:17 INFO  State of operation 18322231 : EXECUTING
16:47:19 INFO  State of operation 18322231 : EXECUTING
16:47:21 INFO  State of operation 18322231 : EXECUTING
16:47:24 INFO  State of operation 18322231 : EXECUTING
16:47:26 INFO  State of operation 18322231 : EXECUTING
16:47:28 INFO  State of operation 18322231 : EXECUTING
16:47:30 INFO  State of operation 18322231 : SUCCESSFUL
16:47:30 INFO  Package apple is installed
16:47:30 INFO  Assert that (True == value) with value=True ... passed
16:47:31 INFO  Package banana is installed
16:47:31 INFO  Assert that (True == value) with value=True ... passed
16:47:31 INFO  Package cherry is installed
16:47:31 INFO  Assert that (True == value) with value=True ... passed
16:47:31 INFO  Package asciijump is installed
16:47:31 INFO  Assert that (True == value) with value=True ... passed
16:47:31 INFO  Package registry is installed
16:47:31 INFO  Assert that (True == value) with value=True ... passed
16:47:32 INFO  Response status: 201
16:47:32 INFO  Response to action: {
    &quot;creationTime&quot;: &quot;2022-05-03T16:47:32.067Z&quot;,
    &quot;deviceName&quot;: &quot;m32sd10c&quot;,
    &quot;deviceId&quot;: &quot;18304796&quot;,
    &quot;self&quot;: &quot;https://t493319102.eu-latest.cumulocity.com/devicecontrol/operations/18322233&quot;,
    &quot;id&quot;: &quot;18322233&quot;,
    &quot;status&quot;: &quot;PENDING&quot;,
    &quot;description&quot;: &quot;Apply software changes, triggered from PySys: [{'action': 'delete', 'id': '5495053', 'name': 'apple', 'url': ' ', 'version': '::fruits'}, {'action': 'delete', 'id': '5494888', 'name': 'banana', 'url': ' ', 'version': '::fruits'}, {'action': 'delete', 'id': '5475369', 'name': 'asciijump', 'url': ' ', 'version': '::apt'}, {'action': 'delete', 'id': '5495382', 'name': 'cherry', 'url': ' ', 'version': '::fruits'}, {'action': 'delete', 'id': '8018911', 'name': 'registry', 'url': ' ', 'version': '::docker'}]&quot;,
    &quot;c8y_SoftwareUpdate&quot;: [
        {
            &quot;name&quot;: &quot;apple&quot;,
            &quot;action&quot;: &quot;delete&quot;,
            &quot;id&quot;: &quot;5495053&quot;,
            &quot;version&quot;: &quot;::fruits&quot;,
            &quot;url&quot;: &quot; &quot;
        },
        {
            &quot;name&quot;: &quot;banana&quot;,
            &quot;action&quot;: &quot;delete&quot;,
            &quot;id&quot;: &quot;5494888&quot;,
            &quot;version&quot;: &quot;::fruits&quot;,
            &quot;url&quot;: &quot; &quot;
        },
        {
            &quot;name&quot;: &quot;asciijump&quot;,
            &quot;action&quot;: &quot;delete&quot;,
            &quot;id&quot;: &quot;5475369&quot;,
            &quot;version&quot;: &quot;::apt&quot;,
            &quot;url&quot;: &quot; &quot;
        },
        {
            &quot;name&quot;: &quot;cherry&quot;,
            &quot;action&quot;: &quot;delete&quot;,
            &quot;id&quot;: &quot;5495382&quot;,
            &quot;version&quot;: &quot;::fruits&quot;,
            &quot;url&quot;: &quot; &quot;
        },
        {
            &quot;name&quot;: &quot;registry&quot;,
            &quot;action&quot;: &quot;delete&quot;,
            &quot;id&quot;: &quot;8018911&quot;,
            &quot;version&quot;: &quot;::docker&quot;,
            &quot;url&quot;: &quot; &quot;
        }
    ]
}
16:47:32 INFO  Started operation: {'creationTime': '2022-05-03T16:47:32.067Z', 'deviceName': 'm32sd10c', 'deviceId': '18304796', 'self': 'https://t493319102.eu-latest.cumulocity.com/devicecontrol/operations/18322233', 'id': '18322233', 'status': 'PENDING', 'description': &quot;Apply software changes, triggered from PySys: [{'action': 'delete', 'id': '5495053', 'name': 'apple', 'url': ' ', 'version': '::fruits'}, {'action': 'delete', 'id': '5494888', 'name': 'banana', 'url': ' ', 'version': '::fruits'}, {'action': 'delete', 'id': '5475369', 'name': 'asciijump', 'url': ' ', 'version': '::apt'}, {'action': 'delete', 'id': '5495382', 'name': 'cherry', 'url': ' ', 'version': '::fruits'}, {'action': 'delete', 'id': '8018911', 'name': 'registry', 'url': ' ', 'version': '::docker'}]&quot;, 'c8y_SoftwareUpdate': [{'name': 'apple', 'action': 'delete', 'id': '5495053', 'version': '::fruits', 'url': ' '}, {'name': 'banana', 'action': 'delete', 'id': '5494888', 'version': '::fruits', 'url': ' '}, {'name': 'asciijump', 'action': 'delete', 'id': '5475369', 'version': '::apt', 'url': ' '}, {'name': 'cherry', 'action': 'delete', 'id': '5495382', 'version': '::fruits', 'url': ' '}, {'name': 'registry', 'action': 'delete', 'id': '8018911', 'version': '::docker', 'url': ' '}]}
16:47:34 INFO  State of operation 18322233 : PENDING
16:47:36 INFO  State of operation 18322233 : EXECUTING
16:47:38 INFO  State of operation 18322233 : EXECUTING
16:47:41 INFO  State of operation 18322233 : EXECUTING
16:47:43 INFO  State of operation 18322233 : EXECUTING
16:47:45 INFO  State of operation 18322233 : EXECUTING
16:47:48 INFO  State of operation 18322233 : EXECUTING
16:47:50 INFO  State of operation 18322233 : EXECUTING
16:47:53 INFO  State of operation 18322233 : EXECUTING
16:47:55 INFO  State of operation 18322233 : EXECUTING
16:47:57 INFO  State of operation 18322233 : EXECUTING
16:48:00 INFO  State of operation 18322233 : EXECUTING
16:48:02 INFO  State of operation 18322233 : EXECUTING
16:48:04 INFO  State of operation 18322233 : EXECUTING
16:48:07 INFO  State of operation 18322233 : EXECUTING
16:48:09 INFO  State of operation 18322233 : EXECUTING
16:48:12 INFO  State of operation 18322233 : EXECUTING
16:48:14 INFO  State of operation 18322233 : EXECUTING
16:48:16 INFO  State of operation 18322233 : EXECUTING
16:48:19 INFO  State of operation 18322233 : EXECUTING
16:48:21 INFO  State of operation 18322233 : EXECUTING
16:48:23 INFO  State of operation 18322233 : EXECUTING
16:48:25 INFO  State of operation 18322233 : EXECUTING
16:48:28 INFO  State of operation 18322233 : EXECUTING
16:48:30 INFO  State of operation 18322233 : EXECUTING
16:48:32 INFO  State of operation 18322233 : EXECUTING
16:48:35 INFO  State of operation 18322233 : EXECUTING
16:48:37 INFO  State of operation 18322233 : EXECUTING
16:48:39 INFO  State of operation 18322233 : EXECUTING
16:48:42 INFO  State of operation 18322233 : SUCCESSFUL
16:48:42 INFO  Package apple is installed
16:48:42 INFO  Assert that (True == value) with value=True ... passed
16:48:42 INFO  Package banana is installed
16:48:42 INFO  Assert that (True == value) with value=True ... passed
16:48:42 INFO  Package cherry is installed
16:48:42 INFO  Assert that (True == value) with value=True ... passed
16:48:42 INFO  Assert that (False == value) with value=False ... passed
16:48:43 INFO  Assert that (False == value) with value=False ... passed
16:48:43 INFO  
16:48:43 INFO  cleanup:
16:48:47 INFO  Executed sudo&lt;tedge_disconnect_c8y&gt;, exit status 0
16:48:47 INFO  Executed systemctl&lt;serv_mapper5&gt;, exit status 3
16:48:47 INFO  
16:48:47 INFO  Test duration: 164.76 secs
16:48:47 INFO  Test final outcome:  FAILED
16:48:47 INFO  Test outcome reason: Assert that (False == value) with value=True
16:48:47 INFO  
</system-out>
	</testcase>
</testsuite>
