<?xml version="1.0" encoding="utf-8"?>
<testsuite failures="1" name="SoftwareManagement.Plugin.apama_plugin_update" skipped="0" tests="1" time="21.07" timestamp="2022-05-13T15:56:53">
	<testcase classname="ApamaPluginUpdateTest" name="SoftwareManagement.Plugin.apama_plugin_update">
		<failure message="BLOCKED: sudo&lt;plugin_install&gt; returned non-zero exit code 2" type="BLOCKED"/>
		<system-out>15:56:32 INFO  ==============================================================
15:56:32 INFO  Id:    SoftwareManagement.Plugin.apama_plugin_update
15:56:32 INFO  Dir:   plugin_apama/
15:56:32 INFO  Title: Validate apama plugin updating one project with another
15:56:32 INFO  ==============================================================
15:56:32 INFO  Assertion that path exists=False for &quot;/etc/tedge/apama/project&quot; ... passed
15:56:32 INFO  Executed sudo&lt;create_project_dir&gt;, exit status 0
15:56:33 INFO  Executed sudo&lt;unzip_apama_project&gt;, exit status 0
15:56:33 INFO  Executed sudo&lt;move_apama_project&gt;, exit status 0
15:56:34 INFO  Executed sudo&lt;restart_apama_service&gt;, exit status 0
15:56:35 INFO  Executed sudo&lt;apama_correlator_wait&gt;, exit status 0
15:56:35 INFO  Assertion that path exists=True for &quot;/etc/tedge/apama/project&quot; ... passed
15:56:36 INFO  Executed sudo&lt;apama_list_monitors&gt;, exit status 0
15:56:36 INFO  Grep on file /home/pi/actions-runner/_work/thin-edge.io/thin-edge.io/tests/PySys/plugin_apama/apama_plugin_update/Output/linux/apama_list_monitors.out ... passed
15:56:36 WARN  Executed sudo&lt;plugin_install&gt;, exit status 2
15:56:36 INFO  Contents of plugin_install.err: 
  ERROR: Directory not empty (os error 39)
  -----

15:56:37 WARN  sudo&lt;plugin_install&gt; returned non-zero exit code 2 ... blocked [run.py:35]
15:56:37 WARN  Aborted test due to BLOCKED outcome
15:56:37 INFO  
15:56:37 INFO  cleanup:
15:56:37 INFO  Removing apama project
15:56:52 INFO  Executed sudo&lt;stop_apama_service&gt;, exit status 0, duration 15 secs
15:56:52 INFO  Executed sudo&lt;remove_apama_project&gt;, exit status 0
15:56:53 INFO  Executed sudo&lt;remove_apama_tmp_dir&gt;, exit status 0
15:56:53 INFO  
15:56:53 INFO  Test duration: 21.07 secs
15:56:53 INFO  Test final outcome:  BLOCKED
15:56:53 INFO  Test outcome reason: sudo&lt;plugin_install&gt; returned non-zero exit code 2
15:56:53 INFO  
</system-out>
	</testcase>
</testsuite>
