<?xml version="1.0" encoding="utf-8"?>
<testsuite failures="1" name="SoftwareManagement.sm_apt_install_remove_default" skipped="0" tests="1" time="164.89" timestamp="2022-04-21T14:50:40">
	<testcase classname="PySysTest" name="SoftwareManagement.sm_apt_install_remove_default">
		<failure message="BLOCKED: SystemError: Timeout while waiting for status FAILED or SUCCESSFUL" type="BLOCKED"/>
		<system-out>14:47:55 INFO  ==============================================================
14:47:55 INFO  Id:    SoftwareManagement.sm_apt_install_remove_default
14:47:55 INFO  Dir:   software_management_end_to_end/
14:47:55 INFO  Title: Validate end to end behaviour for the default plugin for installation and removal of packages
14:47:55 INFO  ==============================================================
14:47:55 INFO  Using sw id database: {'asciijump': '5475369', 'robotfindskitten': '5474869', 'squirrel3': '5475279', 'rolldice': '5152439', 'moon-buggy': '5439204', 'apple': '5495053', 'banana': '5494888', 'cherry': '5495382', 'watermelon': '5494510', 'registry': '8018911', 'hello-world': '8021526', 'docker/getting-started': '8021973', 'alpine': '7991792'}
14:47:55 INFO  EnvironmentC8y Setup
14:47:55 INFO  Executed systemctl&lt;serv_mapper1&gt;, exit status 3
14:47:55 INFO  Restarting mosquitto too frequently in the last 10 seconds. It was only up for 5 seconds
14:47:55 INFO  Delaying execution by 6 seconds
14:48:15 INFO  Executed sudo&lt;tedge_connect_c8y&gt;, exit status 0, duration 14 secs
14:48:16 INFO  Executed sudo&lt;tedge_connect_c8y_test&gt;, exit status 0
14:48:17 INFO  Executed systemctl&lt;serv_mosq2&gt;, exit status 0
14:48:17 INFO  Executed systemctl&lt;serv_mapper3&gt;, exit status 0
14:48:19 INFO  State of current operation: PENDING
14:48:21 INFO  State of current operation: PENDING
14:48:24 INFO  State of current operation: PENDING
14:48:26 INFO  State of current operation: PENDING
14:48:28 INFO  State of current operation: PENDING
14:48:30 INFO  State of current operation: PENDING
14:48:33 INFO  State of current operation: PENDING
14:48:35 INFO  State of current operation: PENDING
14:48:37 INFO  State of current operation: PENDING
14:48:39 INFO  State of current operation: PENDING
14:48:42 INFO  State of current operation: PENDING
14:48:44 INFO  State of current operation: PENDING
14:48:46 INFO  State of current operation: PENDING
14:48:48 INFO  State of current operation: PENDING
14:48:50 INFO  State of current operation: PENDING
14:48:53 INFO  State of current operation: PENDING
14:48:55 INFO  State of current operation: PENDING
14:48:57 INFO  State of current operation: PENDING
14:48:59 INFO  State of current operation: PENDING
14:49:02 INFO  State of current operation: PENDING
14:49:04 INFO  State of current operation: PENDING
14:49:06 INFO  State of current operation: PENDING
14:49:08 INFO  State of current operation: PENDING
14:49:10 INFO  State of current operation: PENDING
14:49:13 INFO  State of current operation: PENDING
14:49:15 INFO  State of current operation: PENDING
14:49:17 INFO  State of current operation: PENDING
14:49:19 INFO  State of current operation: PENDING
14:49:22 INFO  State of current operation: PENDING
14:49:24 INFO  State of current operation: PENDING
14:49:26 INFO  State of current operation: PENDING
14:49:28 INFO  State of current operation: PENDING
14:49:31 INFO  State of current operation: PENDING
14:49:33 INFO  State of current operation: PENDING
14:49:35 INFO  State of current operation: PENDING
14:49:37 INFO  State of current operation: PENDING
14:49:39 INFO  State of current operation: PENDING
14:49:42 INFO  State of current operation: PENDING
14:49:44 INFO  State of current operation: PENDING
14:49:46 INFO  State of current operation: PENDING
14:49:48 INFO  State of current operation: PENDING
14:49:51 INFO  State of current operation: PENDING
14:49:53 INFO  State of current operation: PENDING
14:49:55 INFO  State of current operation: PENDING
14:49:57 INFO  State of current operation: PENDING
14:49:59 INFO  State of current operation: PENDING
14:50:02 INFO  State of current operation: PENDING
14:50:04 INFO  State of current operation: PENDING
14:50:06 INFO  State of current operation: PENDING
14:50:08 INFO  State of current operation: PENDING
14:50:11 INFO  State of current operation: PENDING
14:50:13 INFO  State of current operation: PENDING
14:50:15 INFO  State of current operation: PENDING
14:50:17 INFO  State of current operation: PENDING
14:50:19 INFO  State of current operation: PENDING
14:50:22 INFO  State of current operation: PENDING
14:50:24 INFO  State of current operation: PENDING
14:50:26 INFO  State of current operation: PENDING
14:50:28 INFO  State of current operation: PENDING
14:50:31 INFO  State of current operation: PENDING
14:50:33 INFO  State of current operation: PENDING
14:50:35 WARN  SystemError occurred while running test - Timeout while waiting for status FAILED or SUCCESSFUL
Traceback (most recent call last):
  File &quot;/home/pi/env-pysys/lib/python3.7/site-packages/pysys/baserunner.py&quot;, line 1292, in __call__
    self.testObj.setup()
  File &quot;/home/pi/actions-runner/_work/thin-edge.io/thin-edge.io/tests/PySys/software_management_end_to_end/sm_apt_install_remove_default/run.py&quot;, line 26, in setup
    super().setup()
  File &quot;/home/pi/actions-runner/_work/thin-edge.io/thin-edge.io/tests/PySys/software_management_end_to_end/environment_sm_management.py&quot;, line 151, in setup
    self.wait_until_end()
  File &quot;/home/pi/actions-runner/_work/thin-edge.io/thin-edge.io/tests/PySys/software_management_end_to_end/environment_sm_management.py&quot;, line 332, in wait_until_end
    self.wait_until_status(&quot;FAILED&quot;, &quot;SUCCESSFUL&quot;)
  File &quot;/home/pi/actions-runner/_work/thin-edge.io/thin-edge.io/tests/PySys/software_management_end_to_end/environment_sm_management.py&quot;, line 381, in wait_until_status
    &quot;Timeout while waiting for status %s or %s&quot; % (status, status2)
SystemError: Timeout while waiting for status FAILED or SUCCESSFUL
14:50:35 WARN  SystemError: Timeout while waiting for status FAILED or SUCCESSFUL ... blocked 
14:50:35 INFO  
14:50:35 INFO  cleanup:
14:50:39 INFO  Executed sudo&lt;tedge_disconnect_c8y&gt;, exit status 0
14:50:40 INFO  Executed systemctl&lt;serv_mapper5&gt;, exit status 3
14:50:40 INFO  
14:50:40 INFO  Test duration: 164.89 secs
14:50:40 INFO  Test final outcome:  BLOCKED
14:50:40 INFO  Test outcome reason: SystemError: Timeout while waiting for status FAILED or SUCCESSFUL
14:50:40 INFO  
</system-out>
	</testcase>
</testsuite>
