<?xml version="1.0" encoding="utf-8"?>
<testsuite failures="1" name="SoftwareManagement.sm_apt_install_remove_with_version" skipped="0" tests="1" time="164.55" timestamp="2022-04-27T10:03:41">
	<testcase classname="PySysTest" name="SoftwareManagement.sm_apt_install_remove_with_version">
		<failure message="BLOCKED: SystemError: Timeout while waiting for status FAILED or SUCCESSFUL" type="BLOCKED"/>
		<system-out>10:00:57 INFO  ==============================================================
10:00:57 INFO  Id:    SoftwareManagement.sm_apt_install_remove_with_version
10:00:57 INFO  Dir:   software_management_end_to_end/
10:00:57 INFO  Title: Validate end to end behaviour for the apt plugin for packages with version
10:00:57 INFO  ==============================================================
10:00:58 INFO  Using sw id database: {'asciijump': '5475369', 'robotfindskitten': '5474869', 'squirrel3': '5475279', 'rolldice': '5152439', 'moon-buggy': '5439204', 'apple': '5495053', 'banana': '5494888', 'cherry': '5495382', 'watermelon': '5494510', 'registry': '8018911', 'hello-world': '8021526', 'docker/getting-started': '8021973', 'alpine': '7991792'}
10:00:58 INFO  EnvironmentC8y Setup
10:00:58 INFO  Executed systemctl&lt;serv_mapper1&gt;, exit status 3
10:00:59 INFO  Restarting mosquitto too frequently in the last 10 seconds. It was only up for 6 seconds
10:00:59 INFO  Delaying execution by 5 seconds
10:01:17 INFO  Executed sudo&lt;tedge_connect_c8y&gt;, exit status 0, duration 13 secs
10:01:18 INFO  Executed sudo&lt;tedge_connect_c8y_test&gt;, exit status 0
10:01:19 INFO  Executed systemctl&lt;serv_mosq2&gt;, exit status 0
10:01:19 INFO  Executed systemctl&lt;serv_mapper3&gt;, exit status 0
10:01:21 INFO  State of current operation: PENDING
10:01:24 INFO  State of current operation: PENDING
10:01:26 INFO  State of current operation: PENDING
10:01:28 INFO  State of current operation: PENDING
10:01:30 INFO  State of current operation: PENDING
10:01:32 INFO  State of current operation: PENDING
10:01:35 INFO  State of current operation: PENDING
10:01:37 INFO  State of current operation: PENDING
10:01:39 INFO  State of current operation: PENDING
10:01:41 INFO  State of current operation: PENDING
10:01:44 INFO  State of current operation: PENDING
10:01:46 INFO  State of current operation: PENDING
10:01:48 INFO  State of current operation: PENDING
10:01:50 INFO  State of current operation: PENDING
10:01:52 INFO  State of current operation: PENDING
10:01:55 INFO  State of current operation: PENDING
10:01:57 INFO  State of current operation: PENDING
10:01:59 INFO  State of current operation: PENDING
10:02:01 INFO  State of current operation: PENDING
10:02:04 INFO  State of current operation: PENDING
10:02:06 INFO  State of current operation: PENDING
10:02:08 INFO  State of current operation: PENDING
10:02:10 INFO  State of current operation: PENDING
10:02:12 INFO  State of current operation: PENDING
10:02:15 INFO  State of current operation: PENDING
10:02:17 INFO  State of current operation: PENDING
10:02:19 INFO  State of current operation: PENDING
10:02:21 INFO  State of current operation: PENDING
10:02:24 INFO  State of current operation: PENDING
10:02:26 INFO  State of current operation: PENDING
10:02:28 INFO  State of current operation: PENDING
10:02:30 INFO  State of current operation: PENDING
10:02:32 INFO  State of current operation: PENDING
10:02:35 INFO  State of current operation: PENDING
10:02:37 INFO  State of current operation: PENDING
10:02:39 INFO  State of current operation: PENDING
10:02:41 INFO  State of current operation: PENDING
10:02:44 INFO  State of current operation: PENDING
10:02:46 INFO  State of current operation: PENDING
10:02:48 INFO  State of current operation: PENDING
10:02:50 INFO  State of current operation: PENDING
10:02:52 INFO  State of current operation: PENDING
10:02:55 INFO  State of current operation: PENDING
10:02:57 INFO  State of current operation: PENDING
10:02:59 INFO  State of current operation: PENDING
10:03:01 INFO  State of current operation: PENDING
10:03:04 INFO  State of current operation: PENDING
10:03:06 INFO  State of current operation: PENDING
10:03:08 INFO  State of current operation: PENDING
10:03:10 INFO  State of current operation: PENDING
10:03:12 INFO  State of current operation: PENDING
10:03:15 INFO  State of current operation: PENDING
10:03:17 INFO  State of current operation: PENDING
10:03:19 INFO  State of current operation: PENDING
10:03:21 INFO  State of current operation: PENDING
10:03:24 INFO  State of current operation: PENDING
10:03:26 INFO  State of current operation: PENDING
10:03:28 INFO  State of current operation: PENDING
10:03:30 INFO  State of current operation: PENDING
10:03:32 INFO  State of current operation: PENDING
10:03:35 INFO  State of current operation: PENDING
10:03:37 WARN  SystemError occurred while running test - Timeout while waiting for status FAILED or SUCCESSFUL
Traceback (most recent call last):
  File &quot;/home/pi/env-pysys/lib/python3.7/site-packages/pysys/baserunner.py&quot;, line 1292, in __call__
    self.testObj.setup()
  File &quot;/home/pi/actions-runner/_work/thin-edge.io/thin-edge.io/tests/PySys/software_management_end_to_end/sm_apt_install_remove_with_version/run.py&quot;, line 27, in setup
    super().setup()
  File &quot;/home/pi/actions-runner/_work/thin-edge.io/thin-edge.io/tests/PySys/software_management_end_to_end/environment_sm_management.py&quot;, line 151, in setup
    self.wait_until_end()
  File &quot;/home/pi/actions-runner/_work/thin-edge.io/thin-edge.io/tests/PySys/software_management_end_to_end/environment_sm_management.py&quot;, line 332, in wait_until_end
    self.wait_until_status(&quot;FAILED&quot;, &quot;SUCCESSFUL&quot;)
  File &quot;/home/pi/actions-runner/_work/thin-edge.io/thin-edge.io/tests/PySys/software_management_end_to_end/environment_sm_management.py&quot;, line 381, in wait_until_status
    &quot;Timeout while waiting for status %s or %s&quot; % (status, status2)
SystemError: Timeout while waiting for status FAILED or SUCCESSFUL
10:03:37 WARN  SystemError: Timeout while waiting for status FAILED or SUCCESSFUL ... blocked 
10:03:37 INFO  
10:03:37 INFO  cleanup:
10:03:41 INFO  Executed sudo&lt;tedge_disconnect_c8y&gt;, exit status 0
10:03:41 INFO  Executed systemctl&lt;serv_mapper5&gt;, exit status 3
10:03:41 INFO  
10:03:41 INFO  Test duration: 164.55 secs
10:03:41 INFO  Test final outcome:  BLOCKED
10:03:41 INFO  Test outcome reason: SystemError: Timeout while waiting for status FAILED or SUCCESSFUL
10:03:41 INFO  
</system-out>
	</testcase>
</testsuite>
