<?xml version="1.0" encoding="utf-8"?>
<testsuite failures="1" name="SoftwareManagement.sm_apt_install_remove_multiple" skipped="0" tests="1" time="138.08" timestamp="2022-05-04T09:32:05">
	<testcase classname="PySysTest" name="SoftwareManagement.sm_apt_install_remove_multiple">
		<failure message="FAILED: Assert that (False == value) with value=True (+2 other failures)" type="FAILED"/>
		<system-out>09:29:47 INFO  ==============================================================
09:29:47 INFO  Id:    SoftwareManagement.sm_apt_install_remove_multiple
09:29:47 INFO  Dir:   software_management_end_to_end/
09:29:47 INFO  Title: Validate end to end behaviour for the apt plugin for multiple packages
09:29:47 INFO  ==============================================================
09:29:47 INFO  Using sw id database: {'asciijump': '5475369', 'robotfindskitten': '5474869', 'squirrel3': '5475279', 'rolldice': '5152439', 'moon-buggy': '5439204', 'apple': '5495053', 'banana': '5494888', 'cherry': '5495382', 'watermelon': '5494510', 'registry': '8018911', 'hello-world': '8021526', 'docker/getting-started': '8021973', 'alpine': '7991792'}
09:29:47 INFO  EnvironmentC8y Setup
09:29:48 INFO  Executed systemctl&lt;serv_mapper1&gt;, exit status 3
09:29:48 INFO  Restarting mosquitto too frequently in the last 10 seconds. It was only up for 4 seconds
09:29:48 INFO  Delaying execution by 7 seconds
09:30:09 INFO  Executed sudo&lt;tedge_connect_c8y&gt;, exit status 0, duration 13 secs
09:30:09 INFO  Executed sudo&lt;tedge_connect_c8y_test&gt;, exit status 0
09:30:10 INFO  Executed systemctl&lt;serv_mosq2&gt;, exit status 0
09:30:10 INFO  Executed systemctl&lt;serv_mapper3&gt;, exit status 0
09:30:13 INFO  State of current operation: SUCCESSFUL
09:30:13 INFO  Assert that (False == value) with value=False ... passed
09:30:13 INFO  Package asciijump is installed
09:30:13 WARN  Assert that (False == value) with value=True ... failed 
09:30:14 INFO  Package squirrel3 is installed
09:30:14 WARN  Assert that (False == value) with value=True ... failed 
09:30:14 INFO  Package robotfindskitten is installed
09:30:14 WARN  Assert that (False == value) with value=True ... failed 
09:30:14 INFO  Response status: 201
09:30:14 INFO  Response to action: {
    &quot;creationTime&quot;: &quot;2022-05-04T09:30:14.625Z&quot;,
    &quot;deviceName&quot;: &quot;m32sd10c&quot;,
    &quot;deviceId&quot;: &quot;18358977&quot;,
    &quot;self&quot;: &quot;https://t493319102.eu-latest.cumulocity.com/devicecontrol/operations/18392222&quot;,
    &quot;id&quot;: &quot;18392222&quot;,
    &quot;status&quot;: &quot;PENDING&quot;,
    &quot;description&quot;: &quot;Apply software changes, triggered from PySys: [{'action': 'install', 'id': '5475369', 'name': 'asciijump', 'url': ' ', 'version': '::apt'}, {'action': 'install', 'id': '5474869', 'name': 'robotfindskitten', 'url': ' ', 'version': '::apt'}, {'action': 'install', 'id': '5475279', 'name': 'squirrel3', 'url': ' ', 'version': '::apt'}]&quot;,
    &quot;c8y_SoftwareUpdate&quot;: [
        {
            &quot;name&quot;: &quot;asciijump&quot;,
            &quot;action&quot;: &quot;install&quot;,
            &quot;id&quot;: &quot;5475369&quot;,
            &quot;version&quot;: &quot;::apt&quot;,
            &quot;url&quot;: &quot; &quot;
        },
        {
            &quot;name&quot;: &quot;robotfindskitten&quot;,
            &quot;action&quot;: &quot;install&quot;,
            &quot;id&quot;: &quot;5474869&quot;,
            &quot;version&quot;: &quot;::apt&quot;,
            &quot;url&quot;: &quot; &quot;
        },
        {
            &quot;name&quot;: &quot;squirrel3&quot;,
            &quot;action&quot;: &quot;install&quot;,
            &quot;id&quot;: &quot;5475279&quot;,
            &quot;version&quot;: &quot;::apt&quot;,
            &quot;url&quot;: &quot; &quot;
        }
    ]
}
09:30:14 INFO  Started operation: {'creationTime': '2022-05-04T09:30:14.625Z', 'deviceName': 'm32sd10c', 'deviceId': '18358977', 'self': 'https://t493319102.eu-latest.cumulocity.com/devicecontrol/operations/18392222', 'id': '18392222', 'status': 'PENDING', 'description': &quot;Apply software changes, triggered from PySys: [{'action': 'install', 'id': '5475369', 'name': 'asciijump', 'url': ' ', 'version': '::apt'}, {'action': 'install', 'id': '5474869', 'name': 'robotfindskitten', 'url': ' ', 'version': '::apt'}, {'action': 'install', 'id': '5475279', 'name': 'squirrel3', 'url': ' ', 'version': '::apt'}]&quot;, 'c8y_SoftwareUpdate': [{'name': 'asciijump', 'action': 'install', 'id': '5475369', 'version': '::apt', 'url': ' '}, {'name': 'robotfindskitten', 'action': 'install', 'id': '5474869', 'version': '::apt', 'url': ' '}, {'name': 'squirrel3', 'action': 'install', 'id': '5475279', 'version': '::apt', 'url': ' '}]}
09:30:16 INFO  State of operation 18392222 : PENDING
09:30:19 INFO  State of operation 18392222 : EXECUTING
09:30:21 INFO  State of operation 18392222 : EXECUTING
09:30:23 INFO  State of operation 18392222 : EXECUTING
09:30:25 INFO  State of operation 18392222 : EXECUTING
09:30:28 INFO  State of operation 18392222 : EXECUTING
09:30:30 INFO  State of operation 18392222 : EXECUTING
09:30:33 INFO  State of operation 18392222 : EXECUTING
09:30:35 INFO  State of operation 18392222 : EXECUTING
09:30:38 INFO  State of operation 18392222 : EXECUTING
09:30:40 INFO  State of operation 18392222 : EXECUTING
09:30:42 INFO  State of operation 18392222 : EXECUTING
09:30:45 INFO  State of operation 18392222 : EXECUTING
09:30:47 INFO  State of operation 18392222 : EXECUTING
09:30:49 INFO  State of operation 18392222 : EXECUTING
09:30:51 INFO  State of operation 18392222 : SUCCESSFUL
09:30:52 INFO  Assert that (False == value) with value=False ... passed
09:30:52 INFO  Package asciijump is installed
09:30:52 INFO  Assert that (True == value) with value=True ... passed
09:30:52 INFO  Package squirrel3 is installed
09:30:52 INFO  Assert that (True == value) with value=True ... passed
09:30:52 INFO  Package robotfindskitten is installed
09:30:52 INFO  Assert that (True == value) with value=True ... passed
09:30:53 INFO  Response status: 201
09:30:53 INFO  Response to action: {
    &quot;creationTime&quot;: &quot;2022-05-04T09:30:53.016Z&quot;,
    &quot;deviceName&quot;: &quot;m32sd10c&quot;,
    &quot;deviceId&quot;: &quot;18358977&quot;,
    &quot;self&quot;: &quot;https://t493319102.eu-latest.cumulocity.com/devicecontrol/operations/18392234&quot;,
    &quot;id&quot;: &quot;18392234&quot;,
    &quot;status&quot;: &quot;PENDING&quot;,
    &quot;description&quot;: &quot;Apply software changes, triggered from PySys: [{'action': 'delete', 'id': '5475369', 'name': 'asciijump', 'url': ' ', 'version': '::apt'}, {'action': 'delete', 'id': '5474869', 'name': 'robotfindskitten', 'url': ' ', 'version': '::apt'}, {'action': 'delete', 'id': '5475279', 'name': 'squirrel3', 'url': ' ', 'version': '::apt'}]&quot;,
    &quot;c8y_SoftwareUpdate&quot;: [
        {
            &quot;name&quot;: &quot;asciijump&quot;,
            &quot;action&quot;: &quot;delete&quot;,
            &quot;id&quot;: &quot;5475369&quot;,
            &quot;version&quot;: &quot;::apt&quot;,
            &quot;url&quot;: &quot; &quot;
        },
        {
            &quot;name&quot;: &quot;robotfindskitten&quot;,
            &quot;action&quot;: &quot;delete&quot;,
            &quot;id&quot;: &quot;5474869&quot;,
            &quot;version&quot;: &quot;::apt&quot;,
            &quot;url&quot;: &quot; &quot;
        },
        {
            &quot;name&quot;: &quot;squirrel3&quot;,
            &quot;action&quot;: &quot;delete&quot;,
            &quot;id&quot;: &quot;5475279&quot;,
            &quot;version&quot;: &quot;::apt&quot;,
            &quot;url&quot;: &quot; &quot;
        }
    ]
}
09:30:53 INFO  Started operation: {'creationTime': '2022-05-04T09:30:53.016Z', 'deviceName': 'm32sd10c', 'deviceId': '18358977', 'self': 'https://t493319102.eu-latest.cumulocity.com/devicecontrol/operations/18392234', 'id': '18392234', 'status': 'PENDING', 'description': &quot;Apply software changes, triggered from PySys: [{'action': 'delete', 'id': '5475369', 'name': 'asciijump', 'url': ' ', 'version': '::apt'}, {'action': 'delete', 'id': '5474869', 'name': 'robotfindskitten', 'url': ' ', 'version': '::apt'}, {'action': 'delete', 'id': '5475279', 'name': 'squirrel3', 'url': ' ', 'version': '::apt'}]&quot;, 'c8y_SoftwareUpdate': [{'name': 'asciijump', 'action': 'delete', 'id': '5475369', 'version': '::apt', 'url': ' '}, {'name': 'robotfindskitten', 'action': 'delete', 'id': '5474869', 'version': '::apt', 'url': ' '}, {'name': 'squirrel3', 'action': 'delete', 'id': '5475279', 'version': '::apt', 'url': ' '}]}
09:30:55 INFO  State of operation 18392234 : PENDING
09:30:57 INFO  State of operation 18392234 : EXECUTING
09:30:59 INFO  State of operation 18392234 : EXECUTING
09:31:01 INFO  State of operation 18392234 : EXECUTING
09:31:04 INFO  State of operation 18392234 : EXECUTING
09:31:06 INFO  State of operation 18392234 : EXECUTING
09:31:09 INFO  State of operation 18392234 : EXECUTING
09:31:11 INFO  State of operation 18392234 : EXECUTING
09:31:14 INFO  State of operation 18392234 : EXECUTING
09:31:16 INFO  State of operation 18392234 : EXECUTING
09:31:18 INFO  State of operation 18392234 : EXECUTING
09:31:20 INFO  State of operation 18392234 : EXECUTING
09:31:23 INFO  State of operation 18392234 : EXECUTING
09:31:25 INFO  State of operation 18392234 : EXECUTING
09:31:27 INFO  State of operation 18392234 : EXECUTING
09:31:29 INFO  State of operation 18392234 : EXECUTING
09:31:32 INFO  State of operation 18392234 : EXECUTING
09:31:35 INFO  State of operation 18392234 : EXECUTING
09:31:37 INFO  State of operation 18392234 : EXECUTING
09:31:39 INFO  State of operation 18392234 : EXECUTING
09:31:41 INFO  State of operation 18392234 : EXECUTING
09:31:44 INFO  State of operation 18392234 : EXECUTING
09:31:46 INFO  State of operation 18392234 : EXECUTING
09:31:48 INFO  State of operation 18392234 : EXECUTING
09:31:51 INFO  State of operation 18392234 : EXECUTING
09:31:53 INFO  State of operation 18392234 : EXECUTING
09:31:55 INFO  State of operation 18392234 : EXECUTING
09:31:58 INFO  State of operation 18392234 : EXECUTING
09:32:00 INFO  State of operation 18392234 : SUCCESSFUL
09:32:00 INFO  Assert that (False == value) with value=False ... passed
09:32:00 INFO  Assert that (False == value) with value=False ... passed
09:32:01 INFO  Assert that (False == value) with value=False ... passed
09:32:01 INFO  Assert that (False == value) with value=False ... passed
09:32:01 INFO  
09:32:01 INFO  cleanup:
09:32:05 INFO  Executed sudo&lt;tedge_disconnect_c8y&gt;, exit status 0
09:32:05 INFO  Executed systemctl&lt;serv_mapper5&gt;, exit status 3
09:32:05 INFO  
09:32:05 INFO  Test duration: 138.08 secs
09:32:05 INFO  Test final outcome:  FAILED
09:32:05 INFO  Test outcome reason: Assert that (False == value) with value=True (+2 other failures)
09:32:05 INFO  
</system-out>
	</testcase>
</testsuite>
