<?xml version="1.0" encoding="utf-8"?>
<testsuite failures="1" name="SoftwareManagement.sm_apt_install_fail" skipped="0" tests="1" time="164.18" timestamp="2022-04-27T14:21:15">
	<testcase classname="PySysTest" name="SoftwareManagement.sm_apt_install_fail">
		<failure message="BLOCKED: SystemError: Timeout while waiting for status FAILED or SUCCESSFUL" type="BLOCKED"/>
		<system-out>14:18:31 INFO  ==============================================================
14:18:31 INFO  Id:    SoftwareManagement.sm_apt_install_fail
14:18:31 INFO  Dir:   software_management_end_to_end/
14:18:31 INFO  Title: Validate end to end behaviour for a failing installation
14:18:31 INFO  ==============================================================
14:18:31 INFO  Using sw id database: {'asciijump': '5475369', 'robotfindskitten': '5474869', 'squirrel3': '5475279', 'rolldice': '5152439', 'moon-buggy': '5439204', 'apple': '5495053', 'banana': '5494888', 'cherry': '5495382', 'watermelon': '5494510', 'registry': '8018911', 'hello-world': '8021526', 'docker/getting-started': '8021973', 'alpine': '7991792'}
14:18:31 INFO  EnvironmentC8y Setup
14:18:32 INFO  Executed systemctl&lt;serv_mapper1&gt;, exit status 3
14:18:32 INFO  Restarting mosquitto too frequently in the last 10 seconds. It was only up for 5 seconds
14:18:32 INFO  Delaying execution by 6 seconds
14:18:52 INFO  Executed sudo&lt;tedge_connect_c8y&gt;, exit status 0, duration 13 secs
14:18:52 INFO  Executed sudo&lt;tedge_connect_c8y_test&gt;, exit status 0
14:18:53 INFO  Executed systemctl&lt;serv_mosq2&gt;, exit status 0
14:18:53 INFO  Executed systemctl&lt;serv_mapper3&gt;, exit status 0
14:18:55 INFO  State of current operation: PENDING
14:18:58 INFO  State of current operation: PENDING
14:19:00 INFO  State of current operation: PENDING
14:19:02 INFO  State of current operation: PENDING
14:19:04 INFO  State of current operation: PENDING
14:19:07 INFO  State of current operation: PENDING
14:19:09 INFO  State of current operation: PENDING
14:19:11 INFO  State of current operation: PENDING
14:19:13 INFO  State of current operation: PENDING
14:19:15 INFO  State of current operation: PENDING
14:19:18 INFO  State of current operation: PENDING
14:19:20 INFO  State of current operation: PENDING
14:19:22 INFO  State of current operation: PENDING
14:19:24 INFO  State of current operation: PENDING
14:19:26 INFO  State of current operation: PENDING
14:19:29 INFO  State of current operation: PENDING
14:19:31 INFO  State of current operation: PENDING
14:19:33 INFO  State of current operation: PENDING
14:19:35 INFO  State of current operation: PENDING
14:19:38 INFO  State of current operation: PENDING
14:19:40 INFO  State of current operation: PENDING
14:19:42 INFO  State of current operation: PENDING
14:19:44 INFO  State of current operation: PENDING
14:19:46 INFO  State of current operation: PENDING
14:19:49 INFO  State of current operation: PENDING
14:19:51 INFO  State of current operation: PENDING
14:19:53 INFO  State of current operation: PENDING
14:19:55 INFO  State of current operation: PENDING
14:19:58 INFO  State of current operation: PENDING
14:20:00 INFO  State of current operation: PENDING
14:20:02 INFO  State of current operation: PENDING
14:20:04 INFO  State of current operation: PENDING
14:20:06 INFO  State of current operation: PENDING
14:20:09 INFO  State of current operation: PENDING
14:20:11 INFO  State of current operation: PENDING
14:20:13 INFO  State of current operation: PENDING
14:20:15 INFO  State of current operation: PENDING
14:20:18 INFO  State of current operation: PENDING
14:20:20 INFO  State of current operation: PENDING
14:20:22 INFO  State of current operation: PENDING
14:20:24 INFO  State of current operation: PENDING
14:20:27 INFO  State of current operation: PENDING
14:20:29 INFO  State of current operation: PENDING
14:20:31 INFO  State of current operation: PENDING
14:20:33 INFO  State of current operation: PENDING
14:20:35 INFO  State of current operation: PENDING
14:20:38 INFO  State of current operation: PENDING
14:20:40 INFO  State of current operation: PENDING
14:20:42 INFO  State of current operation: PENDING
14:20:44 INFO  State of current operation: PENDING
14:20:46 INFO  State of current operation: PENDING
14:20:49 INFO  State of current operation: PENDING
14:20:51 INFO  State of current operation: PENDING
14:20:53 INFO  State of current operation: PENDING
14:20:55 INFO  State of current operation: PENDING
14:20:58 INFO  State of current operation: PENDING
14:21:00 INFO  State of current operation: PENDING
14:21:02 INFO  State of current operation: PENDING
14:21:04 INFO  State of current operation: PENDING
14:21:06 INFO  State of current operation: PENDING
14:21:09 INFO  State of current operation: PENDING
14:21:11 WARN  SystemError occurred while running test - Timeout while waiting for status FAILED or SUCCESSFUL
Traceback (most recent call last):
  File &quot;/home/pi/env-pysys/lib/python3.7/site-packages/pysys/baserunner.py&quot;, line 1292, in __call__
    self.testObj.setup()
  File &quot;/home/pi/actions-runner/_work/thin-edge.io/thin-edge.io/tests/PySys/software_management_end_to_end/sm_apt_install_fail/run.py&quot;, line 20, in setup
    super().setup()
  File &quot;/home/pi/actions-runner/_work/thin-edge.io/thin-edge.io/tests/PySys/software_management_end_to_end/environment_sm_management.py&quot;, line 151, in setup
    self.wait_until_end()
  File &quot;/home/pi/actions-runner/_work/thin-edge.io/thin-edge.io/tests/PySys/software_management_end_to_end/environment_sm_management.py&quot;, line 332, in wait_until_end
    self.wait_until_status(&quot;FAILED&quot;, &quot;SUCCESSFUL&quot;)
  File &quot;/home/pi/actions-runner/_work/thin-edge.io/thin-edge.io/tests/PySys/software_management_end_to_end/environment_sm_management.py&quot;, line 381, in wait_until_status
    &quot;Timeout while waiting for status %s or %s&quot; % (status, status2)
SystemError: Timeout while waiting for status FAILED or SUCCESSFUL
14:21:11 WARN  SystemError: Timeout while waiting for status FAILED or SUCCESSFUL ... blocked 
14:21:11 INFO  
14:21:11 INFO  cleanup:
14:21:15 INFO  Executed sudo&lt;tedge_disconnect_c8y&gt;, exit status 0
14:21:15 INFO  Executed systemctl&lt;serv_mapper5&gt;, exit status 3
14:21:15 INFO  
14:21:15 INFO  Test duration: 164.18 secs
14:21:15 INFO  Test final outcome:  BLOCKED
14:21:15 INFO  Test outcome reason: SystemError: Timeout while waiting for status FAILED or SUCCESSFUL
14:21:15 INFO  
</system-out>
	</testcase>
</testsuite>
