<?xml version="1.0" encoding="utf-8"?>
<testsuite failures="1" name="SoftwareManagement.sm_apt_install_remove_multiple_mixed" skipped="0" tests="1" time="164.94" timestamp="2022-04-21T14:56:10">
	<testcase classname="PySysTest" name="SoftwareManagement.sm_apt_install_remove_multiple_mixed">
		<failure message="BLOCKED: SystemError: Timeout while waiting for status FAILED or SUCCESSFUL" type="BLOCKED"/>
		<system-out>14:53:25 INFO  ==============================================================
14:53:25 INFO  Id:    SoftwareManagement.sm_apt_install_remove_multiple_mixed
14:53:25 INFO  Dir:   software_management_end_to_end/
14:53:25 INFO  Title: Validate end to end behaviour for the apt plugin for multiple packages with mixed versions
14:53:25 INFO  ==============================================================
14:53:25 INFO  Using sw id database: {'asciijump': '5475369', 'robotfindskitten': '5474869', 'squirrel3': '5475279', 'rolldice': '5152439', 'moon-buggy': '5439204', 'apple': '5495053', 'banana': '5494888', 'cherry': '5495382', 'watermelon': '5494510', 'registry': '8018911', 'hello-world': '8021526', 'docker/getting-started': '8021973', 'alpine': '7991792'}
14:53:25 INFO  EnvironmentC8y Setup
14:53:25 INFO  Executed systemctl&lt;serv_mapper1&gt;, exit status 3
14:53:25 INFO  Restarting mosquitto too frequently in the last 10 seconds. It was only up for 5 seconds
14:53:25 INFO  Delaying execution by 6 seconds
14:53:46 INFO  Executed sudo&lt;tedge_connect_c8y&gt;, exit status 0, duration 14 secs
14:53:46 INFO  Executed sudo&lt;tedge_connect_c8y_test&gt;, exit status 0
14:53:47 INFO  Executed systemctl&lt;serv_mosq2&gt;, exit status 0
14:53:47 INFO  Executed systemctl&lt;serv_mapper3&gt;, exit status 0
14:53:49 INFO  State of current operation: PENDING
14:53:52 INFO  State of current operation: PENDING
14:53:54 INFO  State of current operation: PENDING
14:53:56 INFO  State of current operation: PENDING
14:53:58 INFO  State of current operation: PENDING
14:54:01 INFO  State of current operation: PENDING
14:54:03 INFO  State of current operation: PENDING
14:54:05 INFO  State of current operation: PENDING
14:54:07 INFO  State of current operation: PENDING
14:54:09 INFO  State of current operation: PENDING
14:54:12 INFO  State of current operation: PENDING
14:54:14 INFO  State of current operation: PENDING
14:54:16 INFO  State of current operation: PENDING
14:54:18 INFO  State of current operation: PENDING
14:54:21 INFO  State of current operation: PENDING
14:54:23 INFO  State of current operation: PENDING
14:54:25 INFO  State of current operation: PENDING
14:54:27 INFO  State of current operation: PENDING
14:54:29 INFO  State of current operation: PENDING
14:54:32 INFO  State of current operation: PENDING
14:54:34 INFO  State of current operation: PENDING
14:54:36 INFO  State of current operation: PENDING
14:54:38 INFO  State of current operation: PENDING
14:54:40 INFO  State of current operation: PENDING
14:54:43 INFO  State of current operation: PENDING
14:54:45 INFO  State of current operation: PENDING
14:54:47 INFO  State of current operation: PENDING
14:54:49 INFO  State of current operation: PENDING
14:54:52 INFO  State of current operation: PENDING
14:54:54 INFO  State of current operation: PENDING
14:54:56 INFO  State of current operation: PENDING
14:54:58 INFO  State of current operation: PENDING
14:55:00 INFO  State of current operation: PENDING
14:55:03 INFO  State of current operation: PENDING
14:55:05 INFO  State of current operation: PENDING
14:55:07 INFO  State of current operation: PENDING
14:55:10 INFO  State of current operation: PENDING
14:55:12 INFO  State of current operation: PENDING
14:55:14 INFO  State of current operation: PENDING
14:55:16 INFO  State of current operation: PENDING
14:55:18 INFO  State of current operation: PENDING
14:55:21 INFO  State of current operation: PENDING
14:55:23 INFO  State of current operation: PENDING
14:55:25 INFO  State of current operation: PENDING
14:55:27 INFO  State of current operation: PENDING
14:55:30 INFO  State of current operation: PENDING
14:55:32 INFO  State of current operation: PENDING
14:55:34 INFO  State of current operation: PENDING
14:55:36 INFO  State of current operation: PENDING
14:55:38 INFO  State of current operation: PENDING
14:55:41 INFO  State of current operation: PENDING
14:55:43 INFO  State of current operation: PENDING
14:55:45 INFO  State of current operation: PENDING
14:55:47 INFO  State of current operation: PENDING
14:55:50 INFO  State of current operation: PENDING
14:55:52 INFO  State of current operation: PENDING
14:55:54 INFO  State of current operation: PENDING
14:55:56 INFO  State of current operation: PENDING
14:55:58 INFO  State of current operation: PENDING
14:56:01 INFO  State of current operation: PENDING
14:56:03 INFO  State of current operation: PENDING
14:56:05 WARN  SystemError occurred while running test - Timeout while waiting for status FAILED or SUCCESSFUL
Traceback (most recent call last):
  File &quot;/home/pi/env-pysys/lib/python3.7/site-packages/pysys/baserunner.py&quot;, line 1292, in __call__
    self.testObj.setup()
  File &quot;/home/pi/actions-runner/_work/thin-edge.io/thin-edge.io/tests/PySys/software_management_end_to_end/sm_apt_install_remove_multiple_mixed/run.py&quot;, line 73, in setup
    super().setup()
  File &quot;/home/pi/actions-runner/_work/thin-edge.io/thin-edge.io/tests/PySys/software_management_end_to_end/environment_sm_management.py&quot;, line 151, in setup
    self.wait_until_end()
  File &quot;/home/pi/actions-runner/_work/thin-edge.io/thin-edge.io/tests/PySys/software_management_end_to_end/environment_sm_management.py&quot;, line 332, in wait_until_end
    self.wait_until_status(&quot;FAILED&quot;, &quot;SUCCESSFUL&quot;)
  File &quot;/home/pi/actions-runner/_work/thin-edge.io/thin-edge.io/tests/PySys/software_management_end_to_end/environment_sm_management.py&quot;, line 381, in wait_until_status
    &quot;Timeout while waiting for status %s or %s&quot; % (status, status2)
SystemError: Timeout while waiting for status FAILED or SUCCESSFUL
14:56:05 WARN  SystemError: Timeout while waiting for status FAILED or SUCCESSFUL ... blocked 
14:56:05 INFO  
14:56:05 INFO  cleanup:
14:56:09 INFO  Executed sudo&lt;tedge_disconnect_c8y&gt;, exit status 0
14:56:10 INFO  Executed systemctl&lt;serv_mapper5&gt;, exit status 3
14:56:10 INFO  
14:56:10 INFO  Test duration: 164.94 secs
14:56:10 INFO  Test final outcome:  BLOCKED
14:56:10 INFO  Test outcome reason: SystemError: Timeout while waiting for status FAILED or SUCCESSFUL
14:56:10 INFO  
</system-out>
	</testcase>
</testsuite>
