<?xml version="1.0" encoding="utf-8"?>
<testsuite failures="1" name="SoftwareManagement.sm_apt_install_remove_multiple" skipped="0" tests="1" time="135.42" timestamp="2022-05-13T12:10:50">
	<testcase classname="PySysTest" name="SoftwareManagement.sm_apt_install_remove_multiple">
		<failure message="FAILED: Assert that (False == value) with value=True (+2 other failures)" type="FAILED"/>
		<system-out>12:08:35 INFO  ==============================================================
12:08:35 INFO  Id:    SoftwareManagement.sm_apt_install_remove_multiple
12:08:35 INFO  Dir:   software_management_end_to_end/
12:08:35 INFO  Title: Validate end to end behaviour for the apt plugin for multiple packages
12:08:35 INFO  ==============================================================
12:08:35 INFO  Using sw id database: {'asciijump': '5475369', 'robotfindskitten': '5474869', 'squirrel3': '5475279', 'rolldice': '5152439', 'moon-buggy': '5439204', 'apple': '5495053', 'banana': '5494888', 'cherry': '5495382', 'watermelon': '5494510', 'registry': '8018911', 'hello-world': '8021526', 'docker/getting-started': '8021973', 'alpine': '7991792'}
12:08:35 INFO  EnvironmentC8y Setup
12:08:36 INFO  Executed systemctl&lt;serv_mapper1&gt;, exit status 3
12:08:36 INFO  Restarting mosquitto too frequently in the last 10 seconds. It was only up for 5 seconds
12:08:36 INFO  Delaying execution by 6 seconds
12:08:56 INFO  Executed sudo&lt;tedge_connect_c8y&gt;, exit status 0, duration 13 secs
12:08:56 INFO  Executed sudo&lt;tedge_connect_c8y_test&gt;, exit status 0
12:08:57 INFO  Executed systemctl&lt;serv_mosq2&gt;, exit status 0
12:08:57 INFO  Executed systemctl&lt;serv_mapper3&gt;, exit status 0
12:08:59 INFO  State of current operation: SUCCESSFUL
12:09:00 INFO  Assert that (False == value) with value=False ... passed
12:09:00 INFO  Package asciijump is installed
12:09:00 WARN  Assert that (False == value) with value=True ... failed 
12:09:00 INFO  Package squirrel3 is installed
12:09:00 WARN  Assert that (False == value) with value=True ... failed 
12:09:01 INFO  Package robotfindskitten is installed
12:09:01 WARN  Assert that (False == value) with value=True ... failed 
12:09:01 INFO  Response status: 201
12:09:01 INFO  Response to action: {
    &quot;delivery&quot;: {
        &quot;time&quot;: &quot;2022-05-13T12:09:01.398Z&quot;,
        &quot;log&quot;: [],
        &quot;status&quot;: &quot;PENDING&quot;
    },
    &quot;creationTime&quot;: &quot;2022-05-13T12:09:01.378Z&quot;,
    &quot;deviceId&quot;: &quot;19009794&quot;,
    &quot;deviceName&quot;: &quot;m32sd10c&quot;,
    &quot;self&quot;: &quot;https://t493319102.eu-latest.cumulocity.com/devicecontrol/operations/19028842&quot;,
    &quot;id&quot;: &quot;19028842&quot;,
    &quot;status&quot;: &quot;PENDING&quot;,
    &quot;description&quot;: &quot;Apply software changes, triggered from PySys: [{'action': 'install', 'id': '5475369', 'name': 'asciijump', 'url': ' ', 'version': '::apt'}, {'action': 'install', 'id': '5474869', 'name': 'robotfindskitten', 'url': ' ', 'version': '::apt'}, {'action': 'install', 'id': '5475279', 'name': 'squirrel3', 'url': ' ', 'version': '::apt'}]&quot;,
    &quot;c8y_SoftwareUpdate&quot;: [
        {
            &quot;name&quot;: &quot;asciijump&quot;,
            &quot;action&quot;: &quot;install&quot;,
            &quot;id&quot;: &quot;5475369&quot;,
            &quot;version&quot;: &quot;::apt&quot;,
            &quot;url&quot;: &quot; &quot;
        },
        {
            &quot;name&quot;: &quot;robotfindskitten&quot;,
            &quot;action&quot;: &quot;install&quot;,
            &quot;id&quot;: &quot;5474869&quot;,
            &quot;version&quot;: &quot;::apt&quot;,
            &quot;url&quot;: &quot; &quot;
        },
        {
            &quot;name&quot;: &quot;squirrel3&quot;,
            &quot;action&quot;: &quot;install&quot;,
            &quot;id&quot;: &quot;5475279&quot;,
            &quot;version&quot;: &quot;::apt&quot;,
            &quot;url&quot;: &quot; &quot;
        }
    ]
}
12:09:01 INFO  Started operation: {'delivery': {'time': '2022-05-13T12:09:01.398Z', 'log': [], 'status': 'PENDING'}, 'creationTime': '2022-05-13T12:09:01.378Z', 'deviceId': '19009794', 'deviceName': 'm32sd10c', 'self': 'https://t493319102.eu-latest.cumulocity.com/devicecontrol/operations/19028842', 'id': '19028842', 'status': 'PENDING', 'description': &quot;Apply software changes, triggered from PySys: [{'action': 'install', 'id': '5475369', 'name': 'asciijump', 'url': ' ', 'version': '::apt'}, {'action': 'install', 'id': '5474869', 'name': 'robotfindskitten', 'url': ' ', 'version': '::apt'}, {'action': 'install', 'id': '5475279', 'name': 'squirrel3', 'url': ' ', 'version': '::apt'}]&quot;, 'c8y_SoftwareUpdate': [{'name': 'asciijump', 'action': 'install', 'id': '5475369', 'version': '::apt', 'url': ' '}, {'name': 'robotfindskitten', 'action': 'install', 'id': '5474869', 'version': '::apt', 'url': ' '}, {'name': 'squirrel3', 'action': 'install', 'id': '5475279', 'version': '::apt', 'url': ' '}]}
12:09:03 INFO  State of operation 19028842 : PENDING
12:09:05 INFO  State of operation 19028842 : EXECUTING
12:09:08 INFO  State of operation 19028842 : EXECUTING
12:09:10 INFO  State of operation 19028842 : EXECUTING
12:09:12 INFO  State of operation 19028842 : EXECUTING
12:09:14 INFO  State of operation 19028842 : EXECUTING
12:09:17 INFO  State of operation 19028842 : EXECUTING
12:09:20 INFO  State of operation 19028842 : EXECUTING
12:09:22 INFO  State of operation 19028842 : EXECUTING
12:09:25 INFO  State of operation 19028842 : EXECUTING
12:09:27 INFO  State of operation 19028842 : EXECUTING
12:09:29 INFO  State of operation 19028842 : EXECUTING
12:09:31 INFO  State of operation 19028842 : EXECUTING
12:09:33 INFO  State of operation 19028842 : EXECUTING
12:09:36 INFO  State of operation 19028842 : EXECUTING
12:09:38 INFO  State of operation 19028842 : SUCCESSFUL
12:09:38 INFO  Assert that (False == value) with value=False ... passed
12:09:38 INFO  Package asciijump is installed
12:09:38 INFO  Assert that (True == value) with value=True ... passed
12:09:39 INFO  Package squirrel3 is installed
12:09:39 INFO  Assert that (True == value) with value=True ... passed
12:09:39 INFO  Package robotfindskitten is installed
12:09:39 INFO  Assert that (True == value) with value=True ... passed
12:09:39 INFO  Response status: 201
12:09:39 INFO  Response to action: {
    &quot;delivery&quot;: {
        &quot;time&quot;: &quot;2022-05-13T12:09:39.452Z&quot;,
        &quot;log&quot;: [],
        &quot;status&quot;: &quot;PENDING&quot;
    },
    &quot;creationTime&quot;: &quot;2022-05-13T12:09:39.437Z&quot;,
    &quot;deviceId&quot;: &quot;19009794&quot;,
    &quot;deviceName&quot;: &quot;m32sd10c&quot;,
    &quot;self&quot;: &quot;https://t493319102.eu-latest.cumulocity.com/devicecontrol/operations/19028855&quot;,
    &quot;id&quot;: &quot;19028855&quot;,
    &quot;status&quot;: &quot;PENDING&quot;,
    &quot;description&quot;: &quot;Apply software changes, triggered from PySys: [{'action': 'delete', 'id': '5475369', 'name': 'asciijump', 'url': ' ', 'version': '::apt'}, {'action': 'delete', 'id': '5474869', 'name': 'robotfindskitten', 'url': ' ', 'version': '::apt'}, {'action': 'delete', 'id': '5475279', 'name': 'squirrel3', 'url': ' ', 'version': '::apt'}]&quot;,
    &quot;c8y_SoftwareUpdate&quot;: [
        {
            &quot;name&quot;: &quot;asciijump&quot;,
            &quot;action&quot;: &quot;delete&quot;,
            &quot;id&quot;: &quot;5475369&quot;,
            &quot;version&quot;: &quot;::apt&quot;,
            &quot;url&quot;: &quot; &quot;
        },
        {
            &quot;name&quot;: &quot;robotfindskitten&quot;,
            &quot;action&quot;: &quot;delete&quot;,
            &quot;id&quot;: &quot;5474869&quot;,
            &quot;version&quot;: &quot;::apt&quot;,
            &quot;url&quot;: &quot; &quot;
        },
        {
            &quot;name&quot;: &quot;squirrel3&quot;,
            &quot;action&quot;: &quot;delete&quot;,
            &quot;id&quot;: &quot;5475279&quot;,
            &quot;version&quot;: &quot;::apt&quot;,
            &quot;url&quot;: &quot; &quot;
        }
    ]
}
12:09:39 INFO  Started operation: {'delivery': {'time': '2022-05-13T12:09:39.452Z', 'log': [], 'status': 'PENDING'}, 'creationTime': '2022-05-13T12:09:39.437Z', 'deviceId': '19009794', 'deviceName': 'm32sd10c', 'self': 'https://t493319102.eu-latest.cumulocity.com/devicecontrol/operations/19028855', 'id': '19028855', 'status': 'PENDING', 'description': &quot;Apply software changes, triggered from PySys: [{'action': 'delete', 'id': '5475369', 'name': 'asciijump', 'url': ' ', 'version': '::apt'}, {'action': 'delete', 'id': '5474869', 'name': 'robotfindskitten', 'url': ' ', 'version': '::apt'}, {'action': 'delete', 'id': '5475279', 'name': 'squirrel3', 'url': ' ', 'version': '::apt'}]&quot;, 'c8y_SoftwareUpdate': [{'name': 'asciijump', 'action': 'delete', 'id': '5475369', 'version': '::apt', 'url': ' '}, {'name': 'robotfindskitten', 'action': 'delete', 'id': '5474869', 'version': '::apt', 'url': ' '}, {'name': 'squirrel3', 'action': 'delete', 'id': '5475279', 'version': '::apt', 'url': ' '}]}
12:09:41 INFO  State of operation 19028855 : PENDING
12:09:43 INFO  State of operation 19028855 : EXECUTING
12:09:46 INFO  State of operation 19028855 : EXECUTING
12:09:48 INFO  State of operation 19028855 : EXECUTING
12:09:50 INFO  State of operation 19028855 : EXECUTING
12:09:52 INFO  State of operation 19028855 : EXECUTING
12:09:55 INFO  State of operation 19028855 : EXECUTING
12:09:58 INFO  State of operation 19028855 : EXECUTING
12:10:01 INFO  State of operation 19028855 : EXECUTING
12:10:03 INFO  State of operation 19028855 : EXECUTING
12:10:05 INFO  State of operation 19028855 : EXECUTING
12:10:08 INFO  State of operation 19028855 : EXECUTING
12:10:10 INFO  State of operation 19028855 : EXECUTING
12:10:12 INFO  State of operation 19028855 : EXECUTING
12:10:14 INFO  State of operation 19028855 : EXECUTING
12:10:17 INFO  State of operation 19028855 : EXECUTING
12:10:19 INFO  State of operation 19028855 : EXECUTING
12:10:22 INFO  State of operation 19028855 : EXECUTING
12:10:24 INFO  State of operation 19028855 : EXECUTING
12:10:26 INFO  State of operation 19028855 : EXECUTING
12:10:28 INFO  State of operation 19028855 : EXECUTING
12:10:31 INFO  State of operation 19028855 : EXECUTING
12:10:33 INFO  State of operation 19028855 : EXECUTING
12:10:35 INFO  State of operation 19028855 : EXECUTING
12:10:38 INFO  State of operation 19028855 : EXECUTING
12:10:40 INFO  State of operation 19028855 : EXECUTING
12:10:43 INFO  State of operation 19028855 : EXECUTING
12:10:45 INFO  State of operation 19028855 : SUCCESSFUL
12:10:45 INFO  Assert that (False == value) with value=False ... passed
12:10:45 INFO  Assert that (False == value) with value=False ... passed
12:10:45 INFO  Assert that (False == value) with value=False ... passed
12:10:46 INFO  Assert that (False == value) with value=False ... passed
12:10:46 INFO  
12:10:46 INFO  cleanup:
12:10:50 INFO  Executed sudo&lt;tedge_disconnect_c8y&gt;, exit status 0
12:10:50 INFO  Executed systemctl&lt;serv_mapper5&gt;, exit status 3
12:10:50 INFO  
12:10:50 INFO  Test duration: 135.42 secs
12:10:50 INFO  Test final outcome:  FAILED
12:10:50 INFO  Test outcome reason: Assert that (False == value) with value=True (+2 other failures)
12:10:50 INFO  
</system-out>
	</testcase>
</testsuite>
