<?xml version="1.0" encoding="utf-8"?>
<testsuite failures="1" name="SoftwareManagement.Plugin.apama_plugin_mon_support" skipped="0" tests="1" time="601.26" timestamp="2022-04-21T14:40:51">
	<testcase classname="ApamaPluginMonSupportTest" name="SoftwareManagement.Plugin.apama_plugin_mon_support">
		<failure message="BLOCKED: ProcessError: Error stopping process sudo&lt;unzip_apama_project&gt; (pid 23478) due to PermissionError: [Errno 1] Operation not permitted (+3 other failures)" type="BLOCKED"/>
		<system-out>14:30:50 INFO  ==============================================================
14:30:50 INFO  Id:    SoftwareManagement.Plugin.apama_plugin_mon_support
14:30:50 INFO  Dir:   plugin_apama/
14:30:50 INFO  Title: Validate mon file support of apama plugin
14:30:50 INFO  ==============================================================
14:30:50 WARN  Assertion that path exists=False for &quot;/etc/tedge/apama/project&quot; ... failed 
14:30:51 INFO  Executed sudo&lt;create_project_dir&gt;, exit status 0
14:40:51 WARN  Process sudo&lt;unzip_apama_project&gt; (pid 23478) timed out after 600 seconds, stopping process
14:40:51 WARN  ProcessError occurred while running test - Error stopping process sudo&lt;unzip_apama_project&gt; (pid 23478) due to PermissionError: [Errno 1] Operation not permitted
Traceback (most recent call last):
  File &quot;/home/pi/env-pysys/lib/python3.7/site-packages/pysys/process/user.py&quot;, line 465, in startProcess
    process.start()
  File &quot;/home/pi/env-pysys/lib/python3.7/site-packages/pysys/process/__init__.py&quot;, line 282, in start
    self.wait(self.timeout)
  File &quot;/home/pi/env-pysys/lib/python3.7/site-packages/pysys/process/__init__.py&quot;, line 263, in wait
    raise ProcessTimeout('Waiting for completion of %r timed out after %d seconds'%(self, int(timeout)))
pysys.exceptions.ProcessTimeout: Waiting for completion of sudo&lt;unzip_apama_project&gt; (pid 23478) timed out after 600 seconds

During handling of the above exception, another exception occurred:

Traceback (most recent call last):
  File &quot;/home/pi/env-pysys/lib/python3.7/site-packages/pysys/process/plat-unix/helper.py&quot;, line 226, in stop
    os.kill(self.pid, sig)
PermissionError: [Errno 1] Operation not permitted

During handling of the above exception, another exception occurred:

Traceback (most recent call last):
  File &quot;/home/pi/env-pysys/lib/python3.7/site-packages/pysys/baserunner.py&quot;, line 1292, in __call__
    self.testObj.setup()
  File &quot;/home/pi/actions-runner/_work/thin-edge.io/thin-edge.io/tests/PySys/plugin_apama/apama_plugin_mon_support/run.py&quot;, line 19, in setup
    self.install_project(self.project.apama_input_dir + &quot;/quickstart.zip&quot;)
  File &quot;/home/pi/actions-runner/_work/thin-edge.io/thin-edge.io/tests/PySys/plugin_apama/environment_apama_plugin.py&quot;, line 72, in install_project
    stdouterr=&quot;unzip_apama_project&quot;,
  File &quot;/home/pi/env-pysys/lib/python3.7/site-packages/pysys/process/user.py&quot;, line 493, in startProcess
    process.stop()
  File &quot;/home/pi/env-pysys/lib/python3.7/site-packages/pysys/process/plat-unix/helper.py&quot;, line 252, in stop
    raise ProcessError(&quot;Error stopping process %r due to %s: %s&quot;%(self, type(ex).__name__, ex))
pysys.exceptions.ProcessError: Error stopping process sudo&lt;unzip_apama_project&gt; (pid 23478) due to PermissionError: [Errno 1] Operation not permitted
14:40:51 WARN  ProcessError: Error stopping process sudo&lt;unzip_apama_project&gt; (pid 23478) due to PermissionError: [Errno 1] Operation not permitted ... blocked 
14:40:51 INFO  
14:40:51 INFO  cleanup:
14:40:51 INFO  Removing apama project
14:40:51 WARN  Executed sudo&lt;remove_apama_project&gt;, exit status 1
14:40:51 INFO  Contents of remove_apama_project.err: 
  rm: cannot remove '/etc/tedge/apama/project/logs/.nfs00000000000212eb00000bda': Device or resource busy
  -----

14:40:51 ERROR Error while running cleanup function: 
Traceback (most recent call last):
  File &quot;/home/pi/env-pysys/lib/python3.7/site-packages/pysys/process/user.py&quot;, line 1305, in cleanup
    fn()
  File &quot;/home/pi/actions-runner/_work/thin-edge.io/thin-edge.io/tests/PySys/plugin_apama/environment_apama_plugin.py&quot;, line 144, in cleanup_project
    self.remove_project()
  File &quot;/home/pi/actions-runner/_work/thin-edge.io/thin-edge.io/tests/PySys/plugin_apama/environment_apama_plugin.py&quot;, line 95, in remove_project
    stdouterr=&quot;remove_apama_project&quot;,
  File &quot;/home/pi/env-pysys/lib/python3.7/site-packages/pysys/process/user.py&quot;, line 482, in startProcess
    abortOnError=abortOnError)
  File &quot;/home/pi/env-pysys/lib/python3.7/site-packages/pysys/process/user.py&quot;, line 1401, in addOutcome
    self.abort(outcome, outcomeReason, callRecord)
  File &quot;/home/pi/env-pysys/lib/python3.7/site-packages/pysys/process/user.py&quot;, line 1420, in abort
    raise AbortExecution(outcome, outcomeReason, callRecord)
pysys.exceptions.AbortExecution: sudo&lt;remove_apama_project&gt; returned non-zero exit code 1
14:40:51 WARN  Cleanup failed with 1 errors: Cleanup function failed: sudo&lt;remove_apama_project&gt; returned non-zero exit code 1 (AbortExecution) ... blocked 
14:40:51 INFO  
14:40:51 INFO  Test duration: 601.26 secs
14:40:51 INFO  Test final outcome:  BLOCKED
14:40:51 INFO  Test outcome reason: ProcessError: Error stopping process sudo&lt;unzip_apama_project&gt; (pid 23478) due to PermissionError: [Errno 1] Operation not permitted (+3 other failures)
14:40:51 INFO  
</system-out>
	</testcase>
</testsuite>
