<?xml version="1.0" encoding="utf-8"?>
<testsuite failures="1" name="SoftwareManagement.sm_apt_install_remove_multiple" skipped="0" tests="1" time="164.69" timestamp="2022-04-27T14:29:30">
	<testcase classname="PySysTest" name="SoftwareManagement.sm_apt_install_remove_multiple">
		<failure message="BLOCKED: SystemError: Timeout while waiting for status FAILED or SUCCESSFUL" type="BLOCKED"/>
		<system-out>14:26:45 INFO  ==============================================================
14:26:45 INFO  Id:    SoftwareManagement.sm_apt_install_remove_multiple
14:26:45 INFO  Dir:   software_management_end_to_end/
14:26:45 INFO  Title: Validate end to end behaviour for the apt plugin for multiple packages
14:26:45 INFO  ==============================================================
14:26:45 INFO  Using sw id database: {'asciijump': '5475369', 'robotfindskitten': '5474869', 'squirrel3': '5475279', 'rolldice': '5152439', 'moon-buggy': '5439204', 'apple': '5495053', 'banana': '5494888', 'cherry': '5495382', 'watermelon': '5494510', 'registry': '8018911', 'hello-world': '8021526', 'docker/getting-started': '8021973', 'alpine': '7991792'}
14:26:45 INFO  EnvironmentC8y Setup
14:26:46 INFO  Executed systemctl&lt;serv_mapper1&gt;, exit status 3
14:26:46 INFO  Restarting mosquitto too frequently in the last 10 seconds. It was only up for 5 seconds
14:26:46 INFO  Delaying execution by 6 seconds
14:27:06 INFO  Executed sudo&lt;tedge_connect_c8y&gt;, exit status 0, duration 13 secs
14:27:06 INFO  Executed sudo&lt;tedge_connect_c8y_test&gt;, exit status 0
14:27:07 INFO  Executed systemctl&lt;serv_mosq2&gt;, exit status 0
14:27:07 INFO  Executed systemctl&lt;serv_mapper3&gt;, exit status 0
14:27:10 INFO  State of current operation: PENDING
14:27:12 INFO  State of current operation: PENDING
14:27:14 INFO  State of current operation: PENDING
14:27:16 INFO  State of current operation: PENDING
14:27:18 INFO  State of current operation: PENDING
14:27:21 INFO  State of current operation: PENDING
14:27:23 INFO  State of current operation: PENDING
14:27:25 INFO  State of current operation: PENDING
14:27:27 INFO  State of current operation: PENDING
14:27:30 INFO  State of current operation: PENDING
14:27:32 INFO  State of current operation: PENDING
14:27:34 INFO  State of current operation: PENDING
14:27:36 INFO  State of current operation: PENDING
14:27:38 INFO  State of current operation: PENDING
14:27:41 INFO  State of current operation: PENDING
14:27:43 INFO  State of current operation: PENDING
14:27:45 INFO  State of current operation: PENDING
14:27:47 INFO  State of current operation: PENDING
14:27:50 INFO  State of current operation: PENDING
14:27:52 INFO  State of current operation: PENDING
14:27:54 INFO  State of current operation: PENDING
14:27:56 INFO  State of current operation: PENDING
14:27:58 INFO  State of current operation: PENDING
14:28:01 INFO  State of current operation: PENDING
14:28:03 INFO  State of current operation: PENDING
14:28:05 INFO  State of current operation: PENDING
14:28:07 INFO  State of current operation: PENDING
14:28:09 INFO  State of current operation: PENDING
14:28:12 INFO  State of current operation: PENDING
14:28:14 INFO  State of current operation: PENDING
14:28:16 INFO  State of current operation: PENDING
14:28:18 INFO  State of current operation: PENDING
14:28:21 INFO  State of current operation: PENDING
14:28:23 INFO  State of current operation: PENDING
14:28:25 INFO  State of current operation: PENDING
14:28:27 INFO  State of current operation: PENDING
14:28:30 INFO  State of current operation: PENDING
14:28:32 INFO  State of current operation: PENDING
14:28:34 INFO  State of current operation: PENDING
14:28:36 INFO  State of current operation: PENDING
14:28:38 INFO  State of current operation: PENDING
14:28:41 INFO  State of current operation: PENDING
14:28:43 INFO  State of current operation: PENDING
14:28:45 INFO  State of current operation: PENDING
14:28:47 INFO  State of current operation: PENDING
14:28:50 INFO  State of current operation: PENDING
14:28:52 INFO  State of current operation: PENDING
14:28:54 INFO  State of current operation: PENDING
14:28:56 INFO  State of current operation: PENDING
14:28:58 INFO  State of current operation: PENDING
14:29:01 INFO  State of current operation: PENDING
14:29:03 INFO  State of current operation: PENDING
14:29:05 INFO  State of current operation: PENDING
14:29:07 INFO  State of current operation: PENDING
14:29:10 INFO  State of current operation: PENDING
14:29:12 INFO  State of current operation: PENDING
14:29:14 INFO  State of current operation: PENDING
14:29:16 INFO  State of current operation: PENDING
14:29:18 INFO  State of current operation: PENDING
14:29:21 INFO  State of current operation: PENDING
14:29:23 INFO  State of current operation: PENDING
14:29:25 WARN  SystemError occurred while running test - Timeout while waiting for status FAILED or SUCCESSFUL
Traceback (most recent call last):
  File &quot;/home/pi/env-pysys/lib/python3.7/site-packages/pysys/baserunner.py&quot;, line 1292, in __call__
    self.testObj.setup()
  File &quot;/home/pi/actions-runner/_work/thin-edge.io/thin-edge.io/tests/PySys/software_management_end_to_end/sm_apt_install_remove_multiple/run.py&quot;, line 52, in setup
    super().setup()
  File &quot;/home/pi/actions-runner/_work/thin-edge.io/thin-edge.io/tests/PySys/software_management_end_to_end/environment_sm_management.py&quot;, line 151, in setup
    self.wait_until_end()
  File &quot;/home/pi/actions-runner/_work/thin-edge.io/thin-edge.io/tests/PySys/software_management_end_to_end/environment_sm_management.py&quot;, line 332, in wait_until_end
    self.wait_until_status(&quot;FAILED&quot;, &quot;SUCCESSFUL&quot;)
  File &quot;/home/pi/actions-runner/_work/thin-edge.io/thin-edge.io/tests/PySys/software_management_end_to_end/environment_sm_management.py&quot;, line 381, in wait_until_status
    &quot;Timeout while waiting for status %s or %s&quot; % (status, status2)
SystemError: Timeout while waiting for status FAILED or SUCCESSFUL
14:29:25 WARN  SystemError: Timeout while waiting for status FAILED or SUCCESSFUL ... blocked 
14:29:25 INFO  
14:29:25 INFO  cleanup:
14:29:29 INFO  Executed sudo&lt;tedge_disconnect_c8y&gt;, exit status 0
14:29:30 INFO  Executed systemctl&lt;serv_mapper5&gt;, exit status 3
14:29:30 INFO  
14:29:30 INFO  Test duration: 164.69 secs
14:29:30 INFO  Test final outcome:  BLOCKED
14:29:30 INFO  Test outcome reason: SystemError: Timeout while waiting for status FAILED or SUCCESSFUL
14:29:30 INFO  
</system-out>
	</testcase>
</testsuite>
