<?xml version="1.0" encoding="utf-8"?>
<testsuite failures="1" name="SoftwareManagement.sm_fake_install_remove" skipped="0" tests="1" time="164.39" timestamp="2022-04-27T19:02:59">
	<testcase classname="PySysTest" name="SoftwareManagement.sm_fake_install_remove">
		<failure message="BLOCKED: SystemError: Timeout while waiting for status FAILED or SUCCESSFUL" type="BLOCKED"/>
		<system-out>19:00:15 INFO  ==============================================================
19:00:15 INFO  Id:    SoftwareManagement.sm_fake_install_remove
19:00:15 INFO  Dir:   software_management_end_to_end/
19:00:15 INFO  Title: Validate end to end behaviour for the dummy plugin for installation and removal of packages
19:00:15 INFO  ==============================================================
19:00:15 INFO  Using sw id database: {'asciijump': '5475369', 'robotfindskitten': '5474869', 'squirrel3': '5475279', 'rolldice': '5152439', 'moon-buggy': '5439204', 'apple': '5495053', 'banana': '5494888', 'cherry': '5495382', 'watermelon': '5494510', 'registry': '8018911', 'hello-world': '8021526', 'docker/getting-started': '8021973', 'alpine': '7991792'}
19:00:15 INFO  EnvironmentC8y Setup
19:00:15 INFO  Executed systemctl&lt;serv_mapper1&gt;, exit status 3
19:00:16 INFO  Restarting mosquitto too frequently in the last 10 seconds. It was only up for 5 seconds
19:00:16 INFO  Delaying execution by 6 seconds
19:00:35 INFO  Executed sudo&lt;tedge_connect_c8y&gt;, exit status 0, duration 13 secs
19:00:36 INFO  Executed sudo&lt;tedge_connect_c8y_test&gt;, exit status 0
19:00:37 INFO  Executed systemctl&lt;serv_mosq2&gt;, exit status 0
19:00:37 INFO  Executed systemctl&lt;serv_mapper3&gt;, exit status 0
19:00:39 INFO  State of current operation: PENDING
19:00:42 INFO  State of current operation: PENDING
19:00:44 INFO  State of current operation: PENDING
19:00:46 INFO  State of current operation: PENDING
19:00:48 INFO  State of current operation: PENDING
19:00:50 INFO  State of current operation: PENDING
19:00:53 INFO  State of current operation: PENDING
19:00:55 INFO  State of current operation: PENDING
19:00:57 INFO  State of current operation: PENDING
19:00:59 INFO  State of current operation: PENDING
19:01:02 INFO  State of current operation: PENDING
19:01:04 INFO  State of current operation: PENDING
19:01:06 INFO  State of current operation: PENDING
19:01:08 INFO  State of current operation: PENDING
19:01:10 INFO  State of current operation: PENDING
19:01:13 INFO  State of current operation: PENDING
19:01:15 INFO  State of current operation: PENDING
19:01:17 INFO  State of current operation: PENDING
19:01:19 INFO  State of current operation: PENDING
19:01:22 INFO  State of current operation: PENDING
19:01:24 INFO  State of current operation: PENDING
19:01:26 INFO  State of current operation: PENDING
19:01:28 INFO  State of current operation: PENDING
19:01:30 INFO  State of current operation: PENDING
19:01:33 INFO  State of current operation: PENDING
19:01:35 INFO  State of current operation: PENDING
19:01:37 INFO  State of current operation: PENDING
19:01:39 INFO  State of current operation: PENDING
19:01:42 INFO  State of current operation: PENDING
19:01:44 INFO  State of current operation: PENDING
19:01:46 INFO  State of current operation: PENDING
19:01:48 INFO  State of current operation: PENDING
19:01:50 INFO  State of current operation: PENDING
19:01:53 INFO  State of current operation: PENDING
19:01:55 INFO  State of current operation: PENDING
19:01:57 INFO  State of current operation: PENDING
19:01:59 INFO  State of current operation: PENDING
19:02:02 INFO  State of current operation: PENDING
19:02:04 INFO  State of current operation: PENDING
19:02:06 INFO  State of current operation: PENDING
19:02:08 INFO  State of current operation: PENDING
19:02:10 INFO  State of current operation: PENDING
19:02:13 INFO  State of current operation: PENDING
19:02:15 INFO  State of current operation: PENDING
19:02:17 INFO  State of current operation: PENDING
19:02:19 INFO  State of current operation: PENDING
19:02:21 INFO  State of current operation: PENDING
19:02:24 INFO  State of current operation: PENDING
19:02:26 INFO  State of current operation: PENDING
19:02:28 INFO  State of current operation: PENDING
19:02:30 INFO  State of current operation: PENDING
19:02:33 INFO  State of current operation: PENDING
19:02:35 INFO  State of current operation: PENDING
19:02:37 INFO  State of current operation: PENDING
19:02:39 INFO  State of current operation: PENDING
19:02:41 INFO  State of current operation: PENDING
19:02:44 INFO  State of current operation: PENDING
19:02:46 INFO  State of current operation: PENDING
19:02:48 INFO  State of current operation: PENDING
19:02:50 INFO  State of current operation: PENDING
19:02:53 INFO  State of current operation: PENDING
19:02:55 WARN  SystemError occurred while running test - Timeout while waiting for status FAILED or SUCCESSFUL
Traceback (most recent call last):
  File &quot;/home/pi/env-pysys/lib/python3.7/site-packages/pysys/baserunner.py&quot;, line 1292, in __call__
    self.testObj.setup()
  File &quot;/home/pi/actions-runner/_work/thin-edge.io/thin-edge.io/tests/PySys/software_management_end_to_end/sm_fake_install_remove/run.py&quot;, line 38, in setup
    super().setup()
  File &quot;/home/pi/actions-runner/_work/thin-edge.io/thin-edge.io/tests/PySys/software_management_end_to_end/environment_sm_management.py&quot;, line 151, in setup
    self.wait_until_end()
  File &quot;/home/pi/actions-runner/_work/thin-edge.io/thin-edge.io/tests/PySys/software_management_end_to_end/environment_sm_management.py&quot;, line 332, in wait_until_end
    self.wait_until_status(&quot;FAILED&quot;, &quot;SUCCESSFUL&quot;)
  File &quot;/home/pi/actions-runner/_work/thin-edge.io/thin-edge.io/tests/PySys/software_management_end_to_end/environment_sm_management.py&quot;, line 381, in wait_until_status
    &quot;Timeout while waiting for status %s or %s&quot; % (status, status2)
SystemError: Timeout while waiting for status FAILED or SUCCESSFUL
19:02:55 WARN  SystemError: Timeout while waiting for status FAILED or SUCCESSFUL ... blocked 
19:02:55 INFO  
19:02:55 INFO  cleanup:
19:02:59 INFO  Executed sudo&lt;tedge_disconnect_c8y&gt;, exit status 0
19:02:59 INFO  Executed systemctl&lt;serv_mapper5&gt;, exit status 3
19:02:59 INFO  
19:02:59 INFO  Test duration: 164.39 secs
19:02:59 INFO  Test final outcome:  BLOCKED
19:02:59 INFO  Test outcome reason: SystemError: Timeout while waiting for status FAILED or SUCCESSFUL
19:02:59 INFO  
</system-out>
	</testcase>
</testsuite>
