<?xml version="1.0" encoding="utf-8"?>
<testsuite failures="1" name="SoftwareManagement.sm_docker_install_remove_multiple" skipped="0" tests="1" time="111.81" timestamp="2022-05-13T16:14:26">
	<testcase classname="SMDockerInstallRemove" name="SoftwareManagement.sm_docker_install_remove_multiple">
		<failure message="BLOCKED: SystemError: The operation has failed" type="BLOCKED"/>
		<system-out>16:12:34 INFO  ==============================================================
16:12:34 INFO  Id:    SoftwareManagement.sm_docker_install_remove_multiple
16:12:34 INFO  Dir:   software_management_end_to_end/
16:12:34 INFO  Title: Validate end to end behaviour for the docker plugin for multiple docker images with mixed versions
16:12:34 INFO  ==============================================================
16:12:34 INFO  Using sw id database: {'asciijump': '5475369', 'robotfindskitten': '5474869', 'squirrel3': '5475279', 'rolldice': '5152439', 'moon-buggy': '5439204', 'apple': '5495053', 'banana': '5494888', 'cherry': '5495382', 'watermelon': '5494510', 'registry': '8018911', 'hello-world': '8021526', 'docker/getting-started': '8021973', 'alpine': '7991792'}
16:12:34 INFO  EnvironmentC8y Setup
16:12:34 INFO  Executed systemctl&lt;serv_mapper1&gt;, exit status 3
16:12:35 INFO  Restarting mosquitto too frequently in the last 10 seconds. It was only up for 5 seconds
16:12:35 INFO  Delaying execution by 6 seconds
16:12:54 INFO  Executed sudo&lt;tedge_connect_c8y&gt;, exit status 0, duration 13 secs
16:12:55 INFO  Executed sudo&lt;tedge_connect_c8y_test&gt;, exit status 0
16:12:55 INFO  Executed systemctl&lt;serv_mosq2&gt;, exit status 0
16:12:56 INFO  Executed systemctl&lt;serv_mapper3&gt;, exit status 0
16:12:58 INFO  State of current operation: SUCCESSFUL
16:12:58 INFO  Response status: 201
16:12:58 INFO  Response to action: {
    &quot;creationTime&quot;: &quot;2022-05-13T16:12:58.735Z&quot;,
    &quot;deviceId&quot;: &quot;19040383&quot;,
    &quot;deviceName&quot;: &quot;m32sd10c&quot;,
    &quot;self&quot;: &quot;https://t493319102.eu-latest.cumulocity.com/devicecontrol/operations/19054440&quot;,
    &quot;id&quot;: &quot;19054440&quot;,
    &quot;status&quot;: &quot;PENDING&quot;,
    &quot;description&quot;: &quot;Apply software changes, triggered from PySys: [{'action': 'install', 'id': '8021526', 'name': 'hello-world', 'url': '', 'version': '::docker'}, {'action': 'install', 'id': '8018911', 'name': 'registry', 'url': '', 'version': '2.6.2::docker'}]&quot;,
    &quot;c8y_SoftwareUpdate&quot;: [
        {
            &quot;name&quot;: &quot;hello-world&quot;,
            &quot;action&quot;: &quot;install&quot;,
            &quot;id&quot;: &quot;8021526&quot;,
            &quot;version&quot;: &quot;::docker&quot;,
            &quot;url&quot;: &quot;&quot;
        },
        {
            &quot;name&quot;: &quot;registry&quot;,
            &quot;action&quot;: &quot;install&quot;,
            &quot;id&quot;: &quot;8018911&quot;,
            &quot;version&quot;: &quot;2.6.2::docker&quot;,
            &quot;url&quot;: &quot;&quot;
        }
    ]
}
16:12:58 INFO  Started operation: {'creationTime': '2022-05-13T16:12:58.735Z', 'deviceId': '19040383', 'deviceName': 'm32sd10c', 'self': 'https://t493319102.eu-latest.cumulocity.com/devicecontrol/operations/19054440', 'id': '19054440', 'status': 'PENDING', 'description': &quot;Apply software changes, triggered from PySys: [{'action': 'install', 'id': '8021526', 'name': 'hello-world', 'url': '', 'version': '::docker'}, {'action': 'install', 'id': '8018911', 'name': 'registry', 'url': '', 'version': '2.6.2::docker'}]&quot;, 'c8y_SoftwareUpdate': [{'name': 'hello-world', 'action': 'install', 'id': '8021526', 'version': '::docker', 'url': ''}, {'name': 'registry', 'action': 'install', 'id': '8018911', 'version': '2.6.2::docker', 'url': ''}]}
16:13:01 INFO  State of operation 19054440 : PENDING
16:13:03 INFO  State of operation 19054440 : EXECUTING
16:13:05 INFO  State of operation 19054440 : EXECUTING
16:13:07 INFO  State of operation 19054440 : EXECUTING
16:13:09 INFO  State of operation 19054440 : EXECUTING
16:13:12 INFO  State of operation 19054440 : EXECUTING
16:13:14 INFO  State of operation 19054440 : EXECUTING
16:13:16 INFO  State of operation 19054440 : EXECUTING
16:13:18 INFO  State of operation 19054440 : EXECUTING
16:13:21 INFO  State of operation 19054440 : EXECUTING
16:13:23 INFO  State of operation 19054440 : EXECUTING
16:13:26 INFO  State of operation 19054440 : EXECUTING
16:13:28 INFO  State of operation 19054440 : EXECUTING
16:13:31 INFO  State of operation 19054440 : EXECUTING
16:13:33 INFO  State of operation 19054440 : EXECUTING
16:13:35 INFO  State of operation 19054440 : EXECUTING
16:13:37 INFO  State of operation 19054440 : SUCCESSFUL
16:13:39 INFO  Package hello-world is installed
16:13:39 INFO  Package hello-world is installed
16:13:39 INFO  Assert that (True == value) with value=True ... passed
16:13:39 INFO  Package registry is installed
16:13:39 INFO  Assert that (True == value) with value=True ... passed
16:13:39 INFO  Assert that (False == value) with value=False ... passed
16:13:40 INFO  Response status: 201
16:13:40 INFO  Response to action: {
    &quot;creationTime&quot;: &quot;2022-05-13T16:13:40.035Z&quot;,
    &quot;deviceId&quot;: &quot;19040383&quot;,
    &quot;deviceName&quot;: &quot;m32sd10c&quot;,
    &quot;self&quot;: &quot;https://t493319102.eu-latest.cumulocity.com/devicecontrol/operations/19054450&quot;,
    &quot;id&quot;: &quot;19054450&quot;,
    &quot;status&quot;: &quot;PENDING&quot;,
    &quot;description&quot;: &quot;Apply software changes, triggered from PySys: [{'action': 'install', 'id': '8018911', 'name': 'registry', 'url': '', 'version': '2.7.1::docker'}, {'action': 'install', 'id': '7991792', 'name': 'alpine', 'url': '', 'version': '::docker'}]&quot;,
    &quot;c8y_SoftwareUpdate&quot;: [
        {
            &quot;name&quot;: &quot;registry&quot;,
            &quot;action&quot;: &quot;install&quot;,
            &quot;id&quot;: &quot;8018911&quot;,
            &quot;version&quot;: &quot;2.7.1::docker&quot;,
            &quot;url&quot;: &quot;&quot;
        },
        {
            &quot;name&quot;: &quot;alpine&quot;,
            &quot;action&quot;: &quot;install&quot;,
            &quot;id&quot;: &quot;7991792&quot;,
            &quot;version&quot;: &quot;::docker&quot;,
            &quot;url&quot;: &quot;&quot;
        }
    ]
}
16:13:40 INFO  Started operation: {'creationTime': '2022-05-13T16:13:40.035Z', 'deviceId': '19040383', 'deviceName': 'm32sd10c', 'self': 'https://t493319102.eu-latest.cumulocity.com/devicecontrol/operations/19054450', 'id': '19054450', 'status': 'PENDING', 'description': &quot;Apply software changes, triggered from PySys: [{'action': 'install', 'id': '8018911', 'name': 'registry', 'url': '', 'version': '2.7.1::docker'}, {'action': 'install', 'id': '7991792', 'name': 'alpine', 'url': '', 'version': '::docker'}]&quot;, 'c8y_SoftwareUpdate': [{'name': 'registry', 'action': 'install', 'id': '8018911', 'version': '2.7.1::docker', 'url': ''}, {'name': 'alpine', 'action': 'install', 'id': '7991792', 'version': '::docker', 'url': ''}]}
16:13:42 INFO  State of operation 19054450 : PENDING
16:13:44 INFO  State of operation 19054450 : EXECUTING
16:13:46 INFO  State of operation 19054450 : EXECUTING
16:13:49 INFO  State of operation 19054450 : EXECUTING
16:13:51 INFO  State of operation 19054450 : EXECUTING
16:13:53 INFO  State of operation 19054450 : EXECUTING
16:13:55 INFO  State of operation 19054450 : EXECUTING
16:13:57 INFO  State of operation 19054450 : FAILED
16:13:57 ERROR Stopping as the operation has failed
16:13:57 WARN  SystemError occurred while running test - The operation has failed
Traceback (most recent call last):
  File &quot;/home/pi/env-pysys/lib/python3.7/site-packages/pysys/baserunner.py&quot;, line 1294, in __call__
    self.testObj.execute()
  File &quot;/home/pi/actions-runner/_work/thin-edge.io/thin-edge.io/tests/PySys/software_management_end_to_end/sm_docker_install_remove_multiple/run.py&quot;, line 91, in execute
    self.wait_until_succcess()
  File &quot;/home/pi/actions-runner/_work/thin-edge.io/thin-edge.io/tests/PySys/software_management_end_to_end/environment_sm_management.py&quot;, line 324, in wait_until_succcess
    self.wait_until_status(&quot;SUCCESSFUL&quot;)
  File &quot;/home/pi/actions-runner/_work/thin-edge.io/thin-edge.io/tests/PySys/software_management_end_to_end/environment_sm_management.py&quot;, line 361, in wait_until_status
    raise SystemError(&quot;The operation has failed&quot;)
SystemError: The operation has failed
16:13:57 WARN  SystemError: The operation has failed ... blocked 
16:13:57 INFO  
16:13:57 INFO  cleanup:
16:13:58 INFO  Response status: 201
16:13:58 INFO  Response to action: {
    &quot;creationTime&quot;: &quot;2022-05-13T16:13:58.139Z&quot;,
    &quot;deviceId&quot;: &quot;19040383&quot;,
    &quot;deviceName&quot;: &quot;m32sd10c&quot;,
    &quot;self&quot;: &quot;https://t493319102.eu-latest.cumulocity.com/devicecontrol/operations/19054470&quot;,
    &quot;id&quot;: &quot;19054470&quot;,
    &quot;status&quot;: &quot;PENDING&quot;,
    &quot;description&quot;: &quot;Apply software changes, triggered from PySys: [{'action': 'delete', 'id': '8018911', 'name': 'registry', 'url': '', 'version': '2.7.1::docker'}, {'action': 'delete', 'id': '7991792', 'name': 'alpine', 'url': '', 'version': '::docker'}, {'action': 'delete', 'id': '8021526', 'name': 'hello-world', 'url': '', 'version': '::docker'}]&quot;,
    &quot;c8y_SoftwareUpdate&quot;: [
        {
            &quot;name&quot;: &quot;registry&quot;,
            &quot;action&quot;: &quot;delete&quot;,
            &quot;id&quot;: &quot;8018911&quot;,
            &quot;version&quot;: &quot;2.7.1::docker&quot;,
            &quot;url&quot;: &quot;&quot;
        },
        {
            &quot;name&quot;: &quot;alpine&quot;,
            &quot;action&quot;: &quot;delete&quot;,
            &quot;id&quot;: &quot;7991792&quot;,
            &quot;version&quot;: &quot;::docker&quot;,
            &quot;url&quot;: &quot;&quot;
        },
        {
            &quot;name&quot;: &quot;hello-world&quot;,
            &quot;action&quot;: &quot;delete&quot;,
            &quot;id&quot;: &quot;8021526&quot;,
            &quot;version&quot;: &quot;::docker&quot;,
            &quot;url&quot;: &quot;&quot;
        }
    ]
}
16:13:58 INFO  Started operation: {'creationTime': '2022-05-13T16:13:58.139Z', 'deviceId': '19040383', 'deviceName': 'm32sd10c', 'self': 'https://t493319102.eu-latest.cumulocity.com/devicecontrol/operations/19054470', 'id': '19054470', 'status': 'PENDING', 'description': &quot;Apply software changes, triggered from PySys: [{'action': 'delete', 'id': '8018911', 'name': 'registry', 'url': '', 'version': '2.7.1::docker'}, {'action': 'delete', 'id': '7991792', 'name': 'alpine', 'url': '', 'version': '::docker'}, {'action': 'delete', 'id': '8021526', 'name': 'hello-world', 'url': '', 'version': '::docker'}]&quot;, 'c8y_SoftwareUpdate': [{'name': 'registry', 'action': 'delete', 'id': '8018911', 'version': '2.7.1::docker', 'url': ''}, {'name': 'alpine', 'action': 'delete', 'id': '7991792', 'version': '::docker', 'url': ''}, {'name': 'hello-world', 'action': 'delete', 'id': '8021526', 'version': '::docker', 'url': ''}]}
16:14:00 INFO  State of operation 19054470 : PENDING
16:14:02 INFO  State of operation 19054470 : EXECUTING
16:14:04 INFO  State of operation 19054470 : EXECUTING
16:14:07 INFO  State of operation 19054470 : EXECUTING
16:14:09 INFO  State of operation 19054470 : SUCCESSFUL
16:14:20 INFO  Assert that (False == value) with value=False ... passed
16:14:20 INFO  Assert that (False == value) with value=False ... passed
16:14:21 INFO  Assert that (False == value) with value=False ... passed
16:14:25 INFO  Executed sudo&lt;tedge_disconnect_c8y&gt;, exit status 0
16:14:26 INFO  Executed systemctl&lt;serv_mapper5&gt;, exit status 3
16:14:26 INFO  
16:14:26 INFO  Test duration: 111.81 secs
16:14:26 INFO  Test final outcome:  BLOCKED
16:14:26 INFO  Test outcome reason: SystemError: The operation has failed
16:14:26 INFO  
</system-out>
	</testcase>
</testsuite>
