<?xml version="1.0" encoding="utf-8"?>
<testsuite failures="1" name="SoftwareManagement.sm_mixed_install_remove_multiple" skipped="0" tests="1" time="165.52" timestamp="2022-05-11T11:33:18">
	<testcase classname="PySysTest" name="SoftwareManagement.sm_mixed_install_remove_multiple">
		<failure message="FAILED: Assert that (False == value) with value=True" type="FAILED"/>
		<system-out>11:30:32 INFO  ==============================================================
11:30:32 INFO  Id:    SoftwareManagement.sm_mixed_install_remove_multiple
11:30:32 INFO  Dir:   software_management_end_to_end/
11:30:32 INFO  Title: Validate end to end behaviour for the dummy-plugin for multiple packages with mixed versions
11:30:32 INFO  ==============================================================
11:30:32 INFO  Using sw id database: {'asciijump': '5475369', 'robotfindskitten': '5474869', 'squirrel3': '5475279', 'rolldice': '5152439', 'moon-buggy': '5439204', 'apple': '5495053', 'banana': '5494888', 'cherry': '5495382', 'watermelon': '5494510', 'registry': '8018911', 'hello-world': '8021526', 'docker/getting-started': '8021973', 'alpine': '7991792'}
11:30:32 INFO  EnvironmentC8y Setup
11:30:33 INFO  Executed systemctl&lt;serv_mapper1&gt;, exit status 3
11:30:33 INFO  Restarting mosquitto too frequently in the last 10 seconds. It was only up for 4 seconds
11:30:33 INFO  Delaying execution by 7 seconds
11:30:54 INFO  Executed sudo&lt;tedge_connect_c8y&gt;, exit status 0, duration 13 secs
11:30:55 INFO  Executed sudo&lt;tedge_connect_c8y_test&gt;, exit status 0
11:30:55 INFO  Executed systemctl&lt;serv_mosq2&gt;, exit status 0
11:30:56 INFO  Executed systemctl&lt;serv_mapper3&gt;, exit status 0
11:30:58 INFO  State of current operation: SUCCESSFUL
11:30:58 INFO  Package apple is installed
11:30:58 INFO  Assert that (True == value) with value=True ... passed
11:30:58 INFO  Package banana is installed
11:30:58 INFO  Assert that (True == value) with value=True ... passed
11:30:58 INFO  Package cherry is installed
11:30:58 INFO  Assert that (True == value) with value=True ... passed
11:30:59 INFO  Package asciijump is installed
11:30:59 WARN  Assert that (False == value) with value=True ... failed 
11:30:59 INFO  Assert that (False == value) with value=False ... passed
11:30:59 INFO  Response status: 201
11:30:59 INFO  Response to action: {
    &quot;creationTime&quot;: &quot;2022-05-11T11:30:59.576Z&quot;,
    &quot;deviceName&quot;: &quot;m32sd10c&quot;,
    &quot;deviceId&quot;: &quot;18764682&quot;,
    &quot;self&quot;: &quot;https://t493319102.eu-latest.cumulocity.com/devicecontrol/operations/18811741&quot;,
    &quot;id&quot;: &quot;18811741&quot;,
    &quot;status&quot;: &quot;PENDING&quot;,
    &quot;description&quot;: &quot;Apply software changes, triggered from PySys: [{'action': 'install', 'id': '5495053', 'name': 'apple', 'url': ' ', 'version': '::fruits'}, {'action': 'install', 'id': '5494888', 'name': 'banana', 'url': ' ', 'version': '::fruits'}, {'action': 'install', 'id': '5475369', 'name': 'asciijump', 'url': ' ', 'version': '::apt'}, {'action': 'install', 'id': '5495382', 'name': 'cherry', 'url': ' ', 'version': '::fruits'}, {'action': 'install', 'id': '8018911', 'name': 'registry', 'url': ' ', 'version': '::docker'}]&quot;,
    &quot;c8y_SoftwareUpdate&quot;: [
        {
            &quot;name&quot;: &quot;apple&quot;,
            &quot;action&quot;: &quot;install&quot;,
            &quot;id&quot;: &quot;5495053&quot;,
            &quot;version&quot;: &quot;::fruits&quot;,
            &quot;url&quot;: &quot; &quot;
        },
        {
            &quot;name&quot;: &quot;banana&quot;,
            &quot;action&quot;: &quot;install&quot;,
            &quot;id&quot;: &quot;5494888&quot;,
            &quot;version&quot;: &quot;::fruits&quot;,
            &quot;url&quot;: &quot; &quot;
        },
        {
            &quot;name&quot;: &quot;asciijump&quot;,
            &quot;action&quot;: &quot;install&quot;,
            &quot;id&quot;: &quot;5475369&quot;,
            &quot;version&quot;: &quot;::apt&quot;,
            &quot;url&quot;: &quot; &quot;
        },
        {
            &quot;name&quot;: &quot;cherry&quot;,
            &quot;action&quot;: &quot;install&quot;,
            &quot;id&quot;: &quot;5495382&quot;,
            &quot;version&quot;: &quot;::fruits&quot;,
            &quot;url&quot;: &quot; &quot;
        },
        {
            &quot;name&quot;: &quot;registry&quot;,
            &quot;action&quot;: &quot;install&quot;,
            &quot;id&quot;: &quot;8018911&quot;,
            &quot;version&quot;: &quot;::docker&quot;,
            &quot;url&quot;: &quot; &quot;
        }
    ]
}
11:30:59 INFO  Started operation: {'creationTime': '2022-05-11T11:30:59.576Z', 'deviceName': 'm32sd10c', 'deviceId': '18764682', 'self': 'https://t493319102.eu-latest.cumulocity.com/devicecontrol/operations/18811741', 'id': '18811741', 'status': 'PENDING', 'description': &quot;Apply software changes, triggered from PySys: [{'action': 'install', 'id': '5495053', 'name': 'apple', 'url': ' ', 'version': '::fruits'}, {'action': 'install', 'id': '5494888', 'name': 'banana', 'url': ' ', 'version': '::fruits'}, {'action': 'install', 'id': '5475369', 'name': 'asciijump', 'url': ' ', 'version': '::apt'}, {'action': 'install', 'id': '5495382', 'name': 'cherry', 'url': ' ', 'version': '::fruits'}, {'action': 'install', 'id': '8018911', 'name': 'registry', 'url': ' ', 'version': '::docker'}]&quot;, 'c8y_SoftwareUpdate': [{'name': 'apple', 'action': 'install', 'id': '5495053', 'version': '::fruits', 'url': ' '}, {'name': 'banana', 'action': 'install', 'id': '5494888', 'version': '::fruits', 'url': ' '}, {'name': 'asciijump', 'action': 'install', 'id': '5475369', 'version': '::apt', 'url': ' '}, {'name': 'cherry', 'action': 'install', 'id': '5495382', 'version': '::fruits', 'url': ' '}, {'name': 'registry', 'action': 'install', 'id': '8018911', 'version': '::docker', 'url': ' '}]}
11:31:01 INFO  State of operation 18811741 : PENDING
11:31:04 INFO  State of operation 18811741 : EXECUTING
11:31:06 INFO  State of operation 18811741 : EXECUTING
11:31:08 INFO  State of operation 18811741 : EXECUTING
11:31:10 INFO  State of operation 18811741 : EXECUTING
11:31:12 INFO  State of operation 18811741 : EXECUTING
11:31:15 INFO  State of operation 18811741 : EXECUTING
11:31:18 INFO  State of operation 18811741 : EXECUTING
11:31:20 INFO  State of operation 18811741 : EXECUTING
11:31:23 INFO  State of operation 18811741 : EXECUTING
11:31:25 INFO  State of operation 18811741 : EXECUTING
11:31:27 INFO  State of operation 18811741 : EXECUTING
11:31:30 INFO  State of operation 18811741 : EXECUTING
11:31:32 INFO  State of operation 18811741 : EXECUTING
11:31:34 INFO  State of operation 18811741 : EXECUTING
11:31:36 INFO  State of operation 18811741 : EXECUTING
11:31:38 INFO  State of operation 18811741 : EXECUTING
11:31:41 INFO  State of operation 18811741 : EXECUTING
11:31:43 INFO  State of operation 18811741 : EXECUTING
11:31:45 INFO  State of operation 18811741 : EXECUTING
11:31:47 INFO  State of operation 18811741 : EXECUTING
11:31:50 INFO  State of operation 18811741 : EXECUTING
11:31:52 INFO  State of operation 18811741 : EXECUTING
11:31:54 INFO  State of operation 18811741 : EXECUTING
11:31:56 INFO  State of operation 18811741 : EXECUTING
11:31:59 INFO  State of operation 18811741 : SUCCESSFUL
11:31:59 INFO  Package apple is installed
11:31:59 INFO  Assert that (True == value) with value=True ... passed
11:31:59 INFO  Package banana is installed
11:31:59 INFO  Assert that (True == value) with value=True ... passed
11:31:59 INFO  Package cherry is installed
11:31:59 INFO  Assert that (True == value) with value=True ... passed
11:32:00 INFO  Package asciijump is installed
11:32:00 INFO  Assert that (True == value) with value=True ... passed
11:32:00 INFO  Package registry is installed
11:32:00 INFO  Assert that (True == value) with value=True ... passed
11:32:00 INFO  Response status: 201
11:32:00 INFO  Response to action: {
    &quot;creationTime&quot;: &quot;2022-05-11T11:32:00.449Z&quot;,
    &quot;deviceName&quot;: &quot;m32sd10c&quot;,
    &quot;deviceId&quot;: &quot;18764682&quot;,
    &quot;self&quot;: &quot;https://t493319102.eu-latest.cumulocity.com/devicecontrol/operations/18811756&quot;,
    &quot;id&quot;: &quot;18811756&quot;,
    &quot;status&quot;: &quot;PENDING&quot;,
    &quot;description&quot;: &quot;Apply software changes, triggered from PySys: [{'action': 'delete', 'id': '5495053', 'name': 'apple', 'url': ' ', 'version': '::fruits'}, {'action': 'delete', 'id': '5494888', 'name': 'banana', 'url': ' ', 'version': '::fruits'}, {'action': 'delete', 'id': '5475369', 'name': 'asciijump', 'url': ' ', 'version': '::apt'}, {'action': 'delete', 'id': '5495382', 'name': 'cherry', 'url': ' ', 'version': '::fruits'}, {'action': 'delete', 'id': '8018911', 'name': 'registry', 'url': ' ', 'version': '::docker'}]&quot;,
    &quot;c8y_SoftwareUpdate&quot;: [
        {
            &quot;name&quot;: &quot;apple&quot;,
            &quot;action&quot;: &quot;delete&quot;,
            &quot;id&quot;: &quot;5495053&quot;,
            &quot;version&quot;: &quot;::fruits&quot;,
            &quot;url&quot;: &quot; &quot;
        },
        {
            &quot;name&quot;: &quot;banana&quot;,
            &quot;action&quot;: &quot;delete&quot;,
            &quot;id&quot;: &quot;5494888&quot;,
            &quot;version&quot;: &quot;::fruits&quot;,
            &quot;url&quot;: &quot; &quot;
        },
        {
            &quot;name&quot;: &quot;asciijump&quot;,
            &quot;action&quot;: &quot;delete&quot;,
            &quot;id&quot;: &quot;5475369&quot;,
            &quot;version&quot;: &quot;::apt&quot;,
            &quot;url&quot;: &quot; &quot;
        },
        {
            &quot;name&quot;: &quot;cherry&quot;,
            &quot;action&quot;: &quot;delete&quot;,
            &quot;id&quot;: &quot;5495382&quot;,
            &quot;version&quot;: &quot;::fruits&quot;,
            &quot;url&quot;: &quot; &quot;
        },
        {
            &quot;name&quot;: &quot;registry&quot;,
            &quot;action&quot;: &quot;delete&quot;,
            &quot;id&quot;: &quot;8018911&quot;,
            &quot;version&quot;: &quot;::docker&quot;,
            &quot;url&quot;: &quot; &quot;
        }
    ]
}
11:32:00 INFO  Started operation: {'creationTime': '2022-05-11T11:32:00.449Z', 'deviceName': 'm32sd10c', 'deviceId': '18764682', 'self': 'https://t493319102.eu-latest.cumulocity.com/devicecontrol/operations/18811756', 'id': '18811756', 'status': 'PENDING', 'description': &quot;Apply software changes, triggered from PySys: [{'action': 'delete', 'id': '5495053', 'name': 'apple', 'url': ' ', 'version': '::fruits'}, {'action': 'delete', 'id': '5494888', 'name': 'banana', 'url': ' ', 'version': '::fruits'}, {'action': 'delete', 'id': '5475369', 'name': 'asciijump', 'url': ' ', 'version': '::apt'}, {'action': 'delete', 'id': '5495382', 'name': 'cherry', 'url': ' ', 'version': '::fruits'}, {'action': 'delete', 'id': '8018911', 'name': 'registry', 'url': ' ', 'version': '::docker'}]&quot;, 'c8y_SoftwareUpdate': [{'name': 'apple', 'action': 'delete', 'id': '5495053', 'version': '::fruits', 'url': ' '}, {'name': 'banana', 'action': 'delete', 'id': '5494888', 'version': '::fruits', 'url': ' '}, {'name': 'asciijump', 'action': 'delete', 'id': '5475369', 'version': '::apt', 'url': ' '}, {'name': 'cherry', 'action': 'delete', 'id': '5495382', 'version': '::fruits', 'url': ' '}, {'name': 'registry', 'action': 'delete', 'id': '8018911', 'version': '::docker', 'url': ' '}]}
11:32:02 INFO  State of operation 18811756 : PENDING
11:32:04 INFO  State of operation 18811756 : EXECUTING
11:32:07 INFO  State of operation 18811756 : EXECUTING
11:32:09 INFO  State of operation 18811756 : EXECUTING
11:32:11 INFO  State of operation 18811756 : EXECUTING
11:32:13 INFO  State of operation 18811756 : EXECUTING
11:32:16 INFO  State of operation 18811756 : EXECUTING
11:32:19 INFO  State of operation 18811756 : EXECUTING
11:32:21 INFO  State of operation 18811756 : EXECUTING
11:32:23 INFO  State of operation 18811756 : EXECUTING
11:32:26 INFO  State of operation 18811756 : EXECUTING
11:32:28 INFO  State of operation 18811756 : EXECUTING
11:32:30 INFO  State of operation 18811756 : EXECUTING
11:32:32 INFO  State of operation 18811756 : EXECUTING
11:32:35 INFO  State of operation 18811756 : EXECUTING
11:32:37 INFO  State of operation 18811756 : EXECUTING
11:32:40 INFO  State of operation 18811756 : EXECUTING
11:32:42 INFO  State of operation 18811756 : EXECUTING
11:32:45 INFO  State of operation 18811756 : EXECUTING
11:32:47 INFO  State of operation 18811756 : EXECUTING
11:32:49 INFO  State of operation 18811756 : EXECUTING
11:32:51 INFO  State of operation 18811756 : EXECUTING
11:32:54 INFO  State of operation 18811756 : EXECUTING
11:32:56 INFO  State of operation 18811756 : EXECUTING
11:32:59 INFO  State of operation 18811756 : EXECUTING
11:33:01 INFO  State of operation 18811756 : EXECUTING
11:33:03 INFO  State of operation 18811756 : EXECUTING
11:33:05 INFO  State of operation 18811756 : EXECUTING
11:33:08 INFO  State of operation 18811756 : EXECUTING
11:33:10 INFO  State of operation 18811756 : EXECUTING
11:33:12 INFO  State of operation 18811756 : SUCCESSFUL
11:33:12 INFO  Package apple is installed
11:33:12 INFO  Assert that (True == value) with value=True ... passed
11:33:12 INFO  Package banana is installed
11:33:12 INFO  Assert that (True == value) with value=True ... passed
11:33:13 INFO  Package cherry is installed
11:33:13 INFO  Assert that (True == value) with value=True ... passed
11:33:13 INFO  Assert that (False == value) with value=False ... passed
11:33:13 INFO  Assert that (False == value) with value=False ... passed
11:33:13 INFO  
11:33:13 INFO  cleanup:
11:33:17 INFO  Executed sudo&lt;tedge_disconnect_c8y&gt;, exit status 0
11:33:18 INFO  Executed systemctl&lt;serv_mapper5&gt;, exit status 3
11:33:18 INFO  
11:33:18 INFO  Test duration: 165.52 secs
11:33:18 INFO  Test final outcome:  FAILED
11:33:18 INFO  Test outcome reason: Assert that (False == value) with value=True
11:33:18 INFO  
</system-out>
	</testcase>
</testsuite>
