<?xml version="1.0" encoding="utf-8"?>
<testsuite failures="1" name="SoftwareManagement.sm_mixed_install_remove_multiple" skipped="0" tests="1" time="164.29" timestamp="2022-04-27T14:45:58">
	<testcase classname="PySysTest" name="SoftwareManagement.sm_mixed_install_remove_multiple">
		<failure message="BLOCKED: SystemError: Timeout while waiting for status FAILED or SUCCESSFUL" type="BLOCKED"/>
		<system-out>14:43:14 INFO  ==============================================================
14:43:14 INFO  Id:    SoftwareManagement.sm_mixed_install_remove_multiple
14:43:14 INFO  Dir:   software_management_end_to_end/
14:43:14 INFO  Title: Validate end to end behaviour for the dummy-plugin for multiple packages with mixed versions
14:43:14 INFO  ==============================================================
14:43:14 INFO  Using sw id database: {'asciijump': '5475369', 'robotfindskitten': '5474869', 'squirrel3': '5475279', 'rolldice': '5152439', 'moon-buggy': '5439204', 'apple': '5495053', 'banana': '5494888', 'cherry': '5495382', 'watermelon': '5494510', 'registry': '8018911', 'hello-world': '8021526', 'docker/getting-started': '8021973', 'alpine': '7991792'}
14:43:14 INFO  EnvironmentC8y Setup
14:43:14 INFO  Executed systemctl&lt;serv_mapper1&gt;, exit status 3
14:43:14 INFO  Restarting mosquitto too frequently in the last 10 seconds. It was only up for 5 seconds
14:43:14 INFO  Delaying execution by 6 seconds
14:43:34 INFO  Executed sudo&lt;tedge_connect_c8y&gt;, exit status 0, duration 13 secs
14:43:35 INFO  Executed sudo&lt;tedge_connect_c8y_test&gt;, exit status 0
14:43:35 INFO  Executed systemctl&lt;serv_mosq2&gt;, exit status 0
14:43:36 INFO  Executed systemctl&lt;serv_mapper3&gt;, exit status 0
14:43:38 INFO  State of current operation: PENDING
14:43:40 INFO  State of current operation: PENDING
14:43:42 INFO  State of current operation: PENDING
14:43:45 INFO  State of current operation: PENDING
14:43:47 INFO  State of current operation: PENDING
14:43:49 INFO  State of current operation: PENDING
14:43:51 INFO  State of current operation: PENDING
14:43:54 INFO  State of current operation: PENDING
14:43:56 INFO  State of current operation: PENDING
14:43:58 INFO  State of current operation: PENDING
14:44:00 INFO  State of current operation: PENDING
14:44:02 INFO  State of current operation: PENDING
14:44:05 INFO  State of current operation: PENDING
14:44:07 INFO  State of current operation: PENDING
14:44:09 INFO  State of current operation: PENDING
14:44:11 INFO  State of current operation: PENDING
14:44:14 INFO  State of current operation: PENDING
14:44:16 INFO  State of current operation: PENDING
14:44:18 INFO  State of current operation: PENDING
14:44:20 INFO  State of current operation: PENDING
14:44:22 INFO  State of current operation: PENDING
14:44:25 INFO  State of current operation: PENDING
14:44:27 INFO  State of current operation: PENDING
14:44:29 INFO  State of current operation: PENDING
14:44:31 INFO  State of current operation: PENDING
14:44:33 INFO  State of current operation: PENDING
14:44:36 INFO  State of current operation: PENDING
14:44:38 INFO  State of current operation: PENDING
14:44:40 INFO  State of current operation: PENDING
14:44:42 INFO  State of current operation: PENDING
14:44:45 INFO  State of current operation: PENDING
14:44:47 INFO  State of current operation: PENDING
14:44:49 INFO  State of current operation: PENDING
14:44:51 INFO  State of current operation: PENDING
14:44:53 INFO  State of current operation: PENDING
14:44:56 INFO  State of current operation: PENDING
14:44:58 INFO  State of current operation: PENDING
14:45:00 INFO  State of current operation: PENDING
14:45:02 INFO  State of current operation: PENDING
14:45:05 INFO  State of current operation: PENDING
14:45:07 INFO  State of current operation: PENDING
14:45:09 INFO  State of current operation: PENDING
14:45:11 INFO  State of current operation: PENDING
14:45:13 INFO  State of current operation: PENDING
14:45:16 INFO  State of current operation: PENDING
14:45:18 INFO  State of current operation: PENDING
14:45:20 INFO  State of current operation: PENDING
14:45:22 INFO  State of current operation: PENDING
14:45:25 INFO  State of current operation: PENDING
14:45:27 INFO  State of current operation: PENDING
14:45:29 INFO  State of current operation: PENDING
14:45:31 INFO  State of current operation: PENDING
14:45:33 INFO  State of current operation: PENDING
14:45:36 INFO  State of current operation: PENDING
14:45:38 INFO  State of current operation: PENDING
14:45:40 INFO  State of current operation: PENDING
14:45:42 INFO  State of current operation: PENDING
14:45:45 INFO  State of current operation: PENDING
14:45:47 INFO  State of current operation: PENDING
14:45:49 INFO  State of current operation: PENDING
14:45:51 INFO  State of current operation: PENDING
14:45:53 WARN  SystemError occurred while running test - Timeout while waiting for status FAILED or SUCCESSFUL
Traceback (most recent call last):
  File &quot;/home/pi/env-pysys/lib/python3.7/site-packages/pysys/baserunner.py&quot;, line 1292, in __call__
    self.testObj.setup()
  File &quot;/home/pi/actions-runner/_work/thin-edge.io/thin-edge.io/tests/PySys/software_management_end_to_end/sm_mixed_install_remove_multiple/run.py&quot;, line 83, in setup
    super().setup()
  File &quot;/home/pi/actions-runner/_work/thin-edge.io/thin-edge.io/tests/PySys/software_management_end_to_end/environment_sm_management.py&quot;, line 151, in setup
    self.wait_until_end()
  File &quot;/home/pi/actions-runner/_work/thin-edge.io/thin-edge.io/tests/PySys/software_management_end_to_end/environment_sm_management.py&quot;, line 332, in wait_until_end
    self.wait_until_status(&quot;FAILED&quot;, &quot;SUCCESSFUL&quot;)
  File &quot;/home/pi/actions-runner/_work/thin-edge.io/thin-edge.io/tests/PySys/software_management_end_to_end/environment_sm_management.py&quot;, line 381, in wait_until_status
    &quot;Timeout while waiting for status %s or %s&quot; % (status, status2)
SystemError: Timeout while waiting for status FAILED or SUCCESSFUL
14:45:53 WARN  SystemError: Timeout while waiting for status FAILED or SUCCESSFUL ... blocked 
14:45:53 INFO  
14:45:53 INFO  cleanup:
14:45:57 INFO  Executed sudo&lt;tedge_disconnect_c8y&gt;, exit status 0
14:45:58 INFO  Executed systemctl&lt;serv_mapper5&gt;, exit status 3
14:45:58 INFO  
14:45:58 INFO  Test duration: 164.29 secs
14:45:58 INFO  Test final outcome:  BLOCKED
14:45:58 INFO  Test outcome reason: SystemError: Timeout while waiting for status FAILED or SUCCESSFUL
14:45:58 INFO  
</system-out>
	</testcase>
</testsuite>
