<?xml version="1.0" encoding="utf-8"?>
<testsuite failures="1" name="SoftwareManagement.sm_apt_install_remove_with_version" skipped="0" tests="1" time="164.13" timestamp="2022-04-27T18:57:26">
	<testcase classname="PySysTest" name="SoftwareManagement.sm_apt_install_remove_with_version">
		<failure message="BLOCKED: SystemError: Timeout while waiting for status FAILED or SUCCESSFUL" type="BLOCKED"/>
		<system-out>18:54:42 INFO  ==============================================================
18:54:42 INFO  Id:    SoftwareManagement.sm_apt_install_remove_with_version
18:54:42 INFO  Dir:   software_management_end_to_end/
18:54:42 INFO  Title: Validate end to end behaviour for the apt plugin for packages with version
18:54:42 INFO  ==============================================================
18:54:42 INFO  Using sw id database: {'asciijump': '5475369', 'robotfindskitten': '5474869', 'squirrel3': '5475279', 'rolldice': '5152439', 'moon-buggy': '5439204', 'apple': '5495053', 'banana': '5494888', 'cherry': '5495382', 'watermelon': '5494510', 'registry': '8018911', 'hello-world': '8021526', 'docker/getting-started': '8021973', 'alpine': '7991792'}
18:54:42 INFO  EnvironmentC8y Setup
18:54:43 INFO  Executed systemctl&lt;serv_mapper1&gt;, exit status 3
18:54:43 INFO  Restarting mosquitto too frequently in the last 10 seconds. It was only up for 5 seconds
18:54:43 INFO  Delaying execution by 6 seconds
18:55:02 INFO  Executed sudo&lt;tedge_connect_c8y&gt;, exit status 0, duration 13 secs
18:55:03 INFO  Executed sudo&lt;tedge_connect_c8y_test&gt;, exit status 0
18:55:04 INFO  Executed systemctl&lt;serv_mosq2&gt;, exit status 0
18:55:04 INFO  Executed systemctl&lt;serv_mapper3&gt;, exit status 0
18:55:06 INFO  State of current operation: PENDING
18:55:08 INFO  State of current operation: PENDING
18:55:11 INFO  State of current operation: PENDING
18:55:13 INFO  State of current operation: PENDING
18:55:15 INFO  State of current operation: PENDING
18:55:17 INFO  State of current operation: PENDING
18:55:20 INFO  State of current operation: PENDING
18:55:22 INFO  State of current operation: PENDING
18:55:24 INFO  State of current operation: PENDING
18:55:26 INFO  State of current operation: PENDING
18:55:28 INFO  State of current operation: PENDING
18:55:31 INFO  State of current operation: PENDING
18:55:33 INFO  State of current operation: PENDING
18:55:35 INFO  State of current operation: PENDING
18:55:37 INFO  State of current operation: PENDING
18:55:40 INFO  State of current operation: PENDING
18:55:42 INFO  State of current operation: PENDING
18:55:44 INFO  State of current operation: PENDING
18:55:46 INFO  State of current operation: PENDING
18:55:48 INFO  State of current operation: PENDING
18:55:51 INFO  State of current operation: PENDING
18:55:53 INFO  State of current operation: PENDING
18:55:55 INFO  State of current operation: PENDING
18:55:57 INFO  State of current operation: PENDING
18:56:00 INFO  State of current operation: PENDING
18:56:02 INFO  State of current operation: PENDING
18:56:04 INFO  State of current operation: PENDING
18:56:06 INFO  State of current operation: PENDING
18:56:08 INFO  State of current operation: PENDING
18:56:11 INFO  State of current operation: PENDING
18:56:13 INFO  State of current operation: PENDING
18:56:15 INFO  State of current operation: PENDING
18:56:17 INFO  State of current operation: PENDING
18:56:20 INFO  State of current operation: PENDING
18:56:22 INFO  State of current operation: PENDING
18:56:24 INFO  State of current operation: PENDING
18:56:26 INFO  State of current operation: PENDING
18:56:28 INFO  State of current operation: PENDING
18:56:31 INFO  State of current operation: PENDING
18:56:33 INFO  State of current operation: PENDING
18:56:35 INFO  State of current operation: PENDING
18:56:37 INFO  State of current operation: PENDING
18:56:40 INFO  State of current operation: PENDING
18:56:42 INFO  State of current operation: PENDING
18:56:44 INFO  State of current operation: PENDING
18:56:46 INFO  State of current operation: PENDING
18:56:48 INFO  State of current operation: PENDING
18:56:51 INFO  State of current operation: PENDING
18:56:53 INFO  State of current operation: PENDING
18:56:55 INFO  State of current operation: PENDING
18:56:57 INFO  State of current operation: PENDING
18:57:00 INFO  State of current operation: PENDING
18:57:02 INFO  State of current operation: PENDING
18:57:04 INFO  State of current operation: PENDING
18:57:06 INFO  State of current operation: PENDING
18:57:08 INFO  State of current operation: PENDING
18:57:11 INFO  State of current operation: PENDING
18:57:13 INFO  State of current operation: PENDING
18:57:15 INFO  State of current operation: PENDING
18:57:17 INFO  State of current operation: PENDING
18:57:19 INFO  State of current operation: PENDING
18:57:21 WARN  SystemError occurred while running test - Timeout while waiting for status FAILED or SUCCESSFUL
Traceback (most recent call last):
  File &quot;/home/pi/env-pysys/lib/python3.7/site-packages/pysys/baserunner.py&quot;, line 1292, in __call__
    self.testObj.setup()
  File &quot;/home/pi/actions-runner/_work/thin-edge.io/thin-edge.io/tests/PySys/software_management_end_to_end/sm_apt_install_remove_with_version/run.py&quot;, line 27, in setup
    super().setup()
  File &quot;/home/pi/actions-runner/_work/thin-edge.io/thin-edge.io/tests/PySys/software_management_end_to_end/environment_sm_management.py&quot;, line 151, in setup
    self.wait_until_end()
  File &quot;/home/pi/actions-runner/_work/thin-edge.io/thin-edge.io/tests/PySys/software_management_end_to_end/environment_sm_management.py&quot;, line 332, in wait_until_end
    self.wait_until_status(&quot;FAILED&quot;, &quot;SUCCESSFUL&quot;)
  File &quot;/home/pi/actions-runner/_work/thin-edge.io/thin-edge.io/tests/PySys/software_management_end_to_end/environment_sm_management.py&quot;, line 381, in wait_until_status
    &quot;Timeout while waiting for status %s or %s&quot; % (status, status2)
SystemError: Timeout while waiting for status FAILED or SUCCESSFUL
18:57:22 WARN  SystemError: Timeout while waiting for status FAILED or SUCCESSFUL ... blocked 
18:57:22 INFO  
18:57:22 INFO  cleanup:
18:57:26 INFO  Executed sudo&lt;tedge_disconnect_c8y&gt;, exit status 0
18:57:26 INFO  Executed systemctl&lt;serv_mapper5&gt;, exit status 3
18:57:26 INFO  
18:57:26 INFO  Test duration: 164.13 secs
18:57:26 INFO  Test final outcome:  BLOCKED
18:57:26 INFO  Test outcome reason: SystemError: Timeout while waiting for status FAILED or SUCCESSFUL
18:57:26 INFO  
</system-out>
	</testcase>
</testsuite>
