<?xml version="1.0" encoding="utf-8"?>
<testsuite failures="1" name="SoftwareManagement.sm_apt_install_remove_with_version" skipped="0" tests="1" time="164.31" timestamp="2022-04-24T13:28:23">
	<testcase classname="PySysTest" name="SoftwareManagement.sm_apt_install_remove_with_version">
		<failure message="BLOCKED: SystemError: Timeout while waiting for status FAILED or SUCCESSFUL" type="BLOCKED"/>
		<system-out>13:25:39 INFO  ==============================================================
13:25:39 INFO  Id:    SoftwareManagement.sm_apt_install_remove_with_version
13:25:39 INFO  Dir:   software_management_end_to_end/
13:25:39 INFO  Title: Validate end to end behaviour for the apt plugin for packages with version
13:25:39 INFO  ==============================================================
13:25:39 INFO  Using sw id database: {'asciijump': '5475369', 'robotfindskitten': '5474869', 'squirrel3': '5475279', 'rolldice': '5152439', 'moon-buggy': '5439204', 'apple': '5495053', 'banana': '5494888', 'cherry': '5495382', 'watermelon': '5494510', 'registry': '8018911', 'hello-world': '8021526', 'docker/getting-started': '8021973', 'alpine': '7991792'}
13:25:39 INFO  EnvironmentC8y Setup
13:25:39 INFO  Executed systemctl&lt;serv_mapper1&gt;, exit status 3
13:25:39 INFO  Restarting mosquitto too frequently in the last 10 seconds. It was only up for 5 seconds
13:25:39 INFO  Delaying execution by 6 seconds
13:25:59 INFO  Executed sudo&lt;tedge_connect_c8y&gt;, exit status 0, duration 13 secs
13:26:00 INFO  Executed sudo&lt;tedge_connect_c8y_test&gt;, exit status 0
13:26:00 INFO  Executed systemctl&lt;serv_mosq2&gt;, exit status 0
13:26:01 INFO  Executed systemctl&lt;serv_mapper3&gt;, exit status 0
13:26:03 INFO  State of current operation: PENDING
13:26:05 INFO  State of current operation: PENDING
13:26:07 INFO  State of current operation: PENDING
13:26:10 INFO  State of current operation: PENDING
13:26:12 INFO  State of current operation: PENDING
13:26:14 INFO  State of current operation: PENDING
13:26:16 INFO  State of current operation: PENDING
13:26:18 INFO  State of current operation: PENDING
13:26:21 INFO  State of current operation: PENDING
13:26:23 INFO  State of current operation: PENDING
13:26:25 INFO  State of current operation: PENDING
13:26:27 INFO  State of current operation: PENDING
13:26:30 INFO  State of current operation: PENDING
13:26:32 INFO  State of current operation: PENDING
13:26:34 INFO  State of current operation: PENDING
13:26:36 INFO  State of current operation: PENDING
13:26:38 INFO  State of current operation: PENDING
13:26:41 INFO  State of current operation: PENDING
13:26:43 INFO  State of current operation: PENDING
13:26:45 INFO  State of current operation: PENDING
13:26:47 INFO  State of current operation: PENDING
13:26:50 INFO  State of current operation: PENDING
13:26:52 INFO  State of current operation: PENDING
13:26:54 INFO  State of current operation: PENDING
13:26:56 INFO  State of current operation: PENDING
13:26:58 INFO  State of current operation: PENDING
13:27:01 INFO  State of current operation: PENDING
13:27:03 INFO  State of current operation: PENDING
13:27:05 INFO  State of current operation: PENDING
13:27:07 INFO  State of current operation: PENDING
13:27:10 INFO  State of current operation: PENDING
13:27:12 INFO  State of current operation: PENDING
13:27:14 INFO  State of current operation: PENDING
13:27:16 INFO  State of current operation: PENDING
13:27:18 INFO  State of current operation: PENDING
13:27:21 INFO  State of current operation: PENDING
13:27:23 INFO  State of current operation: PENDING
13:27:25 INFO  State of current operation: PENDING
13:27:27 INFO  State of current operation: PENDING
13:27:30 INFO  State of current operation: PENDING
13:27:32 INFO  State of current operation: PENDING
13:27:34 INFO  State of current operation: PENDING
13:27:36 INFO  State of current operation: PENDING
13:27:39 INFO  State of current operation: PENDING
13:27:41 INFO  State of current operation: PENDING
13:27:43 INFO  State of current operation: PENDING
13:27:45 INFO  State of current operation: PENDING
13:27:47 INFO  State of current operation: PENDING
13:27:50 INFO  State of current operation: PENDING
13:27:52 INFO  State of current operation: PENDING
13:27:54 INFO  State of current operation: PENDING
13:27:56 INFO  State of current operation: PENDING
13:27:59 INFO  State of current operation: PENDING
13:28:01 INFO  State of current operation: PENDING
13:28:03 INFO  State of current operation: PENDING
13:28:05 INFO  State of current operation: PENDING
13:28:07 INFO  State of current operation: PENDING
13:28:10 INFO  State of current operation: PENDING
13:28:12 INFO  State of current operation: PENDING
13:28:14 INFO  State of current operation: PENDING
13:28:16 INFO  State of current operation: PENDING
13:28:18 WARN  SystemError occurred while running test - Timeout while waiting for status FAILED or SUCCESSFUL
Traceback (most recent call last):
  File &quot;/home/pi/env-pysys/lib/python3.7/site-packages/pysys/baserunner.py&quot;, line 1292, in __call__
    self.testObj.setup()
  File &quot;/home/pi/actions-runner/_work/thin-edge.io/thin-edge.io/tests/PySys/software_management_end_to_end/sm_apt_install_remove_with_version/run.py&quot;, line 27, in setup
    super().setup()
  File &quot;/home/pi/actions-runner/_work/thin-edge.io/thin-edge.io/tests/PySys/software_management_end_to_end/environment_sm_management.py&quot;, line 151, in setup
    self.wait_until_end()
  File &quot;/home/pi/actions-runner/_work/thin-edge.io/thin-edge.io/tests/PySys/software_management_end_to_end/environment_sm_management.py&quot;, line 332, in wait_until_end
    self.wait_until_status(&quot;FAILED&quot;, &quot;SUCCESSFUL&quot;)
  File &quot;/home/pi/actions-runner/_work/thin-edge.io/thin-edge.io/tests/PySys/software_management_end_to_end/environment_sm_management.py&quot;, line 381, in wait_until_status
    &quot;Timeout while waiting for status %s or %s&quot; % (status, status2)
SystemError: Timeout while waiting for status FAILED or SUCCESSFUL
13:28:18 WARN  SystemError: Timeout while waiting for status FAILED or SUCCESSFUL ... blocked 
13:28:18 INFO  
13:28:18 INFO  cleanup:
13:28:22 INFO  Executed sudo&lt;tedge_disconnect_c8y&gt;, exit status 0
13:28:23 INFO  Executed systemctl&lt;serv_mapper5&gt;, exit status 3
13:28:23 INFO  
13:28:23 INFO  Test duration: 164.31 secs
13:28:23 INFO  Test final outcome:  BLOCKED
13:28:23 INFO  Test outcome reason: SystemError: Timeout while waiting for status FAILED or SUCCESSFUL
13:28:23 INFO  
</system-out>
	</testcase>
</testsuite>
