<?xml version="1.0" encoding="utf-8"?>
<testsuite failures="1" name="SoftwareManagement.sm_apt_install_remove_multiple" skipped="0" tests="1" time="137.35" timestamp="2022-05-12T10:04:50">
	<testcase classname="PySysTest" name="SoftwareManagement.sm_apt_install_remove_multiple">
		<failure message="FAILED: Assert that (False == value) with value=True (+2 other failures)" type="FAILED"/>
		<system-out>10:02:33 INFO  ==============================================================
10:02:33 INFO  Id:    SoftwareManagement.sm_apt_install_remove_multiple
10:02:33 INFO  Dir:   software_management_end_to_end/
10:02:33 INFO  Title: Validate end to end behaviour for the apt plugin for multiple packages
10:02:33 INFO  ==============================================================
10:02:33 INFO  Using sw id database: {'asciijump': '5475369', 'robotfindskitten': '5474869', 'squirrel3': '5475279', 'rolldice': '5152439', 'moon-buggy': '5439204', 'apple': '5495053', 'banana': '5494888', 'cherry': '5495382', 'watermelon': '5494510', 'registry': '8018911', 'hello-world': '8021526', 'docker/getting-started': '8021973', 'alpine': '7991792'}
10:02:33 INFO  EnvironmentC8y Setup
10:02:34 INFO  Executed systemctl&lt;serv_mapper1&gt;, exit status 3
10:02:34 INFO  Restarting mosquitto too frequently in the last 10 seconds. It was only up for 5 seconds
10:02:34 INFO  Delaying execution by 6 seconds
10:02:54 INFO  Executed sudo&lt;tedge_connect_c8y&gt;, exit status 0, duration 13 secs
10:02:54 INFO  Executed sudo&lt;tedge_connect_c8y_test&gt;, exit status 0
10:02:55 INFO  Executed systemctl&lt;serv_mosq2&gt;, exit status 0
10:02:55 INFO  Executed systemctl&lt;serv_mapper3&gt;, exit status 0
10:02:58 INFO  State of current operation: SUCCESSFUL
10:02:58 INFO  Assert that (False == value) with value=False ... passed
10:02:58 INFO  Package asciijump is installed
10:02:58 WARN  Assert that (False == value) with value=True ... failed 
10:02:59 INFO  Package squirrel3 is installed
10:02:59 WARN  Assert that (False == value) with value=True ... failed 
10:02:59 INFO  Package robotfindskitten is installed
10:02:59 WARN  Assert that (False == value) with value=True ... failed 
10:02:59 INFO  Response status: 201
10:02:59 INFO  Response to action: {
    &quot;creationTime&quot;: &quot;2022-05-12T10:02:59.496Z&quot;,
    &quot;deviceId&quot;: &quot;18894634&quot;,
    &quot;deviceName&quot;: &quot;m32sd10c&quot;,
    &quot;self&quot;: &quot;https://t493319102.eu-latest.cumulocity.com/devicecontrol/operations/18945128&quot;,
    &quot;id&quot;: &quot;18945128&quot;,
    &quot;status&quot;: &quot;PENDING&quot;,
    &quot;description&quot;: &quot;Apply software changes, triggered from PySys: [{'action': 'install', 'id': '5475369', 'name': 'asciijump', 'url': ' ', 'version': '::apt'}, {'action': 'install', 'id': '5474869', 'name': 'robotfindskitten', 'url': ' ', 'version': '::apt'}, {'action': 'install', 'id': '5475279', 'name': 'squirrel3', 'url': ' ', 'version': '::apt'}]&quot;,
    &quot;c8y_SoftwareUpdate&quot;: [
        {
            &quot;name&quot;: &quot;asciijump&quot;,
            &quot;action&quot;: &quot;install&quot;,
            &quot;id&quot;: &quot;5475369&quot;,
            &quot;version&quot;: &quot;::apt&quot;,
            &quot;url&quot;: &quot; &quot;
        },
        {
            &quot;name&quot;: &quot;robotfindskitten&quot;,
            &quot;action&quot;: &quot;install&quot;,
            &quot;id&quot;: &quot;5474869&quot;,
            &quot;version&quot;: &quot;::apt&quot;,
            &quot;url&quot;: &quot; &quot;
        },
        {
            &quot;name&quot;: &quot;squirrel3&quot;,
            &quot;action&quot;: &quot;install&quot;,
            &quot;id&quot;: &quot;5475279&quot;,
            &quot;version&quot;: &quot;::apt&quot;,
            &quot;url&quot;: &quot; &quot;
        }
    ]
}
10:02:59 INFO  Started operation: {'creationTime': '2022-05-12T10:02:59.496Z', 'deviceId': '18894634', 'deviceName': 'm32sd10c', 'self': 'https://t493319102.eu-latest.cumulocity.com/devicecontrol/operations/18945128', 'id': '18945128', 'status': 'PENDING', 'description': &quot;Apply software changes, triggered from PySys: [{'action': 'install', 'id': '5475369', 'name': 'asciijump', 'url': ' ', 'version': '::apt'}, {'action': 'install', 'id': '5474869', 'name': 'robotfindskitten', 'url': ' ', 'version': '::apt'}, {'action': 'install', 'id': '5475279', 'name': 'squirrel3', 'url': ' ', 'version': '::apt'}]&quot;, 'c8y_SoftwareUpdate': [{'name': 'asciijump', 'action': 'install', 'id': '5475369', 'version': '::apt', 'url': ' '}, {'name': 'robotfindskitten', 'action': 'install', 'id': '5474869', 'version': '::apt', 'url': ' '}, {'name': 'squirrel3', 'action': 'install', 'id': '5475279', 'version': '::apt', 'url': ' '}]}
10:03:01 INFO  State of operation 18945128 : PENDING
10:03:03 INFO  State of operation 18945128 : EXECUTING
10:03:06 INFO  State of operation 18945128 : EXECUTING
10:03:08 INFO  State of operation 18945128 : EXECUTING
10:03:10 INFO  State of operation 18945128 : EXECUTING
10:03:12 INFO  State of operation 18945128 : EXECUTING
10:03:15 INFO  State of operation 18945128 : EXECUTING
10:03:18 INFO  State of operation 18945128 : EXECUTING
10:03:20 INFO  State of operation 18945128 : EXECUTING
10:03:23 INFO  State of operation 18945128 : EXECUTING
10:03:25 INFO  State of operation 18945128 : EXECUTING
10:03:27 INFO  State of operation 18945128 : EXECUTING
10:03:29 INFO  State of operation 18945128 : EXECUTING
10:03:32 INFO  State of operation 18945128 : EXECUTING
10:03:34 INFO  State of operation 18945128 : EXECUTING
10:03:36 INFO  State of operation 18945128 : SUCCESSFUL
10:03:36 INFO  Assert that (False == value) with value=False ... passed
10:03:36 INFO  Package asciijump is installed
10:03:36 INFO  Assert that (True == value) with value=True ... passed
10:03:37 INFO  Package squirrel3 is installed
10:03:37 INFO  Assert that (True == value) with value=True ... passed
10:03:37 INFO  Package robotfindskitten is installed
10:03:37 INFO  Assert that (True == value) with value=True ... passed
10:03:37 INFO  Response status: 201
10:03:37 INFO  Response to action: {
    &quot;creationTime&quot;: &quot;2022-05-12T10:03:37.618Z&quot;,
    &quot;deviceId&quot;: &quot;18894634&quot;,
    &quot;deviceName&quot;: &quot;m32sd10c&quot;,
    &quot;self&quot;: &quot;https://t493319102.eu-latest.cumulocity.com/devicecontrol/operations/18945149&quot;,
    &quot;id&quot;: &quot;18945149&quot;,
    &quot;status&quot;: &quot;PENDING&quot;,
    &quot;description&quot;: &quot;Apply software changes, triggered from PySys: [{'action': 'delete', 'id': '5475369', 'name': 'asciijump', 'url': ' ', 'version': '::apt'}, {'action': 'delete', 'id': '5474869', 'name': 'robotfindskitten', 'url': ' ', 'version': '::apt'}, {'action': 'delete', 'id': '5475279', 'name': 'squirrel3', 'url': ' ', 'version': '::apt'}]&quot;,
    &quot;c8y_SoftwareUpdate&quot;: [
        {
            &quot;name&quot;: &quot;asciijump&quot;,
            &quot;action&quot;: &quot;delete&quot;,
            &quot;id&quot;: &quot;5475369&quot;,
            &quot;version&quot;: &quot;::apt&quot;,
            &quot;url&quot;: &quot; &quot;
        },
        {
            &quot;name&quot;: &quot;robotfindskitten&quot;,
            &quot;action&quot;: &quot;delete&quot;,
            &quot;id&quot;: &quot;5474869&quot;,
            &quot;version&quot;: &quot;::apt&quot;,
            &quot;url&quot;: &quot; &quot;
        },
        {
            &quot;name&quot;: &quot;squirrel3&quot;,
            &quot;action&quot;: &quot;delete&quot;,
            &quot;id&quot;: &quot;5475279&quot;,
            &quot;version&quot;: &quot;::apt&quot;,
            &quot;url&quot;: &quot; &quot;
        }
    ]
}
10:03:37 INFO  Started operation: {'creationTime': '2022-05-12T10:03:37.618Z', 'deviceId': '18894634', 'deviceName': 'm32sd10c', 'self': 'https://t493319102.eu-latest.cumulocity.com/devicecontrol/operations/18945149', 'id': '18945149', 'status': 'PENDING', 'description': &quot;Apply software changes, triggered from PySys: [{'action': 'delete', 'id': '5475369', 'name': 'asciijump', 'url': ' ', 'version': '::apt'}, {'action': 'delete', 'id': '5474869', 'name': 'robotfindskitten', 'url': ' ', 'version': '::apt'}, {'action': 'delete', 'id': '5475279', 'name': 'squirrel3', 'url': ' ', 'version': '::apt'}]&quot;, 'c8y_SoftwareUpdate': [{'name': 'asciijump', 'action': 'delete', 'id': '5475369', 'version': '::apt', 'url': ' '}, {'name': 'robotfindskitten', 'action': 'delete', 'id': '5474869', 'version': '::apt', 'url': ' '}, {'name': 'squirrel3', 'action': 'delete', 'id': '5475279', 'version': '::apt', 'url': ' '}]}
10:03:39 INFO  State of operation 18945149 : PENDING
10:03:42 INFO  State of operation 18945149 : EXECUTING
10:03:44 INFO  State of operation 18945149 : EXECUTING
10:03:46 INFO  State of operation 18945149 : EXECUTING
10:03:48 INFO  State of operation 18945149 : EXECUTING
10:03:50 INFO  State of operation 18945149 : EXECUTING
10:03:54 INFO  State of operation 18945149 : EXECUTING
10:03:56 INFO  State of operation 18945149 : EXECUTING
10:03:59 INFO  State of operation 18945149 : EXECUTING
10:04:01 INFO  State of operation 18945149 : EXECUTING
10:04:03 INFO  State of operation 18945149 : EXECUTING
10:04:06 INFO  State of operation 18945149 : EXECUTING
10:04:08 INFO  State of operation 18945149 : EXECUTING
10:04:10 INFO  State of operation 18945149 : EXECUTING
10:04:12 INFO  State of operation 18945149 : EXECUTING
10:04:15 INFO  State of operation 18945149 : EXECUTING
10:04:17 INFO  State of operation 18945149 : EXECUTING
10:04:19 INFO  State of operation 18945149 : EXECUTING
10:04:22 INFO  State of operation 18945149 : EXECUTING
10:04:24 INFO  State of operation 18945149 : EXECUTING
10:04:26 INFO  State of operation 18945149 : EXECUTING
10:04:29 INFO  State of operation 18945149 : EXECUTING
10:04:31 INFO  State of operation 18945149 : EXECUTING
10:04:33 INFO  State of operation 18945149 : EXECUTING
10:04:35 INFO  State of operation 18945149 : EXECUTING
10:04:38 INFO  State of operation 18945149 : EXECUTING
10:04:41 INFO  State of operation 18945149 : EXECUTING
10:04:43 INFO  State of operation 18945149 : EXECUTING
10:04:45 INFO  State of operation 18945149 : SUCCESSFUL
10:04:45 INFO  Assert that (False == value) with value=False ... passed
10:04:45 INFO  Assert that (False == value) with value=False ... passed
10:04:46 INFO  Assert that (False == value) with value=False ... passed
10:04:46 INFO  Assert that (False == value) with value=False ... passed
10:04:46 INFO  
10:04:46 INFO  cleanup:
10:04:50 INFO  Executed sudo&lt;tedge_disconnect_c8y&gt;, exit status 0
10:04:50 INFO  Executed systemctl&lt;serv_mapper5&gt;, exit status 3
10:04:50 INFO  
10:04:50 INFO  Test duration: 137.35 secs
10:04:50 INFO  Test final outcome:  FAILED
10:04:50 INFO  Test outcome reason: Assert that (False == value) with value=True (+2 other failures)
10:04:50 INFO  
</system-out>
	</testcase>
</testsuite>
