<?xml version="1.0" encoding="utf-8"?>
<testsuite failures="1" name="SoftwareManagement.sm_apt_install_remove_multiple" skipped="0" tests="1" time="165.42" timestamp="2022-04-27T18:51:58">
	<testcase classname="PySysTest" name="SoftwareManagement.sm_apt_install_remove_multiple">
		<failure message="BLOCKED: SystemError: Timeout while waiting for status FAILED or SUCCESSFUL" type="BLOCKED"/>
		<system-out>18:49:12 INFO  ==============================================================
18:49:12 INFO  Id:    SoftwareManagement.sm_apt_install_remove_multiple
18:49:12 INFO  Dir:   software_management_end_to_end/
18:49:12 INFO  Title: Validate end to end behaviour for the apt plugin for multiple packages
18:49:12 INFO  ==============================================================
18:49:12 INFO  Using sw id database: {'asciijump': '5475369', 'robotfindskitten': '5474869', 'squirrel3': '5475279', 'rolldice': '5152439', 'moon-buggy': '5439204', 'apple': '5495053', 'banana': '5494888', 'cherry': '5495382', 'watermelon': '5494510', 'registry': '8018911', 'hello-world': '8021526', 'docker/getting-started': '8021973', 'alpine': '7991792'}
18:49:12 INFO  EnvironmentC8y Setup
18:49:13 INFO  Executed systemctl&lt;serv_mapper1&gt;, exit status 3
18:49:13 INFO  Restarting mosquitto too frequently in the last 10 seconds. It was only up for 4 seconds
18:49:13 INFO  Delaying execution by 7 seconds
18:49:34 INFO  Executed sudo&lt;tedge_connect_c8y&gt;, exit status 0, duration 13 secs
18:49:34 INFO  Executed sudo&lt;tedge_connect_c8y_test&gt;, exit status 0
18:49:35 INFO  Executed systemctl&lt;serv_mosq2&gt;, exit status 0
18:49:35 INFO  Executed systemctl&lt;serv_mapper3&gt;, exit status 0
18:49:38 INFO  State of current operation: PENDING
18:49:40 INFO  State of current operation: PENDING
18:49:42 INFO  State of current operation: PENDING
18:49:44 INFO  State of current operation: PENDING
18:49:47 INFO  State of current operation: PENDING
18:49:49 INFO  State of current operation: PENDING
18:49:51 INFO  State of current operation: PENDING
18:49:53 INFO  State of current operation: PENDING
18:49:56 INFO  State of current operation: PENDING
18:49:58 INFO  State of current operation: PENDING
18:50:00 INFO  State of current operation: PENDING
18:50:02 INFO  State of current operation: PENDING
18:50:04 INFO  State of current operation: PENDING
18:50:07 INFO  State of current operation: PENDING
18:50:09 INFO  State of current operation: PENDING
18:50:11 INFO  State of current operation: PENDING
18:50:13 INFO  State of current operation: PENDING
18:50:15 INFO  State of current operation: PENDING
18:50:18 INFO  State of current operation: PENDING
18:50:20 INFO  State of current operation: PENDING
18:50:22 INFO  State of current operation: PENDING
18:50:24 INFO  State of current operation: PENDING
18:50:27 INFO  State of current operation: PENDING
18:50:29 INFO  State of current operation: PENDING
18:50:31 INFO  State of current operation: PENDING
18:50:33 INFO  State of current operation: PENDING
18:50:35 INFO  State of current operation: PENDING
18:50:38 INFO  State of current operation: PENDING
18:50:40 INFO  State of current operation: PENDING
18:50:42 INFO  State of current operation: PENDING
18:50:44 INFO  State of current operation: PENDING
18:50:47 INFO  State of current operation: PENDING
18:50:49 INFO  State of current operation: PENDING
18:50:51 INFO  State of current operation: PENDING
18:50:53 INFO  State of current operation: PENDING
18:50:56 INFO  State of current operation: PENDING
18:50:58 INFO  State of current operation: PENDING
18:51:00 INFO  State of current operation: PENDING
18:51:02 INFO  State of current operation: PENDING
18:51:04 INFO  State of current operation: PENDING
18:51:07 INFO  State of current operation: PENDING
18:51:09 INFO  State of current operation: PENDING
18:51:11 INFO  State of current operation: PENDING
18:51:13 INFO  State of current operation: PENDING
18:51:15 INFO  State of current operation: PENDING
18:51:18 INFO  State of current operation: PENDING
18:51:20 INFO  State of current operation: PENDING
18:51:22 INFO  State of current operation: PENDING
18:51:24 INFO  State of current operation: PENDING
18:51:27 INFO  State of current operation: PENDING
18:51:29 INFO  State of current operation: PENDING
18:51:31 INFO  State of current operation: PENDING
18:51:33 INFO  State of current operation: PENDING
18:51:35 INFO  State of current operation: PENDING
18:51:38 INFO  State of current operation: PENDING
18:51:40 INFO  State of current operation: PENDING
18:51:42 INFO  State of current operation: PENDING
18:51:44 INFO  State of current operation: PENDING
18:51:47 INFO  State of current operation: PENDING
18:51:49 INFO  State of current operation: PENDING
18:51:51 INFO  State of current operation: PENDING
18:51:53 WARN  SystemError occurred while running test - Timeout while waiting for status FAILED or SUCCESSFUL
Traceback (most recent call last):
  File &quot;/home/pi/env-pysys/lib/python3.7/site-packages/pysys/baserunner.py&quot;, line 1292, in __call__
    self.testObj.setup()
  File &quot;/home/pi/actions-runner/_work/thin-edge.io/thin-edge.io/tests/PySys/software_management_end_to_end/sm_apt_install_remove_multiple/run.py&quot;, line 52, in setup
    super().setup()
  File &quot;/home/pi/actions-runner/_work/thin-edge.io/thin-edge.io/tests/PySys/software_management_end_to_end/environment_sm_management.py&quot;, line 151, in setup
    self.wait_until_end()
  File &quot;/home/pi/actions-runner/_work/thin-edge.io/thin-edge.io/tests/PySys/software_management_end_to_end/environment_sm_management.py&quot;, line 332, in wait_until_end
    self.wait_until_status(&quot;FAILED&quot;, &quot;SUCCESSFUL&quot;)
  File &quot;/home/pi/actions-runner/_work/thin-edge.io/thin-edge.io/tests/PySys/software_management_end_to_end/environment_sm_management.py&quot;, line 381, in wait_until_status
    &quot;Timeout while waiting for status %s or %s&quot; % (status, status2)
SystemError: Timeout while waiting for status FAILED or SUCCESSFUL
18:51:53 WARN  SystemError: Timeout while waiting for status FAILED or SUCCESSFUL ... blocked 
18:51:53 INFO  
18:51:53 INFO  cleanup:
18:51:57 INFO  Executed sudo&lt;tedge_disconnect_c8y&gt;, exit status 0
18:51:58 INFO  Executed systemctl&lt;serv_mapper5&gt;, exit status 3
18:51:58 INFO  
18:51:58 INFO  Test duration: 165.42 secs
18:51:58 INFO  Test final outcome:  BLOCKED
18:51:58 INFO  Test outcome reason: SystemError: Timeout while waiting for status FAILED or SUCCESSFUL
18:51:58 INFO  
</system-out>
	</testcase>
</testsuite>
