<?xml version="1.0" encoding="utf-8"?>
<testsuite failures="1" name="SoftwareManagement.sm_fake_install_remove_multiple" skipped="0" tests="1" time="165.44" timestamp="2022-04-27T10:11:57">
	<testcase classname="PySysTest" name="SoftwareManagement.sm_fake_install_remove_multiple">
		<failure message="BLOCKED: SystemError: Timeout while waiting for status FAILED or SUCCESSFUL" type="BLOCKED"/>
		<system-out>10:09:11 INFO  ==============================================================
10:09:11 INFO  Id:    SoftwareManagement.sm_fake_install_remove_multiple
10:09:11 INFO  Dir:   software_management_end_to_end/
10:09:11 INFO  Title: Validate end to end behaviour for the dummy-plugin for multiple packages
10:09:11 INFO  ==============================================================
10:09:11 INFO  Using sw id database: {'asciijump': '5475369', 'robotfindskitten': '5474869', 'squirrel3': '5475279', 'rolldice': '5152439', 'moon-buggy': '5439204', 'apple': '5495053', 'banana': '5494888', 'cherry': '5495382', 'watermelon': '5494510', 'registry': '8018911', 'hello-world': '8021526', 'docker/getting-started': '8021973', 'alpine': '7991792'}
10:09:11 INFO  EnvironmentC8y Setup
10:09:12 INFO  Executed systemctl&lt;serv_mapper1&gt;, exit status 3
10:09:12 INFO  Restarting mosquitto too frequently in the last 10 seconds. It was only up for 4 seconds
10:09:12 INFO  Delaying execution by 7 seconds
10:09:33 INFO  Executed sudo&lt;tedge_connect_c8y&gt;, exit status 0, duration 13 secs
10:09:33 INFO  Executed sudo&lt;tedge_connect_c8y_test&gt;, exit status 0
10:09:34 INFO  Executed systemctl&lt;serv_mosq2&gt;, exit status 0
10:09:34 INFO  Executed systemctl&lt;serv_mapper3&gt;, exit status 0
10:09:36 INFO  State of current operation: PENDING
10:09:39 INFO  State of current operation: PENDING
10:09:41 INFO  State of current operation: PENDING
10:09:43 INFO  State of current operation: PENDING
10:09:45 INFO  State of current operation: PENDING
10:09:47 INFO  State of current operation: PENDING
10:09:50 INFO  State of current operation: PENDING
10:09:52 INFO  State of current operation: PENDING
10:09:54 INFO  State of current operation: PENDING
10:09:56 INFO  State of current operation: PENDING
10:09:59 INFO  State of current operation: PENDING
10:10:01 INFO  State of current operation: PENDING
10:10:03 INFO  State of current operation: PENDING
10:10:05 INFO  State of current operation: PENDING
10:10:07 INFO  State of current operation: PENDING
10:10:10 INFO  State of current operation: PENDING
10:10:12 INFO  State of current operation: PENDING
10:10:14 INFO  State of current operation: PENDING
10:10:16 INFO  State of current operation: PENDING
10:10:19 INFO  State of current operation: PENDING
10:10:21 INFO  State of current operation: PENDING
10:10:23 INFO  State of current operation: PENDING
10:10:25 INFO  State of current operation: PENDING
10:10:27 INFO  State of current operation: PENDING
10:10:30 INFO  State of current operation: PENDING
10:10:32 INFO  State of current operation: PENDING
10:10:34 INFO  State of current operation: PENDING
10:10:36 INFO  State of current operation: PENDING
10:10:39 INFO  State of current operation: PENDING
10:10:41 INFO  State of current operation: PENDING
10:10:43 INFO  State of current operation: PENDING
10:10:45 INFO  State of current operation: PENDING
10:10:48 INFO  State of current operation: PENDING
10:10:50 INFO  State of current operation: PENDING
10:10:52 INFO  State of current operation: PENDING
10:10:54 INFO  State of current operation: PENDING
10:10:56 INFO  State of current operation: PENDING
10:10:59 INFO  State of current operation: PENDING
10:11:01 INFO  State of current operation: PENDING
10:11:03 INFO  State of current operation: PENDING
10:11:05 INFO  State of current operation: PENDING
10:11:08 INFO  State of current operation: PENDING
10:11:10 INFO  State of current operation: PENDING
10:11:12 INFO  State of current operation: PENDING
10:11:14 INFO  State of current operation: PENDING
10:11:16 INFO  State of current operation: PENDING
10:11:19 INFO  State of current operation: PENDING
10:11:21 INFO  State of current operation: PENDING
10:11:23 INFO  State of current operation: PENDING
10:11:25 INFO  State of current operation: PENDING
10:11:28 INFO  State of current operation: PENDING
10:11:30 INFO  State of current operation: PENDING
10:11:32 INFO  State of current operation: PENDING
10:11:34 INFO  State of current operation: PENDING
10:11:37 INFO  State of current operation: PENDING
10:11:39 INFO  State of current operation: PENDING
10:11:41 INFO  State of current operation: PENDING
10:11:43 INFO  State of current operation: PENDING
10:11:45 INFO  State of current operation: PENDING
10:11:48 INFO  State of current operation: PENDING
10:11:50 INFO  State of current operation: PENDING
10:11:52 WARN  SystemError occurred while running test - Timeout while waiting for status FAILED or SUCCESSFUL
Traceback (most recent call last):
  File &quot;/home/pi/env-pysys/lib/python3.7/site-packages/pysys/baserunner.py&quot;, line 1292, in __call__
    self.testObj.setup()
  File &quot;/home/pi/actions-runner/_work/thin-edge.io/thin-edge.io/tests/PySys/software_management_end_to_end/sm_fake_install_remove_multiple/run.py&quot;, line 68, in setup
    super().setup()
  File &quot;/home/pi/actions-runner/_work/thin-edge.io/thin-edge.io/tests/PySys/software_management_end_to_end/environment_sm_management.py&quot;, line 151, in setup
    self.wait_until_end()
  File &quot;/home/pi/actions-runner/_work/thin-edge.io/thin-edge.io/tests/PySys/software_management_end_to_end/environment_sm_management.py&quot;, line 332, in wait_until_end
    self.wait_until_status(&quot;FAILED&quot;, &quot;SUCCESSFUL&quot;)
  File &quot;/home/pi/actions-runner/_work/thin-edge.io/thin-edge.io/tests/PySys/software_management_end_to_end/environment_sm_management.py&quot;, line 381, in wait_until_status
    &quot;Timeout while waiting for status %s or %s&quot; % (status, status2)
SystemError: Timeout while waiting for status FAILED or SUCCESSFUL
10:11:52 WARN  SystemError: Timeout while waiting for status FAILED or SUCCESSFUL ... blocked 
10:11:52 INFO  
10:11:52 INFO  cleanup:
10:11:56 INFO  Executed sudo&lt;tedge_disconnect_c8y&gt;, exit status 0
10:11:57 INFO  Executed systemctl&lt;serv_mapper5&gt;, exit status 3
10:11:57 INFO  
10:11:57 INFO  Test duration: 165.44 secs
10:11:57 INFO  Test final outcome:  BLOCKED
10:11:57 INFO  Test outcome reason: SystemError: Timeout while waiting for status FAILED or SUCCESSFUL
10:11:57 INFO  
</system-out>
	</testcase>
</testsuite>
