<?xml version="1.0" encoding="utf-8"?>
<testsuite failures="1" name="SoftwareManagement.sm_apt_install_remove_multiple_mixed" skipped="0" tests="1" time="178.2" timestamp="2022-05-03T14:59:47">
	<testcase classname="PySysTest" name="SoftwareManagement.sm_apt_install_remove_multiple_mixed">
		<failure message="BLOCKED: SystemError: Timeout while waiting for status SUCCESSFUL or False (+1 other failures)" type="BLOCKED"/>
		<system-out>14:56:49 INFO  ==============================================================
14:56:49 INFO  Id:    SoftwareManagement.sm_apt_install_remove_multiple_mixed
14:56:49 INFO  Dir:   software_management_end_to_end/
14:56:49 INFO  Title: Validate end to end behaviour for the apt plugin for multiple packages with mixed versions
14:56:49 INFO  ==============================================================
14:56:49 INFO  Using sw id database: {'asciijump': '5475369', 'robotfindskitten': '5474869', 'squirrel3': '5475279', 'rolldice': '5152439', 'moon-buggy': '5439204', 'apple': '5495053', 'banana': '5494888', 'cherry': '5495382', 'watermelon': '5494510', 'registry': '8018911', 'hello-world': '8021526', 'docker/getting-started': '8021973', 'alpine': '7991792'}
14:56:49 INFO  EnvironmentC8y Setup
14:56:49 INFO  Executed systemctl&lt;serv_mapper1&gt;, exit status 3
14:56:49 INFO  Restarting mosquitto too frequently in the last 10 seconds. It was only up for 5 seconds
14:56:49 INFO  Delaying execution by 6 seconds
14:57:09 INFO  Executed sudo&lt;tedge_connect_c8y&gt;, exit status 0, duration 13 secs
14:57:10 INFO  Executed sudo&lt;tedge_connect_c8y_test&gt;, exit status 0
14:57:10 INFO  Executed systemctl&lt;serv_mosq2&gt;, exit status 0
14:57:10 INFO  Executed systemctl&lt;serv_mapper3&gt;, exit status 0
14:57:13 INFO  State of current operation: SUCCESSFUL
14:57:13 INFO  Assert that (False == value) with value=False ... passed
14:57:13 INFO  Assert that (False == value) with value=False ... passed
14:57:13 INFO  Assert that (False == value) with value=False ... passed
14:57:14 INFO  Assert that (False == value) with value=False ... passed
14:57:14 INFO  Package moon-buggy is installed
14:57:14 WARN  Assert that (False == value) with value=True ... failed 
14:57:15 INFO  Response status: 201
14:57:15 INFO  Response to action: {
    &quot;delivery&quot;: {
        &quot;time&quot;: &quot;2022-05-03T14:57:15.683Z&quot;,
        &quot;log&quot;: [],
        &quot;status&quot;: &quot;PENDING&quot;
    },
    &quot;creationTime&quot;: &quot;2022-05-03T14:57:15.669Z&quot;,
    &quot;deviceName&quot;: &quot;m32sd10c&quot;,
    &quot;deviceId&quot;: &quot;18294268&quot;,
    &quot;self&quot;: &quot;https://t493319102.eu-latest.cumulocity.com/devicecontrol/operations/18313812&quot;,
    &quot;id&quot;: &quot;18313812&quot;,
    &quot;status&quot;: &quot;PENDING&quot;,
    &quot;description&quot;: &quot;Apply software changes, triggered from PySys: [{'action': 'install', 'id': '5475369', 'name': 'asciijump', 'url': ' ', 'version': '::apt'}, {'action': 'install', 'id': '5474869', 'name': 'robotfindskitten', 'url': ' ', 'version': ' '}, {'action': 'install', 'id': '5475279', 'name': 'squirrel3', 'url': ' ', 'version': '3.1-7::apt'}, {'action': 'install', 'id': '5152439', 'name': 'rolldice', 'url': ' ', 'version': '1.16-1+b1'}, {'action': 'install', 'id': '5439204', 'name': 'moon-buggy', 'url': ' ', 'version': '1:1.0.51-12'}, {'action': 'install', 'id': '5475369', 'name': 'asciijump', 'url': ' ', 'version': '::apt'}]&quot;,
    &quot;c8y_SoftwareUpdate&quot;: [
        {
            &quot;name&quot;: &quot;asciijump&quot;,
            &quot;action&quot;: &quot;install&quot;,
            &quot;id&quot;: &quot;5475369&quot;,
            &quot;version&quot;: &quot;::apt&quot;,
            &quot;url&quot;: &quot; &quot;
        },
        {
            &quot;name&quot;: &quot;robotfindskitten&quot;,
            &quot;action&quot;: &quot;install&quot;,
            &quot;id&quot;: &quot;5474869&quot;,
            &quot;version&quot;: &quot; &quot;,
            &quot;url&quot;: &quot; &quot;
        },
        {
            &quot;name&quot;: &quot;squirrel3&quot;,
            &quot;action&quot;: &quot;install&quot;,
            &quot;id&quot;: &quot;5475279&quot;,
            &quot;version&quot;: &quot;3.1-7::apt&quot;,
            &quot;url&quot;: &quot; &quot;
        },
        {
            &quot;name&quot;: &quot;rolldice&quot;,
            &quot;action&quot;: &quot;install&quot;,
            &quot;id&quot;: &quot;5152439&quot;,
            &quot;version&quot;: &quot;1.16-1+b1&quot;,
            &quot;url&quot;: &quot; &quot;
        },
        {
            &quot;name&quot;: &quot;moon-buggy&quot;,
            &quot;action&quot;: &quot;install&quot;,
            &quot;id&quot;: &quot;5439204&quot;,
            &quot;version&quot;: &quot;1:1.0.51-12&quot;,
            &quot;url&quot;: &quot; &quot;
        },
        {
            &quot;name&quot;: &quot;asciijump&quot;,
            &quot;action&quot;: &quot;install&quot;,
            &quot;id&quot;: &quot;5475369&quot;,
            &quot;version&quot;: &quot;::apt&quot;,
            &quot;url&quot;: &quot; &quot;
        }
    ]
}
14:57:15 INFO  Started operation: {'delivery': {'time': '2022-05-03T14:57:15.683Z', 'log': [], 'status': 'PENDING'}, 'creationTime': '2022-05-03T14:57:15.669Z', 'deviceName': 'm32sd10c', 'deviceId': '18294268', 'self': 'https://t493319102.eu-latest.cumulocity.com/devicecontrol/operations/18313812', 'id': '18313812', 'status': 'PENDING', 'description': &quot;Apply software changes, triggered from PySys: [{'action': 'install', 'id': '5475369', 'name': 'asciijump', 'url': ' ', 'version': '::apt'}, {'action': 'install', 'id': '5474869', 'name': 'robotfindskitten', 'url': ' ', 'version': ' '}, {'action': 'install', 'id': '5475279', 'name': 'squirrel3', 'url': ' ', 'version': '3.1-7::apt'}, {'action': 'install', 'id': '5152439', 'name': 'rolldice', 'url': ' ', 'version': '1.16-1+b1'}, {'action': 'install', 'id': '5439204', 'name': 'moon-buggy', 'url': ' ', 'version': '1:1.0.51-12'}, {'action': 'install', 'id': '5475369', 'name': 'asciijump', 'url': ' ', 'version': '::apt'}]&quot;, 'c8y_SoftwareUpdate': [{'name': 'asciijump', 'action': 'install', 'id': '5475369', 'version': '::apt', 'url': ' '}, {'name': 'robotfindskitten', 'action': 'install', 'id': '5474869', 'version': ' ', 'url': ' '}, {'name': 'squirrel3', 'action': 'install', 'id': '5475279', 'version': '3.1-7::apt', 'url': ' '}, {'name': 'rolldice', 'action': 'install', 'id': '5152439', 'version': '1.16-1+b1', 'url': ' '}, {'name': 'moon-buggy', 'action': 'install', 'id': '5439204', 'version': '1:1.0.51-12', 'url': ' '}, {'name': 'asciijump', 'action': 'install', 'id': '5475369', 'version': '::apt', 'url': ' '}]}
14:57:17 INFO  State of operation 18313812 : PENDING
14:57:20 INFO  State of operation 18313812 : EXECUTING
14:57:22 INFO  State of operation 18313812 : EXECUTING
14:57:24 INFO  State of operation 18313812 : EXECUTING
14:57:26 INFO  State of operation 18313812 : EXECUTING
14:57:29 INFO  State of operation 18313812 : EXECUTING
14:57:31 INFO  State of operation 18313812 : EXECUTING
14:57:34 INFO  State of operation 18313812 : EXECUTING
14:57:37 INFO  State of operation 18313812 : EXECUTING
14:57:39 INFO  State of operation 18313812 : EXECUTING
14:57:41 INFO  State of operation 18313812 : EXECUTING
14:57:44 INFO  State of operation 18313812 : EXECUTING
14:57:46 INFO  State of operation 18313812 : EXECUTING
14:57:48 INFO  State of operation 18313812 : EXECUTING
14:57:50 INFO  State of operation 18313812 : EXECUTING
14:57:53 INFO  State of operation 18313812 : EXECUTING
14:57:55 INFO  State of operation 18313812 : EXECUTING
14:57:57 INFO  State of operation 18313812 : EXECUTING
14:58:00 INFO  State of operation 18313812 : EXECUTING
14:58:02 INFO  State of operation 18313812 : EXECUTING
14:58:04 INFO  State of operation 18313812 : EXECUTING
14:58:07 INFO  State of operation 18313812 : EXECUTING
14:58:10 INFO  State of operation 18313812 : EXECUTING
14:58:12 INFO  State of operation 18313812 : EXECUTING
14:58:14 INFO  State of operation 18313812 : EXECUTING
14:58:16 INFO  State of operation 18313812 : EXECUTING
14:58:19 INFO  State of operation 18313812 : EXECUTING
14:58:21 INFO  State of operation 18313812 : EXECUTING
14:58:23 INFO  State of operation 18313812 : EXECUTING
14:58:26 INFO  State of operation 18313812 : EXECUTING
14:58:28 INFO  State of operation 18313812 : EXECUTING
14:58:30 INFO  State of operation 18313812 : EXECUTING
14:58:33 INFO  State of operation 18313812 : EXECUTING
14:58:35 INFO  State of operation 18313812 : EXECUTING
14:58:37 INFO  State of operation 18313812 : EXECUTING
14:58:39 INFO  State of operation 18313812 : EXECUTING
14:58:42 INFO  State of operation 18313812 : EXECUTING
14:58:44 INFO  State of operation 18313812 : EXECUTING
14:58:47 INFO  State of operation 18313812 : EXECUTING
14:58:49 INFO  State of operation 18313812 : EXECUTING
14:58:52 INFO  State of operation 18313812 : EXECUTING
14:58:54 INFO  State of operation 18313812 : EXECUTING
14:58:56 INFO  State of operation 18313812 : EXECUTING
14:58:58 INFO  State of operation 18313812 : EXECUTING
14:59:01 INFO  State of operation 18313812 : EXECUTING
14:59:03 INFO  State of operation 18313812 : EXECUTING
14:59:05 INFO  State of operation 18313812 : EXECUTING
14:59:08 INFO  State of operation 18313812 : EXECUTING
14:59:10 INFO  State of operation 18313812 : EXECUTING
14:59:13 INFO  State of operation 18313812 : EXECUTING
14:59:15 INFO  State of operation 18313812 : EXECUTING
14:59:17 INFO  State of operation 18313812 : EXECUTING
14:59:20 INFO  State of operation 18313812 : EXECUTING
14:59:22 INFO  State of operation 18313812 : EXECUTING
14:59:25 INFO  State of operation 18313812 : EXECUTING
14:59:27 INFO  State of operation 18313812 : EXECUTING
14:59:30 INFO  State of operation 18313812 : EXECUTING
14:59:32 INFO  State of operation 18313812 : EXECUTING
14:59:35 INFO  State of operation 18313812 : EXECUTING
14:59:37 INFO  State of operation 18313812 : EXECUTING
14:59:40 INFO  State of operation 18313812 : EXECUTING
14:59:42 WARN  SystemError occurred while running test - Timeout while waiting for status SUCCESSFUL or False
Traceback (most recent call last):
  File &quot;/home/pi/env-pysys/lib/python3.7/site-packages/pysys/baserunner.py&quot;, line 1294, in __call__
    self.testObj.execute()
  File &quot;/home/pi/actions-runner/_work/thin-edge.io/thin-edge.io/tests/PySys/software_management_end_to_end/sm_apt_install_remove_multiple_mixed/run.py&quot;, line 89, in execute
    self.wait_until_succcess()
  File &quot;/home/pi/actions-runner/_work/thin-edge.io/thin-edge.io/tests/PySys/software_management_end_to_end/environment_sm_management.py&quot;, line 324, in wait_until_succcess
    self.wait_until_status(&quot;SUCCESSFUL&quot;)
  File &quot;/home/pi/actions-runner/_work/thin-edge.io/thin-edge.io/tests/PySys/software_management_end_to_end/environment_sm_management.py&quot;, line 381, in wait_until_status
    &quot;Timeout while waiting for status %s or %s&quot; % (status, status2)
SystemError: Timeout while waiting for status SUCCESSFUL or False
14:59:42 WARN  SystemError: Timeout while waiting for status SUCCESSFUL or False ... blocked 
14:59:42 INFO  
14:59:42 INFO  cleanup:
14:59:46 INFO  Executed sudo&lt;tedge_disconnect_c8y&gt;, exit status 0
14:59:47 INFO  Executed systemctl&lt;serv_mapper5&gt;, exit status 3
14:59:47 INFO  
14:59:47 INFO  Test duration: 178.20 secs
14:59:47 INFO  Test final outcome:  BLOCKED
14:59:47 INFO  Test outcome reason: SystemError: Timeout while waiting for status SUCCESSFUL or False (+1 other failures)
14:59:47 INFO  
</system-out>
	</testcase>
</testsuite>
