<?xml version="1.0" encoding="utf-8"?>
<testsuite failures="1" name="SoftwareManagement.sm_apt_install_remove_default" skipped="0" tests="1" time="164.56" timestamp="2022-04-25T22:23:39">
	<testcase classname="PySysTest" name="SoftwareManagement.sm_apt_install_remove_default">
		<failure message="BLOCKED: SystemError: Timeout while waiting for status FAILED or SUCCESSFUL" type="BLOCKED"/>
		<system-out>22:20:55 INFO  ==============================================================
22:20:55 INFO  Id:    SoftwareManagement.sm_apt_install_remove_default
22:20:55 INFO  Dir:   software_management_end_to_end/
22:20:55 INFO  Title: Validate end to end behaviour for the default plugin for installation and removal of packages
22:20:55 INFO  ==============================================================
22:20:55 INFO  Using sw id database: {'asciijump': '5475369', 'robotfindskitten': '5474869', 'squirrel3': '5475279', 'rolldice': '5152439', 'moon-buggy': '5439204', 'apple': '5495053', 'banana': '5494888', 'cherry': '5495382', 'watermelon': '5494510', 'registry': '8018911', 'hello-world': '8021526', 'docker/getting-started': '8021973', 'alpine': '7991792'}
22:20:55 INFO  EnvironmentC8y Setup
22:20:55 INFO  Executed systemctl&lt;serv_mapper1&gt;, exit status 3
22:20:55 INFO  Restarting mosquitto too frequently in the last 10 seconds. It was only up for 5 seconds
22:20:55 INFO  Delaying execution by 6 seconds
22:21:15 INFO  Executed sudo&lt;tedge_connect_c8y&gt;, exit status 0, duration 13 secs
22:21:16 INFO  Executed sudo&lt;tedge_connect_c8y_test&gt;, exit status 0
22:21:16 INFO  Executed systemctl&lt;serv_mosq2&gt;, exit status 0
22:21:17 INFO  Executed systemctl&lt;serv_mapper3&gt;, exit status 0
22:21:19 INFO  State of current operation: PENDING
22:21:21 INFO  State of current operation: PENDING
22:21:24 INFO  State of current operation: PENDING
22:21:26 INFO  State of current operation: PENDING
22:21:28 INFO  State of current operation: PENDING
22:21:30 INFO  State of current operation: PENDING
22:21:32 INFO  State of current operation: PENDING
22:21:35 INFO  State of current operation: PENDING
22:21:37 INFO  State of current operation: PENDING
22:21:39 INFO  State of current operation: PENDING
22:21:41 INFO  State of current operation: PENDING
22:21:44 INFO  State of current operation: PENDING
22:21:46 INFO  State of current operation: PENDING
22:21:48 INFO  State of current operation: PENDING
22:21:50 INFO  State of current operation: PENDING
22:21:52 INFO  State of current operation: PENDING
22:21:55 INFO  State of current operation: PENDING
22:21:57 INFO  State of current operation: PENDING
22:21:59 INFO  State of current operation: PENDING
22:22:01 INFO  State of current operation: PENDING
22:22:04 INFO  State of current operation: PENDING
22:22:06 INFO  State of current operation: PENDING
22:22:08 INFO  State of current operation: PENDING
22:22:10 INFO  State of current operation: PENDING
22:22:12 INFO  State of current operation: PENDING
22:22:15 INFO  State of current operation: PENDING
22:22:17 INFO  State of current operation: PENDING
22:22:19 INFO  State of current operation: PENDING
22:22:21 INFO  State of current operation: PENDING
22:22:24 INFO  State of current operation: PENDING
22:22:26 INFO  State of current operation: PENDING
22:22:28 INFO  State of current operation: PENDING
22:22:30 INFO  State of current operation: PENDING
22:22:32 INFO  State of current operation: PENDING
22:22:35 INFO  State of current operation: PENDING
22:22:37 INFO  State of current operation: PENDING
22:22:39 INFO  State of current operation: PENDING
22:22:41 INFO  State of current operation: PENDING
22:22:44 INFO  State of current operation: PENDING
22:22:46 INFO  State of current operation: PENDING
22:22:48 INFO  State of current operation: PENDING
22:22:50 INFO  State of current operation: PENDING
22:22:52 INFO  State of current operation: PENDING
22:22:55 INFO  State of current operation: PENDING
22:22:57 INFO  State of current operation: PENDING
22:22:59 INFO  State of current operation: PENDING
22:23:01 INFO  State of current operation: PENDING
22:23:04 INFO  State of current operation: PENDING
22:23:06 INFO  State of current operation: PENDING
22:23:08 INFO  State of current operation: PENDING
22:23:10 INFO  State of current operation: PENDING
22:23:13 INFO  State of current operation: PENDING
22:23:15 INFO  State of current operation: PENDING
22:23:17 INFO  State of current operation: PENDING
22:23:19 INFO  State of current operation: PENDING
22:23:21 INFO  State of current operation: PENDING
22:23:24 INFO  State of current operation: PENDING
22:23:26 INFO  State of current operation: PENDING
22:23:28 INFO  State of current operation: PENDING
22:23:30 INFO  State of current operation: PENDING
22:23:33 INFO  State of current operation: PENDING
22:23:35 WARN  SystemError occurred while running test - Timeout while waiting for status FAILED or SUCCESSFUL
Traceback (most recent call last):
  File &quot;/home/pi/env-pysys/lib/python3.7/site-packages/pysys/baserunner.py&quot;, line 1292, in __call__
    self.testObj.setup()
  File &quot;/home/pi/actions-runner/_work/thin-edge.io/thin-edge.io/tests/PySys/software_management_end_to_end/sm_apt_install_remove_default/run.py&quot;, line 26, in setup
    super().setup()
  File &quot;/home/pi/actions-runner/_work/thin-edge.io/thin-edge.io/tests/PySys/software_management_end_to_end/environment_sm_management.py&quot;, line 151, in setup
    self.wait_until_end()
  File &quot;/home/pi/actions-runner/_work/thin-edge.io/thin-edge.io/tests/PySys/software_management_end_to_end/environment_sm_management.py&quot;, line 332, in wait_until_end
    self.wait_until_status(&quot;FAILED&quot;, &quot;SUCCESSFUL&quot;)
  File &quot;/home/pi/actions-runner/_work/thin-edge.io/thin-edge.io/tests/PySys/software_management_end_to_end/environment_sm_management.py&quot;, line 381, in wait_until_status
    &quot;Timeout while waiting for status %s or %s&quot; % (status, status2)
SystemError: Timeout while waiting for status FAILED or SUCCESSFUL
22:23:35 WARN  SystemError: Timeout while waiting for status FAILED or SUCCESSFUL ... blocked 
22:23:35 INFO  
22:23:35 INFO  cleanup:
22:23:39 INFO  Executed sudo&lt;tedge_disconnect_c8y&gt;, exit status 0
22:23:39 INFO  Executed systemctl&lt;serv_mapper5&gt;, exit status 3
22:23:39 INFO  
22:23:39 INFO  Test duration: 164.56 secs
22:23:39 INFO  Test final outcome:  BLOCKED
22:23:39 INFO  Test outcome reason: SystemError: Timeout while waiting for status FAILED or SUCCESSFUL
22:23:39 INFO  
</system-out>
	</testcase>
</testsuite>
