<?xml version="1.0" encoding="utf-8"?>
<testsuite failures="1" name="SoftwareManagement.sm_apt_install_remove_default" skipped="0" tests="1" time="164.42" timestamp="2022-04-27T14:26:45">
	<testcase classname="PySysTest" name="SoftwareManagement.sm_apt_install_remove_default">
		<failure message="BLOCKED: SystemError: Timeout while waiting for status FAILED or SUCCESSFUL" type="BLOCKED"/>
		<system-out>14:24:01 INFO  ==============================================================
14:24:01 INFO  Id:    SoftwareManagement.sm_apt_install_remove_default
14:24:01 INFO  Dir:   software_management_end_to_end/
14:24:01 INFO  Title: Validate end to end behaviour for the default plugin for installation and removal of packages
14:24:01 INFO  ==============================================================
14:24:01 INFO  Using sw id database: {'asciijump': '5475369', 'robotfindskitten': '5474869', 'squirrel3': '5475279', 'rolldice': '5152439', 'moon-buggy': '5439204', 'apple': '5495053', 'banana': '5494888', 'cherry': '5495382', 'watermelon': '5494510', 'registry': '8018911', 'hello-world': '8021526', 'docker/getting-started': '8021973', 'alpine': '7991792'}
14:24:01 INFO  EnvironmentC8y Setup
14:24:01 INFO  Executed systemctl&lt;serv_mapper1&gt;, exit status 3
14:24:01 INFO  Restarting mosquitto too frequently in the last 10 seconds. It was only up for 5 seconds
14:24:01 INFO  Delaying execution by 6 seconds
14:24:21 INFO  Executed sudo&lt;tedge_connect_c8y&gt;, exit status 0, duration 13 secs
14:24:21 INFO  Executed sudo&lt;tedge_connect_c8y_test&gt;, exit status 0
14:24:22 INFO  Executed systemctl&lt;serv_mosq2&gt;, exit status 0
14:24:22 INFO  Executed systemctl&lt;serv_mapper3&gt;, exit status 0
14:24:25 INFO  State of current operation: PENDING
14:24:27 INFO  State of current operation: PENDING
14:24:29 INFO  State of current operation: PENDING
14:24:31 INFO  State of current operation: PENDING
14:24:34 INFO  State of current operation: PENDING
14:24:36 INFO  State of current operation: PENDING
14:24:38 INFO  State of current operation: PENDING
14:24:40 INFO  State of current operation: PENDING
14:24:43 INFO  State of current operation: PENDING
14:24:45 INFO  State of current operation: PENDING
14:24:47 INFO  State of current operation: PENDING
14:24:49 INFO  State of current operation: PENDING
14:24:51 INFO  State of current operation: PENDING
14:24:54 INFO  State of current operation: PENDING
14:24:56 INFO  State of current operation: PENDING
14:24:58 INFO  State of current operation: PENDING
14:25:00 INFO  State of current operation: PENDING
14:25:02 INFO  State of current operation: PENDING
14:25:05 INFO  State of current operation: PENDING
14:25:07 INFO  State of current operation: PENDING
14:25:09 INFO  State of current operation: PENDING
14:25:11 INFO  State of current operation: PENDING
14:25:14 INFO  State of current operation: PENDING
14:25:16 INFO  State of current operation: PENDING
14:25:18 INFO  State of current operation: PENDING
14:25:21 INFO  State of current operation: PENDING
14:25:23 INFO  State of current operation: PENDING
14:25:25 INFO  State of current operation: PENDING
14:25:27 INFO  State of current operation: PENDING
14:25:29 INFO  State of current operation: PENDING
14:25:32 INFO  State of current operation: PENDING
14:25:34 INFO  State of current operation: PENDING
14:25:36 INFO  State of current operation: PENDING
14:25:38 INFO  State of current operation: PENDING
14:25:40 INFO  State of current operation: PENDING
14:25:43 INFO  State of current operation: PENDING
14:25:45 INFO  State of current operation: PENDING
14:25:47 INFO  State of current operation: PENDING
14:25:49 INFO  State of current operation: PENDING
14:25:52 INFO  State of current operation: PENDING
14:25:54 INFO  State of current operation: PENDING
14:25:56 INFO  State of current operation: PENDING
14:25:58 INFO  State of current operation: PENDING
14:26:00 INFO  State of current operation: PENDING
14:26:03 INFO  State of current operation: PENDING
14:26:05 INFO  State of current operation: PENDING
14:26:07 INFO  State of current operation: PENDING
14:26:09 INFO  State of current operation: PENDING
14:26:12 INFO  State of current operation: PENDING
14:26:14 INFO  State of current operation: PENDING
14:26:16 INFO  State of current operation: PENDING
14:26:18 INFO  State of current operation: PENDING
14:26:20 INFO  State of current operation: PENDING
14:26:23 INFO  State of current operation: PENDING
14:26:25 INFO  State of current operation: PENDING
14:26:27 INFO  State of current operation: PENDING
14:26:29 INFO  State of current operation: PENDING
14:26:32 INFO  State of current operation: PENDING
14:26:34 INFO  State of current operation: PENDING
14:26:36 INFO  State of current operation: PENDING
14:26:38 INFO  State of current operation: PENDING
14:26:40 WARN  SystemError occurred while running test - Timeout while waiting for status FAILED or SUCCESSFUL
Traceback (most recent call last):
  File &quot;/home/pi/env-pysys/lib/python3.7/site-packages/pysys/baserunner.py&quot;, line 1292, in __call__
    self.testObj.setup()
  File &quot;/home/pi/actions-runner/_work/thin-edge.io/thin-edge.io/tests/PySys/software_management_end_to_end/sm_apt_install_remove_default/run.py&quot;, line 26, in setup
    super().setup()
  File &quot;/home/pi/actions-runner/_work/thin-edge.io/thin-edge.io/tests/PySys/software_management_end_to_end/environment_sm_management.py&quot;, line 151, in setup
    self.wait_until_end()
  File &quot;/home/pi/actions-runner/_work/thin-edge.io/thin-edge.io/tests/PySys/software_management_end_to_end/environment_sm_management.py&quot;, line 332, in wait_until_end
    self.wait_until_status(&quot;FAILED&quot;, &quot;SUCCESSFUL&quot;)
  File &quot;/home/pi/actions-runner/_work/thin-edge.io/thin-edge.io/tests/PySys/software_management_end_to_end/environment_sm_management.py&quot;, line 381, in wait_until_status
    &quot;Timeout while waiting for status %s or %s&quot; % (status, status2)
SystemError: Timeout while waiting for status FAILED or SUCCESSFUL
14:26:40 WARN  SystemError: Timeout while waiting for status FAILED or SUCCESSFUL ... blocked 
14:26:40 INFO  
14:26:40 INFO  cleanup:
14:26:44 INFO  Executed sudo&lt;tedge_disconnect_c8y&gt;, exit status 0
14:26:45 INFO  Executed systemctl&lt;serv_mapper5&gt;, exit status 3
14:26:45 INFO  
14:26:45 INFO  Test duration: 164.42 secs
14:26:45 INFO  Test final outcome:  BLOCKED
14:26:45 INFO  Test outcome reason: SystemError: Timeout while waiting for status FAILED or SUCCESSFUL
14:26:45 INFO  
</system-out>
	</testcase>
</testsuite>
