<?xml version="1.0" encoding="utf-8"?>
<testsuite failures="1" name="SoftwareManagement.sm_docker_install_remove_multiple" skipped="0" tests="1" time="165.14" timestamp="2022-04-27T10:06:27">
	<testcase classname="SMDockerInstallRemove" name="SoftwareManagement.sm_docker_install_remove_multiple">
		<failure message="BLOCKED: SystemError: Timeout while waiting for status FAILED or SUCCESSFUL" type="BLOCKED"/>
		<system-out>10:03:41 INFO  ==============================================================
10:03:41 INFO  Id:    SoftwareManagement.sm_docker_install_remove_multiple
10:03:41 INFO  Dir:   software_management_end_to_end/
10:03:41 INFO  Title: Validate end to end behaviour for the docker plugin for multiple docker images with mixed versions
10:03:41 INFO  ==============================================================
10:03:41 INFO  Using sw id database: {'asciijump': '5475369', 'robotfindskitten': '5474869', 'squirrel3': '5475279', 'rolldice': '5152439', 'moon-buggy': '5439204', 'apple': '5495053', 'banana': '5494888', 'cherry': '5495382', 'watermelon': '5494510', 'registry': '8018911', 'hello-world': '8021526', 'docker/getting-started': '8021973', 'alpine': '7991792'}
10:03:41 INFO  EnvironmentC8y Setup
10:03:42 INFO  Executed systemctl&lt;serv_mapper1&gt;, exit status 3
10:03:42 INFO  Restarting mosquitto too frequently in the last 10 seconds. It was only up for 4 seconds
10:03:42 INFO  Delaying execution by 7 seconds
10:04:03 INFO  Executed sudo&lt;tedge_connect_c8y&gt;, exit status 0, duration 13 secs
10:04:03 INFO  Executed sudo&lt;tedge_connect_c8y_test&gt;, exit status 0
10:04:04 INFO  Executed systemctl&lt;serv_mosq2&gt;, exit status 0
10:04:04 INFO  Executed systemctl&lt;serv_mapper3&gt;, exit status 0
10:04:07 INFO  State of current operation: PENDING
10:04:09 INFO  State of current operation: PENDING
10:04:11 INFO  State of current operation: PENDING
10:04:13 INFO  State of current operation: PENDING
10:04:16 INFO  State of current operation: PENDING
10:04:18 INFO  State of current operation: PENDING
10:04:20 INFO  State of current operation: PENDING
10:04:22 INFO  State of current operation: PENDING
10:04:24 INFO  State of current operation: PENDING
10:04:27 INFO  State of current operation: PENDING
10:04:29 INFO  State of current operation: PENDING
10:04:31 INFO  State of current operation: PENDING
10:04:33 INFO  State of current operation: PENDING
10:04:36 INFO  State of current operation: PENDING
10:04:38 INFO  State of current operation: PENDING
10:04:40 INFO  State of current operation: PENDING
10:04:42 INFO  State of current operation: PENDING
10:04:44 INFO  State of current operation: PENDING
10:04:47 INFO  State of current operation: PENDING
10:04:49 INFO  State of current operation: PENDING
10:04:51 INFO  State of current operation: PENDING
10:04:53 INFO  State of current operation: PENDING
10:04:56 INFO  State of current operation: PENDING
10:04:58 INFO  State of current operation: PENDING
10:05:00 INFO  State of current operation: PENDING
10:05:02 INFO  State of current operation: PENDING
10:05:04 INFO  State of current operation: PENDING
10:05:07 INFO  State of current operation: PENDING
10:05:09 INFO  State of current operation: PENDING
10:05:11 INFO  State of current operation: PENDING
10:05:13 INFO  State of current operation: PENDING
10:05:16 INFO  State of current operation: PENDING
10:05:18 INFO  State of current operation: PENDING
10:05:20 INFO  State of current operation: PENDING
10:05:22 INFO  State of current operation: PENDING
10:05:24 INFO  State of current operation: PENDING
10:05:27 INFO  State of current operation: PENDING
10:05:29 INFO  State of current operation: PENDING
10:05:31 INFO  State of current operation: PENDING
10:05:33 INFO  State of current operation: PENDING
10:05:36 INFO  State of current operation: PENDING
10:05:38 INFO  State of current operation: PENDING
10:05:40 INFO  State of current operation: PENDING
10:05:42 INFO  State of current operation: PENDING
10:05:44 INFO  State of current operation: PENDING
10:05:47 INFO  State of current operation: PENDING
10:05:49 INFO  State of current operation: PENDING
10:05:51 INFO  State of current operation: PENDING
10:05:53 INFO  State of current operation: PENDING
10:05:56 INFO  State of current operation: PENDING
10:05:58 INFO  State of current operation: PENDING
10:06:00 INFO  State of current operation: PENDING
10:06:02 INFO  State of current operation: PENDING
10:06:04 INFO  State of current operation: PENDING
10:06:07 INFO  State of current operation: PENDING
10:06:09 INFO  State of current operation: PENDING
10:06:11 INFO  State of current operation: PENDING
10:06:13 INFO  State of current operation: PENDING
10:06:16 INFO  State of current operation: PENDING
10:06:18 INFO  State of current operation: PENDING
10:06:20 INFO  State of current operation: PENDING
10:06:22 WARN  SystemError occurred while running test - Timeout while waiting for status FAILED or SUCCESSFUL
Traceback (most recent call last):
  File &quot;/home/pi/env-pysys/lib/python3.7/site-packages/pysys/baserunner.py&quot;, line 1292, in __call__
    self.testObj.setup()
  File &quot;/home/pi/actions-runner/_work/thin-edge.io/thin-edge.io/tests/PySys/software_management_end_to_end/sm_docker_install_remove_multiple/run.py&quot;, line 29, in setup
    super().setup()
  File &quot;/home/pi/actions-runner/_work/thin-edge.io/thin-edge.io/tests/PySys/software_management_end_to_end/environment_sm_management.py&quot;, line 151, in setup
    self.wait_until_end()
  File &quot;/home/pi/actions-runner/_work/thin-edge.io/thin-edge.io/tests/PySys/software_management_end_to_end/environment_sm_management.py&quot;, line 332, in wait_until_end
    self.wait_until_status(&quot;FAILED&quot;, &quot;SUCCESSFUL&quot;)
  File &quot;/home/pi/actions-runner/_work/thin-edge.io/thin-edge.io/tests/PySys/software_management_end_to_end/environment_sm_management.py&quot;, line 381, in wait_until_status
    &quot;Timeout while waiting for status %s or %s&quot; % (status, status2)
SystemError: Timeout while waiting for status FAILED or SUCCESSFUL
10:06:22 WARN  SystemError: Timeout while waiting for status FAILED or SUCCESSFUL ... blocked 
10:06:22 INFO  
10:06:22 INFO  cleanup:
10:06:26 INFO  Executed sudo&lt;tedge_disconnect_c8y&gt;, exit status 0
10:06:27 INFO  Executed systemctl&lt;serv_mapper5&gt;, exit status 3
10:06:27 INFO  
10:06:27 INFO  Test duration: 165.14 secs
10:06:27 INFO  Test final outcome:  BLOCKED
10:06:27 INFO  Test outcome reason: SystemError: Timeout while waiting for status FAILED or SUCCESSFUL
10:06:27 INFO  
</system-out>
	</testcase>
</testsuite>
