<?xml version="1.0" encoding="utf-8"?>
<testsuite failures="1" name="SoftwareManagement.sm_apt_install_fail" skipped="0" tests="1" time="164.92" timestamp="2022-04-24T13:14:39">
	<testcase classname="PySysTest" name="SoftwareManagement.sm_apt_install_fail">
		<failure message="BLOCKED: SystemError: Timeout while waiting for status FAILED or SUCCESSFUL" type="BLOCKED"/>
		<system-out>13:11:54 INFO  ==============================================================
13:11:54 INFO  Id:    SoftwareManagement.sm_apt_install_fail
13:11:54 INFO  Dir:   software_management_end_to_end/
13:11:54 INFO  Title: Validate end to end behaviour for a failing installation
13:11:54 INFO  ==============================================================
13:11:55 INFO  Using sw id database: {'asciijump': '5475369', 'robotfindskitten': '5474869', 'squirrel3': '5475279', 'rolldice': '5152439', 'moon-buggy': '5439204', 'apple': '5495053', 'banana': '5494888', 'cherry': '5495382', 'watermelon': '5494510', 'registry': '8018911', 'hello-world': '8021526', 'docker/getting-started': '8021973', 'alpine': '7991792'}
13:11:55 INFO  EnvironmentC8y Setup
13:11:55 INFO  Executed systemctl&lt;serv_mapper1&gt;, exit status 3
13:11:55 INFO  Restarting mosquitto too frequently in the last 10 seconds. It was only up for 5 seconds
13:11:55 INFO  Delaying execution by 6 seconds
13:12:15 INFO  Executed sudo&lt;tedge_connect_c8y&gt;, exit status 0, duration 13 secs
13:12:15 INFO  Executed sudo&lt;tedge_connect_c8y_test&gt;, exit status 0
13:12:16 INFO  Executed systemctl&lt;serv_mosq2&gt;, exit status 0
13:12:16 INFO  Executed systemctl&lt;serv_mapper3&gt;, exit status 0
13:12:19 INFO  State of current operation: PENDING
13:12:21 INFO  State of current operation: PENDING
13:12:23 INFO  State of current operation: PENDING
13:12:25 INFO  State of current operation: PENDING
13:12:28 INFO  State of current operation: PENDING
13:12:30 INFO  State of current operation: PENDING
13:12:32 INFO  State of current operation: PENDING
13:12:34 INFO  State of current operation: PENDING
13:12:37 INFO  State of current operation: PENDING
13:12:39 INFO  State of current operation: PENDING
13:12:41 INFO  State of current operation: PENDING
13:12:43 INFO  State of current operation: PENDING
13:12:45 INFO  State of current operation: PENDING
13:12:48 INFO  State of current operation: PENDING
13:12:50 INFO  State of current operation: PENDING
13:12:52 INFO  State of current operation: PENDING
13:12:54 INFO  State of current operation: PENDING
13:12:57 INFO  State of current operation: PENDING
13:12:59 INFO  State of current operation: PENDING
13:13:01 INFO  State of current operation: PENDING
13:13:03 INFO  State of current operation: PENDING
13:13:05 INFO  State of current operation: PENDING
13:13:08 INFO  State of current operation: PENDING
13:13:10 INFO  State of current operation: PENDING
13:13:12 INFO  State of current operation: PENDING
13:13:14 INFO  State of current operation: PENDING
13:13:16 INFO  State of current operation: PENDING
13:13:19 INFO  State of current operation: PENDING
13:13:21 INFO  State of current operation: PENDING
13:13:23 INFO  State of current operation: PENDING
13:13:25 INFO  State of current operation: PENDING
13:13:28 INFO  State of current operation: PENDING
13:13:30 INFO  State of current operation: PENDING
13:13:32 INFO  State of current operation: PENDING
13:13:34 INFO  State of current operation: PENDING
13:13:36 INFO  State of current operation: PENDING
13:13:39 INFO  State of current operation: PENDING
13:13:41 INFO  State of current operation: PENDING
13:13:43 INFO  State of current operation: PENDING
13:13:45 INFO  State of current operation: PENDING
13:13:48 INFO  State of current operation: PENDING
13:13:50 INFO  State of current operation: PENDING
13:13:52 INFO  State of current operation: PENDING
13:13:54 INFO  State of current operation: PENDING
13:13:56 INFO  State of current operation: PENDING
13:13:59 INFO  State of current operation: PENDING
13:14:01 INFO  State of current operation: PENDING
13:14:03 INFO  State of current operation: PENDING
13:14:05 INFO  State of current operation: PENDING
13:14:08 INFO  State of current operation: PENDING
13:14:10 INFO  State of current operation: PENDING
13:14:12 INFO  State of current operation: PENDING
13:14:14 INFO  State of current operation: PENDING
13:14:16 INFO  State of current operation: PENDING
13:14:19 INFO  State of current operation: PENDING
13:14:21 INFO  State of current operation: PENDING
13:14:24 INFO  State of current operation: PENDING
13:14:26 INFO  State of current operation: PENDING
13:14:28 INFO  State of current operation: PENDING
13:14:30 INFO  State of current operation: PENDING
13:14:32 INFO  State of current operation: PENDING
13:14:34 WARN  SystemError occurred while running test - Timeout while waiting for status FAILED or SUCCESSFUL
Traceback (most recent call last):
  File &quot;/home/pi/env-pysys/lib/python3.7/site-packages/pysys/baserunner.py&quot;, line 1292, in __call__
    self.testObj.setup()
  File &quot;/home/pi/actions-runner/_work/thin-edge.io/thin-edge.io/tests/PySys/software_management_end_to_end/sm_apt_install_fail/run.py&quot;, line 20, in setup
    super().setup()
  File &quot;/home/pi/actions-runner/_work/thin-edge.io/thin-edge.io/tests/PySys/software_management_end_to_end/environment_sm_management.py&quot;, line 151, in setup
    self.wait_until_end()
  File &quot;/home/pi/actions-runner/_work/thin-edge.io/thin-edge.io/tests/PySys/software_management_end_to_end/environment_sm_management.py&quot;, line 332, in wait_until_end
    self.wait_until_status(&quot;FAILED&quot;, &quot;SUCCESSFUL&quot;)
  File &quot;/home/pi/actions-runner/_work/thin-edge.io/thin-edge.io/tests/PySys/software_management_end_to_end/environment_sm_management.py&quot;, line 381, in wait_until_status
    &quot;Timeout while waiting for status %s or %s&quot; % (status, status2)
SystemError: Timeout while waiting for status FAILED or SUCCESSFUL
13:14:35 WARN  SystemError: Timeout while waiting for status FAILED or SUCCESSFUL ... blocked 
13:14:35 INFO  
13:14:35 INFO  cleanup:
13:14:39 INFO  Executed sudo&lt;tedge_disconnect_c8y&gt;, exit status 0
13:14:39 INFO  Executed systemctl&lt;serv_mapper5&gt;, exit status 3
13:14:39 INFO  
13:14:39 INFO  Test duration: 164.92 secs
13:14:39 INFO  Test final outcome:  BLOCKED
13:14:39 INFO  Test outcome reason: SystemError: Timeout while waiting for status FAILED or SUCCESSFUL
13:14:39 INFO  
</system-out>
	</testcase>
</testsuite>
