<?xml version="1.0" encoding="utf-8"?>
<testsuite failures="1" name="SoftwareManagement.sm_apt_install_remove_multiple" skipped="0" tests="1" time="138.12" timestamp="2022-05-09T15:48:44">
	<testcase classname="PySysTest" name="SoftwareManagement.sm_apt_install_remove_multiple">
		<failure message="FAILED: Assert that (False == value) with value=True (+2 other failures)" type="FAILED"/>
		<system-out>15:46:26 INFO  ==============================================================
15:46:26 INFO  Id:    SoftwareManagement.sm_apt_install_remove_multiple
15:46:26 INFO  Dir:   software_management_end_to_end/
15:46:26 INFO  Title: Validate end to end behaviour for the apt plugin for multiple packages
15:46:26 INFO  ==============================================================
15:46:26 INFO  Using sw id database: {'asciijump': '5475369', 'robotfindskitten': '5474869', 'squirrel3': '5475279', 'rolldice': '5152439', 'moon-buggy': '5439204', 'apple': '5495053', 'banana': '5494888', 'cherry': '5495382', 'watermelon': '5494510', 'registry': '8018911', 'hello-world': '8021526', 'docker/getting-started': '8021973', 'alpine': '7991792'}
15:46:26 INFO  EnvironmentC8y Setup
15:46:27 INFO  Executed systemctl&lt;serv_mapper1&gt;, exit status 3
15:46:27 INFO  Restarting mosquitto too frequently in the last 10 seconds. It was only up for 4 seconds
15:46:27 INFO  Delaying execution by 7 seconds
15:46:48 INFO  Executed sudo&lt;tedge_connect_c8y&gt;, exit status 0, duration 14 secs
15:46:49 INFO  Executed sudo&lt;tedge_connect_c8y_test&gt;, exit status 0
15:46:49 INFO  Executed systemctl&lt;serv_mosq2&gt;, exit status 0
15:46:50 INFO  Executed systemctl&lt;serv_mapper3&gt;, exit status 0
15:46:52 INFO  State of current operation: SUCCESSFUL
15:46:52 INFO  Assert that (False == value) with value=False ... passed
15:46:52 INFO  Package asciijump is installed
15:46:53 WARN  Assert that (False == value) with value=True ... failed 
15:46:53 INFO  Package squirrel3 is installed
15:46:53 WARN  Assert that (False == value) with value=True ... failed 
15:46:53 INFO  Package robotfindskitten is installed
15:46:53 WARN  Assert that (False == value) with value=True ... failed 
15:46:53 INFO  Response status: 201
15:46:53 INFO  Response to action: {
    &quot;creationTime&quot;: &quot;2022-05-09T15:46:53.875Z&quot;,
    &quot;deviceName&quot;: &quot;m32sd10c&quot;,
    &quot;deviceId&quot;: &quot;18538517&quot;,
    &quot;self&quot;: &quot;https://t493319102.eu-latest.cumulocity.com/devicecontrol/operations/18564352&quot;,
    &quot;id&quot;: &quot;18564352&quot;,
    &quot;status&quot;: &quot;PENDING&quot;,
    &quot;description&quot;: &quot;Apply software changes, triggered from PySys: [{'action': 'install', 'id': '5475369', 'name': 'asciijump', 'url': ' ', 'version': '::apt'}, {'action': 'install', 'id': '5474869', 'name': 'robotfindskitten', 'url': ' ', 'version': '::apt'}, {'action': 'install', 'id': '5475279', 'name': 'squirrel3', 'url': ' ', 'version': '::apt'}]&quot;,
    &quot;c8y_SoftwareUpdate&quot;: [
        {
            &quot;name&quot;: &quot;asciijump&quot;,
            &quot;action&quot;: &quot;install&quot;,
            &quot;id&quot;: &quot;5475369&quot;,
            &quot;version&quot;: &quot;::apt&quot;,
            &quot;url&quot;: &quot; &quot;
        },
        {
            &quot;name&quot;: &quot;robotfindskitten&quot;,
            &quot;action&quot;: &quot;install&quot;,
            &quot;id&quot;: &quot;5474869&quot;,
            &quot;version&quot;: &quot;::apt&quot;,
            &quot;url&quot;: &quot; &quot;
        },
        {
            &quot;name&quot;: &quot;squirrel3&quot;,
            &quot;action&quot;: &quot;install&quot;,
            &quot;id&quot;: &quot;5475279&quot;,
            &quot;version&quot;: &quot;::apt&quot;,
            &quot;url&quot;: &quot; &quot;
        }
    ]
}
15:46:53 INFO  Started operation: {'creationTime': '2022-05-09T15:46:53.875Z', 'deviceName': 'm32sd10c', 'deviceId': '18538517', 'self': 'https://t493319102.eu-latest.cumulocity.com/devicecontrol/operations/18564352', 'id': '18564352', 'status': 'PENDING', 'description': &quot;Apply software changes, triggered from PySys: [{'action': 'install', 'id': '5475369', 'name': 'asciijump', 'url': ' ', 'version': '::apt'}, {'action': 'install', 'id': '5474869', 'name': 'robotfindskitten', 'url': ' ', 'version': '::apt'}, {'action': 'install', 'id': '5475279', 'name': 'squirrel3', 'url': ' ', 'version': '::apt'}]&quot;, 'c8y_SoftwareUpdate': [{'name': 'asciijump', 'action': 'install', 'id': '5475369', 'version': '::apt', 'url': ' '}, {'name': 'robotfindskitten', 'action': 'install', 'id': '5474869', 'version': '::apt', 'url': ' '}, {'name': 'squirrel3', 'action': 'install', 'id': '5475279', 'version': '::apt', 'url': ' '}]}
15:46:56 INFO  State of operation 18564352 : PENDING
15:46:58 INFO  State of operation 18564352 : EXECUTING
15:47:00 INFO  State of operation 18564352 : EXECUTING
15:47:02 INFO  State of operation 18564352 : EXECUTING
15:47:05 INFO  State of operation 18564352 : EXECUTING
15:47:07 INFO  State of operation 18564352 : EXECUTING
15:47:09 INFO  State of operation 18564352 : EXECUTING
15:47:12 INFO  State of operation 18564352 : EXECUTING
15:47:15 INFO  State of operation 18564352 : EXECUTING
15:47:17 INFO  State of operation 18564352 : EXECUTING
15:47:19 INFO  State of operation 18564352 : EXECUTING
15:47:22 INFO  State of operation 18564352 : EXECUTING
15:47:24 INFO  State of operation 18564352 : EXECUTING
15:47:26 INFO  State of operation 18564352 : EXECUTING
15:47:28 INFO  State of operation 18564352 : EXECUTING
15:47:30 INFO  State of operation 18564352 : SUCCESSFUL
15:47:31 INFO  Assert that (False == value) with value=False ... passed
15:47:31 INFO  Package asciijump is installed
15:47:31 INFO  Assert that (True == value) with value=True ... passed
15:47:31 INFO  Package squirrel3 is installed
15:47:31 INFO  Assert that (True == value) with value=True ... passed
15:47:31 INFO  Package robotfindskitten is installed
15:47:31 INFO  Assert that (True == value) with value=True ... passed
15:47:32 INFO  Response status: 201
15:47:32 INFO  Response to action: {
    &quot;creationTime&quot;: &quot;2022-05-09T15:47:31.983Z&quot;,
    &quot;deviceName&quot;: &quot;m32sd10c&quot;,
    &quot;deviceId&quot;: &quot;18538517&quot;,
    &quot;self&quot;: &quot;https://t493319102.eu-latest.cumulocity.com/devicecontrol/operations/18564360&quot;,
    &quot;id&quot;: &quot;18564360&quot;,
    &quot;status&quot;: &quot;PENDING&quot;,
    &quot;description&quot;: &quot;Apply software changes, triggered from PySys: [{'action': 'delete', 'id': '5475369', 'name': 'asciijump', 'url': ' ', 'version': '::apt'}, {'action': 'delete', 'id': '5474869', 'name': 'robotfindskitten', 'url': ' ', 'version': '::apt'}, {'action': 'delete', 'id': '5475279', 'name': 'squirrel3', 'url': ' ', 'version': '::apt'}]&quot;,
    &quot;c8y_SoftwareUpdate&quot;: [
        {
            &quot;name&quot;: &quot;asciijump&quot;,
            &quot;action&quot;: &quot;delete&quot;,
            &quot;id&quot;: &quot;5475369&quot;,
            &quot;version&quot;: &quot;::apt&quot;,
            &quot;url&quot;: &quot; &quot;
        },
        {
            &quot;name&quot;: &quot;robotfindskitten&quot;,
            &quot;action&quot;: &quot;delete&quot;,
            &quot;id&quot;: &quot;5474869&quot;,
            &quot;version&quot;: &quot;::apt&quot;,
            &quot;url&quot;: &quot; &quot;
        },
        {
            &quot;name&quot;: &quot;squirrel3&quot;,
            &quot;action&quot;: &quot;delete&quot;,
            &quot;id&quot;: &quot;5475279&quot;,
            &quot;version&quot;: &quot;::apt&quot;,
            &quot;url&quot;: &quot; &quot;
        }
    ]
}
15:47:32 INFO  Started operation: {'creationTime': '2022-05-09T15:47:31.983Z', 'deviceName': 'm32sd10c', 'deviceId': '18538517', 'self': 'https://t493319102.eu-latest.cumulocity.com/devicecontrol/operations/18564360', 'id': '18564360', 'status': 'PENDING', 'description': &quot;Apply software changes, triggered from PySys: [{'action': 'delete', 'id': '5475369', 'name': 'asciijump', 'url': ' ', 'version': '::apt'}, {'action': 'delete', 'id': '5474869', 'name': 'robotfindskitten', 'url': ' ', 'version': '::apt'}, {'action': 'delete', 'id': '5475279', 'name': 'squirrel3', 'url': ' ', 'version': '::apt'}]&quot;, 'c8y_SoftwareUpdate': [{'name': 'asciijump', 'action': 'delete', 'id': '5475369', 'version': '::apt', 'url': ' '}, {'name': 'robotfindskitten', 'action': 'delete', 'id': '5474869', 'version': '::apt', 'url': ' '}, {'name': 'squirrel3', 'action': 'delete', 'id': '5475279', 'version': '::apt', 'url': ' '}]}
15:47:34 INFO  State of operation 18564360 : PENDING
15:47:36 INFO  State of operation 18564360 : EXECUTING
15:47:38 INFO  State of operation 18564360 : EXECUTING
15:47:40 INFO  State of operation 18564360 : EXECUTING
15:47:43 INFO  State of operation 18564360 : EXECUTING
15:47:45 INFO  State of operation 18564360 : EXECUTING
15:47:48 INFO  State of operation 18564360 : EXECUTING
15:47:50 INFO  State of operation 18564360 : EXECUTING
15:47:53 INFO  State of operation 18564360 : EXECUTING
15:47:55 INFO  State of operation 18564360 : EXECUTING
15:47:57 INFO  State of operation 18564360 : EXECUTING
15:48:00 INFO  State of operation 18564360 : EXECUTING
15:48:02 INFO  State of operation 18564360 : EXECUTING
15:48:04 INFO  State of operation 18564360 : EXECUTING
15:48:06 INFO  State of operation 18564360 : EXECUTING
15:48:08 INFO  State of operation 18564360 : EXECUTING
15:48:11 INFO  State of operation 18564360 : EXECUTING
15:48:13 INFO  State of operation 18564360 : EXECUTING
15:48:16 INFO  State of operation 18564360 : EXECUTING
15:48:18 INFO  State of operation 18564360 : EXECUTING
15:48:20 INFO  State of operation 18564360 : EXECUTING
15:48:23 INFO  State of operation 18564360 : EXECUTING
15:48:25 INFO  State of operation 18564360 : EXECUTING
15:48:27 INFO  State of operation 18564360 : EXECUTING
15:48:29 INFO  State of operation 18564360 : EXECUTING
15:48:32 INFO  State of operation 18564360 : EXECUTING
15:48:34 INFO  State of operation 18564360 : EXECUTING
15:48:37 INFO  State of operation 18564360 : EXECUTING
15:48:39 INFO  State of operation 18564360 : SUCCESSFUL
15:48:39 INFO  Assert that (False == value) with value=False ... passed
15:48:39 INFO  Assert that (False == value) with value=False ... passed
15:48:40 INFO  Assert that (False == value) with value=False ... passed
15:48:40 INFO  Assert that (False == value) with value=False ... passed
15:48:40 INFO  
15:48:40 INFO  cleanup:
15:48:44 INFO  Executed sudo&lt;tedge_disconnect_c8y&gt;, exit status 0
15:48:44 INFO  Executed systemctl&lt;serv_mapper5&gt;, exit status 3
15:48:44 INFO  
15:48:44 INFO  Test duration: 138.12 secs
15:48:44 INFO  Test final outcome:  FAILED
15:48:44 INFO  Test outcome reason: Assert that (False == value) with value=True (+2 other failures)
15:48:44 INFO  
</system-out>
	</testcase>
</testsuite>
