<?xml version="1.0" encoding="utf-8"?>
<testsuite failures="1" name="SoftwareManagement.sm_docker_install_remove_multiple" skipped="0" tests="1" time="165.59" timestamp="2022-04-25T22:34:40">
	<testcase classname="SMDockerInstallRemove" name="SoftwareManagement.sm_docker_install_remove_multiple">
		<failure message="BLOCKED: SystemError: Timeout while waiting for status FAILED or SUCCESSFUL" type="BLOCKED"/>
		<system-out>22:31:55 INFO  ==============================================================
22:31:55 INFO  Id:    SoftwareManagement.sm_docker_install_remove_multiple
22:31:55 INFO  Dir:   software_management_end_to_end/
22:31:55 INFO  Title: Validate end to end behaviour for the docker plugin for multiple docker images with mixed versions
22:31:55 INFO  ==============================================================
22:31:55 INFO  Using sw id database: {'asciijump': '5475369', 'robotfindskitten': '5474869', 'squirrel3': '5475279', 'rolldice': '5152439', 'moon-buggy': '5439204', 'apple': '5495053', 'banana': '5494888', 'cherry': '5495382', 'watermelon': '5494510', 'registry': '8018911', 'hello-world': '8021526', 'docker/getting-started': '8021973', 'alpine': '7991792'}
22:31:55 INFO  EnvironmentC8y Setup
22:31:55 INFO  Executed systemctl&lt;serv_mapper1&gt;, exit status 3
22:31:55 INFO  Restarting mosquitto too frequently in the last 10 seconds. It was only up for 4 seconds
22:31:55 INFO  Delaying execution by 7 seconds
22:32:16 INFO  Executed sudo&lt;tedge_connect_c8y&gt;, exit status 0, duration 13 secs
22:32:17 INFO  Executed sudo&lt;tedge_connect_c8y_test&gt;, exit status 0
22:32:17 INFO  Executed systemctl&lt;serv_mosq2&gt;, exit status 0
22:32:18 INFO  Executed systemctl&lt;serv_mapper3&gt;, exit status 0
22:32:20 INFO  State of current operation: PENDING
22:32:22 INFO  State of current operation: PENDING
22:32:24 INFO  State of current operation: PENDING
22:32:27 INFO  State of current operation: PENDING
22:32:29 INFO  State of current operation: PENDING
22:32:31 INFO  State of current operation: PENDING
22:32:33 INFO  State of current operation: PENDING
22:32:35 INFO  State of current operation: PENDING
22:32:38 INFO  State of current operation: PENDING
22:32:40 INFO  State of current operation: PENDING
22:32:42 INFO  State of current operation: PENDING
22:32:44 INFO  State of current operation: PENDING
22:32:47 INFO  State of current operation: PENDING
22:32:49 INFO  State of current operation: PENDING
22:32:51 INFO  State of current operation: PENDING
22:32:53 INFO  State of current operation: PENDING
22:32:55 INFO  State of current operation: PENDING
22:32:58 INFO  State of current operation: PENDING
22:33:00 INFO  State of current operation: PENDING
22:33:02 INFO  State of current operation: PENDING
22:33:04 INFO  State of current operation: PENDING
22:33:07 INFO  State of current operation: PENDING
22:33:09 INFO  State of current operation: PENDING
22:33:11 INFO  State of current operation: PENDING
22:33:13 INFO  State of current operation: PENDING
22:33:16 INFO  State of current operation: PENDING
22:33:18 INFO  State of current operation: PENDING
22:33:20 INFO  State of current operation: PENDING
22:33:22 INFO  State of current operation: PENDING
22:33:24 INFO  State of current operation: PENDING
22:33:27 INFO  State of current operation: PENDING
22:33:29 INFO  State of current operation: PENDING
22:33:31 INFO  State of current operation: PENDING
22:33:33 INFO  State of current operation: PENDING
22:33:36 INFO  State of current operation: PENDING
22:33:38 INFO  State of current operation: PENDING
22:33:40 INFO  State of current operation: PENDING
22:33:42 INFO  State of current operation: PENDING
22:33:44 INFO  State of current operation: PENDING
22:33:47 INFO  State of current operation: PENDING
22:33:49 INFO  State of current operation: PENDING
22:33:51 INFO  State of current operation: PENDING
22:33:53 INFO  State of current operation: PENDING
22:33:56 INFO  State of current operation: PENDING
22:33:58 INFO  State of current operation: PENDING
22:34:00 INFO  State of current operation: PENDING
22:34:02 INFO  State of current operation: PENDING
22:34:05 INFO  State of current operation: PENDING
22:34:07 INFO  State of current operation: PENDING
22:34:09 INFO  State of current operation: PENDING
22:34:11 INFO  State of current operation: PENDING
22:34:13 INFO  State of current operation: PENDING
22:34:16 INFO  State of current operation: PENDING
22:34:18 INFO  State of current operation: PENDING
22:34:20 INFO  State of current operation: PENDING
22:34:22 INFO  State of current operation: PENDING
22:34:25 INFO  State of current operation: PENDING
22:34:27 INFO  State of current operation: PENDING
22:34:29 INFO  State of current operation: PENDING
22:34:31 INFO  State of current operation: PENDING
22:34:33 INFO  State of current operation: PENDING
22:34:35 WARN  SystemError occurred while running test - Timeout while waiting for status FAILED or SUCCESSFUL
Traceback (most recent call last):
  File &quot;/home/pi/env-pysys/lib/python3.7/site-packages/pysys/baserunner.py&quot;, line 1292, in __call__
    self.testObj.setup()
  File &quot;/home/pi/actions-runner/_work/thin-edge.io/thin-edge.io/tests/PySys/software_management_end_to_end/sm_docker_install_remove_multiple/run.py&quot;, line 29, in setup
    super().setup()
  File &quot;/home/pi/actions-runner/_work/thin-edge.io/thin-edge.io/tests/PySys/software_management_end_to_end/environment_sm_management.py&quot;, line 151, in setup
    self.wait_until_end()
  File &quot;/home/pi/actions-runner/_work/thin-edge.io/thin-edge.io/tests/PySys/software_management_end_to_end/environment_sm_management.py&quot;, line 332, in wait_until_end
    self.wait_until_status(&quot;FAILED&quot;, &quot;SUCCESSFUL&quot;)
  File &quot;/home/pi/actions-runner/_work/thin-edge.io/thin-edge.io/tests/PySys/software_management_end_to_end/environment_sm_management.py&quot;, line 381, in wait_until_status
    &quot;Timeout while waiting for status %s or %s&quot; % (status, status2)
SystemError: Timeout while waiting for status FAILED or SUCCESSFUL
22:34:35 WARN  SystemError: Timeout while waiting for status FAILED or SUCCESSFUL ... blocked 
22:34:35 INFO  
22:34:35 INFO  cleanup:
22:34:40 INFO  Executed sudo&lt;tedge_disconnect_c8y&gt;, exit status 0
22:34:40 INFO  Executed systemctl&lt;serv_mapper5&gt;, exit status 3
22:34:40 INFO  
22:34:40 INFO  Test duration: 165.59 secs
22:34:40 INFO  Test final outcome:  BLOCKED
22:34:40 INFO  Test outcome reason: SystemError: Timeout while waiting for status FAILED or SUCCESSFUL
22:34:40 INFO  
</system-out>
	</testcase>
</testsuite>
