<?xml version="1.0" encoding="utf-8"?>
<testsuite failures="1" name="SoftwareManagement.sm_fake_install_remove_multiple" skipped="0" tests="1" time="164.55" timestamp="2022-04-25T22:40:10">
	<testcase classname="PySysTest" name="SoftwareManagement.sm_fake_install_remove_multiple">
		<failure message="BLOCKED: SystemError: Timeout while waiting for status FAILED or SUCCESSFUL" type="BLOCKED"/>
		<system-out>22:37:26 INFO  ==============================================================
22:37:26 INFO  Id:    SoftwareManagement.sm_fake_install_remove_multiple
22:37:26 INFO  Dir:   software_management_end_to_end/
22:37:26 INFO  Title: Validate end to end behaviour for the dummy-plugin for multiple packages
22:37:26 INFO  ==============================================================
22:37:26 INFO  Using sw id database: {'asciijump': '5475369', 'robotfindskitten': '5474869', 'squirrel3': '5475279', 'rolldice': '5152439', 'moon-buggy': '5439204', 'apple': '5495053', 'banana': '5494888', 'cherry': '5495382', 'watermelon': '5494510', 'registry': '8018911', 'hello-world': '8021526', 'docker/getting-started': '8021973', 'alpine': '7991792'}
22:37:26 INFO  EnvironmentC8y Setup
22:37:27 INFO  Executed systemctl&lt;serv_mapper1&gt;, exit status 3
22:37:27 INFO  Restarting mosquitto too frequently in the last 10 seconds. It was only up for 5 seconds
22:37:27 INFO  Delaying execution by 6 seconds
22:37:47 INFO  Executed sudo&lt;tedge_connect_c8y&gt;, exit status 0, duration 13 secs
22:37:47 INFO  Executed sudo&lt;tedge_connect_c8y_test&gt;, exit status 0
22:37:48 INFO  Executed systemctl&lt;serv_mosq2&gt;, exit status 0
22:37:48 INFO  Executed systemctl&lt;serv_mapper3&gt;, exit status 0
22:37:50 INFO  State of current operation: PENDING
22:37:53 INFO  State of current operation: PENDING
22:37:55 INFO  State of current operation: PENDING
22:37:57 INFO  State of current operation: PENDING
22:37:59 INFO  State of current operation: PENDING
22:38:02 INFO  State of current operation: PENDING
22:38:04 INFO  State of current operation: PENDING
22:38:06 INFO  State of current operation: PENDING
22:38:08 INFO  State of current operation: PENDING
22:38:10 INFO  State of current operation: PENDING
22:38:13 INFO  State of current operation: PENDING
22:38:15 INFO  State of current operation: PENDING
22:38:17 INFO  State of current operation: PENDING
22:38:19 INFO  State of current operation: PENDING
22:38:22 INFO  State of current operation: PENDING
22:38:24 INFO  State of current operation: PENDING
22:38:26 INFO  State of current operation: PENDING
22:38:28 INFO  State of current operation: PENDING
22:38:30 INFO  State of current operation: PENDING
22:38:33 INFO  State of current operation: PENDING
22:38:35 INFO  State of current operation: PENDING
22:38:37 INFO  State of current operation: PENDING
22:38:39 INFO  State of current operation: PENDING
22:38:42 INFO  State of current operation: PENDING
22:38:44 INFO  State of current operation: PENDING
22:38:46 INFO  State of current operation: PENDING
22:38:48 INFO  State of current operation: PENDING
22:38:50 INFO  State of current operation: PENDING
22:38:53 INFO  State of current operation: PENDING
22:38:55 INFO  State of current operation: PENDING
22:38:57 INFO  State of current operation: PENDING
22:38:59 INFO  State of current operation: PENDING
22:39:02 INFO  State of current operation: PENDING
22:39:04 INFO  State of current operation: PENDING
22:39:06 INFO  State of current operation: PENDING
22:39:08 INFO  State of current operation: PENDING
22:39:10 INFO  State of current operation: PENDING
22:39:13 INFO  State of current operation: PENDING
22:39:15 INFO  State of current operation: PENDING
22:39:17 INFO  State of current operation: PENDING
22:39:19 INFO  State of current operation: PENDING
22:39:22 INFO  State of current operation: PENDING
22:39:24 INFO  State of current operation: PENDING
22:39:26 INFO  State of current operation: PENDING
22:39:28 INFO  State of current operation: PENDING
22:39:30 INFO  State of current operation: PENDING
22:39:33 INFO  State of current operation: PENDING
22:39:35 INFO  State of current operation: PENDING
22:39:37 INFO  State of current operation: PENDING
22:39:39 INFO  State of current operation: PENDING
22:39:42 INFO  State of current operation: PENDING
22:39:44 INFO  State of current operation: PENDING
22:39:46 INFO  State of current operation: PENDING
22:39:48 INFO  State of current operation: PENDING
22:39:50 INFO  State of current operation: PENDING
22:39:53 INFO  State of current operation: PENDING
22:39:55 INFO  State of current operation: PENDING
22:39:57 INFO  State of current operation: PENDING
22:39:59 INFO  State of current operation: PENDING
22:40:02 INFO  State of current operation: PENDING
22:40:04 INFO  State of current operation: PENDING
22:40:06 WARN  SystemError occurred while running test - Timeout while waiting for status FAILED or SUCCESSFUL
Traceback (most recent call last):
  File &quot;/home/pi/env-pysys/lib/python3.7/site-packages/pysys/baserunner.py&quot;, line 1292, in __call__
    self.testObj.setup()
  File &quot;/home/pi/actions-runner/_work/thin-edge.io/thin-edge.io/tests/PySys/software_management_end_to_end/sm_fake_install_remove_multiple/run.py&quot;, line 68, in setup
    super().setup()
  File &quot;/home/pi/actions-runner/_work/thin-edge.io/thin-edge.io/tests/PySys/software_management_end_to_end/environment_sm_management.py&quot;, line 151, in setup
    self.wait_until_end()
  File &quot;/home/pi/actions-runner/_work/thin-edge.io/thin-edge.io/tests/PySys/software_management_end_to_end/environment_sm_management.py&quot;, line 332, in wait_until_end
    self.wait_until_status(&quot;FAILED&quot;, &quot;SUCCESSFUL&quot;)
  File &quot;/home/pi/actions-runner/_work/thin-edge.io/thin-edge.io/tests/PySys/software_management_end_to_end/environment_sm_management.py&quot;, line 381, in wait_until_status
    &quot;Timeout while waiting for status %s or %s&quot; % (status, status2)
SystemError: Timeout while waiting for status FAILED or SUCCESSFUL
22:40:06 WARN  SystemError: Timeout while waiting for status FAILED or SUCCESSFUL ... blocked 
22:40:06 INFO  
22:40:06 INFO  cleanup:
22:40:10 INFO  Executed sudo&lt;tedge_disconnect_c8y&gt;, exit status 0
22:40:10 INFO  Executed systemctl&lt;serv_mapper5&gt;, exit status 3
22:40:10 INFO  
22:40:10 INFO  Test duration: 164.55 secs
22:40:10 INFO  Test final outcome:  BLOCKED
22:40:10 INFO  Test outcome reason: SystemError: Timeout while waiting for status FAILED or SUCCESSFUL
22:40:10 INFO  
</system-out>
	</testcase>
</testsuite>
