<?xml version="1.0" encoding="utf-8"?>
<testsuite failures="1" name="SoftwareManagement.sm_apt_install_remove_multiple" skipped="0" tests="1" time="140.54" timestamp="2022-05-02T11:34:46">
	<testcase classname="PySysTest" name="SoftwareManagement.sm_apt_install_remove_multiple">
		<failure message="FAILED: Assert that (False == value) with value=True (+2 other failures)" type="FAILED"/>
		<system-out>11:32:26 INFO  ==============================================================
11:32:26 INFO  Id:    SoftwareManagement.sm_apt_install_remove_multiple
11:32:26 INFO  Dir:   software_management_end_to_end/
11:32:26 INFO  Title: Validate end to end behaviour for the apt plugin for multiple packages
11:32:26 INFO  ==============================================================
11:32:26 INFO  Using sw id database: {'asciijump': '5475369', 'robotfindskitten': '5474869', 'squirrel3': '5475279', 'rolldice': '5152439', 'moon-buggy': '5439204', 'apple': '5495053', 'banana': '5494888', 'cherry': '5495382', 'watermelon': '5494510', 'registry': '8018911', 'hello-world': '8021526', 'docker/getting-started': '8021973', 'alpine': '7991792'}
11:32:26 INFO  EnvironmentC8y Setup
11:32:26 INFO  Executed systemctl&lt;serv_mapper1&gt;, exit status 3
11:32:27 INFO  Restarting mosquitto too frequently in the last 10 seconds. It was only up for 5 seconds
11:32:27 INFO  Delaying execution by 6 seconds
11:32:47 INFO  Executed sudo&lt;tedge_connect_c8y&gt;, exit status 0, duration 14 secs
11:32:47 INFO  Executed sudo&lt;tedge_connect_c8y_test&gt;, exit status 0
11:32:48 INFO  Executed systemctl&lt;serv_mosq2&gt;, exit status 0
11:32:48 INFO  Executed systemctl&lt;serv_mapper3&gt;, exit status 0
11:32:50 INFO  State of current operation: SUCCESSFUL
11:32:51 INFO  Assert that (False == value) with value=False ... passed
11:32:51 INFO  Package asciijump is installed
11:32:51 WARN  Assert that (False == value) with value=True ... failed 
11:32:51 INFO  Package squirrel3 is installed
11:32:52 WARN  Assert that (False == value) with value=True ... failed 
11:32:52 INFO  Package robotfindskitten is installed
11:32:52 WARN  Assert that (False == value) with value=True ... failed 
11:32:52 INFO  Response status: 201
11:32:52 INFO  Response to action: {
    &quot;creationTime&quot;: &quot;2022-05-02T11:32:52.450Z&quot;,
    &quot;deviceName&quot;: &quot;m32sd10c&quot;,
    &quot;deviceId&quot;: &quot;18127529&quot;,
    &quot;self&quot;: &quot;https://t493319102.eu-latest.cumulocity.com/devicecontrol/operations/18168127&quot;,
    &quot;id&quot;: &quot;18168127&quot;,
    &quot;status&quot;: &quot;PENDING&quot;,
    &quot;description&quot;: &quot;Apply software changes, triggered from PySys: [{'action': 'install', 'id': '5475369', 'name': 'asciijump', 'url': ' ', 'version': '::apt'}, {'action': 'install', 'id': '5474869', 'name': 'robotfindskitten', 'url': ' ', 'version': '::apt'}, {'action': 'install', 'id': '5475279', 'name': 'squirrel3', 'url': ' ', 'version': '::apt'}]&quot;,
    &quot;c8y_SoftwareUpdate&quot;: [
        {
            &quot;name&quot;: &quot;asciijump&quot;,
            &quot;action&quot;: &quot;install&quot;,
            &quot;id&quot;: &quot;5475369&quot;,
            &quot;version&quot;: &quot;::apt&quot;,
            &quot;url&quot;: &quot; &quot;
        },
        {
            &quot;name&quot;: &quot;robotfindskitten&quot;,
            &quot;action&quot;: &quot;install&quot;,
            &quot;id&quot;: &quot;5474869&quot;,
            &quot;version&quot;: &quot;::apt&quot;,
            &quot;url&quot;: &quot; &quot;
        },
        {
            &quot;name&quot;: &quot;squirrel3&quot;,
            &quot;action&quot;: &quot;install&quot;,
            &quot;id&quot;: &quot;5475279&quot;,
            &quot;version&quot;: &quot;::apt&quot;,
            &quot;url&quot;: &quot; &quot;
        }
    ]
}
11:32:52 INFO  Started operation: {'creationTime': '2022-05-02T11:32:52.450Z', 'deviceName': 'm32sd10c', 'deviceId': '18127529', 'self': 'https://t493319102.eu-latest.cumulocity.com/devicecontrol/operations/18168127', 'id': '18168127', 'status': 'PENDING', 'description': &quot;Apply software changes, triggered from PySys: [{'action': 'install', 'id': '5475369', 'name': 'asciijump', 'url': ' ', 'version': '::apt'}, {'action': 'install', 'id': '5474869', 'name': 'robotfindskitten', 'url': ' ', 'version': '::apt'}, {'action': 'install', 'id': '5475279', 'name': 'squirrel3', 'url': ' ', 'version': '::apt'}]&quot;, 'c8y_SoftwareUpdate': [{'name': 'asciijump', 'action': 'install', 'id': '5475369', 'version': '::apt', 'url': ' '}, {'name': 'robotfindskitten', 'action': 'install', 'id': '5474869', 'version': '::apt', 'url': ' '}, {'name': 'squirrel3', 'action': 'install', 'id': '5475279', 'version': '::apt', 'url': ' '}]}
11:32:54 INFO  State of operation 18168127 : PENDING
11:32:56 INFO  State of operation 18168127 : EXECUTING
11:32:59 INFO  State of operation 18168127 : EXECUTING
11:33:01 INFO  State of operation 18168127 : EXECUTING
11:33:03 INFO  State of operation 18168127 : EXECUTING
11:33:05 INFO  State of operation 18168127 : EXECUTING
11:33:09 INFO  State of operation 18168127 : EXECUTING
11:33:12 INFO  State of operation 18168127 : EXECUTING
11:33:14 INFO  State of operation 18168127 : EXECUTING
11:33:17 INFO  State of operation 18168127 : EXECUTING
11:33:19 INFO  State of operation 18168127 : EXECUTING
11:33:21 INFO  State of operation 18168127 : EXECUTING
11:33:23 INFO  State of operation 18168127 : EXECUTING
11:33:26 INFO  State of operation 18168127 : EXECUTING
11:33:28 INFO  State of operation 18168127 : EXECUTING
11:33:30 INFO  State of operation 18168127 : SUCCESSFUL
11:33:30 INFO  Assert that (False == value) with value=False ... passed
11:33:31 INFO  Package asciijump is installed
11:33:31 INFO  Assert that (True == value) with value=True ... passed
11:33:31 INFO  Package squirrel3 is installed
11:33:31 INFO  Assert that (True == value) with value=True ... passed
11:33:31 INFO  Package robotfindskitten is installed
11:33:31 INFO  Assert that (True == value) with value=True ... passed
11:33:31 INFO  Response status: 201
11:33:31 INFO  Response to action: {
    &quot;creationTime&quot;: &quot;2022-05-02T11:33:31.672Z&quot;,
    &quot;deviceName&quot;: &quot;m32sd10c&quot;,
    &quot;deviceId&quot;: &quot;18127529&quot;,
    &quot;self&quot;: &quot;https://t493319102.eu-latest.cumulocity.com/devicecontrol/operations/18168138&quot;,
    &quot;id&quot;: &quot;18168138&quot;,
    &quot;status&quot;: &quot;PENDING&quot;,
    &quot;description&quot;: &quot;Apply software changes, triggered from PySys: [{'action': 'delete', 'id': '5475369', 'name': 'asciijump', 'url': ' ', 'version': '::apt'}, {'action': 'delete', 'id': '5474869', 'name': 'robotfindskitten', 'url': ' ', 'version': '::apt'}, {'action': 'delete', 'id': '5475279', 'name': 'squirrel3', 'url': ' ', 'version': '::apt'}]&quot;,
    &quot;c8y_SoftwareUpdate&quot;: [
        {
            &quot;name&quot;: &quot;asciijump&quot;,
            &quot;action&quot;: &quot;delete&quot;,
            &quot;id&quot;: &quot;5475369&quot;,
            &quot;version&quot;: &quot;::apt&quot;,
            &quot;url&quot;: &quot; &quot;
        },
        {
            &quot;name&quot;: &quot;robotfindskitten&quot;,
            &quot;action&quot;: &quot;delete&quot;,
            &quot;id&quot;: &quot;5474869&quot;,
            &quot;version&quot;: &quot;::apt&quot;,
            &quot;url&quot;: &quot; &quot;
        },
        {
            &quot;name&quot;: &quot;squirrel3&quot;,
            &quot;action&quot;: &quot;delete&quot;,
            &quot;id&quot;: &quot;5475279&quot;,
            &quot;version&quot;: &quot;::apt&quot;,
            &quot;url&quot;: &quot; &quot;
        }
    ]
}
11:33:31 INFO  Started operation: {'creationTime': '2022-05-02T11:33:31.672Z', 'deviceName': 'm32sd10c', 'deviceId': '18127529', 'self': 'https://t493319102.eu-latest.cumulocity.com/devicecontrol/operations/18168138', 'id': '18168138', 'status': 'PENDING', 'description': &quot;Apply software changes, triggered from PySys: [{'action': 'delete', 'id': '5475369', 'name': 'asciijump', 'url': ' ', 'version': '::apt'}, {'action': 'delete', 'id': '5474869', 'name': 'robotfindskitten', 'url': ' ', 'version': '::apt'}, {'action': 'delete', 'id': '5475279', 'name': 'squirrel3', 'url': ' ', 'version': '::apt'}]&quot;, 'c8y_SoftwareUpdate': [{'name': 'asciijump', 'action': 'delete', 'id': '5475369', 'version': '::apt', 'url': ' '}, {'name': 'robotfindskitten', 'action': 'delete', 'id': '5474869', 'version': '::apt', 'url': ' '}, {'name': 'squirrel3', 'action': 'delete', 'id': '5475279', 'version': '::apt', 'url': ' '}]}
11:33:33 INFO  State of operation 18168138 : PENDING
11:33:36 INFO  State of operation 18168138 : EXECUTING
11:33:38 INFO  State of operation 18168138 : EXECUTING
11:33:40 INFO  State of operation 18168138 : EXECUTING
11:33:42 INFO  State of operation 18168138 : EXECUTING
11:33:45 INFO  State of operation 18168138 : EXECUTING
11:33:47 INFO  State of operation 18168138 : EXECUTING
11:33:50 INFO  State of operation 18168138 : EXECUTING
11:33:52 INFO  State of operation 18168138 : EXECUTING
11:33:55 INFO  State of operation 18168138 : EXECUTING
11:33:57 INFO  State of operation 18168138 : EXECUTING
11:33:59 INFO  State of operation 18168138 : EXECUTING
11:34:01 INFO  State of operation 18168138 : EXECUTING
11:34:04 INFO  State of operation 18168138 : EXECUTING
11:34:06 INFO  State of operation 18168138 : EXECUTING
11:34:08 INFO  State of operation 18168138 : EXECUTING
11:34:10 INFO  State of operation 18168138 : EXECUTING
11:34:13 INFO  State of operation 18168138 : EXECUTING
11:34:15 INFO  State of operation 18168138 : EXECUTING
11:34:18 INFO  State of operation 18168138 : EXECUTING
11:34:20 INFO  State of operation 18168138 : EXECUTING
11:34:22 INFO  State of operation 18168138 : EXECUTING
11:34:25 INFO  State of operation 18168138 : EXECUTING
11:34:27 INFO  State of operation 18168138 : EXECUTING
11:34:29 INFO  State of operation 18168138 : EXECUTING
11:34:32 INFO  State of operation 18168138 : EXECUTING
11:34:34 INFO  State of operation 18168138 : EXECUTING
11:34:36 INFO  State of operation 18168138 : EXECUTING
11:34:39 INFO  State of operation 18168138 : EXECUTING
11:34:41 INFO  State of operation 18168138 : SUCCESSFUL
11:34:41 INFO  Assert that (False == value) with value=False ... passed
11:34:41 INFO  Assert that (False == value) with value=False ... passed
11:34:42 INFO  Assert that (False == value) with value=False ... passed
11:34:42 INFO  Assert that (False == value) with value=False ... passed
11:34:42 INFO  
11:34:42 INFO  cleanup:
11:34:46 INFO  Executed sudo&lt;tedge_disconnect_c8y&gt;, exit status 0
11:34:46 INFO  Executed systemctl&lt;serv_mapper5&gt;, exit status 3
11:34:46 INFO  
11:34:46 INFO  Test duration: 140.54 secs
11:34:46 INFO  Test final outcome:  FAILED
11:34:46 INFO  Test outcome reason: Assert that (False == value) with value=True (+2 other failures)
11:34:46 INFO  
</system-out>
	</testcase>
</testsuite>
