<?xml version="1.0" encoding="utf-8"?>
<testsuite failures="1" name="SoftwareManagement.sm_mixed_install_remove_multiple" skipped="0" tests="1" time="164.64" timestamp="2022-04-25T22:42:55">
	<testcase classname="PySysTest" name="SoftwareManagement.sm_mixed_install_remove_multiple">
		<failure message="BLOCKED: SystemError: Timeout while waiting for status FAILED or SUCCESSFUL" type="BLOCKED"/>
		<system-out>22:40:11 INFO  ==============================================================
22:40:11 INFO  Id:    SoftwareManagement.sm_mixed_install_remove_multiple
22:40:11 INFO  Dir:   software_management_end_to_end/
22:40:11 INFO  Title: Validate end to end behaviour for the dummy-plugin for multiple packages with mixed versions
22:40:11 INFO  ==============================================================
22:40:11 INFO  Using sw id database: {'asciijump': '5475369', 'robotfindskitten': '5474869', 'squirrel3': '5475279', 'rolldice': '5152439', 'moon-buggy': '5439204', 'apple': '5495053', 'banana': '5494888', 'cherry': '5495382', 'watermelon': '5494510', 'registry': '8018911', 'hello-world': '8021526', 'docker/getting-started': '8021973', 'alpine': '7991792'}
22:40:11 INFO  EnvironmentC8y Setup
22:40:11 INFO  Executed systemctl&lt;serv_mapper1&gt;, exit status 3
22:40:11 INFO  Restarting mosquitto too frequently in the last 10 seconds. It was only up for 5 seconds
22:40:11 INFO  Delaying execution by 6 seconds
22:40:31 INFO  Executed sudo&lt;tedge_connect_c8y&gt;, exit status 0, duration 13 secs
22:40:32 INFO  Executed sudo&lt;tedge_connect_c8y_test&gt;, exit status 0
22:40:32 INFO  Executed systemctl&lt;serv_mosq2&gt;, exit status 0
22:40:33 INFO  Executed systemctl&lt;serv_mapper3&gt;, exit status 0
22:40:35 INFO  State of current operation: PENDING
22:40:37 INFO  State of current operation: PENDING
22:40:39 INFO  State of current operation: PENDING
22:40:42 INFO  State of current operation: PENDING
22:40:44 INFO  State of current operation: PENDING
22:40:46 INFO  State of current operation: PENDING
22:40:48 INFO  State of current operation: PENDING
22:40:50 INFO  State of current operation: PENDING
22:40:53 INFO  State of current operation: PENDING
22:40:55 INFO  State of current operation: PENDING
22:40:57 INFO  State of current operation: PENDING
22:40:59 INFO  State of current operation: PENDING
22:41:02 INFO  State of current operation: PENDING
22:41:04 INFO  State of current operation: PENDING
22:41:06 INFO  State of current operation: PENDING
22:41:08 INFO  State of current operation: PENDING
22:41:11 INFO  State of current operation: PENDING
22:41:13 INFO  State of current operation: PENDING
22:41:15 INFO  State of current operation: PENDING
22:41:17 INFO  State of current operation: PENDING
22:41:20 INFO  State of current operation: PENDING
22:41:22 INFO  State of current operation: PENDING
22:41:24 INFO  State of current operation: PENDING
22:41:26 INFO  State of current operation: PENDING
22:41:28 INFO  State of current operation: PENDING
22:41:31 INFO  State of current operation: PENDING
22:41:33 INFO  State of current operation: PENDING
22:41:35 INFO  State of current operation: PENDING
22:41:37 INFO  State of current operation: PENDING
22:41:40 INFO  State of current operation: PENDING
22:41:42 INFO  State of current operation: PENDING
22:41:44 INFO  State of current operation: PENDING
22:41:46 INFO  State of current operation: PENDING
22:41:48 INFO  State of current operation: PENDING
22:41:51 INFO  State of current operation: PENDING
22:41:53 INFO  State of current operation: PENDING
22:41:55 INFO  State of current operation: PENDING
22:41:57 INFO  State of current operation: PENDING
22:42:00 INFO  State of current operation: PENDING
22:42:02 INFO  State of current operation: PENDING
22:42:04 INFO  State of current operation: PENDING
22:42:06 INFO  State of current operation: PENDING
22:42:08 INFO  State of current operation: PENDING
22:42:11 INFO  State of current operation: PENDING
22:42:13 INFO  State of current operation: PENDING
22:42:15 INFO  State of current operation: PENDING
22:42:17 INFO  State of current operation: PENDING
22:42:20 INFO  State of current operation: PENDING
22:42:22 INFO  State of current operation: PENDING
22:42:24 INFO  State of current operation: PENDING
22:42:26 INFO  State of current operation: PENDING
22:42:28 INFO  State of current operation: PENDING
22:42:31 INFO  State of current operation: PENDING
22:42:33 INFO  State of current operation: PENDING
22:42:35 INFO  State of current operation: PENDING
22:42:37 INFO  State of current operation: PENDING
22:42:40 INFO  State of current operation: PENDING
22:42:42 INFO  State of current operation: PENDING
22:42:44 INFO  State of current operation: PENDING
22:42:46 INFO  State of current operation: PENDING
22:42:48 INFO  State of current operation: PENDING
22:42:50 WARN  SystemError occurred while running test - Timeout while waiting for status FAILED or SUCCESSFUL
Traceback (most recent call last):
  File &quot;/home/pi/env-pysys/lib/python3.7/site-packages/pysys/baserunner.py&quot;, line 1292, in __call__
    self.testObj.setup()
  File &quot;/home/pi/actions-runner/_work/thin-edge.io/thin-edge.io/tests/PySys/software_management_end_to_end/sm_mixed_install_remove_multiple/run.py&quot;, line 83, in setup
    super().setup()
  File &quot;/home/pi/actions-runner/_work/thin-edge.io/thin-edge.io/tests/PySys/software_management_end_to_end/environment_sm_management.py&quot;, line 151, in setup
    self.wait_until_end()
  File &quot;/home/pi/actions-runner/_work/thin-edge.io/thin-edge.io/tests/PySys/software_management_end_to_end/environment_sm_management.py&quot;, line 332, in wait_until_end
    self.wait_until_status(&quot;FAILED&quot;, &quot;SUCCESSFUL&quot;)
  File &quot;/home/pi/actions-runner/_work/thin-edge.io/thin-edge.io/tests/PySys/software_management_end_to_end/environment_sm_management.py&quot;, line 381, in wait_until_status
    &quot;Timeout while waiting for status %s or %s&quot; % (status, status2)
SystemError: Timeout while waiting for status FAILED or SUCCESSFUL
22:42:51 WARN  SystemError: Timeout while waiting for status FAILED or SUCCESSFUL ... blocked 
22:42:51 INFO  
22:42:51 INFO  cleanup:
22:42:55 INFO  Executed sudo&lt;tedge_disconnect_c8y&gt;, exit status 0
22:42:55 INFO  Executed systemctl&lt;serv_mapper5&gt;, exit status 3
22:42:55 INFO  
22:42:55 INFO  Test duration: 164.64 secs
22:42:55 INFO  Test final outcome:  BLOCKED
22:42:55 INFO  Test outcome reason: SystemError: Timeout while waiting for status FAILED or SUCCESSFUL
22:42:55 INFO  
</system-out>
	</testcase>
</testsuite>
