<?xml version="1.0" encoding="utf-8"?>
<testsuite failures="1" name="SoftwareManagement.sm_apt_install_remove_multiple" skipped="0" tests="1" time="137.59" timestamp="2022-05-06T14:21:56">
	<testcase classname="PySysTest" name="SoftwareManagement.sm_apt_install_remove_multiple">
		<failure message="FAILED: Assert that (False == value) with value=True (+2 other failures)" type="FAILED"/>
		<system-out>14:19:38 INFO  ==============================================================
14:19:38 INFO  Id:    SoftwareManagement.sm_apt_install_remove_multiple
14:19:38 INFO  Dir:   software_management_end_to_end/
14:19:38 INFO  Title: Validate end to end behaviour for the apt plugin for multiple packages
14:19:38 INFO  ==============================================================
14:19:38 INFO  Using sw id database: {'asciijump': '5475369', 'robotfindskitten': '5474869', 'squirrel3': '5475279', 'rolldice': '5152439', 'moon-buggy': '5439204', 'apple': '5495053', 'banana': '5494888', 'cherry': '5495382', 'watermelon': '5494510', 'registry': '8018911', 'hello-world': '8021526', 'docker/getting-started': '8021973', 'alpine': '7991792'}
14:19:38 INFO  EnvironmentC8y Setup
14:19:39 INFO  Executed systemctl&lt;serv_mapper1&gt;, exit status 3
14:19:39 INFO  Restarting mosquitto too frequently in the last 10 seconds. It was only up for 4 seconds
14:19:39 INFO  Delaying execution by 7 seconds
14:20:00 INFO  Executed sudo&lt;tedge_connect_c8y&gt;, exit status 0, duration 13 secs
14:20:01 INFO  Executed sudo&lt;tedge_connect_c8y_test&gt;, exit status 0
14:20:01 INFO  Executed systemctl&lt;serv_mosq2&gt;, exit status 0
14:20:02 INFO  Executed systemctl&lt;serv_mapper3&gt;, exit status 0
14:20:04 INFO  State of current operation: SUCCESSFUL
14:20:04 INFO  Assert that (False == value) with value=False ... passed
14:20:04 INFO  Package asciijump is installed
14:20:05 WARN  Assert that (False == value) with value=True ... failed 
14:20:05 INFO  Package squirrel3 is installed
14:20:05 WARN  Assert that (False == value) with value=True ... failed 
14:20:05 INFO  Package robotfindskitten is installed
14:20:05 WARN  Assert that (False == value) with value=True ... failed 
14:20:05 INFO  Response status: 201
14:20:05 INFO  Response to action: {
    &quot;creationTime&quot;: &quot;2022-05-06T14:20:05.761Z&quot;,
    &quot;deviceName&quot;: &quot;m32sd10c&quot;,
    &quot;deviceId&quot;: &quot;18388531&quot;,
    &quot;self&quot;: &quot;https://t493319102.eu-latest.cumulocity.com/devicecontrol/operations/18458699&quot;,
    &quot;id&quot;: &quot;18458699&quot;,
    &quot;status&quot;: &quot;PENDING&quot;,
    &quot;description&quot;: &quot;Apply software changes, triggered from PySys: [{'action': 'install', 'id': '5475369', 'name': 'asciijump', 'url': ' ', 'version': '::apt'}, {'action': 'install', 'id': '5474869', 'name': 'robotfindskitten', 'url': ' ', 'version': '::apt'}, {'action': 'install', 'id': '5475279', 'name': 'squirrel3', 'url': ' ', 'version': '::apt'}]&quot;,
    &quot;c8y_SoftwareUpdate&quot;: [
        {
            &quot;name&quot;: &quot;asciijump&quot;,
            &quot;action&quot;: &quot;install&quot;,
            &quot;id&quot;: &quot;5475369&quot;,
            &quot;version&quot;: &quot;::apt&quot;,
            &quot;url&quot;: &quot; &quot;
        },
        {
            &quot;name&quot;: &quot;robotfindskitten&quot;,
            &quot;action&quot;: &quot;install&quot;,
            &quot;id&quot;: &quot;5474869&quot;,
            &quot;version&quot;: &quot;::apt&quot;,
            &quot;url&quot;: &quot; &quot;
        },
        {
            &quot;name&quot;: &quot;squirrel3&quot;,
            &quot;action&quot;: &quot;install&quot;,
            &quot;id&quot;: &quot;5475279&quot;,
            &quot;version&quot;: &quot;::apt&quot;,
            &quot;url&quot;: &quot; &quot;
        }
    ]
}
14:20:05 INFO  Started operation: {'creationTime': '2022-05-06T14:20:05.761Z', 'deviceName': 'm32sd10c', 'deviceId': '18388531', 'self': 'https://t493319102.eu-latest.cumulocity.com/devicecontrol/operations/18458699', 'id': '18458699', 'status': 'PENDING', 'description': &quot;Apply software changes, triggered from PySys: [{'action': 'install', 'id': '5475369', 'name': 'asciijump', 'url': ' ', 'version': '::apt'}, {'action': 'install', 'id': '5474869', 'name': 'robotfindskitten', 'url': ' ', 'version': '::apt'}, {'action': 'install', 'id': '5475279', 'name': 'squirrel3', 'url': ' ', 'version': '::apt'}]&quot;, 'c8y_SoftwareUpdate': [{'name': 'asciijump', 'action': 'install', 'id': '5475369', 'version': '::apt', 'url': ' '}, {'name': 'robotfindskitten', 'action': 'install', 'id': '5474869', 'version': '::apt', 'url': ' '}, {'name': 'squirrel3', 'action': 'install', 'id': '5475279', 'version': '::apt', 'url': ' '}]}
14:20:08 INFO  State of operation 18458699 : PENDING
14:20:10 INFO  State of operation 18458699 : EXECUTING
14:20:12 INFO  State of operation 18458699 : EXECUTING
14:20:14 INFO  State of operation 18458699 : EXECUTING
14:20:16 INFO  State of operation 18458699 : EXECUTING
14:20:19 INFO  State of operation 18458699 : EXECUTING
14:20:21 INFO  State of operation 18458699 : EXECUTING
14:20:24 INFO  State of operation 18458699 : EXECUTING
14:20:26 INFO  State of operation 18458699 : EXECUTING
14:20:29 INFO  State of operation 18458699 : EXECUTING
14:20:31 INFO  State of operation 18458699 : EXECUTING
14:20:33 INFO  State of operation 18458699 : EXECUTING
14:20:36 INFO  State of operation 18458699 : EXECUTING
14:20:38 INFO  State of operation 18458699 : EXECUTING
14:20:40 INFO  State of operation 18458699 : EXECUTING
14:20:42 INFO  State of operation 18458699 : SUCCESSFUL
14:20:42 INFO  Assert that (False == value) with value=False ... passed
14:20:43 INFO  Package asciijump is installed
14:20:43 INFO  Assert that (True == value) with value=True ... passed
14:20:43 INFO  Package squirrel3 is installed
14:20:43 INFO  Assert that (True == value) with value=True ... passed
14:20:43 INFO  Package robotfindskitten is installed
14:20:43 INFO  Assert that (True == value) with value=True ... passed
14:20:43 INFO  Response status: 201
14:20:43 INFO  Response to action: {
    &quot;creationTime&quot;: &quot;2022-05-06T14:20:43.763Z&quot;,
    &quot;deviceName&quot;: &quot;m32sd10c&quot;,
    &quot;deviceId&quot;: &quot;18388531&quot;,
    &quot;self&quot;: &quot;https://t493319102.eu-latest.cumulocity.com/devicecontrol/operations/18458709&quot;,
    &quot;id&quot;: &quot;18458709&quot;,
    &quot;status&quot;: &quot;PENDING&quot;,
    &quot;description&quot;: &quot;Apply software changes, triggered from PySys: [{'action': 'delete', 'id': '5475369', 'name': 'asciijump', 'url': ' ', 'version': '::apt'}, {'action': 'delete', 'id': '5474869', 'name': 'robotfindskitten', 'url': ' ', 'version': '::apt'}, {'action': 'delete', 'id': '5475279', 'name': 'squirrel3', 'url': ' ', 'version': '::apt'}]&quot;,
    &quot;c8y_SoftwareUpdate&quot;: [
        {
            &quot;name&quot;: &quot;asciijump&quot;,
            &quot;action&quot;: &quot;delete&quot;,
            &quot;id&quot;: &quot;5475369&quot;,
            &quot;version&quot;: &quot;::apt&quot;,
            &quot;url&quot;: &quot; &quot;
        },
        {
            &quot;name&quot;: &quot;robotfindskitten&quot;,
            &quot;action&quot;: &quot;delete&quot;,
            &quot;id&quot;: &quot;5474869&quot;,
            &quot;version&quot;: &quot;::apt&quot;,
            &quot;url&quot;: &quot; &quot;
        },
        {
            &quot;name&quot;: &quot;squirrel3&quot;,
            &quot;action&quot;: &quot;delete&quot;,
            &quot;id&quot;: &quot;5475279&quot;,
            &quot;version&quot;: &quot;::apt&quot;,
            &quot;url&quot;: &quot; &quot;
        }
    ]
}
14:20:43 INFO  Started operation: {'creationTime': '2022-05-06T14:20:43.763Z', 'deviceName': 'm32sd10c', 'deviceId': '18388531', 'self': 'https://t493319102.eu-latest.cumulocity.com/devicecontrol/operations/18458709', 'id': '18458709', 'status': 'PENDING', 'description': &quot;Apply software changes, triggered from PySys: [{'action': 'delete', 'id': '5475369', 'name': 'asciijump', 'url': ' ', 'version': '::apt'}, {'action': 'delete', 'id': '5474869', 'name': 'robotfindskitten', 'url': ' ', 'version': '::apt'}, {'action': 'delete', 'id': '5475279', 'name': 'squirrel3', 'url': ' ', 'version': '::apt'}]&quot;, 'c8y_SoftwareUpdate': [{'name': 'asciijump', 'action': 'delete', 'id': '5475369', 'version': '::apt', 'url': ' '}, {'name': 'robotfindskitten', 'action': 'delete', 'id': '5474869', 'version': '::apt', 'url': ' '}, {'name': 'squirrel3', 'action': 'delete', 'id': '5475279', 'version': '::apt', 'url': ' '}]}
14:20:46 INFO  State of operation 18458709 : PENDING
14:20:48 INFO  State of operation 18458709 : EXECUTING
14:20:50 INFO  State of operation 18458709 : EXECUTING
14:20:52 INFO  State of operation 18458709 : EXECUTING
14:20:54 INFO  State of operation 18458709 : EXECUTING
14:20:57 INFO  State of operation 18458709 : EXECUTING
14:20:59 INFO  State of operation 18458709 : EXECUTING
14:21:02 INFO  State of operation 18458709 : EXECUTING
14:21:05 INFO  State of operation 18458709 : EXECUTING
14:21:07 INFO  State of operation 18458709 : EXECUTING
14:21:09 INFO  State of operation 18458709 : EXECUTING
14:21:11 INFO  State of operation 18458709 : EXECUTING
14:21:14 INFO  State of operation 18458709 : EXECUTING
14:21:16 INFO  State of operation 18458709 : EXECUTING
14:21:18 INFO  State of operation 18458709 : EXECUTING
14:21:20 INFO  State of operation 18458709 : EXECUTING
14:21:23 INFO  State of operation 18458709 : EXECUTING
14:21:25 INFO  State of operation 18458709 : EXECUTING
14:21:28 INFO  State of operation 18458709 : EXECUTING
14:21:30 INFO  State of operation 18458709 : EXECUTING
14:21:32 INFO  State of operation 18458709 : EXECUTING
14:21:34 INFO  State of operation 18458709 : EXECUTING
14:21:36 INFO  State of operation 18458709 : EXECUTING
14:21:39 INFO  State of operation 18458709 : EXECUTING
14:21:41 INFO  State of operation 18458709 : EXECUTING
14:21:44 INFO  State of operation 18458709 : EXECUTING
14:21:46 INFO  State of operation 18458709 : EXECUTING
14:21:48 INFO  State of operation 18458709 : EXECUTING
14:21:51 INFO  State of operation 18458709 : SUCCESSFUL
14:21:51 INFO  Assert that (False == value) with value=False ... passed
14:21:51 INFO  Assert that (False == value) with value=False ... passed
14:21:51 INFO  Assert that (False == value) with value=False ... passed
14:21:51 INFO  Assert that (False == value) with value=False ... passed
14:21:52 INFO  
14:21:52 INFO  cleanup:
14:21:55 INFO  Executed sudo&lt;tedge_disconnect_c8y&gt;, exit status 0
14:21:56 INFO  Executed systemctl&lt;serv_mapper5&gt;, exit status 3
14:21:56 INFO  
14:21:56 INFO  Test duration: 137.59 secs
14:21:56 INFO  Test final outcome:  FAILED
14:21:56 INFO  Test outcome reason: Assert that (False == value) with value=True (+2 other failures)
14:21:56 INFO  
</system-out>
	</testcase>
</testsuite>
