<?xml version="1.0" encoding="utf-8"?>
<testsuite failures="1" name="SoftwareManagement.sm_mixed_install_remove_multiple" skipped="0" tests="1" time="166.01" timestamp="2022-05-03T15:09:11">
	<testcase classname="PySysTest" name="SoftwareManagement.sm_mixed_install_remove_multiple">
		<failure message="FAILED: Assert that (False == value) with value=True" type="FAILED"/>
		<system-out>15:06:25 INFO  ==============================================================
15:06:25 INFO  Id:    SoftwareManagement.sm_mixed_install_remove_multiple
15:06:25 INFO  Dir:   software_management_end_to_end/
15:06:25 INFO  Title: Validate end to end behaviour for the dummy-plugin for multiple packages with mixed versions
15:06:25 INFO  ==============================================================
15:06:25 INFO  Using sw id database: {'asciijump': '5475369', 'robotfindskitten': '5474869', 'squirrel3': '5475279', 'rolldice': '5152439', 'moon-buggy': '5439204', 'apple': '5495053', 'banana': '5494888', 'cherry': '5495382', 'watermelon': '5494510', 'registry': '8018911', 'hello-world': '8021526', 'docker/getting-started': '8021973', 'alpine': '7991792'}
15:06:25 INFO  EnvironmentC8y Setup
15:06:26 INFO  Executed systemctl&lt;serv_mapper1&gt;, exit status 3
15:06:26 INFO  Restarting mosquitto too frequently in the last 10 seconds. It was only up for 4 seconds
15:06:26 INFO  Delaying execution by 7 seconds
15:06:47 INFO  Executed sudo&lt;tedge_connect_c8y&gt;, exit status 0, duration 13 secs
15:06:48 INFO  Executed sudo&lt;tedge_connect_c8y_test&gt;, exit status 0
15:06:48 INFO  Executed systemctl&lt;serv_mosq2&gt;, exit status 0
15:06:48 INFO  Executed systemctl&lt;serv_mapper3&gt;, exit status 0
15:06:51 INFO  State of current operation: SUCCESSFUL
15:06:51 INFO  Package apple is installed
15:06:51 INFO  Assert that (True == value) with value=True ... passed
15:06:51 INFO  Package banana is installed
15:06:51 INFO  Assert that (True == value) with value=True ... passed
15:06:51 INFO  Package cherry is installed
15:06:51 INFO  Assert that (True == value) with value=True ... passed
15:06:52 INFO  Package asciijump is installed
15:06:52 WARN  Assert that (False == value) with value=True ... failed 
15:06:52 INFO  Assert that (False == value) with value=False ... passed
15:06:52 INFO  Response status: 201
15:06:52 INFO  Response to action: {
    &quot;creationTime&quot;: &quot;2022-05-03T15:06:52.599Z&quot;,
    &quot;deviceName&quot;: &quot;m32sd10c&quot;,
    &quot;deviceId&quot;: &quot;18294268&quot;,
    &quot;self&quot;: &quot;https://t493319102.eu-latest.cumulocity.com/devicecontrol/operations/18313887&quot;,
    &quot;id&quot;: &quot;18313887&quot;,
    &quot;status&quot;: &quot;PENDING&quot;,
    &quot;description&quot;: &quot;Apply software changes, triggered from PySys: [{'action': 'install', 'id': '5495053', 'name': 'apple', 'url': ' ', 'version': '::fruits'}, {'action': 'install', 'id': '5494888', 'name': 'banana', 'url': ' ', 'version': '::fruits'}, {'action': 'install', 'id': '5475369', 'name': 'asciijump', 'url': ' ', 'version': '::apt'}, {'action': 'install', 'id': '5495382', 'name': 'cherry', 'url': ' ', 'version': '::fruits'}, {'action': 'install', 'id': '8018911', 'name': 'registry', 'url': ' ', 'version': '::docker'}]&quot;,
    &quot;c8y_SoftwareUpdate&quot;: [
        {
            &quot;name&quot;: &quot;apple&quot;,
            &quot;action&quot;: &quot;install&quot;,
            &quot;id&quot;: &quot;5495053&quot;,
            &quot;version&quot;: &quot;::fruits&quot;,
            &quot;url&quot;: &quot; &quot;
        },
        {
            &quot;name&quot;: &quot;banana&quot;,
            &quot;action&quot;: &quot;install&quot;,
            &quot;id&quot;: &quot;5494888&quot;,
            &quot;version&quot;: &quot;::fruits&quot;,
            &quot;url&quot;: &quot; &quot;
        },
        {
            &quot;name&quot;: &quot;asciijump&quot;,
            &quot;action&quot;: &quot;install&quot;,
            &quot;id&quot;: &quot;5475369&quot;,
            &quot;version&quot;: &quot;::apt&quot;,
            &quot;url&quot;: &quot; &quot;
        },
        {
            &quot;name&quot;: &quot;cherry&quot;,
            &quot;action&quot;: &quot;install&quot;,
            &quot;id&quot;: &quot;5495382&quot;,
            &quot;version&quot;: &quot;::fruits&quot;,
            &quot;url&quot;: &quot; &quot;
        },
        {
            &quot;name&quot;: &quot;registry&quot;,
            &quot;action&quot;: &quot;install&quot;,
            &quot;id&quot;: &quot;8018911&quot;,
            &quot;version&quot;: &quot;::docker&quot;,
            &quot;url&quot;: &quot; &quot;
        }
    ]
}
15:06:52 INFO  Started operation: {'creationTime': '2022-05-03T15:06:52.599Z', 'deviceName': 'm32sd10c', 'deviceId': '18294268', 'self': 'https://t493319102.eu-latest.cumulocity.com/devicecontrol/operations/18313887', 'id': '18313887', 'status': 'PENDING', 'description': &quot;Apply software changes, triggered from PySys: [{'action': 'install', 'id': '5495053', 'name': 'apple', 'url': ' ', 'version': '::fruits'}, {'action': 'install', 'id': '5494888', 'name': 'banana', 'url': ' ', 'version': '::fruits'}, {'action': 'install', 'id': '5475369', 'name': 'asciijump', 'url': ' ', 'version': '::apt'}, {'action': 'install', 'id': '5495382', 'name': 'cherry', 'url': ' ', 'version': '::fruits'}, {'action': 'install', 'id': '8018911', 'name': 'registry', 'url': ' ', 'version': '::docker'}]&quot;, 'c8y_SoftwareUpdate': [{'name': 'apple', 'action': 'install', 'id': '5495053', 'version': '::fruits', 'url': ' '}, {'name': 'banana', 'action': 'install', 'id': '5494888', 'version': '::fruits', 'url': ' '}, {'name': 'asciijump', 'action': 'install', 'id': '5475369', 'version': '::apt', 'url': ' '}, {'name': 'cherry', 'action': 'install', 'id': '5495382', 'version': '::fruits', 'url': ' '}, {'name': 'registry', 'action': 'install', 'id': '8018911', 'version': '::docker', 'url': ' '}]}
15:06:54 INFO  State of operation 18313887 : PENDING
15:06:57 INFO  State of operation 18313887 : EXECUTING
15:06:59 INFO  State of operation 18313887 : EXECUTING
15:07:01 INFO  State of operation 18313887 : EXECUTING
15:07:03 INFO  State of operation 18313887 : EXECUTING
15:07:05 INFO  State of operation 18313887 : EXECUTING
15:07:08 INFO  State of operation 18313887 : EXECUTING
15:07:11 INFO  State of operation 18313887 : EXECUTING
15:07:13 INFO  State of operation 18313887 : EXECUTING
15:07:16 INFO  State of operation 18313887 : EXECUTING
15:07:18 INFO  State of operation 18313887 : EXECUTING
15:07:20 INFO  State of operation 18313887 : EXECUTING
15:07:22 INFO  State of operation 18313887 : EXECUTING
15:07:25 INFO  State of operation 18313887 : EXECUTING
15:07:27 INFO  State of operation 18313887 : EXECUTING
15:07:29 INFO  State of operation 18313887 : EXECUTING
15:07:31 INFO  State of operation 18313887 : EXECUTING
15:07:34 INFO  State of operation 18313887 : EXECUTING
15:07:36 INFO  State of operation 18313887 : EXECUTING
15:07:38 INFO  State of operation 18313887 : EXECUTING
15:07:40 INFO  State of operation 18313887 : EXECUTING
15:07:42 INFO  State of operation 18313887 : EXECUTING
15:07:45 INFO  State of operation 18313887 : EXECUTING
15:07:47 INFO  State of operation 18313887 : EXECUTING
15:07:49 INFO  State of operation 18313887 : EXECUTING
15:07:51 INFO  State of operation 18313887 : SUCCESSFUL
15:07:52 INFO  Package apple is installed
15:07:52 INFO  Assert that (True == value) with value=True ... passed
15:07:52 INFO  Package banana is installed
15:07:52 INFO  Assert that (True == value) with value=True ... passed
15:07:52 INFO  Package cherry is installed
15:07:52 INFO  Assert that (True == value) with value=True ... passed
15:07:52 INFO  Package asciijump is installed
15:07:52 INFO  Assert that (True == value) with value=True ... passed
15:07:53 INFO  Package registry is installed
15:07:53 INFO  Assert that (True == value) with value=True ... passed
15:07:53 INFO  Response status: 201
15:07:53 INFO  Response to action: {
    &quot;creationTime&quot;: &quot;2022-05-03T15:07:53.247Z&quot;,
    &quot;deviceName&quot;: &quot;m32sd10c&quot;,
    &quot;deviceId&quot;: &quot;18294268&quot;,
    &quot;self&quot;: &quot;https://t493319102.eu-latest.cumulocity.com/devicecontrol/operations/18313900&quot;,
    &quot;id&quot;: &quot;18313900&quot;,
    &quot;status&quot;: &quot;PENDING&quot;,
    &quot;description&quot;: &quot;Apply software changes, triggered from PySys: [{'action': 'delete', 'id': '5495053', 'name': 'apple', 'url': ' ', 'version': '::fruits'}, {'action': 'delete', 'id': '5494888', 'name': 'banana', 'url': ' ', 'version': '::fruits'}, {'action': 'delete', 'id': '5475369', 'name': 'asciijump', 'url': ' ', 'version': '::apt'}, {'action': 'delete', 'id': '5495382', 'name': 'cherry', 'url': ' ', 'version': '::fruits'}, {'action': 'delete', 'id': '8018911', 'name': 'registry', 'url': ' ', 'version': '::docker'}]&quot;,
    &quot;c8y_SoftwareUpdate&quot;: [
        {
            &quot;name&quot;: &quot;apple&quot;,
            &quot;action&quot;: &quot;delete&quot;,
            &quot;id&quot;: &quot;5495053&quot;,
            &quot;version&quot;: &quot;::fruits&quot;,
            &quot;url&quot;: &quot; &quot;
        },
        {
            &quot;name&quot;: &quot;banana&quot;,
            &quot;action&quot;: &quot;delete&quot;,
            &quot;id&quot;: &quot;5494888&quot;,
            &quot;version&quot;: &quot;::fruits&quot;,
            &quot;url&quot;: &quot; &quot;
        },
        {
            &quot;name&quot;: &quot;asciijump&quot;,
            &quot;action&quot;: &quot;delete&quot;,
            &quot;id&quot;: &quot;5475369&quot;,
            &quot;version&quot;: &quot;::apt&quot;,
            &quot;url&quot;: &quot; &quot;
        },
        {
            &quot;name&quot;: &quot;cherry&quot;,
            &quot;action&quot;: &quot;delete&quot;,
            &quot;id&quot;: &quot;5495382&quot;,
            &quot;version&quot;: &quot;::fruits&quot;,
            &quot;url&quot;: &quot; &quot;
        },
        {
            &quot;name&quot;: &quot;registry&quot;,
            &quot;action&quot;: &quot;delete&quot;,
            &quot;id&quot;: &quot;8018911&quot;,
            &quot;version&quot;: &quot;::docker&quot;,
            &quot;url&quot;: &quot; &quot;
        }
    ]
}
15:07:53 INFO  Started operation: {'creationTime': '2022-05-03T15:07:53.247Z', 'deviceName': 'm32sd10c', 'deviceId': '18294268', 'self': 'https://t493319102.eu-latest.cumulocity.com/devicecontrol/operations/18313900', 'id': '18313900', 'status': 'PENDING', 'description': &quot;Apply software changes, triggered from PySys: [{'action': 'delete', 'id': '5495053', 'name': 'apple', 'url': ' ', 'version': '::fruits'}, {'action': 'delete', 'id': '5494888', 'name': 'banana', 'url': ' ', 'version': '::fruits'}, {'action': 'delete', 'id': '5475369', 'name': 'asciijump', 'url': ' ', 'version': '::apt'}, {'action': 'delete', 'id': '5495382', 'name': 'cherry', 'url': ' ', 'version': '::fruits'}, {'action': 'delete', 'id': '8018911', 'name': 'registry', 'url': ' ', 'version': '::docker'}]&quot;, 'c8y_SoftwareUpdate': [{'name': 'apple', 'action': 'delete', 'id': '5495053', 'version': '::fruits', 'url': ' '}, {'name': 'banana', 'action': 'delete', 'id': '5494888', 'version': '::fruits', 'url': ' '}, {'name': 'asciijump', 'action': 'delete', 'id': '5475369', 'version': '::apt', 'url': ' '}, {'name': 'cherry', 'action': 'delete', 'id': '5495382', 'version': '::fruits', 'url': ' '}, {'name': 'registry', 'action': 'delete', 'id': '8018911', 'version': '::docker', 'url': ' '}]}
15:07:55 INFO  State of operation 18313900 : PENDING
15:07:57 INFO  State of operation 18313900 : EXECUTING
15:07:59 INFO  State of operation 18313900 : EXECUTING
15:08:02 INFO  State of operation 18313900 : EXECUTING
15:08:04 INFO  State of operation 18313900 : EXECUTING
15:08:06 INFO  State of operation 18313900 : EXECUTING
15:08:09 INFO  State of operation 18313900 : EXECUTING
15:08:11 INFO  State of operation 18313900 : EXECUTING
15:08:14 INFO  State of operation 18313900 : EXECUTING
15:08:16 INFO  State of operation 18313900 : EXECUTING
15:08:18 INFO  State of operation 18313900 : EXECUTING
15:08:21 INFO  State of operation 18313900 : EXECUTING
15:08:23 INFO  State of operation 18313900 : EXECUTING
15:08:25 INFO  State of operation 18313900 : EXECUTING
15:08:27 INFO  State of operation 18313900 : EXECUTING
15:08:30 INFO  State of operation 18313900 : EXECUTING
15:08:34 INFO  State of operation 18313900 : EXECUTING
15:08:36 INFO  State of operation 18313900 : EXECUTING
15:08:38 INFO  State of operation 18313900 : EXECUTING
15:08:40 INFO  State of operation 18313900 : EXECUTING
15:08:43 INFO  State of operation 18313900 : EXECUTING
15:08:45 INFO  State of operation 18313900 : EXECUTING
15:08:47 INFO  State of operation 18313900 : EXECUTING
15:08:50 INFO  State of operation 18313900 : EXECUTING
15:08:52 INFO  State of operation 18313900 : EXECUTING
15:08:54 INFO  State of operation 18313900 : EXECUTING
15:08:57 INFO  State of operation 18313900 : EXECUTING
15:08:59 INFO  State of operation 18313900 : EXECUTING
15:09:01 INFO  State of operation 18313900 : EXECUTING
15:09:03 INFO  State of operation 18313900 : EXECUTING
15:09:06 INFO  State of operation 18313900 : SUCCESSFUL
15:09:06 INFO  Package apple is installed
15:09:06 INFO  Assert that (True == value) with value=True ... passed
15:09:06 INFO  Package banana is installed
15:09:06 INFO  Assert that (True == value) with value=True ... passed
15:09:06 INFO  Package cherry is installed
15:09:06 INFO  Assert that (True == value) with value=True ... passed
15:09:07 INFO  Assert that (False == value) with value=False ... passed
15:09:07 INFO  Assert that (False == value) with value=False ... passed
15:09:07 INFO  
15:09:07 INFO  cleanup:
15:09:11 INFO  Executed sudo&lt;tedge_disconnect_c8y&gt;, exit status 0
15:09:11 INFO  Executed systemctl&lt;serv_mapper5&gt;, exit status 3
15:09:11 INFO  
15:09:11 INFO  Test duration: 166.01 secs
15:09:11 INFO  Test final outcome:  FAILED
15:09:11 INFO  Test outcome reason: Assert that (False == value) with value=True
15:09:11 INFO  
</system-out>
	</testcase>
</testsuite>
