<?xml version="1.0" encoding="utf-8"?>
<testsuite failures="1" name="SoftwareManagement.sm_apt_install_remove_with_version" skipped="0" tests="1" time="165.28" timestamp="2022-04-21T14:58:55">
	<testcase classname="PySysTest" name="SoftwareManagement.sm_apt_install_remove_with_version">
		<failure message="BLOCKED: SystemError: Timeout while waiting for status FAILED or SUCCESSFUL" type="BLOCKED"/>
		<system-out>14:56:10 INFO  ==============================================================
14:56:10 INFO  Id:    SoftwareManagement.sm_apt_install_remove_with_version
14:56:10 INFO  Dir:   software_management_end_to_end/
14:56:10 INFO  Title: Validate end to end behaviour for the apt plugin for packages with version
14:56:10 INFO  ==============================================================
14:56:10 INFO  Using sw id database: {'asciijump': '5475369', 'robotfindskitten': '5474869', 'squirrel3': '5475279', 'rolldice': '5152439', 'moon-buggy': '5439204', 'apple': '5495053', 'banana': '5494888', 'cherry': '5495382', 'watermelon': '5494510', 'registry': '8018911', 'hello-world': '8021526', 'docker/getting-started': '8021973', 'alpine': '7991792'}
14:56:10 INFO  EnvironmentC8y Setup
14:56:10 INFO  Executed systemctl&lt;serv_mapper1&gt;, exit status 3
14:56:10 INFO  Restarting mosquitto too frequently in the last 10 seconds. It was only up for 5 seconds
14:56:10 INFO  Delaying execution by 6 seconds
14:56:31 INFO  Executed sudo&lt;tedge_connect_c8y&gt;, exit status 0, duration 14 secs
14:56:31 INFO  Executed sudo&lt;tedge_connect_c8y_test&gt;, exit status 0
14:56:32 INFO  Executed systemctl&lt;serv_mosq2&gt;, exit status 0
14:56:32 INFO  Executed systemctl&lt;serv_mapper3&gt;, exit status 0
14:56:35 INFO  State of current operation: PENDING
14:56:37 INFO  State of current operation: PENDING
14:56:39 INFO  State of current operation: PENDING
14:56:41 INFO  State of current operation: PENDING
14:56:43 INFO  State of current operation: PENDING
14:56:46 INFO  State of current operation: PENDING
14:56:48 INFO  State of current operation: PENDING
14:56:50 INFO  State of current operation: PENDING
14:56:52 INFO  State of current operation: PENDING
14:56:55 INFO  State of current operation: PENDING
14:56:57 INFO  State of current operation: PENDING
14:56:59 INFO  State of current operation: PENDING
14:57:01 INFO  State of current operation: PENDING
14:57:03 INFO  State of current operation: PENDING
14:57:06 INFO  State of current operation: PENDING
14:57:08 INFO  State of current operation: PENDING
14:57:10 INFO  State of current operation: PENDING
14:57:12 INFO  State of current operation: PENDING
14:57:15 INFO  State of current operation: PENDING
14:57:17 INFO  State of current operation: PENDING
14:57:19 INFO  State of current operation: PENDING
14:57:21 INFO  State of current operation: PENDING
14:57:23 INFO  State of current operation: PENDING
14:57:26 INFO  State of current operation: PENDING
14:57:28 INFO  State of current operation: PENDING
14:57:30 INFO  State of current operation: PENDING
14:57:33 INFO  State of current operation: PENDING
14:57:35 INFO  State of current operation: PENDING
14:57:37 INFO  State of current operation: PENDING
14:57:39 INFO  State of current operation: PENDING
14:57:42 INFO  State of current operation: PENDING
14:57:44 INFO  State of current operation: PENDING
14:57:46 INFO  State of current operation: PENDING
14:57:48 INFO  State of current operation: PENDING
14:57:50 INFO  State of current operation: PENDING
14:57:53 INFO  State of current operation: PENDING
14:57:55 INFO  State of current operation: PENDING
14:57:57 INFO  State of current operation: PENDING
14:57:59 INFO  State of current operation: PENDING
14:58:02 INFO  State of current operation: PENDING
14:58:04 INFO  State of current operation: PENDING
14:58:06 INFO  State of current operation: PENDING
14:58:08 INFO  State of current operation: PENDING
14:58:10 INFO  State of current operation: PENDING
14:58:13 INFO  State of current operation: PENDING
14:58:15 INFO  State of current operation: PENDING
14:58:17 INFO  State of current operation: PENDING
14:58:19 INFO  State of current operation: PENDING
14:58:22 INFO  State of current operation: PENDING
14:58:24 INFO  State of current operation: PENDING
14:58:26 INFO  State of current operation: PENDING
14:58:28 INFO  State of current operation: PENDING
14:58:30 INFO  State of current operation: PENDING
14:58:33 INFO  State of current operation: PENDING
14:58:35 INFO  State of current operation: PENDING
14:58:37 INFO  State of current operation: PENDING
14:58:39 INFO  State of current operation: PENDING
14:58:42 INFO  State of current operation: PENDING
14:58:44 INFO  State of current operation: PENDING
14:58:46 INFO  State of current operation: PENDING
14:58:48 INFO  State of current operation: PENDING
14:58:50 WARN  SystemError occurred while running test - Timeout while waiting for status FAILED or SUCCESSFUL
Traceback (most recent call last):
  File &quot;/home/pi/env-pysys/lib/python3.7/site-packages/pysys/baserunner.py&quot;, line 1292, in __call__
    self.testObj.setup()
  File &quot;/home/pi/actions-runner/_work/thin-edge.io/thin-edge.io/tests/PySys/software_management_end_to_end/sm_apt_install_remove_with_version/run.py&quot;, line 27, in setup
    super().setup()
  File &quot;/home/pi/actions-runner/_work/thin-edge.io/thin-edge.io/tests/PySys/software_management_end_to_end/environment_sm_management.py&quot;, line 151, in setup
    self.wait_until_end()
  File &quot;/home/pi/actions-runner/_work/thin-edge.io/thin-edge.io/tests/PySys/software_management_end_to_end/environment_sm_management.py&quot;, line 332, in wait_until_end
    self.wait_until_status(&quot;FAILED&quot;, &quot;SUCCESSFUL&quot;)
  File &quot;/home/pi/actions-runner/_work/thin-edge.io/thin-edge.io/tests/PySys/software_management_end_to_end/environment_sm_management.py&quot;, line 381, in wait_until_status
    &quot;Timeout while waiting for status %s or %s&quot; % (status, status2)
SystemError: Timeout while waiting for status FAILED or SUCCESSFUL
14:58:50 WARN  SystemError: Timeout while waiting for status FAILED or SUCCESSFUL ... blocked 
14:58:50 INFO  
14:58:50 INFO  cleanup:
14:58:54 INFO  Executed sudo&lt;tedge_disconnect_c8y&gt;, exit status 0
14:58:55 INFO  Executed systemctl&lt;serv_mapper5&gt;, exit status 3
14:58:55 INFO  
14:58:55 INFO  Test duration: 165.28 secs
14:58:55 INFO  Test final outcome:  BLOCKED
14:58:55 INFO  Test outcome reason: SystemError: Timeout while waiting for status FAILED or SUCCESSFUL
14:58:55 INFO  
</system-out>
	</testcase>
</testsuite>
