<?xml version="1.0" encoding="utf-8"?>
<testsuite failures="0" name="SoftwareManagement.sm_mapper_fail_and_reconnect" skipped="1" tests="1" time="0.05" timestamp="2022-04-25T22:40:11">
	<testcase classname="MapperC8yReceiveLastMessageOnRestart" name="SoftwareManagement.sm_mapper_fail_and_reconnect">
		<skipped message="SKIPPED: instable https://github.com/thin-edge/thin-edge.io/issues/752"/>
		<system-out>22:40:11 INFO  ==============================================================
22:40:11 INFO  Id:    SoftwareManagement.sm_mapper_fail_and_reconnect
22:40:11 INFO  Dir:   software_management_end_to_end/
22:40:11 INFO  Title: Validate the tedge-mapper-sm-c8y for receiving the last message on restart
22:40:11 INFO  ==============================================================
22:40:11 INFO  instable https://github.com/thin-edge/thin-edge.io/issues/752 ... skipped
22:40:11 INFO  
22:40:11 INFO  Test duration: 0.05 secs
22:40:11 INFO  Test final outcome:  SKIPPED
22:40:11 INFO  Test outcome reason: instable https://github.com/thin-edge/thin-edge.io/issues/752
22:40:11 INFO  
</system-out>
	</testcase>
</testsuite>
