<?xml version="1.0" encoding="utf-8"?>
<testsuite failures="1" name="SoftwareManagement.sm_apt_install_remove_multiple" skipped="0" tests="1" time="165.73" timestamp="2022-04-25T22:26:25">
	<testcase classname="PySysTest" name="SoftwareManagement.sm_apt_install_remove_multiple">
		<failure message="BLOCKED: SystemError: Timeout while waiting for status FAILED or SUCCESSFUL" type="BLOCKED"/>
		<system-out>22:23:39 INFO  ==============================================================
22:23:39 INFO  Id:    SoftwareManagement.sm_apt_install_remove_multiple
22:23:39 INFO  Dir:   software_management_end_to_end/
22:23:39 INFO  Title: Validate end to end behaviour for the apt plugin for multiple packages
22:23:39 INFO  ==============================================================
22:23:39 INFO  Using sw id database: {'asciijump': '5475369', 'robotfindskitten': '5474869', 'squirrel3': '5475279', 'rolldice': '5152439', 'moon-buggy': '5439204', 'apple': '5495053', 'banana': '5494888', 'cherry': '5495382', 'watermelon': '5494510', 'registry': '8018911', 'hello-world': '8021526', 'docker/getting-started': '8021973', 'alpine': '7991792'}
22:23:39 INFO  EnvironmentC8y Setup
22:23:40 INFO  Executed systemctl&lt;serv_mapper1&gt;, exit status 3
22:23:40 INFO  Restarting mosquitto too frequently in the last 10 seconds. It was only up for 4 seconds
22:23:40 INFO  Delaying execution by 7 seconds
22:24:01 INFO  Executed sudo&lt;tedge_connect_c8y&gt;, exit status 0, duration 13 secs
22:24:01 INFO  Executed sudo&lt;tedge_connect_c8y_test&gt;, exit status 0
22:24:02 INFO  Executed systemctl&lt;serv_mosq2&gt;, exit status 0
22:24:02 INFO  Executed systemctl&lt;serv_mapper3&gt;, exit status 0
22:24:05 INFO  State of current operation: PENDING
22:24:07 INFO  State of current operation: PENDING
22:24:09 INFO  State of current operation: PENDING
22:24:11 INFO  State of current operation: PENDING
22:24:13 INFO  State of current operation: PENDING
22:24:16 INFO  State of current operation: PENDING
22:24:18 INFO  State of current operation: PENDING
22:24:20 INFO  State of current operation: PENDING
22:24:22 INFO  State of current operation: PENDING
22:24:25 INFO  State of current operation: PENDING
22:24:27 INFO  State of current operation: PENDING
22:24:29 INFO  State of current operation: PENDING
22:24:31 INFO  State of current operation: PENDING
22:24:33 INFO  State of current operation: PENDING
22:24:36 INFO  State of current operation: PENDING
22:24:38 INFO  State of current operation: PENDING
22:24:40 INFO  State of current operation: PENDING
22:24:42 INFO  State of current operation: PENDING
22:24:45 INFO  State of current operation: PENDING
22:24:47 INFO  State of current operation: PENDING
22:24:49 INFO  State of current operation: PENDING
22:24:51 INFO  State of current operation: PENDING
22:24:53 INFO  State of current operation: PENDING
22:24:56 INFO  State of current operation: PENDING
22:24:58 INFO  State of current operation: PENDING
22:25:00 INFO  State of current operation: PENDING
22:25:02 INFO  State of current operation: PENDING
22:25:05 INFO  State of current operation: PENDING
22:25:07 INFO  State of current operation: PENDING
22:25:09 INFO  State of current operation: PENDING
22:25:11 INFO  State of current operation: PENDING
22:25:13 INFO  State of current operation: PENDING
22:25:16 INFO  State of current operation: PENDING
22:25:18 INFO  State of current operation: PENDING
22:25:20 INFO  State of current operation: PENDING
22:25:22 INFO  State of current operation: PENDING
22:25:25 INFO  State of current operation: PENDING
22:25:27 INFO  State of current operation: PENDING
22:25:29 INFO  State of current operation: PENDING
22:25:31 INFO  State of current operation: PENDING
22:25:33 INFO  State of current operation: PENDING
22:25:36 INFO  State of current operation: PENDING
22:25:38 INFO  State of current operation: PENDING
22:25:40 INFO  State of current operation: PENDING
22:25:43 INFO  State of current operation: PENDING
22:25:45 INFO  State of current operation: PENDING
22:25:47 INFO  State of current operation: PENDING
22:25:49 INFO  State of current operation: PENDING
22:25:52 INFO  State of current operation: PENDING
22:25:54 INFO  State of current operation: PENDING
22:25:56 INFO  State of current operation: PENDING
22:25:58 INFO  State of current operation: PENDING
22:26:00 INFO  State of current operation: PENDING
22:26:03 INFO  State of current operation: PENDING
22:26:05 INFO  State of current operation: PENDING
22:26:07 INFO  State of current operation: PENDING
22:26:09 INFO  State of current operation: PENDING
22:26:12 INFO  State of current operation: PENDING
22:26:14 INFO  State of current operation: PENDING
22:26:16 INFO  State of current operation: PENDING
22:26:18 INFO  State of current operation: PENDING
22:26:20 WARN  SystemError occurred while running test - Timeout while waiting for status FAILED or SUCCESSFUL
Traceback (most recent call last):
  File &quot;/home/pi/env-pysys/lib/python3.7/site-packages/pysys/baserunner.py&quot;, line 1292, in __call__
    self.testObj.setup()
  File &quot;/home/pi/actions-runner/_work/thin-edge.io/thin-edge.io/tests/PySys/software_management_end_to_end/sm_apt_install_remove_multiple/run.py&quot;, line 52, in setup
    super().setup()
  File &quot;/home/pi/actions-runner/_work/thin-edge.io/thin-edge.io/tests/PySys/software_management_end_to_end/environment_sm_management.py&quot;, line 151, in setup
    self.wait_until_end()
  File &quot;/home/pi/actions-runner/_work/thin-edge.io/thin-edge.io/tests/PySys/software_management_end_to_end/environment_sm_management.py&quot;, line 332, in wait_until_end
    self.wait_until_status(&quot;FAILED&quot;, &quot;SUCCESSFUL&quot;)
  File &quot;/home/pi/actions-runner/_work/thin-edge.io/thin-edge.io/tests/PySys/software_management_end_to_end/environment_sm_management.py&quot;, line 381, in wait_until_status
    &quot;Timeout while waiting for status %s or %s&quot; % (status, status2)
SystemError: Timeout while waiting for status FAILED or SUCCESSFUL
22:26:20 WARN  SystemError: Timeout while waiting for status FAILED or SUCCESSFUL ... blocked 
22:26:20 INFO  
22:26:20 INFO  cleanup:
22:26:24 INFO  Executed sudo&lt;tedge_disconnect_c8y&gt;, exit status 0
22:26:25 INFO  Executed systemctl&lt;serv_mapper5&gt;, exit status 3
22:26:25 INFO  
22:26:25 INFO  Test duration: 165.73 secs
22:26:25 INFO  Test final outcome:  BLOCKED
22:26:25 INFO  Test outcome reason: SystemError: Timeout while waiting for status FAILED or SUCCESSFUL
22:26:25 INFO  
</system-out>
	</testcase>
</testsuite>
