<?xml version="1.0" encoding="utf-8"?>
<testsuite failures="1" name="SoftwareManagement.sm_mixed_install_remove_multiple" skipped="0" tests="1" time="161.86" timestamp="2022-05-06T14:34:13">
	<testcase classname="PySysTest" name="SoftwareManagement.sm_mixed_install_remove_multiple">
		<failure message="FAILED: Assert that (False == value) with value=True" type="FAILED"/>
		<system-out>14:31:31 INFO  ==============================================================
14:31:31 INFO  Id:    SoftwareManagement.sm_mixed_install_remove_multiple
14:31:31 INFO  Dir:   software_management_end_to_end/
14:31:31 INFO  Title: Validate end to end behaviour for the dummy-plugin for multiple packages with mixed versions
14:31:31 INFO  ==============================================================
14:31:31 INFO  Using sw id database: {'asciijump': '5475369', 'robotfindskitten': '5474869', 'squirrel3': '5475279', 'rolldice': '5152439', 'moon-buggy': '5439204', 'apple': '5495053', 'banana': '5494888', 'cherry': '5495382', 'watermelon': '5494510', 'registry': '8018911', 'hello-world': '8021526', 'docker/getting-started': '8021973', 'alpine': '7991792'}
14:31:31 INFO  EnvironmentC8y Setup
14:31:31 INFO  Executed systemctl&lt;serv_mapper1&gt;, exit status 3
14:31:31 INFO  Restarting mosquitto too frequently in the last 10 seconds. It was only up for 5 seconds
14:31:31 INFO  Delaying execution by 6 seconds
14:31:51 INFO  Executed sudo&lt;tedge_connect_c8y&gt;, exit status 0, duration 13 secs
14:31:52 INFO  Executed sudo&lt;tedge_connect_c8y_test&gt;, exit status 0
14:31:52 INFO  Executed systemctl&lt;serv_mosq2&gt;, exit status 0
14:31:53 INFO  Executed systemctl&lt;serv_mapper3&gt;, exit status 0
14:31:55 INFO  State of current operation: SUCCESSFUL
14:31:55 INFO  Package apple is installed
14:31:55 INFO  Assert that (True == value) with value=True ... passed
14:31:56 INFO  Package banana is installed
14:31:56 INFO  Assert that (True == value) with value=True ... passed
14:31:56 INFO  Package cherry is installed
14:31:56 INFO  Assert that (True == value) with value=True ... passed
14:31:56 INFO  Package asciijump is installed
14:31:56 WARN  Assert that (False == value) with value=True ... failed 
14:31:56 INFO  Assert that (False == value) with value=False ... passed
14:31:56 INFO  Response status: 201
14:31:56 INFO  Response to action: {
    &quot;creationTime&quot;: &quot;2022-05-06T14:31:56.901Z&quot;,
    &quot;deviceName&quot;: &quot;m32sd10c&quot;,
    &quot;deviceId&quot;: &quot;18388531&quot;,
    &quot;self&quot;: &quot;https://t493319102.eu-latest.cumulocity.com/devicecontrol/operations/18458840&quot;,
    &quot;id&quot;: &quot;18458840&quot;,
    &quot;status&quot;: &quot;PENDING&quot;,
    &quot;description&quot;: &quot;Apply software changes, triggered from PySys: [{'action': 'install', 'id': '5495053', 'name': 'apple', 'url': ' ', 'version': '::fruits'}, {'action': 'install', 'id': '5494888', 'name': 'banana', 'url': ' ', 'version': '::fruits'}, {'action': 'install', 'id': '5475369', 'name': 'asciijump', 'url': ' ', 'version': '::apt'}, {'action': 'install', 'id': '5495382', 'name': 'cherry', 'url': ' ', 'version': '::fruits'}, {'action': 'install', 'id': '8018911', 'name': 'registry', 'url': ' ', 'version': '::docker'}]&quot;,
    &quot;c8y_SoftwareUpdate&quot;: [
        {
            &quot;name&quot;: &quot;apple&quot;,
            &quot;action&quot;: &quot;install&quot;,
            &quot;id&quot;: &quot;5495053&quot;,
            &quot;version&quot;: &quot;::fruits&quot;,
            &quot;url&quot;: &quot; &quot;
        },
        {
            &quot;name&quot;: &quot;banana&quot;,
            &quot;action&quot;: &quot;install&quot;,
            &quot;id&quot;: &quot;5494888&quot;,
            &quot;version&quot;: &quot;::fruits&quot;,
            &quot;url&quot;: &quot; &quot;
        },
        {
            &quot;name&quot;: &quot;asciijump&quot;,
            &quot;action&quot;: &quot;install&quot;,
            &quot;id&quot;: &quot;5475369&quot;,
            &quot;version&quot;: &quot;::apt&quot;,
            &quot;url&quot;: &quot; &quot;
        },
        {
            &quot;name&quot;: &quot;cherry&quot;,
            &quot;action&quot;: &quot;install&quot;,
            &quot;id&quot;: &quot;5495382&quot;,
            &quot;version&quot;: &quot;::fruits&quot;,
            &quot;url&quot;: &quot; &quot;
        },
        {
            &quot;name&quot;: &quot;registry&quot;,
            &quot;action&quot;: &quot;install&quot;,
            &quot;id&quot;: &quot;8018911&quot;,
            &quot;version&quot;: &quot;::docker&quot;,
            &quot;url&quot;: &quot; &quot;
        }
    ]
}
14:31:56 INFO  Started operation: {'creationTime': '2022-05-06T14:31:56.901Z', 'deviceName': 'm32sd10c', 'deviceId': '18388531', 'self': 'https://t493319102.eu-latest.cumulocity.com/devicecontrol/operations/18458840', 'id': '18458840', 'status': 'PENDING', 'description': &quot;Apply software changes, triggered from PySys: [{'action': 'install', 'id': '5495053', 'name': 'apple', 'url': ' ', 'version': '::fruits'}, {'action': 'install', 'id': '5494888', 'name': 'banana', 'url': ' ', 'version': '::fruits'}, {'action': 'install', 'id': '5475369', 'name': 'asciijump', 'url': ' ', 'version': '::apt'}, {'action': 'install', 'id': '5495382', 'name': 'cherry', 'url': ' ', 'version': '::fruits'}, {'action': 'install', 'id': '8018911', 'name': 'registry', 'url': ' ', 'version': '::docker'}]&quot;, 'c8y_SoftwareUpdate': [{'name': 'apple', 'action': 'install', 'id': '5495053', 'version': '::fruits', 'url': ' '}, {'name': 'banana', 'action': 'install', 'id': '5494888', 'version': '::fruits', 'url': ' '}, {'name': 'asciijump', 'action': 'install', 'id': '5475369', 'version': '::apt', 'url': ' '}, {'name': 'cherry', 'action': 'install', 'id': '5495382', 'version': '::fruits', 'url': ' '}, {'name': 'registry', 'action': 'install', 'id': '8018911', 'version': '::docker', 'url': ' '}]}
14:31:59 INFO  State of operation 18458840 : PENDING
14:32:01 INFO  State of operation 18458840 : EXECUTING
14:32:03 INFO  State of operation 18458840 : EXECUTING
14:32:05 INFO  State of operation 18458840 : EXECUTING
14:32:08 INFO  State of operation 18458840 : EXECUTING
14:32:10 INFO  State of operation 18458840 : EXECUTING
14:32:13 INFO  State of operation 18458840 : EXECUTING
14:32:15 INFO  State of operation 18458840 : EXECUTING
14:32:18 INFO  State of operation 18458840 : EXECUTING
14:32:20 INFO  State of operation 18458840 : EXECUTING
14:32:22 INFO  State of operation 18458840 : EXECUTING
14:32:25 INFO  State of operation 18458840 : EXECUTING
14:32:27 INFO  State of operation 18458840 : EXECUTING
14:32:29 INFO  State of operation 18458840 : EXECUTING
14:32:31 INFO  State of operation 18458840 : EXECUTING
14:32:33 INFO  State of operation 18458840 : EXECUTING
14:32:36 INFO  State of operation 18458840 : EXECUTING
14:32:38 INFO  State of operation 18458840 : EXECUTING
14:32:40 INFO  State of operation 18458840 : EXECUTING
14:32:42 INFO  State of operation 18458840 : EXECUTING
14:32:44 INFO  State of operation 18458840 : EXECUTING
14:32:47 INFO  State of operation 18458840 : EXECUTING
14:32:49 INFO  State of operation 18458840 : EXECUTING
14:32:51 INFO  State of operation 18458840 : EXECUTING
14:32:53 INFO  State of operation 18458840 : EXECUTING
14:32:56 INFO  State of operation 18458840 : SUCCESSFUL
14:32:56 INFO  Package apple is installed
14:32:56 INFO  Assert that (True == value) with value=True ... passed
14:32:56 INFO  Package banana is installed
14:32:56 INFO  Assert that (True == value) with value=True ... passed
14:32:56 INFO  Package cherry is installed
14:32:56 INFO  Assert that (True == value) with value=True ... passed
14:32:57 INFO  Package asciijump is installed
14:32:57 INFO  Assert that (True == value) with value=True ... passed
14:32:57 INFO  Package registry is installed
14:32:57 INFO  Assert that (True == value) with value=True ... passed
14:32:57 INFO  Response status: 201
14:32:57 INFO  Response to action: {
    &quot;creationTime&quot;: &quot;2022-05-06T14:32:57.507Z&quot;,
    &quot;deviceName&quot;: &quot;m32sd10c&quot;,
    &quot;deviceId&quot;: &quot;18388531&quot;,
    &quot;self&quot;: &quot;https://t493319102.eu-latest.cumulocity.com/devicecontrol/operations/18458853&quot;,
    &quot;id&quot;: &quot;18458853&quot;,
    &quot;status&quot;: &quot;PENDING&quot;,
    &quot;description&quot;: &quot;Apply software changes, triggered from PySys: [{'action': 'delete', 'id': '5495053', 'name': 'apple', 'url': ' ', 'version': '::fruits'}, {'action': 'delete', 'id': '5494888', 'name': 'banana', 'url': ' ', 'version': '::fruits'}, {'action': 'delete', 'id': '5475369', 'name': 'asciijump', 'url': ' ', 'version': '::apt'}, {'action': 'delete', 'id': '5495382', 'name': 'cherry', 'url': ' ', 'version': '::fruits'}, {'action': 'delete', 'id': '8018911', 'name': 'registry', 'url': ' ', 'version': '::docker'}]&quot;,
    &quot;c8y_SoftwareUpdate&quot;: [
        {
            &quot;name&quot;: &quot;apple&quot;,
            &quot;action&quot;: &quot;delete&quot;,
            &quot;id&quot;: &quot;5495053&quot;,
            &quot;version&quot;: &quot;::fruits&quot;,
            &quot;url&quot;: &quot; &quot;
        },
        {
            &quot;name&quot;: &quot;banana&quot;,
            &quot;action&quot;: &quot;delete&quot;,
            &quot;id&quot;: &quot;5494888&quot;,
            &quot;version&quot;: &quot;::fruits&quot;,
            &quot;url&quot;: &quot; &quot;
        },
        {
            &quot;name&quot;: &quot;asciijump&quot;,
            &quot;action&quot;: &quot;delete&quot;,
            &quot;id&quot;: &quot;5475369&quot;,
            &quot;version&quot;: &quot;::apt&quot;,
            &quot;url&quot;: &quot; &quot;
        },
        {
            &quot;name&quot;: &quot;cherry&quot;,
            &quot;action&quot;: &quot;delete&quot;,
            &quot;id&quot;: &quot;5495382&quot;,
            &quot;version&quot;: &quot;::fruits&quot;,
            &quot;url&quot;: &quot; &quot;
        },
        {
            &quot;name&quot;: &quot;registry&quot;,
            &quot;action&quot;: &quot;delete&quot;,
            &quot;id&quot;: &quot;8018911&quot;,
            &quot;version&quot;: &quot;::docker&quot;,
            &quot;url&quot;: &quot; &quot;
        }
    ]
}
14:32:57 INFO  Started operation: {'creationTime': '2022-05-06T14:32:57.507Z', 'deviceName': 'm32sd10c', 'deviceId': '18388531', 'self': 'https://t493319102.eu-latest.cumulocity.com/devicecontrol/operations/18458853', 'id': '18458853', 'status': 'PENDING', 'description': &quot;Apply software changes, triggered from PySys: [{'action': 'delete', 'id': '5495053', 'name': 'apple', 'url': ' ', 'version': '::fruits'}, {'action': 'delete', 'id': '5494888', 'name': 'banana', 'url': ' ', 'version': '::fruits'}, {'action': 'delete', 'id': '5475369', 'name': 'asciijump', 'url': ' ', 'version': '::apt'}, {'action': 'delete', 'id': '5495382', 'name': 'cherry', 'url': ' ', 'version': '::fruits'}, {'action': 'delete', 'id': '8018911', 'name': 'registry', 'url': ' ', 'version': '::docker'}]&quot;, 'c8y_SoftwareUpdate': [{'name': 'apple', 'action': 'delete', 'id': '5495053', 'version': '::fruits', 'url': ' '}, {'name': 'banana', 'action': 'delete', 'id': '5494888', 'version': '::fruits', 'url': ' '}, {'name': 'asciijump', 'action': 'delete', 'id': '5475369', 'version': '::apt', 'url': ' '}, {'name': 'cherry', 'action': 'delete', 'id': '5495382', 'version': '::fruits', 'url': ' '}, {'name': 'registry', 'action': 'delete', 'id': '8018911', 'version': '::docker', 'url': ' '}]}
14:32:59 INFO  State of operation 18458853 : PENDING
14:33:02 INFO  State of operation 18458853 : EXECUTING
14:33:04 INFO  State of operation 18458853 : EXECUTING
14:33:06 INFO  State of operation 18458853 : EXECUTING
14:33:08 INFO  State of operation 18458853 : EXECUTING
14:33:10 INFO  State of operation 18458853 : EXECUTING
14:33:13 INFO  State of operation 18458853 : EXECUTING
14:33:16 INFO  State of operation 18458853 : EXECUTING
14:33:18 INFO  State of operation 18458853 : EXECUTING
14:33:21 INFO  State of operation 18458853 : EXECUTING
14:33:23 INFO  State of operation 18458853 : EXECUTING
14:33:25 INFO  State of operation 18458853 : EXECUTING
14:33:27 INFO  State of operation 18458853 : EXECUTING
14:33:29 INFO  State of operation 18458853 : EXECUTING
14:33:32 INFO  State of operation 18458853 : EXECUTING
14:33:34 INFO  State of operation 18458853 : EXECUTING
14:33:37 INFO  State of operation 18458853 : EXECUTING
14:33:39 INFO  State of operation 18458853 : EXECUTING
14:33:42 INFO  State of operation 18458853 : EXECUTING
14:33:44 INFO  State of operation 18458853 : EXECUTING
14:33:46 INFO  State of operation 18458853 : EXECUTING
14:33:48 INFO  State of operation 18458853 : EXECUTING
14:33:51 INFO  State of operation 18458853 : EXECUTING
14:33:53 INFO  State of operation 18458853 : EXECUTING
14:33:55 INFO  State of operation 18458853 : EXECUTING
14:33:58 INFO  State of operation 18458853 : EXECUTING
14:34:00 INFO  State of operation 18458853 : EXECUTING
14:34:02 INFO  State of operation 18458853 : EXECUTING
14:34:05 INFO  State of operation 18458853 : EXECUTING
14:34:07 INFO  State of operation 18458853 : SUCCESSFUL
14:34:07 INFO  Package apple is installed
14:34:07 INFO  Assert that (True == value) with value=True ... passed
14:34:07 INFO  Package banana is installed
14:34:07 INFO  Assert that (True == value) with value=True ... passed
14:34:07 INFO  Package cherry is installed
14:34:07 INFO  Assert that (True == value) with value=True ... passed
14:34:08 INFO  Assert that (False == value) with value=False ... passed
14:34:08 INFO  Assert that (False == value) with value=False ... passed
14:34:08 INFO  
14:34:08 INFO  cleanup:
14:34:12 INFO  Executed sudo&lt;tedge_disconnect_c8y&gt;, exit status 0
14:34:13 INFO  Executed systemctl&lt;serv_mapper5&gt;, exit status 3
14:34:13 INFO  
14:34:13 INFO  Test duration: 161.86 secs
14:34:13 INFO  Test final outcome:  FAILED
14:34:13 INFO  Test outcome reason: Assert that (False == value) with value=True
14:34:13 INFO  
</system-out>
	</testcase>
</testsuite>
