<?xml version="1.0" encoding="utf-8"?>
<testsuite failures="1" name="SoftwareManagement.sm_apt_install_remove_default" skipped="0" tests="1" time="164.82" timestamp="2022-04-27T18:49:12">
	<testcase classname="PySysTest" name="SoftwareManagement.sm_apt_install_remove_default">
		<failure message="BLOCKED: SystemError: Timeout while waiting for status FAILED or SUCCESSFUL" type="BLOCKED"/>
		<system-out>18:46:27 INFO  ==============================================================
18:46:27 INFO  Id:    SoftwareManagement.sm_apt_install_remove_default
18:46:27 INFO  Dir:   software_management_end_to_end/
18:46:27 INFO  Title: Validate end to end behaviour for the default plugin for installation and removal of packages
18:46:27 INFO  ==============================================================
18:46:27 INFO  Using sw id database: {'asciijump': '5475369', 'robotfindskitten': '5474869', 'squirrel3': '5475279', 'rolldice': '5152439', 'moon-buggy': '5439204', 'apple': '5495053', 'banana': '5494888', 'cherry': '5495382', 'watermelon': '5494510', 'registry': '8018911', 'hello-world': '8021526', 'docker/getting-started': '8021973', 'alpine': '7991792'}
18:46:27 INFO  EnvironmentC8y Setup
18:46:28 INFO  Executed systemctl&lt;serv_mapper1&gt;, exit status 3
18:46:28 INFO  Restarting mosquitto too frequently in the last 10 seconds. It was only up for 4 seconds
18:46:28 INFO  Delaying execution by 7 seconds
18:46:49 INFO  Executed sudo&lt;tedge_connect_c8y&gt;, exit status 0, duration 13 secs
18:46:49 INFO  Executed sudo&lt;tedge_connect_c8y_test&gt;, exit status 0
18:46:50 INFO  Executed systemctl&lt;serv_mosq2&gt;, exit status 0
18:46:50 INFO  Executed systemctl&lt;serv_mapper3&gt;, exit status 0
18:46:53 INFO  State of current operation: PENDING
18:46:55 INFO  State of current operation: PENDING
18:46:57 INFO  State of current operation: PENDING
18:46:59 INFO  State of current operation: PENDING
18:47:01 INFO  State of current operation: PENDING
18:47:04 INFO  State of current operation: PENDING
18:47:06 INFO  State of current operation: PENDING
18:47:08 INFO  State of current operation: PENDING
18:47:10 INFO  State of current operation: PENDING
18:47:12 INFO  State of current operation: PENDING
18:47:15 INFO  State of current operation: PENDING
18:47:17 INFO  State of current operation: PENDING
18:47:19 INFO  State of current operation: PENDING
18:47:21 INFO  State of current operation: PENDING
18:47:24 INFO  State of current operation: PENDING
18:47:26 INFO  State of current operation: PENDING
18:47:28 INFO  State of current operation: PENDING
18:47:30 INFO  State of current operation: PENDING
18:47:32 INFO  State of current operation: PENDING
18:47:35 INFO  State of current operation: PENDING
18:47:37 INFO  State of current operation: PENDING
18:47:39 INFO  State of current operation: PENDING
18:47:41 INFO  State of current operation: PENDING
18:47:44 INFO  State of current operation: PENDING
18:47:46 INFO  State of current operation: PENDING
18:47:48 INFO  State of current operation: PENDING
18:47:50 INFO  State of current operation: PENDING
18:47:52 INFO  State of current operation: PENDING
18:47:55 INFO  State of current operation: PENDING
18:47:57 INFO  State of current operation: PENDING
18:47:59 INFO  State of current operation: PENDING
18:48:01 INFO  State of current operation: PENDING
18:48:04 INFO  State of current operation: PENDING
18:48:06 INFO  State of current operation: PENDING
18:48:08 INFO  State of current operation: PENDING
18:48:10 INFO  State of current operation: PENDING
18:48:12 INFO  State of current operation: PENDING
18:48:15 INFO  State of current operation: PENDING
18:48:17 INFO  State of current operation: PENDING
18:48:19 INFO  State of current operation: PENDING
18:48:21 INFO  State of current operation: PENDING
18:48:23 INFO  State of current operation: PENDING
18:48:26 INFO  State of current operation: PENDING
18:48:28 INFO  State of current operation: PENDING
18:48:30 INFO  State of current operation: PENDING
18:48:32 INFO  State of current operation: PENDING
18:48:35 INFO  State of current operation: PENDING
18:48:37 INFO  State of current operation: PENDING
18:48:39 INFO  State of current operation: PENDING
18:48:41 INFO  State of current operation: PENDING
18:48:43 INFO  State of current operation: PENDING
18:48:46 INFO  State of current operation: PENDING
18:48:48 INFO  State of current operation: PENDING
18:48:50 INFO  State of current operation: PENDING
18:48:52 INFO  State of current operation: PENDING
18:48:55 INFO  State of current operation: PENDING
18:48:57 INFO  State of current operation: PENDING
18:48:59 INFO  State of current operation: PENDING
18:49:01 INFO  State of current operation: PENDING
18:49:03 INFO  State of current operation: PENDING
18:49:06 INFO  State of current operation: PENDING
18:49:08 WARN  SystemError occurred while running test - Timeout while waiting for status FAILED or SUCCESSFUL
Traceback (most recent call last):
  File &quot;/home/pi/env-pysys/lib/python3.7/site-packages/pysys/baserunner.py&quot;, line 1292, in __call__
    self.testObj.setup()
  File &quot;/home/pi/actions-runner/_work/thin-edge.io/thin-edge.io/tests/PySys/software_management_end_to_end/sm_apt_install_remove_default/run.py&quot;, line 26, in setup
    super().setup()
  File &quot;/home/pi/actions-runner/_work/thin-edge.io/thin-edge.io/tests/PySys/software_management_end_to_end/environment_sm_management.py&quot;, line 151, in setup
    self.wait_until_end()
  File &quot;/home/pi/actions-runner/_work/thin-edge.io/thin-edge.io/tests/PySys/software_management_end_to_end/environment_sm_management.py&quot;, line 332, in wait_until_end
    self.wait_until_status(&quot;FAILED&quot;, &quot;SUCCESSFUL&quot;)
  File &quot;/home/pi/actions-runner/_work/thin-edge.io/thin-edge.io/tests/PySys/software_management_end_to_end/environment_sm_management.py&quot;, line 381, in wait_until_status
    &quot;Timeout while waiting for status %s or %s&quot; % (status, status2)
SystemError: Timeout while waiting for status FAILED or SUCCESSFUL
18:49:08 WARN  SystemError: Timeout while waiting for status FAILED or SUCCESSFUL ... blocked 
18:49:08 INFO  
18:49:08 INFO  cleanup:
18:49:12 INFO  Executed sudo&lt;tedge_disconnect_c8y&gt;, exit status 0
18:49:12 INFO  Executed systemctl&lt;serv_mapper5&gt;, exit status 3
18:49:12 INFO  
18:49:12 INFO  Test duration: 164.82 secs
18:49:12 INFO  Test final outcome:  BLOCKED
18:49:12 INFO  Test outcome reason: SystemError: Timeout while waiting for status FAILED or SUCCESSFUL
18:49:12 INFO  
</system-out>
	</testcase>
</testsuite>
