<?xml version="1.0" encoding="utf-8"?>
<testsuite failures="1" name="SoftwareManagement.sm_fake_install_remove" skipped="0" tests="1" time="165.73" timestamp="2022-04-25T22:37:26">
	<testcase classname="PySysTest" name="SoftwareManagement.sm_fake_install_remove">
		<failure message="BLOCKED: SystemError: Timeout while waiting for status FAILED or SUCCESSFUL" type="BLOCKED"/>
		<system-out>22:34:40 INFO  ==============================================================
22:34:40 INFO  Id:    SoftwareManagement.sm_fake_install_remove
22:34:40 INFO  Dir:   software_management_end_to_end/
22:34:40 INFO  Title: Validate end to end behaviour for the dummy plugin for installation and removal of packages
22:34:40 INFO  ==============================================================
22:34:40 INFO  Using sw id database: {'asciijump': '5475369', 'robotfindskitten': '5474869', 'squirrel3': '5475279', 'rolldice': '5152439', 'moon-buggy': '5439204', 'apple': '5495053', 'banana': '5494888', 'cherry': '5495382', 'watermelon': '5494510', 'registry': '8018911', 'hello-world': '8021526', 'docker/getting-started': '8021973', 'alpine': '7991792'}
22:34:40 INFO  EnvironmentC8y Setup
22:34:41 INFO  Executed systemctl&lt;serv_mapper1&gt;, exit status 3
22:34:41 INFO  Restarting mosquitto too frequently in the last 10 seconds. It was only up for 4 seconds
22:34:41 INFO  Delaying execution by 7 seconds
22:35:02 INFO  Executed sudo&lt;tedge_connect_c8y&gt;, exit status 0, duration 13 secs
22:35:02 INFO  Executed sudo&lt;tedge_connect_c8y_test&gt;, exit status 0
22:35:03 INFO  Executed systemctl&lt;serv_mosq2&gt;, exit status 0
22:35:03 INFO  Executed systemctl&lt;serv_mapper3&gt;, exit status 0
22:35:05 INFO  State of current operation: PENDING
22:35:08 INFO  State of current operation: PENDING
22:35:10 INFO  State of current operation: PENDING
22:35:12 INFO  State of current operation: PENDING
22:35:14 INFO  State of current operation: PENDING
22:35:17 INFO  State of current operation: PENDING
22:35:19 INFO  State of current operation: PENDING
22:35:21 INFO  State of current operation: PENDING
22:35:23 INFO  State of current operation: PENDING
22:35:25 INFO  State of current operation: PENDING
22:35:28 INFO  State of current operation: PENDING
22:35:30 INFO  State of current operation: PENDING
22:35:32 INFO  State of current operation: PENDING
22:35:35 INFO  State of current operation: PENDING
22:35:37 INFO  State of current operation: PENDING
22:35:39 INFO  State of current operation: PENDING
22:35:41 INFO  State of current operation: PENDING
22:35:43 INFO  State of current operation: PENDING
22:35:46 INFO  State of current operation: PENDING
22:35:48 INFO  State of current operation: PENDING
22:35:50 INFO  State of current operation: PENDING
22:35:52 INFO  State of current operation: PENDING
22:35:55 INFO  State of current operation: PENDING
22:35:57 INFO  State of current operation: PENDING
22:35:59 INFO  State of current operation: PENDING
22:36:01 INFO  State of current operation: PENDING
22:36:04 INFO  State of current operation: PENDING
22:36:06 INFO  State of current operation: PENDING
22:36:08 INFO  State of current operation: PENDING
22:36:10 INFO  State of current operation: PENDING
22:36:12 INFO  State of current operation: PENDING
22:36:15 INFO  State of current operation: PENDING
22:36:17 INFO  State of current operation: PENDING
22:36:19 INFO  State of current operation: PENDING
22:36:21 INFO  State of current operation: PENDING
22:36:24 INFO  State of current operation: PENDING
22:36:26 INFO  State of current operation: PENDING
22:36:28 INFO  State of current operation: PENDING
22:36:30 INFO  State of current operation: PENDING
22:36:32 INFO  State of current operation: PENDING
22:36:35 INFO  State of current operation: PENDING
22:36:37 INFO  State of current operation: PENDING
22:36:39 INFO  State of current operation: PENDING
22:36:41 INFO  State of current operation: PENDING
22:36:44 INFO  State of current operation: PENDING
22:36:46 INFO  State of current operation: PENDING
22:36:48 INFO  State of current operation: PENDING
22:36:50 INFO  State of current operation: PENDING
22:36:52 INFO  State of current operation: PENDING
22:36:55 INFO  State of current operation: PENDING
22:36:57 INFO  State of current operation: PENDING
22:36:59 INFO  State of current operation: PENDING
22:37:01 INFO  State of current operation: PENDING
22:37:04 INFO  State of current operation: PENDING
22:37:06 INFO  State of current operation: PENDING
22:37:08 INFO  State of current operation: PENDING
22:37:10 INFO  State of current operation: PENDING
22:37:13 INFO  State of current operation: PENDING
22:37:15 INFO  State of current operation: PENDING
22:37:17 INFO  State of current operation: PENDING
22:37:19 INFO  State of current operation: PENDING
22:37:21 WARN  SystemError occurred while running test - Timeout while waiting for status FAILED or SUCCESSFUL
Traceback (most recent call last):
  File &quot;/home/pi/env-pysys/lib/python3.7/site-packages/pysys/baserunner.py&quot;, line 1292, in __call__
    self.testObj.setup()
  File &quot;/home/pi/actions-runner/_work/thin-edge.io/thin-edge.io/tests/PySys/software_management_end_to_end/sm_fake_install_remove/run.py&quot;, line 38, in setup
    super().setup()
  File &quot;/home/pi/actions-runner/_work/thin-edge.io/thin-edge.io/tests/PySys/software_management_end_to_end/environment_sm_management.py&quot;, line 151, in setup
    self.wait_until_end()
  File &quot;/home/pi/actions-runner/_work/thin-edge.io/thin-edge.io/tests/PySys/software_management_end_to_end/environment_sm_management.py&quot;, line 332, in wait_until_end
    self.wait_until_status(&quot;FAILED&quot;, &quot;SUCCESSFUL&quot;)
  File &quot;/home/pi/actions-runner/_work/thin-edge.io/thin-edge.io/tests/PySys/software_management_end_to_end/environment_sm_management.py&quot;, line 381, in wait_until_status
    &quot;Timeout while waiting for status %s or %s&quot; % (status, status2)
SystemError: Timeout while waiting for status FAILED or SUCCESSFUL
22:37:21 WARN  SystemError: Timeout while waiting for status FAILED or SUCCESSFUL ... blocked 
22:37:21 INFO  
22:37:21 INFO  cleanup:
22:37:25 INFO  Executed sudo&lt;tedge_disconnect_c8y&gt;, exit status 0
22:37:26 INFO  Executed systemctl&lt;serv_mapper5&gt;, exit status 3
22:37:26 INFO  
22:37:26 INFO  Test duration: 165.73 secs
22:37:26 INFO  Test final outcome:  BLOCKED
22:37:26 INFO  Test outcome reason: SystemError: Timeout while waiting for status FAILED or SUCCESSFUL
22:37:26 INFO  
</system-out>
	</testcase>
</testsuite>
