<?xml version="1.0" encoding="utf-8"?>
<testsuite failures="1" name="SoftwareManagement.sm_apt_install_remove_default" skipped="0" tests="1" time="165.24" timestamp="2022-04-24T13:20:10">
	<testcase classname="PySysTest" name="SoftwareManagement.sm_apt_install_remove_default">
		<failure message="BLOCKED: SystemError: Timeout while waiting for status FAILED or SUCCESSFUL" type="BLOCKED"/>
		<system-out>13:17:24 INFO  ==============================================================
13:17:24 INFO  Id:    SoftwareManagement.sm_apt_install_remove_default
13:17:24 INFO  Dir:   software_management_end_to_end/
13:17:24 INFO  Title: Validate end to end behaviour for the default plugin for installation and removal of packages
13:17:24 INFO  ==============================================================
13:17:24 INFO  Using sw id database: {'asciijump': '5475369', 'robotfindskitten': '5474869', 'squirrel3': '5475279', 'rolldice': '5152439', 'moon-buggy': '5439204', 'apple': '5495053', 'banana': '5494888', 'cherry': '5495382', 'watermelon': '5494510', 'registry': '8018911', 'hello-world': '8021526', 'docker/getting-started': '8021973', 'alpine': '7991792'}
13:17:24 INFO  EnvironmentC8y Setup
13:17:25 INFO  Executed systemctl&lt;serv_mapper1&gt;, exit status 3
13:17:25 INFO  Restarting mosquitto too frequently in the last 10 seconds. It was only up for 4 seconds
13:17:25 INFO  Delaying execution by 7 seconds
13:17:46 INFO  Executed sudo&lt;tedge_connect_c8y&gt;, exit status 0, duration 13 secs
13:17:47 INFO  Executed sudo&lt;tedge_connect_c8y_test&gt;, exit status 0
13:17:47 INFO  Executed systemctl&lt;serv_mosq2&gt;, exit status 0
13:17:47 INFO  Executed systemctl&lt;serv_mapper3&gt;, exit status 0
13:17:50 INFO  State of current operation: PENDING
13:17:52 INFO  State of current operation: PENDING
13:17:54 INFO  State of current operation: PENDING
13:17:56 INFO  State of current operation: PENDING
13:17:59 INFO  State of current operation: PENDING
13:18:01 INFO  State of current operation: PENDING
13:18:03 INFO  State of current operation: PENDING
13:18:05 INFO  State of current operation: PENDING
13:18:07 INFO  State of current operation: PENDING
13:18:10 INFO  State of current operation: PENDING
13:18:12 INFO  State of current operation: PENDING
13:18:14 INFO  State of current operation: PENDING
13:18:16 INFO  State of current operation: PENDING
13:18:19 INFO  State of current operation: PENDING
13:18:21 INFO  State of current operation: PENDING
13:18:23 INFO  State of current operation: PENDING
13:18:25 INFO  State of current operation: PENDING
13:18:27 INFO  State of current operation: PENDING
13:18:30 INFO  State of current operation: PENDING
13:18:32 INFO  State of current operation: PENDING
13:18:34 INFO  State of current operation: PENDING
13:18:36 INFO  State of current operation: PENDING
13:18:39 INFO  State of current operation: PENDING
13:18:41 INFO  State of current operation: PENDING
13:18:43 INFO  State of current operation: PENDING
13:18:45 INFO  State of current operation: PENDING
13:18:47 INFO  State of current operation: PENDING
13:18:50 INFO  State of current operation: PENDING
13:18:52 INFO  State of current operation: PENDING
13:18:54 INFO  State of current operation: PENDING
13:18:56 INFO  State of current operation: PENDING
13:18:59 INFO  State of current operation: PENDING
13:19:01 INFO  State of current operation: PENDING
13:19:03 INFO  State of current operation: PENDING
13:19:05 INFO  State of current operation: PENDING
13:19:07 INFO  State of current operation: PENDING
13:19:10 INFO  State of current operation: PENDING
13:19:12 INFO  State of current operation: PENDING
13:19:14 INFO  State of current operation: PENDING
13:19:16 INFO  State of current operation: PENDING
13:19:18 INFO  State of current operation: PENDING
13:19:21 INFO  State of current operation: PENDING
13:19:23 INFO  State of current operation: PENDING
13:19:25 INFO  State of current operation: PENDING
13:19:27 INFO  State of current operation: PENDING
13:19:30 INFO  State of current operation: PENDING
13:19:32 INFO  State of current operation: PENDING
13:19:34 INFO  State of current operation: PENDING
13:19:36 INFO  State of current operation: PENDING
13:19:38 INFO  State of current operation: PENDING
13:19:41 INFO  State of current operation: PENDING
13:19:43 INFO  State of current operation: PENDING
13:19:45 INFO  State of current operation: PENDING
13:19:47 INFO  State of current operation: PENDING
13:19:50 INFO  State of current operation: PENDING
13:19:52 INFO  State of current operation: PENDING
13:19:54 INFO  State of current operation: PENDING
13:19:56 INFO  State of current operation: PENDING
13:19:58 INFO  State of current operation: PENDING
13:20:01 INFO  State of current operation: PENDING
13:20:03 INFO  State of current operation: PENDING
13:20:05 WARN  SystemError occurred while running test - Timeout while waiting for status FAILED or SUCCESSFUL
Traceback (most recent call last):
  File &quot;/home/pi/env-pysys/lib/python3.7/site-packages/pysys/baserunner.py&quot;, line 1292, in __call__
    self.testObj.setup()
  File &quot;/home/pi/actions-runner/_work/thin-edge.io/thin-edge.io/tests/PySys/software_management_end_to_end/sm_apt_install_remove_default/run.py&quot;, line 26, in setup
    super().setup()
  File &quot;/home/pi/actions-runner/_work/thin-edge.io/thin-edge.io/tests/PySys/software_management_end_to_end/environment_sm_management.py&quot;, line 151, in setup
    self.wait_until_end()
  File &quot;/home/pi/actions-runner/_work/thin-edge.io/thin-edge.io/tests/PySys/software_management_end_to_end/environment_sm_management.py&quot;, line 332, in wait_until_end
    self.wait_until_status(&quot;FAILED&quot;, &quot;SUCCESSFUL&quot;)
  File &quot;/home/pi/actions-runner/_work/thin-edge.io/thin-edge.io/tests/PySys/software_management_end_to_end/environment_sm_management.py&quot;, line 381, in wait_until_status
    &quot;Timeout while waiting for status %s or %s&quot; % (status, status2)
SystemError: Timeout while waiting for status FAILED or SUCCESSFUL
13:20:05 WARN  SystemError: Timeout while waiting for status FAILED or SUCCESSFUL ... blocked 
13:20:05 INFO  
13:20:05 INFO  cleanup:
13:20:09 INFO  Executed sudo&lt;tedge_disconnect_c8y&gt;, exit status 0
13:20:10 INFO  Executed systemctl&lt;serv_mapper5&gt;, exit status 3
13:20:10 INFO  
13:20:10 INFO  Test duration: 165.24 secs
13:20:10 INFO  Test final outcome:  BLOCKED
13:20:10 INFO  Test outcome reason: SystemError: Timeout while waiting for status FAILED or SUCCESSFUL
13:20:10 INFO  
</system-out>
	</testcase>
</testsuite>
