<?xml version="1.0" encoding="utf-8"?>
<testsuite failures="1" name="SoftwareManagement.sm_apt_install_remove_multiple" skipped="0" tests="1" time="137.55" timestamp="2022-04-28T12:06:26">
	<testcase classname="PySysTest" name="SoftwareManagement.sm_apt_install_remove_multiple">
		<failure message="FAILED: Assert that (False == value) with value=True (+2 other failures)" type="FAILED"/>
		<system-out>12:04:08 INFO  ==============================================================
12:04:08 INFO  Id:    SoftwareManagement.sm_apt_install_remove_multiple
12:04:08 INFO  Dir:   software_management_end_to_end/
12:04:08 INFO  Title: Validate end to end behaviour for the apt plugin for multiple packages
12:04:08 INFO  ==============================================================
12:04:08 INFO  Using sw id database: {'asciijump': '5475369', 'robotfindskitten': '5474869', 'squirrel3': '5475279', 'rolldice': '5152439', 'moon-buggy': '5439204', 'apple': '5495053', 'banana': '5494888', 'cherry': '5495382', 'watermelon': '5494510', 'registry': '8018911', 'hello-world': '8021526', 'docker/getting-started': '8021973', 'alpine': '7991792'}
12:04:08 INFO  EnvironmentC8y Setup
12:04:09 INFO  Executed systemctl&lt;serv_mapper1&gt;, exit status 3
12:04:09 INFO  Restarting mosquitto too frequently in the last 10 seconds. It was only up for 4 seconds
12:04:09 INFO  Delaying execution by 7 seconds
12:04:30 INFO  Executed sudo&lt;tedge_connect_c8y&gt;, exit status 0, duration 13 secs
12:04:30 INFO  Executed sudo&lt;tedge_connect_c8y_test&gt;, exit status 0
12:04:31 INFO  Executed systemctl&lt;serv_mosq2&gt;, exit status 0
12:04:31 INFO  Executed systemctl&lt;serv_mapper3&gt;, exit status 0
12:04:34 INFO  State of current operation: SUCCESSFUL
12:04:34 INFO  Assert that (False == value) with value=False ... passed
12:04:34 INFO  Package asciijump is installed
12:04:34 WARN  Assert that (False == value) with value=True ... failed 
12:04:35 INFO  Package squirrel3 is installed
12:04:35 WARN  Assert that (False == value) with value=True ... failed 
12:04:35 INFO  Package robotfindskitten is installed
12:04:35 WARN  Assert that (False == value) with value=True ... failed 
12:04:35 INFO  Response status: 201
12:04:35 INFO  Response to action: {
    &quot;creationTime&quot;: &quot;2022-04-28T12:04:35.452Z&quot;,
    &quot;deviceName&quot;: &quot;m32sd10c&quot;,
    &quot;deviceId&quot;: &quot;17884832&quot;,
    &quot;self&quot;: &quot;https://t493319102.eu-latest.cumulocity.com/devicecontrol/operations/17901297&quot;,
    &quot;id&quot;: &quot;17901297&quot;,
    &quot;status&quot;: &quot;PENDING&quot;,
    &quot;description&quot;: &quot;Apply software changes, triggered from PySys: [{'action': 'install', 'id': '5475369', 'name': 'asciijump', 'url': ' ', 'version': '::apt'}, {'action': 'install', 'id': '5474869', 'name': 'robotfindskitten', 'url': ' ', 'version': '::apt'}, {'action': 'install', 'id': '5475279', 'name': 'squirrel3', 'url': ' ', 'version': '::apt'}]&quot;,
    &quot;c8y_SoftwareUpdate&quot;: [
        {
            &quot;name&quot;: &quot;asciijump&quot;,
            &quot;action&quot;: &quot;install&quot;,
            &quot;id&quot;: &quot;5475369&quot;,
            &quot;version&quot;: &quot;::apt&quot;,
            &quot;url&quot;: &quot; &quot;
        },
        {
            &quot;name&quot;: &quot;robotfindskitten&quot;,
            &quot;action&quot;: &quot;install&quot;,
            &quot;id&quot;: &quot;5474869&quot;,
            &quot;version&quot;: &quot;::apt&quot;,
            &quot;url&quot;: &quot; &quot;
        },
        {
            &quot;name&quot;: &quot;squirrel3&quot;,
            &quot;action&quot;: &quot;install&quot;,
            &quot;id&quot;: &quot;5475279&quot;,
            &quot;version&quot;: &quot;::apt&quot;,
            &quot;url&quot;: &quot; &quot;
        }
    ]
}
12:04:35 INFO  Started operation: {'creationTime': '2022-04-28T12:04:35.452Z', 'deviceName': 'm32sd10c', 'deviceId': '17884832', 'self': 'https://t493319102.eu-latest.cumulocity.com/devicecontrol/operations/17901297', 'id': '17901297', 'status': 'PENDING', 'description': &quot;Apply software changes, triggered from PySys: [{'action': 'install', 'id': '5475369', 'name': 'asciijump', 'url': ' ', 'version': '::apt'}, {'action': 'install', 'id': '5474869', 'name': 'robotfindskitten', 'url': ' ', 'version': '::apt'}, {'action': 'install', 'id': '5475279', 'name': 'squirrel3', 'url': ' ', 'version': '::apt'}]&quot;, 'c8y_SoftwareUpdate': [{'name': 'asciijump', 'action': 'install', 'id': '5475369', 'version': '::apt', 'url': ' '}, {'name': 'robotfindskitten', 'action': 'install', 'id': '5474869', 'version': '::apt', 'url': ' '}, {'name': 'squirrel3', 'action': 'install', 'id': '5475279', 'version': '::apt', 'url': ' '}]}
12:04:37 INFO  State of operation 17901297 : PENDING
12:04:39 INFO  State of operation 17901297 : EXECUTING
12:04:42 INFO  State of operation 17901297 : EXECUTING
12:04:44 INFO  State of operation 17901297 : EXECUTING
12:04:46 INFO  State of operation 17901297 : EXECUTING
12:04:48 INFO  State of operation 17901297 : EXECUTING
12:04:51 INFO  State of operation 17901297 : EXECUTING
12:04:54 INFO  State of operation 17901297 : EXECUTING
12:04:56 INFO  State of operation 17901297 : EXECUTING
12:04:59 INFO  State of operation 17901297 : EXECUTING
12:05:01 INFO  State of operation 17901297 : EXECUTING
12:05:03 INFO  State of operation 17901297 : EXECUTING
12:05:05 INFO  State of operation 17901297 : EXECUTING
12:05:07 INFO  State of operation 17901297 : EXECUTING
12:05:10 INFO  State of operation 17901297 : EXECUTING
12:05:12 INFO  State of operation 17901297 : SUCCESSFUL
12:05:12 INFO  Assert that (False == value) with value=False ... passed
12:05:12 INFO  Package asciijump is installed
12:05:12 INFO  Assert that (True == value) with value=True ... passed
12:05:13 INFO  Package squirrel3 is installed
12:05:13 INFO  Assert that (True == value) with value=True ... passed
12:05:13 INFO  Package robotfindskitten is installed
12:05:13 INFO  Assert that (True == value) with value=True ... passed
12:05:13 INFO  Response status: 201
12:05:13 INFO  Response to action: {
    &quot;creationTime&quot;: &quot;2022-04-28T12:05:13.504Z&quot;,
    &quot;deviceName&quot;: &quot;m32sd10c&quot;,
    &quot;deviceId&quot;: &quot;17884832&quot;,
    &quot;self&quot;: &quot;https://t493319102.eu-latest.cumulocity.com/devicecontrol/operations/17901309&quot;,
    &quot;id&quot;: &quot;17901309&quot;,
    &quot;status&quot;: &quot;PENDING&quot;,
    &quot;description&quot;: &quot;Apply software changes, triggered from PySys: [{'action': 'delete', 'id': '5475369', 'name': 'asciijump', 'url': ' ', 'version': '::apt'}, {'action': 'delete', 'id': '5474869', 'name': 'robotfindskitten', 'url': ' ', 'version': '::apt'}, {'action': 'delete', 'id': '5475279', 'name': 'squirrel3', 'url': ' ', 'version': '::apt'}]&quot;,
    &quot;c8y_SoftwareUpdate&quot;: [
        {
            &quot;name&quot;: &quot;asciijump&quot;,
            &quot;action&quot;: &quot;delete&quot;,
            &quot;id&quot;: &quot;5475369&quot;,
            &quot;version&quot;: &quot;::apt&quot;,
            &quot;url&quot;: &quot; &quot;
        },
        {
            &quot;name&quot;: &quot;robotfindskitten&quot;,
            &quot;action&quot;: &quot;delete&quot;,
            &quot;id&quot;: &quot;5474869&quot;,
            &quot;version&quot;: &quot;::apt&quot;,
            &quot;url&quot;: &quot; &quot;
        },
        {
            &quot;name&quot;: &quot;squirrel3&quot;,
            &quot;action&quot;: &quot;delete&quot;,
            &quot;id&quot;: &quot;5475279&quot;,
            &quot;version&quot;: &quot;::apt&quot;,
            &quot;url&quot;: &quot; &quot;
        }
    ]
}
12:05:13 INFO  Started operation: {'creationTime': '2022-04-28T12:05:13.504Z', 'deviceName': 'm32sd10c', 'deviceId': '17884832', 'self': 'https://t493319102.eu-latest.cumulocity.com/devicecontrol/operations/17901309', 'id': '17901309', 'status': 'PENDING', 'description': &quot;Apply software changes, triggered from PySys: [{'action': 'delete', 'id': '5475369', 'name': 'asciijump', 'url': ' ', 'version': '::apt'}, {'action': 'delete', 'id': '5474869', 'name': 'robotfindskitten', 'url': ' ', 'version': '::apt'}, {'action': 'delete', 'id': '5475279', 'name': 'squirrel3', 'url': ' ', 'version': '::apt'}]&quot;, 'c8y_SoftwareUpdate': [{'name': 'asciijump', 'action': 'delete', 'id': '5475369', 'version': '::apt', 'url': ' '}, {'name': 'robotfindskitten', 'action': 'delete', 'id': '5474869', 'version': '::apt', 'url': ' '}, {'name': 'squirrel3', 'action': 'delete', 'id': '5475279', 'version': '::apt', 'url': ' '}]}
12:05:15 INFO  State of operation 17901309 : PENDING
12:05:18 INFO  State of operation 17901309 : EXECUTING
12:05:20 INFO  State of operation 17901309 : EXECUTING
12:05:22 INFO  State of operation 17901309 : EXECUTING
12:05:24 INFO  State of operation 17901309 : EXECUTING
12:05:26 INFO  State of operation 17901309 : EXECUTING
12:05:29 INFO  State of operation 17901309 : EXECUTING
12:05:32 INFO  State of operation 17901309 : EXECUTING
12:05:34 INFO  State of operation 17901309 : EXECUTING
12:05:36 INFO  State of operation 17901309 : EXECUTING
12:05:39 INFO  State of operation 17901309 : EXECUTING
12:05:41 INFO  State of operation 17901309 : EXECUTING
12:05:43 INFO  State of operation 17901309 : EXECUTING
12:05:45 INFO  State of operation 17901309 : EXECUTING
12:05:47 INFO  State of operation 17901309 : EXECUTING
12:05:50 INFO  State of operation 17901309 : EXECUTING
12:05:52 INFO  State of operation 17901309 : EXECUTING
12:05:55 INFO  State of operation 17901309 : EXECUTING
12:05:57 INFO  State of operation 17901309 : EXECUTING
12:05:59 INFO  State of operation 17901309 : EXECUTING
12:06:02 INFO  State of operation 17901309 : EXECUTING
12:06:04 INFO  State of operation 17901309 : EXECUTING
12:06:06 INFO  State of operation 17901309 : EXECUTING
12:06:08 INFO  State of operation 17901309 : EXECUTING
12:06:11 INFO  State of operation 17901309 : EXECUTING
12:06:13 INFO  State of operation 17901309 : EXECUTING
12:06:16 INFO  State of operation 17901309 : EXECUTING
12:06:18 INFO  State of operation 17901309 : EXECUTING
12:06:20 INFO  State of operation 17901309 : SUCCESSFUL
12:06:20 INFO  Assert that (False == value) with value=False ... passed
12:06:21 INFO  Assert that (False == value) with value=False ... passed
12:06:21 INFO  Assert that (False == value) with value=False ... passed
12:06:21 INFO  Assert that (False == value) with value=False ... passed
12:06:21 INFO  
12:06:21 INFO  cleanup:
12:06:25 INFO  Executed sudo&lt;tedge_disconnect_c8y&gt;, exit status 0
12:06:26 INFO  Executed systemctl&lt;serv_mapper5&gt;, exit status 3
12:06:26 INFO  
12:06:26 INFO  Test duration: 137.55 secs
12:06:26 INFO  Test final outcome:  FAILED
12:06:26 INFO  Test outcome reason: Assert that (False == value) with value=True (+2 other failures)
12:06:26 INFO  
</system-out>
	</testcase>
</testsuite>
