<?xml version="1.0" encoding="utf-8"?>
<testsuite failures="1" name="SoftwareManagement.sm_apt_install_remove_multiple" skipped="0" tests="1" time="164.31" timestamp="2022-04-24T13:22:54">
	<testcase classname="PySysTest" name="SoftwareManagement.sm_apt_install_remove_multiple">
		<failure message="BLOCKED: SystemError: Timeout while waiting for status FAILED or SUCCESSFUL" type="BLOCKED"/>
		<system-out>13:20:10 INFO  ==============================================================
13:20:10 INFO  Id:    SoftwareManagement.sm_apt_install_remove_multiple
13:20:10 INFO  Dir:   software_management_end_to_end/
13:20:10 INFO  Title: Validate end to end behaviour for the apt plugin for multiple packages
13:20:10 INFO  ==============================================================
13:20:10 INFO  Using sw id database: {'asciijump': '5475369', 'robotfindskitten': '5474869', 'squirrel3': '5475279', 'rolldice': '5152439', 'moon-buggy': '5439204', 'apple': '5495053', 'banana': '5494888', 'cherry': '5495382', 'watermelon': '5494510', 'registry': '8018911', 'hello-world': '8021526', 'docker/getting-started': '8021973', 'alpine': '7991792'}
13:20:10 INFO  EnvironmentC8y Setup
13:20:10 INFO  Executed systemctl&lt;serv_mapper1&gt;, exit status 3
13:20:10 INFO  Restarting mosquitto too frequently in the last 10 seconds. It was only up for 5 seconds
13:20:10 INFO  Delaying execution by 6 seconds
13:20:30 INFO  Executed sudo&lt;tedge_connect_c8y&gt;, exit status 0, duration 13 secs
13:20:30 INFO  Executed sudo&lt;tedge_connect_c8y_test&gt;, exit status 0
13:20:31 INFO  Executed systemctl&lt;serv_mosq2&gt;, exit status 0
13:20:31 INFO  Executed systemctl&lt;serv_mapper3&gt;, exit status 0
13:20:34 INFO  State of current operation: PENDING
13:20:36 INFO  State of current operation: PENDING
13:20:38 INFO  State of current operation: PENDING
13:20:40 INFO  State of current operation: PENDING
13:20:43 INFO  State of current operation: PENDING
13:20:45 INFO  State of current operation: PENDING
13:20:47 INFO  State of current operation: PENDING
13:20:49 INFO  State of current operation: PENDING
13:20:52 INFO  State of current operation: PENDING
13:20:54 INFO  State of current operation: PENDING
13:20:56 INFO  State of current operation: PENDING
13:20:58 INFO  State of current operation: PENDING
13:21:01 INFO  State of current operation: PENDING
13:21:03 INFO  State of current operation: PENDING
13:21:05 INFO  State of current operation: PENDING
13:21:07 INFO  State of current operation: PENDING
13:21:09 INFO  State of current operation: PENDING
13:21:12 INFO  State of current operation: PENDING
13:21:14 INFO  State of current operation: PENDING
13:21:16 INFO  State of current operation: PENDING
13:21:18 INFO  State of current operation: PENDING
13:21:21 INFO  State of current operation: PENDING
13:21:23 INFO  State of current operation: PENDING
13:21:25 INFO  State of current operation: PENDING
13:21:27 INFO  State of current operation: PENDING
13:21:29 INFO  State of current operation: PENDING
13:21:32 INFO  State of current operation: PENDING
13:21:34 INFO  State of current operation: PENDING
13:21:36 INFO  State of current operation: PENDING
13:21:38 INFO  State of current operation: PENDING
13:21:41 INFO  State of current operation: PENDING
13:21:43 INFO  State of current operation: PENDING
13:21:45 INFO  State of current operation: PENDING
13:21:47 INFO  State of current operation: PENDING
13:21:49 INFO  State of current operation: PENDING
13:21:52 INFO  State of current operation: PENDING
13:21:54 INFO  State of current operation: PENDING
13:21:56 INFO  State of current operation: PENDING
13:21:58 INFO  State of current operation: PENDING
13:22:00 INFO  State of current operation: PENDING
13:22:03 INFO  State of current operation: PENDING
13:22:05 INFO  State of current operation: PENDING
13:22:07 INFO  State of current operation: PENDING
13:22:09 INFO  State of current operation: PENDING
13:22:12 INFO  State of current operation: PENDING
13:22:14 INFO  State of current operation: PENDING
13:22:16 INFO  State of current operation: PENDING
13:22:18 INFO  State of current operation: PENDING
13:22:20 INFO  State of current operation: PENDING
13:22:23 INFO  State of current operation: PENDING
13:22:25 INFO  State of current operation: PENDING
13:22:27 INFO  State of current operation: PENDING
13:22:29 INFO  State of current operation: PENDING
13:22:32 INFO  State of current operation: PENDING
13:22:34 INFO  State of current operation: PENDING
13:22:36 INFO  State of current operation: PENDING
13:22:38 INFO  State of current operation: PENDING
13:22:40 INFO  State of current operation: PENDING
13:22:43 INFO  State of current operation: PENDING
13:22:45 INFO  State of current operation: PENDING
13:22:47 INFO  State of current operation: PENDING
13:22:49 WARN  SystemError occurred while running test - Timeout while waiting for status FAILED or SUCCESSFUL
Traceback (most recent call last):
  File &quot;/home/pi/env-pysys/lib/python3.7/site-packages/pysys/baserunner.py&quot;, line 1292, in __call__
    self.testObj.setup()
  File &quot;/home/pi/actions-runner/_work/thin-edge.io/thin-edge.io/tests/PySys/software_management_end_to_end/sm_apt_install_remove_multiple/run.py&quot;, line 52, in setup
    super().setup()
  File &quot;/home/pi/actions-runner/_work/thin-edge.io/thin-edge.io/tests/PySys/software_management_end_to_end/environment_sm_management.py&quot;, line 151, in setup
    self.wait_until_end()
  File &quot;/home/pi/actions-runner/_work/thin-edge.io/thin-edge.io/tests/PySys/software_management_end_to_end/environment_sm_management.py&quot;, line 332, in wait_until_end
    self.wait_until_status(&quot;FAILED&quot;, &quot;SUCCESSFUL&quot;)
  File &quot;/home/pi/actions-runner/_work/thin-edge.io/thin-edge.io/tests/PySys/software_management_end_to_end/environment_sm_management.py&quot;, line 381, in wait_until_status
    &quot;Timeout while waiting for status %s or %s&quot; % (status, status2)
SystemError: Timeout while waiting for status FAILED or SUCCESSFUL
13:22:49 WARN  SystemError: Timeout while waiting for status FAILED or SUCCESSFUL ... blocked 
13:22:49 INFO  
13:22:49 INFO  cleanup:
13:22:53 INFO  Executed sudo&lt;tedge_disconnect_c8y&gt;, exit status 0
13:22:54 INFO  Executed systemctl&lt;serv_mapper5&gt;, exit status 3
13:22:54 INFO  
13:22:54 INFO  Test duration: 164.31 secs
13:22:54 INFO  Test final outcome:  BLOCKED
13:22:54 INFO  Test outcome reason: SystemError: Timeout while waiting for status FAILED or SUCCESSFUL
13:22:54 INFO  
</system-out>
	</testcase>
</testsuite>
