<?xml version="1.0" encoding="utf-8"?>
<testsuite failures="1" name="SoftwareManagement.sm_apt_install_remove_multiple" skipped="0" tests="1" time="137.8" timestamp="2022-05-03T14:56:48">
	<testcase classname="PySysTest" name="SoftwareManagement.sm_apt_install_remove_multiple">
		<failure message="FAILED: Assert that (False == value) with value=True (+2 other failures)" type="FAILED"/>
		<system-out>14:54:31 INFO  ==============================================================
14:54:31 INFO  Id:    SoftwareManagement.sm_apt_install_remove_multiple
14:54:31 INFO  Dir:   software_management_end_to_end/
14:54:31 INFO  Title: Validate end to end behaviour for the apt plugin for multiple packages
14:54:31 INFO  ==============================================================
14:54:31 INFO  Using sw id database: {'asciijump': '5475369', 'robotfindskitten': '5474869', 'squirrel3': '5475279', 'rolldice': '5152439', 'moon-buggy': '5439204', 'apple': '5495053', 'banana': '5494888', 'cherry': '5495382', 'watermelon': '5494510', 'registry': '8018911', 'hello-world': '8021526', 'docker/getting-started': '8021973', 'alpine': '7991792'}
14:54:31 INFO  EnvironmentC8y Setup
14:54:31 INFO  Executed systemctl&lt;serv_mapper1&gt;, exit status 3
14:54:31 INFO  Restarting mosquitto too frequently in the last 10 seconds. It was only up for 5 seconds
14:54:31 INFO  Delaying execution by 6 seconds
14:54:51 INFO  Executed sudo&lt;tedge_connect_c8y&gt;, exit status 0, duration 13 secs
14:54:52 INFO  Executed sudo&lt;tedge_connect_c8y_test&gt;, exit status 0
14:54:53 INFO  Executed systemctl&lt;serv_mosq2&gt;, exit status 0
14:54:53 INFO  Executed systemctl&lt;serv_mapper3&gt;, exit status 0
14:54:55 INFO  State of current operation: SUCCESSFUL
14:54:55 INFO  Assert that (False == value) with value=False ... passed
14:54:56 INFO  Package asciijump is installed
14:54:56 WARN  Assert that (False == value) with value=True ... failed 
14:54:56 INFO  Package squirrel3 is installed
14:54:56 WARN  Assert that (False == value) with value=True ... failed 
14:54:57 INFO  Package robotfindskitten is installed
14:54:57 WARN  Assert that (False == value) with value=True ... failed 
14:54:57 INFO  Response status: 201
14:54:57 INFO  Response to action: {
    &quot;creationTime&quot;: &quot;2022-05-03T14:54:57.205Z&quot;,
    &quot;deviceName&quot;: &quot;m32sd10c&quot;,
    &quot;deviceId&quot;: &quot;18294268&quot;,
    &quot;self&quot;: &quot;https://t493319102.eu-latest.cumulocity.com/devicecontrol/operations/18313804&quot;,
    &quot;id&quot;: &quot;18313804&quot;,
    &quot;status&quot;: &quot;PENDING&quot;,
    &quot;description&quot;: &quot;Apply software changes, triggered from PySys: [{'action': 'install', 'id': '5475369', 'name': 'asciijump', 'url': ' ', 'version': '::apt'}, {'action': 'install', 'id': '5474869', 'name': 'robotfindskitten', 'url': ' ', 'version': '::apt'}, {'action': 'install', 'id': '5475279', 'name': 'squirrel3', 'url': ' ', 'version': '::apt'}]&quot;,
    &quot;c8y_SoftwareUpdate&quot;: [
        {
            &quot;name&quot;: &quot;asciijump&quot;,
            &quot;action&quot;: &quot;install&quot;,
            &quot;id&quot;: &quot;5475369&quot;,
            &quot;version&quot;: &quot;::apt&quot;,
            &quot;url&quot;: &quot; &quot;
        },
        {
            &quot;name&quot;: &quot;robotfindskitten&quot;,
            &quot;action&quot;: &quot;install&quot;,
            &quot;id&quot;: &quot;5474869&quot;,
            &quot;version&quot;: &quot;::apt&quot;,
            &quot;url&quot;: &quot; &quot;
        },
        {
            &quot;name&quot;: &quot;squirrel3&quot;,
            &quot;action&quot;: &quot;install&quot;,
            &quot;id&quot;: &quot;5475279&quot;,
            &quot;version&quot;: &quot;::apt&quot;,
            &quot;url&quot;: &quot; &quot;
        }
    ]
}
14:54:57 INFO  Started operation: {'creationTime': '2022-05-03T14:54:57.205Z', 'deviceName': 'm32sd10c', 'deviceId': '18294268', 'self': 'https://t493319102.eu-latest.cumulocity.com/devicecontrol/operations/18313804', 'id': '18313804', 'status': 'PENDING', 'description': &quot;Apply software changes, triggered from PySys: [{'action': 'install', 'id': '5475369', 'name': 'asciijump', 'url': ' ', 'version': '::apt'}, {'action': 'install', 'id': '5474869', 'name': 'robotfindskitten', 'url': ' ', 'version': '::apt'}, {'action': 'install', 'id': '5475279', 'name': 'squirrel3', 'url': ' ', 'version': '::apt'}]&quot;, 'c8y_SoftwareUpdate': [{'name': 'asciijump', 'action': 'install', 'id': '5475369', 'version': '::apt', 'url': ' '}, {'name': 'robotfindskitten', 'action': 'install', 'id': '5474869', 'version': '::apt', 'url': ' '}, {'name': 'squirrel3', 'action': 'install', 'id': '5475279', 'version': '::apt', 'url': ' '}]}
14:54:59 INFO  State of operation 18313804 : PENDING
14:55:01 INFO  State of operation 18313804 : EXECUTING
14:55:03 INFO  State of operation 18313804 : EXECUTING
14:55:06 INFO  State of operation 18313804 : EXECUTING
14:55:08 INFO  State of operation 18313804 : EXECUTING
14:55:10 INFO  State of operation 18313804 : EXECUTING
14:55:13 INFO  State of operation 18313804 : EXECUTING
14:55:16 INFO  State of operation 18313804 : EXECUTING
14:55:18 INFO  State of operation 18313804 : EXECUTING
14:55:20 INFO  State of operation 18313804 : EXECUTING
14:55:23 INFO  State of operation 18313804 : EXECUTING
14:55:25 INFO  State of operation 18313804 : EXECUTING
14:55:27 INFO  State of operation 18313804 : EXECUTING
14:55:29 INFO  State of operation 18313804 : EXECUTING
14:55:32 INFO  State of operation 18313804 : EXECUTING
14:55:34 INFO  State of operation 18313804 : SUCCESSFUL
14:55:34 INFO  Assert that (False == value) with value=False ... passed
14:55:34 INFO  Package asciijump is installed
14:55:34 INFO  Assert that (True == value) with value=True ... passed
14:55:34 INFO  Package squirrel3 is installed
14:55:34 INFO  Assert that (True == value) with value=True ... passed
14:55:35 INFO  Package robotfindskitten is installed
14:55:35 INFO  Assert that (True == value) with value=True ... passed
14:55:35 INFO  Response status: 201
14:55:35 INFO  Response to action: {
    &quot;creationTime&quot;: &quot;2022-05-03T14:55:35.315Z&quot;,
    &quot;deviceName&quot;: &quot;m32sd10c&quot;,
    &quot;deviceId&quot;: &quot;18294268&quot;,
    &quot;self&quot;: &quot;https://t493319102.eu-latest.cumulocity.com/devicecontrol/operations/18313810&quot;,
    &quot;id&quot;: &quot;18313810&quot;,
    &quot;status&quot;: &quot;PENDING&quot;,
    &quot;description&quot;: &quot;Apply software changes, triggered from PySys: [{'action': 'delete', 'id': '5475369', 'name': 'asciijump', 'url': ' ', 'version': '::apt'}, {'action': 'delete', 'id': '5474869', 'name': 'robotfindskitten', 'url': ' ', 'version': '::apt'}, {'action': 'delete', 'id': '5475279', 'name': 'squirrel3', 'url': ' ', 'version': '::apt'}]&quot;,
    &quot;c8y_SoftwareUpdate&quot;: [
        {
            &quot;name&quot;: &quot;asciijump&quot;,
            &quot;action&quot;: &quot;delete&quot;,
            &quot;id&quot;: &quot;5475369&quot;,
            &quot;version&quot;: &quot;::apt&quot;,
            &quot;url&quot;: &quot; &quot;
        },
        {
            &quot;name&quot;: &quot;robotfindskitten&quot;,
            &quot;action&quot;: &quot;delete&quot;,
            &quot;id&quot;: &quot;5474869&quot;,
            &quot;version&quot;: &quot;::apt&quot;,
            &quot;url&quot;: &quot; &quot;
        },
        {
            &quot;name&quot;: &quot;squirrel3&quot;,
            &quot;action&quot;: &quot;delete&quot;,
            &quot;id&quot;: &quot;5475279&quot;,
            &quot;version&quot;: &quot;::apt&quot;,
            &quot;url&quot;: &quot; &quot;
        }
    ]
}
14:55:35 INFO  Started operation: {'creationTime': '2022-05-03T14:55:35.315Z', 'deviceName': 'm32sd10c', 'deviceId': '18294268', 'self': 'https://t493319102.eu-latest.cumulocity.com/devicecontrol/operations/18313810', 'id': '18313810', 'status': 'PENDING', 'description': &quot;Apply software changes, triggered from PySys: [{'action': 'delete', 'id': '5475369', 'name': 'asciijump', 'url': ' ', 'version': '::apt'}, {'action': 'delete', 'id': '5474869', 'name': 'robotfindskitten', 'url': ' ', 'version': '::apt'}, {'action': 'delete', 'id': '5475279', 'name': 'squirrel3', 'url': ' ', 'version': '::apt'}]&quot;, 'c8y_SoftwareUpdate': [{'name': 'asciijump', 'action': 'delete', 'id': '5475369', 'version': '::apt', 'url': ' '}, {'name': 'robotfindskitten', 'action': 'delete', 'id': '5474869', 'version': '::apt', 'url': ' '}, {'name': 'squirrel3', 'action': 'delete', 'id': '5475279', 'version': '::apt', 'url': ' '}]}
14:55:37 INFO  State of operation 18313810 : PENDING
14:55:39 INFO  State of operation 18313810 : EXECUTING
14:55:42 INFO  State of operation 18313810 : EXECUTING
14:55:44 INFO  State of operation 18313810 : EXECUTING
14:55:46 INFO  State of operation 18313810 : EXECUTING
14:55:48 INFO  State of operation 18313810 : EXECUTING
14:55:51 INFO  State of operation 18313810 : EXECUTING
14:55:54 INFO  State of operation 18313810 : EXECUTING
14:55:56 INFO  State of operation 18313810 : EXECUTING
14:55:59 INFO  State of operation 18313810 : EXECUTING
14:56:01 INFO  State of operation 18313810 : EXECUTING
14:56:03 INFO  State of operation 18313810 : EXECUTING
14:56:05 INFO  State of operation 18313810 : EXECUTING
14:56:08 INFO  State of operation 18313810 : EXECUTING
14:56:10 INFO  State of operation 18313810 : EXECUTING
14:56:12 INFO  State of operation 18313810 : EXECUTING
14:56:15 INFO  State of operation 18313810 : EXECUTING
14:56:17 INFO  State of operation 18313810 : EXECUTING
14:56:20 INFO  State of operation 18313810 : EXECUTING
14:56:22 INFO  State of operation 18313810 : EXECUTING
14:56:24 INFO  State of operation 18313810 : EXECUTING
14:56:26 INFO  State of operation 18313810 : EXECUTING
14:56:29 INFO  State of operation 18313810 : EXECUTING
14:56:31 INFO  State of operation 18313810 : EXECUTING
14:56:34 INFO  State of operation 18313810 : EXECUTING
14:56:36 INFO  State of operation 18313810 : EXECUTING
14:56:38 INFO  State of operation 18313810 : EXECUTING
14:56:41 INFO  State of operation 18313810 : EXECUTING
14:56:43 INFO  State of operation 18313810 : SUCCESSFUL
14:56:43 INFO  Assert that (False == value) with value=False ... passed
14:56:43 INFO  Assert that (False == value) with value=False ... passed
14:56:44 INFO  Assert that (False == value) with value=False ... passed
14:56:44 INFO  Assert that (False == value) with value=False ... passed
14:56:44 INFO  
14:56:44 INFO  cleanup:
14:56:48 INFO  Executed sudo&lt;tedge_disconnect_c8y&gt;, exit status 0
14:56:48 INFO  Executed systemctl&lt;serv_mapper5&gt;, exit status 3
14:56:48 INFO  
14:56:48 INFO  Test duration: 137.80 secs
14:56:48 INFO  Test final outcome:  FAILED
14:56:48 INFO  Test outcome reason: Assert that (False == value) with value=True (+2 other failures)
14:56:48 INFO  
</system-out>
	</testcase>
</testsuite>
