<?xml version="1.0" encoding="utf-8"?>
<testsuite failures="1" name="SoftwareManagement.sm_mixed_install_remove_multiple" skipped="0" tests="1" time="165.14" timestamp="2022-05-09T16:01:06">
	<testcase classname="PySysTest" name="SoftwareManagement.sm_mixed_install_remove_multiple">
		<failure message="FAILED: Assert that (False == value) with value=True" type="FAILED"/>
		<system-out>15:58:21 INFO  ==============================================================
15:58:21 INFO  Id:    SoftwareManagement.sm_mixed_install_remove_multiple
15:58:21 INFO  Dir:   software_management_end_to_end/
15:58:21 INFO  Title: Validate end to end behaviour for the dummy-plugin for multiple packages with mixed versions
15:58:21 INFO  ==============================================================
15:58:21 INFO  Using sw id database: {'asciijump': '5475369', 'robotfindskitten': '5474869', 'squirrel3': '5475279', 'rolldice': '5152439', 'moon-buggy': '5439204', 'apple': '5495053', 'banana': '5494888', 'cherry': '5495382', 'watermelon': '5494510', 'registry': '8018911', 'hello-world': '8021526', 'docker/getting-started': '8021973', 'alpine': '7991792'}
15:58:21 INFO  EnvironmentC8y Setup
15:58:21 INFO  Executed systemctl&lt;serv_mapper1&gt;, exit status 3
15:58:22 INFO  Restarting mosquitto too frequently in the last 10 seconds. It was only up for 5 seconds
15:58:22 INFO  Delaying execution by 6 seconds
15:58:41 INFO  Executed sudo&lt;tedge_connect_c8y&gt;, exit status 0, duration 13 secs
15:58:42 INFO  Executed sudo&lt;tedge_connect_c8y_test&gt;, exit status 0
15:58:42 INFO  Executed systemctl&lt;serv_mosq2&gt;, exit status 0
15:58:43 INFO  Executed systemctl&lt;serv_mapper3&gt;, exit status 0
15:58:45 INFO  State of current operation: SUCCESSFUL
15:58:45 INFO  Package apple is installed
15:58:45 INFO  Assert that (True == value) with value=True ... passed
15:58:46 INFO  Package banana is installed
15:58:46 INFO  Assert that (True == value) with value=True ... passed
15:58:46 INFO  Package cherry is installed
15:58:46 INFO  Assert that (True == value) with value=True ... passed
15:58:46 INFO  Package asciijump is installed
15:58:46 WARN  Assert that (False == value) with value=True ... failed 
15:58:46 INFO  Assert that (False == value) with value=False ... passed
15:58:47 INFO  Response status: 201
15:58:47 INFO  Response to action: {
    &quot;creationTime&quot;: &quot;2022-05-09T15:58:47.034Z&quot;,
    &quot;deviceName&quot;: &quot;m32sd10c&quot;,
    &quot;deviceId&quot;: &quot;18538517&quot;,
    &quot;self&quot;: &quot;https://t493319102.eu-latest.cumulocity.com/devicecontrol/operations/18564876&quot;,
    &quot;id&quot;: &quot;18564876&quot;,
    &quot;status&quot;: &quot;PENDING&quot;,
    &quot;description&quot;: &quot;Apply software changes, triggered from PySys: [{'action': 'install', 'id': '5495053', 'name': 'apple', 'url': ' ', 'version': '::fruits'}, {'action': 'install', 'id': '5494888', 'name': 'banana', 'url': ' ', 'version': '::fruits'}, {'action': 'install', 'id': '5475369', 'name': 'asciijump', 'url': ' ', 'version': '::apt'}, {'action': 'install', 'id': '5495382', 'name': 'cherry', 'url': ' ', 'version': '::fruits'}, {'action': 'install', 'id': '8018911', 'name': 'registry', 'url': ' ', 'version': '::docker'}]&quot;,
    &quot;c8y_SoftwareUpdate&quot;: [
        {
            &quot;name&quot;: &quot;apple&quot;,
            &quot;action&quot;: &quot;install&quot;,
            &quot;id&quot;: &quot;5495053&quot;,
            &quot;version&quot;: &quot;::fruits&quot;,
            &quot;url&quot;: &quot; &quot;
        },
        {
            &quot;name&quot;: &quot;banana&quot;,
            &quot;action&quot;: &quot;install&quot;,
            &quot;id&quot;: &quot;5494888&quot;,
            &quot;version&quot;: &quot;::fruits&quot;,
            &quot;url&quot;: &quot; &quot;
        },
        {
            &quot;name&quot;: &quot;asciijump&quot;,
            &quot;action&quot;: &quot;install&quot;,
            &quot;id&quot;: &quot;5475369&quot;,
            &quot;version&quot;: &quot;::apt&quot;,
            &quot;url&quot;: &quot; &quot;
        },
        {
            &quot;name&quot;: &quot;cherry&quot;,
            &quot;action&quot;: &quot;install&quot;,
            &quot;id&quot;: &quot;5495382&quot;,
            &quot;version&quot;: &quot;::fruits&quot;,
            &quot;url&quot;: &quot; &quot;
        },
        {
            &quot;name&quot;: &quot;registry&quot;,
            &quot;action&quot;: &quot;install&quot;,
            &quot;id&quot;: &quot;8018911&quot;,
            &quot;version&quot;: &quot;::docker&quot;,
            &quot;url&quot;: &quot; &quot;
        }
    ]
}
15:58:47 INFO  Started operation: {'creationTime': '2022-05-09T15:58:47.034Z', 'deviceName': 'm32sd10c', 'deviceId': '18538517', 'self': 'https://t493319102.eu-latest.cumulocity.com/devicecontrol/operations/18564876', 'id': '18564876', 'status': 'PENDING', 'description': &quot;Apply software changes, triggered from PySys: [{'action': 'install', 'id': '5495053', 'name': 'apple', 'url': ' ', 'version': '::fruits'}, {'action': 'install', 'id': '5494888', 'name': 'banana', 'url': ' ', 'version': '::fruits'}, {'action': 'install', 'id': '5475369', 'name': 'asciijump', 'url': ' ', 'version': '::apt'}, {'action': 'install', 'id': '5495382', 'name': 'cherry', 'url': ' ', 'version': '::fruits'}, {'action': 'install', 'id': '8018911', 'name': 'registry', 'url': ' ', 'version': '::docker'}]&quot;, 'c8y_SoftwareUpdate': [{'name': 'apple', 'action': 'install', 'id': '5495053', 'version': '::fruits', 'url': ' '}, {'name': 'banana', 'action': 'install', 'id': '5494888', 'version': '::fruits', 'url': ' '}, {'name': 'asciijump', 'action': 'install', 'id': '5475369', 'version': '::apt', 'url': ' '}, {'name': 'cherry', 'action': 'install', 'id': '5495382', 'version': '::fruits', 'url': ' '}, {'name': 'registry', 'action': 'install', 'id': '8018911', 'version': '::docker', 'url': ' '}]}
15:58:49 INFO  State of operation 18564876 : PENDING
15:58:51 INFO  State of operation 18564876 : EXECUTING
15:58:53 INFO  State of operation 18564876 : EXECUTING
15:58:55 INFO  State of operation 18564876 : EXECUTING
15:58:58 INFO  State of operation 18564876 : EXECUTING
15:59:00 INFO  State of operation 18564876 : EXECUTING
15:59:04 INFO  State of operation 18564876 : EXECUTING
15:59:07 INFO  State of operation 18564876 : EXECUTING
15:59:09 INFO  State of operation 18564876 : EXECUTING
15:59:11 INFO  State of operation 18564876 : EXECUTING
15:59:13 INFO  State of operation 18564876 : EXECUTING
15:59:16 INFO  State of operation 18564876 : EXECUTING
15:59:18 INFO  State of operation 18564876 : EXECUTING
15:59:20 INFO  State of operation 18564876 : EXECUTING
15:59:22 INFO  State of operation 18564876 : EXECUTING
15:59:25 INFO  State of operation 18564876 : EXECUTING
15:59:27 INFO  State of operation 18564876 : EXECUTING
15:59:30 INFO  State of operation 18564876 : EXECUTING
15:59:32 INFO  State of operation 18564876 : EXECUTING
15:59:34 INFO  State of operation 18564876 : EXECUTING
15:59:36 INFO  State of operation 18564876 : EXECUTING
15:59:39 INFO  State of operation 18564876 : EXECUTING
15:59:41 INFO  State of operation 18564876 : EXECUTING
15:59:43 INFO  State of operation 18564876 : EXECUTING
15:59:45 INFO  State of operation 18564876 : SUCCESSFUL
15:59:46 INFO  Package apple is installed
15:59:46 INFO  Assert that (True == value) with value=True ... passed
15:59:46 INFO  Package banana is installed
15:59:46 INFO  Assert that (True == value) with value=True ... passed
15:59:46 INFO  Package cherry is installed
15:59:46 INFO  Assert that (True == value) with value=True ... passed
15:59:46 INFO  Package asciijump is installed
15:59:46 INFO  Assert that (True == value) with value=True ... passed
15:59:47 INFO  Package registry is installed
15:59:47 INFO  Assert that (True == value) with value=True ... passed
15:59:47 INFO  Response status: 201
15:59:47 INFO  Response to action: {
    &quot;creationTime&quot;: &quot;2022-05-09T15:59:47.210Z&quot;,
    &quot;deviceName&quot;: &quot;m32sd10c&quot;,
    &quot;deviceId&quot;: &quot;18538517&quot;,
    &quot;self&quot;: &quot;https://t493319102.eu-latest.cumulocity.com/devicecontrol/operations/18564884&quot;,
    &quot;id&quot;: &quot;18564884&quot;,
    &quot;status&quot;: &quot;PENDING&quot;,
    &quot;description&quot;: &quot;Apply software changes, triggered from PySys: [{'action': 'delete', 'id': '5495053', 'name': 'apple', 'url': ' ', 'version': '::fruits'}, {'action': 'delete', 'id': '5494888', 'name': 'banana', 'url': ' ', 'version': '::fruits'}, {'action': 'delete', 'id': '5475369', 'name': 'asciijump', 'url': ' ', 'version': '::apt'}, {'action': 'delete', 'id': '5495382', 'name': 'cherry', 'url': ' ', 'version': '::fruits'}, {'action': 'delete', 'id': '8018911', 'name': 'registry', 'url': ' ', 'version': '::docker'}]&quot;,
    &quot;c8y_SoftwareUpdate&quot;: [
        {
            &quot;name&quot;: &quot;apple&quot;,
            &quot;action&quot;: &quot;delete&quot;,
            &quot;id&quot;: &quot;5495053&quot;,
            &quot;version&quot;: &quot;::fruits&quot;,
            &quot;url&quot;: &quot; &quot;
        },
        {
            &quot;name&quot;: &quot;banana&quot;,
            &quot;action&quot;: &quot;delete&quot;,
            &quot;id&quot;: &quot;5494888&quot;,
            &quot;version&quot;: &quot;::fruits&quot;,
            &quot;url&quot;: &quot; &quot;
        },
        {
            &quot;name&quot;: &quot;asciijump&quot;,
            &quot;action&quot;: &quot;delete&quot;,
            &quot;id&quot;: &quot;5475369&quot;,
            &quot;version&quot;: &quot;::apt&quot;,
            &quot;url&quot;: &quot; &quot;
        },
        {
            &quot;name&quot;: &quot;cherry&quot;,
            &quot;action&quot;: &quot;delete&quot;,
            &quot;id&quot;: &quot;5495382&quot;,
            &quot;version&quot;: &quot;::fruits&quot;,
            &quot;url&quot;: &quot; &quot;
        },
        {
            &quot;name&quot;: &quot;registry&quot;,
            &quot;action&quot;: &quot;delete&quot;,
            &quot;id&quot;: &quot;8018911&quot;,
            &quot;version&quot;: &quot;::docker&quot;,
            &quot;url&quot;: &quot; &quot;
        }
    ]
}
15:59:47 INFO  Started operation: {'creationTime': '2022-05-09T15:59:47.210Z', 'deviceName': 'm32sd10c', 'deviceId': '18538517', 'self': 'https://t493319102.eu-latest.cumulocity.com/devicecontrol/operations/18564884', 'id': '18564884', 'status': 'PENDING', 'description': &quot;Apply software changes, triggered from PySys: [{'action': 'delete', 'id': '5495053', 'name': 'apple', 'url': ' ', 'version': '::fruits'}, {'action': 'delete', 'id': '5494888', 'name': 'banana', 'url': ' ', 'version': '::fruits'}, {'action': 'delete', 'id': '5475369', 'name': 'asciijump', 'url': ' ', 'version': '::apt'}, {'action': 'delete', 'id': '5495382', 'name': 'cherry', 'url': ' ', 'version': '::fruits'}, {'action': 'delete', 'id': '8018911', 'name': 'registry', 'url': ' ', 'version': '::docker'}]&quot;, 'c8y_SoftwareUpdate': [{'name': 'apple', 'action': 'delete', 'id': '5495053', 'version': '::fruits', 'url': ' '}, {'name': 'banana', 'action': 'delete', 'id': '5494888', 'version': '::fruits', 'url': ' '}, {'name': 'asciijump', 'action': 'delete', 'id': '5475369', 'version': '::apt', 'url': ' '}, {'name': 'cherry', 'action': 'delete', 'id': '5495382', 'version': '::fruits', 'url': ' '}, {'name': 'registry', 'action': 'delete', 'id': '8018911', 'version': '::docker', 'url': ' '}]}
15:59:49 INFO  State of operation 18564884 : PENDING
15:59:51 INFO  State of operation 18564884 : EXECUTING
15:59:53 INFO  State of operation 18564884 : EXECUTING
15:59:56 INFO  State of operation 18564884 : EXECUTING
15:59:58 INFO  State of operation 18564884 : EXECUTING
16:00:00 INFO  State of operation 18564884 : EXECUTING
16:00:04 INFO  State of operation 18564884 : EXECUTING
16:00:07 INFO  State of operation 18564884 : EXECUTING
16:00:09 INFO  State of operation 18564884 : EXECUTING
16:00:11 INFO  State of operation 18564884 : EXECUTING
16:00:13 INFO  State of operation 18564884 : EXECUTING
16:00:16 INFO  State of operation 18564884 : EXECUTING
16:00:18 INFO  State of operation 18564884 : EXECUTING
16:00:20 INFO  State of operation 18564884 : EXECUTING
16:00:23 INFO  State of operation 18564884 : EXECUTING
16:00:25 INFO  State of operation 18564884 : EXECUTING
16:00:28 INFO  State of operation 18564884 : EXECUTING
16:00:30 INFO  State of operation 18564884 : EXECUTING
16:00:32 INFO  State of operation 18564884 : EXECUTING
16:00:35 INFO  State of operation 18564884 : EXECUTING
16:00:37 INFO  State of operation 18564884 : EXECUTING
16:00:39 INFO  State of operation 18564884 : EXECUTING
16:00:42 INFO  State of operation 18564884 : EXECUTING
16:00:44 INFO  State of operation 18564884 : EXECUTING
16:00:46 INFO  State of operation 18564884 : EXECUTING
16:00:49 INFO  State of operation 18564884 : EXECUTING
16:00:51 INFO  State of operation 18564884 : EXECUTING
16:00:53 INFO  State of operation 18564884 : EXECUTING
16:00:56 INFO  State of operation 18564884 : EXECUTING
16:00:58 INFO  State of operation 18564884 : EXECUTING
16:01:00 INFO  State of operation 18564884 : SUCCESSFUL
16:01:00 INFO  Package apple is installed
16:01:00 INFO  Assert that (True == value) with value=True ... passed
16:01:00 INFO  Package banana is installed
16:01:00 INFO  Assert that (True == value) with value=True ... passed
16:01:01 INFO  Package cherry is installed
16:01:01 INFO  Assert that (True == value) with value=True ... passed
16:01:01 INFO  Assert that (False == value) with value=False ... passed
16:01:01 INFO  Assert that (False == value) with value=False ... passed
16:01:01 INFO  
16:01:01 INFO  cleanup:
16:01:05 INFO  Executed sudo&lt;tedge_disconnect_c8y&gt;, exit status 0
16:01:06 INFO  Executed systemctl&lt;serv_mapper5&gt;, exit status 3
16:01:06 INFO  
16:01:06 INFO  Test duration: 165.14 secs
16:01:06 INFO  Test final outcome:  FAILED
16:01:06 INFO  Test outcome reason: Assert that (False == value) with value=True
16:01:06 INFO  
</system-out>
	</testcase>
</testsuite>
