<?xml version="1.0" encoding="utf-8"?>
<testsuite failures="1" name="SoftwareManagement.sm_apt_install_remove_with_version" skipped="0" tests="1" time="164.62" timestamp="2022-04-25T22:31:54">
	<testcase classname="PySysTest" name="SoftwareManagement.sm_apt_install_remove_with_version">
		<failure message="BLOCKED: SystemError: Timeout while waiting for status FAILED or SUCCESSFUL" type="BLOCKED"/>
		<system-out>22:29:10 INFO  ==============================================================
22:29:10 INFO  Id:    SoftwareManagement.sm_apt_install_remove_with_version
22:29:10 INFO  Dir:   software_management_end_to_end/
22:29:10 INFO  Title: Validate end to end behaviour for the apt plugin for packages with version
22:29:10 INFO  ==============================================================
22:29:10 INFO  Using sw id database: {'asciijump': '5475369', 'robotfindskitten': '5474869', 'squirrel3': '5475279', 'rolldice': '5152439', 'moon-buggy': '5439204', 'apple': '5495053', 'banana': '5494888', 'cherry': '5495382', 'watermelon': '5494510', 'registry': '8018911', 'hello-world': '8021526', 'docker/getting-started': '8021973', 'alpine': '7991792'}
22:29:10 INFO  EnvironmentC8y Setup
22:29:10 INFO  Executed systemctl&lt;serv_mapper1&gt;, exit status 3
22:29:11 INFO  Restarting mosquitto too frequently in the last 10 seconds. It was only up for 5 seconds
22:29:11 INFO  Delaying execution by 6 seconds
22:29:30 INFO  Executed sudo&lt;tedge_connect_c8y&gt;, exit status 0, duration 13 secs
22:29:31 INFO  Executed sudo&lt;tedge_connect_c8y_test&gt;, exit status 0
22:29:31 INFO  Executed systemctl&lt;serv_mosq2&gt;, exit status 0
22:29:32 INFO  Executed systemctl&lt;serv_mapper3&gt;, exit status 0
22:29:34 INFO  State of current operation: PENDING
22:29:36 INFO  State of current operation: PENDING
22:29:38 INFO  State of current operation: PENDING
22:29:41 INFO  State of current operation: PENDING
22:29:43 INFO  State of current operation: PENDING
22:29:45 INFO  State of current operation: PENDING
22:29:47 INFO  State of current operation: PENDING
22:29:50 INFO  State of current operation: PENDING
22:29:52 INFO  State of current operation: PENDING
22:29:54 INFO  State of current operation: PENDING
22:29:56 INFO  State of current operation: PENDING
22:29:58 INFO  State of current operation: PENDING
22:30:01 INFO  State of current operation: PENDING
22:30:03 INFO  State of current operation: PENDING
22:30:05 INFO  State of current operation: PENDING
22:30:07 INFO  State of current operation: PENDING
22:30:09 INFO  State of current operation: PENDING
22:30:12 INFO  State of current operation: PENDING
22:30:14 INFO  State of current operation: PENDING
22:30:16 INFO  State of current operation: PENDING
22:30:18 INFO  State of current operation: PENDING
22:30:21 INFO  State of current operation: PENDING
22:30:23 INFO  State of current operation: PENDING
22:30:25 INFO  State of current operation: PENDING
22:30:27 INFO  State of current operation: PENDING
22:30:30 INFO  State of current operation: PENDING
22:30:32 INFO  State of current operation: PENDING
22:30:34 INFO  State of current operation: PENDING
22:30:36 INFO  State of current operation: PENDING
22:30:38 INFO  State of current operation: PENDING
22:30:41 INFO  State of current operation: PENDING
22:30:43 INFO  State of current operation: PENDING
22:30:45 INFO  State of current operation: PENDING
22:30:47 INFO  State of current operation: PENDING
22:30:50 INFO  State of current operation: PENDING
22:30:52 INFO  State of current operation: PENDING
22:30:54 INFO  State of current operation: PENDING
22:30:57 INFO  State of current operation: PENDING
22:30:59 INFO  State of current operation: PENDING
22:31:01 INFO  State of current operation: PENDING
22:31:03 INFO  State of current operation: PENDING
22:31:05 INFO  State of current operation: PENDING
22:31:08 INFO  State of current operation: PENDING
22:31:10 INFO  State of current operation: PENDING
22:31:12 INFO  State of current operation: PENDING
22:31:14 INFO  State of current operation: PENDING
22:31:17 INFO  State of current operation: PENDING
22:31:19 INFO  State of current operation: PENDING
22:31:21 INFO  State of current operation: PENDING
22:31:23 INFO  State of current operation: PENDING
22:31:26 INFO  State of current operation: PENDING
22:31:28 INFO  State of current operation: PENDING
22:31:30 INFO  State of current operation: PENDING
22:31:32 INFO  State of current operation: PENDING
22:31:34 INFO  State of current operation: PENDING
22:31:37 INFO  State of current operation: PENDING
22:31:39 INFO  State of current operation: PENDING
22:31:41 INFO  State of current operation: PENDING
22:31:43 INFO  State of current operation: PENDING
22:31:46 INFO  State of current operation: PENDING
22:31:48 INFO  State of current operation: PENDING
22:31:50 WARN  SystemError occurred while running test - Timeout while waiting for status FAILED or SUCCESSFUL
Traceback (most recent call last):
  File &quot;/home/pi/env-pysys/lib/python3.7/site-packages/pysys/baserunner.py&quot;, line 1292, in __call__
    self.testObj.setup()
  File &quot;/home/pi/actions-runner/_work/thin-edge.io/thin-edge.io/tests/PySys/software_management_end_to_end/sm_apt_install_remove_with_version/run.py&quot;, line 27, in setup
    super().setup()
  File &quot;/home/pi/actions-runner/_work/thin-edge.io/thin-edge.io/tests/PySys/software_management_end_to_end/environment_sm_management.py&quot;, line 151, in setup
    self.wait_until_end()
  File &quot;/home/pi/actions-runner/_work/thin-edge.io/thin-edge.io/tests/PySys/software_management_end_to_end/environment_sm_management.py&quot;, line 332, in wait_until_end
    self.wait_until_status(&quot;FAILED&quot;, &quot;SUCCESSFUL&quot;)
  File &quot;/home/pi/actions-runner/_work/thin-edge.io/thin-edge.io/tests/PySys/software_management_end_to_end/environment_sm_management.py&quot;, line 381, in wait_until_status
    &quot;Timeout while waiting for status %s or %s&quot; % (status, status2)
SystemError: Timeout while waiting for status FAILED or SUCCESSFUL
22:31:50 WARN  SystemError: Timeout while waiting for status FAILED or SUCCESSFUL ... blocked 
22:31:50 INFO  
22:31:50 INFO  cleanup:
22:31:54 INFO  Executed sudo&lt;tedge_disconnect_c8y&gt;, exit status 0
22:31:54 INFO  Executed systemctl&lt;serv_mapper5&gt;, exit status 3
22:31:54 INFO  
22:31:54 INFO  Test duration: 164.62 secs
22:31:54 INFO  Test final outcome:  BLOCKED
22:31:54 INFO  Test outcome reason: SystemError: Timeout while waiting for status FAILED or SUCCESSFUL
22:31:54 INFO  
</system-out>
	</testcase>
</testsuite>
