<?xml version="1.0" encoding="utf-8"?>
<testsuite failures="1" name="SoftwareManagement.sm_apt_install_fail" skipped="0" tests="1" time="165.41" timestamp="2022-04-25T22:18:10">
	<testcase classname="PySysTest" name="SoftwareManagement.sm_apt_install_fail">
		<failure message="BLOCKED: SystemError: Timeout while waiting for status FAILED or SUCCESSFUL" type="BLOCKED"/>
		<system-out>22:15:24 INFO  ==============================================================
22:15:24 INFO  Id:    SoftwareManagement.sm_apt_install_fail
22:15:24 INFO  Dir:   software_management_end_to_end/
22:15:24 INFO  Title: Validate end to end behaviour for a failing installation
22:15:24 INFO  ==============================================================
22:15:24 INFO  Using sw id database: {'asciijump': '5475369', 'robotfindskitten': '5474869', 'squirrel3': '5475279', 'rolldice': '5152439', 'moon-buggy': '5439204', 'apple': '5495053', 'banana': '5494888', 'cherry': '5495382', 'watermelon': '5494510', 'registry': '8018911', 'hello-world': '8021526', 'docker/getting-started': '8021973', 'alpine': '7991792'}
22:15:24 INFO  EnvironmentC8y Setup
22:15:25 INFO  Executed systemctl&lt;serv_mapper1&gt;, exit status 3
22:15:25 INFO  Restarting mosquitto too frequently in the last 10 seconds. It was only up for 4 seconds
22:15:25 INFO  Delaying execution by 7 seconds
22:15:46 INFO  Executed sudo&lt;tedge_connect_c8y&gt;, exit status 0, duration 13 secs
22:15:46 INFO  Executed sudo&lt;tedge_connect_c8y_test&gt;, exit status 0
22:15:47 INFO  Executed systemctl&lt;serv_mosq2&gt;, exit status 0
22:15:47 INFO  Executed systemctl&lt;serv_mapper3&gt;, exit status 0
22:15:50 INFO  State of current operation: PENDING
22:15:52 INFO  State of current operation: PENDING
22:15:54 INFO  State of current operation: PENDING
22:15:56 INFO  State of current operation: PENDING
22:15:59 INFO  State of current operation: PENDING
22:16:01 INFO  State of current operation: PENDING
22:16:03 INFO  State of current operation: PENDING
22:16:05 INFO  State of current operation: PENDING
22:16:07 INFO  State of current operation: PENDING
22:16:10 INFO  State of current operation: PENDING
22:16:12 INFO  State of current operation: PENDING
22:16:14 INFO  State of current operation: PENDING
22:16:16 INFO  State of current operation: PENDING
22:16:19 INFO  State of current operation: PENDING
22:16:21 INFO  State of current operation: PENDING
22:16:23 INFO  State of current operation: PENDING
22:16:25 INFO  State of current operation: PENDING
22:16:28 INFO  State of current operation: PENDING
22:16:30 INFO  State of current operation: PENDING
22:16:32 INFO  State of current operation: PENDING
22:16:34 INFO  State of current operation: PENDING
22:16:37 INFO  State of current operation: PENDING
22:16:39 INFO  State of current operation: PENDING
22:16:41 INFO  State of current operation: PENDING
22:16:43 INFO  State of current operation: PENDING
22:16:45 INFO  State of current operation: PENDING
22:16:48 INFO  State of current operation: PENDING
22:16:50 INFO  State of current operation: PENDING
22:16:52 INFO  State of current operation: PENDING
22:16:54 INFO  State of current operation: PENDING
22:16:57 INFO  State of current operation: PENDING
22:16:59 INFO  State of current operation: PENDING
22:17:01 INFO  State of current operation: PENDING
22:17:03 INFO  State of current operation: PENDING
22:17:05 INFO  State of current operation: PENDING
22:17:08 INFO  State of current operation: PENDING
22:17:10 INFO  State of current operation: PENDING
22:17:12 INFO  State of current operation: PENDING
22:17:14 INFO  State of current operation: PENDING
22:17:17 INFO  State of current operation: PENDING
22:17:19 INFO  State of current operation: PENDING
22:17:21 INFO  State of current operation: PENDING
22:17:23 INFO  State of current operation: PENDING
22:17:26 INFO  State of current operation: PENDING
22:17:28 INFO  State of current operation: PENDING
22:17:30 INFO  State of current operation: PENDING
22:17:32 INFO  State of current operation: PENDING
22:17:34 INFO  State of current operation: PENDING
22:17:37 INFO  State of current operation: PENDING
22:17:39 INFO  State of current operation: PENDING
22:17:41 INFO  State of current operation: PENDING
22:17:43 INFO  State of current operation: PENDING
22:17:46 INFO  State of current operation: PENDING
22:17:48 INFO  State of current operation: PENDING
22:17:50 INFO  State of current operation: PENDING
22:17:52 INFO  State of current operation: PENDING
22:17:54 INFO  State of current operation: PENDING
22:17:57 INFO  State of current operation: PENDING
22:17:59 INFO  State of current operation: PENDING
22:18:01 INFO  State of current operation: PENDING
22:18:03 INFO  State of current operation: PENDING
22:18:05 WARN  SystemError occurred while running test - Timeout while waiting for status FAILED or SUCCESSFUL
Traceback (most recent call last):
  File &quot;/home/pi/env-pysys/lib/python3.7/site-packages/pysys/baserunner.py&quot;, line 1292, in __call__
    self.testObj.setup()
  File &quot;/home/pi/actions-runner/_work/thin-edge.io/thin-edge.io/tests/PySys/software_management_end_to_end/sm_apt_install_fail/run.py&quot;, line 20, in setup
    super().setup()
  File &quot;/home/pi/actions-runner/_work/thin-edge.io/thin-edge.io/tests/PySys/software_management_end_to_end/environment_sm_management.py&quot;, line 151, in setup
    self.wait_until_end()
  File &quot;/home/pi/actions-runner/_work/thin-edge.io/thin-edge.io/tests/PySys/software_management_end_to_end/environment_sm_management.py&quot;, line 332, in wait_until_end
    self.wait_until_status(&quot;FAILED&quot;, &quot;SUCCESSFUL&quot;)
  File &quot;/home/pi/actions-runner/_work/thin-edge.io/thin-edge.io/tests/PySys/software_management_end_to_end/environment_sm_management.py&quot;, line 381, in wait_until_status
    &quot;Timeout while waiting for status %s or %s&quot; % (status, status2)
SystemError: Timeout while waiting for status FAILED or SUCCESSFUL
22:18:05 WARN  SystemError: Timeout while waiting for status FAILED or SUCCESSFUL ... blocked 
22:18:05 INFO  
22:18:05 INFO  cleanup:
22:18:09 INFO  Executed sudo&lt;tedge_disconnect_c8y&gt;, exit status 0
22:18:10 INFO  Executed systemctl&lt;serv_mapper5&gt;, exit status 3
22:18:10 INFO  
22:18:10 INFO  Test duration: 165.41 secs
22:18:10 INFO  Test final outcome:  BLOCKED
22:18:10 INFO  Test outcome reason: SystemError: Timeout while waiting for status FAILED or SUCCESSFUL
22:18:10 INFO  
</system-out>
	</testcase>
</testsuite>
