<?xml version="1.0" encoding="utf-8"?>
<testsuite failures="1" name="SoftwareManagement.sm_apt_install_remove_multiple" skipped="0" tests="1" time="164.69" timestamp="2022-04-27T09:58:11">
	<testcase classname="PySysTest" name="SoftwareManagement.sm_apt_install_remove_multiple">
		<failure message="BLOCKED: SystemError: Timeout while waiting for status FAILED or SUCCESSFUL" type="BLOCKED"/>
		<system-out>09:55:27 INFO  ==============================================================
09:55:27 INFO  Id:    SoftwareManagement.sm_apt_install_remove_multiple
09:55:27 INFO  Dir:   software_management_end_to_end/
09:55:27 INFO  Title: Validate end to end behaviour for the apt plugin for multiple packages
09:55:27 INFO  ==============================================================
09:55:27 INFO  Using sw id database: {'asciijump': '5475369', 'robotfindskitten': '5474869', 'squirrel3': '5475279', 'rolldice': '5152439', 'moon-buggy': '5439204', 'apple': '5495053', 'banana': '5494888', 'cherry': '5495382', 'watermelon': '5494510', 'registry': '8018911', 'hello-world': '8021526', 'docker/getting-started': '8021973', 'alpine': '7991792'}
09:55:27 INFO  EnvironmentC8y Setup
09:55:27 INFO  Executed systemctl&lt;serv_mapper1&gt;, exit status 3
09:55:27 INFO  Restarting mosquitto too frequently in the last 10 seconds. It was only up for 5 seconds
09:55:27 INFO  Delaying execution by 6 seconds
09:55:48 INFO  Executed sudo&lt;tedge_connect_c8y&gt;, exit status 0, duration 14 secs
09:55:48 INFO  Executed sudo&lt;tedge_connect_c8y_test&gt;, exit status 0
09:55:49 INFO  Executed systemctl&lt;serv_mosq2&gt;, exit status 0
09:55:49 INFO  Executed systemctl&lt;serv_mapper3&gt;, exit status 0
09:55:52 INFO  State of current operation: PENDING
09:55:54 INFO  State of current operation: PENDING
09:55:56 INFO  State of current operation: PENDING
09:55:58 INFO  State of current operation: PENDING
09:56:00 INFO  State of current operation: PENDING
09:56:03 INFO  State of current operation: PENDING
09:56:05 INFO  State of current operation: PENDING
09:56:07 INFO  State of current operation: PENDING
09:56:09 INFO  State of current operation: PENDING
09:56:12 INFO  State of current operation: PENDING
09:56:14 INFO  State of current operation: PENDING
09:56:16 INFO  State of current operation: PENDING
09:56:18 INFO  State of current operation: PENDING
09:56:20 INFO  State of current operation: PENDING
09:56:23 INFO  State of current operation: PENDING
09:56:25 INFO  State of current operation: PENDING
09:56:27 INFO  State of current operation: PENDING
09:56:29 INFO  State of current operation: PENDING
09:56:32 INFO  State of current operation: PENDING
09:56:34 INFO  State of current operation: PENDING
09:56:36 INFO  State of current operation: PENDING
09:56:38 INFO  State of current operation: PENDING
09:56:40 INFO  State of current operation: PENDING
09:56:43 INFO  State of current operation: PENDING
09:56:45 INFO  State of current operation: PENDING
09:56:47 INFO  State of current operation: PENDING
09:56:49 INFO  State of current operation: PENDING
09:56:52 INFO  State of current operation: PENDING
09:56:54 INFO  State of current operation: PENDING
09:56:56 INFO  State of current operation: PENDING
09:56:58 INFO  State of current operation: PENDING
09:57:00 INFO  State of current operation: PENDING
09:57:03 INFO  State of current operation: PENDING
09:57:05 INFO  State of current operation: PENDING
09:57:07 INFO  State of current operation: PENDING
09:57:09 INFO  State of current operation: PENDING
09:57:12 INFO  State of current operation: PENDING
09:57:14 INFO  State of current operation: PENDING
09:57:16 INFO  State of current operation: PENDING
09:57:18 INFO  State of current operation: PENDING
09:57:20 INFO  State of current operation: PENDING
09:57:23 INFO  State of current operation: PENDING
09:57:25 INFO  State of current operation: PENDING
09:57:27 INFO  State of current operation: PENDING
09:57:29 INFO  State of current operation: PENDING
09:57:32 INFO  State of current operation: PENDING
09:57:34 INFO  State of current operation: PENDING
09:57:36 INFO  State of current operation: PENDING
09:57:38 INFO  State of current operation: PENDING
09:57:40 INFO  State of current operation: PENDING
09:57:43 INFO  State of current operation: PENDING
09:57:45 INFO  State of current operation: PENDING
09:57:47 INFO  State of current operation: PENDING
09:57:49 INFO  State of current operation: PENDING
09:57:52 INFO  State of current operation: PENDING
09:57:54 INFO  State of current operation: PENDING
09:57:56 INFO  State of current operation: PENDING
09:57:58 INFO  State of current operation: PENDING
09:58:00 INFO  State of current operation: PENDING
09:58:03 INFO  State of current operation: PENDING
09:58:05 INFO  State of current operation: PENDING
09:58:07 WARN  SystemError occurred while running test - Timeout while waiting for status FAILED or SUCCESSFUL
Traceback (most recent call last):
  File &quot;/home/pi/env-pysys/lib/python3.7/site-packages/pysys/baserunner.py&quot;, line 1292, in __call__
    self.testObj.setup()
  File &quot;/home/pi/actions-runner/_work/thin-edge.io/thin-edge.io/tests/PySys/software_management_end_to_end/sm_apt_install_remove_multiple/run.py&quot;, line 52, in setup
    super().setup()
  File &quot;/home/pi/actions-runner/_work/thin-edge.io/thin-edge.io/tests/PySys/software_management_end_to_end/environment_sm_management.py&quot;, line 151, in setup
    self.wait_until_end()
  File &quot;/home/pi/actions-runner/_work/thin-edge.io/thin-edge.io/tests/PySys/software_management_end_to_end/environment_sm_management.py&quot;, line 332, in wait_until_end
    self.wait_until_status(&quot;FAILED&quot;, &quot;SUCCESSFUL&quot;)
  File &quot;/home/pi/actions-runner/_work/thin-edge.io/thin-edge.io/tests/PySys/software_management_end_to_end/environment_sm_management.py&quot;, line 381, in wait_until_status
    &quot;Timeout while waiting for status %s or %s&quot; % (status, status2)
SystemError: Timeout while waiting for status FAILED or SUCCESSFUL
09:58:07 WARN  SystemError: Timeout while waiting for status FAILED or SUCCESSFUL ... blocked 
09:58:07 INFO  
09:58:07 INFO  cleanup:
09:58:11 INFO  Executed sudo&lt;tedge_disconnect_c8y&gt;, exit status 0
09:58:11 INFO  Executed systemctl&lt;serv_mapper5&gt;, exit status 3
09:58:11 INFO  
09:58:11 INFO  Test duration: 164.69 secs
09:58:11 INFO  Test final outcome:  BLOCKED
09:58:11 INFO  Test outcome reason: SystemError: Timeout while waiting for status FAILED or SUCCESSFUL
09:58:11 INFO  
</system-out>
	</testcase>
</testsuite>
