<?xml version="1.0" encoding="utf-8"?>
<testsuite failures="1" name="SoftwareManagement.sm_fake_install_remove" skipped="0" tests="1" time="165.11" timestamp="2022-04-24T13:33:53">
	<testcase classname="PySysTest" name="SoftwareManagement.sm_fake_install_remove">
		<failure message="BLOCKED: SystemError: Timeout while waiting for status FAILED or SUCCESSFUL" type="BLOCKED"/>
		<system-out>13:31:07 INFO  ==============================================================
13:31:07 INFO  Id:    SoftwareManagement.sm_fake_install_remove
13:31:07 INFO  Dir:   software_management_end_to_end/
13:31:07 INFO  Title: Validate end to end behaviour for the dummy plugin for installation and removal of packages
13:31:07 INFO  ==============================================================
13:31:08 INFO  Using sw id database: {'asciijump': '5475369', 'robotfindskitten': '5474869', 'squirrel3': '5475279', 'rolldice': '5152439', 'moon-buggy': '5439204', 'apple': '5495053', 'banana': '5494888', 'cherry': '5495382', 'watermelon': '5494510', 'registry': '8018911', 'hello-world': '8021526', 'docker/getting-started': '8021973', 'alpine': '7991792'}
13:31:08 INFO  EnvironmentC8y Setup
13:31:08 INFO  Executed systemctl&lt;serv_mapper1&gt;, exit status 3
13:31:08 INFO  Restarting mosquitto too frequently in the last 10 seconds. It was only up for 4 seconds
13:31:08 INFO  Delaying execution by 7 seconds
13:31:29 INFO  Executed sudo&lt;tedge_connect_c8y&gt;, exit status 0, duration 13 secs
13:31:29 INFO  Executed sudo&lt;tedge_connect_c8y_test&gt;, exit status 0
13:31:30 INFO  Executed systemctl&lt;serv_mosq2&gt;, exit status 0
13:31:30 INFO  Executed systemctl&lt;serv_mapper3&gt;, exit status 0
13:31:33 INFO  State of current operation: PENDING
13:31:35 INFO  State of current operation: PENDING
13:31:37 INFO  State of current operation: PENDING
13:31:39 INFO  State of current operation: PENDING
13:31:42 INFO  State of current operation: PENDING
13:31:44 INFO  State of current operation: PENDING
13:31:46 INFO  State of current operation: PENDING
13:31:48 INFO  State of current operation: PENDING
13:31:50 INFO  State of current operation: PENDING
13:31:53 INFO  State of current operation: PENDING
13:31:55 INFO  State of current operation: PENDING
13:31:57 INFO  State of current operation: PENDING
13:31:59 INFO  State of current operation: PENDING
13:32:02 INFO  State of current operation: PENDING
13:32:04 INFO  State of current operation: PENDING
13:32:06 INFO  State of current operation: PENDING
13:32:08 INFO  State of current operation: PENDING
13:32:10 INFO  State of current operation: PENDING
13:32:13 INFO  State of current operation: PENDING
13:32:15 INFO  State of current operation: PENDING
13:32:17 INFO  State of current operation: PENDING
13:32:19 INFO  State of current operation: PENDING
13:32:22 INFO  State of current operation: PENDING
13:32:24 INFO  State of current operation: PENDING
13:32:26 INFO  State of current operation: PENDING
13:32:28 INFO  State of current operation: PENDING
13:32:31 INFO  State of current operation: PENDING
13:32:33 INFO  State of current operation: PENDING
13:32:35 INFO  State of current operation: PENDING
13:32:37 INFO  State of current operation: PENDING
13:32:39 INFO  State of current operation: PENDING
13:32:42 INFO  State of current operation: PENDING
13:32:44 INFO  State of current operation: PENDING
13:32:46 INFO  State of current operation: PENDING
13:32:48 INFO  State of current operation: PENDING
13:32:51 INFO  State of current operation: PENDING
13:32:53 INFO  State of current operation: PENDING
13:32:55 INFO  State of current operation: PENDING
13:32:57 INFO  State of current operation: PENDING
13:32:59 INFO  State of current operation: PENDING
13:33:02 INFO  State of current operation: PENDING
13:33:04 INFO  State of current operation: PENDING
13:33:06 INFO  State of current operation: PENDING
13:33:08 INFO  State of current operation: PENDING
13:33:11 INFO  State of current operation: PENDING
13:33:13 INFO  State of current operation: PENDING
13:33:15 INFO  State of current operation: PENDING
13:33:17 INFO  State of current operation: PENDING
13:33:19 INFO  State of current operation: PENDING
13:33:22 INFO  State of current operation: PENDING
13:33:24 INFO  State of current operation: PENDING
13:33:26 INFO  State of current operation: PENDING
13:33:28 INFO  State of current operation: PENDING
13:33:31 INFO  State of current operation: PENDING
13:33:33 INFO  State of current operation: PENDING
13:33:35 INFO  State of current operation: PENDING
13:33:37 INFO  State of current operation: PENDING
13:33:39 INFO  State of current operation: PENDING
13:33:42 INFO  State of current operation: PENDING
13:33:44 INFO  State of current operation: PENDING
13:33:46 INFO  State of current operation: PENDING
13:33:48 WARN  SystemError occurred while running test - Timeout while waiting for status FAILED or SUCCESSFUL
Traceback (most recent call last):
  File &quot;/home/pi/env-pysys/lib/python3.7/site-packages/pysys/baserunner.py&quot;, line 1292, in __call__
    self.testObj.setup()
  File &quot;/home/pi/actions-runner/_work/thin-edge.io/thin-edge.io/tests/PySys/software_management_end_to_end/sm_fake_install_remove/run.py&quot;, line 38, in setup
    super().setup()
  File &quot;/home/pi/actions-runner/_work/thin-edge.io/thin-edge.io/tests/PySys/software_management_end_to_end/environment_sm_management.py&quot;, line 151, in setup
    self.wait_until_end()
  File &quot;/home/pi/actions-runner/_work/thin-edge.io/thin-edge.io/tests/PySys/software_management_end_to_end/environment_sm_management.py&quot;, line 332, in wait_until_end
    self.wait_until_status(&quot;FAILED&quot;, &quot;SUCCESSFUL&quot;)
  File &quot;/home/pi/actions-runner/_work/thin-edge.io/thin-edge.io/tests/PySys/software_management_end_to_end/environment_sm_management.py&quot;, line 381, in wait_until_status
    &quot;Timeout while waiting for status %s or %s&quot; % (status, status2)
SystemError: Timeout while waiting for status FAILED or SUCCESSFUL
13:33:48 WARN  SystemError: Timeout while waiting for status FAILED or SUCCESSFUL ... blocked 
13:33:48 INFO  
13:33:48 INFO  cleanup:
13:33:52 INFO  Executed sudo&lt;tedge_disconnect_c8y&gt;, exit status 0
13:33:53 INFO  Executed systemctl&lt;serv_mapper5&gt;, exit status 3
13:33:53 INFO  
13:33:53 INFO  Test duration: 165.11 secs
13:33:53 INFO  Test final outcome:  BLOCKED
13:33:53 INFO  Test outcome reason: SystemError: Timeout while waiting for status FAILED or SUCCESSFUL
13:33:53 INFO  
</system-out>
	</testcase>
</testsuite>
