<?xml version="1.0" encoding="utf-8"?>
<testsuite failures="1" name="SoftwareManagement.sm_fake_install_remove" skipped="0" tests="1" time="164.47" timestamp="2022-04-27T10:09:11">
	<testcase classname="PySysTest" name="SoftwareManagement.sm_fake_install_remove">
		<failure message="BLOCKED: SystemError: Timeout while waiting for status FAILED or SUCCESSFUL" type="BLOCKED"/>
		<system-out>10:06:27 INFO  ==============================================================
10:06:27 INFO  Id:    SoftwareManagement.sm_fake_install_remove
10:06:27 INFO  Dir:   software_management_end_to_end/
10:06:27 INFO  Title: Validate end to end behaviour for the dummy plugin for installation and removal of packages
10:06:27 INFO  ==============================================================
10:06:27 INFO  Using sw id database: {'asciijump': '5475369', 'robotfindskitten': '5474869', 'squirrel3': '5475279', 'rolldice': '5152439', 'moon-buggy': '5439204', 'apple': '5495053', 'banana': '5494888', 'cherry': '5495382', 'watermelon': '5494510', 'registry': '8018911', 'hello-world': '8021526', 'docker/getting-started': '8021973', 'alpine': '7991792'}
10:06:27 INFO  EnvironmentC8y Setup
10:06:27 INFO  Executed systemctl&lt;serv_mapper1&gt;, exit status 3
10:06:27 INFO  Restarting mosquitto too frequently in the last 10 seconds. It was only up for 5 seconds
10:06:27 INFO  Delaying execution by 6 seconds
10:06:47 INFO  Executed sudo&lt;tedge_connect_c8y&gt;, exit status 0, duration 14 secs
10:06:48 INFO  Executed sudo&lt;tedge_connect_c8y_test&gt;, exit status 0
10:06:48 INFO  Executed systemctl&lt;serv_mosq2&gt;, exit status 0
10:06:49 INFO  Executed systemctl&lt;serv_mapper3&gt;, exit status 0
10:06:51 INFO  State of current operation: PENDING
10:06:53 INFO  State of current operation: PENDING
10:06:56 INFO  State of current operation: PENDING
10:06:58 INFO  State of current operation: PENDING
10:07:00 INFO  State of current operation: PENDING
10:07:02 INFO  State of current operation: PENDING
10:07:04 INFO  State of current operation: PENDING
10:07:07 INFO  State of current operation: PENDING
10:07:09 INFO  State of current operation: PENDING
10:07:11 INFO  State of current operation: PENDING
10:07:13 INFO  State of current operation: PENDING
10:07:16 INFO  State of current operation: PENDING
10:07:18 INFO  State of current operation: PENDING
10:07:20 INFO  State of current operation: PENDING
10:07:22 INFO  State of current operation: PENDING
10:07:24 INFO  State of current operation: PENDING
10:07:27 INFO  State of current operation: PENDING
10:07:29 INFO  State of current operation: PENDING
10:07:31 INFO  State of current operation: PENDING
10:07:33 INFO  State of current operation: PENDING
10:07:35 INFO  State of current operation: PENDING
10:07:38 INFO  State of current operation: PENDING
10:07:40 INFO  State of current operation: PENDING
10:07:42 INFO  State of current operation: PENDING
10:07:44 INFO  State of current operation: PENDING
10:07:47 INFO  State of current operation: PENDING
10:07:49 INFO  State of current operation: PENDING
10:07:51 INFO  State of current operation: PENDING
10:07:53 INFO  State of current operation: PENDING
10:07:56 INFO  State of current operation: PENDING
10:07:58 INFO  State of current operation: PENDING
10:08:00 INFO  State of current operation: PENDING
10:08:02 INFO  State of current operation: PENDING
10:08:04 INFO  State of current operation: PENDING
10:08:07 INFO  State of current operation: PENDING
10:08:09 INFO  State of current operation: PENDING
10:08:11 INFO  State of current operation: PENDING
10:08:13 INFO  State of current operation: PENDING
10:08:16 INFO  State of current operation: PENDING
10:08:18 INFO  State of current operation: PENDING
10:08:20 INFO  State of current operation: PENDING
10:08:22 INFO  State of current operation: PENDING
10:08:24 INFO  State of current operation: PENDING
10:08:27 INFO  State of current operation: PENDING
10:08:29 INFO  State of current operation: PENDING
10:08:31 INFO  State of current operation: PENDING
10:08:33 INFO  State of current operation: PENDING
10:08:36 INFO  State of current operation: PENDING
10:08:38 INFO  State of current operation: PENDING
10:08:40 INFO  State of current operation: PENDING
10:08:42 INFO  State of current operation: PENDING
10:08:44 INFO  State of current operation: PENDING
10:08:47 INFO  State of current operation: PENDING
10:08:49 INFO  State of current operation: PENDING
10:08:51 INFO  State of current operation: PENDING
10:08:53 INFO  State of current operation: PENDING
10:08:56 INFO  State of current operation: PENDING
10:08:58 INFO  State of current operation: PENDING
10:09:00 INFO  State of current operation: PENDING
10:09:02 INFO  State of current operation: PENDING
10:09:04 INFO  State of current operation: PENDING
10:09:06 WARN  SystemError occurred while running test - Timeout while waiting for status FAILED or SUCCESSFUL
Traceback (most recent call last):
  File &quot;/home/pi/env-pysys/lib/python3.7/site-packages/pysys/baserunner.py&quot;, line 1292, in __call__
    self.testObj.setup()
  File &quot;/home/pi/actions-runner/_work/thin-edge.io/thin-edge.io/tests/PySys/software_management_end_to_end/sm_fake_install_remove/run.py&quot;, line 38, in setup
    super().setup()
  File &quot;/home/pi/actions-runner/_work/thin-edge.io/thin-edge.io/tests/PySys/software_management_end_to_end/environment_sm_management.py&quot;, line 151, in setup
    self.wait_until_end()
  File &quot;/home/pi/actions-runner/_work/thin-edge.io/thin-edge.io/tests/PySys/software_management_end_to_end/environment_sm_management.py&quot;, line 332, in wait_until_end
    self.wait_until_status(&quot;FAILED&quot;, &quot;SUCCESSFUL&quot;)
  File &quot;/home/pi/actions-runner/_work/thin-edge.io/thin-edge.io/tests/PySys/software_management_end_to_end/environment_sm_management.py&quot;, line 381, in wait_until_status
    &quot;Timeout while waiting for status %s or %s&quot; % (status, status2)
SystemError: Timeout while waiting for status FAILED or SUCCESSFUL
10:09:06 WARN  SystemError: Timeout while waiting for status FAILED or SUCCESSFUL ... blocked 
10:09:06 INFO  
10:09:06 INFO  cleanup:
10:09:10 INFO  Executed sudo&lt;tedge_disconnect_c8y&gt;, exit status 0
10:09:11 INFO  Executed systemctl&lt;serv_mapper5&gt;, exit status 3
10:09:11 INFO  
10:09:11 INFO  Test duration: 164.47 secs
10:09:11 INFO  Test final outcome:  BLOCKED
10:09:11 INFO  Test outcome reason: SystemError: Timeout while waiting for status FAILED or SUCCESSFUL
10:09:11 INFO  
</system-out>
	</testcase>
</testsuite>
