<?xml version="1.0" encoding="utf-8"?>
<testsuite failures="1" name="SoftwareManagement.sm_docker_install_remove_multiple" skipped="0" tests="1" time="165.53" timestamp="2022-04-25T22:46:59">
	<testcase classname="SMDockerInstallRemove" name="SoftwareManagement.sm_docker_install_remove_multiple">
		<failure message="BLOCKED: SystemError: Timeout while waiting for status FAILED or SUCCESSFUL" type="BLOCKED"/>
		<system-out>22:44:13 INFO  ==============================================================
22:44:13 INFO  Id:    SoftwareManagement.sm_docker_install_remove_multiple
22:44:13 INFO  Dir:   software_management_end_to_end/
22:44:13 INFO  Title: Validate end to end behaviour for the docker plugin for multiple docker images with mixed versions
22:44:13 INFO  ==============================================================
22:44:13 INFO  Using sw id database: {'asciijump': '5475369', 'robotfindskitten': '5474869', 'squirrel3': '5475279', 'rolldice': '5152439', 'moon-buggy': '5439204', 'apple': '5495053', 'banana': '5494888', 'cherry': '5495382', 'watermelon': '5494510', 'registry': '8018911', 'hello-world': '8021526', 'docker/getting-started': '8021973', 'alpine': '7991792'}
22:44:13 INFO  EnvironmentC8y Setup
22:44:14 INFO  Executed systemctl&lt;serv_mapper1&gt;, exit status 3
22:44:14 INFO  Restarting mosquitto too frequently in the last 10 seconds. It was only up for 4 seconds
22:44:14 INFO  Delaying execution by 7 seconds
22:44:35 INFO  Executed sudo&lt;tedge_connect_c8y&gt;, exit status 0, duration 13 secs
22:44:36 INFO  Executed sudo&lt;tedge_connect_c8y_test&gt;, exit status 0
22:44:36 INFO  Executed systemctl&lt;serv_mosq2&gt;, exit status 0
22:44:37 INFO  Executed systemctl&lt;serv_mapper3&gt;, exit status 0
22:44:39 INFO  State of current operation: PENDING
22:44:41 INFO  State of current operation: PENDING
22:44:43 INFO  State of current operation: PENDING
22:44:45 INFO  State of current operation: PENDING
22:44:48 INFO  State of current operation: PENDING
22:44:50 INFO  State of current operation: PENDING
22:44:52 INFO  State of current operation: PENDING
22:44:54 INFO  State of current operation: PENDING
22:44:57 INFO  State of current operation: PENDING
22:44:59 INFO  State of current operation: PENDING
22:45:01 INFO  State of current operation: PENDING
22:45:03 INFO  State of current operation: PENDING
22:45:05 INFO  State of current operation: PENDING
22:45:08 INFO  State of current operation: PENDING
22:45:10 INFO  State of current operation: PENDING
22:45:12 INFO  State of current operation: PENDING
22:45:14 INFO  State of current operation: PENDING
22:45:17 INFO  State of current operation: PENDING
22:45:19 INFO  State of current operation: PENDING
22:45:21 INFO  State of current operation: PENDING
22:45:23 INFO  State of current operation: PENDING
22:45:25 INFO  State of current operation: PENDING
22:45:28 INFO  State of current operation: PENDING
22:45:30 INFO  State of current operation: PENDING
22:45:32 INFO  State of current operation: PENDING
22:45:34 INFO  State of current operation: PENDING
22:45:37 INFO  State of current operation: PENDING
22:45:39 INFO  State of current operation: PENDING
22:45:41 INFO  State of current operation: PENDING
22:45:43 INFO  State of current operation: PENDING
22:45:46 INFO  State of current operation: PENDING
22:45:48 INFO  State of current operation: PENDING
22:45:50 INFO  State of current operation: PENDING
22:45:52 INFO  State of current operation: PENDING
22:45:54 INFO  State of current operation: PENDING
22:45:57 INFO  State of current operation: PENDING
22:45:59 INFO  State of current operation: PENDING
22:46:01 INFO  State of current operation: PENDING
22:46:03 INFO  State of current operation: PENDING
22:46:06 INFO  State of current operation: PENDING
22:46:08 INFO  State of current operation: PENDING
22:46:10 INFO  State of current operation: PENDING
22:46:12 INFO  State of current operation: PENDING
22:46:14 INFO  State of current operation: PENDING
22:46:17 INFO  State of current operation: PENDING
22:46:19 INFO  State of current operation: PENDING
22:46:21 INFO  State of current operation: PENDING
22:46:23 INFO  State of current operation: PENDING
22:46:26 INFO  State of current operation: PENDING
22:46:28 INFO  State of current operation: PENDING
22:46:30 INFO  State of current operation: PENDING
22:46:32 INFO  State of current operation: PENDING
22:46:34 INFO  State of current operation: PENDING
22:46:37 INFO  State of current operation: PENDING
22:46:39 INFO  State of current operation: PENDING
22:46:41 INFO  State of current operation: PENDING
22:46:43 INFO  State of current operation: PENDING
22:46:46 INFO  State of current operation: PENDING
22:46:48 INFO  State of current operation: PENDING
22:46:50 INFO  State of current operation: PENDING
22:46:52 INFO  State of current operation: PENDING
22:46:54 WARN  SystemError occurred while running test - Timeout while waiting for status FAILED or SUCCESSFUL
Traceback (most recent call last):
  File &quot;/home/pi/env-pysys/lib/python3.7/site-packages/pysys/baserunner.py&quot;, line 1292, in __call__
    self.testObj.setup()
  File &quot;/home/pi/actions-runner/_work/thin-edge.io/thin-edge.io/tests/PySys/software_management_end_to_end/sm_docker_install_remove_multiple/run.py&quot;, line 29, in setup
    super().setup()
  File &quot;/home/pi/actions-runner/_work/thin-edge.io/thin-edge.io/tests/PySys/software_management_end_to_end/environment_sm_management.py&quot;, line 151, in setup
    self.wait_until_end()
  File &quot;/home/pi/actions-runner/_work/thin-edge.io/thin-edge.io/tests/PySys/software_management_end_to_end/environment_sm_management.py&quot;, line 332, in wait_until_end
    self.wait_until_status(&quot;FAILED&quot;, &quot;SUCCESSFUL&quot;)
  File &quot;/home/pi/actions-runner/_work/thin-edge.io/thin-edge.io/tests/PySys/software_management_end_to_end/environment_sm_management.py&quot;, line 381, in wait_until_status
    &quot;Timeout while waiting for status %s or %s&quot; % (status, status2)
SystemError: Timeout while waiting for status FAILED or SUCCESSFUL
22:46:54 WARN  SystemError: Timeout while waiting for status FAILED or SUCCESSFUL ... blocked 
22:46:54 INFO  
22:46:54 INFO  cleanup:
22:46:58 INFO  Executed sudo&lt;tedge_disconnect_c8y&gt;, exit status 0
22:46:59 INFO  Executed systemctl&lt;serv_mapper5&gt;, exit status 3
22:46:59 INFO  
22:46:59 INFO  Test duration: 165.53 secs
22:46:59 INFO  Test final outcome:  BLOCKED
22:46:59 INFO  Test outcome reason: SystemError: Timeout while waiting for status FAILED or SUCCESSFUL
22:46:59 INFO  
</system-out>
	</testcase>
</testsuite>
