<?xml version="1.0" encoding="utf-8"?>
<testsuite failures="1" name="SoftwareManagement.sm_apt_install_remove_multiple" skipped="0" tests="1" time="137.04" timestamp="2022-05-04T09:32:09">
	<testcase classname="PySysTest" name="SoftwareManagement.sm_apt_install_remove_multiple">
		<failure message="FAILED: Assert that (False == value) with value=True (+2 other failures)" type="FAILED"/>
		<system-out>09:29:52 INFO  ==============================================================
09:29:52 INFO  Id:    SoftwareManagement.sm_apt_install_remove_multiple
09:29:52 INFO  Dir:   software_management_end_to_end/
09:29:52 INFO  Title: Validate end to end behaviour for the apt plugin for multiple packages
09:29:52 INFO  ==============================================================
09:29:52 INFO  Using sw id database: {'asciijump': '5475369', 'robotfindskitten': '5474869', 'squirrel3': '5475279', 'rolldice': '5152439', 'moon-buggy': '5439204', 'apple': '5495053', 'banana': '5494888', 'cherry': '5495382', 'watermelon': '5494510', 'registry': '8018911', 'hello-world': '8021526', 'docker/getting-started': '8021973', 'alpine': '7991792'}
09:29:52 INFO  EnvironmentC8y Setup
09:29:53 INFO  Executed systemctl&lt;serv_mapper1&gt;, exit status 3
09:29:53 INFO  Restarting mosquitto too frequently in the last 10 seconds. It was only up for 5 seconds
09:29:53 INFO  Delaying execution by 6 seconds
09:30:13 INFO  Executed sudo&lt;tedge_connect_c8y&gt;, exit status 0, duration 14 secs
09:30:13 INFO  Executed sudo&lt;tedge_connect_c8y_test&gt;, exit status 0
09:30:14 INFO  Executed systemctl&lt;serv_mosq2&gt;, exit status 0
09:30:14 INFO  Executed systemctl&lt;serv_mapper3&gt;, exit status 0
09:30:17 INFO  State of current operation: SUCCESSFUL
09:30:17 INFO  Assert that (False == value) with value=False ... passed
09:30:17 INFO  Package asciijump is installed
09:30:17 WARN  Assert that (False == value) with value=True ... failed 
09:30:18 INFO  Package squirrel3 is installed
09:30:18 WARN  Assert that (False == value) with value=True ... failed 
09:30:18 INFO  Package robotfindskitten is installed
09:30:18 WARN  Assert that (False == value) with value=True ... failed 
09:30:18 INFO  Response status: 201
09:30:18 INFO  Response to action: {
    &quot;creationTime&quot;: &quot;2022-05-04T09:30:18.515Z&quot;,
    &quot;deviceName&quot;: &quot;m32sd10a&quot;,
    &quot;deviceId&quot;: &quot;18358976&quot;,
    &quot;self&quot;: &quot;https://t493319102.eu-latest.cumulocity.com/devicecontrol/operations/18392230&quot;,
    &quot;id&quot;: &quot;18392230&quot;,
    &quot;status&quot;: &quot;PENDING&quot;,
    &quot;description&quot;: &quot;Apply software changes, triggered from PySys: [{'action': 'install', 'id': '5475369', 'name': 'asciijump', 'url': ' ', 'version': '::apt'}, {'action': 'install', 'id': '5474869', 'name': 'robotfindskitten', 'url': ' ', 'version': '::apt'}, {'action': 'install', 'id': '5475279', 'name': 'squirrel3', 'url': ' ', 'version': '::apt'}]&quot;,
    &quot;c8y_SoftwareUpdate&quot;: [
        {
            &quot;name&quot;: &quot;asciijump&quot;,
            &quot;action&quot;: &quot;install&quot;,
            &quot;id&quot;: &quot;5475369&quot;,
            &quot;version&quot;: &quot;::apt&quot;,
            &quot;url&quot;: &quot; &quot;
        },
        {
            &quot;name&quot;: &quot;robotfindskitten&quot;,
            &quot;action&quot;: &quot;install&quot;,
            &quot;id&quot;: &quot;5474869&quot;,
            &quot;version&quot;: &quot;::apt&quot;,
            &quot;url&quot;: &quot; &quot;
        },
        {
            &quot;name&quot;: &quot;squirrel3&quot;,
            &quot;action&quot;: &quot;install&quot;,
            &quot;id&quot;: &quot;5475279&quot;,
            &quot;version&quot;: &quot;::apt&quot;,
            &quot;url&quot;: &quot; &quot;
        }
    ]
}
09:30:18 INFO  Started operation: {'creationTime': '2022-05-04T09:30:18.515Z', 'deviceName': 'm32sd10a', 'deviceId': '18358976', 'self': 'https://t493319102.eu-latest.cumulocity.com/devicecontrol/operations/18392230', 'id': '18392230', 'status': 'PENDING', 'description': &quot;Apply software changes, triggered from PySys: [{'action': 'install', 'id': '5475369', 'name': 'asciijump', 'url': ' ', 'version': '::apt'}, {'action': 'install', 'id': '5474869', 'name': 'robotfindskitten', 'url': ' ', 'version': '::apt'}, {'action': 'install', 'id': '5475279', 'name': 'squirrel3', 'url': ' ', 'version': '::apt'}]&quot;, 'c8y_SoftwareUpdate': [{'name': 'asciijump', 'action': 'install', 'id': '5475369', 'version': '::apt', 'url': ' '}, {'name': 'robotfindskitten', 'action': 'install', 'id': '5474869', 'version': '::apt', 'url': ' '}, {'name': 'squirrel3', 'action': 'install', 'id': '5475279', 'version': '::apt', 'url': ' '}]}
09:30:20 INFO  State of operation 18392230 : PENDING
09:30:23 INFO  State of operation 18392230 : EXECUTING
09:30:25 INFO  State of operation 18392230 : EXECUTING
09:30:27 INFO  State of operation 18392230 : EXECUTING
09:30:29 INFO  State of operation 18392230 : EXECUTING
09:30:32 INFO  State of operation 18392230 : EXECUTING
09:30:34 INFO  State of operation 18392230 : EXECUTING
09:30:37 INFO  State of operation 18392230 : EXECUTING
09:30:39 INFO  State of operation 18392230 : EXECUTING
09:30:41 INFO  State of operation 18392230 : EXECUTING
09:30:44 INFO  State of operation 18392230 : EXECUTING
09:30:46 INFO  State of operation 18392230 : EXECUTING
09:30:48 INFO  State of operation 18392230 : EXECUTING
09:30:51 INFO  State of operation 18392230 : EXECUTING
09:30:53 INFO  State of operation 18392230 : EXECUTING
09:30:55 INFO  State of operation 18392230 : SUCCESSFUL
09:30:55 INFO  Assert that (False == value) with value=False ... passed
09:30:56 INFO  Package asciijump is installed
09:30:56 INFO  Assert that (True == value) with value=True ... passed
09:30:56 INFO  Package squirrel3 is installed
09:30:56 INFO  Assert that (True == value) with value=True ... passed
09:30:56 INFO  Package robotfindskitten is installed
09:30:56 INFO  Assert that (True == value) with value=True ... passed
09:30:56 INFO  Response status: 201
09:30:56 INFO  Response to action: {
    &quot;creationTime&quot;: &quot;2022-05-04T09:30:56.658Z&quot;,
    &quot;deviceName&quot;: &quot;m32sd10a&quot;,
    &quot;deviceId&quot;: &quot;18358976&quot;,
    &quot;self&quot;: &quot;https://t493319102.eu-latest.cumulocity.com/devicecontrol/operations/18392242&quot;,
    &quot;id&quot;: &quot;18392242&quot;,
    &quot;status&quot;: &quot;PENDING&quot;,
    &quot;description&quot;: &quot;Apply software changes, triggered from PySys: [{'action': 'delete', 'id': '5475369', 'name': 'asciijump', 'url': ' ', 'version': '::apt'}, {'action': 'delete', 'id': '5474869', 'name': 'robotfindskitten', 'url': ' ', 'version': '::apt'}, {'action': 'delete', 'id': '5475279', 'name': 'squirrel3', 'url': ' ', 'version': '::apt'}]&quot;,
    &quot;c8y_SoftwareUpdate&quot;: [
        {
            &quot;name&quot;: &quot;asciijump&quot;,
            &quot;action&quot;: &quot;delete&quot;,
            &quot;id&quot;: &quot;5475369&quot;,
            &quot;version&quot;: &quot;::apt&quot;,
            &quot;url&quot;: &quot; &quot;
        },
        {
            &quot;name&quot;: &quot;robotfindskitten&quot;,
            &quot;action&quot;: &quot;delete&quot;,
            &quot;id&quot;: &quot;5474869&quot;,
            &quot;version&quot;: &quot;::apt&quot;,
            &quot;url&quot;: &quot; &quot;
        },
        {
            &quot;name&quot;: &quot;squirrel3&quot;,
            &quot;action&quot;: &quot;delete&quot;,
            &quot;id&quot;: &quot;5475279&quot;,
            &quot;version&quot;: &quot;::apt&quot;,
            &quot;url&quot;: &quot; &quot;
        }
    ]
}
09:30:56 INFO  Started operation: {'creationTime': '2022-05-04T09:30:56.658Z', 'deviceName': 'm32sd10a', 'deviceId': '18358976', 'self': 'https://t493319102.eu-latest.cumulocity.com/devicecontrol/operations/18392242', 'id': '18392242', 'status': 'PENDING', 'description': &quot;Apply software changes, triggered from PySys: [{'action': 'delete', 'id': '5475369', 'name': 'asciijump', 'url': ' ', 'version': '::apt'}, {'action': 'delete', 'id': '5474869', 'name': 'robotfindskitten', 'url': ' ', 'version': '::apt'}, {'action': 'delete', 'id': '5475279', 'name': 'squirrel3', 'url': ' ', 'version': '::apt'}]&quot;, 'c8y_SoftwareUpdate': [{'name': 'asciijump', 'action': 'delete', 'id': '5475369', 'version': '::apt', 'url': ' '}, {'name': 'robotfindskitten', 'action': 'delete', 'id': '5474869', 'version': '::apt', 'url': ' '}, {'name': 'squirrel3', 'action': 'delete', 'id': '5475279', 'version': '::apt', 'url': ' '}]}
09:30:58 INFO  State of operation 18392242 : PENDING
09:31:01 INFO  State of operation 18392242 : EXECUTING
09:31:03 INFO  State of operation 18392242 : EXECUTING
09:31:05 INFO  State of operation 18392242 : EXECUTING
09:31:07 INFO  State of operation 18392242 : EXECUTING
09:31:10 INFO  State of operation 18392242 : EXECUTING
09:31:12 INFO  State of operation 18392242 : EXECUTING
09:31:15 INFO  State of operation 18392242 : EXECUTING
09:31:17 INFO  State of operation 18392242 : EXECUTING
09:31:19 INFO  State of operation 18392242 : EXECUTING
09:31:22 INFO  State of operation 18392242 : EXECUTING
09:31:24 INFO  State of operation 18392242 : EXECUTING
09:31:26 INFO  State of operation 18392242 : EXECUTING
09:31:28 INFO  State of operation 18392242 : EXECUTING
09:31:31 INFO  State of operation 18392242 : EXECUTING
09:31:33 INFO  State of operation 18392242 : EXECUTING
09:31:35 INFO  State of operation 18392242 : EXECUTING
09:31:38 INFO  State of operation 18392242 : EXECUTING
09:31:40 INFO  State of operation 18392242 : EXECUTING
09:31:43 INFO  State of operation 18392242 : EXECUTING
09:31:45 INFO  State of operation 18392242 : EXECUTING
09:31:47 INFO  State of operation 18392242 : EXECUTING
09:31:49 INFO  State of operation 18392242 : EXECUTING
09:31:52 INFO  State of operation 18392242 : EXECUTING
09:31:54 INFO  State of operation 18392242 : EXECUTING
09:31:57 INFO  State of operation 18392242 : EXECUTING
09:31:59 INFO  State of operation 18392242 : EXECUTING
09:32:01 INFO  State of operation 18392242 : EXECUTING
09:32:03 INFO  State of operation 18392242 : SUCCESSFUL
09:32:04 INFO  Assert that (False == value) with value=False ... passed
09:32:04 INFO  Assert that (False == value) with value=False ... passed
09:32:04 INFO  Assert that (False == value) with value=False ... passed
09:32:04 INFO  Assert that (False == value) with value=False ... passed
09:32:04 INFO  
09:32:04 INFO  cleanup:
09:32:08 INFO  Executed sudo&lt;tedge_disconnect_c8y&gt;, exit status 0
09:32:09 INFO  Executed systemctl&lt;serv_mapper5&gt;, exit status 3
09:32:09 INFO  
09:32:09 INFO  Test duration: 137.04 secs
09:32:09 INFO  Test final outcome:  FAILED
09:32:09 INFO  Test outcome reason: Assert that (False == value) with value=True (+2 other failures)
09:32:09 INFO  
</system-out>
	</testcase>
</testsuite>
