<?xml version="1.0" encoding="utf-8"?>
<testsuite failures="1" name="SoftwareManagement.sm_fake_install_remove" skipped="0" tests="1" time="164.72" timestamp="2022-04-25T22:49:44">
	<testcase classname="PySysTest" name="SoftwareManagement.sm_fake_install_remove">
		<failure message="BLOCKED: SystemError: Timeout while waiting for status FAILED or SUCCESSFUL" type="BLOCKED"/>
		<system-out>22:46:59 INFO  ==============================================================
22:46:59 INFO  Id:    SoftwareManagement.sm_fake_install_remove
22:46:59 INFO  Dir:   software_management_end_to_end/
22:46:59 INFO  Title: Validate end to end behaviour for the dummy plugin for installation and removal of packages
22:46:59 INFO  ==============================================================
22:46:59 INFO  Using sw id database: {'asciijump': '5475369', 'robotfindskitten': '5474869', 'squirrel3': '5475279', 'rolldice': '5152439', 'moon-buggy': '5439204', 'apple': '5495053', 'banana': '5494888', 'cherry': '5495382', 'watermelon': '5494510', 'registry': '8018911', 'hello-world': '8021526', 'docker/getting-started': '8021973', 'alpine': '7991792'}
22:46:59 INFO  EnvironmentC8y Setup
22:47:00 INFO  Executed systemctl&lt;serv_mapper1&gt;, exit status 3
22:47:00 INFO  Restarting mosquitto too frequently in the last 10 seconds. It was only up for 5 seconds
22:47:00 INFO  Delaying execution by 6 seconds
22:47:20 INFO  Executed sudo&lt;tedge_connect_c8y&gt;, exit status 0, duration 14 secs
22:47:20 INFO  Executed sudo&lt;tedge_connect_c8y_test&gt;, exit status 0
22:47:21 INFO  Executed systemctl&lt;serv_mosq2&gt;, exit status 0
22:47:21 INFO  Executed systemctl&lt;serv_mapper3&gt;, exit status 0
22:47:24 INFO  State of current operation: PENDING
22:47:26 INFO  State of current operation: PENDING
22:47:28 INFO  State of current operation: PENDING
22:47:30 INFO  State of current operation: PENDING
22:47:33 INFO  State of current operation: PENDING
22:47:35 INFO  State of current operation: PENDING
22:47:37 INFO  State of current operation: PENDING
22:47:39 INFO  State of current operation: PENDING
22:47:41 INFO  State of current operation: PENDING
22:47:44 INFO  State of current operation: PENDING
22:47:46 INFO  State of current operation: PENDING
22:47:48 INFO  State of current operation: PENDING
22:47:50 INFO  State of current operation: PENDING
22:47:53 INFO  State of current operation: PENDING
22:47:55 INFO  State of current operation: PENDING
22:47:57 INFO  State of current operation: PENDING
22:47:59 INFO  State of current operation: PENDING
22:48:01 INFO  State of current operation: PENDING
22:48:04 INFO  State of current operation: PENDING
22:48:06 INFO  State of current operation: PENDING
22:48:08 INFO  State of current operation: PENDING
22:48:10 INFO  State of current operation: PENDING
22:48:13 INFO  State of current operation: PENDING
22:48:15 INFO  State of current operation: PENDING
22:48:17 INFO  State of current operation: PENDING
22:48:19 INFO  State of current operation: PENDING
22:48:21 INFO  State of current operation: PENDING
22:48:24 INFO  State of current operation: PENDING
22:48:26 INFO  State of current operation: PENDING
22:48:28 INFO  State of current operation: PENDING
22:48:30 INFO  State of current operation: PENDING
22:48:33 INFO  State of current operation: PENDING
22:48:35 INFO  State of current operation: PENDING
22:48:37 INFO  State of current operation: PENDING
22:48:39 INFO  State of current operation: PENDING
22:48:41 INFO  State of current operation: PENDING
22:48:44 INFO  State of current operation: PENDING
22:48:46 INFO  State of current operation: PENDING
22:48:48 INFO  State of current operation: PENDING
22:48:50 INFO  State of current operation: PENDING
22:48:53 INFO  State of current operation: PENDING
22:48:55 INFO  State of current operation: PENDING
22:48:57 INFO  State of current operation: PENDING
22:48:59 INFO  State of current operation: PENDING
22:49:01 INFO  State of current operation: PENDING
22:49:04 INFO  State of current operation: PENDING
22:49:06 INFO  State of current operation: PENDING
22:49:08 INFO  State of current operation: PENDING
22:49:10 INFO  State of current operation: PENDING
22:49:13 INFO  State of current operation: PENDING
22:49:15 INFO  State of current operation: PENDING
22:49:17 INFO  State of current operation: PENDING
22:49:19 INFO  State of current operation: PENDING
22:49:21 INFO  State of current operation: PENDING
22:49:24 INFO  State of current operation: PENDING
22:49:26 INFO  State of current operation: PENDING
22:49:28 INFO  State of current operation: PENDING
22:49:30 INFO  State of current operation: PENDING
22:49:33 INFO  State of current operation: PENDING
22:49:35 INFO  State of current operation: PENDING
22:49:37 INFO  State of current operation: PENDING
22:49:39 WARN  SystemError occurred while running test - Timeout while waiting for status FAILED or SUCCESSFUL
Traceback (most recent call last):
  File &quot;/home/pi/env-pysys/lib/python3.7/site-packages/pysys/baserunner.py&quot;, line 1292, in __call__
    self.testObj.setup()
  File &quot;/home/pi/actions-runner/_work/thin-edge.io/thin-edge.io/tests/PySys/software_management_end_to_end/sm_fake_install_remove/run.py&quot;, line 38, in setup
    super().setup()
  File &quot;/home/pi/actions-runner/_work/thin-edge.io/thin-edge.io/tests/PySys/software_management_end_to_end/environment_sm_management.py&quot;, line 151, in setup
    self.wait_until_end()
  File &quot;/home/pi/actions-runner/_work/thin-edge.io/thin-edge.io/tests/PySys/software_management_end_to_end/environment_sm_management.py&quot;, line 332, in wait_until_end
    self.wait_until_status(&quot;FAILED&quot;, &quot;SUCCESSFUL&quot;)
  File &quot;/home/pi/actions-runner/_work/thin-edge.io/thin-edge.io/tests/PySys/software_management_end_to_end/environment_sm_management.py&quot;, line 381, in wait_until_status
    &quot;Timeout while waiting for status %s or %s&quot; % (status, status2)
SystemError: Timeout while waiting for status FAILED or SUCCESSFUL
22:49:39 WARN  SystemError: Timeout while waiting for status FAILED or SUCCESSFUL ... blocked 
22:49:39 INFO  
22:49:39 INFO  cleanup:
22:49:43 INFO  Executed sudo&lt;tedge_disconnect_c8y&gt;, exit status 0
22:49:44 INFO  Executed systemctl&lt;serv_mapper5&gt;, exit status 3
22:49:44 INFO  
22:49:44 INFO  Test duration: 164.72 secs
22:49:44 INFO  Test final outcome:  BLOCKED
22:49:44 INFO  Test outcome reason: SystemError: Timeout while waiting for status FAILED or SUCCESSFUL
22:49:44 INFO  
</system-out>
	</testcase>
</testsuite>
