<?xml version="1.0" encoding="utf-8"?>
<testsuite failures="1" name="SoftwareManagement.sm_apt_install_remove_with_version" skipped="0" tests="1" time="164.35" timestamp="2022-04-24T13:28:41">
	<testcase classname="PySysTest" name="SoftwareManagement.sm_apt_install_remove_with_version">
		<failure message="BLOCKED: SystemError: Timeout while waiting for status FAILED or SUCCESSFUL" type="BLOCKED"/>
		<system-out>13:25:57 INFO  ==============================================================
13:25:57 INFO  Id:    SoftwareManagement.sm_apt_install_remove_with_version
13:25:57 INFO  Dir:   software_management_end_to_end/
13:25:57 INFO  Title: Validate end to end behaviour for the apt plugin for packages with version
13:25:57 INFO  ==============================================================
13:25:57 INFO  Using sw id database: {'asciijump': '5475369', 'robotfindskitten': '5474869', 'squirrel3': '5475279', 'rolldice': '5152439', 'moon-buggy': '5439204', 'apple': '5495053', 'banana': '5494888', 'cherry': '5495382', 'watermelon': '5494510', 'registry': '8018911', 'hello-world': '8021526', 'docker/getting-started': '8021973', 'alpine': '7991792'}
13:25:57 INFO  EnvironmentC8y Setup
13:25:58 INFO  Executed systemctl&lt;serv_mapper1&gt;, exit status 3
13:25:58 INFO  Restarting mosquitto too frequently in the last 10 seconds. It was only up for 5 seconds
13:25:58 INFO  Delaying execution by 6 seconds
13:26:18 INFO  Executed sudo&lt;tedge_connect_c8y&gt;, exit status 0, duration 13 secs
13:26:18 INFO  Executed sudo&lt;tedge_connect_c8y_test&gt;, exit status 0
13:26:19 INFO  Executed systemctl&lt;serv_mosq2&gt;, exit status 0
13:26:19 INFO  Executed systemctl&lt;serv_mapper3&gt;, exit status 0
13:26:21 INFO  State of current operation: PENDING
13:26:24 INFO  State of current operation: PENDING
13:26:26 INFO  State of current operation: PENDING
13:26:28 INFO  State of current operation: PENDING
13:26:30 INFO  State of current operation: PENDING
13:26:32 INFO  State of current operation: PENDING
13:26:35 INFO  State of current operation: PENDING
13:26:37 INFO  State of current operation: PENDING
13:26:39 INFO  State of current operation: PENDING
13:26:41 INFO  State of current operation: PENDING
13:26:44 INFO  State of current operation: PENDING
13:26:46 INFO  State of current operation: PENDING
13:26:48 INFO  State of current operation: PENDING
13:26:50 INFO  State of current operation: PENDING
13:26:52 INFO  State of current operation: PENDING
13:26:55 INFO  State of current operation: PENDING
13:26:57 INFO  State of current operation: PENDING
13:26:59 INFO  State of current operation: PENDING
13:27:01 INFO  State of current operation: PENDING
13:27:04 INFO  State of current operation: PENDING
13:27:06 INFO  State of current operation: PENDING
13:27:08 INFO  State of current operation: PENDING
13:27:10 INFO  State of current operation: PENDING
13:27:12 INFO  State of current operation: PENDING
13:27:15 INFO  State of current operation: PENDING
13:27:17 INFO  State of current operation: PENDING
13:27:19 INFO  State of current operation: PENDING
13:27:21 INFO  State of current operation: PENDING
13:27:24 INFO  State of current operation: PENDING
13:27:26 INFO  State of current operation: PENDING
13:27:28 INFO  State of current operation: PENDING
13:27:30 INFO  State of current operation: PENDING
13:27:32 INFO  State of current operation: PENDING
13:27:35 INFO  State of current operation: PENDING
13:27:37 INFO  State of current operation: PENDING
13:27:39 INFO  State of current operation: PENDING
13:27:41 INFO  State of current operation: PENDING
13:27:43 INFO  State of current operation: PENDING
13:27:46 INFO  State of current operation: PENDING
13:27:48 INFO  State of current operation: PENDING
13:27:50 INFO  State of current operation: PENDING
13:27:52 INFO  State of current operation: PENDING
13:27:55 INFO  State of current operation: PENDING
13:27:57 INFO  State of current operation: PENDING
13:27:59 INFO  State of current operation: PENDING
13:28:01 INFO  State of current operation: PENDING
13:28:03 INFO  State of current operation: PENDING
13:28:06 INFO  State of current operation: PENDING
13:28:08 INFO  State of current operation: PENDING
13:28:10 INFO  State of current operation: PENDING
13:28:12 INFO  State of current operation: PENDING
13:28:15 INFO  State of current operation: PENDING
13:28:17 INFO  State of current operation: PENDING
13:28:19 INFO  State of current operation: PENDING
13:28:21 INFO  State of current operation: PENDING
13:28:23 INFO  State of current operation: PENDING
13:28:26 INFO  State of current operation: PENDING
13:28:28 INFO  State of current operation: PENDING
13:28:30 INFO  State of current operation: PENDING
13:28:32 INFO  State of current operation: PENDING
13:28:35 INFO  State of current operation: PENDING
13:28:37 WARN  SystemError occurred while running test - Timeout while waiting for status FAILED or SUCCESSFUL
Traceback (most recent call last):
  File &quot;/home/pi/env-pysys/lib/python3.7/site-packages/pysys/baserunner.py&quot;, line 1292, in __call__
    self.testObj.setup()
  File &quot;/home/pi/actions-runner/_work/thin-edge.io/thin-edge.io/tests/PySys/software_management_end_to_end/sm_apt_install_remove_with_version/run.py&quot;, line 27, in setup
    super().setup()
  File &quot;/home/pi/actions-runner/_work/thin-edge.io/thin-edge.io/tests/PySys/software_management_end_to_end/environment_sm_management.py&quot;, line 151, in setup
    self.wait_until_end()
  File &quot;/home/pi/actions-runner/_work/thin-edge.io/thin-edge.io/tests/PySys/software_management_end_to_end/environment_sm_management.py&quot;, line 332, in wait_until_end
    self.wait_until_status(&quot;FAILED&quot;, &quot;SUCCESSFUL&quot;)
  File &quot;/home/pi/actions-runner/_work/thin-edge.io/thin-edge.io/tests/PySys/software_management_end_to_end/environment_sm_management.py&quot;, line 381, in wait_until_status
    &quot;Timeout while waiting for status %s or %s&quot; % (status, status2)
SystemError: Timeout while waiting for status FAILED or SUCCESSFUL
13:28:37 WARN  SystemError: Timeout while waiting for status FAILED or SUCCESSFUL ... blocked 
13:28:37 INFO  
13:28:37 INFO  cleanup:
13:28:41 INFO  Executed sudo&lt;tedge_disconnect_c8y&gt;, exit status 0
13:28:41 INFO  Executed systemctl&lt;serv_mapper5&gt;, exit status 3
13:28:41 INFO  
13:28:41 INFO  Test duration: 164.35 secs
13:28:41 INFO  Test final outcome:  BLOCKED
13:28:41 INFO  Test outcome reason: SystemError: Timeout while waiting for status FAILED or SUCCESSFUL
13:28:41 INFO  
</system-out>
	</testcase>
</testsuite>
