<?xml version="1.0" encoding="utf-8"?>
<testsuite failures="1" name="SoftwareManagement.sm_apt_install_remove_multiple" skipped="0" tests="1" time="137.16" timestamp="2022-04-28T12:06:20">
	<testcase classname="PySysTest" name="SoftwareManagement.sm_apt_install_remove_multiple">
		<failure message="FAILED: Assert that (False == value) with value=True (+2 other failures)" type="FAILED"/>
		<system-out>12:04:03 INFO  ==============================================================
12:04:03 INFO  Id:    SoftwareManagement.sm_apt_install_remove_multiple
12:04:03 INFO  Dir:   software_management_end_to_end/
12:04:03 INFO  Title: Validate end to end behaviour for the apt plugin for multiple packages
12:04:03 INFO  ==============================================================
12:04:03 INFO  Using sw id database: {'asciijump': '5475369', 'robotfindskitten': '5474869', 'squirrel3': '5475279', 'rolldice': '5152439', 'moon-buggy': '5439204', 'apple': '5495053', 'banana': '5494888', 'cherry': '5495382', 'watermelon': '5494510', 'registry': '8018911', 'hello-world': '8021526', 'docker/getting-started': '8021973', 'alpine': '7991792'}
12:04:03 INFO  EnvironmentC8y Setup
12:04:04 INFO  Executed systemctl&lt;serv_mapper1&gt;, exit status 3
12:04:04 INFO  Restarting mosquitto too frequently in the last 10 seconds. It was only up for 5 seconds
12:04:04 INFO  Delaying execution by 6 seconds
12:04:24 INFO  Executed sudo&lt;tedge_connect_c8y&gt;, exit status 0, duration 14 secs
12:04:25 INFO  Executed sudo&lt;tedge_connect_c8y_test&gt;, exit status 0
12:04:25 INFO  Executed systemctl&lt;serv_mosq2&gt;, exit status 0
12:04:26 INFO  Executed systemctl&lt;serv_mapper3&gt;, exit status 0
12:04:28 INFO  State of current operation: SUCCESSFUL
12:04:28 INFO  Assert that (False == value) with value=False ... passed
12:04:28 INFO  Package asciijump is installed
12:04:29 WARN  Assert that (False == value) with value=True ... failed 
12:04:29 INFO  Package squirrel3 is installed
12:04:29 WARN  Assert that (False == value) with value=True ... failed 
12:04:29 INFO  Package robotfindskitten is installed
12:04:29 WARN  Assert that (False == value) with value=True ... failed 
12:04:29 INFO  Response status: 201
12:04:29 INFO  Response to action: {
    &quot;delivery&quot;: {
        &quot;time&quot;: &quot;2022-04-28T12:04:29.734Z&quot;,
        &quot;log&quot;: [],
        &quot;status&quot;: &quot;PENDING&quot;
    },
    &quot;creationTime&quot;: &quot;2022-04-28T12:04:29.721Z&quot;,
    &quot;deviceName&quot;: &quot;m32sd10a&quot;,
    &quot;deviceId&quot;: &quot;17889229&quot;,
    &quot;self&quot;: &quot;https://t493319102.eu-latest.cumulocity.com/devicecontrol/operations/17901290&quot;,
    &quot;id&quot;: &quot;17901290&quot;,
    &quot;status&quot;: &quot;PENDING&quot;,
    &quot;description&quot;: &quot;Apply software changes, triggered from PySys: [{'action': 'install', 'id': '5475369', 'name': 'asciijump', 'url': ' ', 'version': '::apt'}, {'action': 'install', 'id': '5474869', 'name': 'robotfindskitten', 'url': ' ', 'version': '::apt'}, {'action': 'install', 'id': '5475279', 'name': 'squirrel3', 'url': ' ', 'version': '::apt'}]&quot;,
    &quot;c8y_SoftwareUpdate&quot;: [
        {
            &quot;name&quot;: &quot;asciijump&quot;,
            &quot;action&quot;: &quot;install&quot;,
            &quot;id&quot;: &quot;5475369&quot;,
            &quot;version&quot;: &quot;::apt&quot;,
            &quot;url&quot;: &quot; &quot;
        },
        {
            &quot;name&quot;: &quot;robotfindskitten&quot;,
            &quot;action&quot;: &quot;install&quot;,
            &quot;id&quot;: &quot;5474869&quot;,
            &quot;version&quot;: &quot;::apt&quot;,
            &quot;url&quot;: &quot; &quot;
        },
        {
            &quot;name&quot;: &quot;squirrel3&quot;,
            &quot;action&quot;: &quot;install&quot;,
            &quot;id&quot;: &quot;5475279&quot;,
            &quot;version&quot;: &quot;::apt&quot;,
            &quot;url&quot;: &quot; &quot;
        }
    ]
}
12:04:29 INFO  Started operation: {'delivery': {'time': '2022-04-28T12:04:29.734Z', 'log': [], 'status': 'PENDING'}, 'creationTime': '2022-04-28T12:04:29.721Z', 'deviceName': 'm32sd10a', 'deviceId': '17889229', 'self': 'https://t493319102.eu-latest.cumulocity.com/devicecontrol/operations/17901290', 'id': '17901290', 'status': 'PENDING', 'description': &quot;Apply software changes, triggered from PySys: [{'action': 'install', 'id': '5475369', 'name': 'asciijump', 'url': ' ', 'version': '::apt'}, {'action': 'install', 'id': '5474869', 'name': 'robotfindskitten', 'url': ' ', 'version': '::apt'}, {'action': 'install', 'id': '5475279', 'name': 'squirrel3', 'url': ' ', 'version': '::apt'}]&quot;, 'c8y_SoftwareUpdate': [{'name': 'asciijump', 'action': 'install', 'id': '5475369', 'version': '::apt', 'url': ' '}, {'name': 'robotfindskitten', 'action': 'install', 'id': '5474869', 'version': '::apt', 'url': ' '}, {'name': 'squirrel3', 'action': 'install', 'id': '5475279', 'version': '::apt', 'url': ' '}]}
12:04:31 INFO  State of operation 17901290 : PENDING
12:04:34 INFO  State of operation 17901290 : EXECUTING
12:04:36 INFO  State of operation 17901290 : EXECUTING
12:04:38 INFO  State of operation 17901290 : EXECUTING
12:04:40 INFO  State of operation 17901290 : EXECUTING
12:04:43 INFO  State of operation 17901290 : EXECUTING
12:04:45 INFO  State of operation 17901290 : EXECUTING
12:04:48 INFO  State of operation 17901290 : EXECUTING
12:04:50 INFO  State of operation 17901290 : EXECUTING
12:04:53 INFO  State of operation 17901290 : EXECUTING
12:04:55 INFO  State of operation 17901290 : EXECUTING
12:04:57 INFO  State of operation 17901290 : EXECUTING
12:04:59 INFO  State of operation 17901290 : EXECUTING
12:05:01 INFO  State of operation 17901290 : EXECUTING
12:05:04 INFO  State of operation 17901290 : EXECUTING
12:05:06 INFO  State of operation 17901290 : SUCCESSFUL
12:05:06 INFO  Assert that (False == value) with value=False ... passed
12:05:06 INFO  Package asciijump is installed
12:05:06 INFO  Assert that (True == value) with value=True ... passed
12:05:07 INFO  Package squirrel3 is installed
12:05:07 INFO  Assert that (True == value) with value=True ... passed
12:05:07 INFO  Package robotfindskitten is installed
12:05:07 INFO  Assert that (True == value) with value=True ... passed
12:05:07 INFO  Response status: 201
12:05:07 INFO  Response to action: {
    &quot;delivery&quot;: {
        &quot;time&quot;: &quot;2022-04-28T12:05:07.694Z&quot;,
        &quot;log&quot;: [],
        &quot;status&quot;: &quot;PENDING&quot;
    },
    &quot;creationTime&quot;: &quot;2022-04-28T12:05:07.595Z&quot;,
    &quot;deviceName&quot;: &quot;m32sd10a&quot;,
    &quot;deviceId&quot;: &quot;17889229&quot;,
    &quot;self&quot;: &quot;https://t493319102.eu-latest.cumulocity.com/devicecontrol/operations/17901302&quot;,
    &quot;id&quot;: &quot;17901302&quot;,
    &quot;status&quot;: &quot;PENDING&quot;,
    &quot;description&quot;: &quot;Apply software changes, triggered from PySys: [{'action': 'delete', 'id': '5475369', 'name': 'asciijump', 'url': ' ', 'version': '::apt'}, {'action': 'delete', 'id': '5474869', 'name': 'robotfindskitten', 'url': ' ', 'version': '::apt'}, {'action': 'delete', 'id': '5475279', 'name': 'squirrel3', 'url': ' ', 'version': '::apt'}]&quot;,
    &quot;c8y_SoftwareUpdate&quot;: [
        {
            &quot;name&quot;: &quot;asciijump&quot;,
            &quot;action&quot;: &quot;delete&quot;,
            &quot;id&quot;: &quot;5475369&quot;,
            &quot;version&quot;: &quot;::apt&quot;,
            &quot;url&quot;: &quot; &quot;
        },
        {
            &quot;name&quot;: &quot;robotfindskitten&quot;,
            &quot;action&quot;: &quot;delete&quot;,
            &quot;id&quot;: &quot;5474869&quot;,
            &quot;version&quot;: &quot;::apt&quot;,
            &quot;url&quot;: &quot; &quot;
        },
        {
            &quot;name&quot;: &quot;squirrel3&quot;,
            &quot;action&quot;: &quot;delete&quot;,
            &quot;id&quot;: &quot;5475279&quot;,
            &quot;version&quot;: &quot;::apt&quot;,
            &quot;url&quot;: &quot; &quot;
        }
    ]
}
12:05:07 INFO  Started operation: {'delivery': {'time': '2022-04-28T12:05:07.694Z', 'log': [], 'status': 'PENDING'}, 'creationTime': '2022-04-28T12:05:07.595Z', 'deviceName': 'm32sd10a', 'deviceId': '17889229', 'self': 'https://t493319102.eu-latest.cumulocity.com/devicecontrol/operations/17901302', 'id': '17901302', 'status': 'PENDING', 'description': &quot;Apply software changes, triggered from PySys: [{'action': 'delete', 'id': '5475369', 'name': 'asciijump', 'url': ' ', 'version': '::apt'}, {'action': 'delete', 'id': '5474869', 'name': 'robotfindskitten', 'url': ' ', 'version': '::apt'}, {'action': 'delete', 'id': '5475279', 'name': 'squirrel3', 'url': ' ', 'version': '::apt'}]&quot;, 'c8y_SoftwareUpdate': [{'name': 'asciijump', 'action': 'delete', 'id': '5475369', 'version': '::apt', 'url': ' '}, {'name': 'robotfindskitten', 'action': 'delete', 'id': '5474869', 'version': '::apt', 'url': ' '}, {'name': 'squirrel3', 'action': 'delete', 'id': '5475279', 'version': '::apt', 'url': ' '}]}
12:05:09 INFO  State of operation 17901302 : PENDING
12:05:12 INFO  State of operation 17901302 : EXECUTING
12:05:14 INFO  State of operation 17901302 : EXECUTING
12:05:16 INFO  State of operation 17901302 : EXECUTING
12:05:18 INFO  State of operation 17901302 : EXECUTING
12:05:21 INFO  State of operation 17901302 : EXECUTING
12:05:23 INFO  State of operation 17901302 : EXECUTING
12:05:26 INFO  State of operation 17901302 : EXECUTING
12:05:28 INFO  State of operation 17901302 : EXECUTING
12:05:31 INFO  State of operation 17901302 : EXECUTING
12:05:33 INFO  State of operation 17901302 : EXECUTING
12:05:35 INFO  State of operation 17901302 : EXECUTING
12:05:37 INFO  State of operation 17901302 : EXECUTING
12:05:40 INFO  State of operation 17901302 : EXECUTING
12:05:42 INFO  State of operation 17901302 : EXECUTING
12:05:44 INFO  State of operation 17901302 : EXECUTING
12:05:46 INFO  State of operation 17901302 : EXECUTING
12:05:49 INFO  State of operation 17901302 : EXECUTING
12:05:51 INFO  State of operation 17901302 : EXECUTING
12:05:54 INFO  State of operation 17901302 : EXECUTING
12:05:56 INFO  State of operation 17901302 : EXECUTING
12:05:58 INFO  State of operation 17901302 : EXECUTING
12:06:00 INFO  State of operation 17901302 : EXECUTING
12:06:03 INFO  State of operation 17901302 : EXECUTING
12:06:05 INFO  State of operation 17901302 : EXECUTING
12:06:08 INFO  State of operation 17901302 : EXECUTING
12:06:10 INFO  State of operation 17901302 : EXECUTING
12:06:12 INFO  State of operation 17901302 : EXECUTING
12:06:15 INFO  State of operation 17901302 : SUCCESSFUL
12:06:15 INFO  Assert that (False == value) with value=False ... passed
12:06:15 INFO  Assert that (False == value) with value=False ... passed
12:06:15 INFO  Assert that (False == value) with value=False ... passed
12:06:15 INFO  Assert that (False == value) with value=False ... passed
12:06:15 INFO  
12:06:15 INFO  cleanup:
12:06:20 INFO  Executed sudo&lt;tedge_disconnect_c8y&gt;, exit status 0
12:06:20 INFO  Executed systemctl&lt;serv_mapper5&gt;, exit status 3
12:06:20 INFO  
12:06:20 INFO  Test duration: 137.16 secs
12:06:20 INFO  Test final outcome:  FAILED
12:06:20 INFO  Test outcome reason: Assert that (False == value) with value=True (+2 other failures)
12:06:20 INFO  
</system-out>
	</testcase>
</testsuite>
