<?xml version="1.0" encoding="utf-8"?>
<testsuite failures="1" name="SoftwareManagement.sm_fake_install_remove" skipped="0" tests="1" time="165.52" timestamp="2022-04-27T09:58:02">
	<testcase classname="PySysTest" name="SoftwareManagement.sm_fake_install_remove">
		<failure message="BLOCKED: SystemError: Timeout while waiting for status FAILED or SUCCESSFUL" type="BLOCKED"/>
		<system-out>09:55:17 INFO  ==============================================================
09:55:17 INFO  Id:    SoftwareManagement.sm_fake_install_remove
09:55:17 INFO  Dir:   software_management_end_to_end/
09:55:17 INFO  Title: Validate end to end behaviour for the dummy plugin for installation and removal of packages
09:55:17 INFO  ==============================================================
09:55:17 INFO  Using sw id database: {'asciijump': '5475369', 'robotfindskitten': '5474869', 'squirrel3': '5475279', 'rolldice': '5152439', 'moon-buggy': '5439204', 'apple': '5495053', 'banana': '5494888', 'cherry': '5495382', 'watermelon': '5494510', 'registry': '8018911', 'hello-world': '8021526', 'docker/getting-started': '8021973', 'alpine': '7991792'}
09:55:17 INFO  EnvironmentC8y Setup
09:55:17 INFO  Executed systemctl&lt;serv_mapper1&gt;, exit status 3
09:55:17 INFO  Restarting mosquitto too frequently in the last 10 seconds. It was only up for 4 seconds
09:55:17 INFO  Delaying execution by 7 seconds
09:55:38 INFO  Executed sudo&lt;tedge_connect_c8y&gt;, exit status 0, duration 13 secs
09:55:39 INFO  Executed sudo&lt;tedge_connect_c8y_test&gt;, exit status 0
09:55:39 INFO  Executed systemctl&lt;serv_mosq2&gt;, exit status 0
09:55:40 INFO  Executed systemctl&lt;serv_mapper3&gt;, exit status 0
09:55:42 INFO  State of current operation: PENDING
09:55:44 INFO  State of current operation: PENDING
09:55:47 INFO  State of current operation: PENDING
09:55:49 INFO  State of current operation: PENDING
09:55:51 INFO  State of current operation: PENDING
09:55:53 INFO  State of current operation: PENDING
09:55:55 INFO  State of current operation: PENDING
09:55:58 INFO  State of current operation: PENDING
09:56:00 INFO  State of current operation: PENDING
09:56:02 INFO  State of current operation: PENDING
09:56:04 INFO  State of current operation: PENDING
09:56:07 INFO  State of current operation: PENDING
09:56:09 INFO  State of current operation: PENDING
09:56:11 INFO  State of current operation: PENDING
09:56:13 INFO  State of current operation: PENDING
09:56:15 INFO  State of current operation: PENDING
09:56:18 INFO  State of current operation: PENDING
09:56:20 INFO  State of current operation: PENDING
09:56:22 INFO  State of current operation: PENDING
09:56:24 INFO  State of current operation: PENDING
09:56:27 INFO  State of current operation: PENDING
09:56:29 INFO  State of current operation: PENDING
09:56:31 INFO  State of current operation: PENDING
09:56:33 INFO  State of current operation: PENDING
09:56:35 INFO  State of current operation: PENDING
09:56:38 INFO  State of current operation: PENDING
09:56:40 INFO  State of current operation: PENDING
09:56:42 INFO  State of current operation: PENDING
09:56:44 INFO  State of current operation: PENDING
09:56:47 INFO  State of current operation: PENDING
09:56:49 INFO  State of current operation: PENDING
09:56:51 INFO  State of current operation: PENDING
09:56:53 INFO  State of current operation: PENDING
09:56:55 INFO  State of current operation: PENDING
09:56:58 INFO  State of current operation: PENDING
09:57:00 INFO  State of current operation: PENDING
09:57:02 INFO  State of current operation: PENDING
09:57:04 INFO  State of current operation: PENDING
09:57:07 INFO  State of current operation: PENDING
09:57:09 INFO  State of current operation: PENDING
09:57:11 INFO  State of current operation: PENDING
09:57:13 INFO  State of current operation: PENDING
09:57:15 INFO  State of current operation: PENDING
09:57:18 INFO  State of current operation: PENDING
09:57:20 INFO  State of current operation: PENDING
09:57:22 INFO  State of current operation: PENDING
09:57:24 INFO  State of current operation: PENDING
09:57:27 INFO  State of current operation: PENDING
09:57:29 INFO  State of current operation: PENDING
09:57:31 INFO  State of current operation: PENDING
09:57:33 INFO  State of current operation: PENDING
09:57:35 INFO  State of current operation: PENDING
09:57:38 INFO  State of current operation: PENDING
09:57:40 INFO  State of current operation: PENDING
09:57:42 INFO  State of current operation: PENDING
09:57:44 INFO  State of current operation: PENDING
09:57:47 INFO  State of current operation: PENDING
09:57:49 INFO  State of current operation: PENDING
09:57:51 INFO  State of current operation: PENDING
09:57:53 INFO  State of current operation: PENDING
09:57:55 INFO  State of current operation: PENDING
09:57:57 WARN  SystemError occurred while running test - Timeout while waiting for status FAILED or SUCCESSFUL
Traceback (most recent call last):
  File &quot;/home/pi/env-pysys/lib/python3.7/site-packages/pysys/baserunner.py&quot;, line 1292, in __call__
    self.testObj.setup()
  File &quot;/home/pi/actions-runner/_work/thin-edge.io/thin-edge.io/tests/PySys/software_management_end_to_end/sm_fake_install_remove/run.py&quot;, line 38, in setup
    super().setup()
  File &quot;/home/pi/actions-runner/_work/thin-edge.io/thin-edge.io/tests/PySys/software_management_end_to_end/environment_sm_management.py&quot;, line 151, in setup
    self.wait_until_end()
  File &quot;/home/pi/actions-runner/_work/thin-edge.io/thin-edge.io/tests/PySys/software_management_end_to_end/environment_sm_management.py&quot;, line 332, in wait_until_end
    self.wait_until_status(&quot;FAILED&quot;, &quot;SUCCESSFUL&quot;)
  File &quot;/home/pi/actions-runner/_work/thin-edge.io/thin-edge.io/tests/PySys/software_management_end_to_end/environment_sm_management.py&quot;, line 381, in wait_until_status
    &quot;Timeout while waiting for status %s or %s&quot; % (status, status2)
SystemError: Timeout while waiting for status FAILED or SUCCESSFUL
09:57:57 WARN  SystemError: Timeout while waiting for status FAILED or SUCCESSFUL ... blocked 
09:57:57 INFO  
09:57:57 INFO  cleanup:
09:58:02 INFO  Executed sudo&lt;tedge_disconnect_c8y&gt;, exit status 0
09:58:02 INFO  Executed systemctl&lt;serv_mapper5&gt;, exit status 3
09:58:02 INFO  
09:58:02 INFO  Test duration: 165.52 secs
09:58:02 INFO  Test final outcome:  BLOCKED
09:58:02 INFO  Test outcome reason: SystemError: Timeout while waiting for status FAILED or SUCCESSFUL
09:58:02 INFO  
</system-out>
	</testcase>
</testsuite>
