<?xml version="1.0" encoding="utf-8"?>
<testsuite failures="1" name="SoftwareManagement.sm_apt_install_remove_multiple" skipped="0" tests="1" time="139.76" timestamp="2022-05-03T15:20:45">
	<testcase classname="PySysTest" name="SoftwareManagement.sm_apt_install_remove_multiple">
		<failure message="FAILED: Assert that (False == value) with value=True (+2 other failures)" type="FAILED"/>
		<system-out>15:18:25 INFO  ==============================================================
15:18:25 INFO  Id:    SoftwareManagement.sm_apt_install_remove_multiple
15:18:25 INFO  Dir:   software_management_end_to_end/
15:18:25 INFO  Title: Validate end to end behaviour for the apt plugin for multiple packages
15:18:25 INFO  ==============================================================
15:18:26 INFO  Using sw id database: {'asciijump': '5475369', 'robotfindskitten': '5474869', 'squirrel3': '5475279', 'rolldice': '5152439', 'moon-buggy': '5439204', 'apple': '5495053', 'banana': '5494888', 'cherry': '5495382', 'watermelon': '5494510', 'registry': '8018911', 'hello-world': '8021526', 'docker/getting-started': '8021973', 'alpine': '7991792'}
15:18:26 INFO  EnvironmentC8y Setup
15:18:26 INFO  Executed systemctl&lt;serv_mapper1&gt;, exit status 3
15:18:26 INFO  Restarting mosquitto too frequently in the last 10 seconds. It was only up for 4 seconds
15:18:26 INFO  Delaying execution by 7 seconds
15:18:47 INFO  Executed sudo&lt;tedge_connect_c8y&gt;, exit status 0, duration 13 secs
15:18:48 INFO  Executed sudo&lt;tedge_connect_c8y_test&gt;, exit status 0
15:18:48 INFO  Executed systemctl&lt;serv_mosq2&gt;, exit status 0
15:18:49 INFO  Executed systemctl&lt;serv_mapper3&gt;, exit status 0
15:18:51 INFO  State of current operation: SUCCESSFUL
15:18:51 INFO  Assert that (False == value) with value=False ... passed
15:18:51 INFO  Package asciijump is installed
15:18:52 WARN  Assert that (False == value) with value=True ... failed 
15:18:52 INFO  Package squirrel3 is installed
15:18:52 WARN  Assert that (False == value) with value=True ... failed 
15:18:52 INFO  Package robotfindskitten is installed
15:18:52 WARN  Assert that (False == value) with value=True ... failed 
15:18:52 INFO  Response status: 201
15:18:52 INFO  Response to action: {
    &quot;creationTime&quot;: &quot;2022-05-03T15:18:52.884Z&quot;,
    &quot;deviceName&quot;: &quot;m32sd10a&quot;,
    &quot;deviceId&quot;: &quot;18298589&quot;,
    &quot;self&quot;: &quot;https://t493319102.eu-latest.cumulocity.com/devicecontrol/operations/18313945&quot;,
    &quot;id&quot;: &quot;18313945&quot;,
    &quot;status&quot;: &quot;PENDING&quot;,
    &quot;description&quot;: &quot;Apply software changes, triggered from PySys: [{'action': 'install', 'id': '5475369', 'name': 'asciijump', 'url': ' ', 'version': '::apt'}, {'action': 'install', 'id': '5474869', 'name': 'robotfindskitten', 'url': ' ', 'version': '::apt'}, {'action': 'install', 'id': '5475279', 'name': 'squirrel3', 'url': ' ', 'version': '::apt'}]&quot;,
    &quot;c8y_SoftwareUpdate&quot;: [
        {
            &quot;name&quot;: &quot;asciijump&quot;,
            &quot;action&quot;: &quot;install&quot;,
            &quot;id&quot;: &quot;5475369&quot;,
            &quot;version&quot;: &quot;::apt&quot;,
            &quot;url&quot;: &quot; &quot;
        },
        {
            &quot;name&quot;: &quot;robotfindskitten&quot;,
            &quot;action&quot;: &quot;install&quot;,
            &quot;id&quot;: &quot;5474869&quot;,
            &quot;version&quot;: &quot;::apt&quot;,
            &quot;url&quot;: &quot; &quot;
        },
        {
            &quot;name&quot;: &quot;squirrel3&quot;,
            &quot;action&quot;: &quot;install&quot;,
            &quot;id&quot;: &quot;5475279&quot;,
            &quot;version&quot;: &quot;::apt&quot;,
            &quot;url&quot;: &quot; &quot;
        }
    ]
}
15:18:52 INFO  Started operation: {'creationTime': '2022-05-03T15:18:52.884Z', 'deviceName': 'm32sd10a', 'deviceId': '18298589', 'self': 'https://t493319102.eu-latest.cumulocity.com/devicecontrol/operations/18313945', 'id': '18313945', 'status': 'PENDING', 'description': &quot;Apply software changes, triggered from PySys: [{'action': 'install', 'id': '5475369', 'name': 'asciijump', 'url': ' ', 'version': '::apt'}, {'action': 'install', 'id': '5474869', 'name': 'robotfindskitten', 'url': ' ', 'version': '::apt'}, {'action': 'install', 'id': '5475279', 'name': 'squirrel3', 'url': ' ', 'version': '::apt'}]&quot;, 'c8y_SoftwareUpdate': [{'name': 'asciijump', 'action': 'install', 'id': '5475369', 'version': '::apt', 'url': ' '}, {'name': 'robotfindskitten', 'action': 'install', 'id': '5474869', 'version': '::apt', 'url': ' '}, {'name': 'squirrel3', 'action': 'install', 'id': '5475279', 'version': '::apt', 'url': ' '}]}
15:18:55 INFO  State of operation 18313945 : PENDING
15:18:57 INFO  State of operation 18313945 : EXECUTING
15:18:59 INFO  State of operation 18313945 : EXECUTING
15:19:01 INFO  State of operation 18313945 : EXECUTING
15:19:04 INFO  State of operation 18313945 : EXECUTING
15:19:06 INFO  State of operation 18313945 : EXECUTING
15:19:08 INFO  State of operation 18313945 : EXECUTING
15:19:11 INFO  State of operation 18313945 : EXECUTING
15:19:13 INFO  State of operation 18313945 : EXECUTING
15:19:16 INFO  State of operation 18313945 : EXECUTING
15:19:18 INFO  State of operation 18313945 : EXECUTING
15:19:20 INFO  State of operation 18313945 : EXECUTING
15:19:22 INFO  State of operation 18313945 : EXECUTING
15:19:25 INFO  State of operation 18313945 : EXECUTING
15:19:27 INFO  State of operation 18313945 : EXECUTING
15:19:29 INFO  State of operation 18313945 : SUCCESSFUL
15:19:29 INFO  Assert that (False == value) with value=False ... passed
15:19:30 INFO  Package asciijump is installed
15:19:30 INFO  Assert that (True == value) with value=True ... passed
15:19:30 INFO  Package squirrel3 is installed
15:19:30 INFO  Assert that (True == value) with value=True ... passed
15:19:30 INFO  Package robotfindskitten is installed
15:19:30 INFO  Assert that (True == value) with value=True ... passed
15:19:30 INFO  Response status: 201
15:19:30 INFO  Response to action: {
    &quot;creationTime&quot;: &quot;2022-05-03T15:19:30.655Z&quot;,
    &quot;deviceName&quot;: &quot;m32sd10a&quot;,
    &quot;deviceId&quot;: &quot;18298589&quot;,
    &quot;self&quot;: &quot;https://t493319102.eu-latest.cumulocity.com/devicecontrol/operations/18313951&quot;,
    &quot;id&quot;: &quot;18313951&quot;,
    &quot;status&quot;: &quot;PENDING&quot;,
    &quot;description&quot;: &quot;Apply software changes, triggered from PySys: [{'action': 'delete', 'id': '5475369', 'name': 'asciijump', 'url': ' ', 'version': '::apt'}, {'action': 'delete', 'id': '5474869', 'name': 'robotfindskitten', 'url': ' ', 'version': '::apt'}, {'action': 'delete', 'id': '5475279', 'name': 'squirrel3', 'url': ' ', 'version': '::apt'}]&quot;,
    &quot;c8y_SoftwareUpdate&quot;: [
        {
            &quot;name&quot;: &quot;asciijump&quot;,
            &quot;action&quot;: &quot;delete&quot;,
            &quot;id&quot;: &quot;5475369&quot;,
            &quot;version&quot;: &quot;::apt&quot;,
            &quot;url&quot;: &quot; &quot;
        },
        {
            &quot;name&quot;: &quot;robotfindskitten&quot;,
            &quot;action&quot;: &quot;delete&quot;,
            &quot;id&quot;: &quot;5474869&quot;,
            &quot;version&quot;: &quot;::apt&quot;,
            &quot;url&quot;: &quot; &quot;
        },
        {
            &quot;name&quot;: &quot;squirrel3&quot;,
            &quot;action&quot;: &quot;delete&quot;,
            &quot;id&quot;: &quot;5475279&quot;,
            &quot;version&quot;: &quot;::apt&quot;,
            &quot;url&quot;: &quot; &quot;
        }
    ]
}
15:19:30 INFO  Started operation: {'creationTime': '2022-05-03T15:19:30.655Z', 'deviceName': 'm32sd10a', 'deviceId': '18298589', 'self': 'https://t493319102.eu-latest.cumulocity.com/devicecontrol/operations/18313951', 'id': '18313951', 'status': 'PENDING', 'description': &quot;Apply software changes, triggered from PySys: [{'action': 'delete', 'id': '5475369', 'name': 'asciijump', 'url': ' ', 'version': '::apt'}, {'action': 'delete', 'id': '5474869', 'name': 'robotfindskitten', 'url': ' ', 'version': '::apt'}, {'action': 'delete', 'id': '5475279', 'name': 'squirrel3', 'url': ' ', 'version': '::apt'}]&quot;, 'c8y_SoftwareUpdate': [{'name': 'asciijump', 'action': 'delete', 'id': '5475369', 'version': '::apt', 'url': ' '}, {'name': 'robotfindskitten', 'action': 'delete', 'id': '5474869', 'version': '::apt', 'url': ' '}, {'name': 'squirrel3', 'action': 'delete', 'id': '5475279', 'version': '::apt', 'url': ' '}]}
15:19:32 INFO  State of operation 18313951 : PENDING
15:19:35 INFO  State of operation 18313951 : EXECUTING
15:19:37 INFO  State of operation 18313951 : EXECUTING
15:19:39 INFO  State of operation 18313951 : EXECUTING
15:19:41 INFO  State of operation 18313951 : EXECUTING
15:19:44 INFO  State of operation 18313951 : EXECUTING
15:19:46 INFO  State of operation 18313951 : EXECUTING
15:19:49 INFO  State of operation 18313951 : EXECUTING
15:19:51 INFO  State of operation 18313951 : EXECUTING
15:19:54 INFO  State of operation 18313951 : EXECUTING
15:19:56 INFO  State of operation 18313951 : EXECUTING
15:19:58 INFO  State of operation 18313951 : EXECUTING
15:20:01 INFO  State of operation 18313951 : EXECUTING
15:20:03 INFO  State of operation 18313951 : EXECUTING
15:20:05 INFO  State of operation 18313951 : EXECUTING
15:20:07 INFO  State of operation 18313951 : EXECUTING
15:20:10 INFO  State of operation 18313951 : EXECUTING
15:20:12 INFO  State of operation 18313951 : EXECUTING
15:20:14 INFO  State of operation 18313951 : EXECUTING
15:20:17 INFO  State of operation 18313951 : EXECUTING
15:20:19 INFO  State of operation 18313951 : EXECUTING
15:20:21 INFO  State of operation 18313951 : EXECUTING
15:20:23 INFO  State of operation 18313951 : EXECUTING
15:20:26 INFO  State of operation 18313951 : EXECUTING
15:20:28 INFO  State of operation 18313951 : EXECUTING
15:20:31 INFO  State of operation 18313951 : EXECUTING
15:20:33 INFO  State of operation 18313951 : EXECUTING
15:20:35 INFO  State of operation 18313951 : EXECUTING
15:20:37 INFO  State of operation 18313951 : EXECUTING
15:20:40 INFO  State of operation 18313951 : SUCCESSFUL
15:20:40 INFO  Assert that (False == value) with value=False ... passed
15:20:40 INFO  Assert that (False == value) with value=False ... passed
15:20:40 INFO  Assert that (False == value) with value=False ... passed
15:20:41 INFO  Assert that (False == value) with value=False ... passed
15:20:41 INFO  
15:20:41 INFO  cleanup:
15:20:45 INFO  Executed sudo&lt;tedge_disconnect_c8y&gt;, exit status 0
15:20:45 INFO  Executed systemctl&lt;serv_mapper5&gt;, exit status 3
15:20:45 INFO  
15:20:45 INFO  Test duration: 139.76 secs
15:20:45 INFO  Test final outcome:  FAILED
15:20:45 INFO  Test outcome reason: Assert that (False == value) with value=True (+2 other failures)
15:20:45 INFO  
</system-out>
	</testcase>
</testsuite>
