<?xml version="1.0" encoding="utf-8"?>
<testsuite failures="1" name="SoftwareManagement.sm_apt_install_remove_multiple" skipped="0" tests="1" time="139.95" timestamp="2022-05-09T15:49:14">
	<testcase classname="PySysTest" name="SoftwareManagement.sm_apt_install_remove_multiple">
		<failure message="FAILED: Assert that (False == value) with value=True (+2 other failures)" type="FAILED"/>
		<system-out>15:46:54 INFO  ==============================================================
15:46:54 INFO  Id:    SoftwareManagement.sm_apt_install_remove_multiple
15:46:54 INFO  Dir:   software_management_end_to_end/
15:46:54 INFO  Title: Validate end to end behaviour for the apt plugin for multiple packages
15:46:54 INFO  ==============================================================
15:46:54 INFO  Using sw id database: {'asciijump': '5475369', 'robotfindskitten': '5474869', 'squirrel3': '5475279', 'rolldice': '5152439', 'moon-buggy': '5439204', 'apple': '5495053', 'banana': '5494888', 'cherry': '5495382', 'watermelon': '5494510', 'registry': '8018911', 'hello-world': '8021526', 'docker/getting-started': '8021973', 'alpine': '7991792'}
15:46:54 INFO  EnvironmentC8y Setup
15:46:54 INFO  Executed systemctl&lt;serv_mapper1&gt;, exit status 3
15:46:54 INFO  Restarting mosquitto too frequently in the last 10 seconds. It was only up for 4 seconds
15:46:54 INFO  Delaying execution by 7 seconds
15:47:15 INFO  Executed sudo&lt;tedge_connect_c8y&gt;, exit status 0, duration 13 secs
15:47:16 INFO  Executed sudo&lt;tedge_connect_c8y_test&gt;, exit status 0
15:47:17 INFO  Executed systemctl&lt;serv_mosq2&gt;, exit status 0
15:47:17 INFO  Executed systemctl&lt;serv_mapper3&gt;, exit status 0
15:47:19 INFO  State of current operation: SUCCESSFUL
15:47:19 INFO  Assert that (False == value) with value=False ... passed
15:47:20 INFO  Package asciijump is installed
15:47:20 WARN  Assert that (False == value) with value=True ... failed 
15:47:20 INFO  Package squirrel3 is installed
15:47:20 WARN  Assert that (False == value) with value=True ... failed 
15:47:20 INFO  Package robotfindskitten is installed
15:47:20 WARN  Assert that (False == value) with value=True ... failed 
15:47:21 INFO  Response status: 201
15:47:21 INFO  Response to action: {
    &quot;creationTime&quot;: &quot;2022-05-09T15:47:21.172Z&quot;,
    &quot;deviceName&quot;: &quot;m32sd10a&quot;,
    &quot;deviceId&quot;: &quot;18537236&quot;,
    &quot;self&quot;: &quot;https://t493319102.eu-latest.cumulocity.com/devicecontrol/operations/18564358&quot;,
    &quot;id&quot;: &quot;18564358&quot;,
    &quot;status&quot;: &quot;PENDING&quot;,
    &quot;description&quot;: &quot;Apply software changes, triggered from PySys: [{'action': 'install', 'id': '5475369', 'name': 'asciijump', 'url': ' ', 'version': '::apt'}, {'action': 'install', 'id': '5474869', 'name': 'robotfindskitten', 'url': ' ', 'version': '::apt'}, {'action': 'install', 'id': '5475279', 'name': 'squirrel3', 'url': ' ', 'version': '::apt'}]&quot;,
    &quot;c8y_SoftwareUpdate&quot;: [
        {
            &quot;name&quot;: &quot;asciijump&quot;,
            &quot;action&quot;: &quot;install&quot;,
            &quot;id&quot;: &quot;5475369&quot;,
            &quot;version&quot;: &quot;::apt&quot;,
            &quot;url&quot;: &quot; &quot;
        },
        {
            &quot;name&quot;: &quot;robotfindskitten&quot;,
            &quot;action&quot;: &quot;install&quot;,
            &quot;id&quot;: &quot;5474869&quot;,
            &quot;version&quot;: &quot;::apt&quot;,
            &quot;url&quot;: &quot; &quot;
        },
        {
            &quot;name&quot;: &quot;squirrel3&quot;,
            &quot;action&quot;: &quot;install&quot;,
            &quot;id&quot;: &quot;5475279&quot;,
            &quot;version&quot;: &quot;::apt&quot;,
            &quot;url&quot;: &quot; &quot;
        }
    ]
}
15:47:21 INFO  Started operation: {'creationTime': '2022-05-09T15:47:21.172Z', 'deviceName': 'm32sd10a', 'deviceId': '18537236', 'self': 'https://t493319102.eu-latest.cumulocity.com/devicecontrol/operations/18564358', 'id': '18564358', 'status': 'PENDING', 'description': &quot;Apply software changes, triggered from PySys: [{'action': 'install', 'id': '5475369', 'name': 'asciijump', 'url': ' ', 'version': '::apt'}, {'action': 'install', 'id': '5474869', 'name': 'robotfindskitten', 'url': ' ', 'version': '::apt'}, {'action': 'install', 'id': '5475279', 'name': 'squirrel3', 'url': ' ', 'version': '::apt'}]&quot;, 'c8y_SoftwareUpdate': [{'name': 'asciijump', 'action': 'install', 'id': '5475369', 'version': '::apt', 'url': ' '}, {'name': 'robotfindskitten', 'action': 'install', 'id': '5474869', 'version': '::apt', 'url': ' '}, {'name': 'squirrel3', 'action': 'install', 'id': '5475279', 'version': '::apt', 'url': ' '}]}
15:47:23 INFO  State of operation 18564358 : PENDING
15:47:25 INFO  State of operation 18564358 : EXECUTING
15:47:27 INFO  State of operation 18564358 : EXECUTING
15:47:30 INFO  State of operation 18564358 : EXECUTING
15:47:32 INFO  State of operation 18564358 : EXECUTING
15:47:34 INFO  State of operation 18564358 : EXECUTING
15:47:37 INFO  State of operation 18564358 : EXECUTING
15:47:39 INFO  State of operation 18564358 : EXECUTING
15:47:42 INFO  State of operation 18564358 : EXECUTING
15:47:44 INFO  State of operation 18564358 : EXECUTING
15:47:46 INFO  State of operation 18564358 : EXECUTING
15:47:49 INFO  State of operation 18564358 : EXECUTING
15:47:51 INFO  State of operation 18564358 : EXECUTING
15:47:53 INFO  State of operation 18564358 : EXECUTING
15:47:55 INFO  State of operation 18564358 : EXECUTING
15:47:57 INFO  State of operation 18564358 : SUCCESSFUL
15:47:58 INFO  Assert that (False == value) with value=False ... passed
15:47:58 INFO  Package asciijump is installed
15:47:58 INFO  Assert that (True == value) with value=True ... passed
15:47:58 INFO  Package squirrel3 is installed
15:47:58 INFO  Assert that (True == value) with value=True ... passed
15:47:58 INFO  Package robotfindskitten is installed
15:47:58 INFO  Assert that (True == value) with value=True ... passed
15:47:59 INFO  Response status: 201
15:47:59 INFO  Response to action: {
    &quot;creationTime&quot;: &quot;2022-05-09T15:47:59.063Z&quot;,
    &quot;deviceName&quot;: &quot;m32sd10a&quot;,
    &quot;deviceId&quot;: &quot;18537236&quot;,
    &quot;self&quot;: &quot;https://t493319102.eu-latest.cumulocity.com/devicecontrol/operations/18564364&quot;,
    &quot;id&quot;: &quot;18564364&quot;,
    &quot;status&quot;: &quot;PENDING&quot;,
    &quot;description&quot;: &quot;Apply software changes, triggered from PySys: [{'action': 'delete', 'id': '5475369', 'name': 'asciijump', 'url': ' ', 'version': '::apt'}, {'action': 'delete', 'id': '5474869', 'name': 'robotfindskitten', 'url': ' ', 'version': '::apt'}, {'action': 'delete', 'id': '5475279', 'name': 'squirrel3', 'url': ' ', 'version': '::apt'}]&quot;,
    &quot;c8y_SoftwareUpdate&quot;: [
        {
            &quot;name&quot;: &quot;asciijump&quot;,
            &quot;action&quot;: &quot;delete&quot;,
            &quot;id&quot;: &quot;5475369&quot;,
            &quot;version&quot;: &quot;::apt&quot;,
            &quot;url&quot;: &quot; &quot;
        },
        {
            &quot;name&quot;: &quot;robotfindskitten&quot;,
            &quot;action&quot;: &quot;delete&quot;,
            &quot;id&quot;: &quot;5474869&quot;,
            &quot;version&quot;: &quot;::apt&quot;,
            &quot;url&quot;: &quot; &quot;
        },
        {
            &quot;name&quot;: &quot;squirrel3&quot;,
            &quot;action&quot;: &quot;delete&quot;,
            &quot;id&quot;: &quot;5475279&quot;,
            &quot;version&quot;: &quot;::apt&quot;,
            &quot;url&quot;: &quot; &quot;
        }
    ]
}
15:47:59 INFO  Started operation: {'creationTime': '2022-05-09T15:47:59.063Z', 'deviceName': 'm32sd10a', 'deviceId': '18537236', 'self': 'https://t493319102.eu-latest.cumulocity.com/devicecontrol/operations/18564364', 'id': '18564364', 'status': 'PENDING', 'description': &quot;Apply software changes, triggered from PySys: [{'action': 'delete', 'id': '5475369', 'name': 'asciijump', 'url': ' ', 'version': '::apt'}, {'action': 'delete', 'id': '5474869', 'name': 'robotfindskitten', 'url': ' ', 'version': '::apt'}, {'action': 'delete', 'id': '5475279', 'name': 'squirrel3', 'url': ' ', 'version': '::apt'}]&quot;, 'c8y_SoftwareUpdate': [{'name': 'asciijump', 'action': 'delete', 'id': '5475369', 'version': '::apt', 'url': ' '}, {'name': 'robotfindskitten', 'action': 'delete', 'id': '5474869', 'version': '::apt', 'url': ' '}, {'name': 'squirrel3', 'action': 'delete', 'id': '5475279', 'version': '::apt', 'url': ' '}]}
15:48:01 INFO  State of operation 18564364 : PENDING
15:48:03 INFO  State of operation 18564364 : EXECUTING
15:48:05 INFO  State of operation 18564364 : EXECUTING
15:48:07 INFO  State of operation 18564364 : EXECUTING
15:48:10 INFO  State of operation 18564364 : EXECUTING
15:48:12 INFO  State of operation 18564364 : EXECUTING
15:48:15 INFO  State of operation 18564364 : EXECUTING
15:48:18 INFO  State of operation 18564364 : EXECUTING
15:48:20 INFO  State of operation 18564364 : EXECUTING
15:48:22 INFO  State of operation 18564364 : EXECUTING
15:48:24 INFO  State of operation 18564364 : EXECUTING
15:48:27 INFO  State of operation 18564364 : EXECUTING
15:48:29 INFO  State of operation 18564364 : EXECUTING
15:48:31 INFO  State of operation 18564364 : EXECUTING
15:48:33 INFO  State of operation 18564364 : EXECUTING
15:48:36 INFO  State of operation 18564364 : EXECUTING
15:48:38 INFO  State of operation 18564364 : EXECUTING
15:48:40 INFO  State of operation 18564364 : EXECUTING
15:48:43 INFO  State of operation 18564364 : EXECUTING
15:48:45 INFO  State of operation 18564364 : EXECUTING
15:48:47 INFO  State of operation 18564364 : EXECUTING
15:48:50 INFO  State of operation 18564364 : EXECUTING
15:48:52 INFO  State of operation 18564364 : EXECUTING
15:48:54 INFO  State of operation 18564364 : EXECUTING
15:48:56 INFO  State of operation 18564364 : EXECUTING
15:48:59 INFO  State of operation 18564364 : EXECUTING
15:49:01 INFO  State of operation 18564364 : EXECUTING
15:49:04 INFO  State of operation 18564364 : EXECUTING
15:49:06 INFO  State of operation 18564364 : EXECUTING
15:49:08 INFO  State of operation 18564364 : SUCCESSFUL
15:49:08 INFO  Assert that (False == value) with value=False ... passed
15:49:09 INFO  Assert that (False == value) with value=False ... passed
15:49:09 INFO  Assert that (False == value) with value=False ... passed
15:49:09 INFO  Assert that (False == value) with value=False ... passed
15:49:09 INFO  
15:49:09 INFO  cleanup:
15:49:13 INFO  Executed sudo&lt;tedge_disconnect_c8y&gt;, exit status 0
15:49:14 INFO  Executed systemctl&lt;serv_mapper5&gt;, exit status 3
15:49:14 INFO  
15:49:14 INFO  Test duration: 139.95 secs
15:49:14 INFO  Test final outcome:  FAILED
15:49:14 INFO  Test outcome reason: Assert that (False == value) with value=True (+2 other failures)
15:49:14 INFO  
</system-out>
	</testcase>
</testsuite>
