<?xml version="1.0" encoding="utf-8"?>
<testsuite failures="0" name="SoftwareManagement.sm_mapper_fail_and_reconnect" skipped="1" tests="1" time="0.04" timestamp="2022-04-25T22:52:29">
	<testcase classname="MapperC8yReceiveLastMessageOnRestart" name="SoftwareManagement.sm_mapper_fail_and_reconnect">
		<skipped message="SKIPPED: instable https://github.com/thin-edge/thin-edge.io/issues/752"/>
		<system-out>22:52:29 INFO  ==============================================================
22:52:29 INFO  Id:    SoftwareManagement.sm_mapper_fail_and_reconnect
22:52:29 INFO  Dir:   software_management_end_to_end/
22:52:29 INFO  Title: Validate the tedge-mapper-sm-c8y for receiving the last message on restart
22:52:29 INFO  ==============================================================
22:52:29 INFO  instable https://github.com/thin-edge/thin-edge.io/issues/752 ... skipped
22:52:29 INFO  
22:52:29 INFO  Test duration: 0.04 secs
22:52:29 INFO  Test final outcome:  SKIPPED
22:52:29 INFO  Test outcome reason: instable https://github.com/thin-edge/thin-edge.io/issues/752
22:52:29 INFO  
</system-out>
	</testcase>
</testsuite>
