<?xml version="1.0" encoding="utf-8"?>
<testsuite failures="1" name="SoftwareManagement.sm_apt_install_remove_multiple" skipped="0" tests="1" time="140.79" timestamp="2022-05-11T12:51:32">
	<testcase classname="PySysTest" name="SoftwareManagement.sm_apt_install_remove_multiple">
		<failure message="FAILED: Assert that (False == value) with value=True (+2 other failures)" type="FAILED"/>
		<system-out>12:49:11 INFO  ==============================================================
12:49:11 INFO  Id:    SoftwareManagement.sm_apt_install_remove_multiple
12:49:11 INFO  Dir:   software_management_end_to_end/
12:49:11 INFO  Title: Validate end to end behaviour for the apt plugin for multiple packages
12:49:11 INFO  ==============================================================
12:49:11 INFO  Using sw id database: {'asciijump': '5475369', 'robotfindskitten': '5474869', 'squirrel3': '5475279', 'rolldice': '5152439', 'moon-buggy': '5439204', 'apple': '5495053', 'banana': '5494888', 'cherry': '5495382', 'watermelon': '5494510', 'registry': '8018911', 'hello-world': '8021526', 'docker/getting-started': '8021973', 'alpine': '7991792'}
12:49:11 INFO  EnvironmentC8y Setup
12:49:12 INFO  Executed systemctl&lt;serv_mapper1&gt;, exit status 3
12:49:12 INFO  Restarting mosquitto too frequently in the last 10 seconds. It was only up for 4 seconds
12:49:12 INFO  Delaying execution by 7 seconds
12:49:33 INFO  Executed sudo&lt;tedge_connect_c8y&gt;, exit status 0, duration 14 secs
12:49:34 INFO  Executed sudo&lt;tedge_connect_c8y_test&gt;, exit status 0
12:49:34 INFO  Executed systemctl&lt;serv_mosq2&gt;, exit status 0
12:49:35 INFO  Executed systemctl&lt;serv_mapper3&gt;, exit status 0
12:49:37 INFO  State of current operation: SUCCESSFUL
12:49:37 INFO  Assert that (False == value) with value=False ... passed
12:49:38 INFO  Package asciijump is installed
12:49:38 WARN  Assert that (False == value) with value=True ... failed 
12:49:38 INFO  Package squirrel3 is installed
12:49:38 WARN  Assert that (False == value) with value=True ... failed 
12:49:39 INFO  Package robotfindskitten is installed
12:49:39 WARN  Assert that (False == value) with value=True ... failed 
12:49:39 INFO  Response status: 201
12:49:39 INFO  Response to action: {
    &quot;creationTime&quot;: &quot;2022-05-11T12:49:39.217Z&quot;,
    &quot;deviceName&quot;: &quot;m32sd10a&quot;,
    &quot;deviceId&quot;: &quot;18793534&quot;,
    &quot;self&quot;: &quot;https://t493319102.eu-latest.cumulocity.com/devicecontrol/operations/18857165&quot;,
    &quot;id&quot;: &quot;18857165&quot;,
    &quot;status&quot;: &quot;PENDING&quot;,
    &quot;description&quot;: &quot;Apply software changes, triggered from PySys: [{'action': 'install', 'id': '5475369', 'name': 'asciijump', 'url': ' ', 'version': '::apt'}, {'action': 'install', 'id': '5474869', 'name': 'robotfindskitten', 'url': ' ', 'version': '::apt'}, {'action': 'install', 'id': '5475279', 'name': 'squirrel3', 'url': ' ', 'version': '::apt'}]&quot;,
    &quot;c8y_SoftwareUpdate&quot;: [
        {
            &quot;name&quot;: &quot;asciijump&quot;,
            &quot;action&quot;: &quot;install&quot;,
            &quot;id&quot;: &quot;5475369&quot;,
            &quot;version&quot;: &quot;::apt&quot;,
            &quot;url&quot;: &quot; &quot;
        },
        {
            &quot;name&quot;: &quot;robotfindskitten&quot;,
            &quot;action&quot;: &quot;install&quot;,
            &quot;id&quot;: &quot;5474869&quot;,
            &quot;version&quot;: &quot;::apt&quot;,
            &quot;url&quot;: &quot; &quot;
        },
        {
            &quot;name&quot;: &quot;squirrel3&quot;,
            &quot;action&quot;: &quot;install&quot;,
            &quot;id&quot;: &quot;5475279&quot;,
            &quot;version&quot;: &quot;::apt&quot;,
            &quot;url&quot;: &quot; &quot;
        }
    ]
}
12:49:39 INFO  Started operation: {'creationTime': '2022-05-11T12:49:39.217Z', 'deviceName': 'm32sd10a', 'deviceId': '18793534', 'self': 'https://t493319102.eu-latest.cumulocity.com/devicecontrol/operations/18857165', 'id': '18857165', 'status': 'PENDING', 'description': &quot;Apply software changes, triggered from PySys: [{'action': 'install', 'id': '5475369', 'name': 'asciijump', 'url': ' ', 'version': '::apt'}, {'action': 'install', 'id': '5474869', 'name': 'robotfindskitten', 'url': ' ', 'version': '::apt'}, {'action': 'install', 'id': '5475279', 'name': 'squirrel3', 'url': ' ', 'version': '::apt'}]&quot;, 'c8y_SoftwareUpdate': [{'name': 'asciijump', 'action': 'install', 'id': '5475369', 'version': '::apt', 'url': ' '}, {'name': 'robotfindskitten', 'action': 'install', 'id': '5474869', 'version': '::apt', 'url': ' '}, {'name': 'squirrel3', 'action': 'install', 'id': '5475279', 'version': '::apt', 'url': ' '}]}
12:49:41 INFO  State of operation 18857165 : PENDING
12:49:43 INFO  State of operation 18857165 : EXECUTING
12:49:45 INFO  State of operation 18857165 : EXECUTING
12:49:48 INFO  State of operation 18857165 : EXECUTING
12:49:50 INFO  State of operation 18857165 : EXECUTING
12:49:52 INFO  State of operation 18857165 : EXECUTING
12:49:55 INFO  State of operation 18857165 : EXECUTING
12:49:58 INFO  State of operation 18857165 : EXECUTING
12:50:00 INFO  State of operation 18857165 : EXECUTING
12:50:02 INFO  State of operation 18857165 : EXECUTING
12:50:05 INFO  State of operation 18857165 : EXECUTING
12:50:07 INFO  State of operation 18857165 : EXECUTING
12:50:09 INFO  State of operation 18857165 : EXECUTING
12:50:11 INFO  State of operation 18857165 : EXECUTING
12:50:14 INFO  State of operation 18857165 : EXECUTING
12:50:16 INFO  State of operation 18857165 : SUCCESSFUL
12:50:16 INFO  Assert that (False == value) with value=False ... passed
12:50:16 INFO  Package asciijump is installed
12:50:16 INFO  Assert that (True == value) with value=True ... passed
12:50:16 INFO  Package squirrel3 is installed
12:50:16 INFO  Assert that (True == value) with value=True ... passed
12:50:17 INFO  Package robotfindskitten is installed
12:50:17 INFO  Assert that (True == value) with value=True ... passed
12:50:17 INFO  Response status: 201
12:50:17 INFO  Response to action: {
    &quot;creationTime&quot;: &quot;2022-05-11T12:50:17.404Z&quot;,
    &quot;deviceName&quot;: &quot;m32sd10a&quot;,
    &quot;deviceId&quot;: &quot;18793534&quot;,
    &quot;self&quot;: &quot;https://t493319102.eu-latest.cumulocity.com/devicecontrol/operations/18857181&quot;,
    &quot;id&quot;: &quot;18857181&quot;,
    &quot;status&quot;: &quot;PENDING&quot;,
    &quot;description&quot;: &quot;Apply software changes, triggered from PySys: [{'action': 'delete', 'id': '5475369', 'name': 'asciijump', 'url': ' ', 'version': '::apt'}, {'action': 'delete', 'id': '5474869', 'name': 'robotfindskitten', 'url': ' ', 'version': '::apt'}, {'action': 'delete', 'id': '5475279', 'name': 'squirrel3', 'url': ' ', 'version': '::apt'}]&quot;,
    &quot;c8y_SoftwareUpdate&quot;: [
        {
            &quot;name&quot;: &quot;asciijump&quot;,
            &quot;action&quot;: &quot;delete&quot;,
            &quot;id&quot;: &quot;5475369&quot;,
            &quot;version&quot;: &quot;::apt&quot;,
            &quot;url&quot;: &quot; &quot;
        },
        {
            &quot;name&quot;: &quot;robotfindskitten&quot;,
            &quot;action&quot;: &quot;delete&quot;,
            &quot;id&quot;: &quot;5474869&quot;,
            &quot;version&quot;: &quot;::apt&quot;,
            &quot;url&quot;: &quot; &quot;
        },
        {
            &quot;name&quot;: &quot;squirrel3&quot;,
            &quot;action&quot;: &quot;delete&quot;,
            &quot;id&quot;: &quot;5475279&quot;,
            &quot;version&quot;: &quot;::apt&quot;,
            &quot;url&quot;: &quot; &quot;
        }
    ]
}
12:50:17 INFO  Started operation: {'creationTime': '2022-05-11T12:50:17.404Z', 'deviceName': 'm32sd10a', 'deviceId': '18793534', 'self': 'https://t493319102.eu-latest.cumulocity.com/devicecontrol/operations/18857181', 'id': '18857181', 'status': 'PENDING', 'description': &quot;Apply software changes, triggered from PySys: [{'action': 'delete', 'id': '5475369', 'name': 'asciijump', 'url': ' ', 'version': '::apt'}, {'action': 'delete', 'id': '5474869', 'name': 'robotfindskitten', 'url': ' ', 'version': '::apt'}, {'action': 'delete', 'id': '5475279', 'name': 'squirrel3', 'url': ' ', 'version': '::apt'}]&quot;, 'c8y_SoftwareUpdate': [{'name': 'asciijump', 'action': 'delete', 'id': '5475369', 'version': '::apt', 'url': ' '}, {'name': 'robotfindskitten', 'action': 'delete', 'id': '5474869', 'version': '::apt', 'url': ' '}, {'name': 'squirrel3', 'action': 'delete', 'id': '5475279', 'version': '::apt', 'url': ' '}]}
12:50:19 INFO  State of operation 18857181 : PENDING
12:50:21 INFO  State of operation 18857181 : EXECUTING
12:50:24 INFO  State of operation 18857181 : EXECUTING
12:50:26 INFO  State of operation 18857181 : EXECUTING
12:50:28 INFO  State of operation 18857181 : EXECUTING
12:50:30 INFO  State of operation 18857181 : EXECUTING
12:50:33 INFO  State of operation 18857181 : EXECUTING
12:50:36 INFO  State of operation 18857181 : EXECUTING
12:50:38 INFO  State of operation 18857181 : EXECUTING
12:50:40 INFO  State of operation 18857181 : EXECUTING
12:50:43 INFO  State of operation 18857181 : EXECUTING
12:50:45 INFO  State of operation 18857181 : EXECUTING
12:50:47 INFO  State of operation 18857181 : EXECUTING
12:50:49 INFO  State of operation 18857181 : EXECUTING
12:50:51 INFO  State of operation 18857181 : EXECUTING
12:50:54 INFO  State of operation 18857181 : EXECUTING
12:50:56 INFO  State of operation 18857181 : EXECUTING
12:50:58 INFO  State of operation 18857181 : EXECUTING
12:51:01 INFO  State of operation 18857181 : EXECUTING
12:51:04 INFO  State of operation 18857181 : EXECUTING
12:51:06 INFO  State of operation 18857181 : EXECUTING
12:51:08 INFO  State of operation 18857181 : EXECUTING
12:51:10 INFO  State of operation 18857181 : EXECUTING
12:51:12 INFO  State of operation 18857181 : EXECUTING
12:51:15 INFO  State of operation 18857181 : EXECUTING
12:51:18 INFO  State of operation 18857181 : EXECUTING
12:51:20 INFO  State of operation 18857181 : EXECUTING
12:51:22 INFO  State of operation 18857181 : EXECUTING
12:51:24 INFO  State of operation 18857181 : EXECUTING
12:51:27 INFO  State of operation 18857181 : SUCCESSFUL
12:51:27 INFO  Assert that (False == value) with value=False ... passed
12:51:27 INFO  Assert that (False == value) with value=False ... passed
12:51:27 INFO  Assert that (False == value) with value=False ... passed
12:51:28 INFO  Assert that (False == value) with value=False ... passed
12:51:28 INFO  
12:51:28 INFO  cleanup:
12:51:32 INFO  Executed sudo&lt;tedge_disconnect_c8y&gt;, exit status 0
12:51:32 INFO  Executed systemctl&lt;serv_mapper5&gt;, exit status 3
12:51:32 INFO  
12:51:32 INFO  Test duration: 140.79 secs
12:51:32 INFO  Test final outcome:  FAILED
12:51:32 INFO  Test outcome reason: Assert that (False == value) with value=True (+2 other failures)
12:51:32 INFO  
</system-out>
	</testcase>
</testsuite>
