<?xml version="1.0" encoding="utf-8"?>
<testsuite failures="1" name="SoftwareManagement.sm_apt_install_remove_default" skipped="0" tests="1" time="164.62" timestamp="2022-04-25T22:35:57">
	<testcase classname="PySysTest" name="SoftwareManagement.sm_apt_install_remove_default">
		<failure message="BLOCKED: SystemError: Timeout while waiting for status FAILED or SUCCESSFUL" type="BLOCKED"/>
		<system-out>22:33:12 INFO  ==============================================================
22:33:12 INFO  Id:    SoftwareManagement.sm_apt_install_remove_default
22:33:12 INFO  Dir:   software_management_end_to_end/
22:33:12 INFO  Title: Validate end to end behaviour for the default plugin for installation and removal of packages
22:33:12 INFO  ==============================================================
22:33:12 INFO  Using sw id database: {'asciijump': '5475369', 'robotfindskitten': '5474869', 'squirrel3': '5475279', 'rolldice': '5152439', 'moon-buggy': '5439204', 'apple': '5495053', 'banana': '5494888', 'cherry': '5495382', 'watermelon': '5494510', 'registry': '8018911', 'hello-world': '8021526', 'docker/getting-started': '8021973', 'alpine': '7991792'}
22:33:12 INFO  EnvironmentC8y Setup
22:33:13 INFO  Executed systemctl&lt;serv_mapper1&gt;, exit status 3
22:33:13 INFO  Restarting mosquitto too frequently in the last 10 seconds. It was only up for 5 seconds
22:33:13 INFO  Delaying execution by 6 seconds
22:33:33 INFO  Executed sudo&lt;tedge_connect_c8y&gt;, exit status 0, duration 13 secs
22:33:34 INFO  Executed sudo&lt;tedge_connect_c8y_test&gt;, exit status 0
22:33:34 INFO  Executed systemctl&lt;serv_mosq2&gt;, exit status 0
22:33:35 INFO  Executed systemctl&lt;serv_mapper3&gt;, exit status 0
22:33:37 INFO  State of current operation: PENDING
22:33:39 INFO  State of current operation: PENDING
22:33:41 INFO  State of current operation: PENDING
22:33:43 INFO  State of current operation: PENDING
22:33:46 INFO  State of current operation: PENDING
22:33:48 INFO  State of current operation: PENDING
22:33:50 INFO  State of current operation: PENDING
22:33:52 INFO  State of current operation: PENDING
22:33:55 INFO  State of current operation: PENDING
22:33:57 INFO  State of current operation: PENDING
22:33:59 INFO  State of current operation: PENDING
22:34:01 INFO  State of current operation: PENDING
22:34:03 INFO  State of current operation: PENDING
22:34:06 INFO  State of current operation: PENDING
22:34:08 INFO  State of current operation: PENDING
22:34:10 INFO  State of current operation: PENDING
22:34:12 INFO  State of current operation: PENDING
22:34:15 INFO  State of current operation: PENDING
22:34:17 INFO  State of current operation: PENDING
22:34:19 INFO  State of current operation: PENDING
22:34:21 INFO  State of current operation: PENDING
22:34:23 INFO  State of current operation: PENDING
22:34:26 INFO  State of current operation: PENDING
22:34:28 INFO  State of current operation: PENDING
22:34:30 INFO  State of current operation: PENDING
22:34:32 INFO  State of current operation: PENDING
22:34:35 INFO  State of current operation: PENDING
22:34:37 INFO  State of current operation: PENDING
22:34:39 INFO  State of current operation: PENDING
22:34:41 INFO  State of current operation: PENDING
22:34:43 INFO  State of current operation: PENDING
22:34:46 INFO  State of current operation: PENDING
22:34:48 INFO  State of current operation: PENDING
22:34:50 INFO  State of current operation: PENDING
22:34:52 INFO  State of current operation: PENDING
22:34:55 INFO  State of current operation: PENDING
22:34:57 INFO  State of current operation: PENDING
22:34:59 INFO  State of current operation: PENDING
22:35:01 INFO  State of current operation: PENDING
22:35:04 INFO  State of current operation: PENDING
22:35:06 INFO  State of current operation: PENDING
22:35:08 INFO  State of current operation: PENDING
22:35:10 INFO  State of current operation: PENDING
22:35:12 INFO  State of current operation: PENDING
22:35:15 INFO  State of current operation: PENDING
22:35:17 INFO  State of current operation: PENDING
22:35:19 INFO  State of current operation: PENDING
22:35:21 INFO  State of current operation: PENDING
22:35:24 INFO  State of current operation: PENDING
22:35:26 INFO  State of current operation: PENDING
22:35:28 INFO  State of current operation: PENDING
22:35:30 INFO  State of current operation: PENDING
22:35:32 INFO  State of current operation: PENDING
22:35:35 INFO  State of current operation: PENDING
22:35:37 INFO  State of current operation: PENDING
22:35:39 INFO  State of current operation: PENDING
22:35:41 INFO  State of current operation: PENDING
22:35:43 INFO  State of current operation: PENDING
22:35:46 INFO  State of current operation: PENDING
22:35:48 INFO  State of current operation: PENDING
22:35:50 INFO  State of current operation: PENDING
22:35:52 WARN  SystemError occurred while running test - Timeout while waiting for status FAILED or SUCCESSFUL
Traceback (most recent call last):
  File &quot;/home/pi/env-pysys/lib/python3.7/site-packages/pysys/baserunner.py&quot;, line 1292, in __call__
    self.testObj.setup()
  File &quot;/home/pi/actions-runner/_work/thin-edge.io/thin-edge.io/tests/PySys/software_management_end_to_end/sm_apt_install_remove_default/run.py&quot;, line 26, in setup
    super().setup()
  File &quot;/home/pi/actions-runner/_work/thin-edge.io/thin-edge.io/tests/PySys/software_management_end_to_end/environment_sm_management.py&quot;, line 151, in setup
    self.wait_until_end()
  File &quot;/home/pi/actions-runner/_work/thin-edge.io/thin-edge.io/tests/PySys/software_management_end_to_end/environment_sm_management.py&quot;, line 332, in wait_until_end
    self.wait_until_status(&quot;FAILED&quot;, &quot;SUCCESSFUL&quot;)
  File &quot;/home/pi/actions-runner/_work/thin-edge.io/thin-edge.io/tests/PySys/software_management_end_to_end/environment_sm_management.py&quot;, line 381, in wait_until_status
    &quot;Timeout while waiting for status %s or %s&quot; % (status, status2)
SystemError: Timeout while waiting for status FAILED or SUCCESSFUL
22:35:52 WARN  SystemError: Timeout while waiting for status FAILED or SUCCESSFUL ... blocked 
22:35:52 INFO  
22:35:52 INFO  cleanup:
22:35:56 INFO  Executed sudo&lt;tedge_disconnect_c8y&gt;, exit status 0
22:35:57 INFO  Executed systemctl&lt;serv_mapper5&gt;, exit status 3
22:35:57 INFO  
22:35:57 INFO  Test duration: 164.62 secs
22:35:57 INFO  Test final outcome:  BLOCKED
22:35:57 INFO  Test outcome reason: SystemError: Timeout while waiting for status FAILED or SUCCESSFUL
22:35:57 INFO  
</system-out>
	</testcase>
</testsuite>
