<?xml version="1.0" encoding="utf-8"?>
<testsuite failures="0" name="SoftwareManagement.sm_mapper_fail_and_reconnect" skipped="1" tests="1" time="0.07" timestamp="2022-04-27T10:00:48">
	<testcase classname="MapperC8yReceiveLastMessageOnRestart" name="SoftwareManagement.sm_mapper_fail_and_reconnect">
		<skipped message="SKIPPED: instable https://github.com/thin-edge/thin-edge.io/issues/752"/>
		<system-out>10:00:48 INFO  ==============================================================
10:00:48 INFO  Id:    SoftwareManagement.sm_mapper_fail_and_reconnect
10:00:48 INFO  Dir:   software_management_end_to_end/
10:00:48 INFO  Title: Validate the tedge-mapper-sm-c8y for receiving the last message on restart
10:00:48 INFO  ==============================================================
10:00:48 INFO  instable https://github.com/thin-edge/thin-edge.io/issues/752 ... skipped
10:00:48 INFO  
10:00:48 INFO  Test duration: 0.07 secs
10:00:48 INFO  Test final outcome:  SKIPPED
10:00:48 INFO  Test outcome reason: instable https://github.com/thin-edge/thin-edge.io/issues/752
10:00:48 INFO  
</system-out>
	</testcase>
</testsuite>
