<?xml version="1.0" encoding="utf-8"?>
<testsuite failures="1" name="SoftwareManagement.sm_apt_install_remove_multiple" skipped="0" tests="1" time="138.19" timestamp="2022-04-28T13:27:01">
	<testcase classname="PySysTest" name="SoftwareManagement.sm_apt_install_remove_multiple">
		<failure message="FAILED: Assert that (False == value) with value=True (+2 other failures)" type="FAILED"/>
		<system-out>13:24:43 INFO  ==============================================================
13:24:43 INFO  Id:    SoftwareManagement.sm_apt_install_remove_multiple
13:24:43 INFO  Dir:   software_management_end_to_end/
13:24:43 INFO  Title: Validate end to end behaviour for the apt plugin for multiple packages
13:24:43 INFO  ==============================================================
13:24:43 INFO  Using sw id database: {'asciijump': '5475369', 'robotfindskitten': '5474869', 'squirrel3': '5475279', 'rolldice': '5152439', 'moon-buggy': '5439204', 'apple': '5495053', 'banana': '5494888', 'cherry': '5495382', 'watermelon': '5494510', 'registry': '8018911', 'hello-world': '8021526', 'docker/getting-started': '8021973', 'alpine': '7991792'}
13:24:43 INFO  EnvironmentC8y Setup
13:24:43 INFO  Executed systemctl&lt;serv_mapper1&gt;, exit status 3
13:24:43 INFO  Restarting mosquitto too frequently in the last 10 seconds. It was only up for 4 seconds
13:24:43 INFO  Delaying execution by 7 seconds
13:25:04 INFO  Executed sudo&lt;tedge_connect_c8y&gt;, exit status 0, duration 14 secs
13:25:05 INFO  Executed sudo&lt;tedge_connect_c8y_test&gt;, exit status 0
13:25:06 INFO  Executed systemctl&lt;serv_mosq2&gt;, exit status 0
13:25:06 INFO  Executed systemctl&lt;serv_mapper3&gt;, exit status 0
13:25:08 INFO  State of current operation: SUCCESSFUL
13:25:08 INFO  Assert that (False == value) with value=False ... passed
13:25:09 INFO  Package asciijump is installed
13:25:09 WARN  Assert that (False == value) with value=True ... failed 
13:25:09 INFO  Package squirrel3 is installed
13:25:09 WARN  Assert that (False == value) with value=True ... failed 
13:25:09 INFO  Package robotfindskitten is installed
13:25:09 WARN  Assert that (False == value) with value=True ... failed 
13:25:10 INFO  Response status: 201
13:25:10 INFO  Response to action: {
    &quot;creationTime&quot;: &quot;2022-04-28T13:25:10.148Z&quot;,
    &quot;deviceName&quot;: &quot;m32sd10a&quot;,
    &quot;deviceId&quot;: &quot;17889229&quot;,
    &quot;self&quot;: &quot;https://t493319102.eu-latest.cumulocity.com/devicecontrol/operations/17911037&quot;,
    &quot;id&quot;: &quot;17911037&quot;,
    &quot;status&quot;: &quot;PENDING&quot;,
    &quot;description&quot;: &quot;Apply software changes, triggered from PySys: [{'action': 'install', 'id': '5475369', 'name': 'asciijump', 'url': ' ', 'version': '::apt'}, {'action': 'install', 'id': '5474869', 'name': 'robotfindskitten', 'url': ' ', 'version': '::apt'}, {'action': 'install', 'id': '5475279', 'name': 'squirrel3', 'url': ' ', 'version': '::apt'}]&quot;,
    &quot;c8y_SoftwareUpdate&quot;: [
        {
            &quot;name&quot;: &quot;asciijump&quot;,
            &quot;action&quot;: &quot;install&quot;,
            &quot;id&quot;: &quot;5475369&quot;,
            &quot;version&quot;: &quot;::apt&quot;,
            &quot;url&quot;: &quot; &quot;
        },
        {
            &quot;name&quot;: &quot;robotfindskitten&quot;,
            &quot;action&quot;: &quot;install&quot;,
            &quot;id&quot;: &quot;5474869&quot;,
            &quot;version&quot;: &quot;::apt&quot;,
            &quot;url&quot;: &quot; &quot;
        },
        {
            &quot;name&quot;: &quot;squirrel3&quot;,
            &quot;action&quot;: &quot;install&quot;,
            &quot;id&quot;: &quot;5475279&quot;,
            &quot;version&quot;: &quot;::apt&quot;,
            &quot;url&quot;: &quot; &quot;
        }
    ]
}
13:25:10 INFO  Started operation: {'creationTime': '2022-04-28T13:25:10.148Z', 'deviceName': 'm32sd10a', 'deviceId': '17889229', 'self': 'https://t493319102.eu-latest.cumulocity.com/devicecontrol/operations/17911037', 'id': '17911037', 'status': 'PENDING', 'description': &quot;Apply software changes, triggered from PySys: [{'action': 'install', 'id': '5475369', 'name': 'asciijump', 'url': ' ', 'version': '::apt'}, {'action': 'install', 'id': '5474869', 'name': 'robotfindskitten', 'url': ' ', 'version': '::apt'}, {'action': 'install', 'id': '5475279', 'name': 'squirrel3', 'url': ' ', 'version': '::apt'}]&quot;, 'c8y_SoftwareUpdate': [{'name': 'asciijump', 'action': 'install', 'id': '5475369', 'version': '::apt', 'url': ' '}, {'name': 'robotfindskitten', 'action': 'install', 'id': '5474869', 'version': '::apt', 'url': ' '}, {'name': 'squirrel3', 'action': 'install', 'id': '5475279', 'version': '::apt', 'url': ' '}]}
13:25:12 INFO  State of operation 17911037 : PENDING
13:25:14 INFO  State of operation 17911037 : EXECUTING
13:25:16 INFO  State of operation 17911037 : EXECUTING
13:25:19 INFO  State of operation 17911037 : EXECUTING
13:25:21 INFO  State of operation 17911037 : EXECUTING
13:25:23 INFO  State of operation 17911037 : EXECUTING
13:25:26 INFO  State of operation 17911037 : EXECUTING
13:25:28 INFO  State of operation 17911037 : EXECUTING
13:25:31 INFO  State of operation 17911037 : EXECUTING
13:25:33 INFO  State of operation 17911037 : EXECUTING
13:25:35 INFO  State of operation 17911037 : EXECUTING
13:25:38 INFO  State of operation 17911037 : EXECUTING
13:25:40 INFO  State of operation 17911037 : EXECUTING
13:25:42 INFO  State of operation 17911037 : EXECUTING
13:25:44 INFO  State of operation 17911037 : EXECUTING
13:25:46 INFO  State of operation 17911037 : SUCCESSFUL
13:25:47 INFO  Assert that (False == value) with value=False ... passed
13:25:47 INFO  Package asciijump is installed
13:25:47 INFO  Assert that (True == value) with value=True ... passed
13:25:47 INFO  Package squirrel3 is installed
13:25:47 INFO  Assert that (True == value) with value=True ... passed
13:25:47 INFO  Package robotfindskitten is installed
13:25:47 INFO  Assert that (True == value) with value=True ... passed
13:25:48 INFO  Response status: 201
13:25:48 INFO  Response to action: {
    &quot;creationTime&quot;: &quot;2022-04-28T13:25:47.977Z&quot;,
    &quot;deviceName&quot;: &quot;m32sd10a&quot;,
    &quot;deviceId&quot;: &quot;17889229&quot;,
    &quot;self&quot;: &quot;https://t493319102.eu-latest.cumulocity.com/devicecontrol/operations/17911045&quot;,
    &quot;id&quot;: &quot;17911045&quot;,
    &quot;status&quot;: &quot;PENDING&quot;,
    &quot;description&quot;: &quot;Apply software changes, triggered from PySys: [{'action': 'delete', 'id': '5475369', 'name': 'asciijump', 'url': ' ', 'version': '::apt'}, {'action': 'delete', 'id': '5474869', 'name': 'robotfindskitten', 'url': ' ', 'version': '::apt'}, {'action': 'delete', 'id': '5475279', 'name': 'squirrel3', 'url': ' ', 'version': '::apt'}]&quot;,
    &quot;c8y_SoftwareUpdate&quot;: [
        {
            &quot;name&quot;: &quot;asciijump&quot;,
            &quot;action&quot;: &quot;delete&quot;,
            &quot;id&quot;: &quot;5475369&quot;,
            &quot;version&quot;: &quot;::apt&quot;,
            &quot;url&quot;: &quot; &quot;
        },
        {
            &quot;name&quot;: &quot;robotfindskitten&quot;,
            &quot;action&quot;: &quot;delete&quot;,
            &quot;id&quot;: &quot;5474869&quot;,
            &quot;version&quot;: &quot;::apt&quot;,
            &quot;url&quot;: &quot; &quot;
        },
        {
            &quot;name&quot;: &quot;squirrel3&quot;,
            &quot;action&quot;: &quot;delete&quot;,
            &quot;id&quot;: &quot;5475279&quot;,
            &quot;version&quot;: &quot;::apt&quot;,
            &quot;url&quot;: &quot; &quot;
        }
    ]
}
13:25:48 INFO  Started operation: {'creationTime': '2022-04-28T13:25:47.977Z', 'deviceName': 'm32sd10a', 'deviceId': '17889229', 'self': 'https://t493319102.eu-latest.cumulocity.com/devicecontrol/operations/17911045', 'id': '17911045', 'status': 'PENDING', 'description': &quot;Apply software changes, triggered from PySys: [{'action': 'delete', 'id': '5475369', 'name': 'asciijump', 'url': ' ', 'version': '::apt'}, {'action': 'delete', 'id': '5474869', 'name': 'robotfindskitten', 'url': ' ', 'version': '::apt'}, {'action': 'delete', 'id': '5475279', 'name': 'squirrel3', 'url': ' ', 'version': '::apt'}]&quot;, 'c8y_SoftwareUpdate': [{'name': 'asciijump', 'action': 'delete', 'id': '5475369', 'version': '::apt', 'url': ' '}, {'name': 'robotfindskitten', 'action': 'delete', 'id': '5474869', 'version': '::apt', 'url': ' '}, {'name': 'squirrel3', 'action': 'delete', 'id': '5475279', 'version': '::apt', 'url': ' '}]}
13:25:50 INFO  State of operation 17911045 : PENDING
13:25:52 INFO  State of operation 17911045 : EXECUTING
13:25:54 INFO  State of operation 17911045 : EXECUTING
13:25:56 INFO  State of operation 17911045 : EXECUTING
13:25:59 INFO  State of operation 17911045 : EXECUTING
13:26:01 INFO  State of operation 17911045 : EXECUTING
13:26:03 INFO  State of operation 17911045 : EXECUTING
13:26:06 INFO  State of operation 17911045 : EXECUTING
13:26:09 INFO  State of operation 17911045 : EXECUTING
13:26:11 INFO  State of operation 17911045 : EXECUTING
13:26:13 INFO  State of operation 17911045 : EXECUTING
13:26:16 INFO  State of operation 17911045 : EXECUTING
13:26:18 INFO  State of operation 17911045 : EXECUTING
13:26:20 INFO  State of operation 17911045 : EXECUTING
13:26:23 INFO  State of operation 17911045 : EXECUTING
13:26:25 INFO  State of operation 17911045 : EXECUTING
13:26:27 INFO  State of operation 17911045 : EXECUTING
13:26:30 INFO  State of operation 17911045 : EXECUTING
13:26:32 INFO  State of operation 17911045 : EXECUTING
13:26:34 INFO  State of operation 17911045 : EXECUTING
13:26:37 INFO  State of operation 17911045 : EXECUTING
13:26:39 INFO  State of operation 17911045 : EXECUTING
13:26:41 INFO  State of operation 17911045 : EXECUTING
13:26:43 INFO  State of operation 17911045 : EXECUTING
13:26:46 INFO  State of operation 17911045 : EXECUTING
13:26:48 INFO  State of operation 17911045 : EXECUTING
13:26:51 INFO  State of operation 17911045 : EXECUTING
13:26:53 INFO  State of operation 17911045 : EXECUTING
13:26:55 INFO  State of operation 17911045 : SUCCESSFUL
13:26:56 INFO  Assert that (False == value) with value=False ... passed
13:26:56 INFO  Assert that (False == value) with value=False ... passed
13:26:56 INFO  Assert that (False == value) with value=False ... passed
13:26:56 INFO  Assert that (False == value) with value=False ... passed
13:26:56 INFO  
13:26:56 INFO  cleanup:
13:27:00 INFO  Executed sudo&lt;tedge_disconnect_c8y&gt;, exit status 0
13:27:01 INFO  Executed systemctl&lt;serv_mapper5&gt;, exit status 3
13:27:01 INFO  
13:27:01 INFO  Test duration: 138.19 secs
13:27:01 INFO  Test final outcome:  FAILED
13:27:01 INFO  Test outcome reason: Assert that (False == value) with value=True (+2 other failures)
13:27:01 INFO  
</system-out>
	</testcase>
</testsuite>
