<?xml version="1.0" encoding="utf-8"?>
<testsuite failures="1" name="SoftwareManagement.sm_mixed_install_remove_multiple" skipped="0" tests="1" time="164.84" timestamp="2022-04-25T22:55:14">
	<testcase classname="PySysTest" name="SoftwareManagement.sm_mixed_install_remove_multiple">
		<failure message="BLOCKED: SystemError: Timeout while waiting for status FAILED or SUCCESSFUL" type="BLOCKED"/>
		<system-out>22:52:29 INFO  ==============================================================
22:52:29 INFO  Id:    SoftwareManagement.sm_mixed_install_remove_multiple
22:52:29 INFO  Dir:   software_management_end_to_end/
22:52:29 INFO  Title: Validate end to end behaviour for the dummy-plugin for multiple packages with mixed versions
22:52:29 INFO  ==============================================================
22:52:29 INFO  Using sw id database: {'asciijump': '5475369', 'robotfindskitten': '5474869', 'squirrel3': '5475279', 'rolldice': '5152439', 'moon-buggy': '5439204', 'apple': '5495053', 'banana': '5494888', 'cherry': '5495382', 'watermelon': '5494510', 'registry': '8018911', 'hello-world': '8021526', 'docker/getting-started': '8021973', 'alpine': '7991792'}
22:52:29 INFO  EnvironmentC8y Setup
22:52:30 INFO  Executed systemctl&lt;serv_mapper1&gt;, exit status 3
22:52:30 INFO  Restarting mosquitto too frequently in the last 10 seconds. It was only up for 5 seconds
22:52:30 INFO  Delaying execution by 6 seconds
22:52:50 INFO  Executed sudo&lt;tedge_connect_c8y&gt;, exit status 0, duration 14 secs
22:52:50 INFO  Executed sudo&lt;tedge_connect_c8y_test&gt;, exit status 0
22:52:51 INFO  Executed systemctl&lt;serv_mosq2&gt;, exit status 0
22:52:51 INFO  Executed systemctl&lt;serv_mapper3&gt;, exit status 0
22:52:54 INFO  State of current operation: PENDING
22:52:56 INFO  State of current operation: PENDING
22:52:58 INFO  State of current operation: PENDING
22:53:00 INFO  State of current operation: PENDING
22:53:02 INFO  State of current operation: PENDING
22:53:05 INFO  State of current operation: PENDING
22:53:07 INFO  State of current operation: PENDING
22:53:09 INFO  State of current operation: PENDING
22:53:11 INFO  State of current operation: PENDING
22:53:14 INFO  State of current operation: PENDING
22:53:16 INFO  State of current operation: PENDING
22:53:18 INFO  State of current operation: PENDING
22:53:20 INFO  State of current operation: PENDING
22:53:22 INFO  State of current operation: PENDING
22:53:25 INFO  State of current operation: PENDING
22:53:27 INFO  State of current operation: PENDING
22:53:29 INFO  State of current operation: PENDING
22:53:31 INFO  State of current operation: PENDING
22:53:34 INFO  State of current operation: PENDING
22:53:36 INFO  State of current operation: PENDING
22:53:38 INFO  State of current operation: PENDING
22:53:40 INFO  State of current operation: PENDING
22:53:42 INFO  State of current operation: PENDING
22:53:45 INFO  State of current operation: PENDING
22:53:47 INFO  State of current operation: PENDING
22:53:49 INFO  State of current operation: PENDING
22:53:51 INFO  State of current operation: PENDING
22:53:54 INFO  State of current operation: PENDING
22:53:56 INFO  State of current operation: PENDING
22:53:58 INFO  State of current operation: PENDING
22:54:00 INFO  State of current operation: PENDING
22:54:03 INFO  State of current operation: PENDING
22:54:05 INFO  State of current operation: PENDING
22:54:07 INFO  State of current operation: PENDING
22:54:09 INFO  State of current operation: PENDING
22:54:11 INFO  State of current operation: PENDING
22:54:14 INFO  State of current operation: PENDING
22:54:16 INFO  State of current operation: PENDING
22:54:18 INFO  State of current operation: PENDING
22:54:20 INFO  State of current operation: PENDING
22:54:23 INFO  State of current operation: PENDING
22:54:25 INFO  State of current operation: PENDING
22:54:27 INFO  State of current operation: PENDING
22:54:29 INFO  State of current operation: PENDING
22:54:31 INFO  State of current operation: PENDING
22:54:34 INFO  State of current operation: PENDING
22:54:36 INFO  State of current operation: PENDING
22:54:38 INFO  State of current operation: PENDING
22:54:40 INFO  State of current operation: PENDING
22:54:43 INFO  State of current operation: PENDING
22:54:45 INFO  State of current operation: PENDING
22:54:47 INFO  State of current operation: PENDING
22:54:49 INFO  State of current operation: PENDING
22:54:52 INFO  State of current operation: PENDING
22:54:54 INFO  State of current operation: PENDING
22:54:56 INFO  State of current operation: PENDING
22:54:58 INFO  State of current operation: PENDING
22:55:00 INFO  State of current operation: PENDING
22:55:03 INFO  State of current operation: PENDING
22:55:05 INFO  State of current operation: PENDING
22:55:07 INFO  State of current operation: PENDING
22:55:09 WARN  SystemError occurred while running test - Timeout while waiting for status FAILED or SUCCESSFUL
Traceback (most recent call last):
  File &quot;/home/pi/env-pysys/lib/python3.7/site-packages/pysys/baserunner.py&quot;, line 1292, in __call__
    self.testObj.setup()
  File &quot;/home/pi/actions-runner/_work/thin-edge.io/thin-edge.io/tests/PySys/software_management_end_to_end/sm_mixed_install_remove_multiple/run.py&quot;, line 83, in setup
    super().setup()
  File &quot;/home/pi/actions-runner/_work/thin-edge.io/thin-edge.io/tests/PySys/software_management_end_to_end/environment_sm_management.py&quot;, line 151, in setup
    self.wait_until_end()
  File &quot;/home/pi/actions-runner/_work/thin-edge.io/thin-edge.io/tests/PySys/software_management_end_to_end/environment_sm_management.py&quot;, line 332, in wait_until_end
    self.wait_until_status(&quot;FAILED&quot;, &quot;SUCCESSFUL&quot;)
  File &quot;/home/pi/actions-runner/_work/thin-edge.io/thin-edge.io/tests/PySys/software_management_end_to_end/environment_sm_management.py&quot;, line 381, in wait_until_status
    &quot;Timeout while waiting for status %s or %s&quot; % (status, status2)
SystemError: Timeout while waiting for status FAILED or SUCCESSFUL
22:55:09 WARN  SystemError: Timeout while waiting for status FAILED or SUCCESSFUL ... blocked 
22:55:09 INFO  
22:55:09 INFO  cleanup:
22:55:13 INFO  Executed sudo&lt;tedge_disconnect_c8y&gt;, exit status 0
22:55:14 INFO  Executed systemctl&lt;serv_mapper5&gt;, exit status 3
22:55:14 INFO  
22:55:14 INFO  Test duration: 164.84 secs
22:55:14 INFO  Test final outcome:  BLOCKED
22:55:14 INFO  Test outcome reason: SystemError: Timeout while waiting for status FAILED or SUCCESSFUL
22:55:14 INFO  
</system-out>
	</testcase>
</testsuite>
