<?xml version="1.0" encoding="utf-8"?>
<testsuite failures="1" name="SoftwareManagement.sm_apt_install_remove_multiple" skipped="0" tests="1" time="139.34" timestamp="2022-05-12T10:04:34">
	<testcase classname="PySysTest" name="SoftwareManagement.sm_apt_install_remove_multiple">
		<failure message="FAILED: Assert that (False == value) with value=True (+2 other failures)" type="FAILED"/>
		<system-out>10:02:15 INFO  ==============================================================
10:02:15 INFO  Id:    SoftwareManagement.sm_apt_install_remove_multiple
10:02:15 INFO  Dir:   software_management_end_to_end/
10:02:15 INFO  Title: Validate end to end behaviour for the apt plugin for multiple packages
10:02:15 INFO  ==============================================================
10:02:15 INFO  Using sw id database: {'asciijump': '5475369', 'robotfindskitten': '5474869', 'squirrel3': '5475279', 'rolldice': '5152439', 'moon-buggy': '5439204', 'apple': '5495053', 'banana': '5494888', 'cherry': '5495382', 'watermelon': '5494510', 'registry': '8018911', 'hello-world': '8021526', 'docker/getting-started': '8021973', 'alpine': '7991792'}
10:02:15 INFO  EnvironmentC8y Setup
10:02:15 INFO  Executed systemctl&lt;serv_mapper1&gt;, exit status 3
10:02:16 INFO  Restarting mosquitto too frequently in the last 10 seconds. It was only up for 5 seconds
10:02:16 INFO  Delaying execution by 6 seconds
10:02:36 INFO  Executed sudo&lt;tedge_connect_c8y&gt;, exit status 0, duration 14 secs
10:02:36 INFO  Executed sudo&lt;tedge_connect_c8y_test&gt;, exit status 0
10:02:37 INFO  Executed systemctl&lt;serv_mosq2&gt;, exit status 0
10:02:37 INFO  Executed systemctl&lt;serv_mapper3&gt;, exit status 0
10:02:39 INFO  State of current operation: SUCCESSFUL
10:02:40 INFO  Assert that (False == value) with value=False ... passed
10:02:40 INFO  Package asciijump is installed
10:02:40 WARN  Assert that (False == value) with value=True ... failed 
10:02:41 INFO  Package squirrel3 is installed
10:02:41 WARN  Assert that (False == value) with value=True ... failed 
10:02:41 INFO  Package robotfindskitten is installed
10:02:41 WARN  Assert that (False == value) with value=True ... failed 
10:02:41 INFO  Response status: 201
10:02:41 INFO  Response to action: {
    &quot;delivery&quot;: {
        &quot;time&quot;: &quot;2022-05-12T10:02:41.489Z&quot;,
        &quot;log&quot;: [],
        &quot;status&quot;: &quot;PENDING&quot;
    },
    &quot;creationTime&quot;: &quot;2022-05-12T10:02:41.477Z&quot;,
    &quot;deviceId&quot;: &quot;18906809&quot;,
    &quot;deviceName&quot;: &quot;m32sd10a&quot;,
    &quot;self&quot;: &quot;https://t493319102.eu-latest.cumulocity.com/devicecontrol/operations/18945118&quot;,
    &quot;id&quot;: &quot;18945118&quot;,
    &quot;status&quot;: &quot;PENDING&quot;,
    &quot;description&quot;: &quot;Apply software changes, triggered from PySys: [{'action': 'install', 'id': '5475369', 'name': 'asciijump', 'url': ' ', 'version': '::apt'}, {'action': 'install', 'id': '5474869', 'name': 'robotfindskitten', 'url': ' ', 'version': '::apt'}, {'action': 'install', 'id': '5475279', 'name': 'squirrel3', 'url': ' ', 'version': '::apt'}]&quot;,
    &quot;c8y_SoftwareUpdate&quot;: [
        {
            &quot;name&quot;: &quot;asciijump&quot;,
            &quot;action&quot;: &quot;install&quot;,
            &quot;id&quot;: &quot;5475369&quot;,
            &quot;version&quot;: &quot;::apt&quot;,
            &quot;url&quot;: &quot; &quot;
        },
        {
            &quot;name&quot;: &quot;robotfindskitten&quot;,
            &quot;action&quot;: &quot;install&quot;,
            &quot;id&quot;: &quot;5474869&quot;,
            &quot;version&quot;: &quot;::apt&quot;,
            &quot;url&quot;: &quot; &quot;
        },
        {
            &quot;name&quot;: &quot;squirrel3&quot;,
            &quot;action&quot;: &quot;install&quot;,
            &quot;id&quot;: &quot;5475279&quot;,
            &quot;version&quot;: &quot;::apt&quot;,
            &quot;url&quot;: &quot; &quot;
        }
    ]
}
10:02:41 INFO  Started operation: {'delivery': {'time': '2022-05-12T10:02:41.489Z', 'log': [], 'status': 'PENDING'}, 'creationTime': '2022-05-12T10:02:41.477Z', 'deviceId': '18906809', 'deviceName': 'm32sd10a', 'self': 'https://t493319102.eu-latest.cumulocity.com/devicecontrol/operations/18945118', 'id': '18945118', 'status': 'PENDING', 'description': &quot;Apply software changes, triggered from PySys: [{'action': 'install', 'id': '5475369', 'name': 'asciijump', 'url': ' ', 'version': '::apt'}, {'action': 'install', 'id': '5474869', 'name': 'robotfindskitten', 'url': ' ', 'version': '::apt'}, {'action': 'install', 'id': '5475279', 'name': 'squirrel3', 'url': ' ', 'version': '::apt'}]&quot;, 'c8y_SoftwareUpdate': [{'name': 'asciijump', 'action': 'install', 'id': '5475369', 'version': '::apt', 'url': ' '}, {'name': 'robotfindskitten', 'action': 'install', 'id': '5474869', 'version': '::apt', 'url': ' '}, {'name': 'squirrel3', 'action': 'install', 'id': '5475279', 'version': '::apt', 'url': ' '}]}
10:02:43 INFO  State of operation 18945118 : PENDING
10:02:45 INFO  State of operation 18945118 : EXECUTING
10:02:48 INFO  State of operation 18945118 : EXECUTING
10:02:50 INFO  State of operation 18945118 : EXECUTING
10:02:52 INFO  State of operation 18945118 : EXECUTING
10:02:54 INFO  State of operation 18945118 : EXECUTING
10:02:57 INFO  State of operation 18945118 : EXECUTING
10:03:00 INFO  State of operation 18945118 : EXECUTING
10:03:02 INFO  State of operation 18945118 : EXECUTING
10:03:05 INFO  State of operation 18945118 : EXECUTING
10:03:07 INFO  State of operation 18945118 : EXECUTING
10:03:09 INFO  State of operation 18945118 : EXECUTING
10:03:11 INFO  State of operation 18945118 : EXECUTING
10:03:14 INFO  State of operation 18945118 : EXECUTING
10:03:16 INFO  State of operation 18945118 : EXECUTING
10:03:18 INFO  State of operation 18945118 : SUCCESSFUL
10:03:18 INFO  Assert that (False == value) with value=False ... passed
10:03:18 INFO  Package asciijump is installed
10:03:18 INFO  Assert that (True == value) with value=True ... passed
10:03:19 INFO  Package squirrel3 is installed
10:03:19 INFO  Assert that (True == value) with value=True ... passed
10:03:19 INFO  Package robotfindskitten is installed
10:03:19 INFO  Assert that (True == value) with value=True ... passed
10:03:19 INFO  Response status: 201
10:03:19 INFO  Response to action: {
    &quot;delivery&quot;: {
        &quot;time&quot;: &quot;2022-05-12T10:03:19.520Z&quot;,
        &quot;log&quot;: [],
        &quot;status&quot;: &quot;PENDING&quot;
    },
    &quot;creationTime&quot;: &quot;2022-05-12T10:03:19.506Z&quot;,
    &quot;deviceId&quot;: &quot;18906809&quot;,
    &quot;deviceName&quot;: &quot;m32sd10a&quot;,
    &quot;self&quot;: &quot;https://t493319102.eu-latest.cumulocity.com/devicecontrol/operations/18945142&quot;,
    &quot;id&quot;: &quot;18945142&quot;,
    &quot;status&quot;: &quot;PENDING&quot;,
    &quot;description&quot;: &quot;Apply software changes, triggered from PySys: [{'action': 'delete', 'id': '5475369', 'name': 'asciijump', 'url': ' ', 'version': '::apt'}, {'action': 'delete', 'id': '5474869', 'name': 'robotfindskitten', 'url': ' ', 'version': '::apt'}, {'action': 'delete', 'id': '5475279', 'name': 'squirrel3', 'url': ' ', 'version': '::apt'}]&quot;,
    &quot;c8y_SoftwareUpdate&quot;: [
        {
            &quot;name&quot;: &quot;asciijump&quot;,
            &quot;action&quot;: &quot;delete&quot;,
            &quot;id&quot;: &quot;5475369&quot;,
            &quot;version&quot;: &quot;::apt&quot;,
            &quot;url&quot;: &quot; &quot;
        },
        {
            &quot;name&quot;: &quot;robotfindskitten&quot;,
            &quot;action&quot;: &quot;delete&quot;,
            &quot;id&quot;: &quot;5474869&quot;,
            &quot;version&quot;: &quot;::apt&quot;,
            &quot;url&quot;: &quot; &quot;
        },
        {
            &quot;name&quot;: &quot;squirrel3&quot;,
            &quot;action&quot;: &quot;delete&quot;,
            &quot;id&quot;: &quot;5475279&quot;,
            &quot;version&quot;: &quot;::apt&quot;,
            &quot;url&quot;: &quot; &quot;
        }
    ]
}
10:03:19 INFO  Started operation: {'delivery': {'time': '2022-05-12T10:03:19.520Z', 'log': [], 'status': 'PENDING'}, 'creationTime': '2022-05-12T10:03:19.506Z', 'deviceId': '18906809', 'deviceName': 'm32sd10a', 'self': 'https://t493319102.eu-latest.cumulocity.com/devicecontrol/operations/18945142', 'id': '18945142', 'status': 'PENDING', 'description': &quot;Apply software changes, triggered from PySys: [{'action': 'delete', 'id': '5475369', 'name': 'asciijump', 'url': ' ', 'version': '::apt'}, {'action': 'delete', 'id': '5474869', 'name': 'robotfindskitten', 'url': ' ', 'version': '::apt'}, {'action': 'delete', 'id': '5475279', 'name': 'squirrel3', 'url': ' ', 'version': '::apt'}]&quot;, 'c8y_SoftwareUpdate': [{'name': 'asciijump', 'action': 'delete', 'id': '5475369', 'version': '::apt', 'url': ' '}, {'name': 'robotfindskitten', 'action': 'delete', 'id': '5474869', 'version': '::apt', 'url': ' '}, {'name': 'squirrel3', 'action': 'delete', 'id': '5475279', 'version': '::apt', 'url': ' '}]}
10:03:21 INFO  State of operation 18945142 : PENDING
10:03:24 INFO  State of operation 18945142 : EXECUTING
10:03:26 INFO  State of operation 18945142 : EXECUTING
10:03:28 INFO  State of operation 18945142 : EXECUTING
10:03:30 INFO  State of operation 18945142 : EXECUTING
10:03:32 INFO  State of operation 18945142 : EXECUTING
10:03:35 INFO  State of operation 18945142 : EXECUTING
10:03:38 INFO  State of operation 18945142 : EXECUTING
10:03:40 INFO  State of operation 18945142 : EXECUTING
10:03:42 INFO  State of operation 18945142 : EXECUTING
10:03:45 INFO  State of operation 18945142 : EXECUTING
10:03:47 INFO  State of operation 18945142 : EXECUTING
10:03:49 INFO  State of operation 18945142 : EXECUTING
10:03:51 INFO  State of operation 18945142 : EXECUTING
10:03:54 INFO  State of operation 18945142 : EXECUTING
10:03:56 INFO  State of operation 18945142 : EXECUTING
10:03:58 INFO  State of operation 18945142 : EXECUTING
10:04:01 INFO  State of operation 18945142 : EXECUTING
10:04:03 INFO  State of operation 18945142 : EXECUTING
10:04:06 INFO  State of operation 18945142 : EXECUTING
10:04:08 INFO  State of operation 18945142 : EXECUTING
10:04:10 INFO  State of operation 18945142 : EXECUTING
10:04:12 INFO  State of operation 18945142 : EXECUTING
10:04:15 INFO  State of operation 18945142 : EXECUTING
10:04:17 INFO  State of operation 18945142 : EXECUTING
10:04:19 INFO  State of operation 18945142 : EXECUTING
10:04:22 INFO  State of operation 18945142 : EXECUTING
10:04:24 INFO  State of operation 18945142 : EXECUTING
10:04:26 INFO  State of operation 18945142 : EXECUTING
10:04:29 INFO  State of operation 18945142 : SUCCESSFUL
10:04:29 INFO  Assert that (False == value) with value=False ... passed
10:04:29 INFO  Assert that (False == value) with value=False ... passed
10:04:29 INFO  Assert that (False == value) with value=False ... passed
10:04:30 INFO  Assert that (False == value) with value=False ... passed
10:04:30 INFO  
10:04:30 INFO  cleanup:
10:04:34 INFO  Executed sudo&lt;tedge_disconnect_c8y&gt;, exit status 0
10:04:34 INFO  Executed systemctl&lt;serv_mapper5&gt;, exit status 3
10:04:34 INFO  
10:04:34 INFO  Test duration: 139.34 secs
10:04:34 INFO  Test final outcome:  FAILED
10:04:34 INFO  Test outcome reason: Assert that (False == value) with value=True (+2 other failures)
10:04:34 INFO  
</system-out>
	</testcase>
</testsuite>
