<?xml version="1.0" encoding="utf-8"?>
<testsuite failures="1" name="SoftwareManagement.sm_apt_install_remove_multiple_mixed" skipped="0" tests="1" time="165.69" timestamp="2022-04-25T22:41:27">
	<testcase classname="PySysTest" name="SoftwareManagement.sm_apt_install_remove_multiple_mixed">
		<failure message="BLOCKED: SystemError: Timeout while waiting for status FAILED or SUCCESSFUL" type="BLOCKED"/>
		<system-out>22:38:42 INFO  ==============================================================
22:38:42 INFO  Id:    SoftwareManagement.sm_apt_install_remove_multiple_mixed
22:38:42 INFO  Dir:   software_management_end_to_end/
22:38:42 INFO  Title: Validate end to end behaviour for the apt plugin for multiple packages with mixed versions
22:38:42 INFO  ==============================================================
22:38:42 INFO  Using sw id database: {'asciijump': '5475369', 'robotfindskitten': '5474869', 'squirrel3': '5475279', 'rolldice': '5152439', 'moon-buggy': '5439204', 'apple': '5495053', 'banana': '5494888', 'cherry': '5495382', 'watermelon': '5494510', 'registry': '8018911', 'hello-world': '8021526', 'docker/getting-started': '8021973', 'alpine': '7991792'}
22:38:42 INFO  EnvironmentC8y Setup
22:38:42 INFO  Executed systemctl&lt;serv_mapper1&gt;, exit status 3
22:38:43 INFO  Restarting mosquitto too frequently in the last 10 seconds. It was only up for 4 seconds
22:38:43 INFO  Delaying execution by 7 seconds
22:39:03 INFO  Executed sudo&lt;tedge_connect_c8y&gt;, exit status 0, duration 13 secs
22:39:04 INFO  Executed sudo&lt;tedge_connect_c8y_test&gt;, exit status 0
22:39:04 INFO  Executed systemctl&lt;serv_mosq2&gt;, exit status 0
22:39:05 INFO  Executed systemctl&lt;serv_mapper3&gt;, exit status 0
22:39:07 INFO  State of current operation: PENDING
22:39:09 INFO  State of current operation: PENDING
22:39:12 INFO  State of current operation: PENDING
22:39:14 INFO  State of current operation: PENDING
22:39:16 INFO  State of current operation: PENDING
22:39:18 INFO  State of current operation: PENDING
22:39:21 INFO  State of current operation: PENDING
22:39:23 INFO  State of current operation: PENDING
22:39:25 INFO  State of current operation: PENDING
22:39:27 INFO  State of current operation: PENDING
22:39:29 INFO  State of current operation: PENDING
22:39:32 INFO  State of current operation: PENDING
22:39:34 INFO  State of current operation: PENDING
22:39:36 INFO  State of current operation: PENDING
22:39:38 INFO  State of current operation: PENDING
22:39:41 INFO  State of current operation: PENDING
22:39:43 INFO  State of current operation: PENDING
22:39:45 INFO  State of current operation: PENDING
22:39:47 INFO  State of current operation: PENDING
22:39:49 INFO  State of current operation: PENDING
22:39:52 INFO  State of current operation: PENDING
22:39:54 INFO  State of current operation: PENDING
22:39:56 INFO  State of current operation: PENDING
22:39:58 INFO  State of current operation: PENDING
22:40:01 INFO  State of current operation: PENDING
22:40:03 INFO  State of current operation: PENDING
22:40:05 INFO  State of current operation: PENDING
22:40:07 INFO  State of current operation: PENDING
22:40:09 INFO  State of current operation: PENDING
22:40:12 INFO  State of current operation: PENDING
22:40:14 INFO  State of current operation: PENDING
22:40:16 INFO  State of current operation: PENDING
22:40:18 INFO  State of current operation: PENDING
22:40:21 INFO  State of current operation: PENDING
22:40:23 INFO  State of current operation: PENDING
22:40:25 INFO  State of current operation: PENDING
22:40:27 INFO  State of current operation: PENDING
22:40:29 INFO  State of current operation: PENDING
22:40:32 INFO  State of current operation: PENDING
22:40:34 INFO  State of current operation: PENDING
22:40:36 INFO  State of current operation: PENDING
22:40:38 INFO  State of current operation: PENDING
22:40:41 INFO  State of current operation: PENDING
22:40:43 INFO  State of current operation: PENDING
22:40:45 INFO  State of current operation: PENDING
22:40:47 INFO  State of current operation: PENDING
22:40:49 INFO  State of current operation: PENDING
22:40:52 INFO  State of current operation: PENDING
22:40:54 INFO  State of current operation: PENDING
22:40:56 INFO  State of current operation: PENDING
22:40:58 INFO  State of current operation: PENDING
22:41:01 INFO  State of current operation: PENDING
22:41:03 INFO  State of current operation: PENDING
22:41:05 INFO  State of current operation: PENDING
22:41:07 INFO  State of current operation: PENDING
22:41:10 INFO  State of current operation: PENDING
22:41:12 INFO  State of current operation: PENDING
22:41:14 INFO  State of current operation: PENDING
22:41:16 INFO  State of current operation: PENDING
22:41:18 INFO  State of current operation: PENDING
22:41:21 INFO  State of current operation: PENDING
22:41:23 WARN  SystemError occurred while running test - Timeout while waiting for status FAILED or SUCCESSFUL
Traceback (most recent call last):
  File &quot;/home/pi/env-pysys/lib/python3.7/site-packages/pysys/baserunner.py&quot;, line 1292, in __call__
    self.testObj.setup()
  File &quot;/home/pi/actions-runner/_work/thin-edge.io/thin-edge.io/tests/PySys/software_management_end_to_end/sm_apt_install_remove_multiple_mixed/run.py&quot;, line 73, in setup
    super().setup()
  File &quot;/home/pi/actions-runner/_work/thin-edge.io/thin-edge.io/tests/PySys/software_management_end_to_end/environment_sm_management.py&quot;, line 151, in setup
    self.wait_until_end()
  File &quot;/home/pi/actions-runner/_work/thin-edge.io/thin-edge.io/tests/PySys/software_management_end_to_end/environment_sm_management.py&quot;, line 332, in wait_until_end
    self.wait_until_status(&quot;FAILED&quot;, &quot;SUCCESSFUL&quot;)
  File &quot;/home/pi/actions-runner/_work/thin-edge.io/thin-edge.io/tests/PySys/software_management_end_to_end/environment_sm_management.py&quot;, line 381, in wait_until_status
    &quot;Timeout while waiting for status %s or %s&quot; % (status, status2)
SystemError: Timeout while waiting for status FAILED or SUCCESSFUL
22:41:23 WARN  SystemError: Timeout while waiting for status FAILED or SUCCESSFUL ... blocked 
22:41:23 INFO  
22:41:23 INFO  cleanup:
22:41:27 INFO  Executed sudo&lt;tedge_disconnect_c8y&gt;, exit status 0
22:41:27 INFO  Executed systemctl&lt;serv_mapper5&gt;, exit status 3
22:41:27 INFO  
22:41:27 INFO  Test duration: 165.69 secs
22:41:27 INFO  Test final outcome:  BLOCKED
22:41:27 INFO  Test outcome reason: SystemError: Timeout while waiting for status FAILED or SUCCESSFUL
22:41:27 INFO  
</system-out>
	</testcase>
</testsuite>
