<?xml version="1.0" encoding="utf-8"?>
<testsuite failures="1" name="SoftwareManagement.sm_apt_install_remove_multiple_mixed" skipped="0" tests="1" time="176.78" timestamp="2022-05-03T15:23:42">
	<testcase classname="PySysTest" name="SoftwareManagement.sm_apt_install_remove_multiple_mixed">
		<failure message="BLOCKED: SystemError: Timeout while waiting for status SUCCESSFUL or False (+1 other failures)" type="BLOCKED"/>
		<system-out>15:20:45 INFO  ==============================================================
15:20:45 INFO  Id:    SoftwareManagement.sm_apt_install_remove_multiple_mixed
15:20:45 INFO  Dir:   software_management_end_to_end/
15:20:45 INFO  Title: Validate end to end behaviour for the apt plugin for multiple packages with mixed versions
15:20:45 INFO  ==============================================================
15:20:46 INFO  Using sw id database: {'asciijump': '5475369', 'robotfindskitten': '5474869', 'squirrel3': '5475279', 'rolldice': '5152439', 'moon-buggy': '5439204', 'apple': '5495053', 'banana': '5494888', 'cherry': '5495382', 'watermelon': '5494510', 'registry': '8018911', 'hello-world': '8021526', 'docker/getting-started': '8021973', 'alpine': '7991792'}
15:20:46 INFO  EnvironmentC8y Setup
15:20:46 INFO  Executed systemctl&lt;serv_mapper1&gt;, exit status 3
15:20:46 INFO  Restarting mosquitto too frequently in the last 10 seconds. It was only up for 5 seconds
15:20:46 INFO  Delaying execution by 6 seconds
15:21:06 INFO  Executed sudo&lt;tedge_connect_c8y&gt;, exit status 0, duration 13 secs
15:21:07 INFO  Executed sudo&lt;tedge_connect_c8y_test&gt;, exit status 0
15:21:07 INFO  Executed systemctl&lt;serv_mosq2&gt;, exit status 0
15:21:08 INFO  Executed systemctl&lt;serv_mapper3&gt;, exit status 0
15:21:10 INFO  State of current operation: SUCCESSFUL
15:21:10 INFO  Assert that (False == value) with value=False ... passed
15:21:11 INFO  Assert that (False == value) with value=False ... passed
15:21:11 INFO  Assert that (False == value) with value=False ... passed
15:21:11 INFO  Assert that (False == value) with value=False ... passed
15:21:11 INFO  Package moon-buggy is installed
15:21:11 WARN  Assert that (False == value) with value=True ... failed 
15:21:13 INFO  Response status: 201
15:21:13 INFO  Response to action: {
    &quot;delivery&quot;: {
        &quot;time&quot;: &quot;2022-05-03T15:21:12.991Z&quot;,
        &quot;log&quot;: [],
        &quot;status&quot;: &quot;PENDING&quot;
    },
    &quot;creationTime&quot;: &quot;2022-05-03T15:21:12.977Z&quot;,
    &quot;deviceName&quot;: &quot;m32sd10a&quot;,
    &quot;deviceId&quot;: &quot;18298589&quot;,
    &quot;self&quot;: &quot;https://t493319102.eu-latest.cumulocity.com/devicecontrol/operations/18313957&quot;,
    &quot;id&quot;: &quot;18313957&quot;,
    &quot;status&quot;: &quot;PENDING&quot;,
    &quot;description&quot;: &quot;Apply software changes, triggered from PySys: [{'action': 'install', 'id': '5475369', 'name': 'asciijump', 'url': ' ', 'version': '::apt'}, {'action': 'install', 'id': '5474869', 'name': 'robotfindskitten', 'url': ' ', 'version': ' '}, {'action': 'install', 'id': '5475279', 'name': 'squirrel3', 'url': ' ', 'version': '3.1-7::apt'}, {'action': 'install', 'id': '5152439', 'name': 'rolldice', 'url': ' ', 'version': '1.16-1+b1'}, {'action': 'install', 'id': '5439204', 'name': 'moon-buggy', 'url': ' ', 'version': '1:1.0.51-12'}, {'action': 'install', 'id': '5475369', 'name': 'asciijump', 'url': ' ', 'version': '::apt'}]&quot;,
    &quot;c8y_SoftwareUpdate&quot;: [
        {
            &quot;name&quot;: &quot;asciijump&quot;,
            &quot;action&quot;: &quot;install&quot;,
            &quot;id&quot;: &quot;5475369&quot;,
            &quot;version&quot;: &quot;::apt&quot;,
            &quot;url&quot;: &quot; &quot;
        },
        {
            &quot;name&quot;: &quot;robotfindskitten&quot;,
            &quot;action&quot;: &quot;install&quot;,
            &quot;id&quot;: &quot;5474869&quot;,
            &quot;version&quot;: &quot; &quot;,
            &quot;url&quot;: &quot; &quot;
        },
        {
            &quot;name&quot;: &quot;squirrel3&quot;,
            &quot;action&quot;: &quot;install&quot;,
            &quot;id&quot;: &quot;5475279&quot;,
            &quot;version&quot;: &quot;3.1-7::apt&quot;,
            &quot;url&quot;: &quot; &quot;
        },
        {
            &quot;name&quot;: &quot;rolldice&quot;,
            &quot;action&quot;: &quot;install&quot;,
            &quot;id&quot;: &quot;5152439&quot;,
            &quot;version&quot;: &quot;1.16-1+b1&quot;,
            &quot;url&quot;: &quot; &quot;
        },
        {
            &quot;name&quot;: &quot;moon-buggy&quot;,
            &quot;action&quot;: &quot;install&quot;,
            &quot;id&quot;: &quot;5439204&quot;,
            &quot;version&quot;: &quot;1:1.0.51-12&quot;,
            &quot;url&quot;: &quot; &quot;
        },
        {
            &quot;name&quot;: &quot;asciijump&quot;,
            &quot;action&quot;: &quot;install&quot;,
            &quot;id&quot;: &quot;5475369&quot;,
            &quot;version&quot;: &quot;::apt&quot;,
            &quot;url&quot;: &quot; &quot;
        }
    ]
}
15:21:13 INFO  Started operation: {'delivery': {'time': '2022-05-03T15:21:12.991Z', 'log': [], 'status': 'PENDING'}, 'creationTime': '2022-05-03T15:21:12.977Z', 'deviceName': 'm32sd10a', 'deviceId': '18298589', 'self': 'https://t493319102.eu-latest.cumulocity.com/devicecontrol/operations/18313957', 'id': '18313957', 'status': 'PENDING', 'description': &quot;Apply software changes, triggered from PySys: [{'action': 'install', 'id': '5475369', 'name': 'asciijump', 'url': ' ', 'version': '::apt'}, {'action': 'install', 'id': '5474869', 'name': 'robotfindskitten', 'url': ' ', 'version': ' '}, {'action': 'install', 'id': '5475279', 'name': 'squirrel3', 'url': ' ', 'version': '3.1-7::apt'}, {'action': 'install', 'id': '5152439', 'name': 'rolldice', 'url': ' ', 'version': '1.16-1+b1'}, {'action': 'install', 'id': '5439204', 'name': 'moon-buggy', 'url': ' ', 'version': '1:1.0.51-12'}, {'action': 'install', 'id': '5475369', 'name': 'asciijump', 'url': ' ', 'version': '::apt'}]&quot;, 'c8y_SoftwareUpdate': [{'name': 'asciijump', 'action': 'install', 'id': '5475369', 'version': '::apt', 'url': ' '}, {'name': 'robotfindskitten', 'action': 'install', 'id': '5474869', 'version': ' ', 'url': ' '}, {'name': 'squirrel3', 'action': 'install', 'id': '5475279', 'version': '3.1-7::apt', 'url': ' '}, {'name': 'rolldice', 'action': 'install', 'id': '5152439', 'version': '1.16-1+b1', 'url': ' '}, {'name': 'moon-buggy', 'action': 'install', 'id': '5439204', 'version': '1:1.0.51-12', 'url': ' '}, {'name': 'asciijump', 'action': 'install', 'id': '5475369', 'version': '::apt', 'url': ' '}]}
15:21:15 INFO  State of operation 18313957 : PENDING
15:21:17 INFO  State of operation 18313957 : EXECUTING
15:21:19 INFO  State of operation 18313957 : EXECUTING
15:21:21 INFO  State of operation 18313957 : EXECUTING
15:21:24 INFO  State of operation 18313957 : EXECUTING
15:21:26 INFO  State of operation 18313957 : EXECUTING
15:21:29 INFO  State of operation 18313957 : EXECUTING
15:21:32 INFO  State of operation 18313957 : EXECUTING
15:21:34 INFO  State of operation 18313957 : EXECUTING
15:21:36 INFO  State of operation 18313957 : EXECUTING
15:21:39 INFO  State of operation 18313957 : EXECUTING
15:21:41 INFO  State of operation 18313957 : EXECUTING
15:21:43 INFO  State of operation 18313957 : EXECUTING
15:21:45 INFO  State of operation 18313957 : EXECUTING
15:21:48 INFO  State of operation 18313957 : EXECUTING
15:21:50 INFO  State of operation 18313957 : EXECUTING
15:21:52 INFO  State of operation 18313957 : EXECUTING
15:21:55 INFO  State of operation 18313957 : EXECUTING
15:21:57 INFO  State of operation 18313957 : EXECUTING
15:22:00 INFO  State of operation 18313957 : EXECUTING
15:22:02 INFO  State of operation 18313957 : EXECUTING
15:22:04 INFO  State of operation 18313957 : EXECUTING
15:22:07 INFO  State of operation 18313957 : EXECUTING
15:22:09 INFO  State of operation 18313957 : EXECUTING
15:22:11 INFO  State of operation 18313957 : EXECUTING
15:22:13 INFO  State of operation 18313957 : EXECUTING
15:22:16 INFO  State of operation 18313957 : EXECUTING
15:22:18 INFO  State of operation 18313957 : EXECUTING
15:22:20 INFO  State of operation 18313957 : EXECUTING
15:22:22 INFO  State of operation 18313957 : EXECUTING
15:22:25 INFO  State of operation 18313957 : EXECUTING
15:22:27 INFO  State of operation 18313957 : EXECUTING
15:22:29 INFO  State of operation 18313957 : EXECUTING
15:22:32 INFO  State of operation 18313957 : EXECUTING
15:22:34 INFO  State of operation 18313957 : EXECUTING
15:22:36 INFO  State of operation 18313957 : EXECUTING
15:22:38 INFO  State of operation 18313957 : EXECUTING
15:22:41 INFO  State of operation 18313957 : EXECUTING
15:22:43 INFO  State of operation 18313957 : EXECUTING
15:22:46 INFO  State of operation 18313957 : EXECUTING
15:22:48 INFO  State of operation 18313957 : EXECUTING
15:22:51 INFO  State of operation 18313957 : EXECUTING
15:22:53 INFO  State of operation 18313957 : EXECUTING
15:22:55 INFO  State of operation 18313957 : EXECUTING
15:22:57 INFO  State of operation 18313957 : EXECUTING
15:22:59 INFO  State of operation 18313957 : EXECUTING
15:23:02 INFO  State of operation 18313957 : EXECUTING
15:23:04 INFO  State of operation 18313957 : EXECUTING
15:23:07 INFO  State of operation 18313957 : EXECUTING
15:23:09 INFO  State of operation 18313957 : EXECUTING
15:23:11 INFO  State of operation 18313957 : EXECUTING
15:23:13 INFO  State of operation 18313957 : EXECUTING
15:23:16 INFO  State of operation 18313957 : EXECUTING
15:23:18 INFO  State of operation 18313957 : EXECUTING
15:23:20 INFO  State of operation 18313957 : EXECUTING
15:23:23 INFO  State of operation 18313957 : EXECUTING
15:23:25 INFO  State of operation 18313957 : EXECUTING
15:23:27 INFO  State of operation 18313957 : EXECUTING
15:23:30 INFO  State of operation 18313957 : EXECUTING
15:23:32 INFO  State of operation 18313957 : EXECUTING
15:23:34 INFO  State of operation 18313957 : EXECUTING
15:23:36 WARN  SystemError occurred while running test - Timeout while waiting for status SUCCESSFUL or False
Traceback (most recent call last):
  File &quot;/home/pi/env-pysys/lib/python3.7/site-packages/pysys/baserunner.py&quot;, line 1294, in __call__
    self.testObj.execute()
  File &quot;/home/pi/actions-runner/_work/thin-edge.io/thin-edge.io/tests/PySys/software_management_end_to_end/sm_apt_install_remove_multiple_mixed/run.py&quot;, line 89, in execute
    self.wait_until_succcess()
  File &quot;/home/pi/actions-runner/_work/thin-edge.io/thin-edge.io/tests/PySys/software_management_end_to_end/environment_sm_management.py&quot;, line 324, in wait_until_succcess
    self.wait_until_status(&quot;SUCCESSFUL&quot;)
  File &quot;/home/pi/actions-runner/_work/thin-edge.io/thin-edge.io/tests/PySys/software_management_end_to_end/environment_sm_management.py&quot;, line 381, in wait_until_status
    &quot;Timeout while waiting for status %s or %s&quot; % (status, status2)
SystemError: Timeout while waiting for status SUCCESSFUL or False
15:23:36 WARN  SystemError: Timeout while waiting for status SUCCESSFUL or False ... blocked 
15:23:36 INFO  
15:23:36 INFO  cleanup:
15:23:41 INFO  Executed sudo&lt;tedge_disconnect_c8y&gt;, exit status 0
15:23:42 INFO  Executed systemctl&lt;serv_mapper5&gt;, exit status 3
15:23:42 INFO  
15:23:42 INFO  Test duration: 176.78 secs
15:23:42 INFO  Test final outcome:  BLOCKED
15:23:42 INFO  Test outcome reason: SystemError: Timeout while waiting for status SUCCESSFUL or False (+1 other failures)
15:23:42 INFO  
</system-out>
	</testcase>
</testsuite>
