<?xml version="1.0" encoding="utf-8"?>
<testsuite failures="1" name="SoftwareManagement.sm_docker_install_remove_multiple" skipped="0" tests="1" time="164.91" timestamp="2022-04-21T15:02:16">
	<testcase classname="SMDockerInstallRemove" name="SoftwareManagement.sm_docker_install_remove_multiple">
		<failure message="BLOCKED: SystemError: Timeout while waiting for status FAILED or SUCCESSFUL" type="BLOCKED"/>
		<system-out>14:59:31 INFO  ==============================================================
14:59:31 INFO  Id:    SoftwareManagement.sm_docker_install_remove_multiple
14:59:31 INFO  Dir:   software_management_end_to_end/
14:59:31 INFO  Title: Validate end to end behaviour for the docker plugin for multiple docker images with mixed versions
14:59:31 INFO  ==============================================================
14:59:31 INFO  Using sw id database: {'asciijump': '5475369', 'robotfindskitten': '5474869', 'squirrel3': '5475279', 'rolldice': '5152439', 'moon-buggy': '5439204', 'apple': '5495053', 'banana': '5494888', 'cherry': '5495382', 'watermelon': '5494510', 'registry': '8018911', 'hello-world': '8021526', 'docker/getting-started': '8021973', 'alpine': '7991792'}
14:59:31 INFO  EnvironmentC8y Setup
14:59:32 INFO  Executed systemctl&lt;serv_mapper1&gt;, exit status 3
14:59:32 INFO  Restarting mosquitto too frequently in the last 10 seconds. It was only up for 5 seconds
14:59:32 INFO  Delaying execution by 6 seconds
14:59:52 INFO  Executed sudo&lt;tedge_connect_c8y&gt;, exit status 0, duration 14 secs
14:59:53 INFO  Executed sudo&lt;tedge_connect_c8y_test&gt;, exit status 0
14:59:53 INFO  Executed systemctl&lt;serv_mosq2&gt;, exit status 0
14:59:54 INFO  Executed systemctl&lt;serv_mapper3&gt;, exit status 0
14:59:56 INFO  State of current operation: PENDING
14:59:58 INFO  State of current operation: PENDING
15:00:00 INFO  State of current operation: PENDING
15:00:02 INFO  State of current operation: PENDING
15:00:05 INFO  State of current operation: PENDING
15:00:07 INFO  State of current operation: PENDING
15:00:09 INFO  State of current operation: PENDING
15:00:11 INFO  State of current operation: PENDING
15:00:14 INFO  State of current operation: PENDING
15:00:16 INFO  State of current operation: PENDING
15:00:18 INFO  State of current operation: PENDING
15:00:20 INFO  State of current operation: PENDING
15:00:22 INFO  State of current operation: PENDING
15:00:25 INFO  State of current operation: PENDING
15:00:27 INFO  State of current operation: PENDING
15:00:29 INFO  State of current operation: PENDING
15:00:31 INFO  State of current operation: PENDING
15:00:34 INFO  State of current operation: PENDING
15:00:36 INFO  State of current operation: PENDING
15:00:38 INFO  State of current operation: PENDING
15:00:40 INFO  State of current operation: PENDING
15:00:42 INFO  State of current operation: PENDING
15:00:45 INFO  State of current operation: PENDING
15:00:47 INFO  State of current operation: PENDING
15:00:49 INFO  State of current operation: PENDING
15:00:51 INFO  State of current operation: PENDING
15:00:54 INFO  State of current operation: PENDING
15:00:56 INFO  State of current operation: PENDING
15:00:58 INFO  State of current operation: PENDING
15:01:00 INFO  State of current operation: PENDING
15:01:02 INFO  State of current operation: PENDING
15:01:05 INFO  State of current operation: PENDING
15:01:07 INFO  State of current operation: PENDING
15:01:09 INFO  State of current operation: PENDING
15:01:11 INFO  State of current operation: PENDING
15:01:14 INFO  State of current operation: PENDING
15:01:16 INFO  State of current operation: PENDING
15:01:18 INFO  State of current operation: PENDING
15:01:20 INFO  State of current operation: PENDING
15:01:22 INFO  State of current operation: PENDING
15:01:25 INFO  State of current operation: PENDING
15:01:27 INFO  State of current operation: PENDING
15:01:29 INFO  State of current operation: PENDING
15:01:31 INFO  State of current operation: PENDING
15:01:34 INFO  State of current operation: PENDING
15:01:36 INFO  State of current operation: PENDING
15:01:38 INFO  State of current operation: PENDING
15:01:40 INFO  State of current operation: PENDING
15:01:42 INFO  State of current operation: PENDING
15:01:45 INFO  State of current operation: PENDING
15:01:47 INFO  State of current operation: PENDING
15:01:49 INFO  State of current operation: PENDING
15:01:51 INFO  State of current operation: PENDING
15:01:54 INFO  State of current operation: PENDING
15:01:56 INFO  State of current operation: PENDING
15:01:58 INFO  State of current operation: PENDING
15:02:00 INFO  State of current operation: PENDING
15:02:03 INFO  State of current operation: PENDING
15:02:05 INFO  State of current operation: PENDING
15:02:07 INFO  State of current operation: PENDING
15:02:09 INFO  State of current operation: PENDING
15:02:11 WARN  SystemError occurred while running test - Timeout while waiting for status FAILED or SUCCESSFUL
Traceback (most recent call last):
  File &quot;/home/pi/env-pysys/lib/python3.7/site-packages/pysys/baserunner.py&quot;, line 1292, in __call__
    self.testObj.setup()
  File &quot;/home/pi/actions-runner/_work/thin-edge.io/thin-edge.io/tests/PySys/software_management_end_to_end/sm_docker_install_remove_multiple/run.py&quot;, line 29, in setup
    super().setup()
  File &quot;/home/pi/actions-runner/_work/thin-edge.io/thin-edge.io/tests/PySys/software_management_end_to_end/environment_sm_management.py&quot;, line 151, in setup
    self.wait_until_end()
  File &quot;/home/pi/actions-runner/_work/thin-edge.io/thin-edge.io/tests/PySys/software_management_end_to_end/environment_sm_management.py&quot;, line 332, in wait_until_end
    self.wait_until_status(&quot;FAILED&quot;, &quot;SUCCESSFUL&quot;)
  File &quot;/home/pi/actions-runner/_work/thin-edge.io/thin-edge.io/tests/PySys/software_management_end_to_end/environment_sm_management.py&quot;, line 381, in wait_until_status
    &quot;Timeout while waiting for status %s or %s&quot; % (status, status2)
SystemError: Timeout while waiting for status FAILED or SUCCESSFUL
15:02:11 WARN  SystemError: Timeout while waiting for status FAILED or SUCCESSFUL ... blocked 
15:02:11 INFO  
15:02:11 INFO  cleanup:
15:02:15 INFO  Executed sudo&lt;tedge_disconnect_c8y&gt;, exit status 0
15:02:16 INFO  Executed systemctl&lt;serv_mapper5&gt;, exit status 3
15:02:16 INFO  
15:02:16 INFO  Test duration: 164.91 secs
15:02:16 INFO  Test final outcome:  BLOCKED
15:02:16 INFO  Test outcome reason: SystemError: Timeout while waiting for status FAILED or SUCCESSFUL
15:02:16 INFO  
</system-out>
	</testcase>
</testsuite>
