<?xml version="1.0" encoding="utf-8"?>
<testsuite failures="1" name="SoftwareManagement.sm_apt_install_remove_default" skipped="0" tests="1" time="164.31" timestamp="2022-04-24T13:20:26">
	<testcase classname="PySysTest" name="SoftwareManagement.sm_apt_install_remove_default">
		<failure message="BLOCKED: SystemError: Timeout while waiting for status FAILED or SUCCESSFUL" type="BLOCKED"/>
		<system-out>13:17:42 INFO  ==============================================================
13:17:42 INFO  Id:    SoftwareManagement.sm_apt_install_remove_default
13:17:42 INFO  Dir:   software_management_end_to_end/
13:17:42 INFO  Title: Validate end to end behaviour for the default plugin for installation and removal of packages
13:17:42 INFO  ==============================================================
13:17:42 INFO  Using sw id database: {'asciijump': '5475369', 'robotfindskitten': '5474869', 'squirrel3': '5475279', 'rolldice': '5152439', 'moon-buggy': '5439204', 'apple': '5495053', 'banana': '5494888', 'cherry': '5495382', 'watermelon': '5494510', 'registry': '8018911', 'hello-world': '8021526', 'docker/getting-started': '8021973', 'alpine': '7991792'}
13:17:42 INFO  EnvironmentC8y Setup
13:17:42 INFO  Executed systemctl&lt;serv_mapper1&gt;, exit status 3
13:17:43 INFO  Restarting mosquitto too frequently in the last 10 seconds. It was only up for 5 seconds
13:17:43 INFO  Delaying execution by 6 seconds
13:18:02 INFO  Executed sudo&lt;tedge_connect_c8y&gt;, exit status 0, duration 13 secs
13:18:03 INFO  Executed sudo&lt;tedge_connect_c8y_test&gt;, exit status 0
13:18:04 INFO  Executed systemctl&lt;serv_mosq2&gt;, exit status 0
13:18:04 INFO  Executed systemctl&lt;serv_mapper3&gt;, exit status 0
13:18:06 INFO  State of current operation: PENDING
13:18:08 INFO  State of current operation: PENDING
13:18:11 INFO  State of current operation: PENDING
13:18:13 INFO  State of current operation: PENDING
13:18:15 INFO  State of current operation: PENDING
13:18:17 INFO  State of current operation: PENDING
13:18:20 INFO  State of current operation: PENDING
13:18:22 INFO  State of current operation: PENDING
13:18:24 INFO  State of current operation: PENDING
13:18:26 INFO  State of current operation: PENDING
13:18:28 INFO  State of current operation: PENDING
13:18:31 INFO  State of current operation: PENDING
13:18:33 INFO  State of current operation: PENDING
13:18:35 INFO  State of current operation: PENDING
13:18:37 INFO  State of current operation: PENDING
13:18:39 INFO  State of current operation: PENDING
13:18:42 INFO  State of current operation: PENDING
13:18:44 INFO  State of current operation: PENDING
13:18:46 INFO  State of current operation: PENDING
13:18:48 INFO  State of current operation: PENDING
13:18:51 INFO  State of current operation: PENDING
13:18:53 INFO  State of current operation: PENDING
13:18:55 INFO  State of current operation: PENDING
13:18:57 INFO  State of current operation: PENDING
13:18:59 INFO  State of current operation: PENDING
13:19:02 INFO  State of current operation: PENDING
13:19:04 INFO  State of current operation: PENDING
13:19:06 INFO  State of current operation: PENDING
13:19:08 INFO  State of current operation: PENDING
13:19:11 INFO  State of current operation: PENDING
13:19:13 INFO  State of current operation: PENDING
13:19:15 INFO  State of current operation: PENDING
13:19:17 INFO  State of current operation: PENDING
13:19:19 INFO  State of current operation: PENDING
13:19:22 INFO  State of current operation: PENDING
13:19:24 INFO  State of current operation: PENDING
13:19:26 INFO  State of current operation: PENDING
13:19:28 INFO  State of current operation: PENDING
13:19:31 INFO  State of current operation: PENDING
13:19:33 INFO  State of current operation: PENDING
13:19:35 INFO  State of current operation: PENDING
13:19:37 INFO  State of current operation: PENDING
13:19:39 INFO  State of current operation: PENDING
13:19:42 INFO  State of current operation: PENDING
13:19:44 INFO  State of current operation: PENDING
13:19:46 INFO  State of current operation: PENDING
13:19:48 INFO  State of current operation: PENDING
13:19:51 INFO  State of current operation: PENDING
13:19:53 INFO  State of current operation: PENDING
13:19:55 INFO  State of current operation: PENDING
13:19:57 INFO  State of current operation: PENDING
13:19:59 INFO  State of current operation: PENDING
13:20:02 INFO  State of current operation: PENDING
13:20:04 INFO  State of current operation: PENDING
13:20:06 INFO  State of current operation: PENDING
13:20:08 INFO  State of current operation: PENDING
13:20:11 INFO  State of current operation: PENDING
13:20:13 INFO  State of current operation: PENDING
13:20:15 INFO  State of current operation: PENDING
13:20:17 INFO  State of current operation: PENDING
13:20:19 INFO  State of current operation: PENDING
13:20:21 WARN  SystemError occurred while running test - Timeout while waiting for status FAILED or SUCCESSFUL
Traceback (most recent call last):
  File &quot;/home/pi/env-pysys/lib/python3.7/site-packages/pysys/baserunner.py&quot;, line 1292, in __call__
    self.testObj.setup()
  File &quot;/home/pi/actions-runner/_work/thin-edge.io/thin-edge.io/tests/PySys/software_management_end_to_end/sm_apt_install_remove_default/run.py&quot;, line 26, in setup
    super().setup()
  File &quot;/home/pi/actions-runner/_work/thin-edge.io/thin-edge.io/tests/PySys/software_management_end_to_end/environment_sm_management.py&quot;, line 151, in setup
    self.wait_until_end()
  File &quot;/home/pi/actions-runner/_work/thin-edge.io/thin-edge.io/tests/PySys/software_management_end_to_end/environment_sm_management.py&quot;, line 332, in wait_until_end
    self.wait_until_status(&quot;FAILED&quot;, &quot;SUCCESSFUL&quot;)
  File &quot;/home/pi/actions-runner/_work/thin-edge.io/thin-edge.io/tests/PySys/software_management_end_to_end/environment_sm_management.py&quot;, line 381, in wait_until_status
    &quot;Timeout while waiting for status %s or %s&quot; % (status, status2)
SystemError: Timeout while waiting for status FAILED or SUCCESSFUL
13:20:21 WARN  SystemError: Timeout while waiting for status FAILED or SUCCESSFUL ... blocked 
13:20:21 INFO  
13:20:21 INFO  cleanup:
13:20:26 INFO  Executed sudo&lt;tedge_disconnect_c8y&gt;, exit status 0
13:20:26 INFO  Executed systemctl&lt;serv_mapper5&gt;, exit status 3
13:20:26 INFO  
13:20:26 INFO  Test duration: 164.31 secs
13:20:26 INFO  Test final outcome:  BLOCKED
13:20:26 INFO  Test outcome reason: SystemError: Timeout while waiting for status FAILED or SUCCESSFUL
13:20:26 INFO  
</system-out>
	</testcase>
</testsuite>
