<?xml version="1.0" encoding="utf-8"?>
<testsuite failures="1" name="SoftwareManagement.sm_apt_install_fail" skipped="0" tests="1" time="166.87" timestamp="2022-04-24T13:14:56">
	<testcase classname="PySysTest" name="SoftwareManagement.sm_apt_install_fail">
		<failure message="BLOCKED: SystemError: Timeout while waiting for status FAILED or SUCCESSFUL" type="BLOCKED"/>
		<system-out>13:12:09 INFO  ==============================================================
13:12:09 INFO  Id:    SoftwareManagement.sm_apt_install_fail
13:12:09 INFO  Dir:   software_management_end_to_end/
13:12:09 INFO  Title: Validate end to end behaviour for a failing installation
13:12:09 INFO  ==============================================================
13:12:09 INFO  Using sw id database: {'asciijump': '5475369', 'robotfindskitten': '5474869', 'squirrel3': '5475279', 'rolldice': '5152439', 'moon-buggy': '5439204', 'apple': '5495053', 'banana': '5494888', 'cherry': '5495382', 'watermelon': '5494510', 'registry': '8018911', 'hello-world': '8021526', 'docker/getting-started': '8021973', 'alpine': '7991792'}
13:12:09 INFO  EnvironmentC8y Setup
13:12:09 INFO  Executed systemctl&lt;serv_mapper1&gt;, exit status 3
13:12:09 INFO  Restarting mosquitto too frequently in the last 10 seconds. It was only up for 4 seconds
13:12:09 INFO  Delaying execution by 7 seconds
13:12:31 INFO  Executed sudo&lt;tedge_connect_c8y&gt;, exit status 0, duration 14 secs
13:12:31 INFO  Executed sudo&lt;tedge_connect_c8y_test&gt;, exit status 0
13:12:32 INFO  Executed systemctl&lt;serv_mosq2&gt;, exit status 0
13:12:32 INFO  Executed systemctl&lt;serv_mapper3&gt;, exit status 0
13:12:35 INFO  State of current operation: PENDING
13:12:37 INFO  State of current operation: PENDING
13:12:39 INFO  State of current operation: PENDING
13:12:41 INFO  State of current operation: PENDING
13:12:44 INFO  State of current operation: PENDING
13:12:46 INFO  State of current operation: PENDING
13:12:48 INFO  State of current operation: PENDING
13:12:50 INFO  State of current operation: PENDING
13:12:52 INFO  State of current operation: PENDING
13:12:55 INFO  State of current operation: PENDING
13:12:57 INFO  State of current operation: PENDING
13:12:59 INFO  State of current operation: PENDING
13:13:01 INFO  State of current operation: PENDING
13:13:04 INFO  State of current operation: PENDING
13:13:06 INFO  State of current operation: PENDING
13:13:08 INFO  State of current operation: PENDING
13:13:10 INFO  State of current operation: PENDING
13:13:13 INFO  State of current operation: PENDING
13:13:15 INFO  State of current operation: PENDING
13:13:17 INFO  State of current operation: PENDING
13:13:19 INFO  State of current operation: PENDING
13:13:22 INFO  State of current operation: PENDING
13:13:24 INFO  State of current operation: PENDING
13:13:26 INFO  State of current operation: PENDING
13:13:28 INFO  State of current operation: PENDING
13:13:30 INFO  State of current operation: PENDING
13:13:33 INFO  State of current operation: PENDING
13:13:35 INFO  State of current operation: PENDING
13:13:37 INFO  State of current operation: PENDING
13:13:39 INFO  State of current operation: PENDING
13:13:42 INFO  State of current operation: PENDING
13:13:44 INFO  State of current operation: PENDING
13:13:46 INFO  State of current operation: PENDING
13:13:48 INFO  State of current operation: PENDING
13:13:51 INFO  State of current operation: PENDING
13:13:53 INFO  State of current operation: PENDING
13:13:55 INFO  State of current operation: PENDING
13:13:57 INFO  State of current operation: PENDING
13:13:59 INFO  State of current operation: PENDING
13:14:02 INFO  State of current operation: PENDING
13:14:04 INFO  State of current operation: PENDING
13:14:06 INFO  State of current operation: PENDING
13:14:08 INFO  State of current operation: PENDING
13:14:11 INFO  State of current operation: PENDING
13:14:13 INFO  State of current operation: PENDING
13:14:15 INFO  State of current operation: PENDING
13:14:17 INFO  State of current operation: PENDING
13:14:19 INFO  State of current operation: PENDING
13:14:22 INFO  State of current operation: PENDING
13:14:24 INFO  State of current operation: PENDING
13:14:26 INFO  State of current operation: PENDING
13:14:29 INFO  State of current operation: PENDING
13:14:31 INFO  State of current operation: PENDING
13:14:33 INFO  State of current operation: PENDING
13:14:35 INFO  State of current operation: PENDING
13:14:38 INFO  State of current operation: PENDING
13:14:40 INFO  State of current operation: PENDING
13:14:42 INFO  State of current operation: PENDING
13:14:44 INFO  State of current operation: PENDING
13:14:47 INFO  State of current operation: PENDING
13:14:49 INFO  State of current operation: PENDING
13:14:51 WARN  SystemError occurred while running test - Timeout while waiting for status FAILED or SUCCESSFUL
Traceback (most recent call last):
  File &quot;/home/pi/env-pysys/lib/python3.7/site-packages/pysys/baserunner.py&quot;, line 1292, in __call__
    self.testObj.setup()
  File &quot;/home/pi/actions-runner/_work/thin-edge.io/thin-edge.io/tests/PySys/software_management_end_to_end/sm_apt_install_fail/run.py&quot;, line 20, in setup
    super().setup()
  File &quot;/home/pi/actions-runner/_work/thin-edge.io/thin-edge.io/tests/PySys/software_management_end_to_end/environment_sm_management.py&quot;, line 151, in setup
    self.wait_until_end()
  File &quot;/home/pi/actions-runner/_work/thin-edge.io/thin-edge.io/tests/PySys/software_management_end_to_end/environment_sm_management.py&quot;, line 332, in wait_until_end
    self.wait_until_status(&quot;FAILED&quot;, &quot;SUCCESSFUL&quot;)
  File &quot;/home/pi/actions-runner/_work/thin-edge.io/thin-edge.io/tests/PySys/software_management_end_to_end/environment_sm_management.py&quot;, line 381, in wait_until_status
    &quot;Timeout while waiting for status %s or %s&quot; % (status, status2)
SystemError: Timeout while waiting for status FAILED or SUCCESSFUL
13:14:51 WARN  SystemError: Timeout while waiting for status FAILED or SUCCESSFUL ... blocked 
13:14:51 INFO  
13:14:51 INFO  cleanup:
13:14:55 INFO  Executed sudo&lt;tedge_disconnect_c8y&gt;, exit status 0
13:14:56 INFO  Executed systemctl&lt;serv_mapper5&gt;, exit status 3
13:14:56 INFO  
13:14:56 INFO  Test duration: 166.87 secs
13:14:56 INFO  Test final outcome:  BLOCKED
13:14:56 INFO  Test outcome reason: SystemError: Timeout while waiting for status FAILED or SUCCESSFUL
13:14:56 INFO  
</system-out>
	</testcase>
</testsuite>
