<?xml version="1.0" encoding="utf-8"?>
<testsuite failures="1" name="SoftwareManagement.sm_docker_install_remove_multiple" skipped="0" tests="1" time="41.63" timestamp="2022-05-03T19:37:54">
	<testcase classname="SMDockerInstallRemove" name="SoftwareManagement.sm_docker_install_remove_multiple">
		<failure message="BLOCKED: SystemError: The operation has failed" type="BLOCKED"/>
		<system-out>19:37:12 INFO  ==============================================================
19:37:12 INFO  Id:    SoftwareManagement.sm_docker_install_remove_multiple
19:37:12 INFO  Dir:   software_management_end_to_end/
19:37:12 INFO  Title: Validate end to end behaviour for the docker plugin for multiple docker images with mixed versions
19:37:12 INFO  ==============================================================
19:37:12 INFO  Using sw id database: {'asciijump': '5475369', 'robotfindskitten': '5474869', 'squirrel3': '5475279', 'rolldice': '5152439', 'moon-buggy': '5439204', 'apple': '5495053', 'banana': '5494888', 'cherry': '5495382', 'watermelon': '5494510', 'registry': '8018911', 'hello-world': '8021526', 'docker/getting-started': '8021973', 'alpine': '7991792'}
19:37:12 INFO  EnvironmentC8y Setup
19:37:13 INFO  Executed systemctl&lt;serv_mapper1&gt;, exit status 3
19:37:13 INFO  Restarting mosquitto too frequently in the last 10 seconds. It was only up for 4 seconds
19:37:13 INFO  Delaying execution by 7 seconds
19:37:34 INFO  Executed sudo&lt;tedge_connect_c8y&gt;, exit status 0, duration 14 secs
19:37:35 INFO  Executed sudo&lt;tedge_connect_c8y_test&gt;, exit status 0
19:37:35 INFO  Executed systemctl&lt;serv_mosq2&gt;, exit status 0
19:37:36 INFO  Executed systemctl&lt;serv_mapper3&gt;, exit status 0
19:37:38 INFO  State of current operation: SUCCESSFUL
19:37:38 INFO  Response status: 201
19:37:38 INFO  Response to action: {
    &quot;creationTime&quot;: &quot;2022-05-03T19:37:38.747Z&quot;,
    &quot;deviceName&quot;: &quot;m32sd10a&quot;,
    &quot;deviceId&quot;: &quot;18322239&quot;,
    &quot;self&quot;: &quot;https://t493319102.eu-latest.cumulocity.com/devicecontrol/operations/18334490&quot;,
    &quot;id&quot;: &quot;18334490&quot;,
    &quot;status&quot;: &quot;PENDING&quot;,
    &quot;description&quot;: &quot;Apply software changes, triggered from PySys: [{'action': 'install', 'id': '8021526', 'name': 'hello-world', 'url': '', 'version': '::docker'}, {'action': 'install', 'id': '8018911', 'name': 'registry', 'url': '', 'version': '2.6.2::docker'}]&quot;,
    &quot;c8y_SoftwareUpdate&quot;: [
        {
            &quot;name&quot;: &quot;hello-world&quot;,
            &quot;action&quot;: &quot;install&quot;,
            &quot;id&quot;: &quot;8021526&quot;,
            &quot;version&quot;: &quot;::docker&quot;,
            &quot;url&quot;: &quot;&quot;
        },
        {
            &quot;name&quot;: &quot;registry&quot;,
            &quot;action&quot;: &quot;install&quot;,
            &quot;id&quot;: &quot;8018911&quot;,
            &quot;version&quot;: &quot;2.6.2::docker&quot;,
            &quot;url&quot;: &quot;&quot;
        }
    ]
}
19:37:38 INFO  Started operation: {'creationTime': '2022-05-03T19:37:38.747Z', 'deviceName': 'm32sd10a', 'deviceId': '18322239', 'self': 'https://t493319102.eu-latest.cumulocity.com/devicecontrol/operations/18334490', 'id': '18334490', 'status': 'PENDING', 'description': &quot;Apply software changes, triggered from PySys: [{'action': 'install', 'id': '8021526', 'name': 'hello-world', 'url': '', 'version': '::docker'}, {'action': 'install', 'id': '8018911', 'name': 'registry', 'url': '', 'version': '2.6.2::docker'}]&quot;, 'c8y_SoftwareUpdate': [{'name': 'hello-world', 'action': 'install', 'id': '8021526', 'version': '::docker', 'url': ''}, {'name': 'registry', 'action': 'install', 'id': '8018911', 'version': '2.6.2::docker', 'url': ''}]}
19:37:41 INFO  State of operation 18334490 : PENDING
19:37:43 INFO  State of operation 18334490 : EXECUTING
19:37:45 INFO  State of operation 18334490 : EXECUTING
19:37:47 INFO  State of operation 18334490 : EXECUTING
19:37:49 INFO  State of operation 18334490 : FAILED
19:37:49 ERROR Stopping as the operation has failed
19:37:49 WARN  SystemError occurred while running test - The operation has failed
Traceback (most recent call last):
  File &quot;/home/pi/env-pysys/lib/python3.7/site-packages/pysys/baserunner.py&quot;, line 1292, in __call__
    self.testObj.setup()
  File &quot;/home/pi/actions-runner/_work/thin-edge.io/thin-edge.io/tests/PySys/software_management_end_to_end/sm_docker_install_remove_multiple/run.py&quot;, line 55, in setup
    self.wait_until_succcess()
  File &quot;/home/pi/actions-runner/_work/thin-edge.io/thin-edge.io/tests/PySys/software_management_end_to_end/environment_sm_management.py&quot;, line 324, in wait_until_succcess
    self.wait_until_status(&quot;SUCCESSFUL&quot;)
  File &quot;/home/pi/actions-runner/_work/thin-edge.io/thin-edge.io/tests/PySys/software_management_end_to_end/environment_sm_management.py&quot;, line 361, in wait_until_status
    raise SystemError(&quot;The operation has failed&quot;)
SystemError: The operation has failed
19:37:49 WARN  SystemError: The operation has failed ... blocked 
19:37:49 INFO  
19:37:49 INFO  cleanup:
19:37:53 INFO  Executed sudo&lt;tedge_disconnect_c8y&gt;, exit status 0
19:37:54 INFO  Executed systemctl&lt;serv_mapper5&gt;, exit status 3
19:37:54 INFO  
19:37:54 INFO  Test duration: 41.63 secs
19:37:54 INFO  Test final outcome:  BLOCKED
19:37:54 INFO  Test outcome reason: SystemError: The operation has failed
19:37:54 INFO  
</system-out>
	</testcase>
</testsuite>
