<?xml version="1.0" encoding="utf-8"?>
<testsuite failures="1" name="SoftwareManagement.sm_apt_install_remove_multiple" skipped="0" tests="1" time="138.68" timestamp="2022-05-06T14:22:35">
	<testcase classname="PySysTest" name="SoftwareManagement.sm_apt_install_remove_multiple">
		<failure message="FAILED: Assert that (False == value) with value=True (+2 other failures)" type="FAILED"/>
		<system-out>14:20:16 INFO  ==============================================================
14:20:16 INFO  Id:    SoftwareManagement.sm_apt_install_remove_multiple
14:20:16 INFO  Dir:   software_management_end_to_end/
14:20:16 INFO  Title: Validate end to end behaviour for the apt plugin for multiple packages
14:20:16 INFO  ==============================================================
14:20:16 INFO  Using sw id database: {'asciijump': '5475369', 'robotfindskitten': '5474869', 'squirrel3': '5475279', 'rolldice': '5152439', 'moon-buggy': '5439204', 'apple': '5495053', 'banana': '5494888', 'cherry': '5495382', 'watermelon': '5494510', 'registry': '8018911', 'hello-world': '8021526', 'docker/getting-started': '8021973', 'alpine': '7991792'}
14:20:16 INFO  EnvironmentC8y Setup
14:20:17 INFO  Executed systemctl&lt;serv_mapper1&gt;, exit status 3
14:20:17 INFO  Restarting mosquitto too frequently in the last 10 seconds. It was only up for 5 seconds
14:20:17 INFO  Delaying execution by 6 seconds
14:20:37 INFO  Executed sudo&lt;tedge_connect_c8y&gt;, exit status 0, duration 13 secs
14:20:37 INFO  Executed sudo&lt;tedge_connect_c8y_test&gt;, exit status 0
14:20:38 INFO  Executed systemctl&lt;serv_mosq2&gt;, exit status 0
14:20:38 INFO  Executed systemctl&lt;serv_mapper3&gt;, exit status 0
14:20:41 INFO  State of current operation: SUCCESSFUL
14:20:41 INFO  Assert that (False == value) with value=False ... passed
14:20:41 INFO  Package asciijump is installed
14:20:41 WARN  Assert that (False == value) with value=True ... failed 
14:20:42 INFO  Package squirrel3 is installed
14:20:42 WARN  Assert that (False == value) with value=True ... failed 
14:20:42 INFO  Package robotfindskitten is installed
14:20:42 WARN  Assert that (False == value) with value=True ... failed 
14:20:42 INFO  Response status: 201
14:20:42 INFO  Response to action: {
    &quot;creationTime&quot;: &quot;2022-05-06T14:20:42.572Z&quot;,
    &quot;deviceName&quot;: &quot;m32sd10a&quot;,
    &quot;deviceId&quot;: &quot;18449101&quot;,
    &quot;self&quot;: &quot;https://t493319102.eu-latest.cumulocity.com/devicecontrol/operations/18458707&quot;,
    &quot;id&quot;: &quot;18458707&quot;,
    &quot;status&quot;: &quot;PENDING&quot;,
    &quot;description&quot;: &quot;Apply software changes, triggered from PySys: [{'action': 'install', 'id': '5475369', 'name': 'asciijump', 'url': ' ', 'version': '::apt'}, {'action': 'install', 'id': '5474869', 'name': 'robotfindskitten', 'url': ' ', 'version': '::apt'}, {'action': 'install', 'id': '5475279', 'name': 'squirrel3', 'url': ' ', 'version': '::apt'}]&quot;,
    &quot;c8y_SoftwareUpdate&quot;: [
        {
            &quot;name&quot;: &quot;asciijump&quot;,
            &quot;action&quot;: &quot;install&quot;,
            &quot;id&quot;: &quot;5475369&quot;,
            &quot;version&quot;: &quot;::apt&quot;,
            &quot;url&quot;: &quot; &quot;
        },
        {
            &quot;name&quot;: &quot;robotfindskitten&quot;,
            &quot;action&quot;: &quot;install&quot;,
            &quot;id&quot;: &quot;5474869&quot;,
            &quot;version&quot;: &quot;::apt&quot;,
            &quot;url&quot;: &quot; &quot;
        },
        {
            &quot;name&quot;: &quot;squirrel3&quot;,
            &quot;action&quot;: &quot;install&quot;,
            &quot;id&quot;: &quot;5475279&quot;,
            &quot;version&quot;: &quot;::apt&quot;,
            &quot;url&quot;: &quot; &quot;
        }
    ]
}
14:20:42 INFO  Started operation: {'creationTime': '2022-05-06T14:20:42.572Z', 'deviceName': 'm32sd10a', 'deviceId': '18449101', 'self': 'https://t493319102.eu-latest.cumulocity.com/devicecontrol/operations/18458707', 'id': '18458707', 'status': 'PENDING', 'description': &quot;Apply software changes, triggered from PySys: [{'action': 'install', 'id': '5475369', 'name': 'asciijump', 'url': ' ', 'version': '::apt'}, {'action': 'install', 'id': '5474869', 'name': 'robotfindskitten', 'url': ' ', 'version': '::apt'}, {'action': 'install', 'id': '5475279', 'name': 'squirrel3', 'url': ' ', 'version': '::apt'}]&quot;, 'c8y_SoftwareUpdate': [{'name': 'asciijump', 'action': 'install', 'id': '5475369', 'version': '::apt', 'url': ' '}, {'name': 'robotfindskitten', 'action': 'install', 'id': '5474869', 'version': '::apt', 'url': ' '}, {'name': 'squirrel3', 'action': 'install', 'id': '5475279', 'version': '::apt', 'url': ' '}]}
14:20:44 INFO  State of operation 18458707 : PENDING
14:20:47 INFO  State of operation 18458707 : EXECUTING
14:20:49 INFO  State of operation 18458707 : EXECUTING
14:20:51 INFO  State of operation 18458707 : EXECUTING
14:20:53 INFO  State of operation 18458707 : EXECUTING
14:20:55 INFO  State of operation 18458707 : EXECUTING
14:20:58 INFO  State of operation 18458707 : EXECUTING
14:21:01 INFO  State of operation 18458707 : EXECUTING
14:21:03 INFO  State of operation 18458707 : EXECUTING
14:21:05 INFO  State of operation 18458707 : EXECUTING
14:21:08 INFO  State of operation 18458707 : EXECUTING
14:21:10 INFO  State of operation 18458707 : EXECUTING
14:21:12 INFO  State of operation 18458707 : EXECUTING
14:21:14 INFO  State of operation 18458707 : EXECUTING
14:21:17 INFO  State of operation 18458707 : EXECUTING
14:21:19 INFO  State of operation 18458707 : SUCCESSFUL
14:21:19 INFO  Assert that (False == value) with value=False ... passed
14:21:19 INFO  Package asciijump is installed
14:21:19 INFO  Assert that (True == value) with value=True ... passed
14:21:20 INFO  Package squirrel3 is installed
14:21:20 INFO  Assert that (True == value) with value=True ... passed
14:21:20 INFO  Package robotfindskitten is installed
14:21:20 INFO  Assert that (True == value) with value=True ... passed
14:21:20 INFO  Response status: 201
14:21:20 INFO  Response to action: {
    &quot;creationTime&quot;: &quot;2022-05-06T14:21:20.445Z&quot;,
    &quot;deviceName&quot;: &quot;m32sd10a&quot;,
    &quot;deviceId&quot;: &quot;18449101&quot;,
    &quot;self&quot;: &quot;https://t493319102.eu-latest.cumulocity.com/devicecontrol/operations/18458711&quot;,
    &quot;id&quot;: &quot;18458711&quot;,
    &quot;status&quot;: &quot;PENDING&quot;,
    &quot;description&quot;: &quot;Apply software changes, triggered from PySys: [{'action': 'delete', 'id': '5475369', 'name': 'asciijump', 'url': ' ', 'version': '::apt'}, {'action': 'delete', 'id': '5474869', 'name': 'robotfindskitten', 'url': ' ', 'version': '::apt'}, {'action': 'delete', 'id': '5475279', 'name': 'squirrel3', 'url': ' ', 'version': '::apt'}]&quot;,
    &quot;c8y_SoftwareUpdate&quot;: [
        {
            &quot;name&quot;: &quot;asciijump&quot;,
            &quot;action&quot;: &quot;delete&quot;,
            &quot;id&quot;: &quot;5475369&quot;,
            &quot;version&quot;: &quot;::apt&quot;,
            &quot;url&quot;: &quot; &quot;
        },
        {
            &quot;name&quot;: &quot;robotfindskitten&quot;,
            &quot;action&quot;: &quot;delete&quot;,
            &quot;id&quot;: &quot;5474869&quot;,
            &quot;version&quot;: &quot;::apt&quot;,
            &quot;url&quot;: &quot; &quot;
        },
        {
            &quot;name&quot;: &quot;squirrel3&quot;,
            &quot;action&quot;: &quot;delete&quot;,
            &quot;id&quot;: &quot;5475279&quot;,
            &quot;version&quot;: &quot;::apt&quot;,
            &quot;url&quot;: &quot; &quot;
        }
    ]
}
14:21:20 INFO  Started operation: {'creationTime': '2022-05-06T14:21:20.445Z', 'deviceName': 'm32sd10a', 'deviceId': '18449101', 'self': 'https://t493319102.eu-latest.cumulocity.com/devicecontrol/operations/18458711', 'id': '18458711', 'status': 'PENDING', 'description': &quot;Apply software changes, triggered from PySys: [{'action': 'delete', 'id': '5475369', 'name': 'asciijump', 'url': ' ', 'version': '::apt'}, {'action': 'delete', 'id': '5474869', 'name': 'robotfindskitten', 'url': ' ', 'version': '::apt'}, {'action': 'delete', 'id': '5475279', 'name': 'squirrel3', 'url': ' ', 'version': '::apt'}]&quot;, 'c8y_SoftwareUpdate': [{'name': 'asciijump', 'action': 'delete', 'id': '5475369', 'version': '::apt', 'url': ' '}, {'name': 'robotfindskitten', 'action': 'delete', 'id': '5474869', 'version': '::apt', 'url': ' '}, {'name': 'squirrel3', 'action': 'delete', 'id': '5475279', 'version': '::apt', 'url': ' '}]}
14:21:22 INFO  State of operation 18458711 : PENDING
14:21:24 INFO  State of operation 18458711 : EXECUTING
14:21:27 INFO  State of operation 18458711 : EXECUTING
14:21:29 INFO  State of operation 18458711 : EXECUTING
14:21:31 INFO  State of operation 18458711 : EXECUTING
14:21:33 INFO  State of operation 18458711 : EXECUTING
14:21:36 INFO  State of operation 18458711 : EXECUTING
14:21:39 INFO  State of operation 18458711 : EXECUTING
14:21:41 INFO  State of operation 18458711 : EXECUTING
14:21:43 INFO  State of operation 18458711 : EXECUTING
14:21:46 INFO  State of operation 18458711 : EXECUTING
14:21:48 INFO  State of operation 18458711 : EXECUTING
14:21:50 INFO  State of operation 18458711 : EXECUTING
14:21:52 INFO  State of operation 18458711 : EXECUTING
14:21:55 INFO  State of operation 18458711 : EXECUTING
14:21:57 INFO  State of operation 18458711 : EXECUTING
14:21:59 INFO  State of operation 18458711 : EXECUTING
14:22:01 INFO  State of operation 18458711 : EXECUTING
14:22:04 INFO  State of operation 18458711 : EXECUTING
14:22:06 INFO  State of operation 18458711 : EXECUTING
14:22:09 INFO  State of operation 18458711 : EXECUTING
14:22:11 INFO  State of operation 18458711 : EXECUTING
14:22:13 INFO  State of operation 18458711 : EXECUTING
14:22:15 INFO  State of operation 18458711 : EXECUTING
14:22:18 INFO  State of operation 18458711 : EXECUTING
14:22:20 INFO  State of operation 18458711 : EXECUTING
14:22:23 INFO  State of operation 18458711 : EXECUTING
14:22:25 INFO  State of operation 18458711 : EXECUTING
14:22:27 INFO  State of operation 18458711 : EXECUTING
14:22:29 INFO  State of operation 18458711 : SUCCESSFUL
14:22:30 INFO  Assert that (False == value) with value=False ... passed
14:22:30 INFO  Assert that (False == value) with value=False ... passed
14:22:30 INFO  Assert that (False == value) with value=False ... passed
14:22:30 INFO  Assert that (False == value) with value=False ... passed
14:22:30 INFO  
14:22:30 INFO  cleanup:
14:22:34 INFO  Executed sudo&lt;tedge_disconnect_c8y&gt;, exit status 0
14:22:35 INFO  Executed systemctl&lt;serv_mapper5&gt;, exit status 3
14:22:35 INFO  
14:22:35 INFO  Test duration: 138.68 secs
14:22:35 INFO  Test final outcome:  FAILED
14:22:35 INFO  Test outcome reason: Assert that (False == value) with value=True (+2 other failures)
14:22:35 INFO  
</system-out>
	</testcase>
</testsuite>
