<?xml version="1.0" encoding="utf-8"?>
<testsuite failures="1" name="SoftwareManagement.sm_apt_install_fail" skipped="0" tests="1" time="166.35" timestamp="2022-04-21T14:45:44">
	<testcase classname="PySysTest" name="SoftwareManagement.sm_apt_install_fail">
		<failure message="BLOCKED: SystemError: Timeout while waiting for status FAILED or SUCCESSFUL" type="BLOCKED"/>
		<system-out>14:42:58 INFO  ==============================================================
14:42:58 INFO  Id:    SoftwareManagement.sm_apt_install_fail
14:42:58 INFO  Dir:   software_management_end_to_end/
14:42:58 INFO  Title: Validate end to end behaviour for a failing installation
14:42:58 INFO  ==============================================================
14:42:58 INFO  Using sw id database: {'asciijump': '5475369', 'robotfindskitten': '5474869', 'squirrel3': '5475279', 'rolldice': '5152439', 'moon-buggy': '5439204', 'apple': '5495053', 'banana': '5494888', 'cherry': '5495382', 'watermelon': '5494510', 'registry': '8018911', 'hello-world': '8021526', 'docker/getting-started': '8021973', 'alpine': '7991792'}
14:42:58 INFO  EnvironmentC8y Setup
14:42:59 INFO  Executed systemctl&lt;serv_mapper1&gt;, exit status 3
14:42:59 INFO  Restarting mosquitto too frequently in the last 10 seconds. It was only up for 5 seconds
14:42:59 INFO  Delaying execution by 6 seconds
14:43:20 INFO  Executed sudo&lt;tedge_connect_c8y&gt;, exit status 0, duration 14 secs
14:43:20 INFO  Executed sudo&lt;tedge_connect_c8y_test&gt;, exit status 0
14:43:21 INFO  Executed systemctl&lt;serv_mosq2&gt;, exit status 0
14:43:21 INFO  Executed systemctl&lt;serv_mapper3&gt;, exit status 0
14:43:24 INFO  State of current operation: PENDING
14:43:26 INFO  State of current operation: PENDING
14:43:28 INFO  State of current operation: PENDING
14:43:30 INFO  State of current operation: PENDING
14:43:33 INFO  State of current operation: PENDING
14:43:35 INFO  State of current operation: PENDING
14:43:37 INFO  State of current operation: PENDING
14:43:39 INFO  State of current operation: PENDING
14:43:41 INFO  State of current operation: PENDING
14:43:44 INFO  State of current operation: PENDING
14:43:46 INFO  State of current operation: PENDING
14:43:48 INFO  State of current operation: PENDING
14:43:50 INFO  State of current operation: PENDING
14:43:53 INFO  State of current operation: PENDING
14:43:55 INFO  State of current operation: PENDING
14:43:57 INFO  State of current operation: PENDING
14:43:59 INFO  State of current operation: PENDING
14:44:01 INFO  State of current operation: PENDING
14:44:04 INFO  State of current operation: PENDING
14:44:06 INFO  State of current operation: PENDING
14:44:08 INFO  State of current operation: PENDING
14:44:10 INFO  State of current operation: PENDING
14:44:13 INFO  State of current operation: PENDING
14:44:15 INFO  State of current operation: PENDING
14:44:17 INFO  State of current operation: PENDING
14:44:19 INFO  State of current operation: PENDING
14:44:21 INFO  State of current operation: PENDING
14:44:24 INFO  State of current operation: PENDING
14:44:26 INFO  State of current operation: PENDING
14:44:28 INFO  State of current operation: PENDING
14:44:30 INFO  State of current operation: PENDING
14:44:33 INFO  State of current operation: PENDING
14:44:35 INFO  State of current operation: PENDING
14:44:37 INFO  State of current operation: PENDING
14:44:39 INFO  State of current operation: PENDING
14:44:41 INFO  State of current operation: PENDING
14:44:44 INFO  State of current operation: PENDING
14:44:46 INFO  State of current operation: PENDING
14:44:48 INFO  State of current operation: PENDING
14:44:50 INFO  State of current operation: PENDING
14:44:53 INFO  State of current operation: PENDING
14:44:55 INFO  State of current operation: PENDING
14:44:57 INFO  State of current operation: PENDING
14:44:59 INFO  State of current operation: PENDING
14:45:01 INFO  State of current operation: PENDING
14:45:04 INFO  State of current operation: PENDING
14:45:06 INFO  State of current operation: PENDING
14:45:08 INFO  State of current operation: PENDING
14:45:10 INFO  State of current operation: PENDING
14:45:13 INFO  State of current operation: PENDING
14:45:15 INFO  State of current operation: PENDING
14:45:17 INFO  State of current operation: PENDING
14:45:19 INFO  State of current operation: PENDING
14:45:22 INFO  State of current operation: PENDING
14:45:24 INFO  State of current operation: PENDING
14:45:26 INFO  State of current operation: PENDING
14:45:29 INFO  State of current operation: PENDING
14:45:31 INFO  State of current operation: PENDING
14:45:33 INFO  State of current operation: PENDING
14:45:35 INFO  State of current operation: PENDING
14:45:38 INFO  State of current operation: PENDING
14:45:40 WARN  SystemError occurred while running test - Timeout while waiting for status FAILED or SUCCESSFUL
Traceback (most recent call last):
  File &quot;/home/pi/env-pysys/lib/python3.7/site-packages/pysys/baserunner.py&quot;, line 1292, in __call__
    self.testObj.setup()
  File &quot;/home/pi/actions-runner/_work/thin-edge.io/thin-edge.io/tests/PySys/software_management_end_to_end/sm_apt_install_fail/run.py&quot;, line 20, in setup
    super().setup()
  File &quot;/home/pi/actions-runner/_work/thin-edge.io/thin-edge.io/tests/PySys/software_management_end_to_end/environment_sm_management.py&quot;, line 151, in setup
    self.wait_until_end()
  File &quot;/home/pi/actions-runner/_work/thin-edge.io/thin-edge.io/tests/PySys/software_management_end_to_end/environment_sm_management.py&quot;, line 332, in wait_until_end
    self.wait_until_status(&quot;FAILED&quot;, &quot;SUCCESSFUL&quot;)
  File &quot;/home/pi/actions-runner/_work/thin-edge.io/thin-edge.io/tests/PySys/software_management_end_to_end/environment_sm_management.py&quot;, line 381, in wait_until_status
    &quot;Timeout while waiting for status %s or %s&quot; % (status, status2)
SystemError: Timeout while waiting for status FAILED or SUCCESSFUL
14:45:40 WARN  SystemError: Timeout while waiting for status FAILED or SUCCESSFUL ... blocked 
14:45:40 INFO  
14:45:40 INFO  cleanup:
14:45:44 INFO  Executed sudo&lt;tedge_disconnect_c8y&gt;, exit status 0
14:45:44 INFO  Executed systemctl&lt;serv_mapper5&gt;, exit status 3
14:45:44 INFO  
14:45:44 INFO  Test duration: 166.35 secs
14:45:44 INFO  Test final outcome:  BLOCKED
14:45:44 INFO  Test outcome reason: SystemError: Timeout while waiting for status FAILED or SUCCESSFUL
14:45:44 INFO  
</system-out>
	</testcase>
</testsuite>
