<?xml version="1.0" encoding="utf-8"?>
<testsuite failures="1" name="SoftwareManagement.sm_apt_install_remove_with_version" skipped="0" tests="1" time="165.3" timestamp="2022-04-27T14:35:26">
	<testcase classname="PySysTest" name="SoftwareManagement.sm_apt_install_remove_with_version">
		<failure message="BLOCKED: SystemError: Timeout while waiting for status FAILED or SUCCESSFUL" type="BLOCKED"/>
		<system-out>14:32:41 INFO  ==============================================================
14:32:41 INFO  Id:    SoftwareManagement.sm_apt_install_remove_with_version
14:32:41 INFO  Dir:   software_management_end_to_end/
14:32:41 INFO  Title: Validate end to end behaviour for the apt plugin for packages with version
14:32:41 INFO  ==============================================================
14:32:41 INFO  Using sw id database: {'asciijump': '5475369', 'robotfindskitten': '5474869', 'squirrel3': '5475279', 'rolldice': '5152439', 'moon-buggy': '5439204', 'apple': '5495053', 'banana': '5494888', 'cherry': '5495382', 'watermelon': '5494510', 'registry': '8018911', 'hello-world': '8021526', 'docker/getting-started': '8021973', 'alpine': '7991792'}
14:32:41 INFO  EnvironmentC8y Setup
14:32:41 INFO  Executed systemctl&lt;serv_mapper1&gt;, exit status 3
14:32:41 INFO  Restarting mosquitto too frequently in the last 10 seconds. It was only up for 4 seconds
14:32:41 INFO  Delaying execution by 7 seconds
14:33:02 INFO  Executed sudo&lt;tedge_connect_c8y&gt;, exit status 0, duration 13 secs
14:33:03 INFO  Executed sudo&lt;tedge_connect_c8y_test&gt;, exit status 0
14:33:03 INFO  Executed systemctl&lt;serv_mosq2&gt;, exit status 0
14:33:04 INFO  Executed systemctl&lt;serv_mapper3&gt;, exit status 0
14:33:06 INFO  State of current operation: PENDING
14:33:08 INFO  State of current operation: PENDING
14:33:10 INFO  State of current operation: PENDING
14:33:13 INFO  State of current operation: PENDING
14:33:15 INFO  State of current operation: PENDING
14:33:17 INFO  State of current operation: PENDING
14:33:19 INFO  State of current operation: PENDING
14:33:22 INFO  State of current operation: PENDING
14:33:24 INFO  State of current operation: PENDING
14:33:26 INFO  State of current operation: PENDING
14:33:28 INFO  State of current operation: PENDING
14:33:30 INFO  State of current operation: PENDING
14:33:33 INFO  State of current operation: PENDING
14:33:35 INFO  State of current operation: PENDING
14:33:37 INFO  State of current operation: PENDING
14:33:39 INFO  State of current operation: PENDING
14:33:42 INFO  State of current operation: PENDING
14:33:44 INFO  State of current operation: PENDING
14:33:46 INFO  State of current operation: PENDING
14:33:48 INFO  State of current operation: PENDING
14:33:50 INFO  State of current operation: PENDING
14:33:53 INFO  State of current operation: PENDING
14:33:55 INFO  State of current operation: PENDING
14:33:57 INFO  State of current operation: PENDING
14:33:59 INFO  State of current operation: PENDING
14:34:02 INFO  State of current operation: PENDING
14:34:04 INFO  State of current operation: PENDING
14:34:06 INFO  State of current operation: PENDING
14:34:08 INFO  State of current operation: PENDING
14:34:10 INFO  State of current operation: PENDING
14:34:13 INFO  State of current operation: PENDING
14:34:15 INFO  State of current operation: PENDING
14:34:17 INFO  State of current operation: PENDING
14:34:19 INFO  State of current operation: PENDING
14:34:22 INFO  State of current operation: PENDING
14:34:24 INFO  State of current operation: PENDING
14:34:26 INFO  State of current operation: PENDING
14:34:28 INFO  State of current operation: PENDING
14:34:30 INFO  State of current operation: PENDING
14:34:33 INFO  State of current operation: PENDING
14:34:35 INFO  State of current operation: PENDING
14:34:37 INFO  State of current operation: PENDING
14:34:39 INFO  State of current operation: PENDING
14:34:41 INFO  State of current operation: PENDING
14:34:44 INFO  State of current operation: PENDING
14:34:46 INFO  State of current operation: PENDING
14:34:48 INFO  State of current operation: PENDING
14:34:50 INFO  State of current operation: PENDING
14:34:53 INFO  State of current operation: PENDING
14:34:55 INFO  State of current operation: PENDING
14:34:57 INFO  State of current operation: PENDING
14:34:59 INFO  State of current operation: PENDING
14:35:01 INFO  State of current operation: PENDING
14:35:04 INFO  State of current operation: PENDING
14:35:06 INFO  State of current operation: PENDING
14:35:08 INFO  State of current operation: PENDING
14:35:10 INFO  State of current operation: PENDING
14:35:13 INFO  State of current operation: PENDING
14:35:15 INFO  State of current operation: PENDING
14:35:17 INFO  State of current operation: PENDING
14:35:19 INFO  State of current operation: PENDING
14:35:21 WARN  SystemError occurred while running test - Timeout while waiting for status FAILED or SUCCESSFUL
Traceback (most recent call last):
  File &quot;/home/pi/env-pysys/lib/python3.7/site-packages/pysys/baserunner.py&quot;, line 1292, in __call__
    self.testObj.setup()
  File &quot;/home/pi/actions-runner/_work/thin-edge.io/thin-edge.io/tests/PySys/software_management_end_to_end/sm_apt_install_remove_with_version/run.py&quot;, line 27, in setup
    super().setup()
  File &quot;/home/pi/actions-runner/_work/thin-edge.io/thin-edge.io/tests/PySys/software_management_end_to_end/environment_sm_management.py&quot;, line 151, in setup
    self.wait_until_end()
  File &quot;/home/pi/actions-runner/_work/thin-edge.io/thin-edge.io/tests/PySys/software_management_end_to_end/environment_sm_management.py&quot;, line 332, in wait_until_end
    self.wait_until_status(&quot;FAILED&quot;, &quot;SUCCESSFUL&quot;)
  File &quot;/home/pi/actions-runner/_work/thin-edge.io/thin-edge.io/tests/PySys/software_management_end_to_end/environment_sm_management.py&quot;, line 381, in wait_until_status
    &quot;Timeout while waiting for status %s or %s&quot; % (status, status2)
SystemError: Timeout while waiting for status FAILED or SUCCESSFUL
14:35:21 WARN  SystemError: Timeout while waiting for status FAILED or SUCCESSFUL ... blocked 
14:35:21 INFO  
14:35:21 INFO  cleanup:
14:35:25 INFO  Executed sudo&lt;tedge_disconnect_c8y&gt;, exit status 0
14:35:26 INFO  Executed systemctl&lt;serv_mapper5&gt;, exit status 3
14:35:26 INFO  
14:35:26 INFO  Test duration: 165.30 secs
14:35:26 INFO  Test final outcome:  BLOCKED
14:35:26 INFO  Test outcome reason: SystemError: Timeout while waiting for status FAILED or SUCCESSFUL
14:35:26 INFO  
</system-out>
	</testcase>
</testsuite>
