<?xml version="1.0" encoding="utf-8"?>
<testsuite failures="1" name="SoftwareManagement.sm_mixed_install_remove_multiple" skipped="0" tests="1" time="69.83" timestamp="2022-05-03T10:06:51">
	<testcase classname="PySysTest" name="SoftwareManagement.sm_mixed_install_remove_multiple">
		<failure message="BLOCKED: SystemError: The operation has failed (+1 other failures)" type="BLOCKED"/>
		<system-out>10:05:41 INFO  ==============================================================
10:05:41 INFO  Id:    SoftwareManagement.sm_mixed_install_remove_multiple
10:05:41 INFO  Dir:   software_management_end_to_end/
10:05:41 INFO  Title: Validate end to end behaviour for the dummy-plugin for multiple packages with mixed versions
10:05:41 INFO  ==============================================================
10:05:41 INFO  Using sw id database: {'asciijump': '5475369', 'robotfindskitten': '5474869', 'squirrel3': '5475279', 'rolldice': '5152439', 'moon-buggy': '5439204', 'apple': '5495053', 'banana': '5494888', 'cherry': '5495382', 'watermelon': '5494510', 'registry': '8018911', 'hello-world': '8021526', 'docker/getting-started': '8021973', 'alpine': '7991792'}
10:05:41 INFO  EnvironmentC8y Setup
10:05:42 INFO  Executed systemctl&lt;serv_mapper1&gt;, exit status 3
10:05:42 INFO  Restarting mosquitto too frequently in the last 10 seconds. It was only up for 5 seconds
10:05:42 INFO  Delaying execution by 6 seconds
10:06:02 INFO  Executed sudo&lt;tedge_connect_c8y&gt;, exit status 0, duration 13 secs
10:06:03 INFO  Executed sudo&lt;tedge_connect_c8y_test&gt;, exit status 0
10:06:03 INFO  Executed systemctl&lt;serv_mosq2&gt;, exit status 0
10:06:04 INFO  Executed systemctl&lt;serv_mapper3&gt;, exit status 0
10:06:06 INFO  State of current operation: SUCCESSFUL
10:06:06 INFO  Package apple is installed
10:06:06 INFO  Assert that (True == value) with value=True ... passed
10:06:06 INFO  Package banana is installed
10:06:06 INFO  Assert that (True == value) with value=True ... passed
10:06:07 INFO  Package cherry is installed
10:06:07 INFO  Assert that (True == value) with value=True ... passed
10:06:07 INFO  Package asciijump is installed
10:06:07 WARN  Assert that (False == value) with value=True ... failed 
10:06:07 INFO  Assert that (False == value) with value=False ... passed
10:06:07 INFO  Response status: 201
10:06:07 INFO  Response to action: {
    &quot;delivery&quot;: {
        &quot;time&quot;: &quot;2022-05-03T10:06:07.725Z&quot;,
        &quot;log&quot;: [],
        &quot;status&quot;: &quot;PENDING&quot;
    },
    &quot;creationTime&quot;: &quot;2022-05-03T10:06:07.708Z&quot;,
    &quot;deviceName&quot;: &quot;m32sd10a&quot;,
    &quot;deviceId&quot;: &quot;18270352&quot;,
    &quot;self&quot;: &quot;https://t493319102.eu-latest.cumulocity.com/devicecontrol/operations/18298532&quot;,
    &quot;id&quot;: &quot;18298532&quot;,
    &quot;status&quot;: &quot;PENDING&quot;,
    &quot;description&quot;: &quot;Apply software changes, triggered from PySys: [{'action': 'install', 'id': '5495053', 'name': 'apple', 'url': ' ', 'version': '::fruits'}, {'action': 'install', 'id': '5494888', 'name': 'banana', 'url': ' ', 'version': '::fruits'}, {'action': 'install', 'id': '5475369', 'name': 'asciijump', 'url': ' ', 'version': '::apt'}, {'action': 'install', 'id': '5495382', 'name': 'cherry', 'url': ' ', 'version': '::fruits'}, {'action': 'install', 'id': '8018911', 'name': 'registry', 'url': ' ', 'version': '::docker'}]&quot;,
    &quot;c8y_SoftwareUpdate&quot;: [
        {
            &quot;name&quot;: &quot;apple&quot;,
            &quot;action&quot;: &quot;install&quot;,
            &quot;id&quot;: &quot;5495053&quot;,
            &quot;version&quot;: &quot;::fruits&quot;,
            &quot;url&quot;: &quot; &quot;
        },
        {
            &quot;name&quot;: &quot;banana&quot;,
            &quot;action&quot;: &quot;install&quot;,
            &quot;id&quot;: &quot;5494888&quot;,
            &quot;version&quot;: &quot;::fruits&quot;,
            &quot;url&quot;: &quot; &quot;
        },
        {
            &quot;name&quot;: &quot;asciijump&quot;,
            &quot;action&quot;: &quot;install&quot;,
            &quot;id&quot;: &quot;5475369&quot;,
            &quot;version&quot;: &quot;::apt&quot;,
            &quot;url&quot;: &quot; &quot;
        },
        {
            &quot;name&quot;: &quot;cherry&quot;,
            &quot;action&quot;: &quot;install&quot;,
            &quot;id&quot;: &quot;5495382&quot;,
            &quot;version&quot;: &quot;::fruits&quot;,
            &quot;url&quot;: &quot; &quot;
        },
        {
            &quot;name&quot;: &quot;registry&quot;,
            &quot;action&quot;: &quot;install&quot;,
            &quot;id&quot;: &quot;8018911&quot;,
            &quot;version&quot;: &quot;::docker&quot;,
            &quot;url&quot;: &quot; &quot;
        }
    ]
}
10:06:07 INFO  Started operation: {'delivery': {'time': '2022-05-03T10:06:07.725Z', 'log': [], 'status': 'PENDING'}, 'creationTime': '2022-05-03T10:06:07.708Z', 'deviceName': 'm32sd10a', 'deviceId': '18270352', 'self': 'https://t493319102.eu-latest.cumulocity.com/devicecontrol/operations/18298532', 'id': '18298532', 'status': 'PENDING', 'description': &quot;Apply software changes, triggered from PySys: [{'action': 'install', 'id': '5495053', 'name': 'apple', 'url': ' ', 'version': '::fruits'}, {'action': 'install', 'id': '5494888', 'name': 'banana', 'url': ' ', 'version': '::fruits'}, {'action': 'install', 'id': '5475369', 'name': 'asciijump', 'url': ' ', 'version': '::apt'}, {'action': 'install', 'id': '5495382', 'name': 'cherry', 'url': ' ', 'version': '::fruits'}, {'action': 'install', 'id': '8018911', 'name': 'registry', 'url': ' ', 'version': '::docker'}]&quot;, 'c8y_SoftwareUpdate': [{'name': 'apple', 'action': 'install', 'id': '5495053', 'version': '::fruits', 'url': ' '}, {'name': 'banana', 'action': 'install', 'id': '5494888', 'version': '::fruits', 'url': ' '}, {'name': 'asciijump', 'action': 'install', 'id': '5475369', 'version': '::apt', 'url': ' '}, {'name': 'cherry', 'action': 'install', 'id': '5495382', 'version': '::fruits', 'url': ' '}, {'name': 'registry', 'action': 'install', 'id': '8018911', 'version': '::docker', 'url': ' '}]}
10:06:09 INFO  State of operation 18298532 : PENDING
10:06:12 INFO  State of operation 18298532 : EXECUTING
10:06:14 INFO  State of operation 18298532 : EXECUTING
10:06:16 INFO  State of operation 18298532 : EXECUTING
10:06:18 INFO  State of operation 18298532 : EXECUTING
10:06:21 INFO  State of operation 18298532 : EXECUTING
10:06:23 INFO  State of operation 18298532 : EXECUTING
10:06:26 INFO  State of operation 18298532 : EXECUTING
10:06:28 INFO  State of operation 18298532 : EXECUTING
10:06:31 INFO  State of operation 18298532 : EXECUTING
10:06:33 INFO  State of operation 18298532 : EXECUTING
10:06:35 INFO  State of operation 18298532 : EXECUTING
10:06:38 INFO  State of operation 18298532 : EXECUTING
10:06:40 INFO  State of operation 18298532 : EXECUTING
10:06:42 INFO  State of operation 18298532 : EXECUTING
10:06:44 INFO  State of operation 18298532 : EXECUTING
10:06:46 INFO  State of operation 18298532 : FAILED
10:06:46 ERROR Stopping as the operation has failed
10:06:46 WARN  SystemError occurred while running test - The operation has failed
Traceback (most recent call last):
  File &quot;/home/pi/env-pysys/lib/python3.7/site-packages/pysys/baserunner.py&quot;, line 1294, in __call__
    self.testObj.execute()
  File &quot;/home/pi/actions-runner/_work/thin-edge.io/thin-edge.io/tests/PySys/software_management_end_to_end/sm_mixed_install_remove_multiple/run.py&quot;, line 95, in execute
    self.wait_until_succcess()
  File &quot;/home/pi/actions-runner/_work/thin-edge.io/thin-edge.io/tests/PySys/software_management_end_to_end/environment_sm_management.py&quot;, line 324, in wait_until_succcess
    self.wait_until_status(&quot;SUCCESSFUL&quot;)
  File &quot;/home/pi/actions-runner/_work/thin-edge.io/thin-edge.io/tests/PySys/software_management_end_to_end/environment_sm_management.py&quot;, line 361, in wait_until_status
    raise SystemError(&quot;The operation has failed&quot;)
SystemError: The operation has failed
10:06:46 WARN  SystemError: The operation has failed ... blocked 
10:06:46 INFO  
10:06:46 INFO  cleanup:
10:06:51 INFO  Executed sudo&lt;tedge_disconnect_c8y&gt;, exit status 0
10:06:51 INFO  Executed systemctl&lt;serv_mapper5&gt;, exit status 3
10:06:51 INFO  
10:06:51 INFO  Test duration: 69.83 secs
10:06:51 INFO  Test final outcome:  BLOCKED
10:06:51 INFO  Test outcome reason: SystemError: The operation has failed (+1 other failures)
10:06:51 INFO  
</system-out>
	</testcase>
</testsuite>
