<?xml version="1.0" encoding="utf-8"?>
<testsuite failures="1" name="SoftwareManagement.sm_apt_install_remove" skipped="0" tests="1" time="166.11" timestamp="2022-04-24T13:17:42">
	<testcase classname="PySysTest" name="SoftwareManagement.sm_apt_install_remove">
		<failure message="BLOCKED: SystemError: Timeout while waiting for status FAILED or SUCCESSFUL" type="BLOCKED"/>
		<system-out>13:14:56 INFO  ==============================================================
13:14:56 INFO  Id:    SoftwareManagement.sm_apt_install_remove
13:14:56 INFO  Dir:   software_management_end_to_end/
13:14:56 INFO  Title: Validate end to end behaviour for the apt plugin for installation and removal of packages
13:14:56 INFO  ==============================================================
13:14:56 INFO  Using sw id database: {'asciijump': '5475369', 'robotfindskitten': '5474869', 'squirrel3': '5475279', 'rolldice': '5152439', 'moon-buggy': '5439204', 'apple': '5495053', 'banana': '5494888', 'cherry': '5495382', 'watermelon': '5494510', 'registry': '8018911', 'hello-world': '8021526', 'docker/getting-started': '8021973', 'alpine': '7991792'}
13:14:56 INFO  EnvironmentC8y Setup
13:14:56 INFO  Executed systemctl&lt;serv_mapper1&gt;, exit status 3
13:14:56 INFO  Restarting mosquitto too frequently in the last 10 seconds. It was only up for 4 seconds
13:14:56 INFO  Delaying execution by 7 seconds
13:15:18 INFO  Executed sudo&lt;tedge_connect_c8y&gt;, exit status 0, duration 14 secs
13:15:19 INFO  Executed sudo&lt;tedge_connect_c8y_test&gt;, exit status 0
13:15:19 INFO  Executed systemctl&lt;serv_mosq2&gt;, exit status 0
13:15:20 INFO  Executed systemctl&lt;serv_mapper3&gt;, exit status 0
13:15:22 INFO  State of current operation: PENDING
13:15:24 INFO  State of current operation: PENDING
13:15:26 INFO  State of current operation: PENDING
13:15:28 INFO  State of current operation: PENDING
13:15:31 INFO  State of current operation: PENDING
13:15:33 INFO  State of current operation: PENDING
13:15:35 INFO  State of current operation: PENDING
13:15:37 INFO  State of current operation: PENDING
13:15:40 INFO  State of current operation: PENDING
13:15:42 INFO  State of current operation: PENDING
13:15:44 INFO  State of current operation: PENDING
13:15:46 INFO  State of current operation: PENDING
13:15:48 INFO  State of current operation: PENDING
13:15:51 INFO  State of current operation: PENDING
13:15:53 INFO  State of current operation: PENDING
13:15:55 INFO  State of current operation: PENDING
13:15:57 INFO  State of current operation: PENDING
13:16:00 INFO  State of current operation: PENDING
13:16:02 INFO  State of current operation: PENDING
13:16:04 INFO  State of current operation: PENDING
13:16:06 INFO  State of current operation: PENDING
13:16:08 INFO  State of current operation: PENDING
13:16:11 INFO  State of current operation: PENDING
13:16:13 INFO  State of current operation: PENDING
13:16:15 INFO  State of current operation: PENDING
13:16:17 INFO  State of current operation: PENDING
13:16:20 INFO  State of current operation: PENDING
13:16:22 INFO  State of current operation: PENDING
13:16:24 INFO  State of current operation: PENDING
13:16:26 INFO  State of current operation: PENDING
13:16:28 INFO  State of current operation: PENDING
13:16:31 INFO  State of current operation: PENDING
13:16:33 INFO  State of current operation: PENDING
13:16:35 INFO  State of current operation: PENDING
13:16:37 INFO  State of current operation: PENDING
13:16:39 INFO  State of current operation: PENDING
13:16:42 INFO  State of current operation: PENDING
13:16:44 INFO  State of current operation: PENDING
13:16:46 INFO  State of current operation: PENDING
13:16:48 INFO  State of current operation: PENDING
13:16:51 INFO  State of current operation: PENDING
13:16:53 INFO  State of current operation: PENDING
13:16:55 INFO  State of current operation: PENDING
13:16:57 INFO  State of current operation: PENDING
13:17:00 INFO  State of current operation: PENDING
13:17:02 INFO  State of current operation: PENDING
13:17:04 INFO  State of current operation: PENDING
13:17:06 INFO  State of current operation: PENDING
13:17:08 INFO  State of current operation: PENDING
13:17:11 INFO  State of current operation: PENDING
13:17:13 INFO  State of current operation: PENDING
13:17:15 INFO  State of current operation: PENDING
13:17:17 INFO  State of current operation: PENDING
13:17:20 INFO  State of current operation: PENDING
13:17:22 INFO  State of current operation: PENDING
13:17:24 INFO  State of current operation: PENDING
13:17:26 INFO  State of current operation: PENDING
13:17:28 INFO  State of current operation: PENDING
13:17:31 INFO  State of current operation: PENDING
13:17:33 INFO  State of current operation: PENDING
13:17:35 INFO  State of current operation: PENDING
13:17:37 WARN  SystemError occurred while running test - Timeout while waiting for status FAILED or SUCCESSFUL
Traceback (most recent call last):
  File &quot;/home/pi/env-pysys/lib/python3.7/site-packages/pysys/baserunner.py&quot;, line 1292, in __call__
    self.testObj.setup()
  File &quot;/home/pi/actions-runner/_work/thin-edge.io/thin-edge.io/tests/PySys/software_management_end_to_end/sm_apt_install_remove/run.py&quot;, line 27, in setup
    super().setup()
  File &quot;/home/pi/actions-runner/_work/thin-edge.io/thin-edge.io/tests/PySys/software_management_end_to_end/environment_sm_management.py&quot;, line 151, in setup
    self.wait_until_end()
  File &quot;/home/pi/actions-runner/_work/thin-edge.io/thin-edge.io/tests/PySys/software_management_end_to_end/environment_sm_management.py&quot;, line 332, in wait_until_end
    self.wait_until_status(&quot;FAILED&quot;, &quot;SUCCESSFUL&quot;)
  File &quot;/home/pi/actions-runner/_work/thin-edge.io/thin-edge.io/tests/PySys/software_management_end_to_end/environment_sm_management.py&quot;, line 381, in wait_until_status
    &quot;Timeout while waiting for status %s or %s&quot; % (status, status2)
SystemError: Timeout while waiting for status FAILED or SUCCESSFUL
13:17:37 WARN  SystemError: Timeout while waiting for status FAILED or SUCCESSFUL ... blocked 
13:17:37 INFO  
13:17:37 INFO  cleanup:
13:17:41 INFO  Executed sudo&lt;tedge_disconnect_c8y&gt;, exit status 0
13:17:42 INFO  Executed systemctl&lt;serv_mapper5&gt;, exit status 3
13:17:42 INFO  
13:17:42 INFO  Test duration: 166.11 secs
13:17:42 INFO  Test final outcome:  BLOCKED
13:17:42 INFO  Test outcome reason: SystemError: Timeout while waiting for status FAILED or SUCCESSFUL
13:17:42 INFO  
</system-out>
	</testcase>
</testsuite>
