<?xml version="1.0" encoding="utf-8"?>
<testsuite failures="1" name="SoftwareManagement.sm_apt_install_remove_multiple_mixed" skipped="0" tests="1" time="165.94" timestamp="2022-04-21T14:56:46">
	<testcase classname="PySysTest" name="SoftwareManagement.sm_apt_install_remove_multiple_mixed">
		<failure message="BLOCKED: SystemError: Timeout while waiting for status FAILED or SUCCESSFUL" type="BLOCKED"/>
		<system-out>14:54:00 INFO  ==============================================================
14:54:00 INFO  Id:    SoftwareManagement.sm_apt_install_remove_multiple_mixed
14:54:00 INFO  Dir:   software_management_end_to_end/
14:54:00 INFO  Title: Validate end to end behaviour for the apt plugin for multiple packages with mixed versions
14:54:00 INFO  ==============================================================
14:54:01 INFO  Using sw id database: {'asciijump': '5475369', 'robotfindskitten': '5474869', 'squirrel3': '5475279', 'rolldice': '5152439', 'moon-buggy': '5439204', 'apple': '5495053', 'banana': '5494888', 'cherry': '5495382', 'watermelon': '5494510', 'registry': '8018911', 'hello-world': '8021526', 'docker/getting-started': '8021973', 'alpine': '7991792'}
14:54:01 INFO  EnvironmentC8y Setup
14:54:01 INFO  Executed systemctl&lt;serv_mapper1&gt;, exit status 3
14:54:01 INFO  Restarting mosquitto too frequently in the last 10 seconds. It was only up for 4 seconds
14:54:01 INFO  Delaying execution by 7 seconds
14:54:22 INFO  Executed sudo&lt;tedge_connect_c8y&gt;, exit status 0, duration 14 secs
14:54:23 INFO  Executed sudo&lt;tedge_connect_c8y_test&gt;, exit status 0
14:54:24 INFO  Executed systemctl&lt;serv_mosq2&gt;, exit status 0
14:54:24 INFO  Executed systemctl&lt;serv_mapper3&gt;, exit status 0
14:54:26 INFO  State of current operation: PENDING
14:54:28 INFO  State of current operation: PENDING
14:54:31 INFO  State of current operation: PENDING
14:54:33 INFO  State of current operation: PENDING
14:54:35 INFO  State of current operation: PENDING
14:54:37 INFO  State of current operation: PENDING
14:54:40 INFO  State of current operation: PENDING
14:54:42 INFO  State of current operation: PENDING
14:54:44 INFO  State of current operation: PENDING
14:54:46 INFO  State of current operation: PENDING
14:54:48 INFO  State of current operation: PENDING
14:54:51 INFO  State of current operation: PENDING
14:54:53 INFO  State of current operation: PENDING
14:54:55 INFO  State of current operation: PENDING
14:54:57 INFO  State of current operation: PENDING
14:55:00 INFO  State of current operation: PENDING
14:55:02 INFO  State of current operation: PENDING
14:55:04 INFO  State of current operation: PENDING
14:55:06 INFO  State of current operation: PENDING
14:55:08 INFO  State of current operation: PENDING
14:55:11 INFO  State of current operation: PENDING
14:55:13 INFO  State of current operation: PENDING
14:55:15 INFO  State of current operation: PENDING
14:55:17 INFO  State of current operation: PENDING
14:55:20 INFO  State of current operation: PENDING
14:55:22 INFO  State of current operation: PENDING
14:55:24 INFO  State of current operation: PENDING
14:55:26 INFO  State of current operation: PENDING
14:55:28 INFO  State of current operation: PENDING
14:55:31 INFO  State of current operation: PENDING
14:55:33 INFO  State of current operation: PENDING
14:55:35 INFO  State of current operation: PENDING
14:55:37 INFO  State of current operation: PENDING
14:55:40 INFO  State of current operation: PENDING
14:55:42 INFO  State of current operation: PENDING
14:55:44 INFO  State of current operation: PENDING
14:55:46 INFO  State of current operation: PENDING
14:55:48 INFO  State of current operation: PENDING
14:55:51 INFO  State of current operation: PENDING
14:55:53 INFO  State of current operation: PENDING
14:55:55 INFO  State of current operation: PENDING
14:55:57 INFO  State of current operation: PENDING
14:56:00 INFO  State of current operation: PENDING
14:56:02 INFO  State of current operation: PENDING
14:56:04 INFO  State of current operation: PENDING
14:56:06 INFO  State of current operation: PENDING
14:56:09 INFO  State of current operation: PENDING
14:56:11 INFO  State of current operation: PENDING
14:56:13 INFO  State of current operation: PENDING
14:56:15 INFO  State of current operation: PENDING
14:56:17 INFO  State of current operation: PENDING
14:56:20 INFO  State of current operation: PENDING
14:56:22 INFO  State of current operation: PENDING
14:56:24 INFO  State of current operation: PENDING
14:56:26 INFO  State of current operation: PENDING
14:56:29 INFO  State of current operation: PENDING
14:56:31 INFO  State of current operation: PENDING
14:56:33 INFO  State of current operation: PENDING
14:56:35 INFO  State of current operation: PENDING
14:56:37 INFO  State of current operation: PENDING
14:56:40 INFO  State of current operation: PENDING
14:56:42 WARN  SystemError occurred while running test - Timeout while waiting for status FAILED or SUCCESSFUL
Traceback (most recent call last):
  File &quot;/home/pi/env-pysys/lib/python3.7/site-packages/pysys/baserunner.py&quot;, line 1292, in __call__
    self.testObj.setup()
  File &quot;/home/pi/actions-runner/_work/thin-edge.io/thin-edge.io/tests/PySys/software_management_end_to_end/sm_apt_install_remove_multiple_mixed/run.py&quot;, line 73, in setup
    super().setup()
  File &quot;/home/pi/actions-runner/_work/thin-edge.io/thin-edge.io/tests/PySys/software_management_end_to_end/environment_sm_management.py&quot;, line 151, in setup
    self.wait_until_end()
  File &quot;/home/pi/actions-runner/_work/thin-edge.io/thin-edge.io/tests/PySys/software_management_end_to_end/environment_sm_management.py&quot;, line 332, in wait_until_end
    self.wait_until_status(&quot;FAILED&quot;, &quot;SUCCESSFUL&quot;)
  File &quot;/home/pi/actions-runner/_work/thin-edge.io/thin-edge.io/tests/PySys/software_management_end_to_end/environment_sm_management.py&quot;, line 381, in wait_until_status
    &quot;Timeout while waiting for status %s or %s&quot; % (status, status2)
SystemError: Timeout while waiting for status FAILED or SUCCESSFUL
14:56:42 WARN  SystemError: Timeout while waiting for status FAILED or SUCCESSFUL ... blocked 
14:56:42 INFO  
14:56:42 INFO  cleanup:
14:56:46 INFO  Executed sudo&lt;tedge_disconnect_c8y&gt;, exit status 0
14:56:46 INFO  Executed systemctl&lt;serv_mapper5&gt;, exit status 3
14:56:46 INFO  
14:56:46 INFO  Test duration: 165.94 secs
14:56:46 INFO  Test final outcome:  BLOCKED
14:56:46 INFO  Test outcome reason: SystemError: Timeout while waiting for status FAILED or SUCCESSFUL
14:56:46 INFO  
</system-out>
	</testcase>
</testsuite>
