<?xml version="1.0" encoding="utf-8"?>
<testsuite failures="1" name="SoftwareManagement.sm_fake_install_remove_multiple" skipped="0" tests="1" time="165.22" timestamp="2022-04-24T13:36:57">
	<testcase classname="PySysTest" name="SoftwareManagement.sm_fake_install_remove_multiple">
		<failure message="BLOCKED: SystemError: Timeout while waiting for status FAILED or SUCCESSFUL" type="BLOCKED"/>
		<system-out>13:34:12 INFO  ==============================================================
13:34:12 INFO  Id:    SoftwareManagement.sm_fake_install_remove_multiple
13:34:12 INFO  Dir:   software_management_end_to_end/
13:34:12 INFO  Title: Validate end to end behaviour for the dummy-plugin for multiple packages
13:34:12 INFO  ==============================================================
13:34:12 INFO  Using sw id database: {'asciijump': '5475369', 'robotfindskitten': '5474869', 'squirrel3': '5475279', 'rolldice': '5152439', 'moon-buggy': '5439204', 'apple': '5495053', 'banana': '5494888', 'cherry': '5495382', 'watermelon': '5494510', 'registry': '8018911', 'hello-world': '8021526', 'docker/getting-started': '8021973', 'alpine': '7991792'}
13:34:12 INFO  EnvironmentC8y Setup
13:34:13 INFO  Executed systemctl&lt;serv_mapper1&gt;, exit status 3
13:34:13 INFO  Restarting mosquitto too frequently in the last 10 seconds. It was only up for 5 seconds
13:34:13 INFO  Delaying execution by 6 seconds
13:34:33 INFO  Executed sudo&lt;tedge_connect_c8y&gt;, exit status 0, duration 14 secs
13:34:34 INFO  Executed sudo&lt;tedge_connect_c8y_test&gt;, exit status 0
13:34:34 INFO  Executed systemctl&lt;serv_mosq2&gt;, exit status 0
13:34:35 INFO  Executed systemctl&lt;serv_mapper3&gt;, exit status 0
13:34:37 INFO  State of current operation: PENDING
13:34:39 INFO  State of current operation: PENDING
13:34:41 INFO  State of current operation: PENDING
13:34:43 INFO  State of current operation: PENDING
13:34:46 INFO  State of current operation: PENDING
13:34:48 INFO  State of current operation: PENDING
13:34:50 INFO  State of current operation: PENDING
13:34:52 INFO  State of current operation: PENDING
13:34:55 INFO  State of current operation: PENDING
13:34:57 INFO  State of current operation: PENDING
13:34:59 INFO  State of current operation: PENDING
13:35:01 INFO  State of current operation: PENDING
13:35:03 INFO  State of current operation: PENDING
13:35:06 INFO  State of current operation: PENDING
13:35:08 INFO  State of current operation: PENDING
13:35:10 INFO  State of current operation: PENDING
13:35:12 INFO  State of current operation: PENDING
13:35:15 INFO  State of current operation: PENDING
13:35:17 INFO  State of current operation: PENDING
13:35:19 INFO  State of current operation: PENDING
13:35:21 INFO  State of current operation: PENDING
13:35:23 INFO  State of current operation: PENDING
13:35:26 INFO  State of current operation: PENDING
13:35:28 INFO  State of current operation: PENDING
13:35:30 INFO  State of current operation: PENDING
13:35:32 INFO  State of current operation: PENDING
13:35:35 INFO  State of current operation: PENDING
13:35:37 INFO  State of current operation: PENDING
13:35:39 INFO  State of current operation: PENDING
13:35:41 INFO  State of current operation: PENDING
13:35:44 INFO  State of current operation: PENDING
13:35:46 INFO  State of current operation: PENDING
13:35:48 INFO  State of current operation: PENDING
13:35:50 INFO  State of current operation: PENDING
13:35:53 INFO  State of current operation: PENDING
13:35:55 INFO  State of current operation: PENDING
13:35:57 INFO  State of current operation: PENDING
13:35:59 INFO  State of current operation: PENDING
13:36:01 INFO  State of current operation: PENDING
13:36:04 INFO  State of current operation: PENDING
13:36:06 INFO  State of current operation: PENDING
13:36:08 INFO  State of current operation: PENDING
13:36:10 INFO  State of current operation: PENDING
13:36:13 INFO  State of current operation: PENDING
13:36:15 INFO  State of current operation: PENDING
13:36:17 INFO  State of current operation: PENDING
13:36:19 INFO  State of current operation: PENDING
13:36:21 INFO  State of current operation: PENDING
13:36:24 INFO  State of current operation: PENDING
13:36:26 INFO  State of current operation: PENDING
13:36:28 INFO  State of current operation: PENDING
13:36:30 INFO  State of current operation: PENDING
13:36:33 INFO  State of current operation: PENDING
13:36:35 INFO  State of current operation: PENDING
13:36:37 INFO  State of current operation: PENDING
13:36:39 INFO  State of current operation: PENDING
13:36:41 INFO  State of current operation: PENDING
13:36:44 INFO  State of current operation: PENDING
13:36:46 INFO  State of current operation: PENDING
13:36:48 INFO  State of current operation: PENDING
13:36:50 INFO  State of current operation: PENDING
13:36:52 WARN  SystemError occurred while running test - Timeout while waiting for status FAILED or SUCCESSFUL
Traceback (most recent call last):
  File &quot;/home/pi/env-pysys/lib/python3.7/site-packages/pysys/baserunner.py&quot;, line 1292, in __call__
    self.testObj.setup()
  File &quot;/home/pi/actions-runner/_work/thin-edge.io/thin-edge.io/tests/PySys/software_management_end_to_end/sm_fake_install_remove_multiple/run.py&quot;, line 68, in setup
    super().setup()
  File &quot;/home/pi/actions-runner/_work/thin-edge.io/thin-edge.io/tests/PySys/software_management_end_to_end/environment_sm_management.py&quot;, line 151, in setup
    self.wait_until_end()
  File &quot;/home/pi/actions-runner/_work/thin-edge.io/thin-edge.io/tests/PySys/software_management_end_to_end/environment_sm_management.py&quot;, line 332, in wait_until_end
    self.wait_until_status(&quot;FAILED&quot;, &quot;SUCCESSFUL&quot;)
  File &quot;/home/pi/actions-runner/_work/thin-edge.io/thin-edge.io/tests/PySys/software_management_end_to_end/environment_sm_management.py&quot;, line 381, in wait_until_status
    &quot;Timeout while waiting for status %s or %s&quot; % (status, status2)
SystemError: Timeout while waiting for status FAILED or SUCCESSFUL
13:36:52 WARN  SystemError: Timeout while waiting for status FAILED or SUCCESSFUL ... blocked 
13:36:52 INFO  
13:36:52 INFO  cleanup:
13:36:57 INFO  Executed sudo&lt;tedge_disconnect_c8y&gt;, exit status 0
13:36:57 INFO  Executed systemctl&lt;serv_mapper5&gt;, exit status 3
13:36:57 INFO  
13:36:57 INFO  Test duration: 165.22 secs
13:36:57 INFO  Test final outcome:  BLOCKED
13:36:57 INFO  Test outcome reason: SystemError: Timeout while waiting for status FAILED or SUCCESSFUL
13:36:57 INFO  
</system-out>
	</testcase>
</testsuite>
