<?xml version="1.0" encoding="utf-8"?>
<testsuite failures="1" name="SoftwareManagement.sm_docker_install_remove_multiple" skipped="0" tests="1" time="42.97" timestamp="2022-04-27T18:55:51">
	<testcase classname="SMDockerInstallRemove" name="SoftwareManagement.sm_docker_install_remove_multiple">
		<failure message="BLOCKED: SystemError: The operation has failed" type="BLOCKED"/>
		<system-out>18:55:08 INFO  ==============================================================
18:55:08 INFO  Id:    SoftwareManagement.sm_docker_install_remove_multiple
18:55:08 INFO  Dir:   software_management_end_to_end/
18:55:08 INFO  Title: Validate end to end behaviour for the docker plugin for multiple docker images with mixed versions
18:55:08 INFO  ==============================================================
18:55:08 INFO  Using sw id database: {'asciijump': '5475369', 'robotfindskitten': '5474869', 'squirrel3': '5475279', 'rolldice': '5152439', 'moon-buggy': '5439204', 'apple': '5495053', 'banana': '5494888', 'cherry': '5495382', 'watermelon': '5494510', 'registry': '8018911', 'hello-world': '8021526', 'docker/getting-started': '8021973', 'alpine': '7991792'}
18:55:08 INFO  EnvironmentC8y Setup
18:55:09 INFO  Executed systemctl&lt;serv_mapper1&gt;, exit status 3
18:55:09 INFO  Restarting mosquitto too frequently in the last 10 seconds. It was only up for 5 seconds
18:55:09 INFO  Delaying execution by 6 seconds
18:55:29 INFO  Executed sudo&lt;tedge_connect_c8y&gt;, exit status 0, duration 14 secs
18:55:30 INFO  Executed sudo&lt;tedge_connect_c8y_test&gt;, exit status 0
18:55:30 INFO  Executed systemctl&lt;serv_mosq2&gt;, exit status 0
18:55:31 INFO  Executed systemctl&lt;serv_mapper3&gt;, exit status 0
18:55:33 INFO  State of current operation: SUCCESSFUL
18:55:33 INFO  Response status: 201
18:55:33 INFO  Response to action: {
    &quot;creationTime&quot;: &quot;2022-04-27T18:55:33.621Z&quot;,
    &quot;deviceName&quot;: &quot;m32sd10a&quot;,
    &quot;deviceId&quot;: &quot;17820339&quot;,
    &quot;self&quot;: &quot;https://t493319102.eu-latest.cumulocity.com/devicecontrol/operations/17832533&quot;,
    &quot;id&quot;: &quot;17832533&quot;,
    &quot;status&quot;: &quot;PENDING&quot;,
    &quot;description&quot;: &quot;Apply software changes, triggered from PySys: [{'action': 'install', 'id': '8021526', 'name': 'hello-world', 'url': '', 'version': '::docker'}, {'action': 'install', 'id': '8018911', 'name': 'registry', 'url': '', 'version': '2.6.2::docker'}]&quot;,
    &quot;c8y_SoftwareUpdate&quot;: [
        {
            &quot;name&quot;: &quot;hello-world&quot;,
            &quot;action&quot;: &quot;install&quot;,
            &quot;id&quot;: &quot;8021526&quot;,
            &quot;version&quot;: &quot;::docker&quot;,
            &quot;url&quot;: &quot;&quot;
        },
        {
            &quot;name&quot;: &quot;registry&quot;,
            &quot;action&quot;: &quot;install&quot;,
            &quot;id&quot;: &quot;8018911&quot;,
            &quot;version&quot;: &quot;2.6.2::docker&quot;,
            &quot;url&quot;: &quot;&quot;
        }
    ]
}
18:55:33 INFO  Started operation: {'creationTime': '2022-04-27T18:55:33.621Z', 'deviceName': 'm32sd10a', 'deviceId': '17820339', 'self': 'https://t493319102.eu-latest.cumulocity.com/devicecontrol/operations/17832533', 'id': '17832533', 'status': 'PENDING', 'description': &quot;Apply software changes, triggered from PySys: [{'action': 'install', 'id': '8021526', 'name': 'hello-world', 'url': '', 'version': '::docker'}, {'action': 'install', 'id': '8018911', 'name': 'registry', 'url': '', 'version': '2.6.2::docker'}]&quot;, 'c8y_SoftwareUpdate': [{'name': 'hello-world', 'action': 'install', 'id': '8021526', 'version': '::docker', 'url': ''}, {'name': 'registry', 'action': 'install', 'id': '8018911', 'version': '2.6.2::docker', 'url': ''}]}
18:55:35 INFO  State of operation 17832533 : PENDING
18:55:38 INFO  State of operation 17832533 : EXECUTING
18:55:40 INFO  State of operation 17832533 : EXECUTING
18:55:42 INFO  State of operation 17832533 : EXECUTING
18:55:44 INFO  State of operation 17832533 : EXECUTING
18:55:47 INFO  State of operation 17832533 : FAILED
18:55:47 ERROR Stopping as the operation has failed
18:55:47 WARN  SystemError occurred while running test - The operation has failed
Traceback (most recent call last):
  File &quot;/home/pi/env-pysys/lib/python3.7/site-packages/pysys/baserunner.py&quot;, line 1292, in __call__
    self.testObj.setup()
  File &quot;/home/pi/actions-runner/_work/thin-edge.io/thin-edge.io/tests/PySys/software_management_end_to_end/sm_docker_install_remove_multiple/run.py&quot;, line 55, in setup
    self.wait_until_succcess()
  File &quot;/home/pi/actions-runner/_work/thin-edge.io/thin-edge.io/tests/PySys/software_management_end_to_end/environment_sm_management.py&quot;, line 324, in wait_until_succcess
    self.wait_until_status(&quot;SUCCESSFUL&quot;)
  File &quot;/home/pi/actions-runner/_work/thin-edge.io/thin-edge.io/tests/PySys/software_management_end_to_end/environment_sm_management.py&quot;, line 361, in wait_until_status
    raise SystemError(&quot;The operation has failed&quot;)
SystemError: The operation has failed
18:55:47 WARN  SystemError: The operation has failed ... blocked 
18:55:47 INFO  
18:55:47 INFO  cleanup:
18:55:51 INFO  Executed sudo&lt;tedge_disconnect_c8y&gt;, exit status 0
18:55:51 INFO  Executed systemctl&lt;serv_mapper5&gt;, exit status 3
18:55:51 INFO  
18:55:51 INFO  Test duration: 42.97 secs
18:55:51 INFO  Test final outcome:  BLOCKED
18:55:51 INFO  Test outcome reason: SystemError: The operation has failed
18:55:51 INFO  
</system-out>
	</testcase>
</testsuite>
