<?xml version="1.0" encoding="utf-8"?>
<testsuite failures="1" name="SoftwareManagement.sm_apt_install_remove_with_version" skipped="0" tests="1" time="164.51" timestamp="2022-04-21T14:59:31">
	<testcase classname="PySysTest" name="SoftwareManagement.sm_apt_install_remove_with_version">
		<failure message="BLOCKED: SystemError: Timeout while waiting for status FAILED or SUCCESSFUL" type="BLOCKED"/>
		<system-out>14:56:46 INFO  ==============================================================
14:56:46 INFO  Id:    SoftwareManagement.sm_apt_install_remove_with_version
14:56:46 INFO  Dir:   software_management_end_to_end/
14:56:46 INFO  Title: Validate end to end behaviour for the apt plugin for packages with version
14:56:46 INFO  ==============================================================
14:56:47 INFO  Using sw id database: {'asciijump': '5475369', 'robotfindskitten': '5474869', 'squirrel3': '5475279', 'rolldice': '5152439', 'moon-buggy': '5439204', 'apple': '5495053', 'banana': '5494888', 'cherry': '5495382', 'watermelon': '5494510', 'registry': '8018911', 'hello-world': '8021526', 'docker/getting-started': '8021973', 'alpine': '7991792'}
14:56:47 INFO  EnvironmentC8y Setup
14:56:47 INFO  Executed systemctl&lt;serv_mapper1&gt;, exit status 3
14:56:47 INFO  Restarting mosquitto too frequently in the last 10 seconds. It was only up for 5 seconds
14:56:47 INFO  Delaying execution by 6 seconds
14:57:07 INFO  Executed sudo&lt;tedge_connect_c8y&gt;, exit status 0, duration 13 secs
14:57:08 INFO  Executed sudo&lt;tedge_connect_c8y_test&gt;, exit status 0
14:57:08 INFO  Executed systemctl&lt;serv_mosq2&gt;, exit status 0
14:57:09 INFO  Executed systemctl&lt;serv_mapper3&gt;, exit status 0
14:57:11 INFO  State of current operation: PENDING
14:57:13 INFO  State of current operation: PENDING
14:57:15 INFO  State of current operation: PENDING
14:57:18 INFO  State of current operation: PENDING
14:57:20 INFO  State of current operation: PENDING
14:57:22 INFO  State of current operation: PENDING
14:57:24 INFO  State of current operation: PENDING
14:57:27 INFO  State of current operation: PENDING
14:57:29 INFO  State of current operation: PENDING
14:57:31 INFO  State of current operation: PENDING
14:57:33 INFO  State of current operation: PENDING
14:57:35 INFO  State of current operation: PENDING
14:57:38 INFO  State of current operation: PENDING
14:57:40 INFO  State of current operation: PENDING
14:57:42 INFO  State of current operation: PENDING
14:57:44 INFO  State of current operation: PENDING
14:57:47 INFO  State of current operation: PENDING
14:57:49 INFO  State of current operation: PENDING
14:57:51 INFO  State of current operation: PENDING
14:57:53 INFO  State of current operation: PENDING
14:57:55 INFO  State of current operation: PENDING
14:57:58 INFO  State of current operation: PENDING
14:58:00 INFO  State of current operation: PENDING
14:58:02 INFO  State of current operation: PENDING
14:58:04 INFO  State of current operation: PENDING
14:58:06 INFO  State of current operation: PENDING
14:58:09 INFO  State of current operation: PENDING
14:58:11 INFO  State of current operation: PENDING
14:58:13 INFO  State of current operation: PENDING
14:58:15 INFO  State of current operation: PENDING
14:58:18 INFO  State of current operation: PENDING
14:58:20 INFO  State of current operation: PENDING
14:58:22 INFO  State of current operation: PENDING
14:58:24 INFO  State of current operation: PENDING
14:58:27 INFO  State of current operation: PENDING
14:58:29 INFO  State of current operation: PENDING
14:58:31 INFO  State of current operation: PENDING
14:58:33 INFO  State of current operation: PENDING
14:58:35 INFO  State of current operation: PENDING
14:58:38 INFO  State of current operation: PENDING
14:58:40 INFO  State of current operation: PENDING
14:58:42 INFO  State of current operation: PENDING
14:58:44 INFO  State of current operation: PENDING
14:58:46 INFO  State of current operation: PENDING
14:58:49 INFO  State of current operation: PENDING
14:58:51 INFO  State of current operation: PENDING
14:58:53 INFO  State of current operation: PENDING
14:58:55 INFO  State of current operation: PENDING
14:58:58 INFO  State of current operation: PENDING
14:59:00 INFO  State of current operation: PENDING
14:59:02 INFO  State of current operation: PENDING
14:59:04 INFO  State of current operation: PENDING
14:59:06 INFO  State of current operation: PENDING
14:59:09 INFO  State of current operation: PENDING
14:59:11 INFO  State of current operation: PENDING
14:59:13 INFO  State of current operation: PENDING
14:59:15 INFO  State of current operation: PENDING
14:59:18 INFO  State of current operation: PENDING
14:59:20 INFO  State of current operation: PENDING
14:59:22 INFO  State of current operation: PENDING
14:59:24 INFO  State of current operation: PENDING
14:59:26 WARN  SystemError occurred while running test - Timeout while waiting for status FAILED or SUCCESSFUL
Traceback (most recent call last):
  File &quot;/home/pi/env-pysys/lib/python3.7/site-packages/pysys/baserunner.py&quot;, line 1292, in __call__
    self.testObj.setup()
  File &quot;/home/pi/actions-runner/_work/thin-edge.io/thin-edge.io/tests/PySys/software_management_end_to_end/sm_apt_install_remove_with_version/run.py&quot;, line 27, in setup
    super().setup()
  File &quot;/home/pi/actions-runner/_work/thin-edge.io/thin-edge.io/tests/PySys/software_management_end_to_end/environment_sm_management.py&quot;, line 151, in setup
    self.wait_until_end()
  File &quot;/home/pi/actions-runner/_work/thin-edge.io/thin-edge.io/tests/PySys/software_management_end_to_end/environment_sm_management.py&quot;, line 332, in wait_until_end
    self.wait_until_status(&quot;FAILED&quot;, &quot;SUCCESSFUL&quot;)
  File &quot;/home/pi/actions-runner/_work/thin-edge.io/thin-edge.io/tests/PySys/software_management_end_to_end/environment_sm_management.py&quot;, line 381, in wait_until_status
    &quot;Timeout while waiting for status %s or %s&quot; % (status, status2)
SystemError: Timeout while waiting for status FAILED or SUCCESSFUL
14:59:26 WARN  SystemError: Timeout while waiting for status FAILED or SUCCESSFUL ... blocked 
14:59:26 INFO  
14:59:26 INFO  cleanup:
14:59:30 INFO  Executed sudo&lt;tedge_disconnect_c8y&gt;, exit status 0
14:59:31 INFO  Executed systemctl&lt;serv_mapper5&gt;, exit status 3
14:59:31 INFO  
14:59:31 INFO  Test duration: 164.51 secs
14:59:31 INFO  Test final outcome:  BLOCKED
14:59:31 INFO  Test outcome reason: SystemError: Timeout while waiting for status FAILED or SUCCESSFUL
14:59:31 INFO  
</system-out>
	</testcase>
</testsuite>
