<?xml version="1.0" encoding="utf-8"?>
<testsuite failures="1" name="SoftwareManagement.sm_docker_install_remove_multiple" skipped="0" tests="1" time="165.91" timestamp="2022-04-24T13:31:27">
	<testcase classname="SMDockerInstallRemove" name="SoftwareManagement.sm_docker_install_remove_multiple">
		<failure message="BLOCKED: SystemError: Timeout while waiting for status FAILED or SUCCESSFUL" type="BLOCKED"/>
		<system-out>13:28:41 INFO  ==============================================================
13:28:41 INFO  Id:    SoftwareManagement.sm_docker_install_remove_multiple
13:28:41 INFO  Dir:   software_management_end_to_end/
13:28:41 INFO  Title: Validate end to end behaviour for the docker plugin for multiple docker images with mixed versions
13:28:41 INFO  ==============================================================
13:28:41 INFO  Using sw id database: {'asciijump': '5475369', 'robotfindskitten': '5474869', 'squirrel3': '5475279', 'rolldice': '5152439', 'moon-buggy': '5439204', 'apple': '5495053', 'banana': '5494888', 'cherry': '5495382', 'watermelon': '5494510', 'registry': '8018911', 'hello-world': '8021526', 'docker/getting-started': '8021973', 'alpine': '7991792'}
13:28:41 INFO  EnvironmentC8y Setup
13:28:42 INFO  Executed systemctl&lt;serv_mapper1&gt;, exit status 3
13:28:42 INFO  Restarting mosquitto too frequently in the last 10 seconds. It was only up for 4 seconds
13:28:42 INFO  Delaying execution by 7 seconds
13:29:03 INFO  Executed sudo&lt;tedge_connect_c8y&gt;, exit status 0, duration 14 secs
13:29:04 INFO  Executed sudo&lt;tedge_connect_c8y_test&gt;, exit status 0
13:29:04 INFO  Executed systemctl&lt;serv_mosq2&gt;, exit status 0
13:29:05 INFO  Executed systemctl&lt;serv_mapper3&gt;, exit status 0
13:29:07 INFO  State of current operation: PENDING
13:29:09 INFO  State of current operation: PENDING
13:29:12 INFO  State of current operation: PENDING
13:29:14 INFO  State of current operation: PENDING
13:29:16 INFO  State of current operation: PENDING
13:29:18 INFO  State of current operation: PENDING
13:29:21 INFO  State of current operation: PENDING
13:29:23 INFO  State of current operation: PENDING
13:29:25 INFO  State of current operation: PENDING
13:29:27 INFO  State of current operation: PENDING
13:29:29 INFO  State of current operation: PENDING
13:29:32 INFO  State of current operation: PENDING
13:29:34 INFO  State of current operation: PENDING
13:29:36 INFO  State of current operation: PENDING
13:29:38 INFO  State of current operation: PENDING
13:29:41 INFO  State of current operation: PENDING
13:29:43 INFO  State of current operation: PENDING
13:29:45 INFO  State of current operation: PENDING
13:29:47 INFO  State of current operation: PENDING
13:29:49 INFO  State of current operation: PENDING
13:29:52 INFO  State of current operation: PENDING
13:29:54 INFO  State of current operation: PENDING
13:29:56 INFO  State of current operation: PENDING
13:29:58 INFO  State of current operation: PENDING
13:30:01 INFO  State of current operation: PENDING
13:30:03 INFO  State of current operation: PENDING
13:30:05 INFO  State of current operation: PENDING
13:30:07 INFO  State of current operation: PENDING
13:30:09 INFO  State of current operation: PENDING
13:30:12 INFO  State of current operation: PENDING
13:30:14 INFO  State of current operation: PENDING
13:30:16 INFO  State of current operation: PENDING
13:30:18 INFO  State of current operation: PENDING
13:30:21 INFO  State of current operation: PENDING
13:30:23 INFO  State of current operation: PENDING
13:30:25 INFO  State of current operation: PENDING
13:30:27 INFO  State of current operation: PENDING
13:30:29 INFO  State of current operation: PENDING
13:30:32 INFO  State of current operation: PENDING
13:30:34 INFO  State of current operation: PENDING
13:30:36 INFO  State of current operation: PENDING
13:30:38 INFO  State of current operation: PENDING
13:30:41 INFO  State of current operation: PENDING
13:30:43 INFO  State of current operation: PENDING
13:30:45 INFO  State of current operation: PENDING
13:30:47 INFO  State of current operation: PENDING
13:30:49 INFO  State of current operation: PENDING
13:30:52 INFO  State of current operation: PENDING
13:30:54 INFO  State of current operation: PENDING
13:30:56 INFO  State of current operation: PENDING
13:30:58 INFO  State of current operation: PENDING
13:31:01 INFO  State of current operation: PENDING
13:31:03 INFO  State of current operation: PENDING
13:31:05 INFO  State of current operation: PENDING
13:31:07 INFO  State of current operation: PENDING
13:31:09 INFO  State of current operation: PENDING
13:31:12 INFO  State of current operation: PENDING
13:31:14 INFO  State of current operation: PENDING
13:31:16 INFO  State of current operation: PENDING
13:31:18 INFO  State of current operation: PENDING
13:31:21 INFO  State of current operation: PENDING
13:31:23 WARN  SystemError occurred while running test - Timeout while waiting for status FAILED or SUCCESSFUL
Traceback (most recent call last):
  File &quot;/home/pi/env-pysys/lib/python3.7/site-packages/pysys/baserunner.py&quot;, line 1292, in __call__
    self.testObj.setup()
  File &quot;/home/pi/actions-runner/_work/thin-edge.io/thin-edge.io/tests/PySys/software_management_end_to_end/sm_docker_install_remove_multiple/run.py&quot;, line 29, in setup
    super().setup()
  File &quot;/home/pi/actions-runner/_work/thin-edge.io/thin-edge.io/tests/PySys/software_management_end_to_end/environment_sm_management.py&quot;, line 151, in setup
    self.wait_until_end()
  File &quot;/home/pi/actions-runner/_work/thin-edge.io/thin-edge.io/tests/PySys/software_management_end_to_end/environment_sm_management.py&quot;, line 332, in wait_until_end
    self.wait_until_status(&quot;FAILED&quot;, &quot;SUCCESSFUL&quot;)
  File &quot;/home/pi/actions-runner/_work/thin-edge.io/thin-edge.io/tests/PySys/software_management_end_to_end/environment_sm_management.py&quot;, line 381, in wait_until_status
    &quot;Timeout while waiting for status %s or %s&quot; % (status, status2)
SystemError: Timeout while waiting for status FAILED or SUCCESSFUL
13:31:23 WARN  SystemError: Timeout while waiting for status FAILED or SUCCESSFUL ... blocked 
13:31:23 INFO  
13:31:23 INFO  cleanup:
13:31:27 INFO  Executed sudo&lt;tedge_disconnect_c8y&gt;, exit status 0
13:31:27 INFO  Executed systemctl&lt;serv_mapper5&gt;, exit status 3
13:31:27 INFO  
13:31:27 INFO  Test duration: 165.91 secs
13:31:27 INFO  Test final outcome:  BLOCKED
13:31:27 INFO  Test outcome reason: SystemError: Timeout while waiting for status FAILED or SUCCESSFUL
13:31:27 INFO  
</system-out>
	</testcase>
</testsuite>
