<?xml version="1.0" encoding="utf-8"?>
<testsuite failures="1" name="SoftwareManagement.sm_apt_install_remove_with_version" skipped="0" tests="1" time="165.91" timestamp="2022-04-25T22:44:13">
	<testcase classname="PySysTest" name="SoftwareManagement.sm_apt_install_remove_with_version">
		<failure message="BLOCKED: SystemError: Timeout while waiting for status FAILED or SUCCESSFUL" type="BLOCKED"/>
		<system-out>22:41:27 INFO  ==============================================================
22:41:27 INFO  Id:    SoftwareManagement.sm_apt_install_remove_with_version
22:41:27 INFO  Dir:   software_management_end_to_end/
22:41:27 INFO  Title: Validate end to end behaviour for the apt plugin for packages with version
22:41:27 INFO  ==============================================================
22:41:28 INFO  Using sw id database: {'asciijump': '5475369', 'robotfindskitten': '5474869', 'squirrel3': '5475279', 'rolldice': '5152439', 'moon-buggy': '5439204', 'apple': '5495053', 'banana': '5494888', 'cherry': '5495382', 'watermelon': '5494510', 'registry': '8018911', 'hello-world': '8021526', 'docker/getting-started': '8021973', 'alpine': '7991792'}
22:41:28 INFO  EnvironmentC8y Setup
22:41:28 INFO  Executed systemctl&lt;serv_mapper1&gt;, exit status 3
22:41:28 INFO  Restarting mosquitto too frequently in the last 10 seconds. It was only up for 4 seconds
22:41:28 INFO  Delaying execution by 7 seconds
22:41:49 INFO  Executed sudo&lt;tedge_connect_c8y&gt;, exit status 0, duration 14 secs
22:41:50 INFO  Executed sudo&lt;tedge_connect_c8y_test&gt;, exit status 0
22:41:51 INFO  Executed systemctl&lt;serv_mosq2&gt;, exit status 0
22:41:51 INFO  Executed systemctl&lt;serv_mapper3&gt;, exit status 0
22:41:53 INFO  State of current operation: PENDING
22:41:55 INFO  State of current operation: PENDING
22:41:58 INFO  State of current operation: PENDING
22:42:00 INFO  State of current operation: PENDING
22:42:02 INFO  State of current operation: PENDING
22:42:04 INFO  State of current operation: PENDING
22:42:07 INFO  State of current operation: PENDING
22:42:09 INFO  State of current operation: PENDING
22:42:11 INFO  State of current operation: PENDING
22:42:13 INFO  State of current operation: PENDING
22:42:15 INFO  State of current operation: PENDING
22:42:18 INFO  State of current operation: PENDING
22:42:20 INFO  State of current operation: PENDING
22:42:22 INFO  State of current operation: PENDING
22:42:24 INFO  State of current operation: PENDING
22:42:27 INFO  State of current operation: PENDING
22:42:29 INFO  State of current operation: PENDING
22:42:31 INFO  State of current operation: PENDING
22:42:33 INFO  State of current operation: PENDING
22:42:35 INFO  State of current operation: PENDING
22:42:38 INFO  State of current operation: PENDING
22:42:40 INFO  State of current operation: PENDING
22:42:42 INFO  State of current operation: PENDING
22:42:44 INFO  State of current operation: PENDING
22:42:47 INFO  State of current operation: PENDING
22:42:49 INFO  State of current operation: PENDING
22:42:51 INFO  State of current operation: PENDING
22:42:53 INFO  State of current operation: PENDING
22:42:56 INFO  State of current operation: PENDING
22:42:58 INFO  State of current operation: PENDING
22:43:00 INFO  State of current operation: PENDING
22:43:02 INFO  State of current operation: PENDING
22:43:04 INFO  State of current operation: PENDING
22:43:07 INFO  State of current operation: PENDING
22:43:09 INFO  State of current operation: PENDING
22:43:11 INFO  State of current operation: PENDING
22:43:13 INFO  State of current operation: PENDING
22:43:15 INFO  State of current operation: PENDING
22:43:18 INFO  State of current operation: PENDING
22:43:20 INFO  State of current operation: PENDING
22:43:22 INFO  State of current operation: PENDING
22:43:24 INFO  State of current operation: PENDING
22:43:27 INFO  State of current operation: PENDING
22:43:29 INFO  State of current operation: PENDING
22:43:31 INFO  State of current operation: PENDING
22:43:33 INFO  State of current operation: PENDING
22:43:36 INFO  State of current operation: PENDING
22:43:38 INFO  State of current operation: PENDING
22:43:40 INFO  State of current operation: PENDING
22:43:42 INFO  State of current operation: PENDING
22:43:44 INFO  State of current operation: PENDING
22:43:47 INFO  State of current operation: PENDING
22:43:49 INFO  State of current operation: PENDING
22:43:51 INFO  State of current operation: PENDING
22:43:53 INFO  State of current operation: PENDING
22:43:56 INFO  State of current operation: PENDING
22:43:58 INFO  State of current operation: PENDING
22:44:00 INFO  State of current operation: PENDING
22:44:02 INFO  State of current operation: PENDING
22:44:04 INFO  State of current operation: PENDING
22:44:07 INFO  State of current operation: PENDING
22:44:09 WARN  SystemError occurred while running test - Timeout while waiting for status FAILED or SUCCESSFUL
Traceback (most recent call last):
  File &quot;/home/pi/env-pysys/lib/python3.7/site-packages/pysys/baserunner.py&quot;, line 1292, in __call__
    self.testObj.setup()
  File &quot;/home/pi/actions-runner/_work/thin-edge.io/thin-edge.io/tests/PySys/software_management_end_to_end/sm_apt_install_remove_with_version/run.py&quot;, line 27, in setup
    super().setup()
  File &quot;/home/pi/actions-runner/_work/thin-edge.io/thin-edge.io/tests/PySys/software_management_end_to_end/environment_sm_management.py&quot;, line 151, in setup
    self.wait_until_end()
  File &quot;/home/pi/actions-runner/_work/thin-edge.io/thin-edge.io/tests/PySys/software_management_end_to_end/environment_sm_management.py&quot;, line 332, in wait_until_end
    self.wait_until_status(&quot;FAILED&quot;, &quot;SUCCESSFUL&quot;)
  File &quot;/home/pi/actions-runner/_work/thin-edge.io/thin-edge.io/tests/PySys/software_management_end_to_end/environment_sm_management.py&quot;, line 381, in wait_until_status
    &quot;Timeout while waiting for status %s or %s&quot; % (status, status2)
SystemError: Timeout while waiting for status FAILED or SUCCESSFUL
22:44:09 WARN  SystemError: Timeout while waiting for status FAILED or SUCCESSFUL ... blocked 
22:44:09 INFO  
22:44:09 INFO  cleanup:
22:44:13 INFO  Executed sudo&lt;tedge_disconnect_c8y&gt;, exit status 0
22:44:13 INFO  Executed systemctl&lt;serv_mapper5&gt;, exit status 3
22:44:13 INFO  
22:44:13 INFO  Test duration: 165.91 secs
22:44:13 INFO  Test final outcome:  BLOCKED
22:44:13 INFO  Test outcome reason: SystemError: Timeout while waiting for status FAILED or SUCCESSFUL
22:44:13 INFO  
</system-out>
	</testcase>
</testsuite>
