<?xml version="1.0" encoding="utf-8"?>
<testsuite failures="1" name="SoftwareManagement.sm_apt_install_remove_multiple_mixed" skipped="0" tests="1" time="176.93" timestamp="2022-05-12T10:07:31">
	<testcase classname="PySysTest" name="SoftwareManagement.sm_apt_install_remove_multiple_mixed">
		<failure message="BLOCKED: SystemError: Timeout while waiting for status SUCCESSFUL or False (+1 other failures)" type="BLOCKED"/>
		<system-out>10:04:34 INFO  ==============================================================
10:04:34 INFO  Id:    SoftwareManagement.sm_apt_install_remove_multiple_mixed
10:04:34 INFO  Dir:   software_management_end_to_end/
10:04:34 INFO  Title: Validate end to end behaviour for the apt plugin for multiple packages with mixed versions
10:04:34 INFO  ==============================================================
10:04:34 INFO  Using sw id database: {'asciijump': '5475369', 'robotfindskitten': '5474869', 'squirrel3': '5475279', 'rolldice': '5152439', 'moon-buggy': '5439204', 'apple': '5495053', 'banana': '5494888', 'cherry': '5495382', 'watermelon': '5494510', 'registry': '8018911', 'hello-world': '8021526', 'docker/getting-started': '8021973', 'alpine': '7991792'}
10:04:34 INFO  EnvironmentC8y Setup
10:04:35 INFO  Executed systemctl&lt;serv_mapper1&gt;, exit status 3
10:04:35 INFO  Restarting mosquitto too frequently in the last 10 seconds. It was only up for 5 seconds
10:04:35 INFO  Delaying execution by 6 seconds
10:04:55 INFO  Executed sudo&lt;tedge_connect_c8y&gt;, exit status 0, duration 13 secs
10:04:55 INFO  Executed sudo&lt;tedge_connect_c8y_test&gt;, exit status 0
10:04:56 INFO  Executed systemctl&lt;serv_mosq2&gt;, exit status 0
10:04:56 INFO  Executed systemctl&lt;serv_mapper3&gt;, exit status 0
10:04:59 INFO  State of current operation: SUCCESSFUL
10:04:59 INFO  Assert that (False == value) with value=False ... passed
10:04:59 INFO  Assert that (False == value) with value=False ... passed
10:04:59 INFO  Assert that (False == value) with value=False ... passed
10:04:59 INFO  Assert that (False == value) with value=False ... passed
10:05:00 INFO  Package moon-buggy is installed
10:05:00 WARN  Assert that (False == value) with value=True ... failed 
10:05:01 INFO  Response status: 201
10:05:01 INFO  Response to action: {
    &quot;creationTime&quot;: &quot;2022-05-12T10:05:01.501Z&quot;,
    &quot;deviceId&quot;: &quot;18906809&quot;,
    &quot;deviceName&quot;: &quot;m32sd10a&quot;,
    &quot;self&quot;: &quot;https://t493319102.eu-latest.cumulocity.com/devicecontrol/operations/18945158&quot;,
    &quot;id&quot;: &quot;18945158&quot;,
    &quot;status&quot;: &quot;PENDING&quot;,
    &quot;description&quot;: &quot;Apply software changes, triggered from PySys: [{'action': 'install', 'id': '5475369', 'name': 'asciijump', 'url': ' ', 'version': '::apt'}, {'action': 'install', 'id': '5474869', 'name': 'robotfindskitten', 'url': ' ', 'version': ' '}, {'action': 'install', 'id': '5475279', 'name': 'squirrel3', 'url': ' ', 'version': '3.1-7::apt'}, {'action': 'install', 'id': '5152439', 'name': 'rolldice', 'url': ' ', 'version': '1.16-1+b1'}, {'action': 'install', 'id': '5439204', 'name': 'moon-buggy', 'url': ' ', 'version': '1:1.0.51-12'}, {'action': 'install', 'id': '5475369', 'name': 'asciijump', 'url': ' ', 'version': '::apt'}]&quot;,
    &quot;c8y_SoftwareUpdate&quot;: [
        {
            &quot;name&quot;: &quot;asciijump&quot;,
            &quot;action&quot;: &quot;install&quot;,
            &quot;id&quot;: &quot;5475369&quot;,
            &quot;version&quot;: &quot;::apt&quot;,
            &quot;url&quot;: &quot; &quot;
        },
        {
            &quot;name&quot;: &quot;robotfindskitten&quot;,
            &quot;action&quot;: &quot;install&quot;,
            &quot;id&quot;: &quot;5474869&quot;,
            &quot;version&quot;: &quot; &quot;,
            &quot;url&quot;: &quot; &quot;
        },
        {
            &quot;name&quot;: &quot;squirrel3&quot;,
            &quot;action&quot;: &quot;install&quot;,
            &quot;id&quot;: &quot;5475279&quot;,
            &quot;version&quot;: &quot;3.1-7::apt&quot;,
            &quot;url&quot;: &quot; &quot;
        },
        {
            &quot;name&quot;: &quot;rolldice&quot;,
            &quot;action&quot;: &quot;install&quot;,
            &quot;id&quot;: &quot;5152439&quot;,
            &quot;version&quot;: &quot;1.16-1+b1&quot;,
            &quot;url&quot;: &quot; &quot;
        },
        {
            &quot;name&quot;: &quot;moon-buggy&quot;,
            &quot;action&quot;: &quot;install&quot;,
            &quot;id&quot;: &quot;5439204&quot;,
            &quot;version&quot;: &quot;1:1.0.51-12&quot;,
            &quot;url&quot;: &quot; &quot;
        },
        {
            &quot;name&quot;: &quot;asciijump&quot;,
            &quot;action&quot;: &quot;install&quot;,
            &quot;id&quot;: &quot;5475369&quot;,
            &quot;version&quot;: &quot;::apt&quot;,
            &quot;url&quot;: &quot; &quot;
        }
    ]
}
10:05:01 INFO  Started operation: {'creationTime': '2022-05-12T10:05:01.501Z', 'deviceId': '18906809', 'deviceName': 'm32sd10a', 'self': 'https://t493319102.eu-latest.cumulocity.com/devicecontrol/operations/18945158', 'id': '18945158', 'status': 'PENDING', 'description': &quot;Apply software changes, triggered from PySys: [{'action': 'install', 'id': '5475369', 'name': 'asciijump', 'url': ' ', 'version': '::apt'}, {'action': 'install', 'id': '5474869', 'name': 'robotfindskitten', 'url': ' ', 'version': ' '}, {'action': 'install', 'id': '5475279', 'name': 'squirrel3', 'url': ' ', 'version': '3.1-7::apt'}, {'action': 'install', 'id': '5152439', 'name': 'rolldice', 'url': ' ', 'version': '1.16-1+b1'}, {'action': 'install', 'id': '5439204', 'name': 'moon-buggy', 'url': ' ', 'version': '1:1.0.51-12'}, {'action': 'install', 'id': '5475369', 'name': 'asciijump', 'url': ' ', 'version': '::apt'}]&quot;, 'c8y_SoftwareUpdate': [{'name': 'asciijump', 'action': 'install', 'id': '5475369', 'version': '::apt', 'url': ' '}, {'name': 'robotfindskitten', 'action': 'install', 'id': '5474869', 'version': ' ', 'url': ' '}, {'name': 'squirrel3', 'action': 'install', 'id': '5475279', 'version': '3.1-7::apt', 'url': ' '}, {'name': 'rolldice', 'action': 'install', 'id': '5152439', 'version': '1.16-1+b1', 'url': ' '}, {'name': 'moon-buggy', 'action': 'install', 'id': '5439204', 'version': '1:1.0.51-12', 'url': ' '}, {'name': 'asciijump', 'action': 'install', 'id': '5475369', 'version': '::apt', 'url': ' '}]}
10:05:03 INFO  State of operation 18945158 : PENDING
10:05:06 INFO  State of operation 18945158 : EXECUTING
10:05:08 INFO  State of operation 18945158 : EXECUTING
10:05:10 INFO  State of operation 18945158 : EXECUTING
10:05:12 INFO  State of operation 18945158 : EXECUTING
10:05:14 INFO  State of operation 18945158 : EXECUTING
10:05:17 INFO  State of operation 18945158 : EXECUTING
10:05:20 INFO  State of operation 18945158 : EXECUTING
10:05:22 INFO  State of operation 18945158 : EXECUTING
10:05:25 INFO  State of operation 18945158 : EXECUTING
10:05:27 INFO  State of operation 18945158 : EXECUTING
10:05:29 INFO  State of operation 18945158 : EXECUTING
10:05:31 INFO  State of operation 18945158 : EXECUTING
10:05:34 INFO  State of operation 18945158 : EXECUTING
10:05:36 INFO  State of operation 18945158 : EXECUTING
10:05:38 INFO  State of operation 18945158 : EXECUTING
10:05:41 INFO  State of operation 18945158 : EXECUTING
10:05:43 INFO  State of operation 18945158 : EXECUTING
10:05:46 INFO  State of operation 18945158 : EXECUTING
10:05:48 INFO  State of operation 18945158 : EXECUTING
10:05:50 INFO  State of operation 18945158 : EXECUTING
10:05:53 INFO  State of operation 18945158 : EXECUTING
10:05:55 INFO  State of operation 18945158 : EXECUTING
10:05:57 INFO  State of operation 18945158 : EXECUTING
10:05:59 INFO  State of operation 18945158 : EXECUTING
10:06:02 INFO  State of operation 18945158 : EXECUTING
10:06:04 INFO  State of operation 18945158 : EXECUTING
10:06:07 INFO  State of operation 18945158 : EXECUTING
10:06:09 INFO  State of operation 18945158 : EXECUTING
10:06:11 INFO  State of operation 18945158 : EXECUTING
10:06:14 INFO  State of operation 18945158 : EXECUTING
10:06:16 INFO  State of operation 18945158 : EXECUTING
10:06:18 INFO  State of operation 18945158 : EXECUTING
10:06:20 INFO  State of operation 18945158 : EXECUTING
10:06:23 INFO  State of operation 18945158 : EXECUTING
10:06:25 INFO  State of operation 18945158 : EXECUTING
10:06:27 INFO  State of operation 18945158 : EXECUTING
10:06:29 INFO  State of operation 18945158 : EXECUTING
10:06:32 INFO  State of operation 18945158 : EXECUTING
10:06:35 INFO  State of operation 18945158 : EXECUTING
10:06:37 INFO  State of operation 18945158 : EXECUTING
10:06:39 INFO  State of operation 18945158 : EXECUTING
10:06:42 INFO  State of operation 18945158 : EXECUTING
10:06:44 INFO  State of operation 18945158 : EXECUTING
10:06:46 INFO  State of operation 18945158 : EXECUTING
10:06:48 INFO  State of operation 18945158 : EXECUTING
10:06:51 INFO  State of operation 18945158 : EXECUTING
10:06:53 INFO  State of operation 18945158 : EXECUTING
10:06:55 INFO  State of operation 18945158 : EXECUTING
10:06:58 INFO  State of operation 18945158 : EXECUTING
10:07:00 INFO  State of operation 18945158 : EXECUTING
10:07:02 INFO  State of operation 18945158 : EXECUTING
10:07:05 INFO  State of operation 18945158 : EXECUTING
10:07:07 INFO  State of operation 18945158 : EXECUTING
10:07:10 INFO  State of operation 18945158 : EXECUTING
10:07:12 INFO  State of operation 18945158 : EXECUTING
10:07:14 INFO  State of operation 18945158 : EXECUTING
10:07:17 INFO  State of operation 18945158 : EXECUTING
10:07:19 INFO  State of operation 18945158 : EXECUTING
10:07:21 INFO  State of operation 18945158 : EXECUTING
10:07:24 INFO  State of operation 18945158 : EXECUTING
10:07:26 WARN  SystemError occurred while running test - Timeout while waiting for status SUCCESSFUL or False
Traceback (most recent call last):
  File &quot;/home/pi/env-pysys/lib/python3.7/site-packages/pysys/baserunner.py&quot;, line 1294, in __call__
    self.testObj.execute()
  File &quot;/home/pi/actions-runner/_work/thin-edge.io/thin-edge.io/tests/PySys/software_management_end_to_end/sm_apt_install_remove_multiple_mixed/run.py&quot;, line 89, in execute
    self.wait_until_succcess()
  File &quot;/home/pi/actions-runner/_work/thin-edge.io/thin-edge.io/tests/PySys/software_management_end_to_end/environment_sm_management.py&quot;, line 324, in wait_until_succcess
    self.wait_until_status(&quot;SUCCESSFUL&quot;)
  File &quot;/home/pi/actions-runner/_work/thin-edge.io/thin-edge.io/tests/PySys/software_management_end_to_end/environment_sm_management.py&quot;, line 381, in wait_until_status
    &quot;Timeout while waiting for status %s or %s&quot; % (status, status2)
SystemError: Timeout while waiting for status SUCCESSFUL or False
10:07:26 WARN  SystemError: Timeout while waiting for status SUCCESSFUL or False ... blocked 
10:07:26 INFO  
10:07:26 INFO  cleanup:
10:07:31 INFO  Executed sudo&lt;tedge_disconnect_c8y&gt;, exit status 0
10:07:31 INFO  Executed systemctl&lt;serv_mapper5&gt;, exit status 3
10:07:31 INFO  
10:07:31 INFO  Test duration: 176.93 secs
10:07:31 INFO  Test final outcome:  BLOCKED
10:07:31 INFO  Test outcome reason: SystemError: Timeout while waiting for status SUCCESSFUL or False (+1 other failures)
10:07:31 INFO  
</system-out>
	</testcase>
</testsuite>
