<?xml version="1.0" encoding="utf-8"?>
<testsuite failures="1" name="SoftwareManagement.sm_apt_install_remove_multiple" skipped="0" tests="1" time="135.84" timestamp="2022-05-13T12:11:01">
	<testcase classname="PySysTest" name="SoftwareManagement.sm_apt_install_remove_multiple">
		<failure message="FAILED: Assert that (False == value) with value=True (+2 other failures)" type="FAILED"/>
		<system-out>12:08:45 INFO  ==============================================================
12:08:45 INFO  Id:    SoftwareManagement.sm_apt_install_remove_multiple
12:08:45 INFO  Dir:   software_management_end_to_end/
12:08:45 INFO  Title: Validate end to end behaviour for the apt plugin for multiple packages
12:08:45 INFO  ==============================================================
12:08:45 INFO  Using sw id database: {'asciijump': '5475369', 'robotfindskitten': '5474869', 'squirrel3': '5475279', 'rolldice': '5152439', 'moon-buggy': '5439204', 'apple': '5495053', 'banana': '5494888', 'cherry': '5495382', 'watermelon': '5494510', 'registry': '8018911', 'hello-world': '8021526', 'docker/getting-started': '8021973', 'alpine': '7991792'}
12:08:45 INFO  EnvironmentC8y Setup
12:08:46 INFO  Executed systemctl&lt;serv_mapper1&gt;, exit status 3
12:08:46 INFO  Restarting mosquitto too frequently in the last 10 seconds. It was only up for 5 seconds
12:08:46 INFO  Delaying execution by 6 seconds
12:09:06 INFO  Executed sudo&lt;tedge_connect_c8y&gt;, exit status 0, duration 14 secs
12:09:06 INFO  Executed sudo&lt;tedge_connect_c8y_test&gt;, exit status 0
12:09:07 INFO  Executed systemctl&lt;serv_mosq2&gt;, exit status 0
12:09:07 INFO  Executed systemctl&lt;serv_mapper3&gt;, exit status 0
12:09:10 INFO  State of current operation: SUCCESSFUL
12:09:10 INFO  Assert that (False == value) with value=False ... passed
12:09:10 INFO  Package asciijump is installed
12:09:11 WARN  Assert that (False == value) with value=True ... failed 
12:09:11 INFO  Package squirrel3 is installed
12:09:11 WARN  Assert that (False == value) with value=True ... failed 
12:09:11 INFO  Package robotfindskitten is installed
12:09:11 WARN  Assert that (False == value) with value=True ... failed 
12:09:11 INFO  Response status: 201
12:09:11 INFO  Response to action: {
    &quot;creationTime&quot;: &quot;2022-05-13T12:09:11.696Z&quot;,
    &quot;deviceId&quot;: &quot;19019684&quot;,
    &quot;deviceName&quot;: &quot;m32sd10a&quot;,
    &quot;self&quot;: &quot;https://t493319102.eu-latest.cumulocity.com/devicecontrol/operations/19028847&quot;,
    &quot;id&quot;: &quot;19028847&quot;,
    &quot;status&quot;: &quot;PENDING&quot;,
    &quot;description&quot;: &quot;Apply software changes, triggered from PySys: [{'action': 'install', 'id': '5475369', 'name': 'asciijump', 'url': ' ', 'version': '::apt'}, {'action': 'install', 'id': '5474869', 'name': 'robotfindskitten', 'url': ' ', 'version': '::apt'}, {'action': 'install', 'id': '5475279', 'name': 'squirrel3', 'url': ' ', 'version': '::apt'}]&quot;,
    &quot;c8y_SoftwareUpdate&quot;: [
        {
            &quot;name&quot;: &quot;asciijump&quot;,
            &quot;action&quot;: &quot;install&quot;,
            &quot;id&quot;: &quot;5475369&quot;,
            &quot;version&quot;: &quot;::apt&quot;,
            &quot;url&quot;: &quot; &quot;
        },
        {
            &quot;name&quot;: &quot;robotfindskitten&quot;,
            &quot;action&quot;: &quot;install&quot;,
            &quot;id&quot;: &quot;5474869&quot;,
            &quot;version&quot;: &quot;::apt&quot;,
            &quot;url&quot;: &quot; &quot;
        },
        {
            &quot;name&quot;: &quot;squirrel3&quot;,
            &quot;action&quot;: &quot;install&quot;,
            &quot;id&quot;: &quot;5475279&quot;,
            &quot;version&quot;: &quot;::apt&quot;,
            &quot;url&quot;: &quot; &quot;
        }
    ]
}
12:09:11 INFO  Started operation: {'creationTime': '2022-05-13T12:09:11.696Z', 'deviceId': '19019684', 'deviceName': 'm32sd10a', 'self': 'https://t493319102.eu-latest.cumulocity.com/devicecontrol/operations/19028847', 'id': '19028847', 'status': 'PENDING', 'description': &quot;Apply software changes, triggered from PySys: [{'action': 'install', 'id': '5475369', 'name': 'asciijump', 'url': ' ', 'version': '::apt'}, {'action': 'install', 'id': '5474869', 'name': 'robotfindskitten', 'url': ' ', 'version': '::apt'}, {'action': 'install', 'id': '5475279', 'name': 'squirrel3', 'url': ' ', 'version': '::apt'}]&quot;, 'c8y_SoftwareUpdate': [{'name': 'asciijump', 'action': 'install', 'id': '5475369', 'version': '::apt', 'url': ' '}, {'name': 'robotfindskitten', 'action': 'install', 'id': '5474869', 'version': '::apt', 'url': ' '}, {'name': 'squirrel3', 'action': 'install', 'id': '5475279', 'version': '::apt', 'url': ' '}]}
12:09:13 INFO  State of operation 19028847 : PENDING
12:09:16 INFO  State of operation 19028847 : EXECUTING
12:09:18 INFO  State of operation 19028847 : EXECUTING
12:09:20 INFO  State of operation 19028847 : EXECUTING
12:09:22 INFO  State of operation 19028847 : EXECUTING
12:09:25 INFO  State of operation 19028847 : EXECUTING
12:09:27 INFO  State of operation 19028847 : EXECUTING
12:09:30 INFO  State of operation 19028847 : EXECUTING
12:09:33 INFO  State of operation 19028847 : EXECUTING
12:09:35 INFO  State of operation 19028847 : EXECUTING
12:09:37 INFO  State of operation 19028847 : EXECUTING
12:09:40 INFO  State of operation 19028847 : EXECUTING
12:09:42 INFO  State of operation 19028847 : EXECUTING
12:09:44 INFO  State of operation 19028847 : EXECUTING
12:09:46 INFO  State of operation 19028847 : EXECUTING
12:09:49 INFO  State of operation 19028847 : SUCCESSFUL
12:09:49 INFO  Assert that (False == value) with value=False ... passed
12:09:49 INFO  Package asciijump is installed
12:09:49 INFO  Assert that (True == value) with value=True ... passed
12:09:49 INFO  Package squirrel3 is installed
12:09:49 INFO  Assert that (True == value) with value=True ... passed
12:09:50 INFO  Package robotfindskitten is installed
12:09:50 INFO  Assert that (True == value) with value=True ... passed
12:09:50 INFO  Response status: 201
12:09:50 INFO  Response to action: {
    &quot;creationTime&quot;: &quot;2022-05-13T12:09:50.197Z&quot;,
    &quot;deviceId&quot;: &quot;19019684&quot;,
    &quot;deviceName&quot;: &quot;m32sd10a&quot;,
    &quot;self&quot;: &quot;https://t493319102.eu-latest.cumulocity.com/devicecontrol/operations/19028861&quot;,
    &quot;id&quot;: &quot;19028861&quot;,
    &quot;status&quot;: &quot;PENDING&quot;,
    &quot;description&quot;: &quot;Apply software changes, triggered from PySys: [{'action': 'delete', 'id': '5475369', 'name': 'asciijump', 'url': ' ', 'version': '::apt'}, {'action': 'delete', 'id': '5474869', 'name': 'robotfindskitten', 'url': ' ', 'version': '::apt'}, {'action': 'delete', 'id': '5475279', 'name': 'squirrel3', 'url': ' ', 'version': '::apt'}]&quot;,
    &quot;c8y_SoftwareUpdate&quot;: [
        {
            &quot;name&quot;: &quot;asciijump&quot;,
            &quot;action&quot;: &quot;delete&quot;,
            &quot;id&quot;: &quot;5475369&quot;,
            &quot;version&quot;: &quot;::apt&quot;,
            &quot;url&quot;: &quot; &quot;
        },
        {
            &quot;name&quot;: &quot;robotfindskitten&quot;,
            &quot;action&quot;: &quot;delete&quot;,
            &quot;id&quot;: &quot;5474869&quot;,
            &quot;version&quot;: &quot;::apt&quot;,
            &quot;url&quot;: &quot; &quot;
        },
        {
            &quot;name&quot;: &quot;squirrel3&quot;,
            &quot;action&quot;: &quot;delete&quot;,
            &quot;id&quot;: &quot;5475279&quot;,
            &quot;version&quot;: &quot;::apt&quot;,
            &quot;url&quot;: &quot; &quot;
        }
    ]
}
12:09:50 INFO  Started operation: {'creationTime': '2022-05-13T12:09:50.197Z', 'deviceId': '19019684', 'deviceName': 'm32sd10a', 'self': 'https://t493319102.eu-latest.cumulocity.com/devicecontrol/operations/19028861', 'id': '19028861', 'status': 'PENDING', 'description': &quot;Apply software changes, triggered from PySys: [{'action': 'delete', 'id': '5475369', 'name': 'asciijump', 'url': ' ', 'version': '::apt'}, {'action': 'delete', 'id': '5474869', 'name': 'robotfindskitten', 'url': ' ', 'version': '::apt'}, {'action': 'delete', 'id': '5475279', 'name': 'squirrel3', 'url': ' ', 'version': '::apt'}]&quot;, 'c8y_SoftwareUpdate': [{'name': 'asciijump', 'action': 'delete', 'id': '5475369', 'version': '::apt', 'url': ' '}, {'name': 'robotfindskitten', 'action': 'delete', 'id': '5474869', 'version': '::apt', 'url': ' '}, {'name': 'squirrel3', 'action': 'delete', 'id': '5475279', 'version': '::apt', 'url': ' '}]}
12:09:52 INFO  State of operation 19028861 : PENDING
12:09:54 INFO  State of operation 19028861 : EXECUTING
12:09:56 INFO  State of operation 19028861 : EXECUTING
12:09:59 INFO  State of operation 19028861 : EXECUTING
12:10:01 INFO  State of operation 19028861 : EXECUTING
12:10:03 INFO  State of operation 19028861 : EXECUTING
12:10:06 INFO  State of operation 19028861 : EXECUTING
12:10:09 INFO  State of operation 19028861 : EXECUTING
12:10:11 INFO  State of operation 19028861 : EXECUTING
12:10:13 INFO  State of operation 19028861 : EXECUTING
12:10:15 INFO  State of operation 19028861 : EXECUTING
12:10:18 INFO  State of operation 19028861 : EXECUTING
12:10:20 INFO  State of operation 19028861 : EXECUTING
12:10:22 INFO  State of operation 19028861 : EXECUTING
12:10:25 INFO  State of operation 19028861 : EXECUTING
12:10:27 INFO  State of operation 19028861 : EXECUTING
12:10:29 INFO  State of operation 19028861 : EXECUTING
12:10:32 INFO  State of operation 19028861 : EXECUTING
12:10:35 INFO  State of operation 19028861 : EXECUTING
12:10:37 INFO  State of operation 19028861 : EXECUTING
12:10:39 INFO  State of operation 19028861 : EXECUTING
12:10:41 INFO  State of operation 19028861 : EXECUTING
12:10:43 INFO  State of operation 19028861 : EXECUTING
12:10:46 INFO  State of operation 19028861 : EXECUTING
12:10:48 INFO  State of operation 19028861 : EXECUTING
12:10:51 INFO  State of operation 19028861 : EXECUTING
12:10:53 INFO  State of operation 19028861 : EXECUTING
12:10:55 INFO  State of operation 19028861 : SUCCESSFUL
12:10:56 INFO  Assert that (False == value) with value=False ... passed
12:10:56 INFO  Assert that (False == value) with value=False ... passed
12:10:56 INFO  Assert that (False == value) with value=False ... passed
12:10:56 INFO  Assert that (False == value) with value=False ... passed
12:10:56 INFO  
12:10:56 INFO  cleanup:
12:11:00 INFO  Executed sudo&lt;tedge_disconnect_c8y&gt;, exit status 0
12:11:01 INFO  Executed systemctl&lt;serv_mapper5&gt;, exit status 3
12:11:01 INFO  
12:11:01 INFO  Test duration: 135.84 secs
12:11:01 INFO  Test final outcome:  FAILED
12:11:01 INFO  Test outcome reason: Assert that (False == value) with value=True (+2 other failures)
12:11:01 INFO  
</system-out>
	</testcase>
</testsuite>
