<?xml version="1.0" encoding="utf-8"?>
<testsuite failures="1" name="SoftwareManagement.sm_mixed_install_remove_multiple" skipped="0" tests="1" time="164.82" timestamp="2022-04-24T13:39:42">
	<testcase classname="PySysTest" name="SoftwareManagement.sm_mixed_install_remove_multiple">
		<failure message="BLOCKED: SystemError: Timeout while waiting for status FAILED or SUCCESSFUL" type="BLOCKED"/>
		<system-out>13:36:57 INFO  ==============================================================
13:36:57 INFO  Id:    SoftwareManagement.sm_mixed_install_remove_multiple
13:36:57 INFO  Dir:   software_management_end_to_end/
13:36:57 INFO  Title: Validate end to end behaviour for the dummy-plugin for multiple packages with mixed versions
13:36:57 INFO  ==============================================================
13:36:57 INFO  Using sw id database: {'asciijump': '5475369', 'robotfindskitten': '5474869', 'squirrel3': '5475279', 'rolldice': '5152439', 'moon-buggy': '5439204', 'apple': '5495053', 'banana': '5494888', 'cherry': '5495382', 'watermelon': '5494510', 'registry': '8018911', 'hello-world': '8021526', 'docker/getting-started': '8021973', 'alpine': '7991792'}
13:36:57 INFO  EnvironmentC8y Setup
13:36:58 INFO  Executed systemctl&lt;serv_mapper1&gt;, exit status 3
13:36:58 INFO  Restarting mosquitto too frequently in the last 10 seconds. It was only up for 5 seconds
13:36:58 INFO  Delaying execution by 6 seconds
13:37:18 INFO  Executed sudo&lt;tedge_connect_c8y&gt;, exit status 0, duration 14 secs
13:37:19 INFO  Executed sudo&lt;tedge_connect_c8y_test&gt;, exit status 0
13:37:19 INFO  Executed systemctl&lt;serv_mosq2&gt;, exit status 0
13:37:20 INFO  Executed systemctl&lt;serv_mapper3&gt;, exit status 0
13:37:22 INFO  State of current operation: PENDING
13:37:24 INFO  State of current operation: PENDING
13:37:26 INFO  State of current operation: PENDING
13:37:29 INFO  State of current operation: PENDING
13:37:31 INFO  State of current operation: PENDING
13:37:33 INFO  State of current operation: PENDING
13:37:35 INFO  State of current operation: PENDING
13:37:37 INFO  State of current operation: PENDING
13:37:40 INFO  State of current operation: PENDING
13:37:42 INFO  State of current operation: PENDING
13:37:44 INFO  State of current operation: PENDING
13:37:46 INFO  State of current operation: PENDING
13:37:49 INFO  State of current operation: PENDING
13:37:51 INFO  State of current operation: PENDING
13:37:53 INFO  State of current operation: PENDING
13:37:55 INFO  State of current operation: PENDING
13:37:57 INFO  State of current operation: PENDING
13:38:00 INFO  State of current operation: PENDING
13:38:02 INFO  State of current operation: PENDING
13:38:04 INFO  State of current operation: PENDING
13:38:06 INFO  State of current operation: PENDING
13:38:09 INFO  State of current operation: PENDING
13:38:11 INFO  State of current operation: PENDING
13:38:13 INFO  State of current operation: PENDING
13:38:15 INFO  State of current operation: PENDING
13:38:18 INFO  State of current operation: PENDING
13:38:20 INFO  State of current operation: PENDING
13:38:22 INFO  State of current operation: PENDING
13:38:24 INFO  State of current operation: PENDING
13:38:26 INFO  State of current operation: PENDING
13:38:29 INFO  State of current operation: PENDING
13:38:31 INFO  State of current operation: PENDING
13:38:33 INFO  State of current operation: PENDING
13:38:35 INFO  State of current operation: PENDING
13:38:38 INFO  State of current operation: PENDING
13:38:40 INFO  State of current operation: PENDING
13:38:42 INFO  State of current operation: PENDING
13:38:44 INFO  State of current operation: PENDING
13:38:46 INFO  State of current operation: PENDING
13:38:49 INFO  State of current operation: PENDING
13:38:51 INFO  State of current operation: PENDING
13:38:53 INFO  State of current operation: PENDING
13:38:55 INFO  State of current operation: PENDING
13:38:58 INFO  State of current operation: PENDING
13:39:00 INFO  State of current operation: PENDING
13:39:02 INFO  State of current operation: PENDING
13:39:04 INFO  State of current operation: PENDING
13:39:06 INFO  State of current operation: PENDING
13:39:09 INFO  State of current operation: PENDING
13:39:11 INFO  State of current operation: PENDING
13:39:13 INFO  State of current operation: PENDING
13:39:15 INFO  State of current operation: PENDING
13:39:18 INFO  State of current operation: PENDING
13:39:20 INFO  State of current operation: PENDING
13:39:22 INFO  State of current operation: PENDING
13:39:24 INFO  State of current operation: PENDING
13:39:27 INFO  State of current operation: PENDING
13:39:29 INFO  State of current operation: PENDING
13:39:31 INFO  State of current operation: PENDING
13:39:33 INFO  State of current operation: PENDING
13:39:35 INFO  State of current operation: PENDING
13:39:37 WARN  SystemError occurred while running test - Timeout while waiting for status FAILED or SUCCESSFUL
Traceback (most recent call last):
  File &quot;/home/pi/env-pysys/lib/python3.7/site-packages/pysys/baserunner.py&quot;, line 1292, in __call__
    self.testObj.setup()
  File &quot;/home/pi/actions-runner/_work/thin-edge.io/thin-edge.io/tests/PySys/software_management_end_to_end/sm_mixed_install_remove_multiple/run.py&quot;, line 83, in setup
    super().setup()
  File &quot;/home/pi/actions-runner/_work/thin-edge.io/thin-edge.io/tests/PySys/software_management_end_to_end/environment_sm_management.py&quot;, line 151, in setup
    self.wait_until_end()
  File &quot;/home/pi/actions-runner/_work/thin-edge.io/thin-edge.io/tests/PySys/software_management_end_to_end/environment_sm_management.py&quot;, line 332, in wait_until_end
    self.wait_until_status(&quot;FAILED&quot;, &quot;SUCCESSFUL&quot;)
  File &quot;/home/pi/actions-runner/_work/thin-edge.io/thin-edge.io/tests/PySys/software_management_end_to_end/environment_sm_management.py&quot;, line 381, in wait_until_status
    &quot;Timeout while waiting for status %s or %s&quot; % (status, status2)
SystemError: Timeout while waiting for status FAILED or SUCCESSFUL
13:39:37 WARN  SystemError: Timeout while waiting for status FAILED or SUCCESSFUL ... blocked 
13:39:37 INFO  
13:39:37 INFO  cleanup:
13:39:42 INFO  Executed sudo&lt;tedge_disconnect_c8y&gt;, exit status 0
13:39:42 INFO  Executed systemctl&lt;serv_mapper5&gt;, exit status 3
13:39:42 INFO  
13:39:42 INFO  Test duration: 164.82 secs
13:39:42 INFO  Test final outcome:  BLOCKED
13:39:42 INFO  Test outcome reason: SystemError: Timeout while waiting for status FAILED or SUCCESSFUL
13:39:42 INFO  
</system-out>
	</testcase>
</testsuite>
