<?xml version="1.0" encoding="utf-8"?>
<testsuite failures="1" name="SoftwareManagement.sm_mixed_install_remove_multiple" skipped="0" tests="1" time="168.51" timestamp="2022-05-09T16:01:38">
	<testcase classname="PySysTest" name="SoftwareManagement.sm_mixed_install_remove_multiple">
		<failure message="FAILED: Assert that (False == value) with value=True" type="FAILED"/>
		<system-out>15:58:49 INFO  ==============================================================
15:58:49 INFO  Id:    SoftwareManagement.sm_mixed_install_remove_multiple
15:58:49 INFO  Dir:   software_management_end_to_end/
15:58:49 INFO  Title: Validate end to end behaviour for the dummy-plugin for multiple packages with mixed versions
15:58:49 INFO  ==============================================================
15:58:49 INFO  Using sw id database: {'asciijump': '5475369', 'robotfindskitten': '5474869', 'squirrel3': '5475279', 'rolldice': '5152439', 'moon-buggy': '5439204', 'apple': '5495053', 'banana': '5494888', 'cherry': '5495382', 'watermelon': '5494510', 'registry': '8018911', 'hello-world': '8021526', 'docker/getting-started': '8021973', 'alpine': '7991792'}
15:58:49 INFO  EnvironmentC8y Setup
15:58:50 INFO  Executed systemctl&lt;serv_mapper1&gt;, exit status 3
15:58:50 INFO  Restarting mosquitto too frequently in the last 10 seconds. It was only up for 5 seconds
15:58:50 INFO  Delaying execution by 6 seconds
15:59:10 INFO  Executed sudo&lt;tedge_connect_c8y&gt;, exit status 0, duration 14 secs
15:59:11 INFO  Executed sudo&lt;tedge_connect_c8y_test&gt;, exit status 0
15:59:11 INFO  Executed systemctl&lt;serv_mosq2&gt;, exit status 0
15:59:12 INFO  Executed systemctl&lt;serv_mapper3&gt;, exit status 0
15:59:14 INFO  State of current operation: SUCCESSFUL
15:59:14 INFO  Package apple is installed
15:59:14 INFO  Assert that (True == value) with value=True ... passed
15:59:15 INFO  Package banana is installed
15:59:15 INFO  Assert that (True == value) with value=True ... passed
15:59:15 INFO  Package cherry is installed
15:59:15 INFO  Assert that (True == value) with value=True ... passed
15:59:15 INFO  Package asciijump is installed
15:59:15 WARN  Assert that (False == value) with value=True ... failed 
15:59:15 INFO  Assert that (False == value) with value=False ... passed
15:59:15 INFO  Response status: 201
15:59:15 INFO  Response to action: {
    &quot;creationTime&quot;: &quot;2022-05-09T15:59:15.920Z&quot;,
    &quot;deviceName&quot;: &quot;m32sd10a&quot;,
    &quot;deviceId&quot;: &quot;18537236&quot;,
    &quot;self&quot;: &quot;https://t493319102.eu-latest.cumulocity.com/devicecontrol/operations/18564880&quot;,
    &quot;id&quot;: &quot;18564880&quot;,
    &quot;status&quot;: &quot;PENDING&quot;,
    &quot;description&quot;: &quot;Apply software changes, triggered from PySys: [{'action': 'install', 'id': '5495053', 'name': 'apple', 'url': ' ', 'version': '::fruits'}, {'action': 'install', 'id': '5494888', 'name': 'banana', 'url': ' ', 'version': '::fruits'}, {'action': 'install', 'id': '5475369', 'name': 'asciijump', 'url': ' ', 'version': '::apt'}, {'action': 'install', 'id': '5495382', 'name': 'cherry', 'url': ' ', 'version': '::fruits'}, {'action': 'install', 'id': '8018911', 'name': 'registry', 'url': ' ', 'version': '::docker'}]&quot;,
    &quot;c8y_SoftwareUpdate&quot;: [
        {
            &quot;name&quot;: &quot;apple&quot;,
            &quot;action&quot;: &quot;install&quot;,
            &quot;id&quot;: &quot;5495053&quot;,
            &quot;version&quot;: &quot;::fruits&quot;,
            &quot;url&quot;: &quot; &quot;
        },
        {
            &quot;name&quot;: &quot;banana&quot;,
            &quot;action&quot;: &quot;install&quot;,
            &quot;id&quot;: &quot;5494888&quot;,
            &quot;version&quot;: &quot;::fruits&quot;,
            &quot;url&quot;: &quot; &quot;
        },
        {
            &quot;name&quot;: &quot;asciijump&quot;,
            &quot;action&quot;: &quot;install&quot;,
            &quot;id&quot;: &quot;5475369&quot;,
            &quot;version&quot;: &quot;::apt&quot;,
            &quot;url&quot;: &quot; &quot;
        },
        {
            &quot;name&quot;: &quot;cherry&quot;,
            &quot;action&quot;: &quot;install&quot;,
            &quot;id&quot;: &quot;5495382&quot;,
            &quot;version&quot;: &quot;::fruits&quot;,
            &quot;url&quot;: &quot; &quot;
        },
        {
            &quot;name&quot;: &quot;registry&quot;,
            &quot;action&quot;: &quot;install&quot;,
            &quot;id&quot;: &quot;8018911&quot;,
            &quot;version&quot;: &quot;::docker&quot;,
            &quot;url&quot;: &quot; &quot;
        }
    ]
}
15:59:15 INFO  Started operation: {'creationTime': '2022-05-09T15:59:15.920Z', 'deviceName': 'm32sd10a', 'deviceId': '18537236', 'self': 'https://t493319102.eu-latest.cumulocity.com/devicecontrol/operations/18564880', 'id': '18564880', 'status': 'PENDING', 'description': &quot;Apply software changes, triggered from PySys: [{'action': 'install', 'id': '5495053', 'name': 'apple', 'url': ' ', 'version': '::fruits'}, {'action': 'install', 'id': '5494888', 'name': 'banana', 'url': ' ', 'version': '::fruits'}, {'action': 'install', 'id': '5475369', 'name': 'asciijump', 'url': ' ', 'version': '::apt'}, {'action': 'install', 'id': '5495382', 'name': 'cherry', 'url': ' ', 'version': '::fruits'}, {'action': 'install', 'id': '8018911', 'name': 'registry', 'url': ' ', 'version': '::docker'}]&quot;, 'c8y_SoftwareUpdate': [{'name': 'apple', 'action': 'install', 'id': '5495053', 'version': '::fruits', 'url': ' '}, {'name': 'banana', 'action': 'install', 'id': '5494888', 'version': '::fruits', 'url': ' '}, {'name': 'asciijump', 'action': 'install', 'id': '5475369', 'version': '::apt', 'url': ' '}, {'name': 'cherry', 'action': 'install', 'id': '5495382', 'version': '::fruits', 'url': ' '}, {'name': 'registry', 'action': 'install', 'id': '8018911', 'version': '::docker', 'url': ' '}]}
15:59:18 INFO  State of operation 18564880 : PENDING
15:59:20 INFO  State of operation 18564880 : EXECUTING
15:59:22 INFO  State of operation 18564880 : EXECUTING
15:59:24 INFO  State of operation 18564880 : EXECUTING
15:59:27 INFO  State of operation 18564880 : EXECUTING
15:59:29 INFO  State of operation 18564880 : EXECUTING
15:59:31 INFO  State of operation 18564880 : EXECUTING
15:59:34 INFO  State of operation 18564880 : EXECUTING
15:59:36 INFO  State of operation 18564880 : EXECUTING
15:59:39 INFO  State of operation 18564880 : EXECUTING
15:59:41 INFO  State of operation 18564880 : EXECUTING
15:59:43 INFO  State of operation 18564880 : EXECUTING
15:59:45 INFO  State of operation 18564880 : EXECUTING
15:59:48 INFO  State of operation 18564880 : EXECUTING
15:59:50 INFO  State of operation 18564880 : EXECUTING
15:59:52 INFO  State of operation 18564880 : EXECUTING
15:59:55 INFO  State of operation 18564880 : EXECUTING
15:59:57 INFO  State of operation 18564880 : EXECUTING
15:59:59 INFO  State of operation 18564880 : EXECUTING
16:00:01 INFO  State of operation 18564880 : EXECUTING
16:00:03 INFO  State of operation 18564880 : EXECUTING
16:00:06 INFO  State of operation 18564880 : EXECUTING
16:00:08 INFO  State of operation 18564880 : EXECUTING
16:00:11 INFO  State of operation 18564880 : EXECUTING
16:00:13 INFO  State of operation 18564880 : EXECUTING
16:00:15 INFO  State of operation 18564880 : EXECUTING
16:00:17 INFO  State of operation 18564880 : SUCCESSFUL
16:00:18 INFO  Package apple is installed
16:00:18 INFO  Assert that (True == value) with value=True ... passed
16:00:18 INFO  Package banana is installed
16:00:18 INFO  Assert that (True == value) with value=True ... passed
16:00:18 INFO  Package cherry is installed
16:00:18 INFO  Assert that (True == value) with value=True ... passed
16:00:18 INFO  Package asciijump is installed
16:00:18 INFO  Assert that (True == value) with value=True ... passed
16:00:18 INFO  Package registry is installed
16:00:18 INFO  Assert that (True == value) with value=True ... passed
16:00:19 INFO  Response status: 201
16:00:19 INFO  Response to action: {
    &quot;creationTime&quot;: &quot;2022-05-09T16:00:19.091Z&quot;,
    &quot;deviceName&quot;: &quot;m32sd10a&quot;,
    &quot;deviceId&quot;: &quot;18537236&quot;,
    &quot;self&quot;: &quot;https://t493319102.eu-latest.cumulocity.com/devicecontrol/operations/18564888&quot;,
    &quot;id&quot;: &quot;18564888&quot;,
    &quot;status&quot;: &quot;PENDING&quot;,
    &quot;description&quot;: &quot;Apply software changes, triggered from PySys: [{'action': 'delete', 'id': '5495053', 'name': 'apple', 'url': ' ', 'version': '::fruits'}, {'action': 'delete', 'id': '5494888', 'name': 'banana', 'url': ' ', 'version': '::fruits'}, {'action': 'delete', 'id': '5475369', 'name': 'asciijump', 'url': ' ', 'version': '::apt'}, {'action': 'delete', 'id': '5495382', 'name': 'cherry', 'url': ' ', 'version': '::fruits'}, {'action': 'delete', 'id': '8018911', 'name': 'registry', 'url': ' ', 'version': '::docker'}]&quot;,
    &quot;c8y_SoftwareUpdate&quot;: [
        {
            &quot;name&quot;: &quot;apple&quot;,
            &quot;action&quot;: &quot;delete&quot;,
            &quot;id&quot;: &quot;5495053&quot;,
            &quot;version&quot;: &quot;::fruits&quot;,
            &quot;url&quot;: &quot; &quot;
        },
        {
            &quot;name&quot;: &quot;banana&quot;,
            &quot;action&quot;: &quot;delete&quot;,
            &quot;id&quot;: &quot;5494888&quot;,
            &quot;version&quot;: &quot;::fruits&quot;,
            &quot;url&quot;: &quot; &quot;
        },
        {
            &quot;name&quot;: &quot;asciijump&quot;,
            &quot;action&quot;: &quot;delete&quot;,
            &quot;id&quot;: &quot;5475369&quot;,
            &quot;version&quot;: &quot;::apt&quot;,
            &quot;url&quot;: &quot; &quot;
        },
        {
            &quot;name&quot;: &quot;cherry&quot;,
            &quot;action&quot;: &quot;delete&quot;,
            &quot;id&quot;: &quot;5495382&quot;,
            &quot;version&quot;: &quot;::fruits&quot;,
            &quot;url&quot;: &quot; &quot;
        },
        {
            &quot;name&quot;: &quot;registry&quot;,
            &quot;action&quot;: &quot;delete&quot;,
            &quot;id&quot;: &quot;8018911&quot;,
            &quot;version&quot;: &quot;::docker&quot;,
            &quot;url&quot;: &quot; &quot;
        }
    ]
}
16:00:19 INFO  Started operation: {'creationTime': '2022-05-09T16:00:19.091Z', 'deviceName': 'm32sd10a', 'deviceId': '18537236', 'self': 'https://t493319102.eu-latest.cumulocity.com/devicecontrol/operations/18564888', 'id': '18564888', 'status': 'PENDING', 'description': &quot;Apply software changes, triggered from PySys: [{'action': 'delete', 'id': '5495053', 'name': 'apple', 'url': ' ', 'version': '::fruits'}, {'action': 'delete', 'id': '5494888', 'name': 'banana', 'url': ' ', 'version': '::fruits'}, {'action': 'delete', 'id': '5475369', 'name': 'asciijump', 'url': ' ', 'version': '::apt'}, {'action': 'delete', 'id': '5495382', 'name': 'cherry', 'url': ' ', 'version': '::fruits'}, {'action': 'delete', 'id': '8018911', 'name': 'registry', 'url': ' ', 'version': '::docker'}]&quot;, 'c8y_SoftwareUpdate': [{'name': 'apple', 'action': 'delete', 'id': '5495053', 'version': '::fruits', 'url': ' '}, {'name': 'banana', 'action': 'delete', 'id': '5494888', 'version': '::fruits', 'url': ' '}, {'name': 'asciijump', 'action': 'delete', 'id': '5475369', 'version': '::apt', 'url': ' '}, {'name': 'cherry', 'action': 'delete', 'id': '5495382', 'version': '::fruits', 'url': ' '}, {'name': 'registry', 'action': 'delete', 'id': '8018911', 'version': '::docker', 'url': ' '}]}
16:00:21 INFO  State of operation 18564888 : PENDING
16:00:23 INFO  State of operation 18564888 : EXECUTING
16:00:25 INFO  State of operation 18564888 : EXECUTING
16:00:28 INFO  State of operation 18564888 : EXECUTING
16:00:30 INFO  State of operation 18564888 : EXECUTING
16:00:32 INFO  State of operation 18564888 : EXECUTING
16:00:35 INFO  State of operation 18564888 : EXECUTING
16:00:37 INFO  State of operation 18564888 : EXECUTING
16:00:40 INFO  State of operation 18564888 : EXECUTING
16:00:42 INFO  State of operation 18564888 : EXECUTING
16:00:44 INFO  State of operation 18564888 : EXECUTING
16:00:47 INFO  State of operation 18564888 : EXECUTING
16:00:49 INFO  State of operation 18564888 : EXECUTING
16:00:51 INFO  State of operation 18564888 : EXECUTING
16:00:53 INFO  State of operation 18564888 : EXECUTING
16:00:56 INFO  State of operation 18564888 : EXECUTING
16:01:00 INFO  State of operation 18564888 : EXECUTING
16:01:02 INFO  State of operation 18564888 : EXECUTING
16:01:04 INFO  State of operation 18564888 : EXECUTING
16:01:07 INFO  State of operation 18564888 : EXECUTING
16:01:09 INFO  State of operation 18564888 : EXECUTING
16:01:11 INFO  State of operation 18564888 : EXECUTING
16:01:13 INFO  State of operation 18564888 : EXECUTING
16:01:16 INFO  State of operation 18564888 : EXECUTING
16:01:18 INFO  State of operation 18564888 : EXECUTING
16:01:21 INFO  State of operation 18564888 : EXECUTING
16:01:23 INFO  State of operation 18564888 : EXECUTING
16:01:25 INFO  State of operation 18564888 : EXECUTING
16:01:28 INFO  State of operation 18564888 : EXECUTING
16:01:30 INFO  State of operation 18564888 : EXECUTING
16:01:32 INFO  State of operation 18564888 : SUCCESSFUL
16:01:32 INFO  Package apple is installed
16:01:32 INFO  Assert that (True == value) with value=True ... passed
16:01:32 INFO  Package banana is installed
16:01:32 INFO  Assert that (True == value) with value=True ... passed
16:01:33 INFO  Package cherry is installed
16:01:33 INFO  Assert that (True == value) with value=True ... passed
16:01:33 INFO  Assert that (False == value) with value=False ... passed
16:01:33 INFO  Assert that (False == value) with value=False ... passed
16:01:33 INFO  
16:01:33 INFO  cleanup:
16:01:37 INFO  Executed sudo&lt;tedge_disconnect_c8y&gt;, exit status 0
16:01:38 INFO  Executed systemctl&lt;serv_mapper5&gt;, exit status 3
16:01:38 INFO  
16:01:38 INFO  Test duration: 168.51 secs
16:01:38 INFO  Test final outcome:  FAILED
16:01:38 INFO  Test outcome reason: Assert that (False == value) with value=True
16:01:38 INFO  
</system-out>
	</testcase>
</testsuite>
