<?xml version="1.0" encoding="utf-8"?>
<testsuite failures="1" name="SoftwareManagement.sm_docker_install_remove_multiple" skipped="0" tests="1" time="47.08" timestamp="2022-05-13T16:13:21">
	<testcase classname="SMDockerInstallRemove" name="SoftwareManagement.sm_docker_install_remove_multiple">
		<failure message="BLOCKED: SystemError: The operation has failed" type="BLOCKED"/>
		<system-out>16:12:34 INFO  ==============================================================
16:12:34 INFO  Id:    SoftwareManagement.sm_docker_install_remove_multiple
16:12:34 INFO  Dir:   software_management_end_to_end/
16:12:34 INFO  Title: Validate end to end behaviour for the docker plugin for multiple docker images with mixed versions
16:12:34 INFO  ==============================================================
16:12:34 INFO  Using sw id database: {'asciijump': '5475369', 'robotfindskitten': '5474869', 'squirrel3': '5475279', 'rolldice': '5152439', 'moon-buggy': '5439204', 'apple': '5495053', 'banana': '5494888', 'cherry': '5495382', 'watermelon': '5494510', 'registry': '8018911', 'hello-world': '8021526', 'docker/getting-started': '8021973', 'alpine': '7991792'}
16:12:34 INFO  EnvironmentC8y Setup
16:12:35 INFO  Executed systemctl&lt;serv_mapper1&gt;, exit status 3
16:12:35 INFO  Restarting mosquitto too frequently in the last 10 seconds. It was only up for 5 seconds
16:12:35 INFO  Delaying execution by 6 seconds
16:12:55 INFO  Executed sudo&lt;tedge_connect_c8y&gt;, exit status 0, duration 14 secs
16:12:55 INFO  Executed sudo&lt;tedge_connect_c8y_test&gt;, exit status 0
16:12:56 INFO  Executed systemctl&lt;serv_mosq2&gt;, exit status 0
16:12:56 INFO  Executed systemctl&lt;serv_mapper3&gt;, exit status 0
16:12:58 INFO  State of current operation: SUCCESSFUL
16:12:59 INFO  Response status: 201
16:12:59 INFO  Response to action: {
    &quot;creationTime&quot;: &quot;2022-05-13T16:12:59.112Z&quot;,
    &quot;deviceId&quot;: &quot;19039121&quot;,
    &quot;deviceName&quot;: &quot;m32sd10a&quot;,
    &quot;self&quot;: &quot;https://t493319102.eu-latest.cumulocity.com/devicecontrol/operations/19054442&quot;,
    &quot;id&quot;: &quot;19054442&quot;,
    &quot;status&quot;: &quot;PENDING&quot;,
    &quot;description&quot;: &quot;Apply software changes, triggered from PySys: [{'action': 'install', 'id': '8021526', 'name': 'hello-world', 'url': '', 'version': '::docker'}, {'action': 'install', 'id': '8018911', 'name': 'registry', 'url': '', 'version': '2.6.2::docker'}]&quot;,
    &quot;c8y_SoftwareUpdate&quot;: [
        {
            &quot;name&quot;: &quot;hello-world&quot;,
            &quot;action&quot;: &quot;install&quot;,
            &quot;id&quot;: &quot;8021526&quot;,
            &quot;version&quot;: &quot;::docker&quot;,
            &quot;url&quot;: &quot;&quot;
        },
        {
            &quot;name&quot;: &quot;registry&quot;,
            &quot;action&quot;: &quot;install&quot;,
            &quot;id&quot;: &quot;8018911&quot;,
            &quot;version&quot;: &quot;2.6.2::docker&quot;,
            &quot;url&quot;: &quot;&quot;
        }
    ]
}
16:12:59 INFO  Started operation: {'creationTime': '2022-05-13T16:12:59.112Z', 'deviceId': '19039121', 'deviceName': 'm32sd10a', 'self': 'https://t493319102.eu-latest.cumulocity.com/devicecontrol/operations/19054442', 'id': '19054442', 'status': 'PENDING', 'description': &quot;Apply software changes, triggered from PySys: [{'action': 'install', 'id': '8021526', 'name': 'hello-world', 'url': '', 'version': '::docker'}, {'action': 'install', 'id': '8018911', 'name': 'registry', 'url': '', 'version': '2.6.2::docker'}]&quot;, 'c8y_SoftwareUpdate': [{'name': 'hello-world', 'action': 'install', 'id': '8021526', 'version': '::docker', 'url': ''}, {'name': 'registry', 'action': 'install', 'id': '8018911', 'version': '2.6.2::docker', 'url': ''}]}
16:13:01 INFO  State of operation 19054442 : PENDING
16:13:03 INFO  State of operation 19054442 : EXECUTING
16:13:05 INFO  State of operation 19054442 : EXECUTING
16:13:08 INFO  State of operation 19054442 : EXECUTING
16:13:10 INFO  State of operation 19054442 : EXECUTING
16:13:12 INFO  State of operation 19054442 : EXECUTING
16:13:14 INFO  State of operation 19054442 : EXECUTING
16:13:17 INFO  State of operation 19054442 : FAILED
16:13:17 ERROR Stopping as the operation has failed
16:13:17 WARN  SystemError occurred while running test - The operation has failed
Traceback (most recent call last):
  File &quot;/home/pi/env-pysys/lib/python3.7/site-packages/pysys/baserunner.py&quot;, line 1292, in __call__
    self.testObj.setup()
  File &quot;/home/pi/actions-runner/_work/thin-edge.io/thin-edge.io/tests/PySys/software_management_end_to_end/sm_docker_install_remove_multiple/run.py&quot;, line 55, in setup
    self.wait_until_succcess()
  File &quot;/home/pi/actions-runner/_work/thin-edge.io/thin-edge.io/tests/PySys/software_management_end_to_end/environment_sm_management.py&quot;, line 324, in wait_until_succcess
    self.wait_until_status(&quot;SUCCESSFUL&quot;)
  File &quot;/home/pi/actions-runner/_work/thin-edge.io/thin-edge.io/tests/PySys/software_management_end_to_end/environment_sm_management.py&quot;, line 361, in wait_until_status
    raise SystemError(&quot;The operation has failed&quot;)
SystemError: The operation has failed
16:13:17 WARN  SystemError: The operation has failed ... blocked 
16:13:17 INFO  
16:13:17 INFO  cleanup:
16:13:20 INFO  Executed sudo&lt;tedge_disconnect_c8y&gt;, exit status 0
16:13:21 INFO  Executed systemctl&lt;serv_mapper5&gt;, exit status 3
16:13:21 INFO  
16:13:21 INFO  Test duration: 47.08 secs
16:13:21 INFO  Test final outcome:  BLOCKED
16:13:21 INFO  Test outcome reason: SystemError: The operation has failed
16:13:21 INFO  
</system-out>
	</testcase>
</testsuite>
