<?xml version="1.0" encoding="utf-8"?>
<testsuite failures="1" name="SoftwareManagement.sm_apt_install_remove_with_version" skipped="0" tests="1" time="165.09" timestamp="2022-04-27T09:52:32">
	<testcase classname="PySysTest" name="SoftwareManagement.sm_apt_install_remove_with_version">
		<failure message="BLOCKED: SystemError: Timeout while waiting for status FAILED or SUCCESSFUL" type="BLOCKED"/>
		<system-out>09:49:47 INFO  ==============================================================
09:49:47 INFO  Id:    SoftwareManagement.sm_apt_install_remove_with_version
09:49:47 INFO  Dir:   software_management_end_to_end/
09:49:47 INFO  Title: Validate end to end behaviour for the apt plugin for packages with version
09:49:47 INFO  ==============================================================
09:49:47 INFO  Using sw id database: {'asciijump': '5475369', 'robotfindskitten': '5474869', 'squirrel3': '5475279', 'rolldice': '5152439', 'moon-buggy': '5439204', 'apple': '5495053', 'banana': '5494888', 'cherry': '5495382', 'watermelon': '5494510', 'registry': '8018911', 'hello-world': '8021526', 'docker/getting-started': '8021973', 'alpine': '7991792'}
09:49:47 INFO  EnvironmentC8y Setup
09:49:48 INFO  Executed systemctl&lt;serv_mapper1&gt;, exit status 3
09:49:48 INFO  Restarting mosquitto too frequently in the last 10 seconds. It was only up for 5 seconds
09:49:48 INFO  Delaying execution by 6 seconds
09:50:08 INFO  Executed sudo&lt;tedge_connect_c8y&gt;, exit status 0, duration 14 secs
09:50:09 INFO  Executed sudo&lt;tedge_connect_c8y_test&gt;, exit status 0
09:50:09 INFO  Executed systemctl&lt;serv_mosq2&gt;, exit status 0
09:50:10 INFO  Executed systemctl&lt;serv_mapper3&gt;, exit status 0
09:50:12 INFO  State of current operation: PENDING
09:50:14 INFO  State of current operation: PENDING
09:50:16 INFO  State of current operation: PENDING
09:50:19 INFO  State of current operation: PENDING
09:50:21 INFO  State of current operation: PENDING
09:50:23 INFO  State of current operation: PENDING
09:50:25 INFO  State of current operation: PENDING
09:50:28 INFO  State of current operation: PENDING
09:50:30 INFO  State of current operation: PENDING
09:50:32 INFO  State of current operation: PENDING
09:50:34 INFO  State of current operation: PENDING
09:50:36 INFO  State of current operation: PENDING
09:50:39 INFO  State of current operation: PENDING
09:50:41 INFO  State of current operation: PENDING
09:50:43 INFO  State of current operation: PENDING
09:50:45 INFO  State of current operation: PENDING
09:50:48 INFO  State of current operation: PENDING
09:50:50 INFO  State of current operation: PENDING
09:50:52 INFO  State of current operation: PENDING
09:50:54 INFO  State of current operation: PENDING
09:50:56 INFO  State of current operation: PENDING
09:50:59 INFO  State of current operation: PENDING
09:51:01 INFO  State of current operation: PENDING
09:51:03 INFO  State of current operation: PENDING
09:51:05 INFO  State of current operation: PENDING
09:51:08 INFO  State of current operation: PENDING
09:51:10 INFO  State of current operation: PENDING
09:51:12 INFO  State of current operation: PENDING
09:51:14 INFO  State of current operation: PENDING
09:51:16 INFO  State of current operation: PENDING
09:51:19 INFO  State of current operation: PENDING
09:51:21 INFO  State of current operation: PENDING
09:51:23 INFO  State of current operation: PENDING
09:51:25 INFO  State of current operation: PENDING
09:51:28 INFO  State of current operation: PENDING
09:51:30 INFO  State of current operation: PENDING
09:51:32 INFO  State of current operation: PENDING
09:51:34 INFO  State of current operation: PENDING
09:51:36 INFO  State of current operation: PENDING
09:51:39 INFO  State of current operation: PENDING
09:51:41 INFO  State of current operation: PENDING
09:51:43 INFO  State of current operation: PENDING
09:51:45 INFO  State of current operation: PENDING
09:51:47 INFO  State of current operation: PENDING
09:51:50 INFO  State of current operation: PENDING
09:51:52 INFO  State of current operation: PENDING
09:51:54 INFO  State of current operation: PENDING
09:51:56 INFO  State of current operation: PENDING
09:51:59 INFO  State of current operation: PENDING
09:52:01 INFO  State of current operation: PENDING
09:52:03 INFO  State of current operation: PENDING
09:52:05 INFO  State of current operation: PENDING
09:52:07 INFO  State of current operation: PENDING
09:52:10 INFO  State of current operation: PENDING
09:52:12 INFO  State of current operation: PENDING
09:52:14 INFO  State of current operation: PENDING
09:52:16 INFO  State of current operation: PENDING
09:52:19 INFO  State of current operation: PENDING
09:52:21 INFO  State of current operation: PENDING
09:52:23 INFO  State of current operation: PENDING
09:52:25 INFO  State of current operation: PENDING
09:52:27 WARN  SystemError occurred while running test - Timeout while waiting for status FAILED or SUCCESSFUL
Traceback (most recent call last):
  File &quot;/home/pi/env-pysys/lib/python3.7/site-packages/pysys/baserunner.py&quot;, line 1292, in __call__
    self.testObj.setup()
  File &quot;/home/pi/actions-runner/_work/thin-edge.io/thin-edge.io/tests/PySys/software_management_end_to_end/sm_apt_install_remove_with_version/run.py&quot;, line 27, in setup
    super().setup()
  File &quot;/home/pi/actions-runner/_work/thin-edge.io/thin-edge.io/tests/PySys/software_management_end_to_end/environment_sm_management.py&quot;, line 151, in setup
    self.wait_until_end()
  File &quot;/home/pi/actions-runner/_work/thin-edge.io/thin-edge.io/tests/PySys/software_management_end_to_end/environment_sm_management.py&quot;, line 332, in wait_until_end
    self.wait_until_status(&quot;FAILED&quot;, &quot;SUCCESSFUL&quot;)
  File &quot;/home/pi/actions-runner/_work/thin-edge.io/thin-edge.io/tests/PySys/software_management_end_to_end/environment_sm_management.py&quot;, line 381, in wait_until_status
    &quot;Timeout while waiting for status %s or %s&quot; % (status, status2)
SystemError: Timeout while waiting for status FAILED or SUCCESSFUL
09:52:27 WARN  SystemError: Timeout while waiting for status FAILED or SUCCESSFUL ... blocked 
09:52:27 INFO  
09:52:27 INFO  cleanup:
09:52:31 INFO  Executed sudo&lt;tedge_disconnect_c8y&gt;, exit status 0
09:52:32 INFO  Executed systemctl&lt;serv_mapper5&gt;, exit status 3
09:52:32 INFO  
09:52:32 INFO  Test duration: 165.09 secs
09:52:32 INFO  Test final outcome:  BLOCKED
09:52:32 INFO  Test outcome reason: SystemError: Timeout while waiting for status FAILED or SUCCESSFUL
09:52:32 INFO  
</system-out>
	</testcase>
</testsuite>
