<?xml version="1.0" encoding="utf-8"?>
<testsuite failures="1" name="SoftwareManagement.sm_apt_install_remove_default" skipped="0" tests="1" time="165.63" timestamp="2022-04-21T14:51:16">
	<testcase classname="PySysTest" name="SoftwareManagement.sm_apt_install_remove_default">
		<failure message="BLOCKED: SystemError: Timeout while waiting for status FAILED or SUCCESSFUL" type="BLOCKED"/>
		<system-out>14:48:30 INFO  ==============================================================
14:48:30 INFO  Id:    SoftwareManagement.sm_apt_install_remove_default
14:48:30 INFO  Dir:   software_management_end_to_end/
14:48:30 INFO  Title: Validate end to end behaviour for the default plugin for installation and removal of packages
14:48:30 INFO  ==============================================================
14:48:30 INFO  Using sw id database: {'asciijump': '5475369', 'robotfindskitten': '5474869', 'squirrel3': '5475279', 'rolldice': '5152439', 'moon-buggy': '5439204', 'apple': '5495053', 'banana': '5494888', 'cherry': '5495382', 'watermelon': '5494510', 'registry': '8018911', 'hello-world': '8021526', 'docker/getting-started': '8021973', 'alpine': '7991792'}
14:48:30 INFO  EnvironmentC8y Setup
14:48:31 INFO  Executed systemctl&lt;serv_mapper1&gt;, exit status 3
14:48:31 INFO  Restarting mosquitto too frequently in the last 10 seconds. It was only up for 4 seconds
14:48:31 INFO  Delaying execution by 7 seconds
14:48:52 INFO  Executed sudo&lt;tedge_connect_c8y&gt;, exit status 0, duration 14 secs
14:48:53 INFO  Executed sudo&lt;tedge_connect_c8y_test&gt;, exit status 0
14:48:53 INFO  Executed systemctl&lt;serv_mosq2&gt;, exit status 0
14:48:54 INFO  Executed systemctl&lt;serv_mapper3&gt;, exit status 0
14:48:56 INFO  State of current operation: PENDING
14:48:58 INFO  State of current operation: PENDING
14:49:01 INFO  State of current operation: PENDING
14:49:03 INFO  State of current operation: PENDING
14:49:05 INFO  State of current operation: PENDING
14:49:07 INFO  State of current operation: PENDING
14:49:09 INFO  State of current operation: PENDING
14:49:12 INFO  State of current operation: PENDING
14:49:14 INFO  State of current operation: PENDING
14:49:16 INFO  State of current operation: PENDING
14:49:18 INFO  State of current operation: PENDING
14:49:21 INFO  State of current operation: PENDING
14:49:23 INFO  State of current operation: PENDING
14:49:25 INFO  State of current operation: PENDING
14:49:27 INFO  State of current operation: PENDING
14:49:29 INFO  State of current operation: PENDING
14:49:32 INFO  State of current operation: PENDING
14:49:34 INFO  State of current operation: PENDING
14:49:36 INFO  State of current operation: PENDING
14:49:38 INFO  State of current operation: PENDING
14:49:41 INFO  State of current operation: PENDING
14:49:43 INFO  State of current operation: PENDING
14:49:45 INFO  State of current operation: PENDING
14:49:47 INFO  State of current operation: PENDING
14:49:49 INFO  State of current operation: PENDING
14:49:52 INFO  State of current operation: PENDING
14:49:54 INFO  State of current operation: PENDING
14:49:56 INFO  State of current operation: PENDING
14:49:58 INFO  State of current operation: PENDING
14:50:00 INFO  State of current operation: PENDING
14:50:03 INFO  State of current operation: PENDING
14:50:05 INFO  State of current operation: PENDING
14:50:07 INFO  State of current operation: PENDING
14:50:09 INFO  State of current operation: PENDING
14:50:12 INFO  State of current operation: PENDING
14:50:14 INFO  State of current operation: PENDING
14:50:16 INFO  State of current operation: PENDING
14:50:18 INFO  State of current operation: PENDING
14:50:20 INFO  State of current operation: PENDING
14:50:23 INFO  State of current operation: PENDING
14:50:25 INFO  State of current operation: PENDING
14:50:27 INFO  State of current operation: PENDING
14:50:29 INFO  State of current operation: PENDING
14:50:32 INFO  State of current operation: PENDING
14:50:34 INFO  State of current operation: PENDING
14:50:36 INFO  State of current operation: PENDING
14:50:38 INFO  State of current operation: PENDING
14:50:40 INFO  State of current operation: PENDING
14:50:43 INFO  State of current operation: PENDING
14:50:45 INFO  State of current operation: PENDING
14:50:47 INFO  State of current operation: PENDING
14:50:49 INFO  State of current operation: PENDING
14:50:52 INFO  State of current operation: PENDING
14:50:54 INFO  State of current operation: PENDING
14:50:56 INFO  State of current operation: PENDING
14:50:58 INFO  State of current operation: PENDING
14:51:00 INFO  State of current operation: PENDING
14:51:03 INFO  State of current operation: PENDING
14:51:05 INFO  State of current operation: PENDING
14:51:07 INFO  State of current operation: PENDING
14:51:09 INFO  State of current operation: PENDING
14:51:11 WARN  SystemError occurred while running test - Timeout while waiting for status FAILED or SUCCESSFUL
Traceback (most recent call last):
  File &quot;/home/pi/env-pysys/lib/python3.7/site-packages/pysys/baserunner.py&quot;, line 1292, in __call__
    self.testObj.setup()
  File &quot;/home/pi/actions-runner/_work/thin-edge.io/thin-edge.io/tests/PySys/software_management_end_to_end/sm_apt_install_remove_default/run.py&quot;, line 26, in setup
    super().setup()
  File &quot;/home/pi/actions-runner/_work/thin-edge.io/thin-edge.io/tests/PySys/software_management_end_to_end/environment_sm_management.py&quot;, line 151, in setup
    self.wait_until_end()
  File &quot;/home/pi/actions-runner/_work/thin-edge.io/thin-edge.io/tests/PySys/software_management_end_to_end/environment_sm_management.py&quot;, line 332, in wait_until_end
    self.wait_until_status(&quot;FAILED&quot;, &quot;SUCCESSFUL&quot;)
  File &quot;/home/pi/actions-runner/_work/thin-edge.io/thin-edge.io/tests/PySys/software_management_end_to_end/environment_sm_management.py&quot;, line 381, in wait_until_status
    &quot;Timeout while waiting for status %s or %s&quot; % (status, status2)
SystemError: Timeout while waiting for status FAILED or SUCCESSFUL
14:51:11 WARN  SystemError: Timeout while waiting for status FAILED or SUCCESSFUL ... blocked 
14:51:11 INFO  
14:51:11 INFO  cleanup:
14:51:15 INFO  Executed sudo&lt;tedge_disconnect_c8y&gt;, exit status 0
14:51:16 INFO  Executed systemctl&lt;serv_mapper5&gt;, exit status 3
14:51:16 INFO  
14:51:16 INFO  Test duration: 165.63 secs
14:51:16 INFO  Test final outcome:  BLOCKED
14:51:16 INFO  Test outcome reason: SystemError: Timeout while waiting for status FAILED or SUCCESSFUL
14:51:16 INFO  
</system-out>
	</testcase>
</testsuite>
