<?xml version="1.0" encoding="utf-8"?>
<testsuite failures="1" name="SoftwareManagement.sm_apt_install_remove_default" skipped="0" tests="1" time="165.59" timestamp="2022-04-27T09:44:16">
	<testcase classname="PySysTest" name="SoftwareManagement.sm_apt_install_remove_default">
		<failure message="BLOCKED: SystemError: Timeout while waiting for status FAILED or SUCCESSFUL" type="BLOCKED"/>
		<system-out>09:41:31 INFO  ==============================================================
09:41:31 INFO  Id:    SoftwareManagement.sm_apt_install_remove_default
09:41:31 INFO  Dir:   software_management_end_to_end/
09:41:31 INFO  Title: Validate end to end behaviour for the default plugin for installation and removal of packages
09:41:31 INFO  ==============================================================
09:41:31 INFO  Using sw id database: {'asciijump': '5475369', 'robotfindskitten': '5474869', 'squirrel3': '5475279', 'rolldice': '5152439', 'moon-buggy': '5439204', 'apple': '5495053', 'banana': '5494888', 'cherry': '5495382', 'watermelon': '5494510', 'registry': '8018911', 'hello-world': '8021526', 'docker/getting-started': '8021973', 'alpine': '7991792'}
09:41:31 INFO  EnvironmentC8y Setup
09:41:31 INFO  Executed systemctl&lt;serv_mapper1&gt;, exit status 3
09:41:31 INFO  Restarting mosquitto too frequently in the last 10 seconds. It was only up for 4 seconds
09:41:31 INFO  Delaying execution by 7 seconds
09:41:52 INFO  Executed sudo&lt;tedge_connect_c8y&gt;, exit status 0, duration 14 secs
09:41:53 INFO  Executed sudo&lt;tedge_connect_c8y_test&gt;, exit status 0
09:41:54 INFO  Executed systemctl&lt;serv_mosq2&gt;, exit status 0
09:41:54 INFO  Executed systemctl&lt;serv_mapper3&gt;, exit status 0
09:41:56 INFO  State of current operation: PENDING
09:41:59 INFO  State of current operation: PENDING
09:42:01 INFO  State of current operation: PENDING
09:42:03 INFO  State of current operation: PENDING
09:42:05 INFO  State of current operation: PENDING
09:42:08 INFO  State of current operation: PENDING
09:42:10 INFO  State of current operation: PENDING
09:42:12 INFO  State of current operation: PENDING
09:42:14 INFO  State of current operation: PENDING
09:42:16 INFO  State of current operation: PENDING
09:42:19 INFO  State of current operation: PENDING
09:42:21 INFO  State of current operation: PENDING
09:42:23 INFO  State of current operation: PENDING
09:42:25 INFO  State of current operation: PENDING
09:42:27 INFO  State of current operation: PENDING
09:42:30 INFO  State of current operation: PENDING
09:42:32 INFO  State of current operation: PENDING
09:42:34 INFO  State of current operation: PENDING
09:42:36 INFO  State of current operation: PENDING
09:42:39 INFO  State of current operation: PENDING
09:42:41 INFO  State of current operation: PENDING
09:42:43 INFO  State of current operation: PENDING
09:42:45 INFO  State of current operation: PENDING
09:42:48 INFO  State of current operation: PENDING
09:42:50 INFO  State of current operation: PENDING
09:42:52 INFO  State of current operation: PENDING
09:42:54 INFO  State of current operation: PENDING
09:42:56 INFO  State of current operation: PENDING
09:42:59 INFO  State of current operation: PENDING
09:43:01 INFO  State of current operation: PENDING
09:43:03 INFO  State of current operation: PENDING
09:43:05 INFO  State of current operation: PENDING
09:43:07 INFO  State of current operation: PENDING
09:43:10 INFO  State of current operation: PENDING
09:43:12 INFO  State of current operation: PENDING
09:43:14 INFO  State of current operation: PENDING
09:43:16 INFO  State of current operation: PENDING
09:43:19 INFO  State of current operation: PENDING
09:43:21 INFO  State of current operation: PENDING
09:43:23 INFO  State of current operation: PENDING
09:43:25 INFO  State of current operation: PENDING
09:43:27 INFO  State of current operation: PENDING
09:43:30 INFO  State of current operation: PENDING
09:43:32 INFO  State of current operation: PENDING
09:43:34 INFO  State of current operation: PENDING
09:43:36 INFO  State of current operation: PENDING
09:43:39 INFO  State of current operation: PENDING
09:43:41 INFO  State of current operation: PENDING
09:43:43 INFO  State of current operation: PENDING
09:43:45 INFO  State of current operation: PENDING
09:43:47 INFO  State of current operation: PENDING
09:43:50 INFO  State of current operation: PENDING
09:43:52 INFO  State of current operation: PENDING
09:43:54 INFO  State of current operation: PENDING
09:43:56 INFO  State of current operation: PENDING
09:43:59 INFO  State of current operation: PENDING
09:44:01 INFO  State of current operation: PENDING
09:44:03 INFO  State of current operation: PENDING
09:44:05 INFO  State of current operation: PENDING
09:44:07 INFO  State of current operation: PENDING
09:44:10 INFO  State of current operation: PENDING
09:44:12 WARN  SystemError occurred while running test - Timeout while waiting for status FAILED or SUCCESSFUL
Traceback (most recent call last):
  File &quot;/home/pi/env-pysys/lib/python3.7/site-packages/pysys/baserunner.py&quot;, line 1292, in __call__
    self.testObj.setup()
  File &quot;/home/pi/actions-runner/_work/thin-edge.io/thin-edge.io/tests/PySys/software_management_end_to_end/sm_apt_install_remove_default/run.py&quot;, line 26, in setup
    super().setup()
  File &quot;/home/pi/actions-runner/_work/thin-edge.io/thin-edge.io/tests/PySys/software_management_end_to_end/environment_sm_management.py&quot;, line 151, in setup
    self.wait_until_end()
  File &quot;/home/pi/actions-runner/_work/thin-edge.io/thin-edge.io/tests/PySys/software_management_end_to_end/environment_sm_management.py&quot;, line 332, in wait_until_end
    self.wait_until_status(&quot;FAILED&quot;, &quot;SUCCESSFUL&quot;)
  File &quot;/home/pi/actions-runner/_work/thin-edge.io/thin-edge.io/tests/PySys/software_management_end_to_end/environment_sm_management.py&quot;, line 381, in wait_until_status
    &quot;Timeout while waiting for status %s or %s&quot; % (status, status2)
SystemError: Timeout while waiting for status FAILED or SUCCESSFUL
09:44:12 WARN  SystemError: Timeout while waiting for status FAILED or SUCCESSFUL ... blocked 
09:44:12 INFO  
09:44:12 INFO  cleanup:
09:44:16 INFO  Executed sudo&lt;tedge_disconnect_c8y&gt;, exit status 0
09:44:16 INFO  Executed systemctl&lt;serv_mapper5&gt;, exit status 3
09:44:16 INFO  
09:44:16 INFO  Test duration: 165.59 secs
09:44:16 INFO  Test final outcome:  BLOCKED
09:44:16 INFO  Test outcome reason: SystemError: Timeout while waiting for status FAILED or SUCCESSFUL
09:44:16 INFO  
</system-out>
	</testcase>
</testsuite>
