<?xml version="1.0" encoding="utf-8"?>
<testsuite failures="0" name="SoftwareManagement.sm_mapper_fail_and_reconnect" skipped="1" tests="1" time="0.24" timestamp="2022-05-09T15:58:49">
	<testcase classname="MapperC8yReceiveLastMessageOnRestart" name="SoftwareManagement.sm_mapper_fail_and_reconnect">
		<skipped message="SKIPPED: instable https://github.com/thin-edge/thin-edge.io/issues/752"/>
		<system-out>15:58:49 INFO  ==============================================================
15:58:49 INFO  Id:    SoftwareManagement.sm_mapper_fail_and_reconnect
15:58:49 INFO  Dir:   software_management_end_to_end/
15:58:49 INFO  Title: Validate the tedge-mapper-sm-c8y for receiving the last message on restart
15:58:49 INFO  ==============================================================
15:58:49 INFO  instable https://github.com/thin-edge/thin-edge.io/issues/752 ... skipped
15:58:49 INFO  
15:58:49 INFO  Test duration: 0.24 secs
15:58:49 INFO  Test final outcome:  SKIPPED
15:58:49 INFO  Test outcome reason: instable https://github.com/thin-edge/thin-edge.io/issues/752
15:58:49 INFO  
</system-out>
	</testcase>
</testsuite>
