<?xml version="1.0" encoding="utf-8"?>
<testsuite failures="1" name="SoftwareManagement.sm_mixed_install_remove_multiple" skipped="0" tests="1" time="72.39" timestamp="2022-05-02T11:44:04">
	<testcase classname="PySysTest" name="SoftwareManagement.sm_mixed_install_remove_multiple">
		<failure message="BLOCKED: SystemError: The operation has failed (+1 other failures)" type="BLOCKED"/>
		<system-out>11:42:52 INFO  ==============================================================
11:42:52 INFO  Id:    SoftwareManagement.sm_mixed_install_remove_multiple
11:42:52 INFO  Dir:   software_management_end_to_end/
11:42:52 INFO  Title: Validate end to end behaviour for the dummy-plugin for multiple packages with mixed versions
11:42:52 INFO  ==============================================================
11:42:52 INFO  Using sw id database: {'asciijump': '5475369', 'robotfindskitten': '5474869', 'squirrel3': '5475279', 'rolldice': '5152439', 'moon-buggy': '5439204', 'apple': '5495053', 'banana': '5494888', 'cherry': '5495382', 'watermelon': '5494510', 'registry': '8018911', 'hello-world': '8021526', 'docker/getting-started': '8021973', 'alpine': '7991792'}
11:42:52 INFO  EnvironmentC8y Setup
11:42:52 INFO  Executed systemctl&lt;serv_mapper1&gt;, exit status 3
11:42:53 INFO  Restarting mosquitto too frequently in the last 10 seconds. It was only up for 5 seconds
11:42:53 INFO  Delaying execution by 6 seconds
11:43:13 INFO  Executed sudo&lt;tedge_connect_c8y&gt;, exit status 0, duration 14 secs
11:43:14 INFO  Executed sudo&lt;tedge_connect_c8y_test&gt;, exit status 0
11:43:14 INFO  Executed systemctl&lt;serv_mosq2&gt;, exit status 0
11:43:14 INFO  Executed systemctl&lt;serv_mapper3&gt;, exit status 0
11:43:17 INFO  State of current operation: SUCCESSFUL
11:43:17 INFO  Package apple is installed
11:43:17 INFO  Assert that (True == value) with value=True ... passed
11:43:17 INFO  Package banana is installed
11:43:17 INFO  Assert that (True == value) with value=True ... passed
11:43:18 INFO  Package cherry is installed
11:43:18 INFO  Assert that (True == value) with value=True ... passed
11:43:18 INFO  Package asciijump is installed
11:43:18 WARN  Assert that (False == value) with value=True ... failed 
11:43:18 INFO  Assert that (False == value) with value=False ... passed
11:43:18 INFO  Response status: 201
11:43:18 INFO  Response to action: {
    &quot;creationTime&quot;: &quot;2022-05-02T11:43:18.674Z&quot;,
    &quot;deviceName&quot;: &quot;m32sd10a&quot;,
    &quot;deviceId&quot;: &quot;18123767&quot;,
    &quot;self&quot;: &quot;https://t493319102.eu-latest.cumulocity.com/devicecontrol/operations/18168258&quot;,
    &quot;id&quot;: &quot;18168258&quot;,
    &quot;status&quot;: &quot;PENDING&quot;,
    &quot;description&quot;: &quot;Apply software changes, triggered from PySys: [{'action': 'install', 'id': '5495053', 'name': 'apple', 'url': ' ', 'version': '::fruits'}, {'action': 'install', 'id': '5494888', 'name': 'banana', 'url': ' ', 'version': '::fruits'}, {'action': 'install', 'id': '5475369', 'name': 'asciijump', 'url': ' ', 'version': '::apt'}, {'action': 'install', 'id': '5495382', 'name': 'cherry', 'url': ' ', 'version': '::fruits'}, {'action': 'install', 'id': '8018911', 'name': 'registry', 'url': ' ', 'version': '::docker'}]&quot;,
    &quot;c8y_SoftwareUpdate&quot;: [
        {
            &quot;name&quot;: &quot;apple&quot;,
            &quot;action&quot;: &quot;install&quot;,
            &quot;id&quot;: &quot;5495053&quot;,
            &quot;version&quot;: &quot;::fruits&quot;,
            &quot;url&quot;: &quot; &quot;
        },
        {
            &quot;name&quot;: &quot;banana&quot;,
            &quot;action&quot;: &quot;install&quot;,
            &quot;id&quot;: &quot;5494888&quot;,
            &quot;version&quot;: &quot;::fruits&quot;,
            &quot;url&quot;: &quot; &quot;
        },
        {
            &quot;name&quot;: &quot;asciijump&quot;,
            &quot;action&quot;: &quot;install&quot;,
            &quot;id&quot;: &quot;5475369&quot;,
            &quot;version&quot;: &quot;::apt&quot;,
            &quot;url&quot;: &quot; &quot;
        },
        {
            &quot;name&quot;: &quot;cherry&quot;,
            &quot;action&quot;: &quot;install&quot;,
            &quot;id&quot;: &quot;5495382&quot;,
            &quot;version&quot;: &quot;::fruits&quot;,
            &quot;url&quot;: &quot; &quot;
        },
        {
            &quot;name&quot;: &quot;registry&quot;,
            &quot;action&quot;: &quot;install&quot;,
            &quot;id&quot;: &quot;8018911&quot;,
            &quot;version&quot;: &quot;::docker&quot;,
            &quot;url&quot;: &quot; &quot;
        }
    ]
}
11:43:18 INFO  Started operation: {'creationTime': '2022-05-02T11:43:18.674Z', 'deviceName': 'm32sd10a', 'deviceId': '18123767', 'self': 'https://t493319102.eu-latest.cumulocity.com/devicecontrol/operations/18168258', 'id': '18168258', 'status': 'PENDING', 'description': &quot;Apply software changes, triggered from PySys: [{'action': 'install', 'id': '5495053', 'name': 'apple', 'url': ' ', 'version': '::fruits'}, {'action': 'install', 'id': '5494888', 'name': 'banana', 'url': ' ', 'version': '::fruits'}, {'action': 'install', 'id': '5475369', 'name': 'asciijump', 'url': ' ', 'version': '::apt'}, {'action': 'install', 'id': '5495382', 'name': 'cherry', 'url': ' ', 'version': '::fruits'}, {'action': 'install', 'id': '8018911', 'name': 'registry', 'url': ' ', 'version': '::docker'}]&quot;, 'c8y_SoftwareUpdate': [{'name': 'apple', 'action': 'install', 'id': '5495053', 'version': '::fruits', 'url': ' '}, {'name': 'banana', 'action': 'install', 'id': '5494888', 'version': '::fruits', 'url': ' '}, {'name': 'asciijump', 'action': 'install', 'id': '5475369', 'version': '::apt', 'url': ' '}, {'name': 'cherry', 'action': 'install', 'id': '5495382', 'version': '::fruits', 'url': ' '}, {'name': 'registry', 'action': 'install', 'id': '8018911', 'version': '::docker', 'url': ' '}]}
11:43:20 INFO  State of operation 18168258 : PENDING
11:43:23 INFO  State of operation 18168258 : EXECUTING
11:43:25 INFO  State of operation 18168258 : EXECUTING
11:43:27 INFO  State of operation 18168258 : EXECUTING
11:43:29 INFO  State of operation 18168258 : EXECUTING
11:43:32 INFO  State of operation 18168258 : EXECUTING
11:43:34 INFO  State of operation 18168258 : EXECUTING
11:43:37 INFO  State of operation 18168258 : EXECUTING
11:43:39 INFO  State of operation 18168258 : EXECUTING
11:43:41 INFO  State of operation 18168258 : EXECUTING
11:43:44 INFO  State of operation 18168258 : EXECUTING
11:43:46 INFO  State of operation 18168258 : EXECUTING
11:43:48 INFO  State of operation 18168258 : EXECUTING
11:43:50 INFO  State of operation 18168258 : EXECUTING
11:43:53 INFO  State of operation 18168258 : EXECUTING
11:43:55 INFO  State of operation 18168258 : EXECUTING
11:43:57 INFO  State of operation 18168258 : EXECUTING
11:43:59 INFO  State of operation 18168258 : FAILED
11:43:59 ERROR Stopping as the operation has failed
11:43:59 WARN  SystemError occurred while running test - The operation has failed
Traceback (most recent call last):
  File &quot;/home/pi/env-pysys/lib/python3.7/site-packages/pysys/baserunner.py&quot;, line 1294, in __call__
    self.testObj.execute()
  File &quot;/home/pi/actions-runner/_work/thin-edge.io/thin-edge.io/tests/PySys/software_management_end_to_end/sm_mixed_install_remove_multiple/run.py&quot;, line 95, in execute
    self.wait_until_succcess()
  File &quot;/home/pi/actions-runner/_work/thin-edge.io/thin-edge.io/tests/PySys/software_management_end_to_end/environment_sm_management.py&quot;, line 324, in wait_until_succcess
    self.wait_until_status(&quot;SUCCESSFUL&quot;)
  File &quot;/home/pi/actions-runner/_work/thin-edge.io/thin-edge.io/tests/PySys/software_management_end_to_end/environment_sm_management.py&quot;, line 361, in wait_until_status
    raise SystemError(&quot;The operation has failed&quot;)
SystemError: The operation has failed
11:43:59 WARN  SystemError: The operation has failed ... blocked 
11:43:59 INFO  
11:43:59 INFO  cleanup:
11:44:04 INFO  Executed sudo&lt;tedge_disconnect_c8y&gt;, exit status 0
11:44:04 INFO  Executed systemctl&lt;serv_mapper5&gt;, exit status 3
11:44:04 INFO  
11:44:04 INFO  Test duration: 72.39 secs
11:44:04 INFO  Test final outcome:  BLOCKED
11:44:04 INFO  Test outcome reason: SystemError: The operation has failed (+1 other failures)
11:44:04 INFO  
</system-out>
	</testcase>
</testsuite>
