<?xml version="1.0" encoding="utf-8"?>
<testsuite failures="1" name="SoftwareManagement.sm_apt_install_remove_multiple_mixed" skipped="0" tests="1" time="165.39" timestamp="2022-04-24T13:25:57">
	<testcase classname="PySysTest" name="SoftwareManagement.sm_apt_install_remove_multiple_mixed">
		<failure message="BLOCKED: SystemError: Timeout while waiting for status FAILED or SUCCESSFUL" type="BLOCKED"/>
		<system-out>13:23:11 INFO  ==============================================================
13:23:11 INFO  Id:    SoftwareManagement.sm_apt_install_remove_multiple_mixed
13:23:11 INFO  Dir:   software_management_end_to_end/
13:23:11 INFO  Title: Validate end to end behaviour for the apt plugin for multiple packages with mixed versions
13:23:11 INFO  ==============================================================
13:23:11 INFO  Using sw id database: {'asciijump': '5475369', 'robotfindskitten': '5474869', 'squirrel3': '5475279', 'rolldice': '5152439', 'moon-buggy': '5439204', 'apple': '5495053', 'banana': '5494888', 'cherry': '5495382', 'watermelon': '5494510', 'registry': '8018911', 'hello-world': '8021526', 'docker/getting-started': '8021973', 'alpine': '7991792'}
13:23:11 INFO  EnvironmentC8y Setup
13:23:12 INFO  Executed systemctl&lt;serv_mapper1&gt;, exit status 3
13:23:12 INFO  Restarting mosquitto too frequently in the last 10 seconds. It was only up for 4 seconds
13:23:12 INFO  Delaying execution by 7 seconds
13:23:33 INFO  Executed sudo&lt;tedge_connect_c8y&gt;, exit status 0, duration 14 secs
13:23:34 INFO  Executed sudo&lt;tedge_connect_c8y_test&gt;, exit status 0
13:23:34 INFO  Executed systemctl&lt;serv_mosq2&gt;, exit status 0
13:23:35 INFO  Executed systemctl&lt;serv_mapper3&gt;, exit status 0
13:23:37 INFO  State of current operation: PENDING
13:23:39 INFO  State of current operation: PENDING
13:23:41 INFO  State of current operation: PENDING
13:23:44 INFO  State of current operation: PENDING
13:23:46 INFO  State of current operation: PENDING
13:23:48 INFO  State of current operation: PENDING
13:23:50 INFO  State of current operation: PENDING
13:23:52 INFO  State of current operation: PENDING
13:23:55 INFO  State of current operation: PENDING
13:23:57 INFO  State of current operation: PENDING
13:23:59 INFO  State of current operation: PENDING
13:24:01 INFO  State of current operation: PENDING
13:24:04 INFO  State of current operation: PENDING
13:24:06 INFO  State of current operation: PENDING
13:24:08 INFO  State of current operation: PENDING
13:24:10 INFO  State of current operation: PENDING
13:24:12 INFO  State of current operation: PENDING
13:24:15 INFO  State of current operation: PENDING
13:24:17 INFO  State of current operation: PENDING
13:24:19 INFO  State of current operation: PENDING
13:24:21 INFO  State of current operation: PENDING
13:24:24 INFO  State of current operation: PENDING
13:24:26 INFO  State of current operation: PENDING
13:24:28 INFO  State of current operation: PENDING
13:24:30 INFO  State of current operation: PENDING
13:24:32 INFO  State of current operation: PENDING
13:24:35 INFO  State of current operation: PENDING
13:24:37 INFO  State of current operation: PENDING
13:24:39 INFO  State of current operation: PENDING
13:24:41 INFO  State of current operation: PENDING
13:24:44 INFO  State of current operation: PENDING
13:24:46 INFO  State of current operation: PENDING
13:24:48 INFO  State of current operation: PENDING
13:24:50 INFO  State of current operation: PENDING
13:24:52 INFO  State of current operation: PENDING
13:24:55 INFO  State of current operation: PENDING
13:24:57 INFO  State of current operation: PENDING
13:24:59 INFO  State of current operation: PENDING
13:25:01 INFO  State of current operation: PENDING
13:25:04 INFO  State of current operation: PENDING
13:25:06 INFO  State of current operation: PENDING
13:25:08 INFO  State of current operation: PENDING
13:25:10 INFO  State of current operation: PENDING
13:25:12 INFO  State of current operation: PENDING
13:25:15 INFO  State of current operation: PENDING
13:25:17 INFO  State of current operation: PENDING
13:25:19 INFO  State of current operation: PENDING
13:25:21 INFO  State of current operation: PENDING
13:25:24 INFO  State of current operation: PENDING
13:25:26 INFO  State of current operation: PENDING
13:25:28 INFO  State of current operation: PENDING
13:25:30 INFO  State of current operation: PENDING
13:25:32 INFO  State of current operation: PENDING
13:25:35 INFO  State of current operation: PENDING
13:25:37 INFO  State of current operation: PENDING
13:25:39 INFO  State of current operation: PENDING
13:25:41 INFO  State of current operation: PENDING
13:25:44 INFO  State of current operation: PENDING
13:25:46 INFO  State of current operation: PENDING
13:25:48 INFO  State of current operation: PENDING
13:25:50 INFO  State of current operation: PENDING
13:25:52 WARN  SystemError occurred while running test - Timeout while waiting for status FAILED or SUCCESSFUL
Traceback (most recent call last):
  File &quot;/home/pi/env-pysys/lib/python3.7/site-packages/pysys/baserunner.py&quot;, line 1292, in __call__
    self.testObj.setup()
  File &quot;/home/pi/actions-runner/_work/thin-edge.io/thin-edge.io/tests/PySys/software_management_end_to_end/sm_apt_install_remove_multiple_mixed/run.py&quot;, line 73, in setup
    super().setup()
  File &quot;/home/pi/actions-runner/_work/thin-edge.io/thin-edge.io/tests/PySys/software_management_end_to_end/environment_sm_management.py&quot;, line 151, in setup
    self.wait_until_end()
  File &quot;/home/pi/actions-runner/_work/thin-edge.io/thin-edge.io/tests/PySys/software_management_end_to_end/environment_sm_management.py&quot;, line 332, in wait_until_end
    self.wait_until_status(&quot;FAILED&quot;, &quot;SUCCESSFUL&quot;)
  File &quot;/home/pi/actions-runner/_work/thin-edge.io/thin-edge.io/tests/PySys/software_management_end_to_end/environment_sm_management.py&quot;, line 381, in wait_until_status
    &quot;Timeout while waiting for status %s or %s&quot; % (status, status2)
SystemError: Timeout while waiting for status FAILED or SUCCESSFUL
13:25:52 WARN  SystemError: Timeout while waiting for status FAILED or SUCCESSFUL ... blocked 
13:25:52 INFO  
13:25:52 INFO  cleanup:
13:25:56 INFO  Executed sudo&lt;tedge_disconnect_c8y&gt;, exit status 0
13:25:57 INFO  Executed systemctl&lt;serv_mapper5&gt;, exit status 3
13:25:57 INFO  
13:25:57 INFO  Test duration: 165.39 secs
13:25:57 INFO  Test final outcome:  BLOCKED
13:25:57 INFO  Test outcome reason: SystemError: Timeout while waiting for status FAILED or SUCCESSFUL
13:25:57 INFO  
</system-out>
	</testcase>
</testsuite>
