<?xml version="1.0" encoding="utf-8"?>
<testsuite failures="0" name="apt_fail_noarg" skipped="1" tests="1" time="0.07" timestamp="2022-05-13T11:06:06">
	<testcase classname="AptPluginFailNoArg" name="apt_fail_noarg">
		<skipped message="SKIPPED: Testing the apt plugin is not supported on this platform.To run the tests call PySys with -XmyPlatform='container'"/>
		<system-out>11:06:06 INFO  ==============================================================
11:06:06 INFO  Id:    apt_fail_noarg
11:06:06 INFO  Dir:   plugin_apt/
11:06:06 INFO  Title: Validate apt plugin fetures(prepare, list, install, remove finalize) without arguments
11:06:06 INFO  ==============================================================
11:06:06 INFO  Testing the apt plugin is not supported on this platform.To run the tests call PySys with -XmyPlatform='container' ... skipped
11:06:06 WARN  Aborted test due to SKIPPED outcome
11:06:06 INFO  
11:06:06 INFO  Test duration: 0.07 secs
11:06:06 INFO  Test final outcome:  SKIPPED
11:06:06 INFO  Test outcome reason: Testing the apt plugin is not supported on this platform.To run the tests call PySys with -XmyPlatform='container'
11:06:06 INFO  
</system-out>
	</testcase>
</testsuite>
