<?xml version="1.0" encoding="utf-8"?>
<testsuite failures="0" name="call_tedge_-h_-V" skipped="0" tests="1" time="0.69" timestamp="2022-05-03T14:20:14">
	<testcase classname="PySysTest" name="call_tedge_-h_-V"/>
</testsuite>
