<?xml version="1.0" encoding="utf-8"?>
<testsuite failures="0" name="apt_install_local_file_with_version_fail" skipped="1" tests="1" time="0.02" timestamp="2022-04-27T10:29:49">
	<testcase classname="AptPluginInstallFromLocalFileWithVersionFail" name="apt_install_local_file_with_version_fail">
		<skipped message="SKIPPED: Testing the apt plugin is not supported on this platform.To run the tests call PySys with -XmyPlatform='container'"/>
		<system-out>10:29:48 INFO  ==============================================================
10:29:48 INFO  Id:    apt_install_local_file_with_version_fail
10:29:48 INFO  Dir:   plugin_apt/
10:29:48 INFO  Title: Validate apt plugin install from local file AND with a version - FAIL case
10:29:48 INFO  ==============================================================
10:29:48 INFO  Testing the apt plugin is not supported on this platform.To run the tests call PySys with -XmyPlatform='container' ... skipped
10:29:49 WARN  Aborted test due to SKIPPED outcome
10:29:49 INFO  
10:29:49 INFO  Test duration: 0.02 secs
10:29:49 INFO  Test final outcome:  SKIPPED
10:29:49 INFO  Test outcome reason: Testing the apt plugin is not supported on this platform.To run the tests call PySys with -XmyPlatform='container'
10:29:49 INFO  
</system-out>
	</testcase>
</testsuite>
