<?xml version="1.0" encoding="utf-8"?>
<testsuite failures="0" name="smoketest_json" skipped="0" tests="1" time="44.76" timestamp="2022-05-13T15:04:30">
	<testcase classname="SmokeTestJson" name="smoketest_json"/>
</testsuite>
