<?xml version="1.0" encoding="utf-8"?>
<testsuite failures="1" name="runtime_start_two_mappers" skipped="0" tests="1" time="1.76" timestamp="2022-05-03T09:05:49">
	<testcase classname="RuntimeMultiMappers" name="runtime_start_two_mappers">
		<failure message="FAILED: Grep on tedge_mapper2.err contains &quot;Error: Couldn't acquire file lock.&quot;" type="FAILED"/>
		<system-out>09:05:48 INFO  ==============================================================
09:05:48 INFO  Id:    runtime_start_two_mappers
09:05:48 INFO  Dir:   tedge_mapper_c8y/
09:05:48 INFO  Title: Validate two mappers can't be started at the same time
09:05:48 INFO  ==============================================================
09:05:48 INFO  Executed sudo&lt;tedge_mapper1&gt;, exit status 0
09:05:48 INFO  Waiting for 0.1 seconds
09:05:49 INFO  Executed sudo&lt;tedge_mapper2&gt;, exit status 1
09:05:49 INFO  Executed sudo&lt;tedge_mapper1&gt;, exit status 0
09:05:49 WARN  Grep on tedge_mapper2.err contains &quot;Error: Couldn't acquire file lock.&quot; ... failed [run.py:46]
09:05:49 INFO  
09:05:49 INFO  Test duration: 1.76 secs
09:05:49 INFO  Test final outcome:  FAILED
09:05:49 INFO  Test outcome reason: Grep on tedge_mapper2.err contains &quot;Error: Couldn't acquire file lock.&quot;
09:05:49 INFO  
</system-out>
	</testcase>
</testsuite>
