<?xml version="1.0" encoding="utf-8"?>
<testsuite failures="0" name="log_request_error_messages" skipped="0" tests="1" time="34.95" timestamp="2022-04-24T11:59:29">
	<testcase classname="LogRequestVerifySearchTextError" name="log_request_error_messages"/>
</testsuite>
