<?xml version="1.0" encoding="utf-8"?>
<testsuite failures="1" name="runtime_start_two_mappers" skipped="0" tests="1" time="1.8" timestamp="2022-05-11T11:54:03">
	<testcase classname="RuntimeMultiMappers" name="runtime_start_two_mappers">
		<failure message="FAILED: Grep on tedge_mapper2.err contains &quot;Error: Couldn't acquire file lock.&quot;" type="FAILED"/>
		<system-out>11:54:01 INFO  ==============================================================
11:54:01 INFO  Id:    runtime_start_two_mappers
11:54:01 INFO  Dir:   tedge_mapper_c8y/
11:54:01 INFO  Title: Validate two mappers can't be started at the same time
11:54:01 INFO  ==============================================================
11:54:01 INFO  Executed sudo&lt;tedge_mapper1&gt;, exit status 0
11:54:01 INFO  Waiting for 0.1 seconds
11:54:02 INFO  Executed sudo&lt;tedge_mapper2&gt;, exit status 1
11:54:03 INFO  Executed sudo&lt;tedge_mapper1&gt;, exit status 0
11:54:03 WARN  Grep on tedge_mapper2.err contains &quot;Error: Couldn't acquire file lock.&quot; ... failed [run.py:46]
11:54:03 INFO  
11:54:03 INFO  Test duration: 1.80 secs
11:54:03 INFO  Test final outcome:  FAILED
11:54:03 INFO  Test outcome reason: Grep on tedge_mapper2.err contains &quot;Error: Couldn't acquire file lock.&quot;
11:54:03 INFO  
</system-out>
	</testcase>
</testsuite>
