<?xml version="1.0" encoding="utf-8"?>
<testsuite failures="0" name="smoketest_json" skipped="0" tests="1" time="46.17" timestamp="2022-05-03T14:13:56">
	<testcase classname="SmokeTestJson" name="smoketest_json"/>
</testsuite>
