<?xml version="1.0" encoding="utf-8"?>
<testsuite failures="0" name="apt_sequence_remove_with_version" skipped="1" tests="1" time="0.02" timestamp="2022-05-12T08:54:38">
	<testcase classname="AptPluginRemoveWithVersion" name="apt_sequence_remove_with_version">
		<skipped message="SKIPPED: Testing the apt plugin is not supported on this platform.To run the tests call PySys with -XmyPlatform='container'"/>
		<system-out>08:54:38 INFO  ==============================================================
08:54:38 INFO  Id:    apt_sequence_remove_with_version
08:54:38 INFO  Dir:   plugin_apt/
08:54:38 INFO  Title: Validate apt plugin remove with version use case
08:54:38 INFO  ==============================================================
08:54:38 INFO  Testing the apt plugin is not supported on this platform.To run the tests call PySys with -XmyPlatform='container' ... skipped
08:54:38 WARN  Aborted test due to SKIPPED outcome
08:54:38 INFO  
08:54:38 INFO  Test duration: 0.02 secs
08:54:38 INFO  Test final outcome:  SKIPPED
08:54:38 INFO  Test outcome reason: Testing the apt plugin is not supported on this platform.To run the tests call PySys with -XmyPlatform='container'
08:54:38 INFO  
</system-out>
	</testcase>
</testsuite>
