<?xml version="1.0" encoding="utf-8"?>
<testsuite failures="1" name="log_request_error_messages" skipped="0" tests="1" time="36.45" timestamp="2022-04-28T08:16:23">
	<testcase classname="LogRequestVerifySearchTextError" name="log_request_error_messages">
		<failure message="FAILED: Assert that (True == value) with value=False" type="FAILED"/>
		<system-out>08:15:47 INFO  ==============================================================
08:15:47 INFO  Id:    log_request_error_messages
08:15:47 INFO  Dir:   log_request_end_to_end/
08:15:47 INFO  Title: Validate end to end behaviour for the log request operation check for error messages
08:15:47 INFO  ==============================================================
08:15:48 INFO  EnvironmentC8y Setup
08:15:49 INFO  Executed systemctl&lt;serv_mapper1&gt;, exit status 3
08:15:49 INFO  Restarting mosquitto too frequently in the last 10 seconds. It was only up for 2 seconds
08:15:49 INFO  Delaying execution by 9 seconds
08:16:12 INFO  Executed sudo&lt;tedge_connect_c8y&gt;, exit status 0, duration 13 secs
08:16:12 INFO  Executed sudo&lt;tedge_connect_c8y_test&gt;, exit status 0
08:16:13 INFO  Executed systemctl&lt;serv_mosq2&gt;, exit status 0
08:16:13 INFO  Executed systemctl&lt;serv_mapper3&gt;, exit status 0
08:16:14 INFO  Executed sudo&lt;rm_logs&gt;, exit status 0
08:16:15 INFO  Executed sudo&lt;move_logs&gt;, exit status 0
08:16:15 INFO  log response None
08:16:15 WARN  retry, retrying in 1 seconds...
08:16:16 INFO  log response https://thin-edge-io.eu-latest.cumulocity.com/event/events/17852748/binaries
08:16:17 WARN  Assert that (True == value) with value=False ... failed [run.py:43]
08:16:17 INFO  
08:16:17 INFO  cleanup:
08:16:17 INFO  Executed sudo&lt;rm_logs&gt;, exit status 0
08:16:18 INFO  Executed sudo&lt;rm_tmp_logs&gt;, exit status 0
08:16:18 INFO  Executed sudo&lt;send_failed&gt;, exit status 0
08:16:23 INFO  Executed sudo&lt;tedge_disconnect_c8y&gt;, exit status 0
08:16:23 INFO  Executed systemctl&lt;serv_mapper5&gt;, exit status 3
08:16:23 INFO  
08:16:23 INFO  Test duration: 36.45 secs
08:16:23 INFO  Test final outcome:  FAILED
08:16:23 INFO  Test outcome reason: Assert that (True == value) with value=False
08:16:23 INFO  
</system-out>
	</testcase>
</testsuite>
