<?xml version="1.0" encoding="utf-8"?>
<testsuite failures="1" name="runtime_start_two_mappers" skipped="0" tests="1" time="1.75" timestamp="2022-04-21T13:45:57">
	<testcase classname="RuntimeMultiMappers" name="runtime_start_two_mappers">
		<failure message="FAILED: Grep on tedge_mapper2.err contains &quot;Error: Couldn't acquire file lock.&quot;" type="FAILED"/>
		<system-out>13:45:55 INFO  ==============================================================
13:45:55 INFO  Id:    runtime_start_two_mappers
13:45:55 INFO  Dir:   tedge_mapper_c8y/
13:45:55 INFO  Title: Validate two mappers can't be started at the same time
13:45:55 INFO  ==============================================================
13:45:56 INFO  Executed sudo&lt;tedge_mapper1&gt;, exit status 0
13:45:56 INFO  Waiting for 0.1 seconds
13:45:56 INFO  Executed sudo&lt;tedge_mapper2&gt;, exit status 1
13:45:57 INFO  Executed sudo&lt;tedge_mapper1&gt;, exit status 0
13:45:57 WARN  Grep on tedge_mapper2.err contains &quot;Error: Couldn't acquire file lock.&quot; ... failed [run.py:46]
13:45:57 INFO  
13:45:57 INFO  Test duration: 1.75 secs
13:45:57 INFO  Test final outcome:  FAILED
13:45:57 INFO  Test outcome reason: Grep on tedge_mapper2.err contains &quot;Error: Couldn't acquire file lock.&quot;
13:45:57 INFO  
</system-out>
	</testcase>
</testsuite>
