<?xml version="1.0" encoding="utf-8"?>
<testsuite failures="0" name="apt_fail_noarg" skipped="1" tests="1" time="0.05" timestamp="2022-04-28T12:23:19">
	<testcase classname="AptPluginFailNoArg" name="apt_fail_noarg">
		<skipped message="SKIPPED: Testing the apt plugin is not supported on this platform.To run the tests call PySys with -XmyPlatform='container'"/>
		<system-out>12:23:19 INFO  ==============================================================
12:23:19 INFO  Id:    apt_fail_noarg
12:23:19 INFO  Dir:   plugin_apt/
12:23:19 INFO  Title: Validate apt plugin fetures(prepare, list, install, remove finalize) without arguments
12:23:19 INFO  ==============================================================
12:23:19 INFO  Testing the apt plugin is not supported on this platform.To run the tests call PySys with -XmyPlatform='container' ... skipped
12:23:19 WARN  Aborted test due to SKIPPED outcome
12:23:19 INFO  
12:23:19 INFO  Test duration: 0.05 secs
12:23:19 INFO  Test final outcome:  SKIPPED
12:23:19 INFO  Test outcome reason: Testing the apt plugin is not supported on this platform.To run the tests call PySys with -XmyPlatform='container'
12:23:19 INFO  
</system-out>
	</testcase>
</testsuite>
