<?xml version="1.0" encoding="utf-8"?>
<testsuite failures="0" name="monitoring_with_collectd" skipped="1" tests="1" time="0.04" timestamp="2022-04-27T13:08:25">
	<testcase classname="MonitoringWithCollectd" name="monitoring_with_collectd">
		<skipped message="SKIPPED: Test execution disabled due to #792 (instable)"/>
		<system-out>13:08:25 INFO  ==============================================================
13:08:25 INFO  Id:    monitoring_with_collectd
13:08:25 INFO  Dir:   monitoring/
13:08:25 INFO  Title: Validate tedge dm agent messages that are produced by batching the collectd messages
13:08:25 INFO  ==============================================================
13:08:25 INFO  Test execution disabled due to #792 (instable) ... skipped
13:08:25 INFO  
13:08:25 INFO  Test duration: 0.04 secs
13:08:25 INFO  Test final outcome:  SKIPPED
13:08:25 INFO  Test outcome reason: Test execution disabled due to #792 (instable)
13:08:25 INFO  
</system-out>
	</testcase>
</testsuite>
