<?xml version="1.0" encoding="utf-8"?>
<testsuite failures="0" name="mqtt_port_change_connection_works" skipped="1" tests="1" time="0.02" timestamp="2022-04-27T17:29:37">
	<testcase classname="MqttPortChangeConnectionWorks" name="mqtt_port_change_connection_works">
		<skipped message="SKIPPED: failing intermitently"/>
		<system-out>17:29:37 INFO  ==============================================================
17:29:37 INFO  Id:    mqtt_port_change_connection_works
17:29:37 INFO  Dir:   misc_features/
17:29:37 INFO  Title: mqtt port change connection works for all the thin-edge services that use the mosquitto broker
17:29:37 INFO  ==============================================================
17:29:37 INFO  failing intermitently ... skipped
17:29:37 INFO  
17:29:37 INFO  Test duration: 0.02 secs
17:29:37 INFO  Test final outcome:  SKIPPED
17:29:37 INFO  Test outcome reason: failing intermitently
17:29:37 INFO  
</system-out>
	</testcase>
</testsuite>
