<?xml version="1.0" encoding="utf-8"?>
<testsuite failures="0" name="smoketest_smartrest" skipped="0" tests="1" time="47.49" timestamp="2022-05-03T08:59:02">
	<testcase classname="SmoketestSmartRest" name="smoketest_smartrest"/>
</testsuite>
