<?xml version="1.0" encoding="utf-8"?>
<testsuite failures="1" name="smoketest_json" skipped="0" tests="1" time="2.5" timestamp="2022-04-27T10:30:04">
	<testcase classname="SmokeTestJson" name="smoketest_json">
		<failure message="BLOCKED: sudo&lt;tedge_connect_c8y&gt; returned non-zero exit code 1" type="BLOCKED"/>
		<system-out>10:30:02 INFO  ==============================================================
10:30:02 INFO  Id:    smoketest_json
10:30:02 INFO  Dir:   smoketests/
10:30:02 INFO  Title: Smoke Test Json
10:30:02 INFO  ==============================================================
10:30:02 INFO  EnvironmentC8y Setup
10:30:02 INFO  Executed systemctl&lt;serv_mapper1&gt;, exit status 3
10:30:03 WARN  Executed sudo&lt;tedge_connect_c8y&gt;, exit status 1
10:30:03 INFO  Contents of tedge_connect_c8y.err: 
  Error: failed to connect Cumulocity cloud.
  Caused by:
      A value for `c8y.url` is missing.
          A value can be set with `tedge config set c8y.url &lt;value&gt;`
  -----

10:30:03 WARN  sudo&lt;tedge_connect_c8y&gt; returned non-zero exit code 1 ... blocked 
10:30:03 WARN  Aborted test due to BLOCKED outcome
10:30:03 INFO  
10:30:03 INFO  cleanup:
10:30:04 INFO  Executed sudo&lt;tedge_disconnect_c8y&gt;, exit status 0
10:30:04 INFO  Executed systemctl&lt;serv_mapper5&gt;, exit status 3
10:30:04 INFO  
10:30:04 INFO  Test duration: 2.50 secs
10:30:04 INFO  Test final outcome:  BLOCKED
10:30:04 INFO  Test outcome reason: sudo&lt;tedge_connect_c8y&gt; returned non-zero exit code 1
10:30:04 INFO  
</system-out>
	</testcase>
</testsuite>
