<?xml version="1.0" encoding="utf-8"?>
<testsuite failures="1" name="runtime_start_two_mappers" skipped="0" tests="1" time="1.74" timestamp="2022-05-06T13:24:56">
	<testcase classname="RuntimeMultiMappers" name="runtime_start_two_mappers">
		<failure message="FAILED: Grep on tedge_mapper2.err contains &quot;Error: Couldn't acquire file lock.&quot;" type="FAILED"/>
		<system-out>13:24:54 INFO  ==============================================================
13:24:54 INFO  Id:    runtime_start_two_mappers
13:24:54 INFO  Dir:   tedge_mapper_c8y/
13:24:54 INFO  Title: Validate two mappers can't be started at the same time
13:24:54 INFO  ==============================================================
13:24:55 INFO  Executed sudo&lt;tedge_mapper1&gt;, exit status 0
13:24:55 INFO  Waiting for 0.1 seconds
13:24:55 INFO  Executed sudo&lt;tedge_mapper2&gt;, exit status 1
13:24:56 INFO  Executed sudo&lt;tedge_mapper1&gt;, exit status 0
13:24:56 WARN  Grep on tedge_mapper2.err contains &quot;Error: Couldn't acquire file lock.&quot; ... failed [run.py:46]
13:24:56 INFO  
13:24:56 INFO  Test duration: 1.74 secs
13:24:56 INFO  Test final outcome:  FAILED
13:24:56 INFO  Test outcome reason: Grep on tedge_mapper2.err contains &quot;Error: Couldn't acquire file lock.&quot;
13:24:56 INFO  
</system-out>
	</testcase>
</testsuite>
