<?xml version="1.0" encoding="utf-8"?>
<testsuite failures="1" name="local_mqtt_pub_sub_retain" skipped="0" tests="1" time="6.18" timestamp="2022-05-03T14:07:30">
	<testcase classname="MqttPublishWithRetain" name="local_mqtt_pub_sub_retain">
		<failure message="FAILED: Grep on temp_sensor_sub.out contains &quot;\[test/alarms/temp_sensor\] alarm msg 2&quot; (+1 other failures)" type="FAILED"/>
		<system-out>14:07:23 INFO  ==============================================================
14:07:23 INFO  Id:    local_mqtt_pub_sub_retain
14:07:23 INFO  Dir:   local_mqtt/
14:07:23 INFO  Title: Validate local publishing with retain flag
14:07:23 INFO  ==============================================================
14:07:24 INFO  Executed tedge&lt;pub_to_set_alarm&gt;, exit status 0
14:07:24 INFO  Executed tedge&lt;pub_to_set_alarm&gt;, exit status 0
14:07:25 INFO  Started tedge&lt;temp_sensor_sub&gt; with process id 5246
14:07:26 INFO  Executed tedge&lt;pub_to_clear_alarm&gt;, exit status 0
14:07:27 INFO  Executed sudo&lt;kill_out&gt;, exit status 0
14:07:28 INFO  Executed tedge&lt;pub_to_clear_alarm&gt;, exit status 0
14:07:28 INFO  Started tedge&lt;temp_sensor_empty_message&gt; with process id 5251
14:07:29 INFO  Executed sudo&lt;kill_out&gt;, exit status 0
14:07:30 WARN  Grep on temp_sensor_sub.out contains &quot;\[test/alarms/temp_sensor\] alarm msg 2&quot; ... failed [run.py:139]
14:07:30 WARN  Grep on temp_sensor_sub.out contains &quot;\[test/alarms/temp_sensor\] &quot; ... failed [run.py:142]
14:07:30 INFO  Grep on file temp_sensor_empty_message.out ... passed
14:07:30 INFO  
14:07:30 INFO  Test duration: 6.18 secs
14:07:30 INFO  Test final outcome:  FAILED
14:07:30 INFO  Test outcome reason: Grep on temp_sensor_sub.out contains &quot;\[test/alarms/temp_sensor\] alarm msg 2&quot; (+1 other failures)
14:07:30 INFO  
</system-out>
	</testcase>
</testsuite>
