<?xml version="1.0" encoding="utf-8"?>
<testsuite failures="0" name="apt_install_local_file_with_version" skipped="1" tests="1" time="0.03" timestamp="2022-05-13T15:01:09">
	<testcase classname="AptPluginInstallFromLocalFileWithVersion" name="apt_install_local_file_with_version">
		<skipped message="SKIPPED: Testing the apt plugin is not supported on this platform.To run the tests call PySys with -XmyPlatform='container'"/>
		<system-out>15:01:09 INFO  ==============================================================
15:01:09 INFO  Id:    apt_install_local_file_with_version
15:01:09 INFO  Dir:   plugin_apt/
15:01:09 INFO  Title: Validate apt plugin install from local file AND with a version - SUCCESS case
15:01:09 INFO  ==============================================================
15:01:09 INFO  Testing the apt plugin is not supported on this platform.To run the tests call PySys with -XmyPlatform='container' ... skipped
15:01:09 WARN  Aborted test due to SKIPPED outcome
15:01:09 INFO  
15:01:09 INFO  Test duration: 0.03 secs
15:01:09 INFO  Test final outcome:  SKIPPED
15:01:09 INFO  Test outcome reason: Testing the apt plugin is not supported on this platform.To run the tests call PySys with -XmyPlatform='container'
15:01:09 INFO  
</system-out>
	</testcase>
</testsuite>
