<?xml version="1.0" encoding="utf-8"?>
<testsuite failures="1" name="mapper_awaits_before_reconnect" skipped="0" tests="1" time="7.47" timestamp="2022-04-27T10:31:21">
	<testcase classname="MapperReconnectAwait" name="mapper_awaits_before_reconnect">
		<failure message="FAILED: Line count on tedge_mapper_journal.out for &quot;::mapper: MQTT connection error:&quot; expected &gt;=2 but got 0" type="FAILED"/>
		<system-out>10:31:14 INFO  ==============================================================
10:31:14 INFO  Id:    mapper_awaits_before_reconnect
10:31:14 INFO  Dir:   tedge_mapper_c8y/
10:31:14 INFO  Title: Validate mapper doesn't reconnect too often
10:31:14 INFO  ==============================================================
10:31:14 INFO  Started mosquitto_sub with process id 12382
10:31:14 INFO  Waiting for 0.1 seconds
10:31:14 INFO  Executed sudo&lt;tedge_mapper&gt;, exit status 0
10:31:14 INFO  Waiting for 5.0 seconds
10:31:20 INFO  Executed sudo&lt;tedge_mapper&gt;, exit status 0
10:31:21 INFO  Executed sudo&lt;tedge_mapper_journal&gt;, exit status 0
10:31:21 WARN  Grep on tedge_mapper_journal.out contains &quot;ERROR&quot; ... failed [run.py:67]
10:31:21 INFO  Line count on file tedge_mapper_journal.out ... passed
10:31:21 WARN  Line count on tedge_mapper_journal.out for &quot;::mapper: MQTT connection error:&quot; expected &gt;=2 but got 0 ... failed [run.py:78]
10:31:21 WARN  Aborted test due to FAILED outcome
10:31:21 INFO  
10:31:21 INFO  Test duration: 7.47 secs
10:31:21 INFO  Test final outcome:  FAILED
10:31:21 INFO  Test outcome reason: Line count on tedge_mapper_journal.out for &quot;::mapper: MQTT connection error:&quot; expected &gt;=2 but got 0
10:31:21 INFO  
</system-out>
	</testcase>
</testsuite>
