<?xml version="1.0" encoding="utf-8"?>
<testsuite failures="0" name="apt_sequence_remove" skipped="1" tests="1" time="0.02" timestamp="2022-05-06T13:12:07">
	<testcase classname="AptPluginInstallPrepareRemoveFinalize" name="apt_sequence_remove">
		<skipped message="SKIPPED: Testing the apt plugin is not supported on this platform.To run the tests call PySys with -XmyPlatform='container'"/>
		<system-out>13:12:07 INFO  ==============================================================
13:12:07 INFO  Id:    apt_sequence_remove
13:12:07 INFO  Dir:   plugin_apt/
13:12:07 INFO  Title: Validate apt plugin prepare install remove finalize use case
13:12:07 INFO  ==============================================================
13:12:07 INFO  Testing the apt plugin is not supported on this platform.To run the tests call PySys with -XmyPlatform='container' ... skipped
13:12:07 WARN  Aborted test due to SKIPPED outcome
13:12:07 INFO  
13:12:07 INFO  Test duration: 0.02 secs
13:12:07 INFO  Test final outcome:  SKIPPED
13:12:07 INFO  Test outcome reason: Testing the apt plugin is not supported on this platform.To run the tests call PySys with -XmyPlatform='container'
13:12:07 INFO  
</system-out>
	</testcase>
</testsuite>
