<?xml version="1.0" encoding="utf-8"?>
<testsuite failures="1" name="tedge_mapper_c8y_packet_threshold_size" skipped="0" tests="1" time="3.07" timestamp="2022-04-27T08:52:22">
	<testcase classname="TedgeMapperC8yThresholdPacketSize" name="tedge_mapper_c8y_packet_threshold_size">
		<failure message="FAILED: Grep on tedge_sub.out contains &quot;The size of the message received on tedge/measurements is 20489 which is greater than the threshold size of 16184.&quot;" type="FAILED"/>
		<system-out>08:52:19 INFO  ==============================================================
08:52:19 INFO  Id:    tedge_mapper_c8y_packet_threshold_size
08:52:19 INFO  Dir:   tedge_mapper_c8y/
08:52:19 INFO  Title: Validate the Cumulocity Mapper accepted threshold packet size when it receives a message on tedge/measurements
08:52:19 INFO  ==============================================================
08:52:19 INFO  Executed sudo&lt;tedge_mapper_c8y&gt;, exit status 0
08:52:19 INFO  Started sudo&lt;tedge_sub&gt; with process id 18326
08:52:20 INFO  Executed sudo&lt;tedge_msg&gt;, exit status 0
08:52:20 INFO  Executed sudo&lt;tedge_pub&gt;, exit status 0
08:52:21 INFO  Executed sudo&lt;kill_out&gt;, exit status 0
08:52:21 WARN  Grep on tedge_sub.out contains &quot;The size of the message received on tedge/measurements is 20489 which is greater than the threshold size of 16184.&quot; ... failed [run.py:88]
08:52:21 INFO  
08:52:21 INFO  cleanup:
08:52:21 INFO  mapper_cleanup
08:52:22 INFO  Executed sudo&lt;tedge_mapper_c8y&gt;, exit status 0
08:52:22 INFO  
08:52:22 INFO  Test duration: 3.07 secs
08:52:22 INFO  Test final outcome:  FAILED
08:52:22 INFO  Test outcome reason: Grep on tedge_sub.out contains &quot;The size of the message received on tedge/measurements is 20489 which is greater than the threshold size of 16184.&quot;
08:52:22 INFO  
</system-out>
	</testcase>
</testsuite>
