<?xml version="1.0" encoding="utf-8"?>
<testsuite failures="1" name="monitoring_smaller_interval" skipped="0" tests="1" time="15.25" timestamp="2022-05-13T15:01:04">
	<testcase classname="MonitoringSmallInterval" name="monitoring_smaller_interval">
		<failure message="BLOCKED: TypeError: 'int' object is not subscriptable" type="BLOCKED"/>
		<system-out>15:00:49 INFO  ==============================================================
15:00:49 INFO  Id:    monitoring_smaller_interval
15:00:49 INFO  Dir:   monitoring/
15:00:49 INFO  Title: Validate the tedge dm agent messages that are produced with smaller sampling interval than the batching window. Here the simulated collectd messages are used
15:00:49 INFO  ==============================================================
15:00:49 INFO  Executed sudo&lt;collectd&gt;, exit status 0
15:00:50 INFO  Executed sudo&lt;collectd_mapper&gt;, exit status 0
15:00:50 INFO  Started sudo&lt;tedge_sub&gt; with process id 7062
15:00:51 INFO  Executed sudo&lt;tedge_temp&gt;, exit status 0
15:00:51 INFO  Executed sudo&lt;tedge_pres&gt;, exit status 0
15:00:52 INFO  Executed sudo&lt;tedge_temp&gt;, exit status 0
15:00:52 INFO  Executed sudo&lt;tedge_pres&gt;, exit status 0
15:00:53 INFO  Executed sudo&lt;tedge_temp&gt;, exit status 0
15:00:54 INFO  Executed sudo&lt;tedge_pres&gt;, exit status 0
15:00:54 INFO  Executed sudo&lt;tedge_temp&gt;, exit status 0
15:00:55 INFO  Executed sudo&lt;tedge_pres&gt;, exit status 0
15:00:55 INFO  Executed sudo&lt;tedge_temp&gt;, exit status 0
15:00:56 INFO  Executed sudo&lt;tedge_pres&gt;, exit status 0
15:00:56 INFO  Executed sudo&lt;tedge_temp&gt;, exit status 0
15:00:57 INFO  Executed sudo&lt;tedge_pres&gt;, exit status 0
15:00:58 INFO  Executed sudo&lt;tedge_temp&gt;, exit status 0
15:00:58 INFO  Executed sudo&lt;tedge_pres&gt;, exit status 0
15:00:59 INFO  Executed sudo&lt;tedge_temp&gt;, exit status 0
15:00:59 INFO  Executed sudo&lt;tedge_pres&gt;, exit status 0
15:01:00 INFO  Executed sudo&lt;tedge_temp&gt;, exit status 0
15:01:01 INFO  Executed sudo&lt;tedge_pres&gt;, exit status 0
15:01:01 INFO  Executed sudo&lt;tedge_temp&gt;, exit status 0
15:01:02 INFO  Executed sudo&lt;tedge_pres&gt;, exit status 0
15:01:03 INFO  Executed sudo&lt;kill_out&gt;, exit status 0
15:01:03 INFO  0

15:01:03 WARN  TypeError occurred while running test - 'int' object is not subscriptable
Traceback (most recent call last):
  File &quot;/home/pi/env-pysys/lib/python3.7/site-packages/pysys/baserunner.py&quot;, line 1296, in __call__
    self.testObj.validate()
  File &quot;/home/pi/actions-runner/_work/thin-edge.io/thin-edge.io/tests/PySys/monitoring/monitoring_smaller_interval/run.py&quot;, line 104, in validate
    collectd_msg_validation_result=self.validate_json(),
  File &quot;/home/pi/actions-runner/_work/thin-edge.io/thin-edge.io/tests/PySys/monitoring/monitoring_smaller_interval/run.py&quot;, line 114, in validate_json
    if not self.validate_time():
  File &quot;/home/pi/actions-runner/_work/thin-edge.io/thin-edge.io/tests/PySys/monitoring/monitoring_smaller_interval/run.py&quot;, line 134, in validate_time
    if self.js_msg[&quot;time&quot;]:
TypeError: 'int' object is not subscriptable
15:01:03 WARN  TypeError: 'int' object is not subscriptable ... blocked 
15:01:03 INFO  
15:01:03 INFO  cleanup:
15:01:03 INFO  monitoring_cleanup
15:01:04 INFO  Executed sudo&lt;collectd_mapper&gt;, exit status 0
15:01:04 INFO  
15:01:04 INFO  Test duration: 15.25 secs
15:01:04 INFO  Test final outcome:  BLOCKED
15:01:04 INFO  Test outcome reason: TypeError: 'int' object is not subscriptable
15:01:04 INFO  
</system-out>
	</testcase>
</testsuite>
