<?xml version="1.0" encoding="utf-8"?>
<testsuite failures="0" name="SoftwareManagement.sm_mixed_install_remove_multiple" skipped="1" tests="1" time="0.03" timestamp="2022-04-25T21:28:10">
	<testcase classname="PySysTest" name="SoftwareManagement.sm_mixed_install_remove_multiple">
		<skipped message="SKIPPED: Testing the fake plugin is not enabled.Use parameter -Xfakeplugin=fakeplugin to enable it"/>
		<system-out>21:28:10 INFO  ==============================================================
21:28:10 INFO  Id:    SoftwareManagement.sm_mixed_install_remove_multiple
21:28:10 INFO  Dir:   software_management_end_to_end/
21:28:10 INFO  Title: Validate end to end behaviour for the dummy-plugin for multiple packages with mixed versions
21:28:10 INFO  ==============================================================
21:28:10 INFO  Testing the fake plugin is not enabled.Use parameter -Xfakeplugin=fakeplugin to enable it ... skipped
21:28:10 WARN  Aborted test due to SKIPPED outcome
21:28:10 INFO  
21:28:10 INFO  Test duration: 0.03 secs
21:28:10 INFO  Test final outcome:  SKIPPED
21:28:10 INFO  Test outcome reason: Testing the fake plugin is not enabled.Use parameter -Xfakeplugin=fakeplugin to enable it
21:28:10 INFO  
</system-out>
	</testcase>
</testsuite>
