<?xml version="1.0" encoding="utf-8"?>
<testsuite failures="1" name="log_request_error_messages" skipped="0" tests="1" time="37.08" timestamp="2022-05-03T08:50:33">
	<testcase classname="LogRequestVerifySearchTextError" name="log_request_error_messages">
		<failure message="FAILED: Assert that (True == value) with value=False" type="FAILED"/>
		<system-out>08:49:56 INFO  ==============================================================
08:49:56 INFO  Id:    log_request_error_messages
08:49:56 INFO  Dir:   log_request_end_to_end/
08:49:56 INFO  Title: Validate end to end behaviour for the log request operation check for error messages
08:49:56 INFO  ==============================================================
08:49:57 INFO  EnvironmentC8y Setup
08:49:58 INFO  Executed systemctl&lt;serv_mapper1&gt;, exit status 3
08:49:58 INFO  Restarting mosquitto too frequently in the last 10 seconds. It was only up for 2 seconds
08:49:58 INFO  Delaying execution by 9 seconds
08:50:21 INFO  Executed sudo&lt;tedge_connect_c8y&gt;, exit status 0, duration 14 secs
08:50:22 INFO  Executed sudo&lt;tedge_connect_c8y_test&gt;, exit status 0
08:50:23 INFO  Executed systemctl&lt;serv_mosq2&gt;, exit status 0
08:50:23 INFO  Executed systemctl&lt;serv_mapper3&gt;, exit status 0
08:50:24 INFO  Executed sudo&lt;rm_logs&gt;, exit status 0
08:50:24 INFO  Executed sudo&lt;move_logs&gt;, exit status 0
08:50:25 INFO  log response None
08:50:25 WARN  retry, retrying in 1 seconds...
08:50:26 INFO  log response https://thin-edge-io.eu-latest.cumulocity.com/event/events/18261381/binaries
08:50:26 WARN  Assert that (True == value) with value=False ... failed [run.py:43]
08:50:26 INFO  
08:50:26 INFO  cleanup:
08:50:27 INFO  Executed sudo&lt;rm_logs&gt;, exit status 0
08:50:27 INFO  Executed sudo&lt;rm_tmp_logs&gt;, exit status 0
08:50:28 INFO  Executed sudo&lt;send_failed&gt;, exit status 0
08:50:32 INFO  Executed sudo&lt;tedge_disconnect_c8y&gt;, exit status 0
08:50:33 INFO  Executed systemctl&lt;serv_mapper5&gt;, exit status 3
08:50:33 INFO  
08:50:33 INFO  Test duration: 37.08 secs
08:50:33 INFO  Test final outcome:  FAILED
08:50:33 INFO  Test outcome reason: Assert that (True == value) with value=False
08:50:33 INFO  
</system-out>
	</testcase>
</testsuite>
