<?xml version="1.0" encoding="utf-8"?>
<testsuite failures="0" name="apt_sequence_install_with_version_fail" skipped="1" tests="1" time="0.02" timestamp="2022-05-04T08:25:00">
	<testcase classname="AptPluginInstallWithVersionFails" name="apt_sequence_install_with_version_fail">
		<skipped message="SKIPPED: Testing the apt plugin is not supported on this platform.To run the tests call PySys with -XmyPlatform='container'"/>
		<system-out>08:25:00 INFO  ==============================================================
08:25:00 INFO  Id:    apt_sequence_install_with_version_fail
08:25:00 INFO  Dir:   plugin_apt/
08:25:00 INFO  Title: Validate apt plugin install with version fails use case
08:25:00 INFO  ==============================================================
08:25:00 INFO  Testing the apt plugin is not supported on this platform.To run the tests call PySys with -XmyPlatform='container' ... skipped
08:25:00 WARN  Aborted test due to SKIPPED outcome
08:25:00 INFO  
08:25:00 INFO  Test duration: 0.02 secs
08:25:00 INFO  Test final outcome:  SKIPPED
08:25:00 INFO  Test outcome reason: Testing the apt plugin is not supported on this platform.To run the tests call PySys with -XmyPlatform='container'
08:25:00 INFO  
</system-out>
	</testcase>
</testsuite>
