<?xml version="1.0" encoding="utf-8"?>
<testsuite failures="0" name="docker_plugin_remove_with_version" skipped="1" tests="1" time="0.02" timestamp="2022-05-09T14:38:22">
	<testcase classname="DockerPluginRemoveWithVersionTest" name="docker_plugin_remove_with_version">
		<skipped message="SKIPPED: Testing the docker plugin is not supported on this platform.To run it, all the test with -XmyPlatform='container'"/>
		<system-out>14:38:22 INFO  ==============================================================
14:38:22 INFO  Id:    docker_plugin_remove_with_version
14:38:22 INFO  Dir:   plugin_docker/
14:38:22 INFO  Title: Validate docker plugin remove with version
14:38:22 INFO  ==============================================================
14:38:22 INFO  Testing the docker plugin is not supported on this platform.To run it, all the test with -XmyPlatform='container' ... skipped
14:38:22 WARN  Aborted test due to SKIPPED outcome
14:38:22 INFO  
14:38:22 INFO  Test duration: 0.02 secs
14:38:22 INFO  Test final outcome:  SKIPPED
14:38:22 INFO  Test outcome reason: Testing the docker plugin is not supported on this platform.To run it, all the test with -XmyPlatform='container'
14:38:22 INFO  
</system-out>
	</testcase>
</testsuite>
