<?xml version="1.0" encoding="utf-8"?>
<testsuite failures="0" name="mqtt_port_set" skipped="0" tests="1" time="21.65" timestamp="2022-05-13T15:00:15">
	<testcase classname="MqttPortSet" name="mqtt_port_set"/>
</testsuite>
