<?xml version="1.0" encoding="utf-8"?>
<testsuite failures="0" name="monitoring_with_collectd" skipped="1" tests="1" time="0.07" timestamp="2022-05-13T15:01:04">
	<testcase classname="MonitoringWithCollectd" name="monitoring_with_collectd">
		<skipped message="SKIPPED: Test execution disabled due to #792 (instable)"/>
		<system-out>15:01:04 INFO  ==============================================================
15:01:04 INFO  Id:    monitoring_with_collectd
15:01:04 INFO  Dir:   monitoring/
15:01:04 INFO  Title: Validate tedge dm agent messages that are produced by batching the collectd messages
15:01:04 INFO  ==============================================================
15:01:04 INFO  Test execution disabled due to #792 (instable) ... skipped
15:01:04 INFO  
15:01:04 INFO  Test duration: 0.07 secs
15:01:04 INFO  Test final outcome:  SKIPPED
15:01:04 INFO  Test outcome reason: Test execution disabled due to #792 (instable)
15:01:04 INFO  
</system-out>
	</testcase>
</testsuite>
