<?xml version="1.0" encoding="utf-8"?>
<testsuite failures="1" name="agent_init_session" skipped="0" tests="1" time="6.09" timestamp="2022-05-09T14:48:54">
	<testcase classname="AgentInitSession" name="agent_init_session">
		<failure message="FAILED: Grep on sub_resp.out contains &quot;Ld3KgqpcLDlrYH6sfpG7w&quot;" type="FAILED"/>
		<system-out>14:48:48 INFO  ==============================================================
14:48:48 INFO  Id:    agent_init_session
14:48:48 INFO  Dir:   tedge_agent/
14:48:48 INFO  Title: Validate tedge agent init session feature
14:48:48 INFO  ==============================================================
14:48:49 INFO  Executed sudo&lt;remove_lock&gt;, exit status 0
14:48:49 INFO  Executed sudo&lt;agent_clear&gt;, exit status 0
14:48:50 INFO  Executed sudo&lt;agent_init&gt;, exit status 0
14:48:51 INFO  Executed sudo&lt;pub_req&gt;, exit status 0
14:48:51 INFO  Started sudo&lt;sub_resp&gt; with process id 22323
14:48:51 INFO  Executed sudo&lt;agent_start&gt;, exit status 0
14:48:51 INFO  Waiting for 2.0 seconds
14:48:54 INFO  Executed sudo&lt;agent_stop&gt;, exit status 0
14:48:54 INFO  Executed sudo&lt;sub_stop&gt;, exit status 0
14:48:54 WARN  Grep on sub_resp.out contains &quot;Ld3KgqpcLDlrYH6sfpG7w&quot; ... failed [run.py:87]
14:48:54 INFO  
14:48:54 INFO  Test duration: 6.09 secs
14:48:54 INFO  Test final outcome:  FAILED
14:48:54 INFO  Test outcome reason: Grep on sub_resp.out contains &quot;Ld3KgqpcLDlrYH6sfpG7w&quot;
14:48:54 INFO  
</system-out>
	</testcase>
</testsuite>
