<?xml version="1.0" encoding="utf-8"?>
<testsuite failures="1" name="c8y_jwt_token_retrieval" skipped="0" tests="1" time="21.73" timestamp="2022-05-04T08:21:34">
	<testcase classname="ValidateJWTTokenRetrieval" name="c8y_jwt_token_retrieval">
		<failure message="FAILED: Grep on resp_jwt.out contains &quot;\[c8y/s/dat\] 71,&quot;" type="FAILED"/>
		<system-out>08:21:12 INFO  ==============================================================
08:21:12 INFO  Id:    c8y_jwt_token_retrieval
08:21:12 INFO  Dir:   cloud_c8y/
08:21:12 INFO  Title: Validate the Cumulocity JWT Token Retrieval feature
08:21:12 INFO  ==============================================================
08:21:13 INFO  Executed sudo&lt;tedge_disconnect_c8y&gt;, exit status 0
08:21:27 INFO  Executed sudo&lt;tedge_connect_c8y&gt;, exit status 0, duration 14 secs
08:21:27 INFO  Started sudo&lt;resp_jwt&gt; with process id 30063
08:21:28 INFO  Executed sudo&lt;req_jwt&gt;, exit status 0
08:21:30 INFO  Executed sudo&lt;kill_out&gt;, exit status 0
08:21:30 WARN  Grep on resp_jwt.out contains &quot;\[c8y/s/dat\] 71,&quot; ... failed [run.py:60]
08:21:30 INFO  
08:21:30 INFO  cleanup:
08:21:34 INFO  Executed sudo&lt;tedge_disconnect_c8y&gt;, exit status 0
08:21:34 INFO  
08:21:34 INFO  Test duration: 21.73 secs
08:21:34 INFO  Test final outcome:  FAILED
08:21:34 INFO  Test outcome reason: Grep on resp_jwt.out contains &quot;\[c8y/s/dat\] 71,&quot;
08:21:34 INFO  
</system-out>
	</testcase>
</testsuite>
