<?xml version="1.0" encoding="utf-8"?>
<testsuite failures="0" name="apt_update_list" skipped="1" tests="1" time="0.02" timestamp="2022-04-28T12:23:23">
	<testcase classname="AptPluginUpdateList" name="apt_update_list">
		<skipped message="SKIPPED: Testing the apt plugin is not supported on this platform.To run the tests call PySys with -XmyPlatform='container'"/>
		<system-out>12:23:23 INFO  ==============================================================
12:23:23 INFO  Id:    apt_update_list
12:23:23 INFO  Dir:   plugin_apt/
12:23:23 INFO  Title: Validate apt plugin update-list command use case
12:23:23 INFO  ==============================================================
12:23:23 INFO  Testing the apt plugin is not supported on this platform.To run the tests call PySys with -XmyPlatform='container' ... skipped
12:23:23 WARN  Aborted test due to SKIPPED outcome
12:23:23 INFO  
12:23:23 INFO  Test duration: 0.02 secs
12:23:23 INFO  Test final outcome:  SKIPPED
12:23:23 INFO  Test outcome reason: Testing the apt plugin is not supported on this platform.To run the tests call PySys with -XmyPlatform='container'
12:23:23 INFO  
</system-out>
	</testcase>
</testsuite>
