<?xml version="1.0" encoding="utf-8"?>
<testsuite failures="1" name="c8y_jwt_token_retrieval" skipped="0" tests="1" time="24.06" timestamp="2022-04-27T13:05:11">
	<testcase classname="ValidateJWTTokenRetrieval" name="c8y_jwt_token_retrieval">
		<failure message="FAILED: Grep on resp_jwt.out contains &quot;\[c8y/s/dat\] 71,&quot;" type="FAILED"/>
		<system-out>13:04:46 INFO  ==============================================================
13:04:46 INFO  Id:    c8y_jwt_token_retrieval
13:04:46 INFO  Dir:   cloud_c8y/
13:04:46 INFO  Title: Validate the Cumulocity JWT Token Retrieval feature
13:04:46 INFO  ==============================================================
13:04:47 INFO  Executed sudo&lt;tedge_disconnect_c8y&gt;, exit status 0
13:05:02 INFO  Executed sudo&lt;tedge_connect_c8y&gt;, exit status 0, duration 14 secs
13:05:02 INFO  Started sudo&lt;resp_jwt&gt; with process id 26374
13:05:04 INFO  Executed sudo&lt;req_jwt&gt;, exit status 0
13:05:06 INFO  Executed sudo&lt;kill_out&gt;, exit status 0
13:05:06 WARN  Grep on resp_jwt.out contains &quot;\[c8y/s/dat\] 71,&quot; ... failed [run.py:60]
13:05:06 INFO  
13:05:06 INFO  cleanup:
13:05:11 INFO  Executed sudo&lt;tedge_disconnect_c8y&gt;, exit status 0
13:05:11 INFO  
13:05:11 INFO  Test duration: 24.06 secs
13:05:11 INFO  Test final outcome:  FAILED
13:05:11 INFO  Test outcome reason: Grep on resp_jwt.out contains &quot;\[c8y/s/dat\] 71,&quot;
13:05:11 INFO  
</system-out>
	</testcase>
</testsuite>
