<?xml version="1.0" encoding="utf-8"?>
<testsuite failures="1" name="log_request_error_messages" skipped="0" tests="1" time="36.71" timestamp="2022-05-04T08:22:31">
	<testcase classname="LogRequestVerifySearchTextError" name="log_request_error_messages">
		<failure message="FAILED: Assert that (True == value) with value=False" type="FAILED"/>
		<system-out>08:21:55 INFO  ==============================================================
08:21:55 INFO  Id:    log_request_error_messages
08:21:55 INFO  Dir:   log_request_end_to_end/
08:21:55 INFO  Title: Validate end to end behaviour for the log request operation check for error messages
08:21:55 INFO  ==============================================================
08:21:56 INFO  EnvironmentC8y Setup
08:21:56 INFO  Executed systemctl&lt;serv_mapper1&gt;, exit status 3
08:21:57 INFO  Restarting mosquitto too frequently in the last 10 seconds. It was only up for 2 seconds
08:21:57 INFO  Delaying execution by 9 seconds
08:22:19 INFO  Executed sudo&lt;tedge_connect_c8y&gt;, exit status 0, duration 13 secs
08:22:20 INFO  Executed sudo&lt;tedge_connect_c8y_test&gt;, exit status 0
08:22:21 INFO  Executed systemctl&lt;serv_mosq2&gt;, exit status 0
08:22:21 INFO  Executed systemctl&lt;serv_mapper3&gt;, exit status 0
08:22:21 INFO  Executed sudo&lt;rm_logs&gt;, exit status 0
08:22:22 INFO  Executed sudo&lt;move_logs&gt;, exit status 0
08:22:23 INFO  log response None
08:22:23 WARN  retry, retrying in 1 seconds...
08:22:24 INFO  log response https://thin-edge-io.eu-latest.cumulocity.com/event/events/18359004/binaries
08:22:25 WARN  Assert that (True == value) with value=False ... failed [run.py:43]
08:22:25 INFO  
08:22:25 INFO  cleanup:
08:22:25 INFO  Executed sudo&lt;rm_logs&gt;, exit status 0
08:22:26 INFO  Executed sudo&lt;rm_tmp_logs&gt;, exit status 0
08:22:26 INFO  Executed sudo&lt;send_failed&gt;, exit status 0
08:22:31 INFO  Executed sudo&lt;tedge_disconnect_c8y&gt;, exit status 0
08:22:31 INFO  Executed systemctl&lt;serv_mapper5&gt;, exit status 3
08:22:31 INFO  
08:22:31 INFO  Test duration: 36.71 secs
08:22:31 INFO  Test final outcome:  FAILED
08:22:31 INFO  Test outcome reason: Assert that (True == value) with value=False
08:22:31 INFO  
</system-out>
	</testcase>
</testsuite>
