<?xml version="1.0" encoding="utf-8"?>
<testsuite failures="0" name="call_tedge_-h_-V" skipped="0" tests="1" time="0.73" timestamp="2022-04-27T13:19:50">
	<testcase classname="PySysTest" name="call_tedge_-h_-V"/>
</testsuite>
