<?xml version="1.0" encoding="utf-8"?>
<testsuite failures="0" name="docker_plugin_remove_with_version" skipped="1" tests="1" time="0.04" timestamp="2022-04-27T17:30:56">
	<testcase classname="DockerPluginRemoveWithVersionTest" name="docker_plugin_remove_with_version">
		<skipped message="SKIPPED: Testing the docker plugin is not supported on this platform.To run it, all the test with -XmyPlatform='container'"/>
		<system-out>17:30:56 INFO  ==============================================================
17:30:56 INFO  Id:    docker_plugin_remove_with_version
17:30:56 INFO  Dir:   plugin_docker/
17:30:56 INFO  Title: Validate docker plugin remove with version
17:30:56 INFO  ==============================================================
17:30:56 INFO  Testing the docker plugin is not supported on this platform.To run it, all the test with -XmyPlatform='container' ... skipped
17:30:56 WARN  Aborted test due to SKIPPED outcome
17:30:56 INFO  
17:30:56 INFO  Test duration: 0.04 secs
17:30:56 INFO  Test final outcome:  SKIPPED
17:30:56 INFO  Test outcome reason: Testing the docker plugin is not supported on this platform.To run it, all the test with -XmyPlatform='container'
17:30:56 INFO  
</system-out>
	</testcase>
</testsuite>
