<?xml version="1.0" encoding="utf-8"?>
<testsuite failures="1" name="runtime_start_two_mappers" skipped="0" tests="1" time="1.91" timestamp="2022-04-27T17:45:17">
	<testcase classname="RuntimeMultiMappers" name="runtime_start_two_mappers">
		<failure message="FAILED: Grep on tedge_mapper2.err contains &quot;Error: Couldn't acquire file lock.&quot;" type="FAILED"/>
		<system-out>17:45:15 INFO  ==============================================================
17:45:15 INFO  Id:    runtime_start_two_mappers
17:45:15 INFO  Dir:   tedge_mapper_c8y/
17:45:15 INFO  Title: Validate two mappers can't be started at the same time
17:45:15 INFO  ==============================================================
17:45:16 INFO  Executed sudo&lt;tedge_mapper1&gt;, exit status 0
17:45:16 INFO  Waiting for 0.1 seconds
17:45:17 INFO  Executed sudo&lt;tedge_mapper2&gt;, exit status 1
17:45:17 INFO  Executed sudo&lt;tedge_mapper1&gt;, exit status 0
17:45:17 WARN  Grep on tedge_mapper2.err contains &quot;Error: Couldn't acquire file lock.&quot; ... failed [run.py:46]
17:45:17 INFO  
17:45:17 INFO  Test duration: 1.91 secs
17:45:17 INFO  Test final outcome:  FAILED
17:45:17 INFO  Test outcome reason: Grep on tedge_mapper2.err contains &quot;Error: Couldn't acquire file lock.&quot;
17:45:17 INFO  
</system-out>
	</testcase>
</testsuite>
