<?xml version="1.0" encoding="utf-8"?>
<testsuite failures="0" name="apt_update_list" skipped="1" tests="1" time="0.02" timestamp="2022-05-09T14:38:22">
	<testcase classname="AptPluginUpdateList" name="apt_update_list">
		<skipped message="SKIPPED: Testing the apt plugin is not supported on this platform.To run the tests call PySys with -XmyPlatform='container'"/>
		<system-out>14:38:22 INFO  ==============================================================
14:38:22 INFO  Id:    apt_update_list
14:38:22 INFO  Dir:   plugin_apt/
14:38:22 INFO  Title: Validate apt plugin update-list command use case
14:38:22 INFO  ==============================================================
14:38:22 INFO  Testing the apt plugin is not supported on this platform.To run the tests call PySys with -XmyPlatform='container' ... skipped
14:38:22 WARN  Aborted test due to SKIPPED outcome
14:38:22 INFO  
14:38:22 INFO  Test duration: 0.02 secs
14:38:22 INFO  Test final outcome:  SKIPPED
14:38:22 INFO  Test outcome reason: Testing the apt plugin is not supported on this platform.To run the tests call PySys with -XmyPlatform='container'
14:38:22 INFO  
</system-out>
	</testcase>
</testsuite>
