<?xml version="1.0" encoding="utf-8"?>
<testsuite failures="0" name="apt_prepare" skipped="1" tests="1" time="0.02" timestamp="2022-04-28T08:19:14">
	<testcase classname="AptPluginPrepare" name="apt_prepare">
		<skipped message="SKIPPED: Testing the apt plugin is not supported on this platform.To run the tests call PySys with -XmyPlatform='container'"/>
		<system-out>08:19:14 INFO  ==============================================================
08:19:14 INFO  Id:    apt_prepare
08:19:14 INFO  Dir:   plugin_apt/
08:19:14 INFO  Title: Validate apt plugin install - dense version
08:19:14 INFO  ==============================================================
08:19:14 INFO  Testing the apt plugin is not supported on this platform.To run the tests call PySys with -XmyPlatform='container' ... skipped
08:19:14 WARN  Aborted test due to SKIPPED outcome
08:19:14 INFO  
08:19:14 INFO  Test duration: 0.02 secs
08:19:14 INFO  Test final outcome:  SKIPPED
08:19:14 INFO  Test outcome reason: Testing the apt plugin is not supported on this platform.To run the tests call PySys with -XmyPlatform='container'
08:19:14 INFO  
</system-out>
	</testcase>
</testsuite>
