<?xml version="1.0" encoding="utf-8"?>
<testsuite failures="1" name="c8y_jwt_token_retrieval" skipped="0" tests="1" time="23.55" timestamp="2022-04-28T10:58:53">
	<testcase classname="ValidateJWTTokenRetrieval" name="c8y_jwt_token_retrieval">
		<failure message="FAILED: Grep on resp_jwt.out contains &quot;\[c8y/s/dat\] 71,&quot;" type="FAILED"/>
		<system-out>10:58:29 INFO  ==============================================================
10:58:29 INFO  Id:    c8y_jwt_token_retrieval
10:58:29 INFO  Dir:   cloud_c8y/
10:58:29 INFO  Title: Validate the Cumulocity JWT Token Retrieval feature
10:58:29 INFO  ==============================================================
10:58:30 INFO  Executed sudo&lt;tedge_disconnect_c8y&gt;, exit status 0
10:58:45 INFO  Executed sudo&lt;tedge_connect_c8y&gt;, exit status 0, duration 14 secs
10:58:45 INFO  Started sudo&lt;resp_jwt&gt; with process id 14681
10:58:46 INFO  Executed sudo&lt;req_jwt&gt;, exit status 0
10:58:48 INFO  Executed sudo&lt;kill_out&gt;, exit status 0
10:58:48 WARN  Grep on resp_jwt.out contains &quot;\[c8y/s/dat\] 71,&quot; ... failed [run.py:60]
10:58:48 INFO  
10:58:48 INFO  cleanup:
10:58:53 INFO  Executed sudo&lt;tedge_disconnect_c8y&gt;, exit status 0
10:58:53 INFO  
10:58:53 INFO  Test duration: 23.55 secs
10:58:53 INFO  Test final outcome:  FAILED
10:58:53 INFO  Test outcome reason: Grep on resp_jwt.out contains &quot;\[c8y/s/dat\] 71,&quot;
10:58:53 INFO  
</system-out>
	</testcase>
</testsuite>
