<?xml version="1.0" encoding="utf-8"?>
<testsuite failures="1" name="c8y_jwt_token_retrieval" skipped="0" tests="1" time="23.74" timestamp="2022-05-03T08:49:36">
	<testcase classname="ValidateJWTTokenRetrieval" name="c8y_jwt_token_retrieval">
		<failure message="FAILED: Grep on resp_jwt.out contains &quot;\[c8y/s/dat\] 71,&quot;" type="FAILED"/>
		<system-out>08:49:12 INFO  ==============================================================
08:49:12 INFO  Id:    c8y_jwt_token_retrieval
08:49:12 INFO  Dir:   cloud_c8y/
08:49:12 INFO  Title: Validate the Cumulocity JWT Token Retrieval feature
08:49:12 INFO  ==============================================================
08:49:13 INFO  Executed sudo&lt;tedge_disconnect_c8y&gt;, exit status 0
08:49:27 INFO  Executed sudo&lt;tedge_connect_c8y&gt;, exit status 0, duration 14 secs
08:49:27 INFO  Started sudo&lt;resp_jwt&gt; with process id 12372
08:49:29 INFO  Executed sudo&lt;req_jwt&gt;, exit status 0
08:49:31 INFO  Executed sudo&lt;kill_out&gt;, exit status 0
08:49:31 WARN  Grep on resp_jwt.out contains &quot;\[c8y/s/dat\] 71,&quot; ... failed [run.py:60]
08:49:31 INFO  
08:49:31 INFO  cleanup:
08:49:36 INFO  Executed sudo&lt;tedge_disconnect_c8y&gt;, exit status 0
08:49:36 INFO  
08:49:36 INFO  Test duration: 23.74 secs
08:49:36 INFO  Test final outcome:  FAILED
08:49:36 INFO  Test outcome reason: Grep on resp_jwt.out contains &quot;\[c8y/s/dat\] 71,&quot;
08:49:36 INFO  
</system-out>
	</testcase>
</testsuite>
