<?xml version="1.0" encoding="utf-8"?>
<testsuite failures="1" name="monitoring_smaller_interval" skipped="0" tests="1" time="14.79" timestamp="2022-04-28T12:23:14">
	<testcase classname="MonitoringSmallInterval" name="monitoring_smaller_interval">
		<failure message="BLOCKED: TypeError: 'int' object is not subscriptable" type="BLOCKED"/>
		<system-out>12:23:00 INFO  ==============================================================
12:23:00 INFO  Id:    monitoring_smaller_interval
12:23:00 INFO  Dir:   monitoring/
12:23:00 INFO  Title: Validate the tedge dm agent messages that are produced with smaller sampling interval than the batching window. Here the simulated collectd messages are used
12:23:00 INFO  ==============================================================
12:23:00 INFO  Executed sudo&lt;collectd&gt;, exit status 0
12:23:01 INFO  Executed sudo&lt;collectd_mapper&gt;, exit status 0
12:23:01 INFO  Started sudo&lt;tedge_sub&gt; with process id 4932
12:23:01 INFO  Executed sudo&lt;tedge_temp&gt;, exit status 0
12:23:02 INFO  Executed sudo&lt;tedge_pres&gt;, exit status 0
12:23:03 INFO  Executed sudo&lt;tedge_temp&gt;, exit status 0
12:23:03 INFO  Executed sudo&lt;tedge_pres&gt;, exit status 0
12:23:04 INFO  Executed sudo&lt;tedge_temp&gt;, exit status 0
12:23:04 INFO  Executed sudo&lt;tedge_pres&gt;, exit status 0
12:23:05 INFO  Executed sudo&lt;tedge_temp&gt;, exit status 0
12:23:05 INFO  Executed sudo&lt;tedge_pres&gt;, exit status 0
12:23:06 INFO  Executed sudo&lt;tedge_temp&gt;, exit status 0
12:23:07 INFO  Executed sudo&lt;tedge_pres&gt;, exit status 0
12:23:07 INFO  Executed sudo&lt;tedge_temp&gt;, exit status 0
12:23:08 INFO  Executed sudo&lt;tedge_pres&gt;, exit status 0
12:23:08 INFO  Executed sudo&lt;tedge_temp&gt;, exit status 0
12:23:09 INFO  Executed sudo&lt;tedge_pres&gt;, exit status 0
12:23:09 INFO  Executed sudo&lt;tedge_temp&gt;, exit status 0
12:23:10 INFO  Executed sudo&lt;tedge_pres&gt;, exit status 0
12:23:11 INFO  Executed sudo&lt;tedge_temp&gt;, exit status 0
12:23:11 INFO  Executed sudo&lt;tedge_pres&gt;, exit status 0
12:23:12 INFO  Executed sudo&lt;tedge_temp&gt;, exit status 0
12:23:12 INFO  Executed sudo&lt;tedge_pres&gt;, exit status 0
12:23:14 INFO  Executed sudo&lt;kill_out&gt;, exit status 0
12:23:14 INFO  0

12:23:14 WARN  TypeError occurred while running test - 'int' object is not subscriptable
Traceback (most recent call last):
  File &quot;/home/pi/env-pysys/lib/python3.7/site-packages/pysys/baserunner.py&quot;, line 1296, in __call__
    self.testObj.validate()
  File &quot;/home/pi/actions-runner/_work/thin-edge.io/thin-edge.io/tests/PySys/monitoring/monitoring_smaller_interval/run.py&quot;, line 104, in validate
    collectd_msg_validation_result=self.validate_json(),
  File &quot;/home/pi/actions-runner/_work/thin-edge.io/thin-edge.io/tests/PySys/monitoring/monitoring_smaller_interval/run.py&quot;, line 114, in validate_json
    if not self.validate_time():
  File &quot;/home/pi/actions-runner/_work/thin-edge.io/thin-edge.io/tests/PySys/monitoring/monitoring_smaller_interval/run.py&quot;, line 134, in validate_time
    if self.js_msg[&quot;time&quot;]:
TypeError: 'int' object is not subscriptable
12:23:14 WARN  TypeError: 'int' object is not subscriptable ... blocked 
12:23:14 INFO  
12:23:14 INFO  cleanup:
12:23:14 INFO  monitoring_cleanup
12:23:14 INFO  Executed sudo&lt;collectd_mapper&gt;, exit status 0
12:23:14 INFO  
12:23:14 INFO  Test duration: 14.79 secs
12:23:14 INFO  Test final outcome:  BLOCKED
12:23:14 INFO  Test outcome reason: TypeError: 'int' object is not subscriptable
12:23:14 INFO  
</system-out>
	</testcase>
</testsuite>
