<?xml version="1.0" encoding="utf-8"?>
<testsuite failures="0" name="SoftwareManagement.Plugin.apama_plugin_mon_support" skipped="1" tests="1" time="0.03" timestamp="2022-05-13T15:01:09">
	<testcase classname="ApamaPluginMonSupportTest" name="SoftwareManagement.Plugin.apama_plugin_mon_support">
		<skipped message="SKIPPED: Apama plugin tests are disabled by default. Execute `pysys run` with `-XmyPlatform=container` to run these tests"/>
		<system-out>15:01:09 INFO  ==============================================================
15:01:09 INFO  Id:    SoftwareManagement.Plugin.apama_plugin_mon_support
15:01:09 INFO  Dir:   plugin_apama/
15:01:09 INFO  Title: Validate mon file support of apama plugin
15:01:09 INFO  ==============================================================
15:01:09 INFO  Apama plugin tests are disabled by default. Execute `pysys run` with `-XmyPlatform=container` to run these tests ... skipped
15:01:09 WARN  Aborted test due to SKIPPED outcome
15:01:09 INFO  
15:01:09 INFO  Test duration: 0.03 secs
15:01:09 INFO  Test final outcome:  SKIPPED
15:01:09 INFO  Test outcome reason: Apama plugin tests are disabled by default. Execute `pysys run` with `-XmyPlatform=container` to run these tests
15:01:09 INFO  
</system-out>
	</testcase>
</testsuite>
