<?xml version="1.0" encoding="utf-8"?>
<testsuite failures="1" name="monitoring_smaller_interval" skipped="0" tests="1" time="15.04" timestamp="2022-04-28T08:19:05">
	<testcase classname="MonitoringSmallInterval" name="monitoring_smaller_interval">
		<failure message="BLOCKED: TypeError: 'int' object is not subscriptable" type="BLOCKED"/>
		<system-out>08:18:50 INFO  ==============================================================
08:18:50 INFO  Id:    monitoring_smaller_interval
08:18:50 INFO  Dir:   monitoring/
08:18:50 INFO  Title: Validate the tedge dm agent messages that are produced with smaller sampling interval than the batching window. Here the simulated collectd messages are used
08:18:50 INFO  ==============================================================
08:18:51 INFO  Executed sudo&lt;collectd&gt;, exit status 0
08:18:51 INFO  Executed sudo&lt;collectd_mapper&gt;, exit status 0
08:18:51 INFO  Started sudo&lt;tedge_sub&gt; with process id 18432
08:18:52 INFO  Executed sudo&lt;tedge_temp&gt;, exit status 0
08:18:53 INFO  Executed sudo&lt;tedge_pres&gt;, exit status 0
08:18:53 INFO  Executed sudo&lt;tedge_temp&gt;, exit status 0
08:18:54 INFO  Executed sudo&lt;tedge_pres&gt;, exit status 0
08:18:54 INFO  Executed sudo&lt;tedge_temp&gt;, exit status 0
08:18:55 INFO  Executed sudo&lt;tedge_pres&gt;, exit status 0
08:18:55 INFO  Executed sudo&lt;tedge_temp&gt;, exit status 0
08:18:56 INFO  Executed sudo&lt;tedge_pres&gt;, exit status 0
08:18:57 INFO  Executed sudo&lt;tedge_temp&gt;, exit status 0
08:18:57 INFO  Executed sudo&lt;tedge_pres&gt;, exit status 0
08:18:58 INFO  Executed sudo&lt;tedge_temp&gt;, exit status 0
08:18:58 INFO  Executed sudo&lt;tedge_pres&gt;, exit status 0
08:18:59 INFO  Executed sudo&lt;tedge_temp&gt;, exit status 0
08:19:00 INFO  Executed sudo&lt;tedge_pres&gt;, exit status 0
08:19:00 INFO  Executed sudo&lt;tedge_temp&gt;, exit status 0
08:19:01 INFO  Executed sudo&lt;tedge_pres&gt;, exit status 0
08:19:01 INFO  Executed sudo&lt;tedge_temp&gt;, exit status 0
08:19:02 INFO  Executed sudo&lt;tedge_pres&gt;, exit status 0
08:19:03 INFO  Executed sudo&lt;tedge_temp&gt;, exit status 0
08:19:03 INFO  Executed sudo&lt;tedge_pres&gt;, exit status 0
08:19:05 INFO  Executed sudo&lt;kill_out&gt;, exit status 0
08:19:05 INFO  0

08:19:05 WARN  TypeError occurred while running test - 'int' object is not subscriptable
Traceback (most recent call last):
  File &quot;/home/pi/env-pysys/lib/python3.7/site-packages/pysys/baserunner.py&quot;, line 1296, in __call__
    self.testObj.validate()
  File &quot;/home/pi/actions-runner/_work/thin-edge.io/thin-edge.io/tests/PySys/monitoring/monitoring_smaller_interval/run.py&quot;, line 104, in validate
    collectd_msg_validation_result=self.validate_json(),
  File &quot;/home/pi/actions-runner/_work/thin-edge.io/thin-edge.io/tests/PySys/monitoring/monitoring_smaller_interval/run.py&quot;, line 114, in validate_json
    if not self.validate_time():
  File &quot;/home/pi/actions-runner/_work/thin-edge.io/thin-edge.io/tests/PySys/monitoring/monitoring_smaller_interval/run.py&quot;, line 134, in validate_time
    if self.js_msg[&quot;time&quot;]:
TypeError: 'int' object is not subscriptable
08:19:05 WARN  TypeError: 'int' object is not subscriptable ... blocked 
08:19:05 INFO  
08:19:05 INFO  cleanup:
08:19:05 INFO  monitoring_cleanup
08:19:05 INFO  Executed sudo&lt;collectd_mapper&gt;, exit status 0
08:19:05 INFO  
08:19:05 INFO  Test duration: 15.04 secs
08:19:05 INFO  Test final outcome:  BLOCKED
08:19:05 INFO  Test outcome reason: TypeError: 'int' object is not subscriptable
08:19:05 INFO  
</system-out>
	</testcase>
</testsuite>
