<?xml version="1.0" encoding="utf-8"?>
<testsuite failures="0" name="apt_finalize" skipped="1" tests="1" time="0.02" timestamp="2022-04-27T17:30:51">
	<testcase classname="AptPluginFinalize" name="apt_finalize">
		<skipped message="SKIPPED: Testing the apt plugin is not supported on this platform.To run the tests call PySys with -XmyPlatform='container'"/>
		<system-out>17:30:51 INFO  ==============================================================
17:30:51 INFO  Id:    apt_finalize
17:30:51 INFO  Dir:   plugin_apt/
17:30:51 INFO  Title: Validate apt plugin finalize - dense version
17:30:51 INFO  ==============================================================
17:30:51 INFO  Testing the apt plugin is not supported on this platform.To run the tests call PySys with -XmyPlatform='container' ... skipped
17:30:51 WARN  Aborted test due to SKIPPED outcome
17:30:51 INFO  
17:30:51 INFO  Test duration: 0.02 secs
17:30:51 INFO  Test final outcome:  SKIPPED
17:30:51 INFO  Test outcome reason: Testing the apt plugin is not supported on this platform.To run the tests call PySys with -XmyPlatform='container'
17:30:51 INFO  
</system-out>
	</testcase>
</testsuite>
