<?xml version="1.0" encoding="utf-8"?>
<testsuite failures="0" name="SoftwareManagement.Plugin.apama_plugin_remove" skipped="1" tests="1" time="0.03" timestamp="2022-04-24T12:01:51">
	<testcase classname="ApamaPluginRemoveTest" name="SoftwareManagement.Plugin.apama_plugin_remove">
		<skipped message="SKIPPED: Apama plugin tests are disabled by default. Execute `pysys run` with `-XmyPlatform=container` to run these tests"/>
		<system-out>12:01:51 INFO  ==============================================================
12:01:51 INFO  Id:    SoftwareManagement.Plugin.apama_plugin_remove
12:01:51 INFO  Dir:   plugin_apama/
12:01:51 INFO  Title: Validate apama plugin remove
12:01:51 INFO  ==============================================================
12:01:51 INFO  Apama plugin tests are disabled by default. Execute `pysys run` with `-XmyPlatform=container` to run these tests ... skipped
12:01:51 WARN  Aborted test due to SKIPPED outcome
12:01:51 INFO  
12:01:51 INFO  Test duration: 0.03 secs
12:01:51 INFO  Test final outcome:  SKIPPED
12:01:51 INFO  Test outcome reason: Apama plugin tests are disabled by default. Execute `pysys run` with `-XmyPlatform=container` to run these tests
12:01:51 INFO  
</system-out>
	</testcase>
</testsuite>
