<?xml version="1.0" encoding="utf-8"?>
<testsuite failures="1" name="log_request_num_lines" skipped="0" tests="1" time="32.5" timestamp="2022-05-11T11:39:25">
	<testcase classname="LogRequestVerifyNumberOfLines" name="log_request_num_lines">
		<failure message="FAILED: Assert that (True == value) with value=False" type="FAILED"/>
		<system-out>11:38:53 INFO  ==============================================================
11:38:53 INFO  Id:    log_request_num_lines
11:38:53 INFO  Dir:   log_request_end_to_end/
11:38:53 INFO  Title: Validate end to end behaviour for the log request operation check for number of lines
11:38:53 INFO  ==============================================================
11:38:53 INFO  EnvironmentC8y Setup
11:38:53 INFO  Executed systemctl&lt;serv_mapper1&gt;, exit status 3
11:38:54 INFO  Restarting mosquitto too frequently in the last 10 seconds. It was only up for 4 seconds
11:38:54 INFO  Delaying execution by 7 seconds
11:39:15 INFO  Executed sudo&lt;tedge_connect_c8y&gt;, exit status 0, duration 14 secs
11:39:15 INFO  Executed sudo&lt;tedge_connect_c8y_test&gt;, exit status 0
11:39:16 INFO  Executed systemctl&lt;serv_mosq2&gt;, exit status 0
11:39:16 INFO  Executed systemctl&lt;serv_mapper3&gt;, exit status 0
11:39:17 INFO  Executed sudo&lt;rm_logs&gt;, exit status 0
11:39:17 INFO  Executed sudo&lt;move_logs&gt;, exit status 0
11:39:18 INFO  log response None
11:39:18 WARN  retry, retrying in 1 seconds...
11:39:19 INFO  log response https://thin-edge-io.eu-latest.cumulocity.com/event/events/18826239/binaries
11:39:19 INFO  nlines 0
11:39:19 WARN  Assert that (True == value) with value=False ... failed [run.py:44]
11:39:19 INFO  
11:39:19 INFO  cleanup:
11:39:20 INFO  Executed sudo&lt;rm_logs&gt;, exit status 0
11:39:20 INFO  Executed sudo&lt;rm_tmp_logs&gt;, exit status 0
11:39:21 INFO  Executed sudo&lt;send_failed&gt;, exit status 0
11:39:25 INFO  Executed sudo&lt;tedge_disconnect_c8y&gt;, exit status 0
11:39:25 INFO  Executed systemctl&lt;serv_mapper5&gt;, exit status 3
11:39:25 INFO  
11:39:25 INFO  Test duration: 32.50 secs
11:39:25 INFO  Test final outcome:  FAILED
11:39:25 INFO  Test outcome reason: Assert that (True == value) with value=False
11:39:25 INFO  
</system-out>
	</testcase>
</testsuite>
