<?xml version="1.0" encoding="utf-8"?>
<testsuite failures="1" name="log_request_error_messages" skipped="0" tests="1" time="36.25" timestamp="2022-04-28T10:59:49">
	<testcase classname="LogRequestVerifySearchTextError" name="log_request_error_messages">
		<failure message="FAILED: Assert that (True == value) with value=False" type="FAILED"/>
		<system-out>10:59:12 INFO  ==============================================================
10:59:12 INFO  Id:    log_request_error_messages
10:59:12 INFO  Dir:   log_request_end_to_end/
10:59:12 INFO  Title: Validate end to end behaviour for the log request operation check for error messages
10:59:12 INFO  ==============================================================
10:59:14 INFO  EnvironmentC8y Setup
10:59:14 INFO  Executed systemctl&lt;serv_mapper1&gt;, exit status 3
10:59:14 INFO  Restarting mosquitto too frequently in the last 10 seconds. It was only up for 2 seconds
10:59:14 INFO  Delaying execution by 9 seconds
10:59:37 INFO  Executed sudo&lt;tedge_connect_c8y&gt;, exit status 0, duration 13 secs
10:59:38 INFO  Executed sudo&lt;tedge_connect_c8y_test&gt;, exit status 0
10:59:38 INFO  Executed systemctl&lt;serv_mosq2&gt;, exit status 0
10:59:39 INFO  Executed systemctl&lt;serv_mapper3&gt;, exit status 0
10:59:40 INFO  Executed sudo&lt;rm_logs&gt;, exit status 0
10:59:40 INFO  Executed sudo&lt;move_logs&gt;, exit status 0
10:59:41 INFO  log response None
10:59:41 WARN  retry, retrying in 1 seconds...
10:59:42 INFO  log response https://thin-edge-io.eu-latest.cumulocity.com/event/events/17885600/binaries
10:59:43 WARN  Assert that (True == value) with value=False ... failed [run.py:43]
10:59:43 INFO  
10:59:43 INFO  cleanup:
10:59:43 INFO  Executed sudo&lt;rm_logs&gt;, exit status 0
10:59:44 INFO  Executed sudo&lt;rm_tmp_logs&gt;, exit status 0
10:59:44 INFO  Executed sudo&lt;send_failed&gt;, exit status 0
10:59:48 INFO  Executed sudo&lt;tedge_disconnect_c8y&gt;, exit status 0
10:59:49 INFO  Executed systemctl&lt;serv_mapper5&gt;, exit status 3
10:59:49 INFO  
10:59:49 INFO  Test duration: 36.25 secs
10:59:49 INFO  Test final outcome:  FAILED
10:59:49 INFO  Test outcome reason: Assert that (True == value) with value=False
10:59:49 INFO  
</system-out>
	</testcase>
</testsuite>
