<?xml version="1.0" encoding="utf-8"?>
<testsuite failures="1" name="tedge_mapper_c8y_packet_threshold_size" skipped="0" tests="1" time="3.09" timestamp="2022-04-27T10:31:32">
	<testcase classname="TedgeMapperC8yThresholdPacketSize" name="tedge_mapper_c8y_packet_threshold_size">
		<failure message="FAILED: Grep on tedge_sub.out contains &quot;The size of the message received on tedge/measurements is 20489 which is greater than the threshold size of 16184.&quot;" type="FAILED"/>
		<system-out>10:31:29 INFO  ==============================================================
10:31:29 INFO  Id:    tedge_mapper_c8y_packet_threshold_size
10:31:29 INFO  Dir:   tedge_mapper_c8y/
10:31:29 INFO  Title: Validate the Cumulocity Mapper accepted threshold packet size when it receives a message on tedge/measurements
10:31:29 INFO  ==============================================================
10:31:30 INFO  Executed sudo&lt;tedge_mapper_c8y&gt;, exit status 0
10:31:30 INFO  Started sudo&lt;tedge_sub&gt; with process id 12462
10:31:30 INFO  Executed sudo&lt;tedge_msg&gt;, exit status 0
10:31:31 INFO  Executed sudo&lt;tedge_pub&gt;, exit status 0
10:31:32 INFO  Executed sudo&lt;kill_out&gt;, exit status 0
10:31:32 WARN  Grep on tedge_sub.out contains &quot;The size of the message received on tedge/measurements is 20489 which is greater than the threshold size of 16184.&quot; ... failed [run.py:88]
10:31:32 INFO  
10:31:32 INFO  cleanup:
10:31:32 INFO  mapper_cleanup
10:31:32 INFO  Executed sudo&lt;tedge_mapper_c8y&gt;, exit status 0
10:31:32 INFO  
10:31:32 INFO  Test duration: 3.09 secs
10:31:32 INFO  Test final outcome:  FAILED
10:31:32 INFO  Test outcome reason: Grep on tedge_sub.out contains &quot;The size of the message received on tedge/measurements is 20489 which is greater than the threshold size of 16184.&quot;
10:31:32 INFO  
</system-out>
	</testcase>
</testsuite>
