<?xml version="1.0" encoding="utf-8"?>
<testsuite failures="0" name="smoketest_json" skipped="0" tests="1" time="46.35" timestamp="2022-04-21T13:34:52">
	<testcase classname="SmokeTestJson" name="smoketest_json"/>
</testsuite>
