<?xml version="1.0" encoding="utf-8"?>
<testsuite failures="1" name="log_request_error_messages" skipped="0" tests="1" time="36.44" timestamp="2022-05-11T11:38:53">
	<testcase classname="LogRequestVerifySearchTextError" name="log_request_error_messages">
		<failure message="FAILED: Assert that (True == value) with value=False" type="FAILED"/>
		<system-out>11:38:16 INFO  ==============================================================
11:38:16 INFO  Id:    log_request_error_messages
11:38:16 INFO  Dir:   log_request_end_to_end/
11:38:16 INFO  Title: Validate end to end behaviour for the log request operation check for error messages
11:38:16 INFO  ==============================================================
11:38:18 INFO  EnvironmentC8y Setup
11:38:18 INFO  Executed systemctl&lt;serv_mapper1&gt;, exit status 3
11:38:18 INFO  Restarting mosquitto too frequently in the last 10 seconds. It was only up for 2 seconds
11:38:18 INFO  Delaying execution by 9 seconds
11:38:42 INFO  Executed sudo&lt;tedge_connect_c8y&gt;, exit status 0, duration 14 secs
11:38:42 INFO  Executed sudo&lt;tedge_connect_c8y_test&gt;, exit status 0
11:38:43 INFO  Executed systemctl&lt;serv_mosq2&gt;, exit status 0
11:38:43 INFO  Executed systemctl&lt;serv_mapper3&gt;, exit status 0
11:38:44 INFO  Executed sudo&lt;rm_logs&gt;, exit status 0
11:38:44 INFO  Executed sudo&lt;move_logs&gt;, exit status 0
11:38:45 INFO  log response None
11:38:45 WARN  retry, retrying in 1 seconds...
11:38:46 INFO  log response https://thin-edge-io.eu-latest.cumulocity.com/event/events/18823959/binaries
11:38:47 WARN  Assert that (True == value) with value=False ... failed [run.py:43]
11:38:47 INFO  
11:38:47 INFO  cleanup:
11:38:47 INFO  Executed sudo&lt;rm_logs&gt;, exit status 0
11:38:48 INFO  Executed sudo&lt;rm_tmp_logs&gt;, exit status 0
11:38:48 INFO  Executed sudo&lt;send_failed&gt;, exit status 0
11:38:52 INFO  Executed sudo&lt;tedge_disconnect_c8y&gt;, exit status 0
11:38:53 INFO  Executed systemctl&lt;serv_mapper5&gt;, exit status 3
11:38:53 INFO  
11:38:53 INFO  Test duration: 36.44 secs
11:38:53 INFO  Test final outcome:  FAILED
11:38:53 INFO  Test outcome reason: Assert that (True == value) with value=False
11:38:53 INFO  
</system-out>
	</testcase>
</testsuite>
