<?xml version="1.0" encoding="utf-8"?>
<testsuite failures="0" name="tedge_agent_user_sudo_access" skipped="1" tests="1" time="0.04" timestamp="2022-04-25T21:28:36">
	<testcase classname="TedgeAgentUserSudoAccess" name="tedge_agent_user_sudo_access">
		<skipped message="SKIPPED: #955 Observation: Exit code of the apt plugin when called with no arguments"/>
		<system-out>21:28:36 INFO  ==============================================================
21:28:36 INFO  Id:    tedge_agent_user_sudo_access
21:28:36 INFO  Dir:   tedge/
21:28:36 INFO  Title: Validate tedge-agent user has a limited sudo right
21:28:36 INFO  ==============================================================
21:28:36 INFO  #955 Observation: Exit code of the apt plugin when called with no arguments ... skipped
21:28:36 INFO  
21:28:36 INFO  Test duration: 0.04 secs
21:28:36 INFO  Test final outcome:  SKIPPED
21:28:36 INFO  Test outcome reason: #955 Observation: Exit code of the apt plugin when called with no arguments
21:28:36 INFO  
</system-out>
	</testcase>
</testsuite>
