<?xml version="1.0" encoding="utf-8"?>
<testsuite failures="1" name="monitoring_smaller_interval" skipped="0" tests="1" time="14.97" timestamp="2022-05-03T08:52:51">
	<testcase classname="MonitoringSmallInterval" name="monitoring_smaller_interval">
		<failure message="BLOCKED: TypeError: 'int' object is not subscriptable" type="BLOCKED"/>
		<system-out>08:52:36 INFO  ==============================================================
08:52:36 INFO  Id:    monitoring_smaller_interval
08:52:36 INFO  Dir:   monitoring/
08:52:36 INFO  Title: Validate the tedge dm agent messages that are produced with smaller sampling interval than the batching window. Here the simulated collectd messages are used
08:52:36 INFO  ==============================================================
08:52:37 INFO  Executed sudo&lt;collectd&gt;, exit status 0
08:52:37 INFO  Executed sudo&lt;collectd_mapper&gt;, exit status 0
08:52:37 INFO  Started sudo&lt;tedge_sub&gt; with process id 13290
08:52:38 INFO  Executed sudo&lt;tedge_temp&gt;, exit status 0
08:52:38 INFO  Executed sudo&lt;tedge_pres&gt;, exit status 0
08:52:39 INFO  Executed sudo&lt;tedge_temp&gt;, exit status 0
08:52:39 INFO  Executed sudo&lt;tedge_pres&gt;, exit status 0
08:52:40 INFO  Executed sudo&lt;tedge_temp&gt;, exit status 0
08:52:41 INFO  Executed sudo&lt;tedge_pres&gt;, exit status 0
08:52:41 INFO  Executed sudo&lt;tedge_temp&gt;, exit status 0
08:52:42 INFO  Executed sudo&lt;tedge_pres&gt;, exit status 0
08:52:42 INFO  Executed sudo&lt;tedge_temp&gt;, exit status 0
08:52:43 INFO  Executed sudo&lt;tedge_pres&gt;, exit status 0
08:52:43 INFO  Executed sudo&lt;tedge_temp&gt;, exit status 0
08:52:44 INFO  Executed sudo&lt;tedge_pres&gt;, exit status 0
08:52:45 INFO  Executed sudo&lt;tedge_temp&gt;, exit status 0
08:52:45 INFO  Executed sudo&lt;tedge_pres&gt;, exit status 0
08:52:46 INFO  Executed sudo&lt;tedge_temp&gt;, exit status 0
08:52:46 INFO  Executed sudo&lt;tedge_pres&gt;, exit status 0
08:52:47 INFO  Executed sudo&lt;tedge_temp&gt;, exit status 0
08:52:47 INFO  Executed sudo&lt;tedge_pres&gt;, exit status 0
08:52:48 INFO  Executed sudo&lt;tedge_temp&gt;, exit status 0
08:52:48 INFO  Executed sudo&lt;tedge_pres&gt;, exit status 0
08:52:50 INFO  Executed sudo&lt;kill_out&gt;, exit status 0
08:52:50 INFO  0

08:52:50 WARN  TypeError occurred while running test - 'int' object is not subscriptable
Traceback (most recent call last):
  File &quot;/home/pi/env-pysys/lib/python3.7/site-packages/pysys/baserunner.py&quot;, line 1296, in __call__
    self.testObj.validate()
  File &quot;/home/pi/actions-runner/_work/thin-edge.io/thin-edge.io/tests/PySys/monitoring/monitoring_smaller_interval/run.py&quot;, line 104, in validate
    collectd_msg_validation_result=self.validate_json(),
  File &quot;/home/pi/actions-runner/_work/thin-edge.io/thin-edge.io/tests/PySys/monitoring/monitoring_smaller_interval/run.py&quot;, line 114, in validate_json
    if not self.validate_time():
  File &quot;/home/pi/actions-runner/_work/thin-edge.io/thin-edge.io/tests/PySys/monitoring/monitoring_smaller_interval/run.py&quot;, line 134, in validate_time
    if self.js_msg[&quot;time&quot;]:
TypeError: 'int' object is not subscriptable
08:52:50 WARN  TypeError: 'int' object is not subscriptable ... blocked 
08:52:50 INFO  
08:52:50 INFO  cleanup:
08:52:50 INFO  monitoring_cleanup
08:52:51 INFO  Executed sudo&lt;collectd_mapper&gt;, exit status 0
08:52:51 INFO  
08:52:51 INFO  Test duration: 14.97 secs
08:52:51 INFO  Test final outcome:  BLOCKED
08:52:51 INFO  Test outcome reason: TypeError: 'int' object is not subscriptable
08:52:51 INFO  
</system-out>
	</testcase>
</testsuite>
