<?xml version="1.0" encoding="utf-8"?>
<testsuite failures="0" name="mqtt_port_set" skipped="0" tests="1" time="19.94" timestamp="2022-05-11T11:40:20">
	<testcase classname="MqttPortSet" name="mqtt_port_set"/>
</testsuite>
