<?xml version="1.0" encoding="utf-8"?>
<testsuite failures="1" name="log_request_error_messages" skipped="0" tests="1" time="36.26" timestamp="2022-05-13T14:58:45">
	<testcase classname="LogRequestVerifySearchTextError" name="log_request_error_messages">
		<failure message="FAILED: Assert that (True == value) with value=False" type="FAILED"/>
		<system-out>14:58:09 INFO  ==============================================================
14:58:09 INFO  Id:    log_request_error_messages
14:58:09 INFO  Dir:   log_request_end_to_end/
14:58:09 INFO  Title: Validate end to end behaviour for the log request operation check for error messages
14:58:09 INFO  ==============================================================
14:58:10 INFO  EnvironmentC8y Setup
14:58:11 INFO  Executed systemctl&lt;serv_mapper1&gt;, exit status 3
14:58:11 INFO  Restarting mosquitto too frequently in the last 10 seconds. It was only up for 3 seconds
14:58:11 INFO  Delaying execution by 8 seconds
14:58:33 INFO  Executed sudo&lt;tedge_connect_c8y&gt;, exit status 0, duration 14 secs
14:58:34 INFO  Executed sudo&lt;tedge_connect_c8y_test&gt;, exit status 0
14:58:34 INFO  Executed systemctl&lt;serv_mosq2&gt;, exit status 0
14:58:35 INFO  Executed systemctl&lt;serv_mapper3&gt;, exit status 0
14:58:35 INFO  Executed sudo&lt;rm_logs&gt;, exit status 0
14:58:36 INFO  Executed sudo&lt;move_logs&gt;, exit status 0
14:58:36 INFO  log response None
14:58:36 WARN  retry, retrying in 1 seconds...
14:58:38 INFO  log response https://thin-edge-io.eu-latest.cumulocity.com/event/events/19035655/binaries
14:58:38 WARN  Assert that (True == value) with value=False ... failed [run.py:43]
14:58:38 INFO  
14:58:38 INFO  cleanup:
14:58:39 INFO  Executed sudo&lt;rm_logs&gt;, exit status 0
14:58:39 INFO  Executed sudo&lt;rm_tmp_logs&gt;, exit status 0
14:58:40 INFO  Executed sudo&lt;send_failed&gt;, exit status 0
14:58:44 INFO  Executed sudo&lt;tedge_disconnect_c8y&gt;, exit status 0
14:58:45 INFO  Executed systemctl&lt;serv_mapper5&gt;, exit status 3
14:58:45 INFO  
14:58:45 INFO  Test duration: 36.26 secs
14:58:45 INFO  Test final outcome:  FAILED
14:58:45 INFO  Test outcome reason: Assert that (True == value) with value=False
14:58:45 INFO  
</system-out>
	</testcase>
</testsuite>
