<?xml version="1.0" encoding="utf-8"?>
<testsuite failures="0" name="smoketest_json" skipped="0" tests="1" time="46.37" timestamp="2022-04-28T12:26:42">
	<testcase classname="SmokeTestJson" name="smoketest_json"/>
</testsuite>
