<?xml version="1.0" encoding="utf-8"?>
<testsuite failures="0" name="smoketest_json" skipped="0" tests="1" time="45.68" timestamp="2022-05-02T10:28:13">
	<testcase classname="SmokeTestJson" name="smoketest_json"/>
</testsuite>
