<?xml version="1.0" encoding="utf-8"?>
<testsuite failures="0" name="docker_plugin_finalize" skipped="1" tests="1" time="0.05" timestamp="2022-05-03T18:25:10">
	<testcase classname="DockerPluginFinalizeTest" name="docker_plugin_finalize">
		<skipped message="SKIPPED: Testing the docker plugin is not supported on this platform.To run it, all the test with -XmyPlatform='container'"/>
		<system-out>18:25:10 INFO  ==============================================================
18:25:10 INFO  Id:    docker_plugin_finalize
18:25:10 INFO  Dir:   plugin_docker/
18:25:10 INFO  Title: Validate docker plugin finalize command
18:25:10 INFO  ==============================================================
18:25:10 INFO  Testing the docker plugin is not supported on this platform.To run it, all the test with -XmyPlatform='container' ... skipped
18:25:10 WARN  Aborted test due to SKIPPED outcome
18:25:10 INFO  
18:25:10 INFO  Test duration: 0.05 secs
18:25:10 INFO  Test final outcome:  SKIPPED
18:25:10 INFO  Test outcome reason: Testing the docker plugin is not supported on this platform.To run it, all the test with -XmyPlatform='container'
18:25:10 INFO  
</system-out>
	</testcase>
</testsuite>
