<?xml version="1.0" encoding="utf-8"?>
<testsuite failures="1" name="log_request_num_lines" skipped="0" tests="1" time="2.53" timestamp="2022-04-27T10:29:08">
	<testcase classname="LogRequestVerifyNumberOfLines" name="log_request_num_lines">
		<failure message="BLOCKED: sudo&lt;tedge_connect_c8y&gt; returned non-zero exit code 1" type="BLOCKED"/>
		<system-out>10:29:05 INFO  ==============================================================
10:29:05 INFO  Id:    log_request_num_lines
10:29:05 INFO  Dir:   log_request_end_to_end/
10:29:05 INFO  Title: Validate end to end behaviour for the log request operation check for number of lines
10:29:05 INFO  ==============================================================
10:29:05 INFO  EnvironmentC8y Setup
10:29:06 INFO  Executed systemctl&lt;serv_mapper1&gt;, exit status 3
10:29:07 WARN  Executed sudo&lt;tedge_connect_c8y&gt;, exit status 1
10:29:07 INFO  Contents of tedge_connect_c8y.err: 
  Error: failed to connect Cumulocity cloud.
  Caused by:
      A value for `c8y.url` is missing.
          A value can be set with `tedge config set c8y.url &lt;value&gt;`
  -----

10:29:07 WARN  sudo&lt;tedge_connect_c8y&gt; returned non-zero exit code 1 ... blocked 
10:29:07 WARN  Aborted test due to BLOCKED outcome
10:29:07 INFO  
10:29:07 INFO  cleanup:
10:29:07 INFO  Executed sudo&lt;tedge_disconnect_c8y&gt;, exit status 0
10:29:08 INFO  Executed systemctl&lt;serv_mapper5&gt;, exit status 3
10:29:08 INFO  
10:29:08 INFO  Test duration: 2.53 secs
10:29:08 INFO  Test final outcome:  BLOCKED
10:29:08 INFO  Test outcome reason: sudo&lt;tedge_connect_c8y&gt; returned non-zero exit code 1
10:29:08 INFO  
</system-out>
	</testcase>
</testsuite>
