<?xml version="1.0" encoding="utf-8"?>
<testsuite failures="0" name="publish_sawmill" skipped="0" tests="1" time="79.54" timestamp="2022-05-03T18:27:43">
	<testcase classname="PublishSawmill" name="publish_sawmill"/>
</testsuite>
