<?xml version="1.0" encoding="utf-8"?>
<testsuite failures="0" name="tedge_software_update" skipped="0" tests="1" time="25.68" timestamp="2022-04-28T12:33:48">
	<testcase classname="PySysTest" name="tedge_software_update"/>
</testsuite>
