<?xml version="1.0" encoding="utf-8"?>
<testsuite failures="1" name="c8y_jwt_token_retrieval" skipped="0" tests="1" time="23.83" timestamp="2022-04-24T11:58:33">
	<testcase classname="ValidateJWTTokenRetrieval" name="c8y_jwt_token_retrieval">
		<failure message="FAILED: Grep on resp_jwt.out contains &quot;\[c8y/s/dat\] 71,&quot;" type="FAILED"/>
		<system-out>11:58:09 INFO  ==============================================================
11:58:09 INFO  Id:    c8y_jwt_token_retrieval
11:58:09 INFO  Dir:   cloud_c8y/
11:58:09 INFO  Title: Validate the Cumulocity JWT Token Retrieval feature
11:58:09 INFO  ==============================================================
11:58:10 INFO  Executed sudo&lt;tedge_disconnect_c8y&gt;, exit status 0
11:58:25 INFO  Executed sudo&lt;tedge_connect_c8y&gt;, exit status 0, duration 14 secs
11:58:25 INFO  Started sudo&lt;resp_jwt&gt; with process id 11403
11:58:27 INFO  Executed sudo&lt;req_jwt&gt;, exit status 0
11:58:29 INFO  Executed sudo&lt;kill_out&gt;, exit status 0
11:58:29 WARN  Grep on resp_jwt.out contains &quot;\[c8y/s/dat\] 71,&quot; ... failed [run.py:60]
11:58:29 INFO  
11:58:29 INFO  cleanup:
11:58:33 INFO  Executed sudo&lt;tedge_disconnect_c8y&gt;, exit status 0
11:58:33 INFO  
11:58:33 INFO  Test duration: 23.83 secs
11:58:33 INFO  Test final outcome:  FAILED
11:58:33 INFO  Test outcome reason: Grep on resp_jwt.out contains &quot;\[c8y/s/dat\] 71,&quot;
11:58:33 INFO  
</system-out>
	</testcase>
</testsuite>
