<?xml version="1.0" encoding="utf-8"?>
<testsuite failures="0" name="apt_install_local_file_fail" skipped="1" tests="1" time="0.03" timestamp="2022-04-27T17:30:51">
	<testcase classname="AptPluginInstallFromLocalFileFail" name="apt_install_local_file_fail">
		<skipped message="SKIPPED: Testing the apt plugin is not supported on this platform.To run the tests call PySys with -XmyPlatform='container'"/>
		<system-out>17:30:51 INFO  ==============================================================
17:30:51 INFO  Id:    apt_install_local_file_fail
17:30:51 INFO  Dir:   plugin_apt/
17:30:51 INFO  Title: Validate apt plugin install from local file - FAIL case
17:30:51 INFO  ==============================================================
17:30:51 INFO  Testing the apt plugin is not supported on this platform.To run the tests call PySys with -XmyPlatform='container' ... skipped
17:30:51 WARN  Aborted test due to SKIPPED outcome
17:30:51 INFO  
17:30:51 INFO  Test duration: 0.03 secs
17:30:51 INFO  Test final outcome:  SKIPPED
17:30:51 INFO  Test outcome reason: Testing the apt plugin is not supported on this platform.To run the tests call PySys with -XmyPlatform='container'
17:30:51 INFO  
</system-out>
	</testcase>
</testsuite>
