<?xml version="1.0" encoding="utf-8"?>
<testsuite failures="0" name="SoftwareManagement.sm_apt_install_download_path" skipped="1" tests="1" time="0.07" timestamp="2022-05-04T08:34:40">
	<testcase classname="AptInstallWithDownloadPath" name="SoftwareManagement.sm_apt_install_download_path">
		<skipped message="SKIPPED: Testing the apt plugin is not supported on this platform.Use parameter -XmyPlatform='container' to enable it"/>
		<system-out>08:34:40 INFO  ==============================================================
08:34:40 INFO  Id:    SoftwareManagement.sm_apt_install_download_path
08:34:40 INFO  Dir:   software_management_end_to_end/
08:34:40 INFO  Title: Install package to directory specified in tedge config set tmp.path
08:34:40 INFO  ==============================================================
08:34:40 INFO  Testing the apt plugin is not supported on this platform.Use parameter -XmyPlatform='container' to enable it ... skipped
08:34:40 WARN  Aborted test due to SKIPPED outcome
08:34:40 INFO  
08:34:40 INFO  Test duration: 0.07 secs
08:34:40 INFO  Test final outcome:  SKIPPED
08:34:40 INFO  Test outcome reason: Testing the apt plugin is not supported on this platform.Use parameter -XmyPlatform='container' to enable it
08:34:40 INFO  
</system-out>
	</testcase>
</testsuite>
