<?xml version="1.0" encoding="utf-8"?>
<testsuite failures="1" name="local_mqtt_pub_sub_with_sudo" skipped="0" tests="1" time="3.05" timestamp="2022-04-28T08:15:45">
	<testcase classname="PySysTest" name="local_mqtt_pub_sub_with_sudo">
		<failure message="FAILED: Grep on tedge_sub.out contains &quot;amessage&quot;" type="FAILED"/>
		<system-out>08:15:42 INFO  ==============================================================
08:15:42 INFO  Id:    local_mqtt_pub_sub_with_sudo
08:15:42 INFO  Dir:   local_mqtt/
08:15:42 INFO  Title: Validate local publishing and subscribing
08:15:42 INFO  ==============================================================
08:15:42 INFO  Started sudo&lt;tedge_sub&gt; with process id 17616
08:15:43 INFO  Executed sudo&lt;tedge_pub2&gt;, exit status 0
08:15:43 INFO  Executed sudo&lt;tedge_pub3&gt;, exit status 0
08:15:45 INFO  Executed sudo&lt;kill_out&gt;, exit status 0
08:15:45 WARN  Grep on tedge_sub.out contains &quot;amessage&quot; ... failed [run.py:61]
08:15:45 INFO  Grep on file tedge_sub.out ... passed
08:15:45 INFO  
08:15:45 INFO  Test duration: 3.05 secs
08:15:45 INFO  Test final outcome:  FAILED
08:15:45 INFO  Test outcome reason: Grep on tedge_sub.out contains &quot;amessage&quot;
08:15:45 INFO  
</system-out>
	</testcase>
</testsuite>
