<?xml version="1.0" encoding="utf-8"?>
<testsuite failures="0" name="SoftwareManagement.Plugin.apama_plugin_mon_support" skipped="1" tests="1" time="0.03" timestamp="2022-05-09T14:38:17">
	<testcase classname="ApamaPluginMonSupportTest" name="SoftwareManagement.Plugin.apama_plugin_mon_support">
		<skipped message="SKIPPED: Apama plugin tests are disabled by default. Execute `pysys run` with `-XmyPlatform=container` to run these tests"/>
		<system-out>14:38:17 INFO  ==============================================================
14:38:17 INFO  Id:    SoftwareManagement.Plugin.apama_plugin_mon_support
14:38:17 INFO  Dir:   plugin_apama/
14:38:17 INFO  Title: Validate mon file support of apama plugin
14:38:17 INFO  ==============================================================
14:38:17 INFO  Apama plugin tests are disabled by default. Execute `pysys run` with `-XmyPlatform=container` to run these tests ... skipped
14:38:17 WARN  Aborted test due to SKIPPED outcome
14:38:17 INFO  
14:38:17 INFO  Test duration: 0.03 secs
14:38:17 INFO  Test final outcome:  SKIPPED
14:38:17 INFO  Test outcome reason: Apama plugin tests are disabled by default. Execute `pysys run` with `-XmyPlatform=container` to run these tests
14:38:17 INFO  
</system-out>
	</testcase>
</testsuite>
