<?xml version="1.0" encoding="utf-8"?>
<testsuite failures="0" name="c8y_restart_bridge" skipped="0" tests="1" time="21.64" timestamp="2022-04-27T17:43:25">
	<testcase classname="RestartBridge" name="c8y_restart_bridge"/>
</testsuite>
