<?xml version="1.0" encoding="utf-8"?>
<testsuite failures="1" name="publish_flux" skipped="0" tests="1" time="2.52" timestamp="2022-04-27T10:29:59">
	<testcase classname="PublishFlux" name="publish_flux">
		<failure message="BLOCKED: sudo&lt;tedge_connect_c8y&gt; returned non-zero exit code 1" type="BLOCKED"/>
		<system-out>10:29:57 INFO  ==============================================================
10:29:57 INFO  Id:    publish_flux
10:29:57 INFO  Dir:   smoketests/
10:29:57 INFO  Title: Publish to flux topic
10:29:57 INFO  ==============================================================
10:29:57 INFO  EnvironmentC8y Setup
10:29:57 INFO  Executed systemctl&lt;serv_mapper1&gt;, exit status 3
10:29:58 WARN  Executed sudo&lt;tedge_connect_c8y&gt;, exit status 1
10:29:58 INFO  Contents of tedge_connect_c8y.err: 
  Error: failed to connect Cumulocity cloud.
  Caused by:
      A value for `c8y.url` is missing.
          A value can be set with `tedge config set c8y.url &lt;value&gt;`
  -----

10:29:58 WARN  sudo&lt;tedge_connect_c8y&gt; returned non-zero exit code 1 ... blocked 
10:29:58 WARN  Aborted test due to BLOCKED outcome
10:29:58 INFO  
10:29:58 INFO  cleanup:
10:29:59 INFO  Executed sudo&lt;tedge_disconnect_c8y&gt;, exit status 0
10:29:59 INFO  Executed systemctl&lt;serv_mapper5&gt;, exit status 3
10:29:59 INFO  
10:29:59 INFO  Test duration: 2.52 secs
10:29:59 INFO  Test final outcome:  BLOCKED
10:29:59 INFO  Test outcome reason: sudo&lt;tedge_connect_c8y&gt; returned non-zero exit code 1
10:29:59 INFO  
</system-out>
	</testcase>
</testsuite>
