<?xml version="1.0" encoding="utf-8"?>
<testsuite failures="1" name="monitoring_smaller_interval" skipped="0" tests="1" time="15.11" timestamp="2022-05-11T10:10:15">
	<testcase classname="MonitoringSmallInterval" name="monitoring_smaller_interval">
		<failure message="BLOCKED: TypeError: 'int' object is not subscriptable" type="BLOCKED"/>
		<system-out>10:10:00 INFO  ==============================================================
10:10:00 INFO  Id:    monitoring_smaller_interval
10:10:00 INFO  Dir:   monitoring/
10:10:00 INFO  Title: Validate the tedge dm agent messages that are produced with smaller sampling interval than the batching window. Here the simulated collectd messages are used
10:10:00 INFO  ==============================================================
10:10:01 INFO  Executed sudo&lt;collectd&gt;, exit status 0
10:10:01 INFO  Executed sudo&lt;collectd_mapper&gt;, exit status 0
10:10:01 INFO  Started sudo&lt;tedge_sub&gt; with process id 27110
10:10:02 INFO  Executed sudo&lt;tedge_temp&gt;, exit status 0
10:10:02 INFO  Executed sudo&lt;tedge_pres&gt;, exit status 0
10:10:03 INFO  Executed sudo&lt;tedge_temp&gt;, exit status 0
10:10:03 INFO  Executed sudo&lt;tedge_pres&gt;, exit status 0
10:10:04 INFO  Executed sudo&lt;tedge_temp&gt;, exit status 0
10:10:05 INFO  Executed sudo&lt;tedge_pres&gt;, exit status 0
10:10:05 INFO  Executed sudo&lt;tedge_temp&gt;, exit status 0
10:10:06 INFO  Executed sudo&lt;tedge_pres&gt;, exit status 0
10:10:06 INFO  Executed sudo&lt;tedge_temp&gt;, exit status 0
10:10:07 INFO  Executed sudo&lt;tedge_pres&gt;, exit status 0
10:10:08 INFO  Executed sudo&lt;tedge_temp&gt;, exit status 0
10:10:08 INFO  Executed sudo&lt;tedge_pres&gt;, exit status 0
10:10:09 INFO  Executed sudo&lt;tedge_temp&gt;, exit status 0
10:10:09 INFO  Executed sudo&lt;tedge_pres&gt;, exit status 0
10:10:10 INFO  Executed sudo&lt;tedge_temp&gt;, exit status 0
10:10:10 INFO  Executed sudo&lt;tedge_pres&gt;, exit status 0
10:10:11 INFO  Executed sudo&lt;tedge_temp&gt;, exit status 0
10:10:12 INFO  Executed sudo&lt;tedge_pres&gt;, exit status 0
10:10:12 INFO  Executed sudo&lt;tedge_temp&gt;, exit status 0
10:10:13 INFO  Executed sudo&lt;tedge_pres&gt;, exit status 0
10:10:14 INFO  Executed sudo&lt;kill_out&gt;, exit status 0
10:10:14 INFO  0

10:10:14 WARN  TypeError occurred while running test - 'int' object is not subscriptable
Traceback (most recent call last):
  File &quot;/home/pi/env-pysys/lib/python3.7/site-packages/pysys/baserunner.py&quot;, line 1296, in __call__
    self.testObj.validate()
  File &quot;/home/pi/actions-runner/_work/thin-edge.io/thin-edge.io/tests/PySys/monitoring/monitoring_smaller_interval/run.py&quot;, line 104, in validate
    collectd_msg_validation_result=self.validate_json(),
  File &quot;/home/pi/actions-runner/_work/thin-edge.io/thin-edge.io/tests/PySys/monitoring/monitoring_smaller_interval/run.py&quot;, line 114, in validate_json
    if not self.validate_time():
  File &quot;/home/pi/actions-runner/_work/thin-edge.io/thin-edge.io/tests/PySys/monitoring/monitoring_smaller_interval/run.py&quot;, line 134, in validate_time
    if self.js_msg[&quot;time&quot;]:
TypeError: 'int' object is not subscriptable
10:10:14 WARN  TypeError: 'int' object is not subscriptable ... blocked 
10:10:14 INFO  
10:10:14 INFO  cleanup:
10:10:14 INFO  monitoring_cleanup
10:10:15 INFO  Executed sudo&lt;collectd_mapper&gt;, exit status 0
10:10:15 INFO  
10:10:15 INFO  Test duration: 15.11 secs
10:10:15 INFO  Test final outcome:  BLOCKED
10:10:15 INFO  Test outcome reason: TypeError: 'int' object is not subscriptable
10:10:15 INFO  
</system-out>
	</testcase>
</testsuite>
