<?xml version="1.0" encoding="utf-8"?>
<testsuite failures="1" name="SoftwareManagement.sm_apt_install_remove_multiple" skipped="0" tests="1" time="139.68" timestamp="2022-04-27T09:56:32">
	<testcase classname="PySysTest" name="SoftwareManagement.sm_apt_install_remove_multiple">
		<failure message="FAILED: Assert that (False == value) with value=True (+2 other failures)" type="FAILED"/>
		<system-out>09:54:13 INFO  ==============================================================
09:54:13 INFO  Id:    SoftwareManagement.sm_apt_install_remove_multiple
09:54:13 INFO  Dir:   software_management_end_to_end/
09:54:13 INFO  Title: Validate end to end behaviour for the apt plugin for multiple packages
09:54:13 INFO  ==============================================================
09:54:13 INFO  Using sw id database: {'asciijump': '5475369', 'robotfindskitten': '5474869', 'squirrel3': '5475279', 'rolldice': '5152439', 'moon-buggy': '5439204', 'apple': '5495053', 'banana': '5494888', 'cherry': '5495382', 'watermelon': '5494510', 'registry': '8018911', 'hello-world': '8021526', 'docker/getting-started': '8021973', 'alpine': '7991792'}
09:54:13 INFO  EnvironmentC8y Setup
09:54:13 INFO  Executed systemctl&lt;serv_mapper1&gt;, exit status 3
09:54:13 INFO  Restarting mosquitto too frequently in the last 10 seconds. It was only up for 5 seconds
09:54:13 INFO  Delaying execution by 6 seconds
09:54:33 INFO  Executed sudo&lt;tedge_connect_c8y&gt;, exit status 0, duration 14 secs
09:54:34 INFO  Executed sudo&lt;tedge_connect_c8y_test&gt;, exit status 0
09:54:35 INFO  Executed systemctl&lt;serv_mosq2&gt;, exit status 0
09:54:35 INFO  Executed systemctl&lt;serv_mapper3&gt;, exit status 0
09:54:37 INFO  State of current operation: SUCCESSFUL
09:54:38 INFO  Assert that (False == value) with value=False ... passed
09:54:38 INFO  Package asciijump is installed
09:54:38 WARN  Assert that (False == value) with value=True ... failed 
09:54:38 INFO  Package squirrel3 is installed
09:54:38 WARN  Assert that (False == value) with value=True ... failed 
09:54:39 INFO  Package robotfindskitten is installed
09:54:39 WARN  Assert that (False == value) with value=True ... failed 
09:54:39 INFO  Response status: 201
09:54:39 INFO  Response to action: {
    &quot;creationTime&quot;: &quot;2022-04-27T09:54:39.319Z&quot;,
    &quot;deviceName&quot;: &quot;m32sd10b&quot;,
    &quot;deviceId&quot;: &quot;17727348&quot;,
    &quot;self&quot;: &quot;https://t493319102.eu-latest.cumulocity.com/devicecontrol/operations/17757668&quot;,
    &quot;id&quot;: &quot;17757668&quot;,
    &quot;status&quot;: &quot;PENDING&quot;,
    &quot;description&quot;: &quot;Apply software changes, triggered from PySys: [{'action': 'install', 'id': '5475369', 'name': 'asciijump', 'url': ' ', 'version': '::apt'}, {'action': 'install', 'id': '5474869', 'name': 'robotfindskitten', 'url': ' ', 'version': '::apt'}, {'action': 'install', 'id': '5475279', 'name': 'squirrel3', 'url': ' ', 'version': '::apt'}]&quot;,
    &quot;c8y_SoftwareUpdate&quot;: [
        {
            &quot;name&quot;: &quot;asciijump&quot;,
            &quot;action&quot;: &quot;install&quot;,
            &quot;id&quot;: &quot;5475369&quot;,
            &quot;version&quot;: &quot;::apt&quot;,
            &quot;url&quot;: &quot; &quot;
        },
        {
            &quot;name&quot;: &quot;robotfindskitten&quot;,
            &quot;action&quot;: &quot;install&quot;,
            &quot;id&quot;: &quot;5474869&quot;,
            &quot;version&quot;: &quot;::apt&quot;,
            &quot;url&quot;: &quot; &quot;
        },
        {
            &quot;name&quot;: &quot;squirrel3&quot;,
            &quot;action&quot;: &quot;install&quot;,
            &quot;id&quot;: &quot;5475279&quot;,
            &quot;version&quot;: &quot;::apt&quot;,
            &quot;url&quot;: &quot; &quot;
        }
    ]
}
09:54:39 INFO  Started operation: {'creationTime': '2022-04-27T09:54:39.319Z', 'deviceName': 'm32sd10b', 'deviceId': '17727348', 'self': 'https://t493319102.eu-latest.cumulocity.com/devicecontrol/operations/17757668', 'id': '17757668', 'status': 'PENDING', 'description': &quot;Apply software changes, triggered from PySys: [{'action': 'install', 'id': '5475369', 'name': 'asciijump', 'url': ' ', 'version': '::apt'}, {'action': 'install', 'id': '5474869', 'name': 'robotfindskitten', 'url': ' ', 'version': '::apt'}, {'action': 'install', 'id': '5475279', 'name': 'squirrel3', 'url': ' ', 'version': '::apt'}]&quot;, 'c8y_SoftwareUpdate': [{'name': 'asciijump', 'action': 'install', 'id': '5475369', 'version': '::apt', 'url': ' '}, {'name': 'robotfindskitten', 'action': 'install', 'id': '5474869', 'version': '::apt', 'url': ' '}, {'name': 'squirrel3', 'action': 'install', 'id': '5475279', 'version': '::apt', 'url': ' '}]}
09:54:41 INFO  State of operation 17757668 : PENDING
09:54:43 INFO  State of operation 17757668 : EXECUTING
09:54:46 INFO  State of operation 17757668 : EXECUTING
09:54:48 INFO  State of operation 17757668 : EXECUTING
09:54:50 INFO  State of operation 17757668 : EXECUTING
09:54:52 INFO  State of operation 17757668 : EXECUTING
09:54:55 INFO  State of operation 17757668 : EXECUTING
09:54:58 INFO  State of operation 17757668 : EXECUTING
09:55:00 INFO  State of operation 17757668 : EXECUTING
09:55:02 INFO  State of operation 17757668 : EXECUTING
09:55:05 INFO  State of operation 17757668 : EXECUTING
09:55:07 INFO  State of operation 17757668 : EXECUTING
09:55:09 INFO  State of operation 17757668 : EXECUTING
09:55:11 INFO  State of operation 17757668 : EXECUTING
09:55:14 INFO  State of operation 17757668 : EXECUTING
09:55:16 INFO  State of operation 17757668 : SUCCESSFUL
09:55:16 INFO  Assert that (False == value) with value=False ... passed
09:55:16 INFO  Package asciijump is installed
09:55:16 INFO  Assert that (True == value) with value=True ... passed
09:55:17 INFO  Package squirrel3 is installed
09:55:17 INFO  Assert that (True == value) with value=True ... passed
09:55:17 INFO  Package robotfindskitten is installed
09:55:17 INFO  Assert that (True == value) with value=True ... passed
09:55:17 INFO  Response status: 201
09:55:17 INFO  Response to action: {
    &quot;creationTime&quot;: &quot;2022-04-27T09:55:17.403Z&quot;,
    &quot;deviceName&quot;: &quot;m32sd10b&quot;,
    &quot;deviceId&quot;: &quot;17727348&quot;,
    &quot;self&quot;: &quot;https://t493319102.eu-latest.cumulocity.com/devicecontrol/operations/17757670&quot;,
    &quot;id&quot;: &quot;17757670&quot;,
    &quot;status&quot;: &quot;PENDING&quot;,
    &quot;description&quot;: &quot;Apply software changes, triggered from PySys: [{'action': 'delete', 'id': '5475369', 'name': 'asciijump', 'url': ' ', 'version': '::apt'}, {'action': 'delete', 'id': '5474869', 'name': 'robotfindskitten', 'url': ' ', 'version': '::apt'}, {'action': 'delete', 'id': '5475279', 'name': 'squirrel3', 'url': ' ', 'version': '::apt'}]&quot;,
    &quot;c8y_SoftwareUpdate&quot;: [
        {
            &quot;name&quot;: &quot;asciijump&quot;,
            &quot;action&quot;: &quot;delete&quot;,
            &quot;id&quot;: &quot;5475369&quot;,
            &quot;version&quot;: &quot;::apt&quot;,
            &quot;url&quot;: &quot; &quot;
        },
        {
            &quot;name&quot;: &quot;robotfindskitten&quot;,
            &quot;action&quot;: &quot;delete&quot;,
            &quot;id&quot;: &quot;5474869&quot;,
            &quot;version&quot;: &quot;::apt&quot;,
            &quot;url&quot;: &quot; &quot;
        },
        {
            &quot;name&quot;: &quot;squirrel3&quot;,
            &quot;action&quot;: &quot;delete&quot;,
            &quot;id&quot;: &quot;5475279&quot;,
            &quot;version&quot;: &quot;::apt&quot;,
            &quot;url&quot;: &quot; &quot;
        }
    ]
}
09:55:17 INFO  Started operation: {'creationTime': '2022-04-27T09:55:17.403Z', 'deviceName': 'm32sd10b', 'deviceId': '17727348', 'self': 'https://t493319102.eu-latest.cumulocity.com/devicecontrol/operations/17757670', 'id': '17757670', 'status': 'PENDING', 'description': &quot;Apply software changes, triggered from PySys: [{'action': 'delete', 'id': '5475369', 'name': 'asciijump', 'url': ' ', 'version': '::apt'}, {'action': 'delete', 'id': '5474869', 'name': 'robotfindskitten', 'url': ' ', 'version': '::apt'}, {'action': 'delete', 'id': '5475279', 'name': 'squirrel3', 'url': ' ', 'version': '::apt'}]&quot;, 'c8y_SoftwareUpdate': [{'name': 'asciijump', 'action': 'delete', 'id': '5475369', 'version': '::apt', 'url': ' '}, {'name': 'robotfindskitten', 'action': 'delete', 'id': '5474869', 'version': '::apt', 'url': ' '}, {'name': 'squirrel3', 'action': 'delete', 'id': '5475279', 'version': '::apt', 'url': ' '}]}
09:55:19 INFO  State of operation 17757670 : PENDING
09:55:21 INFO  State of operation 17757670 : EXECUTING
09:55:24 INFO  State of operation 17757670 : EXECUTING
09:55:26 INFO  State of operation 17757670 : EXECUTING
09:55:28 INFO  State of operation 17757670 : EXECUTING
09:55:30 INFO  State of operation 17757670 : EXECUTING
09:55:33 INFO  State of operation 17757670 : EXECUTING
09:55:36 INFO  State of operation 17757670 : EXECUTING
09:55:38 INFO  State of operation 17757670 : EXECUTING
09:55:41 INFO  State of operation 17757670 : EXECUTING
09:55:43 INFO  State of operation 17757670 : EXECUTING
09:55:45 INFO  State of operation 17757670 : EXECUTING
09:55:47 INFO  State of operation 17757670 : EXECUTING
09:55:49 INFO  State of operation 17757670 : EXECUTING
09:55:52 INFO  State of operation 17757670 : EXECUTING
09:55:54 INFO  State of operation 17757670 : EXECUTING
09:55:56 INFO  State of operation 17757670 : EXECUTING
09:55:59 INFO  State of operation 17757670 : EXECUTING
09:56:01 INFO  State of operation 17757670 : EXECUTING
09:56:04 INFO  State of operation 17757670 : EXECUTING
09:56:06 INFO  State of operation 17757670 : EXECUTING
09:56:08 INFO  State of operation 17757670 : EXECUTING
09:56:10 INFO  State of operation 17757670 : EXECUTING
09:56:13 INFO  State of operation 17757670 : EXECUTING
09:56:15 INFO  State of operation 17757670 : EXECUTING
09:56:18 INFO  State of operation 17757670 : EXECUTING
09:56:20 INFO  State of operation 17757670 : EXECUTING
09:56:22 INFO  State of operation 17757670 : EXECUTING
09:56:25 INFO  State of operation 17757670 : EXECUTING
09:56:27 INFO  State of operation 17757670 : SUCCESSFUL
09:56:27 INFO  Assert that (False == value) with value=False ... passed
09:56:27 INFO  Assert that (False == value) with value=False ... passed
09:56:27 INFO  Assert that (False == value) with value=False ... passed
09:56:28 INFO  Assert that (False == value) with value=False ... passed
09:56:28 INFO  
09:56:28 INFO  cleanup:
09:56:32 INFO  Executed sudo&lt;tedge_disconnect_c8y&gt;, exit status 0
09:56:32 INFO  Executed systemctl&lt;serv_mapper5&gt;, exit status 3
09:56:32 INFO  
09:56:32 INFO  Test duration: 139.68 secs
09:56:32 INFO  Test final outcome:  FAILED
09:56:32 INFO  Test outcome reason: Assert that (False == value) with value=True (+2 other failures)
09:56:32 INFO  
</system-out>
	</testcase>
</testsuite>
