<?xml version="1.0" encoding="utf-8"?>
<testsuite failures="0" name="SoftwareManagement.sm_apt_install_remove_with_version" skipped="0" tests="1" time="155.83" timestamp="2022-05-11T11:26:37">
	<testcase classname="PySysTest" name="SoftwareManagement.sm_apt_install_remove_with_version"/>
</testsuite>
