<?xml version="1.0" encoding="utf-8"?>
<testsuite failures="1" name="SoftwareManagement.sm_mixed_install_remove_multiple" skipped="0" tests="1" time="164.92" timestamp="2022-05-11T11:33:27">
	<testcase classname="PySysTest" name="SoftwareManagement.sm_mixed_install_remove_multiple">
		<failure message="FAILED: Assert that (False == value) with value=True" type="FAILED"/>
		<system-out>11:30:42 INFO  ==============================================================
11:30:42 INFO  Id:    SoftwareManagement.sm_mixed_install_remove_multiple
11:30:42 INFO  Dir:   software_management_end_to_end/
11:30:42 INFO  Title: Validate end to end behaviour for the dummy-plugin for multiple packages with mixed versions
11:30:42 INFO  ==============================================================
11:30:42 INFO  Using sw id database: {'asciijump': '5475369', 'robotfindskitten': '5474869', 'squirrel3': '5475279', 'rolldice': '5152439', 'moon-buggy': '5439204', 'apple': '5495053', 'banana': '5494888', 'cherry': '5495382', 'watermelon': '5494510', 'registry': '8018911', 'hello-world': '8021526', 'docker/getting-started': '8021973', 'alpine': '7991792'}
11:30:42 INFO  EnvironmentC8y Setup
11:30:43 INFO  Executed systemctl&lt;serv_mapper1&gt;, exit status 3
11:30:43 INFO  Restarting mosquitto too frequently in the last 10 seconds. It was only up for 4 seconds
11:30:43 INFO  Delaying execution by 7 seconds
11:31:04 INFO  Executed sudo&lt;tedge_connect_c8y&gt;, exit status 0, duration 14 secs
11:31:05 INFO  Executed sudo&lt;tedge_connect_c8y_test&gt;, exit status 0
11:31:05 INFO  Executed systemctl&lt;serv_mosq2&gt;, exit status 0
11:31:05 INFO  Executed systemctl&lt;serv_mapper3&gt;, exit status 0
11:31:08 INFO  State of current operation: SUCCESSFUL
11:31:08 INFO  Package apple is installed
11:31:08 INFO  Assert that (True == value) with value=True ... passed
11:31:08 INFO  Package banana is installed
11:31:08 INFO  Assert that (True == value) with value=True ... passed
11:31:08 INFO  Package cherry is installed
11:31:08 INFO  Assert that (True == value) with value=True ... passed
11:31:09 INFO  Package asciijump is installed
11:31:09 WARN  Assert that (False == value) with value=True ... failed 
11:31:09 INFO  Assert that (False == value) with value=False ... passed
11:31:09 INFO  Response status: 201
11:31:09 INFO  Response to action: {
    &quot;creationTime&quot;: &quot;2022-05-11T11:31:09.551Z&quot;,
    &quot;deviceName&quot;: &quot;m32sd10b&quot;,
    &quot;deviceId&quot;: &quot;18764684&quot;,
    &quot;self&quot;: &quot;https://t493319102.eu-latest.cumulocity.com/devicecontrol/operations/18811748&quot;,
    &quot;id&quot;: &quot;18811748&quot;,
    &quot;status&quot;: &quot;PENDING&quot;,
    &quot;description&quot;: &quot;Apply software changes, triggered from PySys: [{'action': 'install', 'id': '5495053', 'name': 'apple', 'url': ' ', 'version': '::fruits'}, {'action': 'install', 'id': '5494888', 'name': 'banana', 'url': ' ', 'version': '::fruits'}, {'action': 'install', 'id': '5475369', 'name': 'asciijump', 'url': ' ', 'version': '::apt'}, {'action': 'install', 'id': '5495382', 'name': 'cherry', 'url': ' ', 'version': '::fruits'}, {'action': 'install', 'id': '8018911', 'name': 'registry', 'url': ' ', 'version': '::docker'}]&quot;,
    &quot;c8y_SoftwareUpdate&quot;: [
        {
            &quot;name&quot;: &quot;apple&quot;,
            &quot;action&quot;: &quot;install&quot;,
            &quot;id&quot;: &quot;5495053&quot;,
            &quot;version&quot;: &quot;::fruits&quot;,
            &quot;url&quot;: &quot; &quot;
        },
        {
            &quot;name&quot;: &quot;banana&quot;,
            &quot;action&quot;: &quot;install&quot;,
            &quot;id&quot;: &quot;5494888&quot;,
            &quot;version&quot;: &quot;::fruits&quot;,
            &quot;url&quot;: &quot; &quot;
        },
        {
            &quot;name&quot;: &quot;asciijump&quot;,
            &quot;action&quot;: &quot;install&quot;,
            &quot;id&quot;: &quot;5475369&quot;,
            &quot;version&quot;: &quot;::apt&quot;,
            &quot;url&quot;: &quot; &quot;
        },
        {
            &quot;name&quot;: &quot;cherry&quot;,
            &quot;action&quot;: &quot;install&quot;,
            &quot;id&quot;: &quot;5495382&quot;,
            &quot;version&quot;: &quot;::fruits&quot;,
            &quot;url&quot;: &quot; &quot;
        },
        {
            &quot;name&quot;: &quot;registry&quot;,
            &quot;action&quot;: &quot;install&quot;,
            &quot;id&quot;: &quot;8018911&quot;,
            &quot;version&quot;: &quot;::docker&quot;,
            &quot;url&quot;: &quot; &quot;
        }
    ]
}
11:31:09 INFO  Started operation: {'creationTime': '2022-05-11T11:31:09.551Z', 'deviceName': 'm32sd10b', 'deviceId': '18764684', 'self': 'https://t493319102.eu-latest.cumulocity.com/devicecontrol/operations/18811748', 'id': '18811748', 'status': 'PENDING', 'description': &quot;Apply software changes, triggered from PySys: [{'action': 'install', 'id': '5495053', 'name': 'apple', 'url': ' ', 'version': '::fruits'}, {'action': 'install', 'id': '5494888', 'name': 'banana', 'url': ' ', 'version': '::fruits'}, {'action': 'install', 'id': '5475369', 'name': 'asciijump', 'url': ' ', 'version': '::apt'}, {'action': 'install', 'id': '5495382', 'name': 'cherry', 'url': ' ', 'version': '::fruits'}, {'action': 'install', 'id': '8018911', 'name': 'registry', 'url': ' ', 'version': '::docker'}]&quot;, 'c8y_SoftwareUpdate': [{'name': 'apple', 'action': 'install', 'id': '5495053', 'version': '::fruits', 'url': ' '}, {'name': 'banana', 'action': 'install', 'id': '5494888', 'version': '::fruits', 'url': ' '}, {'name': 'asciijump', 'action': 'install', 'id': '5475369', 'version': '::apt', 'url': ' '}, {'name': 'cherry', 'action': 'install', 'id': '5495382', 'version': '::fruits', 'url': ' '}, {'name': 'registry', 'action': 'install', 'id': '8018911', 'version': '::docker', 'url': ' '}]}
11:31:11 INFO  State of operation 18811748 : PENDING
11:31:14 INFO  State of operation 18811748 : EXECUTING
11:31:16 INFO  State of operation 18811748 : EXECUTING
11:31:18 INFO  State of operation 18811748 : EXECUTING
11:31:20 INFO  State of operation 18811748 : EXECUTING
11:31:22 INFO  State of operation 18811748 : EXECUTING
11:31:25 INFO  State of operation 18811748 : EXECUTING
11:31:28 INFO  State of operation 18811748 : EXECUTING
11:31:30 INFO  State of operation 18811748 : EXECUTING
11:31:32 INFO  State of operation 18811748 : EXECUTING
11:31:35 INFO  State of operation 18811748 : EXECUTING
11:31:37 INFO  State of operation 18811748 : EXECUTING
11:31:39 INFO  State of operation 18811748 : EXECUTING
11:31:41 INFO  State of operation 18811748 : EXECUTING
11:31:44 INFO  State of operation 18811748 : EXECUTING
11:31:46 INFO  State of operation 18811748 : EXECUTING
11:31:48 INFO  State of operation 18811748 : EXECUTING
11:31:50 INFO  State of operation 18811748 : EXECUTING
11:31:53 INFO  State of operation 18811748 : EXECUTING
11:31:55 INFO  State of operation 18811748 : EXECUTING
11:31:57 INFO  State of operation 18811748 : EXECUTING
11:32:00 INFO  State of operation 18811748 : EXECUTING
11:32:02 INFO  State of operation 18811748 : EXECUTING
11:32:04 INFO  State of operation 18811748 : EXECUTING
11:32:06 INFO  State of operation 18811748 : EXECUTING
11:32:08 INFO  State of operation 18811748 : SUCCESSFUL
11:32:09 INFO  Package apple is installed
11:32:09 INFO  Assert that (True == value) with value=True ... passed
11:32:09 INFO  Package banana is installed
11:32:09 INFO  Assert that (True == value) with value=True ... passed
11:32:09 INFO  Package cherry is installed
11:32:09 INFO  Assert that (True == value) with value=True ... passed
11:32:09 INFO  Package asciijump is installed
11:32:09 INFO  Assert that (True == value) with value=True ... passed
11:32:10 INFO  Package registry is installed
11:32:10 INFO  Assert that (True == value) with value=True ... passed
11:32:10 INFO  Response status: 201
11:32:10 INFO  Response to action: {
    &quot;creationTime&quot;: &quot;2022-05-11T11:32:10.290Z&quot;,
    &quot;deviceName&quot;: &quot;m32sd10b&quot;,
    &quot;deviceId&quot;: &quot;18764684&quot;,
    &quot;self&quot;: &quot;https://t493319102.eu-latest.cumulocity.com/devicecontrol/operations/18811764&quot;,
    &quot;id&quot;: &quot;18811764&quot;,
    &quot;status&quot;: &quot;PENDING&quot;,
    &quot;description&quot;: &quot;Apply software changes, triggered from PySys: [{'action': 'delete', 'id': '5495053', 'name': 'apple', 'url': ' ', 'version': '::fruits'}, {'action': 'delete', 'id': '5494888', 'name': 'banana', 'url': ' ', 'version': '::fruits'}, {'action': 'delete', 'id': '5475369', 'name': 'asciijump', 'url': ' ', 'version': '::apt'}, {'action': 'delete', 'id': '5495382', 'name': 'cherry', 'url': ' ', 'version': '::fruits'}, {'action': 'delete', 'id': '8018911', 'name': 'registry', 'url': ' ', 'version': '::docker'}]&quot;,
    &quot;c8y_SoftwareUpdate&quot;: [
        {
            &quot;name&quot;: &quot;apple&quot;,
            &quot;action&quot;: &quot;delete&quot;,
            &quot;id&quot;: &quot;5495053&quot;,
            &quot;version&quot;: &quot;::fruits&quot;,
            &quot;url&quot;: &quot; &quot;
        },
        {
            &quot;name&quot;: &quot;banana&quot;,
            &quot;action&quot;: &quot;delete&quot;,
            &quot;id&quot;: &quot;5494888&quot;,
            &quot;version&quot;: &quot;::fruits&quot;,
            &quot;url&quot;: &quot; &quot;
        },
        {
            &quot;name&quot;: &quot;asciijump&quot;,
            &quot;action&quot;: &quot;delete&quot;,
            &quot;id&quot;: &quot;5475369&quot;,
            &quot;version&quot;: &quot;::apt&quot;,
            &quot;url&quot;: &quot; &quot;
        },
        {
            &quot;name&quot;: &quot;cherry&quot;,
            &quot;action&quot;: &quot;delete&quot;,
            &quot;id&quot;: &quot;5495382&quot;,
            &quot;version&quot;: &quot;::fruits&quot;,
            &quot;url&quot;: &quot; &quot;
        },
        {
            &quot;name&quot;: &quot;registry&quot;,
            &quot;action&quot;: &quot;delete&quot;,
            &quot;id&quot;: &quot;8018911&quot;,
            &quot;version&quot;: &quot;::docker&quot;,
            &quot;url&quot;: &quot; &quot;
        }
    ]
}
11:32:10 INFO  Started operation: {'creationTime': '2022-05-11T11:32:10.290Z', 'deviceName': 'm32sd10b', 'deviceId': '18764684', 'self': 'https://t493319102.eu-latest.cumulocity.com/devicecontrol/operations/18811764', 'id': '18811764', 'status': 'PENDING', 'description': &quot;Apply software changes, triggered from PySys: [{'action': 'delete', 'id': '5495053', 'name': 'apple', 'url': ' ', 'version': '::fruits'}, {'action': 'delete', 'id': '5494888', 'name': 'banana', 'url': ' ', 'version': '::fruits'}, {'action': 'delete', 'id': '5475369', 'name': 'asciijump', 'url': ' ', 'version': '::apt'}, {'action': 'delete', 'id': '5495382', 'name': 'cherry', 'url': ' ', 'version': '::fruits'}, {'action': 'delete', 'id': '8018911', 'name': 'registry', 'url': ' ', 'version': '::docker'}]&quot;, 'c8y_SoftwareUpdate': [{'name': 'apple', 'action': 'delete', 'id': '5495053', 'version': '::fruits', 'url': ' '}, {'name': 'banana', 'action': 'delete', 'id': '5494888', 'version': '::fruits', 'url': ' '}, {'name': 'asciijump', 'action': 'delete', 'id': '5475369', 'version': '::apt', 'url': ' '}, {'name': 'cherry', 'action': 'delete', 'id': '5495382', 'version': '::fruits', 'url': ' '}, {'name': 'registry', 'action': 'delete', 'id': '8018911', 'version': '::docker', 'url': ' '}]}
11:32:12 INFO  State of operation 18811764 : PENDING
11:32:14 INFO  State of operation 18811764 : EXECUTING
11:32:17 INFO  State of operation 18811764 : EXECUTING
11:32:19 INFO  State of operation 18811764 : EXECUTING
11:32:21 INFO  State of operation 18811764 : EXECUTING
11:32:23 INFO  State of operation 18811764 : EXECUTING
11:32:26 INFO  State of operation 18811764 : EXECUTING
11:32:29 INFO  State of operation 18811764 : EXECUTING
11:32:31 INFO  State of operation 18811764 : EXECUTING
11:32:34 INFO  State of operation 18811764 : EXECUTING
11:32:36 INFO  State of operation 18811764 : EXECUTING
11:32:38 INFO  State of operation 18811764 : EXECUTING
11:32:40 INFO  State of operation 18811764 : EXECUTING
11:32:43 INFO  State of operation 18811764 : EXECUTING
11:32:45 INFO  State of operation 18811764 : EXECUTING
11:32:47 INFO  State of operation 18811764 : EXECUTING
11:32:51 INFO  State of operation 18811764 : EXECUTING
11:32:54 INFO  State of operation 18811764 : EXECUTING
11:32:56 INFO  State of operation 18811764 : EXECUTING
11:32:58 INFO  State of operation 18811764 : EXECUTING
11:33:00 INFO  State of operation 18811764 : EXECUTING
11:33:03 INFO  State of operation 18811764 : EXECUTING
11:33:05 INFO  State of operation 18811764 : EXECUTING
11:33:08 INFO  State of operation 18811764 : EXECUTING
11:33:10 INFO  State of operation 18811764 : EXECUTING
11:33:12 INFO  State of operation 18811764 : EXECUTING
11:33:14 INFO  State of operation 18811764 : EXECUTING
11:33:17 INFO  State of operation 18811764 : EXECUTING
11:33:19 INFO  State of operation 18811764 : EXECUTING
11:33:21 INFO  State of operation 18811764 : SUCCESSFUL
11:33:21 INFO  Package apple is installed
11:33:21 INFO  Assert that (True == value) with value=True ... passed
11:33:22 INFO  Package banana is installed
11:33:22 INFO  Assert that (True == value) with value=True ... passed
11:33:22 INFO  Package cherry is installed
11:33:22 INFO  Assert that (True == value) with value=True ... passed
11:33:22 INFO  Assert that (False == value) with value=False ... passed
11:33:22 INFO  Assert that (False == value) with value=False ... passed
11:33:22 INFO  
11:33:22 INFO  cleanup:
11:33:26 INFO  Executed sudo&lt;tedge_disconnect_c8y&gt;, exit status 0
11:33:27 INFO  Executed systemctl&lt;serv_mapper5&gt;, exit status 3
11:33:27 INFO  
11:33:27 INFO  Test duration: 164.92 secs
11:33:27 INFO  Test final outcome:  FAILED
11:33:27 INFO  Test outcome reason: Assert that (False == value) with value=True
11:33:27 INFO  
</system-out>
	</testcase>
</testsuite>
