<?xml version="1.0" encoding="utf-8"?>
<testsuite failures="1" name="SoftwareManagement.sm_apt_install_remove" skipped="0" tests="1" time="166.26" timestamp="2022-04-21T14:48:20">
	<testcase classname="PySysTest" name="SoftwareManagement.sm_apt_install_remove">
		<failure message="BLOCKED: SystemError: Timeout while waiting for status FAILED or SUCCESSFUL" type="BLOCKED"/>
		<system-out>14:45:33 INFO  ==============================================================
14:45:33 INFO  Id:    SoftwareManagement.sm_apt_install_remove
14:45:33 INFO  Dir:   software_management_end_to_end/
14:45:33 INFO  Title: Validate end to end behaviour for the apt plugin for installation and removal of packages
14:45:33 INFO  ==============================================================
14:45:33 INFO  Using sw id database: {'asciijump': '5475369', 'robotfindskitten': '5474869', 'squirrel3': '5475279', 'rolldice': '5152439', 'moon-buggy': '5439204', 'apple': '5495053', 'banana': '5494888', 'cherry': '5495382', 'watermelon': '5494510', 'registry': '8018911', 'hello-world': '8021526', 'docker/getting-started': '8021973', 'alpine': '7991792'}
14:45:33 INFO  EnvironmentC8y Setup
14:45:34 INFO  Executed systemctl&lt;serv_mapper1&gt;, exit status 3
14:45:34 INFO  Restarting mosquitto too frequently in the last 10 seconds. It was only up for 5 seconds
14:45:34 INFO  Delaying execution by 6 seconds
14:45:56 INFO  Executed sudo&lt;tedge_connect_c8y&gt;, exit status 0, duration 15 secs
14:45:56 INFO  Executed sudo&lt;tedge_connect_c8y_test&gt;, exit status 0
14:45:57 INFO  Executed systemctl&lt;serv_mosq2&gt;, exit status 0
14:45:57 INFO  Executed systemctl&lt;serv_mapper3&gt;, exit status 0
14:46:00 INFO  State of current operation: PENDING
14:46:02 INFO  State of current operation: PENDING
14:46:04 INFO  State of current operation: PENDING
14:46:06 INFO  State of current operation: PENDING
14:46:09 INFO  State of current operation: PENDING
14:46:11 INFO  State of current operation: PENDING
14:46:13 INFO  State of current operation: PENDING
14:46:15 INFO  State of current operation: PENDING
14:46:17 INFO  State of current operation: PENDING
14:46:20 INFO  State of current operation: PENDING
14:46:22 INFO  State of current operation: PENDING
14:46:24 INFO  State of current operation: PENDING
14:46:26 INFO  State of current operation: PENDING
14:46:29 INFO  State of current operation: PENDING
14:46:31 INFO  State of current operation: PENDING
14:46:33 INFO  State of current operation: PENDING
14:46:35 INFO  State of current operation: PENDING
14:46:37 INFO  State of current operation: PENDING
14:46:40 INFO  State of current operation: PENDING
14:46:42 INFO  State of current operation: PENDING
14:46:44 INFO  State of current operation: PENDING
14:46:46 INFO  State of current operation: PENDING
14:46:48 INFO  State of current operation: PENDING
14:46:51 INFO  State of current operation: PENDING
14:46:53 INFO  State of current operation: PENDING
14:46:55 INFO  State of current operation: PENDING
14:46:57 INFO  State of current operation: PENDING
14:47:00 INFO  State of current operation: PENDING
14:47:02 INFO  State of current operation: PENDING
14:47:04 INFO  State of current operation: PENDING
14:47:06 INFO  State of current operation: PENDING
14:47:08 INFO  State of current operation: PENDING
14:47:11 INFO  State of current operation: PENDING
14:47:13 INFO  State of current operation: PENDING
14:47:15 INFO  State of current operation: PENDING
14:47:17 INFO  State of current operation: PENDING
14:47:20 INFO  State of current operation: PENDING
14:47:22 INFO  State of current operation: PENDING
14:47:24 INFO  State of current operation: PENDING
14:47:26 INFO  State of current operation: PENDING
14:47:28 INFO  State of current operation: PENDING
14:47:31 INFO  State of current operation: PENDING
14:47:33 INFO  State of current operation: PENDING
14:47:35 INFO  State of current operation: PENDING
14:47:37 INFO  State of current operation: PENDING
14:47:40 INFO  State of current operation: PENDING
14:47:42 INFO  State of current operation: PENDING
14:47:44 INFO  State of current operation: PENDING
14:47:46 INFO  State of current operation: PENDING
14:47:48 INFO  State of current operation: PENDING
14:47:51 INFO  State of current operation: PENDING
14:47:53 INFO  State of current operation: PENDING
14:47:55 INFO  State of current operation: PENDING
14:47:57 INFO  State of current operation: PENDING
14:48:00 INFO  State of current operation: PENDING
14:48:02 INFO  State of current operation: PENDING
14:48:04 INFO  State of current operation: PENDING
14:48:06 INFO  State of current operation: PENDING
14:48:08 INFO  State of current operation: PENDING
14:48:11 INFO  State of current operation: PENDING
14:48:13 INFO  State of current operation: PENDING
14:48:15 WARN  SystemError occurred while running test - Timeout while waiting for status FAILED or SUCCESSFUL
Traceback (most recent call last):
  File &quot;/home/pi/env-pysys/lib/python3.7/site-packages/pysys/baserunner.py&quot;, line 1292, in __call__
    self.testObj.setup()
  File &quot;/home/pi/actions-runner/_work/thin-edge.io/thin-edge.io/tests/PySys/software_management_end_to_end/sm_apt_install_remove/run.py&quot;, line 27, in setup
    super().setup()
  File &quot;/home/pi/actions-runner/_work/thin-edge.io/thin-edge.io/tests/PySys/software_management_end_to_end/environment_sm_management.py&quot;, line 151, in setup
    self.wait_until_end()
  File &quot;/home/pi/actions-runner/_work/thin-edge.io/thin-edge.io/tests/PySys/software_management_end_to_end/environment_sm_management.py&quot;, line 332, in wait_until_end
    self.wait_until_status(&quot;FAILED&quot;, &quot;SUCCESSFUL&quot;)
  File &quot;/home/pi/actions-runner/_work/thin-edge.io/thin-edge.io/tests/PySys/software_management_end_to_end/environment_sm_management.py&quot;, line 381, in wait_until_status
    &quot;Timeout while waiting for status %s or %s&quot; % (status, status2)
SystemError: Timeout while waiting for status FAILED or SUCCESSFUL
14:48:15 WARN  SystemError: Timeout while waiting for status FAILED or SUCCESSFUL ... blocked 
14:48:15 INFO  
14:48:15 INFO  cleanup:
14:48:19 INFO  Executed sudo&lt;tedge_disconnect_c8y&gt;, exit status 0
14:48:20 INFO  Executed systemctl&lt;serv_mapper5&gt;, exit status 3
14:48:20 INFO  
14:48:20 INFO  Test duration: 166.26 secs
14:48:20 INFO  Test final outcome:  BLOCKED
14:48:20 INFO  Test outcome reason: SystemError: Timeout while waiting for status FAILED or SUCCESSFUL
14:48:20 INFO  
</system-out>
	</testcase>
</testsuite>
