<?xml version="1.0" encoding="utf-8"?>
<testsuite failures="1" name="SoftwareManagement.sm_apt_install_remove_default" skipped="0" tests="1" time="165.83" timestamp="2022-04-25T22:37:00">
	<testcase classname="PySysTest" name="SoftwareManagement.sm_apt_install_remove_default">
		<failure message="BLOCKED: SystemError: Timeout while waiting for status FAILED or SUCCESSFUL" type="BLOCKED"/>
		<system-out>22:34:14 INFO  ==============================================================
22:34:14 INFO  Id:    SoftwareManagement.sm_apt_install_remove_default
22:34:14 INFO  Dir:   software_management_end_to_end/
22:34:14 INFO  Title: Validate end to end behaviour for the default plugin for installation and removal of packages
22:34:14 INFO  ==============================================================
22:34:14 INFO  Using sw id database: {'asciijump': '5475369', 'robotfindskitten': '5474869', 'squirrel3': '5475279', 'rolldice': '5152439', 'moon-buggy': '5439204', 'apple': '5495053', 'banana': '5494888', 'cherry': '5495382', 'watermelon': '5494510', 'registry': '8018911', 'hello-world': '8021526', 'docker/getting-started': '8021973', 'alpine': '7991792'}
22:34:14 INFO  EnvironmentC8y Setup
22:34:15 INFO  Executed systemctl&lt;serv_mapper1&gt;, exit status 3
22:34:15 INFO  Restarting mosquitto too frequently in the last 10 seconds. It was only up for 4 seconds
22:34:15 INFO  Delaying execution by 7 seconds
22:34:36 INFO  Executed sudo&lt;tedge_connect_c8y&gt;, exit status 0, duration 14 secs
22:34:37 INFO  Executed sudo&lt;tedge_connect_c8y_test&gt;, exit status 0
22:34:37 INFO  Executed systemctl&lt;serv_mosq2&gt;, exit status 0
22:34:38 INFO  Executed systemctl&lt;serv_mapper3&gt;, exit status 0
22:34:40 INFO  State of current operation: PENDING
22:34:42 INFO  State of current operation: PENDING
22:34:45 INFO  State of current operation: PENDING
22:34:47 INFO  State of current operation: PENDING
22:34:49 INFO  State of current operation: PENDING
22:34:51 INFO  State of current operation: PENDING
22:34:53 INFO  State of current operation: PENDING
22:34:56 INFO  State of current operation: PENDING
22:34:58 INFO  State of current operation: PENDING
22:35:00 INFO  State of current operation: PENDING
22:35:02 INFO  State of current operation: PENDING
22:35:04 INFO  State of current operation: PENDING
22:35:07 INFO  State of current operation: PENDING
22:35:09 INFO  State of current operation: PENDING
22:35:11 INFO  State of current operation: PENDING
22:35:13 INFO  State of current operation: PENDING
22:35:16 INFO  State of current operation: PENDING
22:35:18 INFO  State of current operation: PENDING
22:35:20 INFO  State of current operation: PENDING
22:35:22 INFO  State of current operation: PENDING
22:35:24 INFO  State of current operation: PENDING
22:35:27 INFO  State of current operation: PENDING
22:35:29 INFO  State of current operation: PENDING
22:35:31 INFO  State of current operation: PENDING
22:35:33 INFO  State of current operation: PENDING
22:35:36 INFO  State of current operation: PENDING
22:35:38 INFO  State of current operation: PENDING
22:35:40 INFO  State of current operation: PENDING
22:35:42 INFO  State of current operation: PENDING
22:35:44 INFO  State of current operation: PENDING
22:35:47 INFO  State of current operation: PENDING
22:35:49 INFO  State of current operation: PENDING
22:35:51 INFO  State of current operation: PENDING
22:35:53 INFO  State of current operation: PENDING
22:35:56 INFO  State of current operation: PENDING
22:35:58 INFO  State of current operation: PENDING
22:36:00 INFO  State of current operation: PENDING
22:36:02 INFO  State of current operation: PENDING
22:36:04 INFO  State of current operation: PENDING
22:36:07 INFO  State of current operation: PENDING
22:36:09 INFO  State of current operation: PENDING
22:36:11 INFO  State of current operation: PENDING
22:36:13 INFO  State of current operation: PENDING
22:36:16 INFO  State of current operation: PENDING
22:36:18 INFO  State of current operation: PENDING
22:36:20 INFO  State of current operation: PENDING
22:36:22 INFO  State of current operation: PENDING
22:36:24 INFO  State of current operation: PENDING
22:36:27 INFO  State of current operation: PENDING
22:36:29 INFO  State of current operation: PENDING
22:36:31 INFO  State of current operation: PENDING
22:36:33 INFO  State of current operation: PENDING
22:36:36 INFO  State of current operation: PENDING
22:36:38 INFO  State of current operation: PENDING
22:36:40 INFO  State of current operation: PENDING
22:36:42 INFO  State of current operation: PENDING
22:36:44 INFO  State of current operation: PENDING
22:36:47 INFO  State of current operation: PENDING
22:36:49 INFO  State of current operation: PENDING
22:36:51 INFO  State of current operation: PENDING
22:36:53 INFO  State of current operation: PENDING
22:36:55 WARN  SystemError occurred while running test - Timeout while waiting for status FAILED or SUCCESSFUL
Traceback (most recent call last):
  File &quot;/home/pi/env-pysys/lib/python3.7/site-packages/pysys/baserunner.py&quot;, line 1292, in __call__
    self.testObj.setup()
  File &quot;/home/pi/actions-runner/_work/thin-edge.io/thin-edge.io/tests/PySys/software_management_end_to_end/sm_apt_install_remove_default/run.py&quot;, line 26, in setup
    super().setup()
  File &quot;/home/pi/actions-runner/_work/thin-edge.io/thin-edge.io/tests/PySys/software_management_end_to_end/environment_sm_management.py&quot;, line 151, in setup
    self.wait_until_end()
  File &quot;/home/pi/actions-runner/_work/thin-edge.io/thin-edge.io/tests/PySys/software_management_end_to_end/environment_sm_management.py&quot;, line 332, in wait_until_end
    self.wait_until_status(&quot;FAILED&quot;, &quot;SUCCESSFUL&quot;)
  File &quot;/home/pi/actions-runner/_work/thin-edge.io/thin-edge.io/tests/PySys/software_management_end_to_end/environment_sm_management.py&quot;, line 381, in wait_until_status
    &quot;Timeout while waiting for status %s or %s&quot; % (status, status2)
SystemError: Timeout while waiting for status FAILED or SUCCESSFUL
22:36:55 WARN  SystemError: Timeout while waiting for status FAILED or SUCCESSFUL ... blocked 
22:36:55 INFO  
22:36:55 INFO  cleanup:
22:36:59 INFO  Executed sudo&lt;tedge_disconnect_c8y&gt;, exit status 0
22:37:00 INFO  Executed systemctl&lt;serv_mapper5&gt;, exit status 3
22:37:00 INFO  
22:37:00 INFO  Test duration: 165.83 secs
22:37:00 INFO  Test final outcome:  BLOCKED
22:37:00 INFO  Test outcome reason: SystemError: Timeout while waiting for status FAILED or SUCCESSFUL
22:37:00 INFO  
</system-out>
	</testcase>
</testsuite>
