<?xml version="1.0" encoding="utf-8"?>
<testsuite failures="1" name="SoftwareManagement.sm_apt_install_remove_multiple" skipped="0" tests="1" time="139.54" timestamp="2022-04-24T13:21:23">
	<testcase classname="PySysTest" name="SoftwareManagement.sm_apt_install_remove_multiple">
		<failure message="FAILED: Assert that (False == value) with value=True (+2 other failures)" type="FAILED"/>
		<system-out>13:19:03 INFO  ==============================================================
13:19:03 INFO  Id:    SoftwareManagement.sm_apt_install_remove_multiple
13:19:03 INFO  Dir:   software_management_end_to_end/
13:19:03 INFO  Title: Validate end to end behaviour for the apt plugin for multiple packages
13:19:03 INFO  ==============================================================
13:19:03 INFO  Using sw id database: {'asciijump': '5475369', 'robotfindskitten': '5474869', 'squirrel3': '5475279', 'rolldice': '5152439', 'moon-buggy': '5439204', 'apple': '5495053', 'banana': '5494888', 'cherry': '5495382', 'watermelon': '5494510', 'registry': '8018911', 'hello-world': '8021526', 'docker/getting-started': '8021973', 'alpine': '7991792'}
13:19:03 INFO  EnvironmentC8y Setup
13:19:04 INFO  Executed systemctl&lt;serv_mapper1&gt;, exit status 3
13:19:04 INFO  Restarting mosquitto too frequently in the last 10 seconds. It was only up for 4 seconds
13:19:04 INFO  Delaying execution by 7 seconds
13:19:25 INFO  Executed sudo&lt;tedge_connect_c8y&gt;, exit status 0, duration 14 secs
13:19:26 INFO  Executed sudo&lt;tedge_connect_c8y_test&gt;, exit status 0
13:19:26 INFO  Executed systemctl&lt;serv_mosq2&gt;, exit status 0
13:19:27 INFO  Executed systemctl&lt;serv_mapper3&gt;, exit status 0
13:19:29 INFO  State of current operation: SUCCESSFUL
13:19:29 INFO  Assert that (False == value) with value=False ... passed
13:19:29 INFO  Package asciijump is installed
13:19:30 WARN  Assert that (False == value) with value=True ... failed 
13:19:30 INFO  Package squirrel3 is installed
13:19:30 WARN  Assert that (False == value) with value=True ... failed 
13:19:30 INFO  Package robotfindskitten is installed
13:19:30 WARN  Assert that (False == value) with value=True ... failed 
13:19:30 INFO  Response status: 201
13:19:30 INFO  Response to action: {
    &quot;creationTime&quot;: &quot;2022-04-24T13:19:30.778Z&quot;,
    &quot;deviceName&quot;: &quot;m32sd10b&quot;,
    &quot;deviceId&quot;: &quot;17586691&quot;,
    &quot;self&quot;: &quot;https://t493319102.eu-latest.cumulocity.com/devicecontrol/operations/17668763&quot;,
    &quot;id&quot;: &quot;17668763&quot;,
    &quot;status&quot;: &quot;PENDING&quot;,
    &quot;description&quot;: &quot;Apply software changes, triggered from PySys: [{'action': 'install', 'id': '5475369', 'name': 'asciijump', 'url': ' ', 'version': '::apt'}, {'action': 'install', 'id': '5474869', 'name': 'robotfindskitten', 'url': ' ', 'version': '::apt'}, {'action': 'install', 'id': '5475279', 'name': 'squirrel3', 'url': ' ', 'version': '::apt'}]&quot;,
    &quot;c8y_SoftwareUpdate&quot;: [
        {
            &quot;name&quot;: &quot;asciijump&quot;,
            &quot;action&quot;: &quot;install&quot;,
            &quot;id&quot;: &quot;5475369&quot;,
            &quot;version&quot;: &quot;::apt&quot;,
            &quot;url&quot;: &quot; &quot;
        },
        {
            &quot;name&quot;: &quot;robotfindskitten&quot;,
            &quot;action&quot;: &quot;install&quot;,
            &quot;id&quot;: &quot;5474869&quot;,
            &quot;version&quot;: &quot;::apt&quot;,
            &quot;url&quot;: &quot; &quot;
        },
        {
            &quot;name&quot;: &quot;squirrel3&quot;,
            &quot;action&quot;: &quot;install&quot;,
            &quot;id&quot;: &quot;5475279&quot;,
            &quot;version&quot;: &quot;::apt&quot;,
            &quot;url&quot;: &quot; &quot;
        }
    ]
}
13:19:30 INFO  Started operation: {'creationTime': '2022-04-24T13:19:30.778Z', 'deviceName': 'm32sd10b', 'deviceId': '17586691', 'self': 'https://t493319102.eu-latest.cumulocity.com/devicecontrol/operations/17668763', 'id': '17668763', 'status': 'PENDING', 'description': &quot;Apply software changes, triggered from PySys: [{'action': 'install', 'id': '5475369', 'name': 'asciijump', 'url': ' ', 'version': '::apt'}, {'action': 'install', 'id': '5474869', 'name': 'robotfindskitten', 'url': ' ', 'version': '::apt'}, {'action': 'install', 'id': '5475279', 'name': 'squirrel3', 'url': ' ', 'version': '::apt'}]&quot;, 'c8y_SoftwareUpdate': [{'name': 'asciijump', 'action': 'install', 'id': '5475369', 'version': '::apt', 'url': ' '}, {'name': 'robotfindskitten', 'action': 'install', 'id': '5474869', 'version': '::apt', 'url': ' '}, {'name': 'squirrel3', 'action': 'install', 'id': '5475279', 'version': '::apt', 'url': ' '}]}
13:19:33 INFO  State of operation 17668763 : PENDING
13:19:35 INFO  State of operation 17668763 : EXECUTING
13:19:37 INFO  State of operation 17668763 : EXECUTING
13:19:39 INFO  State of operation 17668763 : EXECUTING
13:19:41 INFO  State of operation 17668763 : EXECUTING
13:19:44 INFO  State of operation 17668763 : EXECUTING
13:19:46 INFO  State of operation 17668763 : EXECUTING
13:19:49 INFO  State of operation 17668763 : EXECUTING
13:19:51 INFO  State of operation 17668763 : EXECUTING
13:19:54 INFO  State of operation 17668763 : EXECUTING
13:19:56 INFO  State of operation 17668763 : EXECUTING
13:19:58 INFO  State of operation 17668763 : EXECUTING
13:20:00 INFO  State of operation 17668763 : EXECUTING
13:20:03 INFO  State of operation 17668763 : EXECUTING
13:20:05 INFO  State of operation 17668763 : EXECUTING
13:20:07 INFO  State of operation 17668763 : SUCCESSFUL
13:20:07 INFO  Assert that (False == value) with value=False ... passed
13:20:08 INFO  Package asciijump is installed
13:20:08 INFO  Assert that (True == value) with value=True ... passed
13:20:08 INFO  Package squirrel3 is installed
13:20:08 INFO  Assert that (True == value) with value=True ... passed
13:20:08 INFO  Package robotfindskitten is installed
13:20:08 INFO  Assert that (True == value) with value=True ... passed
13:20:08 INFO  Response status: 201
13:20:08 INFO  Response to action: {
    &quot;creationTime&quot;: &quot;2022-04-24T13:20:08.770Z&quot;,
    &quot;deviceName&quot;: &quot;m32sd10b&quot;,
    &quot;deviceId&quot;: &quot;17586691&quot;,
    &quot;self&quot;: &quot;https://t493319102.eu-latest.cumulocity.com/devicecontrol/operations/17668767&quot;,
    &quot;id&quot;: &quot;17668767&quot;,
    &quot;status&quot;: &quot;PENDING&quot;,
    &quot;description&quot;: &quot;Apply software changes, triggered from PySys: [{'action': 'delete', 'id': '5475369', 'name': 'asciijump', 'url': ' ', 'version': '::apt'}, {'action': 'delete', 'id': '5474869', 'name': 'robotfindskitten', 'url': ' ', 'version': '::apt'}, {'action': 'delete', 'id': '5475279', 'name': 'squirrel3', 'url': ' ', 'version': '::apt'}]&quot;,
    &quot;c8y_SoftwareUpdate&quot;: [
        {
            &quot;name&quot;: &quot;asciijump&quot;,
            &quot;action&quot;: &quot;delete&quot;,
            &quot;id&quot;: &quot;5475369&quot;,
            &quot;version&quot;: &quot;::apt&quot;,
            &quot;url&quot;: &quot; &quot;
        },
        {
            &quot;name&quot;: &quot;robotfindskitten&quot;,
            &quot;action&quot;: &quot;delete&quot;,
            &quot;id&quot;: &quot;5474869&quot;,
            &quot;version&quot;: &quot;::apt&quot;,
            &quot;url&quot;: &quot; &quot;
        },
        {
            &quot;name&quot;: &quot;squirrel3&quot;,
            &quot;action&quot;: &quot;delete&quot;,
            &quot;id&quot;: &quot;5475279&quot;,
            &quot;version&quot;: &quot;::apt&quot;,
            &quot;url&quot;: &quot; &quot;
        }
    ]
}
13:20:08 INFO  Started operation: {'creationTime': '2022-04-24T13:20:08.770Z', 'deviceName': 'm32sd10b', 'deviceId': '17586691', 'self': 'https://t493319102.eu-latest.cumulocity.com/devicecontrol/operations/17668767', 'id': '17668767', 'status': 'PENDING', 'description': &quot;Apply software changes, triggered from PySys: [{'action': 'delete', 'id': '5475369', 'name': 'asciijump', 'url': ' ', 'version': '::apt'}, {'action': 'delete', 'id': '5474869', 'name': 'robotfindskitten', 'url': ' ', 'version': '::apt'}, {'action': 'delete', 'id': '5475279', 'name': 'squirrel3', 'url': ' ', 'version': '::apt'}]&quot;, 'c8y_SoftwareUpdate': [{'name': 'asciijump', 'action': 'delete', 'id': '5475369', 'version': '::apt', 'url': ' '}, {'name': 'robotfindskitten', 'action': 'delete', 'id': '5474869', 'version': '::apt', 'url': ' '}, {'name': 'squirrel3', 'action': 'delete', 'id': '5475279', 'version': '::apt', 'url': ' '}]}
13:20:11 INFO  State of operation 17668767 : PENDING
13:20:13 INFO  State of operation 17668767 : EXECUTING
13:20:15 INFO  State of operation 17668767 : EXECUTING
13:20:17 INFO  State of operation 17668767 : EXECUTING
13:20:19 INFO  State of operation 17668767 : EXECUTING
13:20:22 INFO  State of operation 17668767 : EXECUTING
13:20:24 INFO  State of operation 17668767 : EXECUTING
13:20:27 INFO  State of operation 17668767 : EXECUTING
13:20:29 INFO  State of operation 17668767 : EXECUTING
13:20:32 INFO  State of operation 17668767 : EXECUTING
13:20:34 INFO  State of operation 17668767 : EXECUTING
13:20:36 INFO  State of operation 17668767 : EXECUTING
13:20:38 INFO  State of operation 17668767 : EXECUTING
13:20:41 INFO  State of operation 17668767 : EXECUTING
13:20:43 INFO  State of operation 17668767 : EXECUTING
13:20:45 INFO  State of operation 17668767 : EXECUTING
13:20:48 INFO  State of operation 17668767 : EXECUTING
13:20:50 INFO  State of operation 17668767 : EXECUTING
13:20:54 INFO  State of operation 17668767 : EXECUTING
13:20:56 INFO  State of operation 17668767 : EXECUTING
13:20:58 INFO  State of operation 17668767 : EXECUTING
13:21:01 INFO  State of operation 17668767 : EXECUTING
13:21:03 INFO  State of operation 17668767 : EXECUTING
13:21:05 INFO  State of operation 17668767 : EXECUTING
13:21:08 INFO  State of operation 17668767 : EXECUTING
13:21:10 INFO  State of operation 17668767 : EXECUTING
13:21:12 INFO  State of operation 17668767 : EXECUTING
13:21:15 INFO  State of operation 17668767 : EXECUTING
13:21:17 INFO  State of operation 17668767 : SUCCESSFUL
13:21:17 INFO  Assert that (False == value) with value=False ... passed
13:21:17 INFO  Assert that (False == value) with value=False ... passed
13:21:18 INFO  Assert that (False == value) with value=False ... passed
13:21:18 INFO  Assert that (False == value) with value=False ... passed
13:21:18 INFO  
13:21:18 INFO  cleanup:
13:21:22 INFO  Executed sudo&lt;tedge_disconnect_c8y&gt;, exit status 0
13:21:23 INFO  Executed systemctl&lt;serv_mapper5&gt;, exit status 3
13:21:23 INFO  
13:21:23 INFO  Test duration: 139.54 secs
13:21:23 INFO  Test final outcome:  FAILED
13:21:23 INFO  Test outcome reason: Assert that (False == value) with value=True (+2 other failures)
13:21:23 INFO  
</system-out>
	</testcase>
</testsuite>
