<?xml version="1.0" encoding="utf-8"?>
<testsuite failures="1" name="SoftwareManagement.sm_apt_install_download_path" skipped="0" tests="1" time="4.06" timestamp="2022-04-27T11:06:14">
	<testcase classname="AptInstallWithDownloadPath" name="SoftwareManagement.sm_apt_install_download_path">
		<failure message="BLOCKED: sudo&lt;tedge_connect_c8y&gt; returned non-zero exit code 1" type="BLOCKED"/>
		<system-out>11:06:10 INFO  ==============================================================
11:06:10 INFO  Id:    SoftwareManagement.sm_apt_install_download_path
11:06:10 INFO  Dir:   software_management_end_to_end/
11:06:10 INFO  Title: Install package to directory specified in tedge config set tmp.path
11:06:10 INFO  ==============================================================
11:06:11 INFO  Using sw id database: {'asciijump': '5475369', 'robotfindskitten': '5474869', 'squirrel3': '5475279', 'rolldice': '5152439', 'moon-buggy': '5439204', 'apple': '5495053', 'banana': '5494888', 'cherry': '5495382', 'watermelon': '5494510', 'registry': '8018911', 'hello-world': '8021526', 'docker/getting-started': '8021973', 'alpine': '7991792'}
11:06:11 INFO  EnvironmentC8y Setup
11:06:12 INFO  Executed systemctl&lt;serv_mapper1&gt;, exit status 3
11:06:12 WARN  Executed sudo&lt;tedge_connect_c8y&gt;, exit status 1
11:06:12 INFO  Contents of tedge_connect_c8y.err: 
  Error: failed to connect Cumulocity cloud.
  Caused by:
      A value for `c8y.url` is missing.
          A value can be set with `tedge config set c8y.url &lt;value&gt;`
  -----

11:06:13 WARN  sudo&lt;tedge_connect_c8y&gt; returned non-zero exit code 1 ... blocked 
11:06:13 WARN  Aborted test due to BLOCKED outcome
11:06:13 INFO  
11:06:13 INFO  cleanup:
11:06:13 INFO  Executed sudo&lt;tedge_disconnect_c8y&gt;, exit status 0
11:06:14 INFO  Executed systemctl&lt;serv_mapper5&gt;, exit status 3
11:06:14 INFO  
11:06:14 INFO  Test duration: 4.06 secs
11:06:14 INFO  Test final outcome:  BLOCKED
11:06:14 INFO  Test outcome reason: sudo&lt;tedge_connect_c8y&gt; returned non-zero exit code 1
11:06:14 INFO  
</system-out>
	</testcase>
</testsuite>
