<?xml version="1.0" encoding="utf-8"?>
<testsuite failures="1" name="SoftwareManagement.sm_mixed_install_remove_multiple" skipped="0" tests="1" time="167.22" timestamp="2022-04-24T13:33:58">
	<testcase classname="PySysTest" name="SoftwareManagement.sm_mixed_install_remove_multiple">
		<failure message="FAILED: Assert that (False == value) with value=True" type="FAILED"/>
		<system-out>13:31:11 INFO  ==============================================================
13:31:11 INFO  Id:    SoftwareManagement.sm_mixed_install_remove_multiple
13:31:11 INFO  Dir:   software_management_end_to_end/
13:31:11 INFO  Title: Validate end to end behaviour for the dummy-plugin for multiple packages with mixed versions
13:31:11 INFO  ==============================================================
13:31:11 INFO  Using sw id database: {'asciijump': '5475369', 'robotfindskitten': '5474869', 'squirrel3': '5475279', 'rolldice': '5152439', 'moon-buggy': '5439204', 'apple': '5495053', 'banana': '5494888', 'cherry': '5495382', 'watermelon': '5494510', 'registry': '8018911', 'hello-world': '8021526', 'docker/getting-started': '8021973', 'alpine': '7991792'}
13:31:11 INFO  EnvironmentC8y Setup
13:31:12 INFO  Executed systemctl&lt;serv_mapper1&gt;, exit status 3
13:31:12 INFO  Restarting mosquitto too frequently in the last 10 seconds. It was only up for 4 seconds
13:31:12 INFO  Delaying execution by 7 seconds
13:31:33 INFO  Executed sudo&lt;tedge_connect_c8y&gt;, exit status 0, duration 14 secs
13:31:34 INFO  Executed sudo&lt;tedge_connect_c8y_test&gt;, exit status 0
13:31:34 INFO  Executed systemctl&lt;serv_mosq2&gt;, exit status 0
13:31:35 INFO  Executed systemctl&lt;serv_mapper3&gt;, exit status 0
13:31:37 INFO  State of current operation: SUCCESSFUL
13:31:37 INFO  Package apple is installed
13:31:37 INFO  Assert that (True == value) with value=True ... passed
13:31:37 INFO  Package banana is installed
13:31:37 INFO  Assert that (True == value) with value=True ... passed
13:31:37 INFO  Package cherry is installed
13:31:37 INFO  Assert that (True == value) with value=True ... passed
13:31:38 INFO  Package asciijump is installed
13:31:38 WARN  Assert that (False == value) with value=True ... failed 
13:31:38 INFO  Assert that (False == value) with value=False ... passed
13:31:38 INFO  Response status: 201
13:31:38 INFO  Response to action: {
    &quot;creationTime&quot;: &quot;2022-04-24T13:31:38.564Z&quot;,
    &quot;deviceName&quot;: &quot;m32sd10b&quot;,
    &quot;deviceId&quot;: &quot;17586691&quot;,
    &quot;self&quot;: &quot;https://t493319102.eu-latest.cumulocity.com/devicecontrol/operations/17668818&quot;,
    &quot;id&quot;: &quot;17668818&quot;,
    &quot;status&quot;: &quot;PENDING&quot;,
    &quot;description&quot;: &quot;Apply software changes, triggered from PySys: [{'action': 'install', 'id': '5495053', 'name': 'apple', 'url': ' ', 'version': '::fruits'}, {'action': 'install', 'id': '5494888', 'name': 'banana', 'url': ' ', 'version': '::fruits'}, {'action': 'install', 'id': '5475369', 'name': 'asciijump', 'url': ' ', 'version': '::apt'}, {'action': 'install', 'id': '5495382', 'name': 'cherry', 'url': ' ', 'version': '::fruits'}, {'action': 'install', 'id': '8018911', 'name': 'registry', 'url': ' ', 'version': '::docker'}]&quot;,
    &quot;c8y_SoftwareUpdate&quot;: [
        {
            &quot;name&quot;: &quot;apple&quot;,
            &quot;action&quot;: &quot;install&quot;,
            &quot;id&quot;: &quot;5495053&quot;,
            &quot;version&quot;: &quot;::fruits&quot;,
            &quot;url&quot;: &quot; &quot;
        },
        {
            &quot;name&quot;: &quot;banana&quot;,
            &quot;action&quot;: &quot;install&quot;,
            &quot;id&quot;: &quot;5494888&quot;,
            &quot;version&quot;: &quot;::fruits&quot;,
            &quot;url&quot;: &quot; &quot;
        },
        {
            &quot;name&quot;: &quot;asciijump&quot;,
            &quot;action&quot;: &quot;install&quot;,
            &quot;id&quot;: &quot;5475369&quot;,
            &quot;version&quot;: &quot;::apt&quot;,
            &quot;url&quot;: &quot; &quot;
        },
        {
            &quot;name&quot;: &quot;cherry&quot;,
            &quot;action&quot;: &quot;install&quot;,
            &quot;id&quot;: &quot;5495382&quot;,
            &quot;version&quot;: &quot;::fruits&quot;,
            &quot;url&quot;: &quot; &quot;
        },
        {
            &quot;name&quot;: &quot;registry&quot;,
            &quot;action&quot;: &quot;install&quot;,
            &quot;id&quot;: &quot;8018911&quot;,
            &quot;version&quot;: &quot;::docker&quot;,
            &quot;url&quot;: &quot; &quot;
        }
    ]
}
13:31:38 INFO  Started operation: {'creationTime': '2022-04-24T13:31:38.564Z', 'deviceName': 'm32sd10b', 'deviceId': '17586691', 'self': 'https://t493319102.eu-latest.cumulocity.com/devicecontrol/operations/17668818', 'id': '17668818', 'status': 'PENDING', 'description': &quot;Apply software changes, triggered from PySys: [{'action': 'install', 'id': '5495053', 'name': 'apple', 'url': ' ', 'version': '::fruits'}, {'action': 'install', 'id': '5494888', 'name': 'banana', 'url': ' ', 'version': '::fruits'}, {'action': 'install', 'id': '5475369', 'name': 'asciijump', 'url': ' ', 'version': '::apt'}, {'action': 'install', 'id': '5495382', 'name': 'cherry', 'url': ' ', 'version': '::fruits'}, {'action': 'install', 'id': '8018911', 'name': 'registry', 'url': ' ', 'version': '::docker'}]&quot;, 'c8y_SoftwareUpdate': [{'name': 'apple', 'action': 'install', 'id': '5495053', 'version': '::fruits', 'url': ' '}, {'name': 'banana', 'action': 'install', 'id': '5494888', 'version': '::fruits', 'url': ' '}, {'name': 'asciijump', 'action': 'install', 'id': '5475369', 'version': '::apt', 'url': ' '}, {'name': 'cherry', 'action': 'install', 'id': '5495382', 'version': '::fruits', 'url': ' '}, {'name': 'registry', 'action': 'install', 'id': '8018911', 'version': '::docker', 'url': ' '}]}
13:31:40 INFO  State of operation 17668818 : PENDING
13:31:43 INFO  State of operation 17668818 : EXECUTING
13:31:45 INFO  State of operation 17668818 : EXECUTING
13:31:47 INFO  State of operation 17668818 : EXECUTING
13:31:49 INFO  State of operation 17668818 : EXECUTING
13:31:51 INFO  State of operation 17668818 : EXECUTING
13:31:54 INFO  State of operation 17668818 : EXECUTING
13:31:56 INFO  State of operation 17668818 : EXECUTING
13:31:59 INFO  State of operation 17668818 : EXECUTING
13:32:02 INFO  State of operation 17668818 : EXECUTING
13:32:04 INFO  State of operation 17668818 : EXECUTING
13:32:06 INFO  State of operation 17668818 : EXECUTING
13:32:08 INFO  State of operation 17668818 : EXECUTING
13:32:10 INFO  State of operation 17668818 : EXECUTING
13:32:13 INFO  State of operation 17668818 : EXECUTING
13:32:15 INFO  State of operation 17668818 : EXECUTING
13:32:17 INFO  State of operation 17668818 : EXECUTING
13:32:20 INFO  State of operation 17668818 : EXECUTING
13:32:22 INFO  State of operation 17668818 : EXECUTING
13:32:24 INFO  State of operation 17668818 : EXECUTING
13:32:26 INFO  State of operation 17668818 : EXECUTING
13:32:29 INFO  State of operation 17668818 : EXECUTING
13:32:31 INFO  State of operation 17668818 : EXECUTING
13:32:33 INFO  State of operation 17668818 : EXECUTING
13:32:35 INFO  State of operation 17668818 : EXECUTING
13:32:38 INFO  State of operation 17668818 : SUCCESSFUL
13:32:38 INFO  Package apple is installed
13:32:38 INFO  Assert that (True == value) with value=True ... passed
13:32:38 INFO  Package banana is installed
13:32:38 INFO  Assert that (True == value) with value=True ... passed
13:32:38 INFO  Package cherry is installed
13:32:38 INFO  Assert that (True == value) with value=True ... passed
13:32:39 INFO  Package asciijump is installed
13:32:39 INFO  Assert that (True == value) with value=True ... passed
13:32:39 INFO  Package registry is installed
13:32:39 INFO  Assert that (True == value) with value=True ... passed
13:32:39 INFO  Response status: 201
13:32:39 INFO  Response to action: {
    &quot;creationTime&quot;: &quot;2022-04-24T13:32:39.479Z&quot;,
    &quot;deviceName&quot;: &quot;m32sd10b&quot;,
    &quot;deviceId&quot;: &quot;17586691&quot;,
    &quot;self&quot;: &quot;https://t493319102.eu-latest.cumulocity.com/devicecontrol/operations/17668822&quot;,
    &quot;id&quot;: &quot;17668822&quot;,
    &quot;status&quot;: &quot;PENDING&quot;,
    &quot;description&quot;: &quot;Apply software changes, triggered from PySys: [{'action': 'delete', 'id': '5495053', 'name': 'apple', 'url': ' ', 'version': '::fruits'}, {'action': 'delete', 'id': '5494888', 'name': 'banana', 'url': ' ', 'version': '::fruits'}, {'action': 'delete', 'id': '5475369', 'name': 'asciijump', 'url': ' ', 'version': '::apt'}, {'action': 'delete', 'id': '5495382', 'name': 'cherry', 'url': ' ', 'version': '::fruits'}, {'action': 'delete', 'id': '8018911', 'name': 'registry', 'url': ' ', 'version': '::docker'}]&quot;,
    &quot;c8y_SoftwareUpdate&quot;: [
        {
            &quot;name&quot;: &quot;apple&quot;,
            &quot;action&quot;: &quot;delete&quot;,
            &quot;id&quot;: &quot;5495053&quot;,
            &quot;version&quot;: &quot;::fruits&quot;,
            &quot;url&quot;: &quot; &quot;
        },
        {
            &quot;name&quot;: &quot;banana&quot;,
            &quot;action&quot;: &quot;delete&quot;,
            &quot;id&quot;: &quot;5494888&quot;,
            &quot;version&quot;: &quot;::fruits&quot;,
            &quot;url&quot;: &quot; &quot;
        },
        {
            &quot;name&quot;: &quot;asciijump&quot;,
            &quot;action&quot;: &quot;delete&quot;,
            &quot;id&quot;: &quot;5475369&quot;,
            &quot;version&quot;: &quot;::apt&quot;,
            &quot;url&quot;: &quot; &quot;
        },
        {
            &quot;name&quot;: &quot;cherry&quot;,
            &quot;action&quot;: &quot;delete&quot;,
            &quot;id&quot;: &quot;5495382&quot;,
            &quot;version&quot;: &quot;::fruits&quot;,
            &quot;url&quot;: &quot; &quot;
        },
        {
            &quot;name&quot;: &quot;registry&quot;,
            &quot;action&quot;: &quot;delete&quot;,
            &quot;id&quot;: &quot;8018911&quot;,
            &quot;version&quot;: &quot;::docker&quot;,
            &quot;url&quot;: &quot; &quot;
        }
    ]
}
13:32:39 INFO  Started operation: {'creationTime': '2022-04-24T13:32:39.479Z', 'deviceName': 'm32sd10b', 'deviceId': '17586691', 'self': 'https://t493319102.eu-latest.cumulocity.com/devicecontrol/operations/17668822', 'id': '17668822', 'status': 'PENDING', 'description': &quot;Apply software changes, triggered from PySys: [{'action': 'delete', 'id': '5495053', 'name': 'apple', 'url': ' ', 'version': '::fruits'}, {'action': 'delete', 'id': '5494888', 'name': 'banana', 'url': ' ', 'version': '::fruits'}, {'action': 'delete', 'id': '5475369', 'name': 'asciijump', 'url': ' ', 'version': '::apt'}, {'action': 'delete', 'id': '5495382', 'name': 'cherry', 'url': ' ', 'version': '::fruits'}, {'action': 'delete', 'id': '8018911', 'name': 'registry', 'url': ' ', 'version': '::docker'}]&quot;, 'c8y_SoftwareUpdate': [{'name': 'apple', 'action': 'delete', 'id': '5495053', 'version': '::fruits', 'url': ' '}, {'name': 'banana', 'action': 'delete', 'id': '5494888', 'version': '::fruits', 'url': ' '}, {'name': 'asciijump', 'action': 'delete', 'id': '5475369', 'version': '::apt', 'url': ' '}, {'name': 'cherry', 'action': 'delete', 'id': '5495382', 'version': '::fruits', 'url': ' '}, {'name': 'registry', 'action': 'delete', 'id': '8018911', 'version': '::docker', 'url': ' '}]}
13:32:41 INFO  State of operation 17668822 : PENDING
13:32:43 INFO  State of operation 17668822 : EXECUTING
13:32:46 INFO  State of operation 17668822 : EXECUTING
13:32:48 INFO  State of operation 17668822 : EXECUTING
13:32:50 INFO  State of operation 17668822 : EXECUTING
13:32:52 INFO  State of operation 17668822 : EXECUTING
13:32:55 INFO  State of operation 17668822 : EXECUTING
13:32:57 INFO  State of operation 17668822 : EXECUTING
13:33:00 INFO  State of operation 17668822 : EXECUTING
13:33:03 INFO  State of operation 17668822 : EXECUTING
13:33:05 INFO  State of operation 17668822 : EXECUTING
13:33:07 INFO  State of operation 17668822 : EXECUTING
13:33:09 INFO  State of operation 17668822 : EXECUTING
13:33:11 INFO  State of operation 17668822 : EXECUTING
13:33:14 INFO  State of operation 17668822 : EXECUTING
13:33:16 INFO  State of operation 17668822 : EXECUTING
13:33:20 INFO  State of operation 17668822 : EXECUTING
13:33:23 INFO  State of operation 17668822 : EXECUTING
13:33:25 INFO  State of operation 17668822 : EXECUTING
13:33:27 INFO  State of operation 17668822 : EXECUTING
13:33:29 INFO  State of operation 17668822 : EXECUTING
13:33:32 INFO  State of operation 17668822 : EXECUTING
13:33:34 INFO  State of operation 17668822 : EXECUTING
13:33:37 INFO  State of operation 17668822 : EXECUTING
13:33:39 INFO  State of operation 17668822 : EXECUTING
13:33:41 INFO  State of operation 17668822 : EXECUTING
13:33:43 INFO  State of operation 17668822 : EXECUTING
13:33:46 INFO  State of operation 17668822 : EXECUTING
13:33:48 INFO  State of operation 17668822 : EXECUTING
13:33:50 INFO  State of operation 17668822 : EXECUTING
13:33:52 INFO  State of operation 17668822 : SUCCESSFUL
13:33:53 INFO  Package apple is installed
13:33:53 INFO  Assert that (True == value) with value=True ... passed
13:33:53 INFO  Package banana is installed
13:33:53 INFO  Assert that (True == value) with value=True ... passed
13:33:53 INFO  Package cherry is installed
13:33:53 INFO  Assert that (True == value) with value=True ... passed
13:33:53 INFO  Assert that (False == value) with value=False ... passed
13:33:54 INFO  Assert that (False == value) with value=False ... passed
13:33:54 INFO  
13:33:54 INFO  cleanup:
13:33:58 INFO  Executed sudo&lt;tedge_disconnect_c8y&gt;, exit status 0
13:33:58 INFO  Executed systemctl&lt;serv_mapper5&gt;, exit status 3
13:33:58 INFO  
13:33:58 INFO  Test duration: 167.22 secs
13:33:58 INFO  Test final outcome:  FAILED
13:33:58 INFO  Test outcome reason: Assert that (False == value) with value=True
13:33:58 INFO  
</system-out>
	</testcase>
</testsuite>
