<?xml version="1.0" encoding="utf-8"?>
<testsuite failures="1" name="SoftwareManagement.sm_apt_install_download_path" skipped="0" tests="1" time="84.89" timestamp="2022-04-25T22:28:44">
	<testcase classname="AptInstallWithDownloadPath" name="SoftwareManagement.sm_apt_install_download_path">
		<failure message="BLOCKED: AssertionError:" type="BLOCKED"/>
		<system-out>22:27:19 INFO  ==============================================================
22:27:19 INFO  Id:    SoftwareManagement.sm_apt_install_download_path
22:27:19 INFO  Dir:   software_management_end_to_end/
22:27:19 INFO  Title: Install package to directory specified in tedge config set tmp.path
22:27:19 INFO  ==============================================================
22:27:21 INFO  Using sw id database: {'asciijump': '5475369', 'robotfindskitten': '5474869', 'squirrel3': '5475279', 'rolldice': '5152439', 'moon-buggy': '5439204', 'apple': '5495053', 'banana': '5494888', 'cherry': '5495382', 'watermelon': '5494510', 'registry': '8018911', 'hello-world': '8021526', 'docker/getting-started': '8021973', 'alpine': '7991792'}
22:27:21 INFO  EnvironmentC8y Setup
22:27:21 INFO  Executed systemctl&lt;serv_mapper1&gt;, exit status 3
22:27:35 INFO  Executed sudo&lt;tedge_connect_c8y&gt;, exit status 0, duration 14 secs
22:27:36 INFO  Executed sudo&lt;tedge_connect_c8y_test&gt;, exit status 0
22:27:37 INFO  Executed systemctl&lt;serv_mosq2&gt;, exit status 0
22:27:37 INFO  Executed systemctl&lt;serv_mapper3&gt;, exit status 0
22:27:39 INFO  State of current operation: SUCCESSFUL
22:27:39 INFO  Assert that (False == value) with value=False ... passed
22:27:40 INFO  Executed sudo, exit status 0
22:27:40 INFO  Executed sudo, exit status 0
22:27:41 INFO  Executed sudo, exit status 0
22:27:45 INFO  Executed sudo&lt;tedge_disconnect_c8y&gt;, exit status 0
22:27:45 INFO  Restarting mosquitto too frequently in the last 10 seconds. It was only up for 3 seconds
22:27:45 INFO  Delaying execution by 8 seconds
22:28:07 INFO  Executed sudo&lt;tedge_connect_c8y&gt;, exit status 0, duration 13 secs
22:28:07 INFO  Response status: 201
22:28:07 INFO  Response to action: {
    &quot;creationTime&quot;: &quot;2022-04-25T22:28:07.828Z&quot;,
    &quot;deviceName&quot;: &quot;m32sd10b&quot;,
    &quot;deviceId&quot;: &quot;17668832&quot;,
    &quot;self&quot;: &quot;https://t493319102.eu-latest.cumulocity.com/devicecontrol/operations/17709043&quot;,
    &quot;id&quot;: &quot;17709043&quot;,
    &quot;status&quot;: &quot;PENDING&quot;,
    &quot;description&quot;: &quot;Apply software changes, triggered from PySys: [{'name': 'rolldice', 'id': '5152439', 'version': '::apt', 'url': 'https://thin-edge-io.eu-latest.cumulocity.com/inventory/binaries/12435463', 'action': 'install'}]&quot;,
    &quot;c8y_SoftwareUpdate&quot;: [
        {
            &quot;name&quot;: &quot;rolldice&quot;,
            &quot;action&quot;: &quot;install&quot;,
            &quot;id&quot;: &quot;5152439&quot;,
            &quot;version&quot;: &quot;::apt&quot;,
            &quot;url&quot;: &quot;https://thin-edge-io.eu-latest.cumulocity.com/inventory/binaries/12435463&quot;
        }
    ]
}
22:28:07 INFO  Started operation: {'creationTime': '2022-04-25T22:28:07.828Z', 'deviceName': 'm32sd10b', 'deviceId': '17668832', 'self': 'https://t493319102.eu-latest.cumulocity.com/devicecontrol/operations/17709043', 'id': '17709043', 'status': 'PENDING', 'description': &quot;Apply software changes, triggered from PySys: [{'name': 'rolldice', 'id': '5152439', 'version': '::apt', 'url': 'https://thin-edge-io.eu-latest.cumulocity.com/inventory/binaries/12435463', 'action': 'install'}]&quot;, 'c8y_SoftwareUpdate': [{'name': 'rolldice', 'action': 'install', 'id': '5152439', 'version': '::apt', 'url': 'https://thin-edge-io.eu-latest.cumulocity.com/inventory/binaries/12435463'}]}
22:28:07 WARN  , retrying in 0.5 seconds...
22:28:08 WARN  , retrying in 0.5 seconds...
22:28:08 WARN  , retrying in 0.5 seconds...
22:28:09 WARN  , retrying in 0.5 seconds...
22:28:09 WARN  , retrying in 0.5 seconds...
22:28:10 WARN  , retrying in 0.5 seconds...
22:28:10 WARN  , retrying in 0.5 seconds...
22:28:11 WARN  , retrying in 0.5 seconds...
22:28:11 WARN  , retrying in 0.5 seconds...
22:28:12 WARN  AssertionError occurred while running test - 
Traceback (most recent call last):
  File &quot;/home/pi/env-pysys/lib/python3.7/site-packages/pysys/baserunner.py&quot;, line 1294, in __call__
    self.testObj.execute()
  File &quot;/home/pi/actions-runner/_work/thin-edge.io/thin-edge.io/tests/PySys/software_management_end_to_end/sm_apt_install_download_path/run.py&quot;, line 83, in execute
    assert_install_in_download_path(install_directory=self.DOWNLOAD_DIR)
  File &quot;/home/pi/env-pysys/lib/python3.7/site-packages/decorator.py&quot;, line 232, in fun
    return caller(func, *(extras + args), **kw)
  File &quot;/home/pi/env-pysys/lib/python3.7/site-packages/retry/api.py&quot;, line 74, in retry_decorator
    logger)
  File &quot;/home/pi/env-pysys/lib/python3.7/site-packages/retry/api.py&quot;, line 33, in __retry_internal
    return f()
  File &quot;/home/pi/actions-runner/_work/thin-edge.io/thin-edge.io/tests/PySys/software_management_end_to_end/sm_apt_install_download_path/run.py&quot;, line 28, in assert_install_in_download_path
    assert &quot;rolldice&quot; in os.listdir(f&quot;{install_directory}&quot;)
AssertionError
22:28:12 WARN  AssertionError: ... blocked 
22:28:12 INFO  
22:28:12 INFO  cleanup:
22:28:12 INFO  Executed sudo, exit status 0
22:28:13 INFO  Executed sudo, exit status 0
22:28:18 INFO  Executed sudo&lt;tedge_disconnect_c8y&gt;, exit status 0
22:28:18 INFO  Restarting mosquitto too frequently in the last 10 seconds. It was only up for 4 seconds
22:28:18 INFO  Delaying execution by 7 seconds
22:28:39 INFO  Executed sudo&lt;tedge_connect_c8y&gt;, exit status 0, duration 14 secs
22:28:43 INFO  Executed sudo&lt;tedge_disconnect_c8y&gt;, exit status 0
22:28:44 INFO  Executed systemctl&lt;serv_mapper5&gt;, exit status 3
22:28:44 INFO  
22:28:44 INFO  Test duration: 84.89 secs
22:28:44 INFO  Test final outcome:  BLOCKED
22:28:44 INFO  Test outcome reason: AssertionError:
22:28:44 INFO  
</system-out>
	</testcase>
</testsuite>
