<?xml version="1.0" encoding="utf-8"?>
<testsuite failures="1" name="SoftwareManagement.sm_apt_install_remove_multiple" skipped="0" tests="1" time="137.65" timestamp="2022-05-13T16:07:08">
	<testcase classname="PySysTest" name="SoftwareManagement.sm_apt_install_remove_multiple">
		<failure message="FAILED: Assert that (False == value) with value=True (+2 other failures)" type="FAILED"/>
		<system-out>16:04:51 INFO  ==============================================================
16:04:51 INFO  Id:    SoftwareManagement.sm_apt_install_remove_multiple
16:04:51 INFO  Dir:   software_management_end_to_end/
16:04:51 INFO  Title: Validate end to end behaviour for the apt plugin for multiple packages
16:04:51 INFO  ==============================================================
16:04:51 INFO  Using sw id database: {'asciijump': '5475369', 'robotfindskitten': '5474869', 'squirrel3': '5475279', 'rolldice': '5152439', 'moon-buggy': '5439204', 'apple': '5495053', 'banana': '5494888', 'cherry': '5495382', 'watermelon': '5494510', 'registry': '8018911', 'hello-world': '8021526', 'docker/getting-started': '8021973', 'alpine': '7991792'}
16:04:51 INFO  EnvironmentC8y Setup
16:04:51 INFO  Executed systemctl&lt;serv_mapper1&gt;, exit status 3
16:04:51 INFO  Restarting mosquitto too frequently in the last 10 seconds. It was only up for 5 seconds
16:04:51 INFO  Delaying execution by 6 seconds
16:05:12 INFO  Executed sudo&lt;tedge_connect_c8y&gt;, exit status 0, duration 14 secs
16:05:12 INFO  Executed sudo&lt;tedge_connect_c8y_test&gt;, exit status 0
16:05:13 INFO  Executed systemctl&lt;serv_mosq2&gt;, exit status 0
16:05:13 INFO  Executed systemctl&lt;serv_mapper3&gt;, exit status 0
16:05:15 INFO  State of current operation: SUCCESSFUL
16:05:16 INFO  Assert that (False == value) with value=False ... passed
16:05:16 INFO  Package asciijump is installed
16:05:16 WARN  Assert that (False == value) with value=True ... failed 
16:05:16 INFO  Package squirrel3 is installed
16:05:17 WARN  Assert that (False == value) with value=True ... failed 
16:05:17 INFO  Package robotfindskitten is installed
16:05:17 WARN  Assert that (False == value) with value=True ... failed 
16:05:17 INFO  Response status: 201
16:05:17 INFO  Response to action: {
    &quot;creationTime&quot;: &quot;2022-05-13T16:05:17.430Z&quot;,
    &quot;deviceId&quot;: &quot;19035650&quot;,
    &quot;deviceName&quot;: &quot;m32sd10b&quot;,
    &quot;self&quot;: &quot;https://t493319102.eu-latest.cumulocity.com/devicecontrol/operations/19054330&quot;,
    &quot;id&quot;: &quot;19054330&quot;,
    &quot;status&quot;: &quot;PENDING&quot;,
    &quot;description&quot;: &quot;Apply software changes, triggered from PySys: [{'action': 'install', 'id': '5475369', 'name': 'asciijump', 'url': ' ', 'version': '::apt'}, {'action': 'install', 'id': '5474869', 'name': 'robotfindskitten', 'url': ' ', 'version': '::apt'}, {'action': 'install', 'id': '5475279', 'name': 'squirrel3', 'url': ' ', 'version': '::apt'}]&quot;,
    &quot;c8y_SoftwareUpdate&quot;: [
        {
            &quot;name&quot;: &quot;asciijump&quot;,
            &quot;action&quot;: &quot;install&quot;,
            &quot;id&quot;: &quot;5475369&quot;,
            &quot;version&quot;: &quot;::apt&quot;,
            &quot;url&quot;: &quot; &quot;
        },
        {
            &quot;name&quot;: &quot;robotfindskitten&quot;,
            &quot;action&quot;: &quot;install&quot;,
            &quot;id&quot;: &quot;5474869&quot;,
            &quot;version&quot;: &quot;::apt&quot;,
            &quot;url&quot;: &quot; &quot;
        },
        {
            &quot;name&quot;: &quot;squirrel3&quot;,
            &quot;action&quot;: &quot;install&quot;,
            &quot;id&quot;: &quot;5475279&quot;,
            &quot;version&quot;: &quot;::apt&quot;,
            &quot;url&quot;: &quot; &quot;
        }
    ]
}
16:05:17 INFO  Started operation: {'creationTime': '2022-05-13T16:05:17.430Z', 'deviceId': '19035650', 'deviceName': 'm32sd10b', 'self': 'https://t493319102.eu-latest.cumulocity.com/devicecontrol/operations/19054330', 'id': '19054330', 'status': 'PENDING', 'description': &quot;Apply software changes, triggered from PySys: [{'action': 'install', 'id': '5475369', 'name': 'asciijump', 'url': ' ', 'version': '::apt'}, {'action': 'install', 'id': '5474869', 'name': 'robotfindskitten', 'url': ' ', 'version': '::apt'}, {'action': 'install', 'id': '5475279', 'name': 'squirrel3', 'url': ' ', 'version': '::apt'}]&quot;, 'c8y_SoftwareUpdate': [{'name': 'asciijump', 'action': 'install', 'id': '5475369', 'version': '::apt', 'url': ' '}, {'name': 'robotfindskitten', 'action': 'install', 'id': '5474869', 'version': '::apt', 'url': ' '}, {'name': 'squirrel3', 'action': 'install', 'id': '5475279', 'version': '::apt', 'url': ' '}]}
16:05:19 INFO  State of operation 19054330 : PENDING
16:05:21 INFO  State of operation 19054330 : EXECUTING
16:05:24 INFO  State of operation 19054330 : EXECUTING
16:05:26 INFO  State of operation 19054330 : EXECUTING
16:05:28 INFO  State of operation 19054330 : EXECUTING
16:05:30 INFO  State of operation 19054330 : EXECUTING
16:05:33 INFO  State of operation 19054330 : EXECUTING
16:05:36 INFO  State of operation 19054330 : EXECUTING
16:05:38 INFO  State of operation 19054330 : EXECUTING
16:05:41 INFO  State of operation 19054330 : EXECUTING
16:05:43 INFO  State of operation 19054330 : EXECUTING
16:05:45 INFO  State of operation 19054330 : EXECUTING
16:05:47 INFO  State of operation 19054330 : EXECUTING
16:05:49 INFO  State of operation 19054330 : EXECUTING
16:05:52 INFO  State of operation 19054330 : EXECUTING
16:05:54 INFO  State of operation 19054330 : SUCCESSFUL
16:05:54 INFO  Assert that (False == value) with value=False ... passed
16:05:54 INFO  Package asciijump is installed
16:05:54 INFO  Assert that (True == value) with value=True ... passed
16:05:55 INFO  Package squirrel3 is installed
16:05:55 INFO  Assert that (True == value) with value=True ... passed
16:05:55 INFO  Package robotfindskitten is installed
16:05:55 INFO  Assert that (True == value) with value=True ... passed
16:05:55 INFO  Response status: 201
16:05:55 INFO  Response to action: {
    &quot;creationTime&quot;: &quot;2022-05-13T16:05:55.587Z&quot;,
    &quot;deviceId&quot;: &quot;19035650&quot;,
    &quot;deviceName&quot;: &quot;m32sd10b&quot;,
    &quot;self&quot;: &quot;https://t493319102.eu-latest.cumulocity.com/devicecontrol/operations/19054348&quot;,
    &quot;id&quot;: &quot;19054348&quot;,
    &quot;status&quot;: &quot;PENDING&quot;,
    &quot;description&quot;: &quot;Apply software changes, triggered from PySys: [{'action': 'delete', 'id': '5475369', 'name': 'asciijump', 'url': ' ', 'version': '::apt'}, {'action': 'delete', 'id': '5474869', 'name': 'robotfindskitten', 'url': ' ', 'version': '::apt'}, {'action': 'delete', 'id': '5475279', 'name': 'squirrel3', 'url': ' ', 'version': '::apt'}]&quot;,
    &quot;c8y_SoftwareUpdate&quot;: [
        {
            &quot;name&quot;: &quot;asciijump&quot;,
            &quot;action&quot;: &quot;delete&quot;,
            &quot;id&quot;: &quot;5475369&quot;,
            &quot;version&quot;: &quot;::apt&quot;,
            &quot;url&quot;: &quot; &quot;
        },
        {
            &quot;name&quot;: &quot;robotfindskitten&quot;,
            &quot;action&quot;: &quot;delete&quot;,
            &quot;id&quot;: &quot;5474869&quot;,
            &quot;version&quot;: &quot;::apt&quot;,
            &quot;url&quot;: &quot; &quot;
        },
        {
            &quot;name&quot;: &quot;squirrel3&quot;,
            &quot;action&quot;: &quot;delete&quot;,
            &quot;id&quot;: &quot;5475279&quot;,
            &quot;version&quot;: &quot;::apt&quot;,
            &quot;url&quot;: &quot; &quot;
        }
    ]
}
16:05:55 INFO  Started operation: {'creationTime': '2022-05-13T16:05:55.587Z', 'deviceId': '19035650', 'deviceName': 'm32sd10b', 'self': 'https://t493319102.eu-latest.cumulocity.com/devicecontrol/operations/19054348', 'id': '19054348', 'status': 'PENDING', 'description': &quot;Apply software changes, triggered from PySys: [{'action': 'delete', 'id': '5475369', 'name': 'asciijump', 'url': ' ', 'version': '::apt'}, {'action': 'delete', 'id': '5474869', 'name': 'robotfindskitten', 'url': ' ', 'version': '::apt'}, {'action': 'delete', 'id': '5475279', 'name': 'squirrel3', 'url': ' ', 'version': '::apt'}]&quot;, 'c8y_SoftwareUpdate': [{'name': 'asciijump', 'action': 'delete', 'id': '5475369', 'version': '::apt', 'url': ' '}, {'name': 'robotfindskitten', 'action': 'delete', 'id': '5474869', 'version': '::apt', 'url': ' '}, {'name': 'squirrel3', 'action': 'delete', 'id': '5475279', 'version': '::apt', 'url': ' '}]}
16:05:57 INFO  State of operation 19054348 : PENDING
16:06:00 INFO  State of operation 19054348 : EXECUTING
16:06:02 INFO  State of operation 19054348 : EXECUTING
16:06:04 INFO  State of operation 19054348 : EXECUTING
16:06:06 INFO  State of operation 19054348 : EXECUTING
16:06:08 INFO  State of operation 19054348 : EXECUTING
16:06:11 INFO  State of operation 19054348 : EXECUTING
16:06:14 INFO  State of operation 19054348 : EXECUTING
16:06:16 INFO  State of operation 19054348 : EXECUTING
16:06:19 INFO  State of operation 19054348 : EXECUTING
16:06:21 INFO  State of operation 19054348 : EXECUTING
16:06:23 INFO  State of operation 19054348 : EXECUTING
16:06:25 INFO  State of operation 19054348 : EXECUTING
16:06:28 INFO  State of operation 19054348 : EXECUTING
16:06:30 INFO  State of operation 19054348 : EXECUTING
16:06:32 INFO  State of operation 19054348 : EXECUTING
16:06:34 INFO  State of operation 19054348 : EXECUTING
16:06:37 INFO  State of operation 19054348 : EXECUTING
16:06:39 INFO  State of operation 19054348 : EXECUTING
16:06:42 INFO  State of operation 19054348 : EXECUTING
16:06:44 INFO  State of operation 19054348 : EXECUTING
16:06:46 INFO  State of operation 19054348 : EXECUTING
16:06:48 INFO  State of operation 19054348 : EXECUTING
16:06:51 INFO  State of operation 19054348 : EXECUTING
16:06:53 INFO  State of operation 19054348 : EXECUTING
16:06:56 INFO  State of operation 19054348 : EXECUTING
16:06:58 INFO  State of operation 19054348 : EXECUTING
16:07:00 INFO  State of operation 19054348 : EXECUTING
16:07:02 INFO  State of operation 19054348 : SUCCESSFUL
16:07:03 INFO  Assert that (False == value) with value=False ... passed
16:07:03 INFO  Assert that (False == value) with value=False ... passed
16:07:03 INFO  Assert that (False == value) with value=False ... passed
16:07:03 INFO  Assert that (False == value) with value=False ... passed
16:07:03 INFO  
16:07:03 INFO  cleanup:
16:07:08 INFO  Executed sudo&lt;tedge_disconnect_c8y&gt;, exit status 0
16:07:08 INFO  Executed systemctl&lt;serv_mapper5&gt;, exit status 3
16:07:08 INFO  
16:07:08 INFO  Test duration: 137.65 secs
16:07:08 INFO  Test final outcome:  FAILED
16:07:08 INFO  Test outcome reason: Assert that (False == value) with value=True (+2 other failures)
16:07:08 INFO  
</system-out>
	</testcase>
</testsuite>
