<?xml version="1.0" encoding="utf-8"?>
<testsuite failures="1" name="SoftwareManagement.sm_apt_install_remove_multiple" skipped="0" tests="1" time="139.39" timestamp="2022-05-09T15:48:51">
	<testcase classname="PySysTest" name="SoftwareManagement.sm_apt_install_remove_multiple">
		<failure message="FAILED: Assert that (False == value) with value=True (+2 other failures)" type="FAILED"/>
		<system-out>15:46:32 INFO  ==============================================================
15:46:32 INFO  Id:    SoftwareManagement.sm_apt_install_remove_multiple
15:46:32 INFO  Dir:   software_management_end_to_end/
15:46:32 INFO  Title: Validate end to end behaviour for the apt plugin for multiple packages
15:46:32 INFO  ==============================================================
15:46:32 INFO  Using sw id database: {'asciijump': '5475369', 'robotfindskitten': '5474869', 'squirrel3': '5475279', 'rolldice': '5152439', 'moon-buggy': '5439204', 'apple': '5495053', 'banana': '5494888', 'cherry': '5495382', 'watermelon': '5494510', 'registry': '8018911', 'hello-world': '8021526', 'docker/getting-started': '8021973', 'alpine': '7991792'}
15:46:32 INFO  EnvironmentC8y Setup
15:46:32 INFO  Executed systemctl&lt;serv_mapper1&gt;, exit status 3
15:46:32 INFO  Restarting mosquitto too frequently in the last 10 seconds. It was only up for 5 seconds
15:46:32 INFO  Delaying execution by 6 seconds
15:46:52 INFO  Executed sudo&lt;tedge_connect_c8y&gt;, exit status 0, duration 14 secs
15:46:53 INFO  Executed sudo&lt;tedge_connect_c8y_test&gt;, exit status 0
15:46:53 INFO  Executed systemctl&lt;serv_mosq2&gt;, exit status 0
15:46:54 INFO  Executed systemctl&lt;serv_mapper3&gt;, exit status 0
15:46:56 INFO  State of current operation: SUCCESSFUL
15:46:56 INFO  Assert that (False == value) with value=False ... passed
15:46:57 INFO  Package asciijump is installed
15:46:57 WARN  Assert that (False == value) with value=True ... failed 
15:46:57 INFO  Package squirrel3 is installed
15:46:57 WARN  Assert that (False == value) with value=True ... failed 
15:46:57 INFO  Package robotfindskitten is installed
15:46:58 WARN  Assert that (False == value) with value=True ... failed 
15:46:58 INFO  Response status: 201
15:46:58 INFO  Response to action: {
    &quot;creationTime&quot;: &quot;2022-05-09T15:46:58.188Z&quot;,
    &quot;deviceName&quot;: &quot;m32sd10b&quot;,
    &quot;deviceId&quot;: &quot;18537237&quot;,
    &quot;self&quot;: &quot;https://t493319102.eu-latest.cumulocity.com/devicecontrol/operations/18564354&quot;,
    &quot;id&quot;: &quot;18564354&quot;,
    &quot;status&quot;: &quot;PENDING&quot;,
    &quot;description&quot;: &quot;Apply software changes, triggered from PySys: [{'action': 'install', 'id': '5475369', 'name': 'asciijump', 'url': ' ', 'version': '::apt'}, {'action': 'install', 'id': '5474869', 'name': 'robotfindskitten', 'url': ' ', 'version': '::apt'}, {'action': 'install', 'id': '5475279', 'name': 'squirrel3', 'url': ' ', 'version': '::apt'}]&quot;,
    &quot;c8y_SoftwareUpdate&quot;: [
        {
            &quot;name&quot;: &quot;asciijump&quot;,
            &quot;action&quot;: &quot;install&quot;,
            &quot;id&quot;: &quot;5475369&quot;,
            &quot;version&quot;: &quot;::apt&quot;,
            &quot;url&quot;: &quot; &quot;
        },
        {
            &quot;name&quot;: &quot;robotfindskitten&quot;,
            &quot;action&quot;: &quot;install&quot;,
            &quot;id&quot;: &quot;5474869&quot;,
            &quot;version&quot;: &quot;::apt&quot;,
            &quot;url&quot;: &quot; &quot;
        },
        {
            &quot;name&quot;: &quot;squirrel3&quot;,
            &quot;action&quot;: &quot;install&quot;,
            &quot;id&quot;: &quot;5475279&quot;,
            &quot;version&quot;: &quot;::apt&quot;,
            &quot;url&quot;: &quot; &quot;
        }
    ]
}
15:46:58 INFO  Started operation: {'creationTime': '2022-05-09T15:46:58.188Z', 'deviceName': 'm32sd10b', 'deviceId': '18537237', 'self': 'https://t493319102.eu-latest.cumulocity.com/devicecontrol/operations/18564354', 'id': '18564354', 'status': 'PENDING', 'description': &quot;Apply software changes, triggered from PySys: [{'action': 'install', 'id': '5475369', 'name': 'asciijump', 'url': ' ', 'version': '::apt'}, {'action': 'install', 'id': '5474869', 'name': 'robotfindskitten', 'url': ' ', 'version': '::apt'}, {'action': 'install', 'id': '5475279', 'name': 'squirrel3', 'url': ' ', 'version': '::apt'}]&quot;, 'c8y_SoftwareUpdate': [{'name': 'asciijump', 'action': 'install', 'id': '5475369', 'version': '::apt', 'url': ' '}, {'name': 'robotfindskitten', 'action': 'install', 'id': '5474869', 'version': '::apt', 'url': ' '}, {'name': 'squirrel3', 'action': 'install', 'id': '5475279', 'version': '::apt', 'url': ' '}]}
15:47:00 INFO  State of operation 18564354 : PENDING
15:47:02 INFO  State of operation 18564354 : EXECUTING
15:47:04 INFO  State of operation 18564354 : EXECUTING
15:47:07 INFO  State of operation 18564354 : EXECUTING
15:47:09 INFO  State of operation 18564354 : EXECUTING
15:47:11 INFO  State of operation 18564354 : EXECUTING
15:47:14 INFO  State of operation 18564354 : EXECUTING
15:47:16 INFO  State of operation 18564354 : EXECUTING
15:47:19 INFO  State of operation 18564354 : EXECUTING
15:47:21 INFO  State of operation 18564354 : EXECUTING
15:47:23 INFO  State of operation 18564354 : EXECUTING
15:47:26 INFO  State of operation 18564354 : EXECUTING
15:47:28 INFO  State of operation 18564354 : EXECUTING
15:47:30 INFO  State of operation 18564354 : EXECUTING
15:47:32 INFO  State of operation 18564354 : EXECUTING
15:47:35 INFO  State of operation 18564354 : SUCCESSFUL
15:47:35 INFO  Assert that (False == value) with value=False ... passed
15:47:35 INFO  Package asciijump is installed
15:47:35 INFO  Assert that (True == value) with value=True ... passed
15:47:35 INFO  Package squirrel3 is installed
15:47:35 INFO  Assert that (True == value) with value=True ... passed
15:47:35 INFO  Package robotfindskitten is installed
15:47:35 INFO  Assert that (True == value) with value=True ... passed
15:47:36 INFO  Response status: 201
15:47:36 INFO  Response to action: {
    &quot;creationTime&quot;: &quot;2022-05-09T15:47:36.165Z&quot;,
    &quot;deviceName&quot;: &quot;m32sd10b&quot;,
    &quot;deviceId&quot;: &quot;18537237&quot;,
    &quot;self&quot;: &quot;https://t493319102.eu-latest.cumulocity.com/devicecontrol/operations/18564362&quot;,
    &quot;id&quot;: &quot;18564362&quot;,
    &quot;status&quot;: &quot;PENDING&quot;,
    &quot;description&quot;: &quot;Apply software changes, triggered from PySys: [{'action': 'delete', 'id': '5475369', 'name': 'asciijump', 'url': ' ', 'version': '::apt'}, {'action': 'delete', 'id': '5474869', 'name': 'robotfindskitten', 'url': ' ', 'version': '::apt'}, {'action': 'delete', 'id': '5475279', 'name': 'squirrel3', 'url': ' ', 'version': '::apt'}]&quot;,
    &quot;c8y_SoftwareUpdate&quot;: [
        {
            &quot;name&quot;: &quot;asciijump&quot;,
            &quot;action&quot;: &quot;delete&quot;,
            &quot;id&quot;: &quot;5475369&quot;,
            &quot;version&quot;: &quot;::apt&quot;,
            &quot;url&quot;: &quot; &quot;
        },
        {
            &quot;name&quot;: &quot;robotfindskitten&quot;,
            &quot;action&quot;: &quot;delete&quot;,
            &quot;id&quot;: &quot;5474869&quot;,
            &quot;version&quot;: &quot;::apt&quot;,
            &quot;url&quot;: &quot; &quot;
        },
        {
            &quot;name&quot;: &quot;squirrel3&quot;,
            &quot;action&quot;: &quot;delete&quot;,
            &quot;id&quot;: &quot;5475279&quot;,
            &quot;version&quot;: &quot;::apt&quot;,
            &quot;url&quot;: &quot; &quot;
        }
    ]
}
15:47:36 INFO  Started operation: {'creationTime': '2022-05-09T15:47:36.165Z', 'deviceName': 'm32sd10b', 'deviceId': '18537237', 'self': 'https://t493319102.eu-latest.cumulocity.com/devicecontrol/operations/18564362', 'id': '18564362', 'status': 'PENDING', 'description': &quot;Apply software changes, triggered from PySys: [{'action': 'delete', 'id': '5475369', 'name': 'asciijump', 'url': ' ', 'version': '::apt'}, {'action': 'delete', 'id': '5474869', 'name': 'robotfindskitten', 'url': ' ', 'version': '::apt'}, {'action': 'delete', 'id': '5475279', 'name': 'squirrel3', 'url': ' ', 'version': '::apt'}]&quot;, 'c8y_SoftwareUpdate': [{'name': 'asciijump', 'action': 'delete', 'id': '5475369', 'version': '::apt', 'url': ' '}, {'name': 'robotfindskitten', 'action': 'delete', 'id': '5474869', 'version': '::apt', 'url': ' '}, {'name': 'squirrel3', 'action': 'delete', 'id': '5475279', 'version': '::apt', 'url': ' '}]}
15:47:38 INFO  State of operation 18564362 : PENDING
15:47:40 INFO  State of operation 18564362 : EXECUTING
15:47:42 INFO  State of operation 18564362 : EXECUTING
15:47:45 INFO  State of operation 18564362 : EXECUTING
15:47:47 INFO  State of operation 18564362 : EXECUTING
15:47:49 INFO  State of operation 18564362 : EXECUTING
15:47:51 INFO  State of operation 18564362 : EXECUTING
15:47:54 INFO  State of operation 18564362 : EXECUTING
15:47:56 INFO  State of operation 18564362 : EXECUTING
15:47:59 INFO  State of operation 18564362 : EXECUTING
15:48:01 INFO  State of operation 18564362 : EXECUTING
15:48:03 INFO  State of operation 18564362 : EXECUTING
15:48:06 INFO  State of operation 18564362 : EXECUTING
15:48:08 INFO  State of operation 18564362 : EXECUTING
15:48:10 INFO  State of operation 18564362 : EXECUTING
15:48:13 INFO  State of operation 18564362 : EXECUTING
15:48:15 INFO  State of operation 18564362 : EXECUTING
15:48:17 INFO  State of operation 18564362 : EXECUTING
15:48:20 INFO  State of operation 18564362 : EXECUTING
15:48:23 INFO  State of operation 18564362 : EXECUTING
15:48:25 INFO  State of operation 18564362 : EXECUTING
15:48:27 INFO  State of operation 18564362 : EXECUTING
15:48:29 INFO  State of operation 18564362 : EXECUTING
15:48:31 INFO  State of operation 18564362 : EXECUTING
15:48:34 INFO  State of operation 18564362 : EXECUTING
15:48:36 INFO  State of operation 18564362 : EXECUTING
15:48:39 INFO  State of operation 18564362 : EXECUTING
15:48:41 INFO  State of operation 18564362 : EXECUTING
15:48:43 INFO  State of operation 18564362 : EXECUTING
15:48:45 INFO  State of operation 18564362 : SUCCESSFUL
15:48:46 INFO  Assert that (False == value) with value=False ... passed
15:48:46 INFO  Assert that (False == value) with value=False ... passed
15:48:46 INFO  Assert that (False == value) with value=False ... passed
15:48:46 INFO  Assert that (False == value) with value=False ... passed
15:48:46 INFO  
15:48:46 INFO  cleanup:
15:48:50 INFO  Executed sudo&lt;tedge_disconnect_c8y&gt;, exit status 0
15:48:51 INFO  Executed systemctl&lt;serv_mapper5&gt;, exit status 3
15:48:51 INFO  
15:48:51 INFO  Test duration: 139.39 secs
15:48:51 INFO  Test final outcome:  FAILED
15:48:51 INFO  Test outcome reason: Assert that (False == value) with value=True (+2 other failures)
15:48:51 INFO  
</system-out>
	</testcase>
</testsuite>
