<?xml version="1.0" encoding="utf-8"?>
<testsuite failures="1" name="SoftwareManagement.sm_apt_install_remove_multiple" skipped="0" tests="1" time="135.95" timestamp="2022-04-28T13:27:08">
	<testcase classname="PySysTest" name="SoftwareManagement.sm_apt_install_remove_multiple">
		<failure message="FAILED: Assert that (False == value) with value=True (+2 other failures)" type="FAILED"/>
		<system-out>13:24:53 INFO  ==============================================================
13:24:53 INFO  Id:    SoftwareManagement.sm_apt_install_remove_multiple
13:24:53 INFO  Dir:   software_management_end_to_end/
13:24:53 INFO  Title: Validate end to end behaviour for the apt plugin for multiple packages
13:24:53 INFO  ==============================================================
13:24:53 INFO  Using sw id database: {'asciijump': '5475369', 'robotfindskitten': '5474869', 'squirrel3': '5475279', 'rolldice': '5152439', 'moon-buggy': '5439204', 'apple': '5495053', 'banana': '5494888', 'cherry': '5495382', 'watermelon': '5494510', 'registry': '8018911', 'hello-world': '8021526', 'docker/getting-started': '8021973', 'alpine': '7991792'}
13:24:53 INFO  EnvironmentC8y Setup
13:24:53 INFO  Executed systemctl&lt;serv_mapper1&gt;, exit status 3
13:24:53 INFO  Restarting mosquitto too frequently in the last 10 seconds. It was only up for 5 seconds
13:24:53 INFO  Delaying execution by 6 seconds
13:25:13 INFO  Executed sudo&lt;tedge_connect_c8y&gt;, exit status 0, duration 14 secs
13:25:14 INFO  Executed sudo&lt;tedge_connect_c8y_test&gt;, exit status 0
13:25:14 INFO  Executed systemctl&lt;serv_mosq2&gt;, exit status 0
13:25:15 INFO  Executed systemctl&lt;serv_mapper3&gt;, exit status 0
13:25:17 INFO  State of current operation: SUCCESSFUL
13:25:17 INFO  Assert that (False == value) with value=False ... passed
13:25:17 INFO  Package asciijump is installed
13:25:18 WARN  Assert that (False == value) with value=True ... failed 
13:25:18 INFO  Package squirrel3 is installed
13:25:18 WARN  Assert that (False == value) with value=True ... failed 
13:25:18 INFO  Package robotfindskitten is installed
13:25:18 WARN  Assert that (False == value) with value=True ... failed 
13:25:19 INFO  Response status: 201
13:25:19 INFO  Response to action: {
    &quot;creationTime&quot;: &quot;2022-04-28T13:25:18.997Z&quot;,
    &quot;deviceName&quot;: &quot;m32sd10b&quot;,
    &quot;deviceId&quot;: &quot;17884833&quot;,
    &quot;self&quot;: &quot;https://t493319102.eu-latest.cumulocity.com/devicecontrol/operations/17911039&quot;,
    &quot;id&quot;: &quot;17911039&quot;,
    &quot;status&quot;: &quot;PENDING&quot;,
    &quot;description&quot;: &quot;Apply software changes, triggered from PySys: [{'action': 'install', 'id': '5475369', 'name': 'asciijump', 'url': ' ', 'version': '::apt'}, {'action': 'install', 'id': '5474869', 'name': 'robotfindskitten', 'url': ' ', 'version': '::apt'}, {'action': 'install', 'id': '5475279', 'name': 'squirrel3', 'url': ' ', 'version': '::apt'}]&quot;,
    &quot;c8y_SoftwareUpdate&quot;: [
        {
            &quot;name&quot;: &quot;asciijump&quot;,
            &quot;action&quot;: &quot;install&quot;,
            &quot;id&quot;: &quot;5475369&quot;,
            &quot;version&quot;: &quot;::apt&quot;,
            &quot;url&quot;: &quot; &quot;
        },
        {
            &quot;name&quot;: &quot;robotfindskitten&quot;,
            &quot;action&quot;: &quot;install&quot;,
            &quot;id&quot;: &quot;5474869&quot;,
            &quot;version&quot;: &quot;::apt&quot;,
            &quot;url&quot;: &quot; &quot;
        },
        {
            &quot;name&quot;: &quot;squirrel3&quot;,
            &quot;action&quot;: &quot;install&quot;,
            &quot;id&quot;: &quot;5475279&quot;,
            &quot;version&quot;: &quot;::apt&quot;,
            &quot;url&quot;: &quot; &quot;
        }
    ]
}
13:25:19 INFO  Started operation: {'creationTime': '2022-04-28T13:25:18.997Z', 'deviceName': 'm32sd10b', 'deviceId': '17884833', 'self': 'https://t493319102.eu-latest.cumulocity.com/devicecontrol/operations/17911039', 'id': '17911039', 'status': 'PENDING', 'description': &quot;Apply software changes, triggered from PySys: [{'action': 'install', 'id': '5475369', 'name': 'asciijump', 'url': ' ', 'version': '::apt'}, {'action': 'install', 'id': '5474869', 'name': 'robotfindskitten', 'url': ' ', 'version': '::apt'}, {'action': 'install', 'id': '5475279', 'name': 'squirrel3', 'url': ' ', 'version': '::apt'}]&quot;, 'c8y_SoftwareUpdate': [{'name': 'asciijump', 'action': 'install', 'id': '5475369', 'version': '::apt', 'url': ' '}, {'name': 'robotfindskitten', 'action': 'install', 'id': '5474869', 'version': '::apt', 'url': ' '}, {'name': 'squirrel3', 'action': 'install', 'id': '5475279', 'version': '::apt', 'url': ' '}]}
13:25:21 INFO  State of operation 17911039 : PENDING
13:25:23 INFO  State of operation 17911039 : EXECUTING
13:25:25 INFO  State of operation 17911039 : EXECUTING
13:25:27 INFO  State of operation 17911039 : EXECUTING
13:25:30 INFO  State of operation 17911039 : EXECUTING
13:25:32 INFO  State of operation 17911039 : EXECUTING
13:25:35 INFO  State of operation 17911039 : EXECUTING
13:25:38 INFO  State of operation 17911039 : EXECUTING
13:25:40 INFO  State of operation 17911039 : EXECUTING
13:25:42 INFO  State of operation 17911039 : EXECUTING
13:25:45 INFO  State of operation 17911039 : EXECUTING
13:25:47 INFO  State of operation 17911039 : EXECUTING
13:25:49 INFO  State of operation 17911039 : EXECUTING
13:25:51 INFO  State of operation 17911039 : EXECUTING
13:25:54 INFO  State of operation 17911039 : EXECUTING
13:25:56 INFO  State of operation 17911039 : SUCCESSFUL
13:25:56 INFO  Assert that (False == value) with value=False ... passed
13:25:56 INFO  Package asciijump is installed
13:25:56 INFO  Assert that (True == value) with value=True ... passed
13:25:57 INFO  Package squirrel3 is installed
13:25:57 INFO  Assert that (True == value) with value=True ... passed
13:25:57 INFO  Package robotfindskitten is installed
13:25:57 INFO  Assert that (True == value) with value=True ... passed
13:25:57 INFO  Response status: 201
13:25:57 INFO  Response to action: {
    &quot;creationTime&quot;: &quot;2022-04-28T13:25:57.514Z&quot;,
    &quot;deviceName&quot;: &quot;m32sd10b&quot;,
    &quot;deviceId&quot;: &quot;17884833&quot;,
    &quot;self&quot;: &quot;https://t493319102.eu-latest.cumulocity.com/devicecontrol/operations/17911047&quot;,
    &quot;id&quot;: &quot;17911047&quot;,
    &quot;status&quot;: &quot;PENDING&quot;,
    &quot;description&quot;: &quot;Apply software changes, triggered from PySys: [{'action': 'delete', 'id': '5475369', 'name': 'asciijump', 'url': ' ', 'version': '::apt'}, {'action': 'delete', 'id': '5474869', 'name': 'robotfindskitten', 'url': ' ', 'version': '::apt'}, {'action': 'delete', 'id': '5475279', 'name': 'squirrel3', 'url': ' ', 'version': '::apt'}]&quot;,
    &quot;c8y_SoftwareUpdate&quot;: [
        {
            &quot;name&quot;: &quot;asciijump&quot;,
            &quot;action&quot;: &quot;delete&quot;,
            &quot;id&quot;: &quot;5475369&quot;,
            &quot;version&quot;: &quot;::apt&quot;,
            &quot;url&quot;: &quot; &quot;
        },
        {
            &quot;name&quot;: &quot;robotfindskitten&quot;,
            &quot;action&quot;: &quot;delete&quot;,
            &quot;id&quot;: &quot;5474869&quot;,
            &quot;version&quot;: &quot;::apt&quot;,
            &quot;url&quot;: &quot; &quot;
        },
        {
            &quot;name&quot;: &quot;squirrel3&quot;,
            &quot;action&quot;: &quot;delete&quot;,
            &quot;id&quot;: &quot;5475279&quot;,
            &quot;version&quot;: &quot;::apt&quot;,
            &quot;url&quot;: &quot; &quot;
        }
    ]
}
13:25:57 INFO  Started operation: {'creationTime': '2022-04-28T13:25:57.514Z', 'deviceName': 'm32sd10b', 'deviceId': '17884833', 'self': 'https://t493319102.eu-latest.cumulocity.com/devicecontrol/operations/17911047', 'id': '17911047', 'status': 'PENDING', 'description': &quot;Apply software changes, triggered from PySys: [{'action': 'delete', 'id': '5475369', 'name': 'asciijump', 'url': ' ', 'version': '::apt'}, {'action': 'delete', 'id': '5474869', 'name': 'robotfindskitten', 'url': ' ', 'version': '::apt'}, {'action': 'delete', 'id': '5475279', 'name': 'squirrel3', 'url': ' ', 'version': '::apt'}]&quot;, 'c8y_SoftwareUpdate': [{'name': 'asciijump', 'action': 'delete', 'id': '5475369', 'version': '::apt', 'url': ' '}, {'name': 'robotfindskitten', 'action': 'delete', 'id': '5474869', 'version': '::apt', 'url': ' '}, {'name': 'squirrel3', 'action': 'delete', 'id': '5475279', 'version': '::apt', 'url': ' '}]}
13:25:59 INFO  State of operation 17911047 : PENDING
13:26:02 INFO  State of operation 17911047 : EXECUTING
13:26:04 INFO  State of operation 17911047 : EXECUTING
13:26:06 INFO  State of operation 17911047 : EXECUTING
13:26:08 INFO  State of operation 17911047 : EXECUTING
13:26:10 INFO  State of operation 17911047 : EXECUTING
13:26:13 INFO  State of operation 17911047 : EXECUTING
13:26:16 INFO  State of operation 17911047 : EXECUTING
13:26:18 INFO  State of operation 17911047 : EXECUTING
13:26:20 INFO  State of operation 17911047 : EXECUTING
13:26:23 INFO  State of operation 17911047 : EXECUTING
13:26:25 INFO  State of operation 17911047 : EXECUTING
13:26:27 INFO  State of operation 17911047 : EXECUTING
13:26:29 INFO  State of operation 17911047 : EXECUTING
13:26:32 INFO  State of operation 17911047 : EXECUTING
13:26:34 INFO  State of operation 17911047 : EXECUTING
13:26:36 INFO  State of operation 17911047 : EXECUTING
13:26:39 INFO  State of operation 17911047 : EXECUTING
13:26:41 INFO  State of operation 17911047 : EXECUTING
13:26:44 INFO  State of operation 17911047 : EXECUTING
13:26:46 INFO  State of operation 17911047 : EXECUTING
13:26:48 INFO  State of operation 17911047 : EXECUTING
13:26:51 INFO  State of operation 17911047 : EXECUTING
13:26:53 INFO  State of operation 17911047 : EXECUTING
13:26:56 INFO  State of operation 17911047 : EXECUTING
13:27:03 INFO  State of operation 17911047 : SUCCESSFUL
13:27:03 INFO  Assert that (False == value) with value=False ... passed
13:27:03 INFO  Assert that (False == value) with value=False ... passed
13:27:04 INFO  Assert that (False == value) with value=False ... passed
13:27:04 INFO  Assert that (False == value) with value=False ... passed
13:27:04 INFO  
13:27:04 INFO  cleanup:
13:27:08 INFO  Executed sudo&lt;tedge_disconnect_c8y&gt;, exit status 0
13:27:08 INFO  Executed systemctl&lt;serv_mapper5&gt;, exit status 3
13:27:08 INFO  
13:27:08 INFO  Test duration: 135.95 secs
13:27:08 INFO  Test final outcome:  FAILED
13:27:08 INFO  Test outcome reason: Assert that (False == value) with value=True (+2 other failures)
13:27:08 INFO  
</system-out>
	</testcase>
</testsuite>
