<?xml version="1.0" encoding="utf-8"?>
<testsuite failures="1" name="SoftwareManagement.sm_apt_install_remove_multiple" skipped="0" tests="1" time="165.52" timestamp="2022-04-25T22:39:46">
	<testcase classname="PySysTest" name="SoftwareManagement.sm_apt_install_remove_multiple">
		<failure message="BLOCKED: SystemError: Timeout while waiting for status FAILED or SUCCESSFUL" type="BLOCKED"/>
		<system-out>22:37:00 INFO  ==============================================================
22:37:00 INFO  Id:    SoftwareManagement.sm_apt_install_remove_multiple
22:37:00 INFO  Dir:   software_management_end_to_end/
22:37:00 INFO  Title: Validate end to end behaviour for the apt plugin for multiple packages
22:37:00 INFO  ==============================================================
22:37:00 INFO  Using sw id database: {'asciijump': '5475369', 'robotfindskitten': '5474869', 'squirrel3': '5475279', 'rolldice': '5152439', 'moon-buggy': '5439204', 'apple': '5495053', 'banana': '5494888', 'cherry': '5495382', 'watermelon': '5494510', 'registry': '8018911', 'hello-world': '8021526', 'docker/getting-started': '8021973', 'alpine': '7991792'}
22:37:00 INFO  EnvironmentC8y Setup
22:37:01 INFO  Executed systemctl&lt;serv_mapper1&gt;, exit status 3
22:37:01 INFO  Restarting mosquitto too frequently in the last 10 seconds. It was only up for 4 seconds
22:37:01 INFO  Delaying execution by 7 seconds
22:37:22 INFO  Executed sudo&lt;tedge_connect_c8y&gt;, exit status 0, duration 13 secs
22:37:22 INFO  Executed sudo&lt;tedge_connect_c8y_test&gt;, exit status 0
22:37:23 INFO  Executed systemctl&lt;serv_mosq2&gt;, exit status 0
22:37:23 INFO  Executed systemctl&lt;serv_mapper3&gt;, exit status 0
22:37:26 INFO  State of current operation: PENDING
22:37:28 INFO  State of current operation: PENDING
22:37:30 INFO  State of current operation: PENDING
22:37:32 INFO  State of current operation: PENDING
22:37:34 INFO  State of current operation: PENDING
22:37:37 INFO  State of current operation: PENDING
22:37:39 INFO  State of current operation: PENDING
22:37:41 INFO  State of current operation: PENDING
22:37:43 INFO  State of current operation: PENDING
22:37:46 INFO  State of current operation: PENDING
22:37:48 INFO  State of current operation: PENDING
22:37:50 INFO  State of current operation: PENDING
22:37:52 INFO  State of current operation: PENDING
22:37:54 INFO  State of current operation: PENDING
22:37:57 INFO  State of current operation: PENDING
22:37:59 INFO  State of current operation: PENDING
22:38:01 INFO  State of current operation: PENDING
22:38:03 INFO  State of current operation: PENDING
22:38:06 INFO  State of current operation: PENDING
22:38:08 INFO  State of current operation: PENDING
22:38:10 INFO  State of current operation: PENDING
22:38:12 INFO  State of current operation: PENDING
22:38:14 INFO  State of current operation: PENDING
22:38:17 INFO  State of current operation: PENDING
22:38:19 INFO  State of current operation: PENDING
22:38:21 INFO  State of current operation: PENDING
22:38:23 INFO  State of current operation: PENDING
22:38:26 INFO  State of current operation: PENDING
22:38:28 INFO  State of current operation: PENDING
22:38:30 INFO  State of current operation: PENDING
22:38:32 INFO  State of current operation: PENDING
22:38:34 INFO  State of current operation: PENDING
22:38:37 INFO  State of current operation: PENDING
22:38:39 INFO  State of current operation: PENDING
22:38:41 INFO  State of current operation: PENDING
22:38:43 INFO  State of current operation: PENDING
22:38:46 INFO  State of current operation: PENDING
22:38:48 INFO  State of current operation: PENDING
22:38:50 INFO  State of current operation: PENDING
22:38:52 INFO  State of current operation: PENDING
22:38:54 INFO  State of current operation: PENDING
22:38:57 INFO  State of current operation: PENDING
22:38:59 INFO  State of current operation: PENDING
22:39:01 INFO  State of current operation: PENDING
22:39:03 INFO  State of current operation: PENDING
22:39:06 INFO  State of current operation: PENDING
22:39:08 INFO  State of current operation: PENDING
22:39:10 INFO  State of current operation: PENDING
22:39:12 INFO  State of current operation: PENDING
22:39:14 INFO  State of current operation: PENDING
22:39:17 INFO  State of current operation: PENDING
22:39:19 INFO  State of current operation: PENDING
22:39:21 INFO  State of current operation: PENDING
22:39:23 INFO  State of current operation: PENDING
22:39:26 INFO  State of current operation: PENDING
22:39:28 INFO  State of current operation: PENDING
22:39:30 INFO  State of current operation: PENDING
22:39:32 INFO  State of current operation: PENDING
22:39:34 INFO  State of current operation: PENDING
22:39:37 INFO  State of current operation: PENDING
22:39:39 INFO  State of current operation: PENDING
22:39:41 WARN  SystemError occurred while running test - Timeout while waiting for status FAILED or SUCCESSFUL
Traceback (most recent call last):
  File &quot;/home/pi/env-pysys/lib/python3.7/site-packages/pysys/baserunner.py&quot;, line 1292, in __call__
    self.testObj.setup()
  File &quot;/home/pi/actions-runner/_work/thin-edge.io/thin-edge.io/tests/PySys/software_management_end_to_end/sm_apt_install_remove_multiple/run.py&quot;, line 52, in setup
    super().setup()
  File &quot;/home/pi/actions-runner/_work/thin-edge.io/thin-edge.io/tests/PySys/software_management_end_to_end/environment_sm_management.py&quot;, line 151, in setup
    self.wait_until_end()
  File &quot;/home/pi/actions-runner/_work/thin-edge.io/thin-edge.io/tests/PySys/software_management_end_to_end/environment_sm_management.py&quot;, line 332, in wait_until_end
    self.wait_until_status(&quot;FAILED&quot;, &quot;SUCCESSFUL&quot;)
  File &quot;/home/pi/actions-runner/_work/thin-edge.io/thin-edge.io/tests/PySys/software_management_end_to_end/environment_sm_management.py&quot;, line 381, in wait_until_status
    &quot;Timeout while waiting for status %s or %s&quot; % (status, status2)
SystemError: Timeout while waiting for status FAILED or SUCCESSFUL
22:39:41 WARN  SystemError: Timeout while waiting for status FAILED or SUCCESSFUL ... blocked 
22:39:41 INFO  
22:39:41 INFO  cleanup:
22:39:45 INFO  Executed sudo&lt;tedge_disconnect_c8y&gt;, exit status 0
22:39:46 INFO  Executed systemctl&lt;serv_mapper5&gt;, exit status 3
22:39:46 INFO  
22:39:46 INFO  Test duration: 165.52 secs
22:39:46 INFO  Test final outcome:  BLOCKED
22:39:46 INFO  Test outcome reason: SystemError: Timeout while waiting for status FAILED or SUCCESSFUL
22:39:46 INFO  
</system-out>
	</testcase>
</testsuite>
