<?xml version="1.0" encoding="utf-8"?>
<testsuite failures="1" name="SoftwareManagement.sm_apt_install_fail" skipped="0" tests="1" time="164.43" timestamp="2022-04-25T22:31:28">
	<testcase classname="PySysTest" name="SoftwareManagement.sm_apt_install_fail">
		<failure message="BLOCKED: SystemError: Timeout while waiting for status FAILED or SUCCESSFUL" type="BLOCKED"/>
		<system-out>22:28:44 INFO  ==============================================================
22:28:44 INFO  Id:    SoftwareManagement.sm_apt_install_fail
22:28:44 INFO  Dir:   software_management_end_to_end/
22:28:44 INFO  Title: Validate end to end behaviour for a failing installation
22:28:44 INFO  ==============================================================
22:28:44 INFO  Using sw id database: {'asciijump': '5475369', 'robotfindskitten': '5474869', 'squirrel3': '5475279', 'rolldice': '5152439', 'moon-buggy': '5439204', 'apple': '5495053', 'banana': '5494888', 'cherry': '5495382', 'watermelon': '5494510', 'registry': '8018911', 'hello-world': '8021526', 'docker/getting-started': '8021973', 'alpine': '7991792'}
22:28:44 INFO  EnvironmentC8y Setup
22:28:44 INFO  Executed systemctl&lt;serv_mapper1&gt;, exit status 3
22:28:44 INFO  Restarting mosquitto too frequently in the last 10 seconds. It was only up for 5 seconds
22:28:44 INFO  Delaying execution by 6 seconds
22:29:04 INFO  Executed sudo&lt;tedge_connect_c8y&gt;, exit status 0, duration 13 secs
22:29:05 INFO  Executed sudo&lt;tedge_connect_c8y_test&gt;, exit status 0
22:29:05 INFO  Executed systemctl&lt;serv_mosq2&gt;, exit status 0
22:29:06 INFO  Executed systemctl&lt;serv_mapper3&gt;, exit status 0
22:29:08 INFO  State of current operation: PENDING
22:29:10 INFO  State of current operation: PENDING
22:29:13 INFO  State of current operation: PENDING
22:29:15 INFO  State of current operation: PENDING
22:29:17 INFO  State of current operation: PENDING
22:29:19 INFO  State of current operation: PENDING
22:29:21 INFO  State of current operation: PENDING
22:29:24 INFO  State of current operation: PENDING
22:29:26 INFO  State of current operation: PENDING
22:29:28 INFO  State of current operation: PENDING
22:29:30 INFO  State of current operation: PENDING
22:29:33 INFO  State of current operation: PENDING
22:29:35 INFO  State of current operation: PENDING
22:29:37 INFO  State of current operation: PENDING
22:29:39 INFO  State of current operation: PENDING
22:29:41 INFO  State of current operation: PENDING
22:29:44 INFO  State of current operation: PENDING
22:29:46 INFO  State of current operation: PENDING
22:29:48 INFO  State of current operation: PENDING
22:29:50 INFO  State of current operation: PENDING
22:29:53 INFO  State of current operation: PENDING
22:29:55 INFO  State of current operation: PENDING
22:29:57 INFO  State of current operation: PENDING
22:29:59 INFO  State of current operation: PENDING
22:30:01 INFO  State of current operation: PENDING
22:30:04 INFO  State of current operation: PENDING
22:30:06 INFO  State of current operation: PENDING
22:30:08 INFO  State of current operation: PENDING
22:30:10 INFO  State of current operation: PENDING
22:30:12 INFO  State of current operation: PENDING
22:30:15 INFO  State of current operation: PENDING
22:30:17 INFO  State of current operation: PENDING
22:30:19 INFO  State of current operation: PENDING
22:30:21 INFO  State of current operation: PENDING
22:30:24 INFO  State of current operation: PENDING
22:30:26 INFO  State of current operation: PENDING
22:30:28 INFO  State of current operation: PENDING
22:30:30 INFO  State of current operation: PENDING
22:30:33 INFO  State of current operation: PENDING
22:30:35 INFO  State of current operation: PENDING
22:30:37 INFO  State of current operation: PENDING
22:30:39 INFO  State of current operation: PENDING
22:30:41 INFO  State of current operation: PENDING
22:30:44 INFO  State of current operation: PENDING
22:30:46 INFO  State of current operation: PENDING
22:30:48 INFO  State of current operation: PENDING
22:30:50 INFO  State of current operation: PENDING
22:30:53 INFO  State of current operation: PENDING
22:30:55 INFO  State of current operation: PENDING
22:30:57 INFO  State of current operation: PENDING
22:30:59 INFO  State of current operation: PENDING
22:31:01 INFO  State of current operation: PENDING
22:31:04 INFO  State of current operation: PENDING
22:31:06 INFO  State of current operation: PENDING
22:31:08 INFO  State of current operation: PENDING
22:31:10 INFO  State of current operation: PENDING
22:31:13 INFO  State of current operation: PENDING
22:31:15 INFO  State of current operation: PENDING
22:31:17 INFO  State of current operation: PENDING
22:31:19 INFO  State of current operation: PENDING
22:31:21 INFO  State of current operation: PENDING
22:31:23 WARN  SystemError occurred while running test - Timeout while waiting for status FAILED or SUCCESSFUL
Traceback (most recent call last):
  File &quot;/home/pi/env-pysys/lib/python3.7/site-packages/pysys/baserunner.py&quot;, line 1292, in __call__
    self.testObj.setup()
  File &quot;/home/pi/actions-runner/_work/thin-edge.io/thin-edge.io/tests/PySys/software_management_end_to_end/sm_apt_install_fail/run.py&quot;, line 20, in setup
    super().setup()
  File &quot;/home/pi/actions-runner/_work/thin-edge.io/thin-edge.io/tests/PySys/software_management_end_to_end/environment_sm_management.py&quot;, line 151, in setup
    self.wait_until_end()
  File &quot;/home/pi/actions-runner/_work/thin-edge.io/thin-edge.io/tests/PySys/software_management_end_to_end/environment_sm_management.py&quot;, line 332, in wait_until_end
    self.wait_until_status(&quot;FAILED&quot;, &quot;SUCCESSFUL&quot;)
  File &quot;/home/pi/actions-runner/_work/thin-edge.io/thin-edge.io/tests/PySys/software_management_end_to_end/environment_sm_management.py&quot;, line 381, in wait_until_status
    &quot;Timeout while waiting for status %s or %s&quot; % (status, status2)
SystemError: Timeout while waiting for status FAILED or SUCCESSFUL
22:31:24 WARN  SystemError: Timeout while waiting for status FAILED or SUCCESSFUL ... blocked 
22:31:24 INFO  
22:31:24 INFO  cleanup:
22:31:28 INFO  Executed sudo&lt;tedge_disconnect_c8y&gt;, exit status 0
22:31:28 INFO  Executed systemctl&lt;serv_mapper5&gt;, exit status 3
22:31:28 INFO  
22:31:28 INFO  Test duration: 164.43 secs
22:31:28 INFO  Test final outcome:  BLOCKED
22:31:28 INFO  Test outcome reason: SystemError: Timeout while waiting for status FAILED or SUCCESSFUL
22:31:28 INFO  
</system-out>
	</testcase>
</testsuite>
