<?xml version="1.0" encoding="utf-8"?>
<testsuite failures="1" name="SoftwareManagement.sm_apt_install_remove_multiple_mixed" skipped="0" tests="1" time="164.63" timestamp="2022-04-25T22:42:30">
	<testcase classname="PySysTest" name="SoftwareManagement.sm_apt_install_remove_multiple_mixed">
		<failure message="BLOCKED: SystemError: Timeout while waiting for status FAILED or SUCCESSFUL" type="BLOCKED"/>
		<system-out>22:39:46 INFO  ==============================================================
22:39:46 INFO  Id:    SoftwareManagement.sm_apt_install_remove_multiple_mixed
22:39:46 INFO  Dir:   software_management_end_to_end/
22:39:46 INFO  Title: Validate end to end behaviour for the apt plugin for multiple packages with mixed versions
22:39:46 INFO  ==============================================================
22:39:46 INFO  Using sw id database: {'asciijump': '5475369', 'robotfindskitten': '5474869', 'squirrel3': '5475279', 'rolldice': '5152439', 'moon-buggy': '5439204', 'apple': '5495053', 'banana': '5494888', 'cherry': '5495382', 'watermelon': '5494510', 'registry': '8018911', 'hello-world': '8021526', 'docker/getting-started': '8021973', 'alpine': '7991792'}
22:39:46 INFO  EnvironmentC8y Setup
22:39:46 INFO  Executed systemctl&lt;serv_mapper1&gt;, exit status 3
22:39:46 INFO  Restarting mosquitto too frequently in the last 10 seconds. It was only up for 5 seconds
22:39:46 INFO  Delaying execution by 6 seconds
22:40:06 INFO  Executed sudo&lt;tedge_connect_c8y&gt;, exit status 0, duration 14 secs
22:40:07 INFO  Executed sudo&lt;tedge_connect_c8y_test&gt;, exit status 0
22:40:08 INFO  Executed systemctl&lt;serv_mosq2&gt;, exit status 0
22:40:08 INFO  Executed systemctl&lt;serv_mapper3&gt;, exit status 0
22:40:10 INFO  State of current operation: PENDING
22:40:12 INFO  State of current operation: PENDING
22:40:15 INFO  State of current operation: PENDING
22:40:17 INFO  State of current operation: PENDING
22:40:19 INFO  State of current operation: PENDING
22:40:21 INFO  State of current operation: PENDING
22:40:24 INFO  State of current operation: PENDING
22:40:26 INFO  State of current operation: PENDING
22:40:28 INFO  State of current operation: PENDING
22:40:30 INFO  State of current operation: PENDING
22:40:32 INFO  State of current operation: PENDING
22:40:35 INFO  State of current operation: PENDING
22:40:37 INFO  State of current operation: PENDING
22:40:39 INFO  State of current operation: PENDING
22:40:41 INFO  State of current operation: PENDING
22:40:44 INFO  State of current operation: PENDING
22:40:46 INFO  State of current operation: PENDING
22:40:48 INFO  State of current operation: PENDING
22:40:50 INFO  State of current operation: PENDING
22:40:52 INFO  State of current operation: PENDING
22:40:55 INFO  State of current operation: PENDING
22:40:57 INFO  State of current operation: PENDING
22:40:59 INFO  State of current operation: PENDING
22:41:01 INFO  State of current operation: PENDING
22:41:04 INFO  State of current operation: PENDING
22:41:06 INFO  State of current operation: PENDING
22:41:08 INFO  State of current operation: PENDING
22:41:10 INFO  State of current operation: PENDING
22:41:12 INFO  State of current operation: PENDING
22:41:15 INFO  State of current operation: PENDING
22:41:17 INFO  State of current operation: PENDING
22:41:19 INFO  State of current operation: PENDING
22:41:21 INFO  State of current operation: PENDING
22:41:24 INFO  State of current operation: PENDING
22:41:26 INFO  State of current operation: PENDING
22:41:28 INFO  State of current operation: PENDING
22:41:30 INFO  State of current operation: PENDING
22:41:32 INFO  State of current operation: PENDING
22:41:35 INFO  State of current operation: PENDING
22:41:37 INFO  State of current operation: PENDING
22:41:39 INFO  State of current operation: PENDING
22:41:41 INFO  State of current operation: PENDING
22:41:44 INFO  State of current operation: PENDING
22:41:46 INFO  State of current operation: PENDING
22:41:48 INFO  State of current operation: PENDING
22:41:50 INFO  State of current operation: PENDING
22:41:52 INFO  State of current operation: PENDING
22:41:55 INFO  State of current operation: PENDING
22:41:57 INFO  State of current operation: PENDING
22:41:59 INFO  State of current operation: PENDING
22:42:01 INFO  State of current operation: PENDING
22:42:04 INFO  State of current operation: PENDING
22:42:06 INFO  State of current operation: PENDING
22:42:08 INFO  State of current operation: PENDING
22:42:10 INFO  State of current operation: PENDING
22:42:13 INFO  State of current operation: PENDING
22:42:15 INFO  State of current operation: PENDING
22:42:17 INFO  State of current operation: PENDING
22:42:19 INFO  State of current operation: PENDING
22:42:21 INFO  State of current operation: PENDING
22:42:24 INFO  State of current operation: PENDING
22:42:26 WARN  SystemError occurred while running test - Timeout while waiting for status FAILED or SUCCESSFUL
Traceback (most recent call last):
  File &quot;/home/pi/env-pysys/lib/python3.7/site-packages/pysys/baserunner.py&quot;, line 1292, in __call__
    self.testObj.setup()
  File &quot;/home/pi/actions-runner/_work/thin-edge.io/thin-edge.io/tests/PySys/software_management_end_to_end/sm_apt_install_remove_multiple_mixed/run.py&quot;, line 73, in setup
    super().setup()
  File &quot;/home/pi/actions-runner/_work/thin-edge.io/thin-edge.io/tests/PySys/software_management_end_to_end/environment_sm_management.py&quot;, line 151, in setup
    self.wait_until_end()
  File &quot;/home/pi/actions-runner/_work/thin-edge.io/thin-edge.io/tests/PySys/software_management_end_to_end/environment_sm_management.py&quot;, line 332, in wait_until_end
    self.wait_until_status(&quot;FAILED&quot;, &quot;SUCCESSFUL&quot;)
  File &quot;/home/pi/actions-runner/_work/thin-edge.io/thin-edge.io/tests/PySys/software_management_end_to_end/environment_sm_management.py&quot;, line 381, in wait_until_status
    &quot;Timeout while waiting for status %s or %s&quot; % (status, status2)
SystemError: Timeout while waiting for status FAILED or SUCCESSFUL
22:42:26 WARN  SystemError: Timeout while waiting for status FAILED or SUCCESSFUL ... blocked 
22:42:26 INFO  
22:42:26 INFO  cleanup:
22:42:30 INFO  Executed sudo&lt;tedge_disconnect_c8y&gt;, exit status 0
22:42:30 INFO  Executed systemctl&lt;serv_mapper5&gt;, exit status 3
22:42:30 INFO  
22:42:30 INFO  Test duration: 164.63 secs
22:42:30 INFO  Test final outcome:  BLOCKED
22:42:30 INFO  Test outcome reason: SystemError: Timeout while waiting for status FAILED or SUCCESSFUL
22:42:30 INFO  
</system-out>
	</testcase>
</testsuite>
