<?xml version="1.0" encoding="utf-8"?>
<testsuite failures="1" name="SoftwareManagement.sm_apt_install_remove_multiple" skipped="0" tests="1" time="140.67" timestamp="2022-04-27T18:50:07">
	<testcase classname="PySysTest" name="SoftwareManagement.sm_apt_install_remove_multiple">
		<failure message="FAILED: Assert that (False == value) with value=True (+2 other failures)" type="FAILED"/>
		<system-out>18:47:46 INFO  ==============================================================
18:47:46 INFO  Id:    SoftwareManagement.sm_apt_install_remove_multiple
18:47:46 INFO  Dir:   software_management_end_to_end/
18:47:46 INFO  Title: Validate end to end behaviour for the apt plugin for multiple packages
18:47:46 INFO  ==============================================================
18:47:46 INFO  Using sw id database: {'asciijump': '5475369', 'robotfindskitten': '5474869', 'squirrel3': '5475279', 'rolldice': '5152439', 'moon-buggy': '5439204', 'apple': '5495053', 'banana': '5494888', 'cherry': '5495382', 'watermelon': '5494510', 'registry': '8018911', 'hello-world': '8021526', 'docker/getting-started': '8021973', 'alpine': '7991792'}
18:47:46 INFO  EnvironmentC8y Setup
18:47:47 INFO  Executed systemctl&lt;serv_mapper1&gt;, exit status 3
18:47:47 INFO  Restarting mosquitto too frequently in the last 10 seconds. It was only up for 4 seconds
18:47:47 INFO  Delaying execution by 7 seconds
18:48:08 INFO  Executed sudo&lt;tedge_connect_c8y&gt;, exit status 0, duration 14 secs
18:48:09 INFO  Executed sudo&lt;tedge_connect_c8y_test&gt;, exit status 0
18:48:09 INFO  Executed systemctl&lt;serv_mosq2&gt;, exit status 0
18:48:10 INFO  Executed systemctl&lt;serv_mapper3&gt;, exit status 0
18:48:12 INFO  State of current operation: SUCCESSFUL
18:48:12 INFO  Assert that (False == value) with value=False ... passed
18:48:13 INFO  Package asciijump is installed
18:48:13 WARN  Assert that (False == value) with value=True ... failed 
18:48:13 INFO  Package squirrel3 is installed
18:48:13 WARN  Assert that (False == value) with value=True ... failed 
18:48:13 INFO  Package robotfindskitten is installed
18:48:13 WARN  Assert that (False == value) with value=True ... failed 
18:48:14 INFO  Response status: 201
18:48:14 INFO  Response to action: {
    &quot;creationTime&quot;: &quot;2022-04-27T18:48:14.045Z&quot;,
    &quot;deviceName&quot;: &quot;m32sd10b&quot;,
    &quot;deviceId&quot;: &quot;17821468&quot;,
    &quot;self&quot;: &quot;https://t493319102.eu-latest.cumulocity.com/devicecontrol/operations/17832508&quot;,
    &quot;id&quot;: &quot;17832508&quot;,
    &quot;status&quot;: &quot;PENDING&quot;,
    &quot;description&quot;: &quot;Apply software changes, triggered from PySys: [{'action': 'install', 'id': '5475369', 'name': 'asciijump', 'url': ' ', 'version': '::apt'}, {'action': 'install', 'id': '5474869', 'name': 'robotfindskitten', 'url': ' ', 'version': '::apt'}, {'action': 'install', 'id': '5475279', 'name': 'squirrel3', 'url': ' ', 'version': '::apt'}]&quot;,
    &quot;c8y_SoftwareUpdate&quot;: [
        {
            &quot;name&quot;: &quot;asciijump&quot;,
            &quot;action&quot;: &quot;install&quot;,
            &quot;id&quot;: &quot;5475369&quot;,
            &quot;version&quot;: &quot;::apt&quot;,
            &quot;url&quot;: &quot; &quot;
        },
        {
            &quot;name&quot;: &quot;robotfindskitten&quot;,
            &quot;action&quot;: &quot;install&quot;,
            &quot;id&quot;: &quot;5474869&quot;,
            &quot;version&quot;: &quot;::apt&quot;,
            &quot;url&quot;: &quot; &quot;
        },
        {
            &quot;name&quot;: &quot;squirrel3&quot;,
            &quot;action&quot;: &quot;install&quot;,
            &quot;id&quot;: &quot;5475279&quot;,
            &quot;version&quot;: &quot;::apt&quot;,
            &quot;url&quot;: &quot; &quot;
        }
    ]
}
18:48:14 INFO  Started operation: {'creationTime': '2022-04-27T18:48:14.045Z', 'deviceName': 'm32sd10b', 'deviceId': '17821468', 'self': 'https://t493319102.eu-latest.cumulocity.com/devicecontrol/operations/17832508', 'id': '17832508', 'status': 'PENDING', 'description': &quot;Apply software changes, triggered from PySys: [{'action': 'install', 'id': '5475369', 'name': 'asciijump', 'url': ' ', 'version': '::apt'}, {'action': 'install', 'id': '5474869', 'name': 'robotfindskitten', 'url': ' ', 'version': '::apt'}, {'action': 'install', 'id': '5475279', 'name': 'squirrel3', 'url': ' ', 'version': '::apt'}]&quot;, 'c8y_SoftwareUpdate': [{'name': 'asciijump', 'action': 'install', 'id': '5475369', 'version': '::apt', 'url': ' '}, {'name': 'robotfindskitten', 'action': 'install', 'id': '5474869', 'version': '::apt', 'url': ' '}, {'name': 'squirrel3', 'action': 'install', 'id': '5475279', 'version': '::apt', 'url': ' '}]}
18:48:16 INFO  State of operation 17832508 : PENDING
18:48:18 INFO  State of operation 17832508 : EXECUTING
18:48:20 INFO  State of operation 17832508 : EXECUTING
18:48:22 INFO  State of operation 17832508 : EXECUTING
18:48:25 INFO  State of operation 17832508 : EXECUTING
18:48:27 INFO  State of operation 17832508 : EXECUTING
18:48:30 INFO  State of operation 17832508 : EXECUTING
18:48:32 INFO  State of operation 17832508 : EXECUTING
18:48:35 INFO  State of operation 17832508 : EXECUTING
18:48:37 INFO  State of operation 17832508 : EXECUTING
18:48:39 INFO  State of operation 17832508 : EXECUTING
18:48:41 INFO  State of operation 17832508 : EXECUTING
18:48:44 INFO  State of operation 17832508 : EXECUTING
18:48:46 INFO  State of operation 17832508 : EXECUTING
18:48:48 INFO  State of operation 17832508 : EXECUTING
18:48:50 INFO  State of operation 17832508 : SUCCESSFUL
18:48:50 INFO  Assert that (False == value) with value=False ... passed
18:48:51 INFO  Package asciijump is installed
18:48:51 INFO  Assert that (True == value) with value=True ... passed
18:48:51 INFO  Package squirrel3 is installed
18:48:51 INFO  Assert that (True == value) with value=True ... passed
18:48:51 INFO  Package robotfindskitten is installed
18:48:51 INFO  Assert that (True == value) with value=True ... passed
18:48:52 INFO  Response status: 201
18:48:52 INFO  Response to action: {
    &quot;creationTime&quot;: &quot;2022-04-27T18:48:51.866Z&quot;,
    &quot;deviceName&quot;: &quot;m32sd10b&quot;,
    &quot;deviceId&quot;: &quot;17821468&quot;,
    &quot;self&quot;: &quot;https://t493319102.eu-latest.cumulocity.com/devicecontrol/operations/17832512&quot;,
    &quot;id&quot;: &quot;17832512&quot;,
    &quot;status&quot;: &quot;PENDING&quot;,
    &quot;description&quot;: &quot;Apply software changes, triggered from PySys: [{'action': 'delete', 'id': '5475369', 'name': 'asciijump', 'url': ' ', 'version': '::apt'}, {'action': 'delete', 'id': '5474869', 'name': 'robotfindskitten', 'url': ' ', 'version': '::apt'}, {'action': 'delete', 'id': '5475279', 'name': 'squirrel3', 'url': ' ', 'version': '::apt'}]&quot;,
    &quot;c8y_SoftwareUpdate&quot;: [
        {
            &quot;name&quot;: &quot;asciijump&quot;,
            &quot;action&quot;: &quot;delete&quot;,
            &quot;id&quot;: &quot;5475369&quot;,
            &quot;version&quot;: &quot;::apt&quot;,
            &quot;url&quot;: &quot; &quot;
        },
        {
            &quot;name&quot;: &quot;robotfindskitten&quot;,
            &quot;action&quot;: &quot;delete&quot;,
            &quot;id&quot;: &quot;5474869&quot;,
            &quot;version&quot;: &quot;::apt&quot;,
            &quot;url&quot;: &quot; &quot;
        },
        {
            &quot;name&quot;: &quot;squirrel3&quot;,
            &quot;action&quot;: &quot;delete&quot;,
            &quot;id&quot;: &quot;5475279&quot;,
            &quot;version&quot;: &quot;::apt&quot;,
            &quot;url&quot;: &quot; &quot;
        }
    ]
}
18:48:52 INFO  Started operation: {'creationTime': '2022-04-27T18:48:51.866Z', 'deviceName': 'm32sd10b', 'deviceId': '17821468', 'self': 'https://t493319102.eu-latest.cumulocity.com/devicecontrol/operations/17832512', 'id': '17832512', 'status': 'PENDING', 'description': &quot;Apply software changes, triggered from PySys: [{'action': 'delete', 'id': '5475369', 'name': 'asciijump', 'url': ' ', 'version': '::apt'}, {'action': 'delete', 'id': '5474869', 'name': 'robotfindskitten', 'url': ' ', 'version': '::apt'}, {'action': 'delete', 'id': '5475279', 'name': 'squirrel3', 'url': ' ', 'version': '::apt'}]&quot;, 'c8y_SoftwareUpdate': [{'name': 'asciijump', 'action': 'delete', 'id': '5475369', 'version': '::apt', 'url': ' '}, {'name': 'robotfindskitten', 'action': 'delete', 'id': '5474869', 'version': '::apt', 'url': ' '}, {'name': 'squirrel3', 'action': 'delete', 'id': '5475279', 'version': '::apt', 'url': ' '}]}
18:48:54 INFO  State of operation 17832512 : PENDING
18:48:56 INFO  State of operation 17832512 : EXECUTING
18:48:58 INFO  State of operation 17832512 : EXECUTING
18:49:00 INFO  State of operation 17832512 : EXECUTING
18:49:03 INFO  State of operation 17832512 : EXECUTING
18:49:05 INFO  State of operation 17832512 : EXECUTING
18:49:07 INFO  State of operation 17832512 : EXECUTING
18:49:10 INFO  State of operation 17832512 : EXECUTING
18:49:12 INFO  State of operation 17832512 : EXECUTING
18:49:15 INFO  State of operation 17832512 : EXECUTING
18:49:17 INFO  State of operation 17832512 : EXECUTING
18:49:19 INFO  State of operation 17832512 : EXECUTING
18:49:21 INFO  State of operation 17832512 : EXECUTING
18:49:24 INFO  State of operation 17832512 : EXECUTING
18:49:26 INFO  State of operation 17832512 : EXECUTING
18:49:28 INFO  State of operation 17832512 : EXECUTING
18:49:31 INFO  State of operation 17832512 : EXECUTING
18:49:33 INFO  State of operation 17832512 : EXECUTING
18:49:36 INFO  State of operation 17832512 : EXECUTING
18:49:38 INFO  State of operation 17832512 : EXECUTING
18:49:40 INFO  State of operation 17832512 : EXECUTING
18:49:42 INFO  State of operation 17832512 : EXECUTING
18:49:45 INFO  State of operation 17832512 : EXECUTING
18:49:47 INFO  State of operation 17832512 : EXECUTING
18:49:49 INFO  State of operation 17832512 : EXECUTING
18:49:52 INFO  State of operation 17832512 : EXECUTING
18:49:54 INFO  State of operation 17832512 : EXECUTING
18:49:57 INFO  State of operation 17832512 : EXECUTING
18:49:59 INFO  State of operation 17832512 : EXECUTING
18:50:01 INFO  State of operation 17832512 : SUCCESSFUL
18:50:02 INFO  Assert that (False == value) with value=False ... passed
18:50:02 INFO  Assert that (False == value) with value=False ... passed
18:50:02 INFO  Assert that (False == value) with value=False ... passed
18:50:02 INFO  Assert that (False == value) with value=False ... passed
18:50:02 INFO  
18:50:02 INFO  cleanup:
18:50:06 INFO  Executed sudo&lt;tedge_disconnect_c8y&gt;, exit status 0
18:50:07 INFO  Executed systemctl&lt;serv_mapper5&gt;, exit status 3
18:50:07 INFO  
18:50:07 INFO  Test duration: 140.67 secs
18:50:07 INFO  Test final outcome:  FAILED
18:50:07 INFO  Test outcome reason: Assert that (False == value) with value=True (+2 other failures)
18:50:07 INFO  
</system-out>
	</testcase>
</testsuite>
