<?xml version="1.0" encoding="utf-8"?>
<testsuite failures="1" name="SoftwareManagement.sm_fake_install_remove" skipped="0" tests="1" time="164.81" timestamp="2022-04-21T15:04:51">
	<testcase classname="PySysTest" name="SoftwareManagement.sm_fake_install_remove">
		<failure message="BLOCKED: SystemError: Timeout while waiting for status FAILED or SUCCESSFUL" type="BLOCKED"/>
		<system-out>15:02:06 INFO  ==============================================================
15:02:06 INFO  Id:    SoftwareManagement.sm_fake_install_remove
15:02:06 INFO  Dir:   software_management_end_to_end/
15:02:06 INFO  Title: Validate end to end behaviour for the dummy plugin for installation and removal of packages
15:02:06 INFO  ==============================================================
15:02:06 INFO  Using sw id database: {'asciijump': '5475369', 'robotfindskitten': '5474869', 'squirrel3': '5475279', 'rolldice': '5152439', 'moon-buggy': '5439204', 'apple': '5495053', 'banana': '5494888', 'cherry': '5495382', 'watermelon': '5494510', 'registry': '8018911', 'hello-world': '8021526', 'docker/getting-started': '8021973', 'alpine': '7991792'}
15:02:06 INFO  EnvironmentC8y Setup
15:02:06 INFO  Executed systemctl&lt;serv_mapper1&gt;, exit status 3
15:02:07 INFO  Restarting mosquitto too frequently in the last 10 seconds. It was only up for 5 seconds
15:02:07 INFO  Delaying execution by 6 seconds
15:02:27 INFO  Executed sudo&lt;tedge_connect_c8y&gt;, exit status 0, duration 14 secs
15:02:27 INFO  Executed sudo&lt;tedge_connect_c8y_test&gt;, exit status 0
15:02:28 INFO  Executed systemctl&lt;serv_mosq2&gt;, exit status 0
15:02:28 INFO  Executed systemctl&lt;serv_mapper3&gt;, exit status 0
15:02:30 INFO  State of current operation: PENDING
15:02:33 INFO  State of current operation: PENDING
15:02:35 INFO  State of current operation: PENDING
15:02:37 INFO  State of current operation: PENDING
15:02:39 INFO  State of current operation: PENDING
15:02:42 INFO  State of current operation: PENDING
15:02:44 INFO  State of current operation: PENDING
15:02:46 INFO  State of current operation: PENDING
15:02:48 INFO  State of current operation: PENDING
15:02:51 INFO  State of current operation: PENDING
15:02:53 INFO  State of current operation: PENDING
15:02:55 INFO  State of current operation: PENDING
15:02:57 INFO  State of current operation: PENDING
15:02:59 INFO  State of current operation: PENDING
15:03:02 INFO  State of current operation: PENDING
15:03:04 INFO  State of current operation: PENDING
15:03:06 INFO  State of current operation: PENDING
15:03:08 INFO  State of current operation: PENDING
15:03:11 INFO  State of current operation: PENDING
15:03:13 INFO  State of current operation: PENDING
15:03:15 INFO  State of current operation: PENDING
15:03:17 INFO  State of current operation: PENDING
15:03:19 INFO  State of current operation: PENDING
15:03:22 INFO  State of current operation: PENDING
15:03:24 INFO  State of current operation: PENDING
15:03:26 INFO  State of current operation: PENDING
15:03:28 INFO  State of current operation: PENDING
15:03:31 INFO  State of current operation: PENDING
15:03:33 INFO  State of current operation: PENDING
15:03:35 INFO  State of current operation: PENDING
15:03:37 INFO  State of current operation: PENDING
15:03:39 INFO  State of current operation: PENDING
15:03:42 INFO  State of current operation: PENDING
15:03:44 INFO  State of current operation: PENDING
15:03:46 INFO  State of current operation: PENDING
15:03:48 INFO  State of current operation: PENDING
15:03:51 INFO  State of current operation: PENDING
15:03:53 INFO  State of current operation: PENDING
15:03:55 INFO  State of current operation: PENDING
15:03:57 INFO  State of current operation: PENDING
15:03:59 INFO  State of current operation: PENDING
15:04:02 INFO  State of current operation: PENDING
15:04:04 INFO  State of current operation: PENDING
15:04:06 INFO  State of current operation: PENDING
15:04:08 INFO  State of current operation: PENDING
15:04:11 INFO  State of current operation: PENDING
15:04:13 INFO  State of current operation: PENDING
15:04:15 INFO  State of current operation: PENDING
15:04:17 INFO  State of current operation: PENDING
15:04:19 INFO  State of current operation: PENDING
15:04:22 INFO  State of current operation: PENDING
15:04:24 INFO  State of current operation: PENDING
15:04:26 INFO  State of current operation: PENDING
15:04:28 INFO  State of current operation: PENDING
15:04:31 INFO  State of current operation: PENDING
15:04:33 INFO  State of current operation: PENDING
15:04:35 INFO  State of current operation: PENDING
15:04:37 INFO  State of current operation: PENDING
15:04:39 INFO  State of current operation: PENDING
15:04:42 INFO  State of current operation: PENDING
15:04:44 INFO  State of current operation: PENDING
15:04:46 WARN  SystemError occurred while running test - Timeout while waiting for status FAILED or SUCCESSFUL
Traceback (most recent call last):
  File &quot;/home/pi/env-pysys/lib/python3.7/site-packages/pysys/baserunner.py&quot;, line 1292, in __call__
    self.testObj.setup()
  File &quot;/home/pi/actions-runner/_work/thin-edge.io/thin-edge.io/tests/PySys/software_management_end_to_end/sm_fake_install_remove/run.py&quot;, line 38, in setup
    super().setup()
  File &quot;/home/pi/actions-runner/_work/thin-edge.io/thin-edge.io/tests/PySys/software_management_end_to_end/environment_sm_management.py&quot;, line 151, in setup
    self.wait_until_end()
  File &quot;/home/pi/actions-runner/_work/thin-edge.io/thin-edge.io/tests/PySys/software_management_end_to_end/environment_sm_management.py&quot;, line 332, in wait_until_end
    self.wait_until_status(&quot;FAILED&quot;, &quot;SUCCESSFUL&quot;)
  File &quot;/home/pi/actions-runner/_work/thin-edge.io/thin-edge.io/tests/PySys/software_management_end_to_end/environment_sm_management.py&quot;, line 381, in wait_until_status
    &quot;Timeout while waiting for status %s or %s&quot; % (status, status2)
SystemError: Timeout while waiting for status FAILED or SUCCESSFUL
15:04:46 WARN  SystemError: Timeout while waiting for status FAILED or SUCCESSFUL ... blocked 
15:04:46 INFO  
15:04:46 INFO  cleanup:
15:04:50 INFO  Executed sudo&lt;tedge_disconnect_c8y&gt;, exit status 0
15:04:51 INFO  Executed systemctl&lt;serv_mapper5&gt;, exit status 3
15:04:51 INFO  
15:04:51 INFO  Test duration: 164.81 secs
15:04:51 INFO  Test final outcome:  BLOCKED
15:04:51 INFO  Test outcome reason: SystemError: Timeout while waiting for status FAILED or SUCCESSFUL
15:04:51 INFO  
</system-out>
	</testcase>
</testsuite>
