<?xml version="1.0" encoding="utf-8"?>
<testsuite failures="1" name="SoftwareManagement.sm_fake_install_remove" skipped="0" tests="1" time="30.28" timestamp="2022-05-13T11:57:00">
	<testcase classname="PySysTest" name="SoftwareManagement.sm_fake_install_remove">
		<failure message="BLOCKED: SystemError: The Sofware list is empty !!!" type="BLOCKED"/>
		<system-out>11:56:30 INFO  ==============================================================
11:56:30 INFO  Id:    SoftwareManagement.sm_fake_install_remove
11:56:30 INFO  Dir:   software_management_end_to_end/
11:56:30 INFO  Title: Validate end to end behaviour for the dummy plugin for installation and removal of packages
11:56:30 INFO  ==============================================================
11:56:30 INFO  Using sw id database: {'asciijump': '5475369', 'robotfindskitten': '5474869', 'squirrel3': '5475279', 'rolldice': '5152439', 'moon-buggy': '5439204', 'apple': '5495053', 'banana': '5494888', 'cherry': '5495382', 'watermelon': '5494510', 'registry': '8018911', 'hello-world': '8021526', 'docker/getting-started': '8021973', 'alpine': '7991792'}
11:56:30 INFO  EnvironmentC8y Setup
11:56:31 INFO  Executed systemctl&lt;serv_mapper1&gt;, exit status 3
11:56:31 INFO  Restarting mosquitto too frequently in the last 10 seconds. It was only up for 4 seconds
11:56:31 INFO  Delaying execution by 7 seconds
11:56:52 INFO  Executed sudo&lt;tedge_connect_c8y&gt;, exit status 0, duration 13 secs
11:56:52 INFO  Executed sudo&lt;tedge_connect_c8y_test&gt;, exit status 0
11:56:53 INFO  Executed systemctl&lt;serv_mosq2&gt;, exit status 0
11:56:53 INFO  Executed systemctl&lt;serv_mapper3&gt;, exit status 0
11:56:56 INFO  State of current operation: FAILED
11:56:56 WARN  SystemError occurred while running test - The Sofware list is empty !!!
Traceback (most recent call last):
  File &quot;/home/pi/env-pysys/lib/python3.7/site-packages/pysys/baserunner.py&quot;, line 1292, in __call__
    self.testObj.setup()
  File &quot;/home/pi/actions-runner/_work/thin-edge.io/thin-edge.io/tests/PySys/software_management_end_to_end/sm_fake_install_remove/run.py&quot;, line 41, in setup
    self.assertThat(&quot;False == value&quot;, value=self.check_is_installed(&quot;tomatoooo&quot;))
  File &quot;/home/pi/actions-runner/_work/thin-edge.io/thin-edge.io/tests/PySys/software_management_end_to_end/environment_sm_management.py&quot;, line 399, in check_is_installed
    raise SystemError(&quot;The Sofware list is empty !!!&quot;)
SystemError: The Sofware list is empty !!!
11:56:56 WARN  SystemError: The Sofware list is empty !!! ... blocked 
11:56:56 INFO  
11:56:56 INFO  cleanup:
11:57:00 INFO  Executed sudo&lt;tedge_disconnect_c8y&gt;, exit status 0
11:57:00 INFO  Executed systemctl&lt;serv_mapper5&gt;, exit status 3
11:57:00 INFO  
11:57:00 INFO  Test duration: 30.28 secs
11:57:00 INFO  Test final outcome:  BLOCKED
11:57:00 INFO  Test outcome reason: SystemError: The Sofware list is empty !!!
11:57:00 INFO  
</system-out>
	</testcase>
</testsuite>
