<?xml version="1.0" encoding="utf-8"?>
<testsuite failures="1" name="SoftwareManagement.sm_docker_install_remove_multiple" skipped="0" tests="1" time="165.58" timestamp="2022-04-25T22:48:01">
	<testcase classname="SMDockerInstallRemove" name="SoftwareManagement.sm_docker_install_remove_multiple">
		<failure message="BLOCKED: SystemError: Timeout while waiting for status FAILED or SUCCESSFUL" type="BLOCKED"/>
		<system-out>22:45:15 INFO  ==============================================================
22:45:15 INFO  Id:    SoftwareManagement.sm_docker_install_remove_multiple
22:45:15 INFO  Dir:   software_management_end_to_end/
22:45:15 INFO  Title: Validate end to end behaviour for the docker plugin for multiple docker images with mixed versions
22:45:15 INFO  ==============================================================
22:45:15 INFO  Using sw id database: {'asciijump': '5475369', 'robotfindskitten': '5474869', 'squirrel3': '5475279', 'rolldice': '5152439', 'moon-buggy': '5439204', 'apple': '5495053', 'banana': '5494888', 'cherry': '5495382', 'watermelon': '5494510', 'registry': '8018911', 'hello-world': '8021526', 'docker/getting-started': '8021973', 'alpine': '7991792'}
22:45:15 INFO  EnvironmentC8y Setup
22:45:16 INFO  Executed systemctl&lt;serv_mapper1&gt;, exit status 3
22:45:16 INFO  Restarting mosquitto too frequently in the last 10 seconds. It was only up for 4 seconds
22:45:16 INFO  Delaying execution by 7 seconds
22:45:37 INFO  Executed sudo&lt;tedge_connect_c8y&gt;, exit status 0, duration 14 secs
22:45:38 INFO  Executed sudo&lt;tedge_connect_c8y_test&gt;, exit status 0
22:45:38 INFO  Executed systemctl&lt;serv_mosq2&gt;, exit status 0
22:45:38 INFO  Executed systemctl&lt;serv_mapper3&gt;, exit status 0
22:45:41 INFO  State of current operation: PENDING
22:45:43 INFO  State of current operation: PENDING
22:45:45 INFO  State of current operation: PENDING
22:45:47 INFO  State of current operation: PENDING
22:45:50 INFO  State of current operation: PENDING
22:45:52 INFO  State of current operation: PENDING
22:45:54 INFO  State of current operation: PENDING
22:45:56 INFO  State of current operation: PENDING
22:45:58 INFO  State of current operation: PENDING
22:46:01 INFO  State of current operation: PENDING
22:46:03 INFO  State of current operation: PENDING
22:46:05 INFO  State of current operation: PENDING
22:46:07 INFO  State of current operation: PENDING
22:46:10 INFO  State of current operation: PENDING
22:46:12 INFO  State of current operation: PENDING
22:46:14 INFO  State of current operation: PENDING
22:46:16 INFO  State of current operation: PENDING
22:46:18 INFO  State of current operation: PENDING
22:46:21 INFO  State of current operation: PENDING
22:46:23 INFO  State of current operation: PENDING
22:46:25 INFO  State of current operation: PENDING
22:46:27 INFO  State of current operation: PENDING
22:46:30 INFO  State of current operation: PENDING
22:46:32 INFO  State of current operation: PENDING
22:46:34 INFO  State of current operation: PENDING
22:46:36 INFO  State of current operation: PENDING
22:46:38 INFO  State of current operation: PENDING
22:46:41 INFO  State of current operation: PENDING
22:46:43 INFO  State of current operation: PENDING
22:46:45 INFO  State of current operation: PENDING
22:46:47 INFO  State of current operation: PENDING
22:46:50 INFO  State of current operation: PENDING
22:46:52 INFO  State of current operation: PENDING
22:46:54 INFO  State of current operation: PENDING
22:46:56 INFO  State of current operation: PENDING
22:46:58 INFO  State of current operation: PENDING
22:47:01 INFO  State of current operation: PENDING
22:47:03 INFO  State of current operation: PENDING
22:47:05 INFO  State of current operation: PENDING
22:47:07 INFO  State of current operation: PENDING
22:47:10 INFO  State of current operation: PENDING
22:47:12 INFO  State of current operation: PENDING
22:47:14 INFO  State of current operation: PENDING
22:47:16 INFO  State of current operation: PENDING
22:47:18 INFO  State of current operation: PENDING
22:47:21 INFO  State of current operation: PENDING
22:47:23 INFO  State of current operation: PENDING
22:47:25 INFO  State of current operation: PENDING
22:47:27 INFO  State of current operation: PENDING
22:47:30 INFO  State of current operation: PENDING
22:47:32 INFO  State of current operation: PENDING
22:47:34 INFO  State of current operation: PENDING
22:47:36 INFO  State of current operation: PENDING
22:47:38 INFO  State of current operation: PENDING
22:47:41 INFO  State of current operation: PENDING
22:47:43 INFO  State of current operation: PENDING
22:47:45 INFO  State of current operation: PENDING
22:47:47 INFO  State of current operation: PENDING
22:47:50 INFO  State of current operation: PENDING
22:47:52 INFO  State of current operation: PENDING
22:47:54 INFO  State of current operation: PENDING
22:47:56 WARN  SystemError occurred while running test - Timeout while waiting for status FAILED or SUCCESSFUL
Traceback (most recent call last):
  File &quot;/home/pi/env-pysys/lib/python3.7/site-packages/pysys/baserunner.py&quot;, line 1292, in __call__
    self.testObj.setup()
  File &quot;/home/pi/actions-runner/_work/thin-edge.io/thin-edge.io/tests/PySys/software_management_end_to_end/sm_docker_install_remove_multiple/run.py&quot;, line 29, in setup
    super().setup()
  File &quot;/home/pi/actions-runner/_work/thin-edge.io/thin-edge.io/tests/PySys/software_management_end_to_end/environment_sm_management.py&quot;, line 151, in setup
    self.wait_until_end()
  File &quot;/home/pi/actions-runner/_work/thin-edge.io/thin-edge.io/tests/PySys/software_management_end_to_end/environment_sm_management.py&quot;, line 332, in wait_until_end
    self.wait_until_status(&quot;FAILED&quot;, &quot;SUCCESSFUL&quot;)
  File &quot;/home/pi/actions-runner/_work/thin-edge.io/thin-edge.io/tests/PySys/software_management_end_to_end/environment_sm_management.py&quot;, line 381, in wait_until_status
    &quot;Timeout while waiting for status %s or %s&quot; % (status, status2)
SystemError: Timeout while waiting for status FAILED or SUCCESSFUL
22:47:56 WARN  SystemError: Timeout while waiting for status FAILED or SUCCESSFUL ... blocked 
22:47:56 INFO  
22:47:56 INFO  cleanup:
22:48:00 INFO  Executed sudo&lt;tedge_disconnect_c8y&gt;, exit status 0
22:48:01 INFO  Executed systemctl&lt;serv_mapper5&gt;, exit status 3
22:48:01 INFO  
22:48:01 INFO  Test duration: 165.58 secs
22:48:01 INFO  Test final outcome:  BLOCKED
22:48:01 INFO  Test outcome reason: SystemError: Timeout while waiting for status FAILED or SUCCESSFUL
22:48:01 INFO  
</system-out>
	</testcase>
</testsuite>
