<?xml version="1.0" encoding="utf-8"?>
<testsuite failures="1" name="SoftwareManagement.sm_apt_install_remove_with_version" skipped="0" tests="1" time="165.61" timestamp="2022-04-21T14:59:21">
	<testcase classname="PySysTest" name="SoftwareManagement.sm_apt_install_remove_with_version">
		<failure message="BLOCKED: SystemError: Timeout while waiting for status FAILED or SUCCESSFUL" type="BLOCKED"/>
		<system-out>14:56:35 INFO  ==============================================================
14:56:35 INFO  Id:    SoftwareManagement.sm_apt_install_remove_with_version
14:56:35 INFO  Dir:   software_management_end_to_end/
14:56:35 INFO  Title: Validate end to end behaviour for the apt plugin for packages with version
14:56:35 INFO  ==============================================================
14:56:35 INFO  Using sw id database: {'asciijump': '5475369', 'robotfindskitten': '5474869', 'squirrel3': '5475279', 'rolldice': '5152439', 'moon-buggy': '5439204', 'apple': '5495053', 'banana': '5494888', 'cherry': '5495382', 'watermelon': '5494510', 'registry': '8018911', 'hello-world': '8021526', 'docker/getting-started': '8021973', 'alpine': '7991792'}
14:56:35 INFO  EnvironmentC8y Setup
14:56:36 INFO  Executed systemctl&lt;serv_mapper1&gt;, exit status 3
14:56:36 INFO  Restarting mosquitto too frequently in the last 10 seconds. It was only up for 4 seconds
14:56:36 INFO  Delaying execution by 7 seconds
14:56:57 INFO  Executed sudo&lt;tedge_connect_c8y&gt;, exit status 0, duration 13 secs
14:56:57 INFO  Executed sudo&lt;tedge_connect_c8y_test&gt;, exit status 0
14:56:58 INFO  Executed systemctl&lt;serv_mosq2&gt;, exit status 0
14:56:58 INFO  Executed systemctl&lt;serv_mapper3&gt;, exit status 0
14:57:01 INFO  State of current operation: PENDING
14:57:03 INFO  State of current operation: PENDING
14:57:05 INFO  State of current operation: PENDING
14:57:07 INFO  State of current operation: PENDING
14:57:09 INFO  State of current operation: PENDING
14:57:12 INFO  State of current operation: PENDING
14:57:14 INFO  State of current operation: PENDING
14:57:16 INFO  State of current operation: PENDING
14:57:18 INFO  State of current operation: PENDING
14:57:21 INFO  State of current operation: PENDING
14:57:23 INFO  State of current operation: PENDING
14:57:25 INFO  State of current operation: PENDING
14:57:27 INFO  State of current operation: PENDING
14:57:29 INFO  State of current operation: PENDING
14:57:32 INFO  State of current operation: PENDING
14:57:34 INFO  State of current operation: PENDING
14:57:36 INFO  State of current operation: PENDING
14:57:38 INFO  State of current operation: PENDING
14:57:41 INFO  State of current operation: PENDING
14:57:43 INFO  State of current operation: PENDING
14:57:45 INFO  State of current operation: PENDING
14:57:47 INFO  State of current operation: PENDING
14:57:49 INFO  State of current operation: PENDING
14:57:52 INFO  State of current operation: PENDING
14:57:54 INFO  State of current operation: PENDING
14:57:56 INFO  State of current operation: PENDING
14:57:58 INFO  State of current operation: PENDING
14:58:01 INFO  State of current operation: PENDING
14:58:03 INFO  State of current operation: PENDING
14:58:05 INFO  State of current operation: PENDING
14:58:07 INFO  State of current operation: PENDING
14:58:10 INFO  State of current operation: PENDING
14:58:12 INFO  State of current operation: PENDING
14:58:14 INFO  State of current operation: PENDING
14:58:16 INFO  State of current operation: PENDING
14:58:18 INFO  State of current operation: PENDING
14:58:21 INFO  State of current operation: PENDING
14:58:23 INFO  State of current operation: PENDING
14:58:25 INFO  State of current operation: PENDING
14:58:27 INFO  State of current operation: PENDING
14:58:30 INFO  State of current operation: PENDING
14:58:32 INFO  State of current operation: PENDING
14:58:34 INFO  State of current operation: PENDING
14:58:36 INFO  State of current operation: PENDING
14:58:38 INFO  State of current operation: PENDING
14:58:41 INFO  State of current operation: PENDING
14:58:43 INFO  State of current operation: PENDING
14:58:45 INFO  State of current operation: PENDING
14:58:47 INFO  State of current operation: PENDING
14:58:50 INFO  State of current operation: PENDING
14:58:52 INFO  State of current operation: PENDING
14:58:54 INFO  State of current operation: PENDING
14:58:56 INFO  State of current operation: PENDING
14:58:58 INFO  State of current operation: PENDING
14:59:01 INFO  State of current operation: PENDING
14:59:03 INFO  State of current operation: PENDING
14:59:05 INFO  State of current operation: PENDING
14:59:07 INFO  State of current operation: PENDING
14:59:10 INFO  State of current operation: PENDING
14:59:12 INFO  State of current operation: PENDING
14:59:14 INFO  State of current operation: PENDING
14:59:16 WARN  SystemError occurred while running test - Timeout while waiting for status FAILED or SUCCESSFUL
Traceback (most recent call last):
  File &quot;/home/pi/env-pysys/lib/python3.7/site-packages/pysys/baserunner.py&quot;, line 1292, in __call__
    self.testObj.setup()
  File &quot;/home/pi/actions-runner/_work/thin-edge.io/thin-edge.io/tests/PySys/software_management_end_to_end/sm_apt_install_remove_with_version/run.py&quot;, line 27, in setup
    super().setup()
  File &quot;/home/pi/actions-runner/_work/thin-edge.io/thin-edge.io/tests/PySys/software_management_end_to_end/environment_sm_management.py&quot;, line 151, in setup
    self.wait_until_end()
  File &quot;/home/pi/actions-runner/_work/thin-edge.io/thin-edge.io/tests/PySys/software_management_end_to_end/environment_sm_management.py&quot;, line 332, in wait_until_end
    self.wait_until_status(&quot;FAILED&quot;, &quot;SUCCESSFUL&quot;)
  File &quot;/home/pi/actions-runner/_work/thin-edge.io/thin-edge.io/tests/PySys/software_management_end_to_end/environment_sm_management.py&quot;, line 381, in wait_until_status
    &quot;Timeout while waiting for status %s or %s&quot; % (status, status2)
SystemError: Timeout while waiting for status FAILED or SUCCESSFUL
14:59:16 WARN  SystemError: Timeout while waiting for status FAILED or SUCCESSFUL ... blocked 
14:59:16 INFO  
14:59:16 INFO  cleanup:
14:59:20 INFO  Executed sudo&lt;tedge_disconnect_c8y&gt;, exit status 0
14:59:21 INFO  Executed systemctl&lt;serv_mapper5&gt;, exit status 3
14:59:21 INFO  
14:59:21 INFO  Test duration: 165.61 secs
14:59:21 INFO  Test final outcome:  BLOCKED
14:59:21 INFO  Test outcome reason: SystemError: Timeout while waiting for status FAILED or SUCCESSFUL
14:59:21 INFO  
</system-out>
	</testcase>
</testsuite>
