<?xml version="1.0" encoding="utf-8"?>
<testsuite failures="1" name="SoftwareManagement.sm_apt_install_remove_multiple" skipped="0" tests="1" time="139.42" timestamp="2022-05-11T12:51:46">
	<testcase classname="PySysTest" name="SoftwareManagement.sm_apt_install_remove_multiple">
		<failure message="FAILED: Assert that (False == value) with value=True (+2 other failures)" type="FAILED"/>
		<system-out>12:49:26 INFO  ==============================================================
12:49:26 INFO  Id:    SoftwareManagement.sm_apt_install_remove_multiple
12:49:26 INFO  Dir:   software_management_end_to_end/
12:49:26 INFO  Title: Validate end to end behaviour for the apt plugin for multiple packages
12:49:26 INFO  ==============================================================
12:49:26 INFO  Using sw id database: {'asciijump': '5475369', 'robotfindskitten': '5474869', 'squirrel3': '5475279', 'rolldice': '5152439', 'moon-buggy': '5439204', 'apple': '5495053', 'banana': '5494888', 'cherry': '5495382', 'watermelon': '5494510', 'registry': '8018911', 'hello-world': '8021526', 'docker/getting-started': '8021973', 'alpine': '7991792'}
12:49:26 INFO  EnvironmentC8y Setup
12:49:27 INFO  Executed systemctl&lt;serv_mapper1&gt;, exit status 3
12:49:27 INFO  Restarting mosquitto too frequently in the last 10 seconds. It was only up for 5 seconds
12:49:27 INFO  Delaying execution by 6 seconds
12:49:47 INFO  Executed sudo&lt;tedge_connect_c8y&gt;, exit status 0, duration 13 secs
12:49:48 INFO  Executed sudo&lt;tedge_connect_c8y_test&gt;, exit status 0
12:49:48 INFO  Executed systemctl&lt;serv_mosq2&gt;, exit status 0
12:49:49 INFO  Executed systemctl&lt;serv_mapper3&gt;, exit status 0
12:49:51 INFO  State of current operation: SUCCESSFUL
12:49:51 INFO  Assert that (False == value) with value=False ... passed
12:49:51 INFO  Package asciijump is installed
12:49:52 WARN  Assert that (False == value) with value=True ... failed 
12:49:52 INFO  Package squirrel3 is installed
12:49:52 WARN  Assert that (False == value) with value=True ... failed 
12:49:52 INFO  Package robotfindskitten is installed
12:49:52 WARN  Assert that (False == value) with value=True ... failed 
12:49:53 INFO  Response status: 201
12:49:53 INFO  Response to action: {
    &quot;creationTime&quot;: &quot;2022-05-11T12:49:52.977Z&quot;,
    &quot;deviceName&quot;: &quot;m32sd10b&quot;,
    &quot;deviceId&quot;: &quot;18764684&quot;,
    &quot;self&quot;: &quot;https://t493319102.eu-latest.cumulocity.com/devicecontrol/operations/18857173&quot;,
    &quot;id&quot;: &quot;18857173&quot;,
    &quot;status&quot;: &quot;PENDING&quot;,
    &quot;description&quot;: &quot;Apply software changes, triggered from PySys: [{'action': 'install', 'id': '5475369', 'name': 'asciijump', 'url': ' ', 'version': '::apt'}, {'action': 'install', 'id': '5474869', 'name': 'robotfindskitten', 'url': ' ', 'version': '::apt'}, {'action': 'install', 'id': '5475279', 'name': 'squirrel3', 'url': ' ', 'version': '::apt'}]&quot;,
    &quot;c8y_SoftwareUpdate&quot;: [
        {
            &quot;name&quot;: &quot;asciijump&quot;,
            &quot;action&quot;: &quot;install&quot;,
            &quot;id&quot;: &quot;5475369&quot;,
            &quot;version&quot;: &quot;::apt&quot;,
            &quot;url&quot;: &quot; &quot;
        },
        {
            &quot;name&quot;: &quot;robotfindskitten&quot;,
            &quot;action&quot;: &quot;install&quot;,
            &quot;id&quot;: &quot;5474869&quot;,
            &quot;version&quot;: &quot;::apt&quot;,
            &quot;url&quot;: &quot; &quot;
        },
        {
            &quot;name&quot;: &quot;squirrel3&quot;,
            &quot;action&quot;: &quot;install&quot;,
            &quot;id&quot;: &quot;5475279&quot;,
            &quot;version&quot;: &quot;::apt&quot;,
            &quot;url&quot;: &quot; &quot;
        }
    ]
}
12:49:53 INFO  Started operation: {'creationTime': '2022-05-11T12:49:52.977Z', 'deviceName': 'm32sd10b', 'deviceId': '18764684', 'self': 'https://t493319102.eu-latest.cumulocity.com/devicecontrol/operations/18857173', 'id': '18857173', 'status': 'PENDING', 'description': &quot;Apply software changes, triggered from PySys: [{'action': 'install', 'id': '5475369', 'name': 'asciijump', 'url': ' ', 'version': '::apt'}, {'action': 'install', 'id': '5474869', 'name': 'robotfindskitten', 'url': ' ', 'version': '::apt'}, {'action': 'install', 'id': '5475279', 'name': 'squirrel3', 'url': ' ', 'version': '::apt'}]&quot;, 'c8y_SoftwareUpdate': [{'name': 'asciijump', 'action': 'install', 'id': '5475369', 'version': '::apt', 'url': ' '}, {'name': 'robotfindskitten', 'action': 'install', 'id': '5474869', 'version': '::apt', 'url': ' '}, {'name': 'squirrel3', 'action': 'install', 'id': '5475279', 'version': '::apt', 'url': ' '}]}
12:49:55 INFO  State of operation 18857173 : PENDING
12:49:57 INFO  State of operation 18857173 : EXECUTING
12:49:59 INFO  State of operation 18857173 : EXECUTING
12:50:01 INFO  State of operation 18857173 : EXECUTING
12:50:04 INFO  State of operation 18857173 : EXECUTING
12:50:06 INFO  State of operation 18857173 : EXECUTING
12:50:08 INFO  State of operation 18857173 : EXECUTING
12:50:11 INFO  State of operation 18857173 : EXECUTING
12:50:14 INFO  State of operation 18857173 : EXECUTING
12:50:16 INFO  State of operation 18857173 : EXECUTING
12:50:18 INFO  State of operation 18857173 : EXECUTING
12:50:20 INFO  State of operation 18857173 : EXECUTING
12:50:23 INFO  State of operation 18857173 : EXECUTING
12:50:25 INFO  State of operation 18857173 : EXECUTING
12:50:27 INFO  State of operation 18857173 : EXECUTING
12:50:29 INFO  State of operation 18857173 : SUCCESSFUL
12:50:30 INFO  Assert that (False == value) with value=False ... passed
12:50:30 INFO  Package asciijump is installed
12:50:30 INFO  Assert that (True == value) with value=True ... passed
12:50:30 INFO  Package squirrel3 is installed
12:50:30 INFO  Assert that (True == value) with value=True ... passed
12:50:30 INFO  Package robotfindskitten is installed
12:50:30 INFO  Assert that (True == value) with value=True ... passed
12:50:30 INFO  Response status: 201
12:50:30 INFO  Response to action: {
    &quot;creationTime&quot;: &quot;2022-05-11T12:50:30.940Z&quot;,
    &quot;deviceName&quot;: &quot;m32sd10b&quot;,
    &quot;deviceId&quot;: &quot;18764684&quot;,
    &quot;self&quot;: &quot;https://t493319102.eu-latest.cumulocity.com/devicecontrol/operations/18857185&quot;,
    &quot;id&quot;: &quot;18857185&quot;,
    &quot;status&quot;: &quot;PENDING&quot;,
    &quot;description&quot;: &quot;Apply software changes, triggered from PySys: [{'action': 'delete', 'id': '5475369', 'name': 'asciijump', 'url': ' ', 'version': '::apt'}, {'action': 'delete', 'id': '5474869', 'name': 'robotfindskitten', 'url': ' ', 'version': '::apt'}, {'action': 'delete', 'id': '5475279', 'name': 'squirrel3', 'url': ' ', 'version': '::apt'}]&quot;,
    &quot;c8y_SoftwareUpdate&quot;: [
        {
            &quot;name&quot;: &quot;asciijump&quot;,
            &quot;action&quot;: &quot;delete&quot;,
            &quot;id&quot;: &quot;5475369&quot;,
            &quot;version&quot;: &quot;::apt&quot;,
            &quot;url&quot;: &quot; &quot;
        },
        {
            &quot;name&quot;: &quot;robotfindskitten&quot;,
            &quot;action&quot;: &quot;delete&quot;,
            &quot;id&quot;: &quot;5474869&quot;,
            &quot;version&quot;: &quot;::apt&quot;,
            &quot;url&quot;: &quot; &quot;
        },
        {
            &quot;name&quot;: &quot;squirrel3&quot;,
            &quot;action&quot;: &quot;delete&quot;,
            &quot;id&quot;: &quot;5475279&quot;,
            &quot;version&quot;: &quot;::apt&quot;,
            &quot;url&quot;: &quot; &quot;
        }
    ]
}
12:50:30 INFO  Started operation: {'creationTime': '2022-05-11T12:50:30.940Z', 'deviceName': 'm32sd10b', 'deviceId': '18764684', 'self': 'https://t493319102.eu-latest.cumulocity.com/devicecontrol/operations/18857185', 'id': '18857185', 'status': 'PENDING', 'description': &quot;Apply software changes, triggered from PySys: [{'action': 'delete', 'id': '5475369', 'name': 'asciijump', 'url': ' ', 'version': '::apt'}, {'action': 'delete', 'id': '5474869', 'name': 'robotfindskitten', 'url': ' ', 'version': '::apt'}, {'action': 'delete', 'id': '5475279', 'name': 'squirrel3', 'url': ' ', 'version': '::apt'}]&quot;, 'c8y_SoftwareUpdate': [{'name': 'asciijump', 'action': 'delete', 'id': '5475369', 'version': '::apt', 'url': ' '}, {'name': 'robotfindskitten', 'action': 'delete', 'id': '5474869', 'version': '::apt', 'url': ' '}, {'name': 'squirrel3', 'action': 'delete', 'id': '5475279', 'version': '::apt', 'url': ' '}]}
12:50:33 INFO  State of operation 18857185 : PENDING
12:50:35 INFO  State of operation 18857185 : EXECUTING
12:50:37 INFO  State of operation 18857185 : EXECUTING
12:50:39 INFO  State of operation 18857185 : EXECUTING
12:50:42 INFO  State of operation 18857185 : EXECUTING
12:50:44 INFO  State of operation 18857185 : EXECUTING
12:50:46 INFO  State of operation 18857185 : EXECUTING
12:50:49 INFO  State of operation 18857185 : EXECUTING
12:50:52 INFO  State of operation 18857185 : EXECUTING
12:50:54 INFO  State of operation 18857185 : EXECUTING
12:50:56 INFO  State of operation 18857185 : EXECUTING
12:50:59 INFO  State of operation 18857185 : EXECUTING
12:51:01 INFO  State of operation 18857185 : EXECUTING
12:51:03 INFO  State of operation 18857185 : EXECUTING
12:51:05 INFO  State of operation 18857185 : EXECUTING
12:51:07 INFO  State of operation 18857185 : EXECUTING
12:51:10 INFO  State of operation 18857185 : EXECUTING
12:51:12 INFO  State of operation 18857185 : EXECUTING
12:51:15 INFO  State of operation 18857185 : EXECUTING
12:51:17 INFO  State of operation 18857185 : EXECUTING
12:51:19 INFO  State of operation 18857185 : EXECUTING
12:51:22 INFO  State of operation 18857185 : EXECUTING
12:51:24 INFO  State of operation 18857185 : EXECUTING
12:51:26 INFO  State of operation 18857185 : EXECUTING
12:51:28 INFO  State of operation 18857185 : EXECUTING
12:51:31 INFO  State of operation 18857185 : EXECUTING
12:51:33 INFO  State of operation 18857185 : EXECUTING
12:51:36 INFO  State of operation 18857185 : EXECUTING
12:51:38 INFO  State of operation 18857185 : EXECUTING
12:51:40 INFO  State of operation 18857185 : SUCCESSFUL
12:51:40 INFO  Assert that (False == value) with value=False ... passed
12:51:41 INFO  Assert that (False == value) with value=False ... passed
12:51:41 INFO  Assert that (False == value) with value=False ... passed
12:51:41 INFO  Assert that (False == value) with value=False ... passed
12:51:41 INFO  
12:51:41 INFO  cleanup:
12:51:45 INFO  Executed sudo&lt;tedge_disconnect_c8y&gt;, exit status 0
12:51:46 INFO  Executed systemctl&lt;serv_mapper5&gt;, exit status 3
12:51:46 INFO  
12:51:46 INFO  Test duration: 139.42 secs
12:51:46 INFO  Test final outcome:  FAILED
12:51:46 INFO  Test outcome reason: Assert that (False == value) with value=True (+2 other failures)
12:51:46 INFO  
</system-out>
	</testcase>
</testsuite>
