<?xml version="1.0" encoding="utf-8"?>
<testsuite failures="1" name="SoftwareManagement.sm_apt_install_remove" skipped="0" tests="1" time="165.53" timestamp="2022-04-27T14:24:46">
	<testcase classname="PySysTest" name="SoftwareManagement.sm_apt_install_remove">
		<failure message="BLOCKED: SystemError: Timeout while waiting for status FAILED or SUCCESSFUL" type="BLOCKED"/>
		<system-out>14:22:00 INFO  ==============================================================
14:22:00 INFO  Id:    SoftwareManagement.sm_apt_install_remove
14:22:00 INFO  Dir:   software_management_end_to_end/
14:22:00 INFO  Title: Validate end to end behaviour for the apt plugin for installation and removal of packages
14:22:01 INFO  ==============================================================
14:22:01 INFO  Using sw id database: {'asciijump': '5475369', 'robotfindskitten': '5474869', 'squirrel3': '5475279', 'rolldice': '5152439', 'moon-buggy': '5439204', 'apple': '5495053', 'banana': '5494888', 'cherry': '5495382', 'watermelon': '5494510', 'registry': '8018911', 'hello-world': '8021526', 'docker/getting-started': '8021973', 'alpine': '7991792'}
14:22:01 INFO  EnvironmentC8y Setup
14:22:01 INFO  Executed systemctl&lt;serv_mapper1&gt;, exit status 3
14:22:01 INFO  Restarting mosquitto too frequently in the last 10 seconds. It was only up for 5 seconds
14:22:01 INFO  Delaying execution by 6 seconds
14:22:22 INFO  Executed sudo&lt;tedge_connect_c8y&gt;, exit status 0, duration 14 secs
14:22:23 INFO  Executed sudo&lt;tedge_connect_c8y_test&gt;, exit status 0
14:22:23 INFO  Executed systemctl&lt;serv_mosq2&gt;, exit status 0
14:22:24 INFO  Executed systemctl&lt;serv_mapper3&gt;, exit status 0
14:22:26 INFO  State of current operation: PENDING
14:22:28 INFO  State of current operation: PENDING
14:22:30 INFO  State of current operation: PENDING
14:22:33 INFO  State of current operation: PENDING
14:22:35 INFO  State of current operation: PENDING
14:22:37 INFO  State of current operation: PENDING
14:22:39 INFO  State of current operation: PENDING
14:22:41 INFO  State of current operation: PENDING
14:22:44 INFO  State of current operation: PENDING
14:22:46 INFO  State of current operation: PENDING
14:22:48 INFO  State of current operation: PENDING
14:22:50 INFO  State of current operation: PENDING
14:22:53 INFO  State of current operation: PENDING
14:22:55 INFO  State of current operation: PENDING
14:22:57 INFO  State of current operation: PENDING
14:22:59 INFO  State of current operation: PENDING
14:23:02 INFO  State of current operation: PENDING
14:23:04 INFO  State of current operation: PENDING
14:23:06 INFO  State of current operation: PENDING
14:23:08 INFO  State of current operation: PENDING
14:23:10 INFO  State of current operation: PENDING
14:23:13 INFO  State of current operation: PENDING
14:23:15 INFO  State of current operation: PENDING
14:23:17 INFO  State of current operation: PENDING
14:23:19 INFO  State of current operation: PENDING
14:23:21 INFO  State of current operation: PENDING
14:23:24 INFO  State of current operation: PENDING
14:23:26 INFO  State of current operation: PENDING
14:23:28 INFO  State of current operation: PENDING
14:23:30 INFO  State of current operation: PENDING
14:23:33 INFO  State of current operation: PENDING
14:23:35 INFO  State of current operation: PENDING
14:23:37 INFO  State of current operation: PENDING
14:23:39 INFO  State of current operation: PENDING
14:23:41 INFO  State of current operation: PENDING
14:23:44 INFO  State of current operation: PENDING
14:23:46 INFO  State of current operation: PENDING
14:23:48 INFO  State of current operation: PENDING
14:23:50 INFO  State of current operation: PENDING
14:23:53 INFO  State of current operation: PENDING
14:23:55 INFO  State of current operation: PENDING
14:23:57 INFO  State of current operation: PENDING
14:23:59 INFO  State of current operation: PENDING
14:24:01 INFO  State of current operation: PENDING
14:24:04 INFO  State of current operation: PENDING
14:24:06 INFO  State of current operation: PENDING
14:24:08 INFO  State of current operation: PENDING
14:24:10 INFO  State of current operation: PENDING
14:24:12 INFO  State of current operation: PENDING
14:24:15 INFO  State of current operation: PENDING
14:24:17 INFO  State of current operation: PENDING
14:24:19 INFO  State of current operation: PENDING
14:24:21 INFO  State of current operation: PENDING
14:24:24 INFO  State of current operation: PENDING
14:24:26 INFO  State of current operation: PENDING
14:24:28 INFO  State of current operation: PENDING
14:24:30 INFO  State of current operation: PENDING
14:24:32 INFO  State of current operation: PENDING
14:24:35 INFO  State of current operation: PENDING
14:24:37 INFO  State of current operation: PENDING
14:24:39 INFO  State of current operation: PENDING
14:24:41 WARN  SystemError occurred while running test - Timeout while waiting for status FAILED or SUCCESSFUL
Traceback (most recent call last):
  File &quot;/home/pi/env-pysys/lib/python3.7/site-packages/pysys/baserunner.py&quot;, line 1292, in __call__
    self.testObj.setup()
  File &quot;/home/pi/actions-runner/_work/thin-edge.io/thin-edge.io/tests/PySys/software_management_end_to_end/sm_apt_install_remove/run.py&quot;, line 27, in setup
    super().setup()
  File &quot;/home/pi/actions-runner/_work/thin-edge.io/thin-edge.io/tests/PySys/software_management_end_to_end/environment_sm_management.py&quot;, line 151, in setup
    self.wait_until_end()
  File &quot;/home/pi/actions-runner/_work/thin-edge.io/thin-edge.io/tests/PySys/software_management_end_to_end/environment_sm_management.py&quot;, line 332, in wait_until_end
    self.wait_until_status(&quot;FAILED&quot;, &quot;SUCCESSFUL&quot;)
  File &quot;/home/pi/actions-runner/_work/thin-edge.io/thin-edge.io/tests/PySys/software_management_end_to_end/environment_sm_management.py&quot;, line 381, in wait_until_status
    &quot;Timeout while waiting for status %s or %s&quot; % (status, status2)
SystemError: Timeout while waiting for status FAILED or SUCCESSFUL
14:24:41 WARN  SystemError: Timeout while waiting for status FAILED or SUCCESSFUL ... blocked 
14:24:41 INFO  
14:24:41 INFO  cleanup:
14:24:45 INFO  Executed sudo&lt;tedge_disconnect_c8y&gt;, exit status 0
14:24:46 INFO  Executed systemctl&lt;serv_mapper5&gt;, exit status 3
14:24:46 INFO  
14:24:46 INFO  Test duration: 165.53 secs
14:24:46 INFO  Test final outcome:  BLOCKED
14:24:46 INFO  Test outcome reason: SystemError: Timeout while waiting for status FAILED or SUCCESSFUL
14:24:46 INFO  
</system-out>
	</testcase>
</testsuite>
