<?xml version="1.0" encoding="utf-8"?>
<testsuite failures="1" name="SoftwareManagement.sm_apt_install_remove_multiple" skipped="0" tests="1" time="142.27" timestamp="2022-04-28T09:28:25">
	<testcase classname="PySysTest" name="SoftwareManagement.sm_apt_install_remove_multiple">
		<failure message="FAILED: Assert that (False == value) with value=True (+2 other failures)" type="FAILED"/>
		<system-out>09:26:03 INFO  ==============================================================
09:26:03 INFO  Id:    SoftwareManagement.sm_apt_install_remove_multiple
09:26:03 INFO  Dir:   software_management_end_to_end/
09:26:03 INFO  Title: Validate end to end behaviour for the apt plugin for multiple packages
09:26:03 INFO  ==============================================================
09:26:03 INFO  Using sw id database: {'asciijump': '5475369', 'robotfindskitten': '5474869', 'squirrel3': '5475279', 'rolldice': '5152439', 'moon-buggy': '5439204', 'apple': '5495053', 'banana': '5494888', 'cherry': '5495382', 'watermelon': '5494510', 'registry': '8018911', 'hello-world': '8021526', 'docker/getting-started': '8021973', 'alpine': '7991792'}
09:26:03 INFO  EnvironmentC8y Setup
09:26:03 INFO  Executed systemctl&lt;serv_mapper1&gt;, exit status 3
09:26:03 INFO  Restarting mosquitto too frequently in the last 10 seconds. It was only up for 5 seconds
09:26:03 INFO  Delaying execution by 6 seconds
09:26:23 INFO  Executed sudo&lt;tedge_connect_c8y&gt;, exit status 0, duration 14 secs
09:26:24 INFO  Executed sudo&lt;tedge_connect_c8y_test&gt;, exit status 0
09:26:24 INFO  Executed systemctl&lt;serv_mosq2&gt;, exit status 0
09:26:25 INFO  Executed systemctl&lt;serv_mapper3&gt;, exit status 0
09:26:27 INFO  State of current operation: SUCCESSFUL
09:26:27 INFO  Assert that (False == value) with value=False ... passed
09:26:28 INFO  Package asciijump is installed
09:26:28 WARN  Assert that (False == value) with value=True ... failed 
09:26:28 INFO  Package squirrel3 is installed
09:26:28 WARN  Assert that (False == value) with value=True ... failed 
09:26:28 INFO  Package robotfindskitten is installed
09:26:29 WARN  Assert that (False == value) with value=True ... failed 
09:26:29 INFO  Response status: 201
09:26:29 INFO  Response to action: {
    &quot;creationTime&quot;: &quot;2022-04-28T09:26:29.200Z&quot;,
    &quot;deviceName&quot;: &quot;m32sd10b&quot;,
    &quot;deviceId&quot;: &quot;17854775&quot;,
    &quot;self&quot;: &quot;https://t493319102.eu-latest.cumulocity.com/devicecontrol/operations/17887688&quot;,
    &quot;id&quot;: &quot;17887688&quot;,
    &quot;status&quot;: &quot;PENDING&quot;,
    &quot;description&quot;: &quot;Apply software changes, triggered from PySys: [{'action': 'install', 'id': '5475369', 'name': 'asciijump', 'url': ' ', 'version': '::apt'}, {'action': 'install', 'id': '5474869', 'name': 'robotfindskitten', 'url': ' ', 'version': '::apt'}, {'action': 'install', 'id': '5475279', 'name': 'squirrel3', 'url': ' ', 'version': '::apt'}]&quot;,
    &quot;c8y_SoftwareUpdate&quot;: [
        {
            &quot;name&quot;: &quot;asciijump&quot;,
            &quot;action&quot;: &quot;install&quot;,
            &quot;id&quot;: &quot;5475369&quot;,
            &quot;version&quot;: &quot;::apt&quot;,
            &quot;url&quot;: &quot; &quot;
        },
        {
            &quot;name&quot;: &quot;robotfindskitten&quot;,
            &quot;action&quot;: &quot;install&quot;,
            &quot;id&quot;: &quot;5474869&quot;,
            &quot;version&quot;: &quot;::apt&quot;,
            &quot;url&quot;: &quot; &quot;
        },
        {
            &quot;name&quot;: &quot;squirrel3&quot;,
            &quot;action&quot;: &quot;install&quot;,
            &quot;id&quot;: &quot;5475279&quot;,
            &quot;version&quot;: &quot;::apt&quot;,
            &quot;url&quot;: &quot; &quot;
        }
    ]
}
09:26:29 INFO  Started operation: {'creationTime': '2022-04-28T09:26:29.200Z', 'deviceName': 'm32sd10b', 'deviceId': '17854775', 'self': 'https://t493319102.eu-latest.cumulocity.com/devicecontrol/operations/17887688', 'id': '17887688', 'status': 'PENDING', 'description': &quot;Apply software changes, triggered from PySys: [{'action': 'install', 'id': '5475369', 'name': 'asciijump', 'url': ' ', 'version': '::apt'}, {'action': 'install', 'id': '5474869', 'name': 'robotfindskitten', 'url': ' ', 'version': '::apt'}, {'action': 'install', 'id': '5475279', 'name': 'squirrel3', 'url': ' ', 'version': '::apt'}]&quot;, 'c8y_SoftwareUpdate': [{'name': 'asciijump', 'action': 'install', 'id': '5475369', 'version': '::apt', 'url': ' '}, {'name': 'robotfindskitten', 'action': 'install', 'id': '5474869', 'version': '::apt', 'url': ' '}, {'name': 'squirrel3', 'action': 'install', 'id': '5475279', 'version': '::apt', 'url': ' '}]}
09:26:31 INFO  State of operation 17887688 : PENDING
09:26:33 INFO  State of operation 17887688 : EXECUTING
09:26:35 INFO  State of operation 17887688 : EXECUTING
09:26:38 INFO  State of operation 17887688 : EXECUTING
09:26:40 INFO  State of operation 17887688 : EXECUTING
09:26:42 INFO  State of operation 17887688 : EXECUTING
09:26:45 INFO  State of operation 17887688 : EXECUTING
09:26:48 INFO  State of operation 17887688 : EXECUTING
09:26:50 INFO  State of operation 17887688 : EXECUTING
09:26:52 INFO  State of operation 17887688 : EXECUTING
09:26:54 INFO  State of operation 17887688 : EXECUTING
09:26:57 INFO  State of operation 17887688 : EXECUTING
09:26:59 INFO  State of operation 17887688 : EXECUTING
09:27:01 INFO  State of operation 17887688 : EXECUTING
09:27:03 INFO  State of operation 17887688 : EXECUTING
09:27:06 INFO  State of operation 17887688 : SUCCESSFUL
09:27:06 INFO  Assert that (False == value) with value=False ... passed
09:27:06 INFO  Package asciijump is installed
09:27:06 INFO  Assert that (True == value) with value=True ... passed
09:27:06 INFO  Package squirrel3 is installed
09:27:06 INFO  Assert that (True == value) with value=True ... passed
09:27:07 INFO  Package robotfindskitten is installed
09:27:07 INFO  Assert that (True == value) with value=True ... passed
09:27:07 INFO  Response status: 201
09:27:07 INFO  Response to action: {
    &quot;creationTime&quot;: &quot;2022-04-28T09:27:07.219Z&quot;,
    &quot;deviceName&quot;: &quot;m32sd10b&quot;,
    &quot;deviceId&quot;: &quot;17854775&quot;,
    &quot;self&quot;: &quot;https://t493319102.eu-latest.cumulocity.com/devicecontrol/operations/17887696&quot;,
    &quot;id&quot;: &quot;17887696&quot;,
    &quot;status&quot;: &quot;PENDING&quot;,
    &quot;description&quot;: &quot;Apply software changes, triggered from PySys: [{'action': 'delete', 'id': '5475369', 'name': 'asciijump', 'url': ' ', 'version': '::apt'}, {'action': 'delete', 'id': '5474869', 'name': 'robotfindskitten', 'url': ' ', 'version': '::apt'}, {'action': 'delete', 'id': '5475279', 'name': 'squirrel3', 'url': ' ', 'version': '::apt'}]&quot;,
    &quot;c8y_SoftwareUpdate&quot;: [
        {
            &quot;name&quot;: &quot;asciijump&quot;,
            &quot;action&quot;: &quot;delete&quot;,
            &quot;id&quot;: &quot;5475369&quot;,
            &quot;version&quot;: &quot;::apt&quot;,
            &quot;url&quot;: &quot; &quot;
        },
        {
            &quot;name&quot;: &quot;robotfindskitten&quot;,
            &quot;action&quot;: &quot;delete&quot;,
            &quot;id&quot;: &quot;5474869&quot;,
            &quot;version&quot;: &quot;::apt&quot;,
            &quot;url&quot;: &quot; &quot;
        },
        {
            &quot;name&quot;: &quot;squirrel3&quot;,
            &quot;action&quot;: &quot;delete&quot;,
            &quot;id&quot;: &quot;5475279&quot;,
            &quot;version&quot;: &quot;::apt&quot;,
            &quot;url&quot;: &quot; &quot;
        }
    ]
}
09:27:07 INFO  Started operation: {'creationTime': '2022-04-28T09:27:07.219Z', 'deviceName': 'm32sd10b', 'deviceId': '17854775', 'self': 'https://t493319102.eu-latest.cumulocity.com/devicecontrol/operations/17887696', 'id': '17887696', 'status': 'PENDING', 'description': &quot;Apply software changes, triggered from PySys: [{'action': 'delete', 'id': '5475369', 'name': 'asciijump', 'url': ' ', 'version': '::apt'}, {'action': 'delete', 'id': '5474869', 'name': 'robotfindskitten', 'url': ' ', 'version': '::apt'}, {'action': 'delete', 'id': '5475279', 'name': 'squirrel3', 'url': ' ', 'version': '::apt'}]&quot;, 'c8y_SoftwareUpdate': [{'name': 'asciijump', 'action': 'delete', 'id': '5475369', 'version': '::apt', 'url': ' '}, {'name': 'robotfindskitten', 'action': 'delete', 'id': '5474869', 'version': '::apt', 'url': ' '}, {'name': 'squirrel3', 'action': 'delete', 'id': '5475279', 'version': '::apt', 'url': ' '}]}
09:27:09 INFO  State of operation 17887696 : PENDING
09:27:11 INFO  State of operation 17887696 : EXECUTING
09:27:13 INFO  State of operation 17887696 : EXECUTING
09:27:16 INFO  State of operation 17887696 : EXECUTING
09:27:18 INFO  State of operation 17887696 : EXECUTING
09:27:20 INFO  State of operation 17887696 : EXECUTING
09:27:23 INFO  State of operation 17887696 : EXECUTING
09:27:26 INFO  State of operation 17887696 : EXECUTING
09:27:28 INFO  State of operation 17887696 : EXECUTING
09:27:30 INFO  State of operation 17887696 : EXECUTING
09:27:33 INFO  State of operation 17887696 : EXECUTING
09:27:35 INFO  State of operation 17887696 : EXECUTING
09:27:37 INFO  State of operation 17887696 : EXECUTING
09:27:39 INFO  State of operation 17887696 : EXECUTING
09:27:41 INFO  State of operation 17887696 : EXECUTING
09:27:44 INFO  State of operation 17887696 : EXECUTING
09:27:46 INFO  State of operation 17887696 : EXECUTING
09:27:48 INFO  State of operation 17887696 : EXECUTING
09:27:51 INFO  State of operation 17887696 : EXECUTING
09:27:53 INFO  State of operation 17887696 : EXECUTING
09:27:56 INFO  State of operation 17887696 : EXECUTING
09:27:58 INFO  State of operation 17887696 : EXECUTING
09:28:00 INFO  State of operation 17887696 : EXECUTING
09:28:02 INFO  State of operation 17887696 : EXECUTING
09:28:05 INFO  State of operation 17887696 : EXECUTING
09:28:07 INFO  State of operation 17887696 : EXECUTING
09:28:10 INFO  State of operation 17887696 : EXECUTING
09:28:12 INFO  State of operation 17887696 : EXECUTING
09:28:15 INFO  State of operation 17887696 : EXECUTING
09:28:17 INFO  State of operation 17887696 : EXECUTING
09:28:19 INFO  State of operation 17887696 : SUCCESSFUL
09:28:19 INFO  Assert that (False == value) with value=False ... passed
09:28:20 INFO  Assert that (False == value) with value=False ... passed
09:28:20 INFO  Assert that (False == value) with value=False ... passed
09:28:20 INFO  Assert that (False == value) with value=False ... passed
09:28:20 INFO  
09:28:20 INFO  cleanup:
09:28:24 INFO  Executed sudo&lt;tedge_disconnect_c8y&gt;, exit status 0
09:28:25 INFO  Executed systemctl&lt;serv_mapper5&gt;, exit status 3
09:28:25 INFO  
09:28:25 INFO  Test duration: 142.27 secs
09:28:25 INFO  Test final outcome:  FAILED
09:28:25 INFO  Test outcome reason: Assert that (False == value) with value=True (+2 other failures)
09:28:25 INFO  
</system-out>
	</testcase>
</testsuite>
