<?xml version="1.0" encoding="utf-8"?>
<testsuite failures="1" name="SoftwareManagement.sm_apt_install_fail" skipped="0" tests="1" time="67.41" timestamp="2022-05-13T11:53:19">
	<testcase classname="PySysTest" name="SoftwareManagement.sm_apt_install_fail">
		<failure message="BLOCKED: SystemError: The Sofware list is empty !!!" type="BLOCKED"/>
		<system-out>11:52:11 INFO  ==============================================================
11:52:11 INFO  Id:    SoftwareManagement.sm_apt_install_fail
11:52:11 INFO  Dir:   software_management_end_to_end/
11:52:11 INFO  Title: Validate end to end behaviour for a failing installation
11:52:11 INFO  ==============================================================
11:52:11 INFO  Using sw id database: {'asciijump': '5475369', 'robotfindskitten': '5474869', 'squirrel3': '5475279', 'rolldice': '5152439', 'moon-buggy': '5439204', 'apple': '5495053', 'banana': '5494888', 'cherry': '5495382', 'watermelon': '5494510', 'registry': '8018911', 'hello-world': '8021526', 'docker/getting-started': '8021973', 'alpine': '7991792'}
11:52:11 INFO  EnvironmentC8y Setup
11:52:12 INFO  Executed systemctl&lt;serv_mapper1&gt;, exit status 3
11:52:12 INFO  Restarting mosquitto too frequently in the last 10 seconds. It was only up for 4 seconds
11:52:12 INFO  Delaying execution by 7 seconds
11:52:33 INFO  Executed sudo&lt;tedge_connect_c8y&gt;, exit status 0, duration 13 secs
11:52:34 INFO  Executed sudo&lt;tedge_connect_c8y_test&gt;, exit status 0
11:52:34 INFO  Executed systemctl&lt;serv_mosq2&gt;, exit status 0
11:52:34 INFO  Executed systemctl&lt;serv_mapper3&gt;, exit status 0
11:52:37 INFO  State of current operation: FAILED
11:52:37 INFO  Response status: 201
11:52:37 INFO  Response to action: {
    &quot;creationTime&quot;: &quot;2022-05-13T11:52:37.395Z&quot;,
    &quot;deviceId&quot;: &quot;19000396&quot;,
    &quot;deviceName&quot;: &quot;m32sd10b&quot;,
    &quot;self&quot;: &quot;https://t493319102.eu-latest.cumulocity.com/devicecontrol/operations/19028749&quot;,
    &quot;id&quot;: &quot;19028749&quot;,
    &quot;status&quot;: &quot;PENDING&quot;,
    &quot;description&quot;: &quot;Apply software changes, triggered from PySys: [{'name': 'does_not_exist', 'id': '5446165', 'version': '::apt', 'url': '', 'action': 'install'}]&quot;,
    &quot;c8y_SoftwareUpdate&quot;: [
        {
            &quot;name&quot;: &quot;does_not_exist&quot;,
            &quot;action&quot;: &quot;install&quot;,
            &quot;id&quot;: &quot;5446165&quot;,
            &quot;version&quot;: &quot;::apt&quot;,
            &quot;url&quot;: &quot;&quot;
        }
    ]
}
11:52:37 INFO  Started operation: {'creationTime': '2022-05-13T11:52:37.395Z', 'deviceId': '19000396', 'deviceName': 'm32sd10b', 'self': 'https://t493319102.eu-latest.cumulocity.com/devicecontrol/operations/19028749', 'id': '19028749', 'status': 'PENDING', 'description': &quot;Apply software changes, triggered from PySys: [{'name': 'does_not_exist', 'id': '5446165', 'version': '::apt', 'url': '', 'action': 'install'}]&quot;, 'c8y_SoftwareUpdate': [{'name': 'does_not_exist', 'action': 'install', 'id': '5446165', 'version': '::apt', 'url': ''}]}
11:52:39 INFO  State of operation 19028749 : PENDING
11:52:41 INFO  State of operation 19028749 : EXECUTING
11:52:44 INFO  State of operation 19028749 : EXECUTING
11:52:46 INFO  State of operation 19028749 : EXECUTING
11:52:48 INFO  State of operation 19028749 : EXECUTING
11:52:50 INFO  State of operation 19028749 : EXECUTING
11:52:53 INFO  State of operation 19028749 : EXECUTING
11:52:56 INFO  State of operation 19028749 : EXECUTING
11:52:58 INFO  State of operation 19028749 : EXECUTING
11:53:01 INFO  State of operation 19028749 : EXECUTING
11:53:03 INFO  State of operation 19028749 : EXECUTING
11:53:05 INFO  State of operation 19028749 : EXECUTING
11:53:07 INFO  State of operation 19028749 : EXECUTING
11:53:09 INFO  State of operation 19028749 : EXECUTING
11:53:12 INFO  State of operation 19028749 : EXECUTING
11:53:14 INFO  State of operation 19028749 : FAILED
11:53:14 WARN  SystemError occurred while running test - The Sofware list is empty !!!
Traceback (most recent call last):
  File &quot;/home/pi/env-pysys/lib/python3.7/site-packages/pysys/baserunner.py&quot;, line 1296, in __call__
    self.testObj.validate()
  File &quot;/home/pi/actions-runner/_work/thin-edge.io/thin-edge.io/tests/PySys/software_management_end_to_end/sm_apt_install_fail/run.py&quot;, line 31, in validate
    &quot;False == value&quot;, value=self.check_is_installed(&quot;does_not_exist&quot;)
  File &quot;/home/pi/actions-runner/_work/thin-edge.io/thin-edge.io/tests/PySys/software_management_end_to_end/environment_sm_management.py&quot;, line 399, in check_is_installed
    raise SystemError(&quot;The Sofware list is empty !!!&quot;)
SystemError: The Sofware list is empty !!!
11:53:14 WARN  SystemError: The Sofware list is empty !!! ... blocked 
11:53:14 INFO  
11:53:14 INFO  cleanup:
11:53:18 INFO  Executed sudo&lt;tedge_disconnect_c8y&gt;, exit status 0
11:53:19 INFO  Executed systemctl&lt;serv_mapper5&gt;, exit status 3
11:53:19 INFO  
11:53:19 INFO  Test duration: 67.41 secs
11:53:19 INFO  Test final outcome:  BLOCKED
11:53:19 INFO  Test outcome reason: SystemError: The Sofware list is empty !!!
11:53:19 INFO  
</system-out>
	</testcase>
</testsuite>
