<?xml version="1.0" encoding="utf-8"?>
<testsuite failures="1" name="SoftwareManagement.sm_fake_install_remove" skipped="0" tests="1" time="164.59" timestamp="2022-04-25T22:50:45">
	<testcase classname="PySysTest" name="SoftwareManagement.sm_fake_install_remove">
		<failure message="BLOCKED: SystemError: Timeout while waiting for status FAILED or SUCCESSFUL" type="BLOCKED"/>
		<system-out>22:48:01 INFO  ==============================================================
22:48:01 INFO  Id:    SoftwareManagement.sm_fake_install_remove
22:48:01 INFO  Dir:   software_management_end_to_end/
22:48:01 INFO  Title: Validate end to end behaviour for the dummy plugin for installation and removal of packages
22:48:01 INFO  ==============================================================
22:48:01 INFO  Using sw id database: {'asciijump': '5475369', 'robotfindskitten': '5474869', 'squirrel3': '5475279', 'rolldice': '5152439', 'moon-buggy': '5439204', 'apple': '5495053', 'banana': '5494888', 'cherry': '5495382', 'watermelon': '5494510', 'registry': '8018911', 'hello-world': '8021526', 'docker/getting-started': '8021973', 'alpine': '7991792'}
22:48:01 INFO  EnvironmentC8y Setup
22:48:01 INFO  Executed systemctl&lt;serv_mapper1&gt;, exit status 3
22:48:01 INFO  Restarting mosquitto too frequently in the last 10 seconds. It was only up for 5 seconds
22:48:01 INFO  Delaying execution by 6 seconds
22:48:21 INFO  Executed sudo&lt;tedge_connect_c8y&gt;, exit status 0, duration 13 secs
22:48:22 INFO  Executed sudo&lt;tedge_connect_c8y_test&gt;, exit status 0
22:48:22 INFO  Executed systemctl&lt;serv_mosq2&gt;, exit status 0
22:48:23 INFO  Executed systemctl&lt;serv_mapper3&gt;, exit status 0
22:48:25 INFO  State of current operation: PENDING
22:48:27 INFO  State of current operation: PENDING
22:48:30 INFO  State of current operation: PENDING
22:48:32 INFO  State of current operation: PENDING
22:48:34 INFO  State of current operation: PENDING
22:48:36 INFO  State of current operation: PENDING
22:48:39 INFO  State of current operation: PENDING
22:48:41 INFO  State of current operation: PENDING
22:48:43 INFO  State of current operation: PENDING
22:48:45 INFO  State of current operation: PENDING
22:48:47 INFO  State of current operation: PENDING
22:48:50 INFO  State of current operation: PENDING
22:48:52 INFO  State of current operation: PENDING
22:48:54 INFO  State of current operation: PENDING
22:48:56 INFO  State of current operation: PENDING
22:48:58 INFO  State of current operation: PENDING
22:49:01 INFO  State of current operation: PENDING
22:49:03 INFO  State of current operation: PENDING
22:49:05 INFO  State of current operation: PENDING
22:49:07 INFO  State of current operation: PENDING
22:49:10 INFO  State of current operation: PENDING
22:49:12 INFO  State of current operation: PENDING
22:49:14 INFO  State of current operation: PENDING
22:49:16 INFO  State of current operation: PENDING
22:49:19 INFO  State of current operation: PENDING
22:49:21 INFO  State of current operation: PENDING
22:49:23 INFO  State of current operation: PENDING
22:49:25 INFO  State of current operation: PENDING
22:49:27 INFO  State of current operation: PENDING
22:49:30 INFO  State of current operation: PENDING
22:49:32 INFO  State of current operation: PENDING
22:49:34 INFO  State of current operation: PENDING
22:49:36 INFO  State of current operation: PENDING
22:49:39 INFO  State of current operation: PENDING
22:49:41 INFO  State of current operation: PENDING
22:49:43 INFO  State of current operation: PENDING
22:49:45 INFO  State of current operation: PENDING
22:49:47 INFO  State of current operation: PENDING
22:49:50 INFO  State of current operation: PENDING
22:49:52 INFO  State of current operation: PENDING
22:49:54 INFO  State of current operation: PENDING
22:49:56 INFO  State of current operation: PENDING
22:49:59 INFO  State of current operation: PENDING
22:50:01 INFO  State of current operation: PENDING
22:50:03 INFO  State of current operation: PENDING
22:50:05 INFO  State of current operation: PENDING
22:50:07 INFO  State of current operation: PENDING
22:50:10 INFO  State of current operation: PENDING
22:50:12 INFO  State of current operation: PENDING
22:50:14 INFO  State of current operation: PENDING
22:50:16 INFO  State of current operation: PENDING
22:50:19 INFO  State of current operation: PENDING
22:50:21 INFO  State of current operation: PENDING
22:50:23 INFO  State of current operation: PENDING
22:50:25 INFO  State of current operation: PENDING
22:50:28 INFO  State of current operation: PENDING
22:50:30 INFO  State of current operation: PENDING
22:50:32 INFO  State of current operation: PENDING
22:50:34 INFO  State of current operation: PENDING
22:50:36 INFO  State of current operation: PENDING
22:50:39 INFO  State of current operation: PENDING
22:50:41 WARN  SystemError occurred while running test - Timeout while waiting for status FAILED or SUCCESSFUL
Traceback (most recent call last):
  File &quot;/home/pi/env-pysys/lib/python3.7/site-packages/pysys/baserunner.py&quot;, line 1292, in __call__
    self.testObj.setup()
  File &quot;/home/pi/actions-runner/_work/thin-edge.io/thin-edge.io/tests/PySys/software_management_end_to_end/sm_fake_install_remove/run.py&quot;, line 38, in setup
    super().setup()
  File &quot;/home/pi/actions-runner/_work/thin-edge.io/thin-edge.io/tests/PySys/software_management_end_to_end/environment_sm_management.py&quot;, line 151, in setup
    self.wait_until_end()
  File &quot;/home/pi/actions-runner/_work/thin-edge.io/thin-edge.io/tests/PySys/software_management_end_to_end/environment_sm_management.py&quot;, line 332, in wait_until_end
    self.wait_until_status(&quot;FAILED&quot;, &quot;SUCCESSFUL&quot;)
  File &quot;/home/pi/actions-runner/_work/thin-edge.io/thin-edge.io/tests/PySys/software_management_end_to_end/environment_sm_management.py&quot;, line 381, in wait_until_status
    &quot;Timeout while waiting for status %s or %s&quot; % (status, status2)
SystemError: Timeout while waiting for status FAILED or SUCCESSFUL
22:50:41 WARN  SystemError: Timeout while waiting for status FAILED or SUCCESSFUL ... blocked 
22:50:41 INFO  
22:50:41 INFO  cleanup:
22:50:45 INFO  Executed sudo&lt;tedge_disconnect_c8y&gt;, exit status 0
22:50:45 INFO  Executed systemctl&lt;serv_mapper5&gt;, exit status 3
22:50:45 INFO  
22:50:45 INFO  Test duration: 164.59 secs
22:50:45 INFO  Test final outcome:  BLOCKED
22:50:45 INFO  Test outcome reason: SystemError: Timeout while waiting for status FAILED or SUCCESSFUL
22:50:45 INFO  
</system-out>
	</testcase>
</testsuite>
