<?xml version="1.0" encoding="utf-8"?>
<testsuite failures="1" name="SoftwareManagement.sm_mixed_install_remove_multiple" skipped="0" tests="1" time="165.55" timestamp="2022-05-06T14:34:18">
	<testcase classname="PySysTest" name="SoftwareManagement.sm_mixed_install_remove_multiple">
		<failure message="FAILED: Assert that (False == value) with value=True" type="FAILED"/>
		<system-out>14:31:33 INFO  ==============================================================
14:31:33 INFO  Id:    SoftwareManagement.sm_mixed_install_remove_multiple
14:31:33 INFO  Dir:   software_management_end_to_end/
14:31:33 INFO  Title: Validate end to end behaviour for the dummy-plugin for multiple packages with mixed versions
14:31:33 INFO  ==============================================================
14:31:33 INFO  Using sw id database: {'asciijump': '5475369', 'robotfindskitten': '5474869', 'squirrel3': '5475279', 'rolldice': '5152439', 'moon-buggy': '5439204', 'apple': '5495053', 'banana': '5494888', 'cherry': '5495382', 'watermelon': '5494510', 'registry': '8018911', 'hello-world': '8021526', 'docker/getting-started': '8021973', 'alpine': '7991792'}
14:31:33 INFO  EnvironmentC8y Setup
14:31:33 INFO  Executed systemctl&lt;serv_mapper1&gt;, exit status 3
14:31:34 INFO  Restarting mosquitto too frequently in the last 10 seconds. It was only up for 4 seconds
14:31:34 INFO  Delaying execution by 7 seconds
14:31:55 INFO  Executed sudo&lt;tedge_connect_c8y&gt;, exit status 0, duration 14 secs
14:31:55 INFO  Executed sudo&lt;tedge_connect_c8y_test&gt;, exit status 0
14:31:56 INFO  Executed systemctl&lt;serv_mosq2&gt;, exit status 0
14:31:56 INFO  Executed systemctl&lt;serv_mapper3&gt;, exit status 0
14:31:58 INFO  State of current operation: SUCCESSFUL
14:31:59 INFO  Package apple is installed
14:31:59 INFO  Assert that (True == value) with value=True ... passed
14:31:59 INFO  Package banana is installed
14:31:59 INFO  Assert that (True == value) with value=True ... passed
14:31:59 INFO  Package cherry is installed
14:31:59 INFO  Assert that (True == value) with value=True ... passed
14:31:59 INFO  Package asciijump is installed
14:31:59 WARN  Assert that (False == value) with value=True ... failed 
14:32:00 INFO  Assert that (False == value) with value=False ... passed
14:32:00 INFO  Response status: 201
14:32:00 INFO  Response to action: {
    &quot;delivery&quot;: {
        &quot;time&quot;: &quot;2022-05-06T14:32:00.209Z&quot;,
        &quot;log&quot;: [],
        &quot;status&quot;: &quot;PENDING&quot;
    },
    &quot;creationTime&quot;: &quot;2022-05-06T14:32:00.192Z&quot;,
    &quot;deviceName&quot;: &quot;m32sd10b&quot;,
    &quot;deviceId&quot;: &quot;18388532&quot;,
    &quot;self&quot;: &quot;https://t493319102.eu-latest.cumulocity.com/devicecontrol/operations/18458844&quot;,
    &quot;id&quot;: &quot;18458844&quot;,
    &quot;status&quot;: &quot;PENDING&quot;,
    &quot;description&quot;: &quot;Apply software changes, triggered from PySys: [{'action': 'install', 'id': '5495053', 'name': 'apple', 'url': ' ', 'version': '::fruits'}, {'action': 'install', 'id': '5494888', 'name': 'banana', 'url': ' ', 'version': '::fruits'}, {'action': 'install', 'id': '5475369', 'name': 'asciijump', 'url': ' ', 'version': '::apt'}, {'action': 'install', 'id': '5495382', 'name': 'cherry', 'url': ' ', 'version': '::fruits'}, {'action': 'install', 'id': '8018911', 'name': 'registry', 'url': ' ', 'version': '::docker'}]&quot;,
    &quot;c8y_SoftwareUpdate&quot;: [
        {
            &quot;name&quot;: &quot;apple&quot;,
            &quot;action&quot;: &quot;install&quot;,
            &quot;id&quot;: &quot;5495053&quot;,
            &quot;version&quot;: &quot;::fruits&quot;,
            &quot;url&quot;: &quot; &quot;
        },
        {
            &quot;name&quot;: &quot;banana&quot;,
            &quot;action&quot;: &quot;install&quot;,
            &quot;id&quot;: &quot;5494888&quot;,
            &quot;version&quot;: &quot;::fruits&quot;,
            &quot;url&quot;: &quot; &quot;
        },
        {
            &quot;name&quot;: &quot;asciijump&quot;,
            &quot;action&quot;: &quot;install&quot;,
            &quot;id&quot;: &quot;5475369&quot;,
            &quot;version&quot;: &quot;::apt&quot;,
            &quot;url&quot;: &quot; &quot;
        },
        {
            &quot;name&quot;: &quot;cherry&quot;,
            &quot;action&quot;: &quot;install&quot;,
            &quot;id&quot;: &quot;5495382&quot;,
            &quot;version&quot;: &quot;::fruits&quot;,
            &quot;url&quot;: &quot; &quot;
        },
        {
            &quot;name&quot;: &quot;registry&quot;,
            &quot;action&quot;: &quot;install&quot;,
            &quot;id&quot;: &quot;8018911&quot;,
            &quot;version&quot;: &quot;::docker&quot;,
            &quot;url&quot;: &quot; &quot;
        }
    ]
}
14:32:00 INFO  Started operation: {'delivery': {'time': '2022-05-06T14:32:00.209Z', 'log': [], 'status': 'PENDING'}, 'creationTime': '2022-05-06T14:32:00.192Z', 'deviceName': 'm32sd10b', 'deviceId': '18388532', 'self': 'https://t493319102.eu-latest.cumulocity.com/devicecontrol/operations/18458844', 'id': '18458844', 'status': 'PENDING', 'description': &quot;Apply software changes, triggered from PySys: [{'action': 'install', 'id': '5495053', 'name': 'apple', 'url': ' ', 'version': '::fruits'}, {'action': 'install', 'id': '5494888', 'name': 'banana', 'url': ' ', 'version': '::fruits'}, {'action': 'install', 'id': '5475369', 'name': 'asciijump', 'url': ' ', 'version': '::apt'}, {'action': 'install', 'id': '5495382', 'name': 'cherry', 'url': ' ', 'version': '::fruits'}, {'action': 'install', 'id': '8018911', 'name': 'registry', 'url': ' ', 'version': '::docker'}]&quot;, 'c8y_SoftwareUpdate': [{'name': 'apple', 'action': 'install', 'id': '5495053', 'version': '::fruits', 'url': ' '}, {'name': 'banana', 'action': 'install', 'id': '5494888', 'version': '::fruits', 'url': ' '}, {'name': 'asciijump', 'action': 'install', 'id': '5475369', 'version': '::apt', 'url': ' '}, {'name': 'cherry', 'action': 'install', 'id': '5495382', 'version': '::fruits', 'url': ' '}, {'name': 'registry', 'action': 'install', 'id': '8018911', 'version': '::docker', 'url': ' '}]}
14:32:02 INFO  State of operation 18458844 : PENDING
14:32:04 INFO  State of operation 18458844 : EXECUTING
14:32:06 INFO  State of operation 18458844 : EXECUTING
14:32:09 INFO  State of operation 18458844 : EXECUTING
14:32:11 INFO  State of operation 18458844 : EXECUTING
14:32:13 INFO  State of operation 18458844 : EXECUTING
14:32:16 INFO  State of operation 18458844 : EXECUTING
14:32:19 INFO  State of operation 18458844 : EXECUTING
14:32:21 INFO  State of operation 18458844 : EXECUTING
14:32:23 INFO  State of operation 18458844 : EXECUTING
14:32:26 INFO  State of operation 18458844 : EXECUTING
14:32:28 INFO  State of operation 18458844 : EXECUTING
14:32:30 INFO  State of operation 18458844 : EXECUTING
14:32:32 INFO  State of operation 18458844 : EXECUTING
14:32:34 INFO  State of operation 18458844 : EXECUTING
14:32:37 INFO  State of operation 18458844 : EXECUTING
14:32:39 INFO  State of operation 18458844 : EXECUTING
14:32:41 INFO  State of operation 18458844 : EXECUTING
14:32:44 INFO  State of operation 18458844 : EXECUTING
14:32:46 INFO  State of operation 18458844 : EXECUTING
14:32:48 INFO  State of operation 18458844 : EXECUTING
14:32:50 INFO  State of operation 18458844 : EXECUTING
14:32:53 INFO  State of operation 18458844 : EXECUTING
14:32:55 INFO  State of operation 18458844 : EXECUTING
14:32:57 INFO  State of operation 18458844 : EXECUTING
14:32:59 INFO  State of operation 18458844 : SUCCESSFUL
14:33:00 INFO  Package apple is installed
14:33:00 INFO  Assert that (True == value) with value=True ... passed
14:33:00 INFO  Package banana is installed
14:33:00 INFO  Assert that (True == value) with value=True ... passed
14:33:00 INFO  Package cherry is installed
14:33:00 INFO  Assert that (True == value) with value=True ... passed
14:33:00 INFO  Package asciijump is installed
14:33:00 INFO  Assert that (True == value) with value=True ... passed
14:33:01 INFO  Package registry is installed
14:33:01 INFO  Assert that (True == value) with value=True ... passed
14:33:01 INFO  Response status: 201
14:33:01 INFO  Response to action: {
    &quot;delivery&quot;: {
        &quot;time&quot;: &quot;2022-05-06T14:33:01.294Z&quot;,
        &quot;log&quot;: [],
        &quot;status&quot;: &quot;PENDING&quot;
    },
    &quot;creationTime&quot;: &quot;2022-05-06T14:33:01.280Z&quot;,
    &quot;deviceName&quot;: &quot;m32sd10b&quot;,
    &quot;deviceId&quot;: &quot;18388532&quot;,
    &quot;self&quot;: &quot;https://t493319102.eu-latest.cumulocity.com/devicecontrol/operations/18458856&quot;,
    &quot;id&quot;: &quot;18458856&quot;,
    &quot;status&quot;: &quot;PENDING&quot;,
    &quot;description&quot;: &quot;Apply software changes, triggered from PySys: [{'action': 'delete', 'id': '5495053', 'name': 'apple', 'url': ' ', 'version': '::fruits'}, {'action': 'delete', 'id': '5494888', 'name': 'banana', 'url': ' ', 'version': '::fruits'}, {'action': 'delete', 'id': '5475369', 'name': 'asciijump', 'url': ' ', 'version': '::apt'}, {'action': 'delete', 'id': '5495382', 'name': 'cherry', 'url': ' ', 'version': '::fruits'}, {'action': 'delete', 'id': '8018911', 'name': 'registry', 'url': ' ', 'version': '::docker'}]&quot;,
    &quot;c8y_SoftwareUpdate&quot;: [
        {
            &quot;name&quot;: &quot;apple&quot;,
            &quot;action&quot;: &quot;delete&quot;,
            &quot;id&quot;: &quot;5495053&quot;,
            &quot;version&quot;: &quot;::fruits&quot;,
            &quot;url&quot;: &quot; &quot;
        },
        {
            &quot;name&quot;: &quot;banana&quot;,
            &quot;action&quot;: &quot;delete&quot;,
            &quot;id&quot;: &quot;5494888&quot;,
            &quot;version&quot;: &quot;::fruits&quot;,
            &quot;url&quot;: &quot; &quot;
        },
        {
            &quot;name&quot;: &quot;asciijump&quot;,
            &quot;action&quot;: &quot;delete&quot;,
            &quot;id&quot;: &quot;5475369&quot;,
            &quot;version&quot;: &quot;::apt&quot;,
            &quot;url&quot;: &quot; &quot;
        },
        {
            &quot;name&quot;: &quot;cherry&quot;,
            &quot;action&quot;: &quot;delete&quot;,
            &quot;id&quot;: &quot;5495382&quot;,
            &quot;version&quot;: &quot;::fruits&quot;,
            &quot;url&quot;: &quot; &quot;
        },
        {
            &quot;name&quot;: &quot;registry&quot;,
            &quot;action&quot;: &quot;delete&quot;,
            &quot;id&quot;: &quot;8018911&quot;,
            &quot;version&quot;: &quot;::docker&quot;,
            &quot;url&quot;: &quot; &quot;
        }
    ]
}
14:33:01 INFO  Started operation: {'delivery': {'time': '2022-05-06T14:33:01.294Z', 'log': [], 'status': 'PENDING'}, 'creationTime': '2022-05-06T14:33:01.280Z', 'deviceName': 'm32sd10b', 'deviceId': '18388532', 'self': 'https://t493319102.eu-latest.cumulocity.com/devicecontrol/operations/18458856', 'id': '18458856', 'status': 'PENDING', 'description': &quot;Apply software changes, triggered from PySys: [{'action': 'delete', 'id': '5495053', 'name': 'apple', 'url': ' ', 'version': '::fruits'}, {'action': 'delete', 'id': '5494888', 'name': 'banana', 'url': ' ', 'version': '::fruits'}, {'action': 'delete', 'id': '5475369', 'name': 'asciijump', 'url': ' ', 'version': '::apt'}, {'action': 'delete', 'id': '5495382', 'name': 'cherry', 'url': ' ', 'version': '::fruits'}, {'action': 'delete', 'id': '8018911', 'name': 'registry', 'url': ' ', 'version': '::docker'}]&quot;, 'c8y_SoftwareUpdate': [{'name': 'apple', 'action': 'delete', 'id': '5495053', 'version': '::fruits', 'url': ' '}, {'name': 'banana', 'action': 'delete', 'id': '5494888', 'version': '::fruits', 'url': ' '}, {'name': 'asciijump', 'action': 'delete', 'id': '5475369', 'version': '::apt', 'url': ' '}, {'name': 'cherry', 'action': 'delete', 'id': '5495382', 'version': '::fruits', 'url': ' '}, {'name': 'registry', 'action': 'delete', 'id': '8018911', 'version': '::docker', 'url': ' '}]}
14:33:03 INFO  State of operation 18458856 : PENDING
14:33:05 INFO  State of operation 18458856 : EXECUTING
14:33:07 INFO  State of operation 18458856 : EXECUTING
14:33:10 INFO  State of operation 18458856 : EXECUTING
14:33:12 INFO  State of operation 18458856 : EXECUTING
14:33:14 INFO  State of operation 18458856 : EXECUTING
14:33:17 INFO  State of operation 18458856 : EXECUTING
14:33:19 INFO  State of operation 18458856 : EXECUTING
14:33:22 INFO  State of operation 18458856 : EXECUTING
14:33:24 INFO  State of operation 18458856 : EXECUTING
14:33:26 INFO  State of operation 18458856 : EXECUTING
14:33:28 INFO  State of operation 18458856 : EXECUTING
14:33:31 INFO  State of operation 18458856 : EXECUTING
14:33:33 INFO  State of operation 18458856 : EXECUTING
14:33:35 INFO  State of operation 18458856 : EXECUTING
14:33:38 INFO  State of operation 18458856 : EXECUTING
14:33:40 INFO  State of operation 18458856 : EXECUTING
14:33:43 INFO  State of operation 18458856 : EXECUTING
14:33:45 INFO  State of operation 18458856 : EXECUTING
14:33:47 INFO  State of operation 18458856 : EXECUTING
14:33:49 INFO  State of operation 18458856 : EXECUTING
14:33:52 INFO  State of operation 18458856 : EXECUTING
14:33:54 INFO  State of operation 18458856 : EXECUTING
14:33:57 INFO  State of operation 18458856 : EXECUTING
14:33:59 INFO  State of operation 18458856 : EXECUTING
14:34:01 INFO  State of operation 18458856 : EXECUTING
14:34:03 INFO  State of operation 18458856 : EXECUTING
14:34:06 INFO  State of operation 18458856 : EXECUTING
14:34:08 INFO  State of operation 18458856 : EXECUTING
14:34:10 INFO  State of operation 18458856 : EXECUTING
14:34:12 INFO  State of operation 18458856 : SUCCESSFUL
14:34:13 INFO  Package apple is installed
14:34:13 INFO  Assert that (True == value) with value=True ... passed
14:34:13 INFO  Package banana is installed
14:34:13 INFO  Assert that (True == value) with value=True ... passed
14:34:13 INFO  Package cherry is installed
14:34:13 INFO  Assert that (True == value) with value=True ... passed
14:34:13 INFO  Assert that (False == value) with value=False ... passed
14:34:13 INFO  Assert that (False == value) with value=False ... passed
14:34:13 INFO  
14:34:13 INFO  cleanup:
14:34:18 INFO  Executed sudo&lt;tedge_disconnect_c8y&gt;, exit status 0
14:34:18 INFO  Executed systemctl&lt;serv_mapper5&gt;, exit status 3
14:34:18 INFO  
14:34:18 INFO  Test duration: 165.55 secs
14:34:18 INFO  Test final outcome:  FAILED
14:34:18 INFO  Test outcome reason: Assert that (False == value) with value=True
14:34:18 INFO  
</system-out>
	</testcase>
</testsuite>
