<?xml version="1.0" encoding="utf-8"?>
<testsuite failures="1" name="SoftwareManagement.sm_fake_install_remove_multiple" skipped="0" tests="1" time="164.96" timestamp="2022-04-25T22:53:30">
	<testcase classname="PySysTest" name="SoftwareManagement.sm_fake_install_remove_multiple">
		<failure message="BLOCKED: SystemError: Timeout while waiting for status FAILED or SUCCESSFUL" type="BLOCKED"/>
		<system-out>22:50:45 INFO  ==============================================================
22:50:45 INFO  Id:    SoftwareManagement.sm_fake_install_remove_multiple
22:50:45 INFO  Dir:   software_management_end_to_end/
22:50:45 INFO  Title: Validate end to end behaviour for the dummy-plugin for multiple packages
22:50:45 INFO  ==============================================================
22:50:45 INFO  Using sw id database: {'asciijump': '5475369', 'robotfindskitten': '5474869', 'squirrel3': '5475279', 'rolldice': '5152439', 'moon-buggy': '5439204', 'apple': '5495053', 'banana': '5494888', 'cherry': '5495382', 'watermelon': '5494510', 'registry': '8018911', 'hello-world': '8021526', 'docker/getting-started': '8021973', 'alpine': '7991792'}
22:50:45 INFO  EnvironmentC8y Setup
22:50:46 INFO  Executed systemctl&lt;serv_mapper1&gt;, exit status 3
22:50:46 INFO  Restarting mosquitto too frequently in the last 10 seconds. It was only up for 5 seconds
22:50:46 INFO  Delaying execution by 6 seconds
22:51:06 INFO  Executed sudo&lt;tedge_connect_c8y&gt;, exit status 0, duration 14 secs
22:51:07 INFO  Executed sudo&lt;tedge_connect_c8y_test&gt;, exit status 0
22:51:08 INFO  Executed systemctl&lt;serv_mosq2&gt;, exit status 0
22:51:08 INFO  Executed systemctl&lt;serv_mapper3&gt;, exit status 0
22:51:10 INFO  State of current operation: PENDING
22:51:12 INFO  State of current operation: PENDING
22:51:15 INFO  State of current operation: PENDING
22:51:17 INFO  State of current operation: PENDING
22:51:19 INFO  State of current operation: PENDING
22:51:21 INFO  State of current operation: PENDING
22:51:24 INFO  State of current operation: PENDING
22:51:26 INFO  State of current operation: PENDING
22:51:28 INFO  State of current operation: PENDING
22:51:30 INFO  State of current operation: PENDING
22:51:32 INFO  State of current operation: PENDING
22:51:35 INFO  State of current operation: PENDING
22:51:37 INFO  State of current operation: PENDING
22:51:39 INFO  State of current operation: PENDING
22:51:41 INFO  State of current operation: PENDING
22:51:44 INFO  State of current operation: PENDING
22:51:46 INFO  State of current operation: PENDING
22:51:48 INFO  State of current operation: PENDING
22:51:50 INFO  State of current operation: PENDING
22:51:52 INFO  State of current operation: PENDING
22:51:55 INFO  State of current operation: PENDING
22:51:57 INFO  State of current operation: PENDING
22:51:59 INFO  State of current operation: PENDING
22:52:01 INFO  State of current operation: PENDING
22:52:04 INFO  State of current operation: PENDING
22:52:06 INFO  State of current operation: PENDING
22:52:08 INFO  State of current operation: PENDING
22:52:10 INFO  State of current operation: PENDING
22:52:13 INFO  State of current operation: PENDING
22:52:15 INFO  State of current operation: PENDING
22:52:17 INFO  State of current operation: PENDING
22:52:19 INFO  State of current operation: PENDING
22:52:21 INFO  State of current operation: PENDING
22:52:24 INFO  State of current operation: PENDING
22:52:26 INFO  State of current operation: PENDING
22:52:28 INFO  State of current operation: PENDING
22:52:30 INFO  State of current operation: PENDING
22:52:33 INFO  State of current operation: PENDING
22:52:35 INFO  State of current operation: PENDING
22:52:37 INFO  State of current operation: PENDING
22:52:39 INFO  State of current operation: PENDING
22:52:41 INFO  State of current operation: PENDING
22:52:44 INFO  State of current operation: PENDING
22:52:46 INFO  State of current operation: PENDING
22:52:48 INFO  State of current operation: PENDING
22:52:50 INFO  State of current operation: PENDING
22:52:53 INFO  State of current operation: PENDING
22:52:55 INFO  State of current operation: PENDING
22:52:57 INFO  State of current operation: PENDING
22:52:59 INFO  State of current operation: PENDING
22:53:01 INFO  State of current operation: PENDING
22:53:04 INFO  State of current operation: PENDING
22:53:06 INFO  State of current operation: PENDING
22:53:08 INFO  State of current operation: PENDING
22:53:10 INFO  State of current operation: PENDING
22:53:13 INFO  State of current operation: PENDING
22:53:15 INFO  State of current operation: PENDING
22:53:17 INFO  State of current operation: PENDING
22:53:19 INFO  State of current operation: PENDING
22:53:21 INFO  State of current operation: PENDING
22:53:24 INFO  State of current operation: PENDING
22:53:26 WARN  SystemError occurred while running test - Timeout while waiting for status FAILED or SUCCESSFUL
Traceback (most recent call last):
  File &quot;/home/pi/env-pysys/lib/python3.7/site-packages/pysys/baserunner.py&quot;, line 1292, in __call__
    self.testObj.setup()
  File &quot;/home/pi/actions-runner/_work/thin-edge.io/thin-edge.io/tests/PySys/software_management_end_to_end/sm_fake_install_remove_multiple/run.py&quot;, line 68, in setup
    super().setup()
  File &quot;/home/pi/actions-runner/_work/thin-edge.io/thin-edge.io/tests/PySys/software_management_end_to_end/environment_sm_management.py&quot;, line 151, in setup
    self.wait_until_end()
  File &quot;/home/pi/actions-runner/_work/thin-edge.io/thin-edge.io/tests/PySys/software_management_end_to_end/environment_sm_management.py&quot;, line 332, in wait_until_end
    self.wait_until_status(&quot;FAILED&quot;, &quot;SUCCESSFUL&quot;)
  File &quot;/home/pi/actions-runner/_work/thin-edge.io/thin-edge.io/tests/PySys/software_management_end_to_end/environment_sm_management.py&quot;, line 381, in wait_until_status
    &quot;Timeout while waiting for status %s or %s&quot; % (status, status2)
SystemError: Timeout while waiting for status FAILED or SUCCESSFUL
22:53:26 WARN  SystemError: Timeout while waiting for status FAILED or SUCCESSFUL ... blocked 
22:53:26 INFO  
22:53:26 INFO  cleanup:
22:53:30 INFO  Executed sudo&lt;tedge_disconnect_c8y&gt;, exit status 0
22:53:30 INFO  Executed systemctl&lt;serv_mapper5&gt;, exit status 3
22:53:30 INFO  
22:53:30 INFO  Test duration: 164.96 secs
22:53:30 INFO  Test final outcome:  BLOCKED
22:53:30 INFO  Test outcome reason: SystemError: Timeout while waiting for status FAILED or SUCCESSFUL
22:53:30 INFO  
</system-out>
	</testcase>
</testsuite>
