<?xml version="1.0" encoding="utf-8"?>
<testsuite failures="0" name="monitoring_with_collectd" skipped="1" tests="1" time="0.04" timestamp="2022-04-25T21:16:45">
	<testcase classname="MonitoringWithCollectd" name="monitoring_with_collectd">
		<skipped message="SKIPPED: Test execution disabled due to #792 (instable)"/>
		<system-out>21:16:45 INFO  ==============================================================
21:16:45 INFO  Id:    monitoring_with_collectd
21:16:45 INFO  Dir:   monitoring/
21:16:45 INFO  Title: Validate tedge dm agent messages that are produced by batching the collectd messages
21:16:45 INFO  ==============================================================
21:16:45 INFO  Test execution disabled due to #792 (instable) ... skipped
21:16:45 INFO  
21:16:45 INFO  Test duration: 0.04 secs
21:16:45 INFO  Test final outcome:  SKIPPED
21:16:45 INFO  Test outcome reason: Test execution disabled due to #792 (instable)
21:16:45 INFO  
</system-out>
	</testcase>
</testsuite>
