<?xml version="1.0" encoding="utf-8"?>
<testsuite failures="0" name="docker_plugin_finalize" skipped="1" tests="1" time="0.05" timestamp="2022-05-11T11:41:12">
	<testcase classname="DockerPluginFinalizeTest" name="docker_plugin_finalize">
		<skipped message="SKIPPED: Testing the docker plugin is not supported on this platform.To run it, all the test with -XmyPlatform='container'"/>
		<system-out>11:41:12 INFO  ==============================================================
11:41:12 INFO  Id:    docker_plugin_finalize
11:41:12 INFO  Dir:   plugin_docker/
11:41:12 INFO  Title: Validate docker plugin finalize command
11:41:12 INFO  ==============================================================
11:41:12 INFO  Testing the docker plugin is not supported on this platform.To run it, all the test with -XmyPlatform='container' ... skipped
11:41:12 WARN  Aborted test due to SKIPPED outcome
11:41:12 INFO  
11:41:12 INFO  Test duration: 0.05 secs
11:41:12 INFO  Test final outcome:  SKIPPED
11:41:12 INFO  Test outcome reason: Testing the docker plugin is not supported on this platform.To run it, all the test with -XmyPlatform='container'
11:41:12 INFO  
</system-out>
	</testcase>
</testsuite>
