<?xml version="1.0" encoding="utf-8"?>
<testsuite failures="1" name="mapper_awaits_before_reconnect" skipped="0" tests="1" time="7.38" timestamp="2022-04-27T17:45:17">
	<testcase classname="MapperReconnectAwait" name="mapper_awaits_before_reconnect">
		<failure message="FAILED: Line count on tedge_mapper_journal.out for &quot;::mapper: MQTT connection error:&quot; expected &gt;=2 but got 0" type="FAILED"/>
		<system-out>17:45:09 INFO  ==============================================================
17:45:09 INFO  Id:    mapper_awaits_before_reconnect
17:45:09 INFO  Dir:   tedge_mapper_c8y/
17:45:09 INFO  Title: Validate mapper doesn't reconnect too often
17:45:09 INFO  ==============================================================
17:45:09 INFO  Started mosquitto_sub with process id 6434
17:45:09 INFO  Waiting for 0.1 seconds
17:45:10 INFO  Executed sudo&lt;tedge_mapper&gt;, exit status 0
17:45:10 INFO  Waiting for 5.0 seconds
17:45:16 INFO  Executed sudo&lt;tedge_mapper&gt;, exit status 0
17:45:17 INFO  Executed sudo&lt;tedge_mapper_journal&gt;, exit status 0
17:45:17 WARN  Grep on tedge_mapper_journal.out contains &quot;ERROR&quot; ... failed [run.py:67]
17:45:17 INFO  Line count on file tedge_mapper_journal.out ... passed
17:45:17 WARN  Line count on tedge_mapper_journal.out for &quot;::mapper: MQTT connection error:&quot; expected &gt;=2 but got 0 ... failed [run.py:78]
17:45:17 WARN  Aborted test due to FAILED outcome
17:45:17 INFO  
17:45:17 INFO  Test duration: 7.38 secs
17:45:17 INFO  Test final outcome:  FAILED
17:45:17 INFO  Test outcome reason: Line count on tedge_mapper_journal.out for &quot;::mapper: MQTT connection error:&quot; expected &gt;=2 but got 0
17:45:17 INFO  
</system-out>
	</testcase>
</testsuite>
