<?xml version="1.0" encoding="utf-8"?>
<testsuite failures="1" name="log_request_num_lines" skipped="0" tests="1" time="31.98" timestamp="2022-04-28T11:00:13">
	<testcase classname="LogRequestVerifyNumberOfLines" name="log_request_num_lines">
		<failure message="FAILED: Assert that (True == value) with value=False" type="FAILED"/>
		<system-out>10:59:41 INFO  ==============================================================
10:59:41 INFO  Id:    log_request_num_lines
10:59:41 INFO  Dir:   log_request_end_to_end/
10:59:41 INFO  Title: Validate end to end behaviour for the log request operation check for number of lines
10:59:41 INFO  ==============================================================
10:59:41 INFO  EnvironmentC8y Setup
10:59:41 INFO  Executed systemctl&lt;serv_mapper1&gt;, exit status 3
10:59:42 INFO  Restarting mosquitto too frequently in the last 10 seconds. It was only up for 5 seconds
10:59:42 INFO  Delaying execution by 6 seconds
11:00:02 INFO  Executed sudo&lt;tedge_connect_c8y&gt;, exit status 0, duration 14 secs
11:00:02 INFO  Executed sudo&lt;tedge_connect_c8y_test&gt;, exit status 0
11:00:03 INFO  Executed systemctl&lt;serv_mosq2&gt;, exit status 0
11:00:03 INFO  Executed systemctl&lt;serv_mapper3&gt;, exit status 0
11:00:04 INFO  Executed sudo&lt;rm_logs&gt;, exit status 0
11:00:05 INFO  Executed sudo&lt;move_logs&gt;, exit status 0
11:00:05 INFO  log response None
11:00:05 WARN  retry, retrying in 1 seconds...
11:00:06 INFO  log response https://thin-edge-io.eu-latest.cumulocity.com/event/events/17885601/binaries
11:00:06 INFO  nlines 0
11:00:06 WARN  Assert that (True == value) with value=False ... failed [run.py:44]
11:00:06 INFO  
11:00:06 INFO  cleanup:
11:00:07 INFO  Executed sudo&lt;rm_logs&gt;, exit status 0
11:00:08 INFO  Executed sudo&lt;rm_tmp_logs&gt;, exit status 0
11:00:08 INFO  Executed sudo&lt;send_failed&gt;, exit status 0
11:00:12 INFO  Executed sudo&lt;tedge_disconnect_c8y&gt;, exit status 0
11:00:13 INFO  Executed systemctl&lt;serv_mapper5&gt;, exit status 3
11:00:13 INFO  
11:00:13 INFO  Test duration: 31.98 secs
11:00:13 INFO  Test final outcome:  FAILED
11:00:13 INFO  Test outcome reason: Assert that (True == value) with value=False
11:00:13 INFO  
</system-out>
	</testcase>
</testsuite>
