<?xml version="1.0" encoding="utf-8"?>
<testsuite failures="1" name="c8y_jwt_token_retrieval" skipped="0" tests="1" time="23.74" timestamp="2022-05-06T13:08:38">
	<testcase classname="ValidateJWTTokenRetrieval" name="c8y_jwt_token_retrieval">
		<failure message="FAILED: Grep on resp_jwt.out contains &quot;\[c8y/s/dat\] 71,&quot;" type="FAILED"/>
		<system-out>13:08:15 INFO  ==============================================================
13:08:15 INFO  Id:    c8y_jwt_token_retrieval
13:08:15 INFO  Dir:   cloud_c8y/
13:08:15 INFO  Title: Validate the Cumulocity JWT Token Retrieval feature
13:08:15 INFO  ==============================================================
13:08:16 INFO  Executed sudo&lt;tedge_disconnect_c8y&gt;, exit status 0
13:08:30 INFO  Executed sudo&lt;tedge_connect_c8y&gt;, exit status 0, duration 14 secs
13:08:30 INFO  Started sudo&lt;resp_jwt&gt; with process id 17972
13:08:32 INFO  Executed sudo&lt;req_jwt&gt;, exit status 0
13:08:34 INFO  Executed sudo&lt;kill_out&gt;, exit status 0
13:08:34 WARN  Grep on resp_jwt.out contains &quot;\[c8y/s/dat\] 71,&quot; ... failed [run.py:60]
13:08:34 INFO  
13:08:34 INFO  cleanup:
13:08:38 INFO  Executed sudo&lt;tedge_disconnect_c8y&gt;, exit status 0
13:08:38 INFO  
13:08:38 INFO  Test duration: 23.74 secs
13:08:38 INFO  Test final outcome:  FAILED
13:08:38 INFO  Test outcome reason: Grep on resp_jwt.out contains &quot;\[c8y/s/dat\] 71,&quot;
13:08:38 INFO  
</system-out>
	</testcase>
</testsuite>
