<?xml version="1.0" encoding="utf-8"?>
<testsuite failures="0" name="apt_install_local_file_with_version" skipped="1" tests="1" time="0.02" timestamp="2022-04-27T17:30:53">
	<testcase classname="AptPluginInstallFromLocalFileWithVersion" name="apt_install_local_file_with_version">
		<skipped message="SKIPPED: Testing the apt plugin is not supported on this platform.To run the tests call PySys with -XmyPlatform='container'"/>
		<system-out>17:30:53 INFO  ==============================================================
17:30:53 INFO  Id:    apt_install_local_file_with_version
17:30:53 INFO  Dir:   plugin_apt/
17:30:53 INFO  Title: Validate apt plugin install from local file AND with a version - SUCCESS case
17:30:53 INFO  ==============================================================
17:30:53 INFO  Testing the apt plugin is not supported on this platform.To run the tests call PySys with -XmyPlatform='container' ... skipped
17:30:53 WARN  Aborted test due to SKIPPED outcome
17:30:53 INFO  
17:30:53 INFO  Test duration: 0.02 secs
17:30:53 INFO  Test final outcome:  SKIPPED
17:30:53 INFO  Test outcome reason: Testing the apt plugin is not supported on this platform.To run the tests call PySys with -XmyPlatform='container'
17:30:53 INFO  
</system-out>
	</testcase>
</testsuite>
