<?xml version="1.0" encoding="utf-8"?>
<testsuite failures="0" name="publish_flux" skipped="0" tests="1" time="77.53" timestamp="2022-05-02T10:25:55">
	<testcase classname="PublishFlux" name="publish_flux"/>
</testsuite>
