<?xml version="1.0" encoding="utf-8"?>
<testsuite failures="1" name="log_request_error_messages" skipped="0" tests="1" time="36.61" timestamp="2022-04-28T08:16:17">
	<testcase classname="LogRequestVerifySearchTextError" name="log_request_error_messages">
		<failure message="FAILED: Assert that (True == value) with value=False" type="FAILED"/>
		<system-out>08:15:41 INFO  ==============================================================
08:15:41 INFO  Id:    log_request_error_messages
08:15:41 INFO  Dir:   log_request_end_to_end/
08:15:41 INFO  Title: Validate end to end behaviour for the log request operation check for error messages
08:15:41 INFO  ==============================================================
08:15:42 INFO  EnvironmentC8y Setup
08:15:43 INFO  Executed systemctl&lt;serv_mapper1&gt;, exit status 3
08:15:43 INFO  Restarting mosquitto too frequently in the last 10 seconds. It was only up for 2 seconds
08:15:43 INFO  Delaying execution by 9 seconds
08:16:06 INFO  Executed sudo&lt;tedge_connect_c8y&gt;, exit status 0, duration 14 secs
08:16:07 INFO  Executed sudo&lt;tedge_connect_c8y_test&gt;, exit status 0
08:16:07 INFO  Executed systemctl&lt;serv_mosq2&gt;, exit status 0
08:16:08 INFO  Executed systemctl&lt;serv_mapper3&gt;, exit status 0
08:16:08 INFO  Executed sudo&lt;rm_logs&gt;, exit status 0
08:16:09 INFO  Executed sudo&lt;move_logs&gt;, exit status 0
08:16:09 INFO  log response None
08:16:09 WARN  retry, retrying in 1 seconds...
08:16:10 INFO  log response https://thin-edge-io.eu-latest.cumulocity.com/event/events/17835765/binaries
08:16:11 WARN  Assert that (True == value) with value=False ... failed [run.py:43]
08:16:11 INFO  
08:16:11 INFO  cleanup:
08:16:12 INFO  Executed sudo&lt;rm_logs&gt;, exit status 0
08:16:12 INFO  Executed sudo&lt;rm_tmp_logs&gt;, exit status 0
08:16:13 INFO  Executed sudo&lt;send_failed&gt;, exit status 0
08:16:17 INFO  Executed sudo&lt;tedge_disconnect_c8y&gt;, exit status 0
08:16:17 INFO  Executed systemctl&lt;serv_mapper5&gt;, exit status 3
08:16:17 INFO  
08:16:17 INFO  Test duration: 36.61 secs
08:16:17 INFO  Test final outcome:  FAILED
08:16:17 INFO  Test outcome reason: Assert that (True == value) with value=False
08:16:17 INFO  
</system-out>
	</testcase>
</testsuite>
