<?xml version="1.0" encoding="utf-8"?>
<testsuite failures="0" name="smoketest_json" skipped="0" tests="1" time="46.16" timestamp="2022-04-27T17:34:15">
	<testcase classname="SmokeTestJson" name="smoketest_json"/>
</testsuite>
