<?xml version="1.0" encoding="utf-8"?>
<testsuite failures="0" name="docker_plugin_remove" skipped="1" tests="1" time="0.02" timestamp="2022-04-27T10:29:44">
	<testcase classname="DockerPluginRemoveTest" name="docker_plugin_remove">
		<skipped message="SKIPPED: Testing the docker plugin is not supported on this platform.To run it, all the test with -XmyPlatform='container'"/>
		<system-out>10:29:44 INFO  ==============================================================
10:29:44 INFO  Id:    docker_plugin_remove
10:29:44 INFO  Dir:   plugin_docker/
10:29:44 INFO  Title: Validate docker plugin remove
10:29:44 INFO  ==============================================================
10:29:44 INFO  Testing the docker plugin is not supported on this platform.To run it, all the test with -XmyPlatform='container' ... skipped
10:29:44 WARN  Aborted test due to SKIPPED outcome
10:29:44 INFO  
10:29:44 INFO  Test duration: 0.02 secs
10:29:44 INFO  Test final outcome:  SKIPPED
10:29:44 INFO  Test outcome reason: Testing the docker plugin is not supported on this platform.To run it, all the test with -XmyPlatform='container'
10:29:44 INFO  
</system-out>
	</testcase>
</testsuite>
