<?xml version="1.0" encoding="utf-8"?>
<testsuite failures="0" name="monitoring_with_collectd" skipped="1" tests="1" time="0.02" timestamp="2022-05-11T10:10:13">
	<testcase classname="MonitoringWithCollectd" name="monitoring_with_collectd">
		<skipped message="SKIPPED: Test execution disabled due to #792 (instable)"/>
		<system-out>10:10:13 INFO  ==============================================================
10:10:13 INFO  Id:    monitoring_with_collectd
10:10:13 INFO  Dir:   monitoring/
10:10:13 INFO  Title: Validate tedge dm agent messages that are produced by batching the collectd messages
10:10:13 INFO  ==============================================================
10:10:13 INFO  Test execution disabled due to #792 (instable) ... skipped
10:10:13 INFO  
10:10:13 INFO  Test duration: 0.02 secs
10:10:13 INFO  Test final outcome:  SKIPPED
10:10:13 INFO  Test outcome reason: Test execution disabled due to #792 (instable)
10:10:13 INFO  
</system-out>
	</testcase>
</testsuite>
