<?xml version="1.0" encoding="utf-8"?>
<testsuite failures="0" name="apt_install_local_file" skipped="1" tests="1" time="0.02" timestamp="2022-05-13T15:00:37">
	<testcase classname="AptPluginInstallFromLocalFile" name="apt_install_local_file">
		<skipped message="SKIPPED: Testing the apt plugin is not supported on this platform.To run the tests call PySys with -XmyPlatform='container'"/>
		<system-out>15:00:37 INFO  ==============================================================
15:00:37 INFO  Id:    apt_install_local_file
15:00:37 INFO  Dir:   plugin_apt/
15:00:37 INFO  Title: Validate apt plugin install from local file - SUCCESS case
15:00:37 INFO  ==============================================================
15:00:37 INFO  Testing the apt plugin is not supported on this platform.To run the tests call PySys with -XmyPlatform='container' ... skipped
15:00:37 WARN  Aborted test due to SKIPPED outcome
15:00:37 INFO  
15:00:37 INFO  Test duration: 0.02 secs
15:00:37 INFO  Test final outcome:  SKIPPED
15:00:37 INFO  Test outcome reason: Testing the apt plugin is not supported on this platform.To run the tests call PySys with -XmyPlatform='container'
15:00:37 INFO  
</system-out>
	</testcase>
</testsuite>
