<?xml version="1.0" encoding="utf-8"?>
<testsuite failures="1" name="agent_init_session" skipped="0" tests="1" time="5.85" timestamp="2022-04-27T17:43:06">
	<testcase classname="AgentInitSession" name="agent_init_session">
		<failure message="FAILED: Grep on sub_resp.out contains &quot;Ld3KgqpcLDlrYH6sfpG7w&quot;" type="FAILED"/>
		<system-out>17:43:01 INFO  ==============================================================
17:43:01 INFO  Id:    agent_init_session
17:43:01 INFO  Dir:   tedge_agent/
17:43:01 INFO  Title: Validate tedge agent init session feature
17:43:01 INFO  ==============================================================
17:43:01 INFO  Executed sudo&lt;remove_lock&gt;, exit status 0
17:43:02 INFO  Executed sudo&lt;agent_clear&gt;, exit status 0
17:43:02 INFO  Executed sudo&lt;agent_init&gt;, exit status 0
17:43:03 INFO  Executed sudo&lt;pub_req&gt;, exit status 0
17:43:03 INFO  Started sudo&lt;sub_resp&gt; with process id 5664
17:43:03 INFO  Executed sudo&lt;agent_start&gt;, exit status 0
17:43:03 INFO  Waiting for 2.0 seconds
17:43:06 INFO  Executed sudo&lt;agent_stop&gt;, exit status 0
17:43:06 INFO  Executed sudo&lt;sub_stop&gt;, exit status 0
17:43:06 WARN  Grep on sub_resp.out contains &quot;Ld3KgqpcLDlrYH6sfpG7w&quot; ... failed [run.py:87]
17:43:06 INFO  
17:43:06 INFO  Test duration: 5.85 secs
17:43:06 INFO  Test final outcome:  FAILED
17:43:06 INFO  Test outcome reason: Grep on sub_resp.out contains &quot;Ld3KgqpcLDlrYH6sfpG7w&quot;
17:43:06 INFO  
</system-out>
	</testcase>
</testsuite>
