<?xml version="1.0" encoding="utf-8"?>
<testsuite failures="0" name="call_tedge_-V" skipped="0" tests="1" time="1.63" timestamp="2022-05-02T10:34:21">
	<testcase classname="PySysTest" name="call_tedge_-V"/>
</testsuite>
