<?xml version="1.0" encoding="utf-8"?>
<testsuite failures="0" name="apt_fail_noarg" skipped="1" tests="1" time="0.05" timestamp="2022-05-03T08:52:52">
	<testcase classname="AptPluginFailNoArg" name="apt_fail_noarg">
		<skipped message="SKIPPED: Testing the apt plugin is not supported on this platform.To run the tests call PySys with -XmyPlatform='container'"/>
		<system-out>08:52:52 INFO  ==============================================================
08:52:52 INFO  Id:    apt_fail_noarg
08:52:52 INFO  Dir:   plugin_apt/
08:52:52 INFO  Title: Validate apt plugin fetures(prepare, list, install, remove finalize) without arguments
08:52:52 INFO  ==============================================================
08:52:52 INFO  Testing the apt plugin is not supported on this platform.To run the tests call PySys with -XmyPlatform='container' ... skipped
08:52:52 WARN  Aborted test due to SKIPPED outcome
08:52:52 INFO  
08:52:52 INFO  Test duration: 0.05 secs
08:52:52 INFO  Test final outcome:  SKIPPED
08:52:52 INFO  Test outcome reason: Testing the apt plugin is not supported on this platform.To run the tests call PySys with -XmyPlatform='container'
08:52:52 INFO  
</system-out>
	</testcase>
</testsuite>
