<?xml version="1.0" encoding="utf-8"?>
<testsuite failures="0" name="monitoring_with_collectd" skipped="1" tests="1" time="0.09" timestamp="2022-05-06T13:12:13">
	<testcase classname="MonitoringWithCollectd" name="monitoring_with_collectd">
		<skipped message="SKIPPED: Test execution disabled due to #792 (instable)"/>
		<system-out>13:12:13 INFO  ==============================================================
13:12:13 INFO  Id:    monitoring_with_collectd
13:12:13 INFO  Dir:   monitoring/
13:12:13 INFO  Title: Validate tedge dm agent messages that are produced by batching the collectd messages
13:12:13 INFO  ==============================================================
13:12:13 INFO  Test execution disabled due to #792 (instable) ... skipped
13:12:13 INFO  
13:12:13 INFO  Test duration: 0.09 secs
13:12:13 INFO  Test final outcome:  SKIPPED
13:12:13 INFO  Test outcome reason: Test execution disabled due to #792 (instable)
13:12:13 INFO  
</system-out>
	</testcase>
</testsuite>
