<?xml version="1.0" encoding="utf-8"?>
<testsuite failures="0" name="SoftwareManagement.Plugin.apama_plugin_remove" skipped="1" tests="1" time="0.02" timestamp="2022-04-27T10:29:36">
	<testcase classname="ApamaPluginRemoveTest" name="SoftwareManagement.Plugin.apama_plugin_remove">
		<skipped message="SKIPPED: Apama plugin tests are disabled by default. Execute `pysys run` with `-XmyPlatform=container` to run these tests"/>
		<system-out>10:29:36 INFO  ==============================================================
10:29:36 INFO  Id:    SoftwareManagement.Plugin.apama_plugin_remove
10:29:36 INFO  Dir:   plugin_apama/
10:29:36 INFO  Title: Validate apama plugin remove
10:29:36 INFO  ==============================================================
10:29:36 INFO  Apama plugin tests are disabled by default. Execute `pysys run` with `-XmyPlatform=container` to run these tests ... skipped
10:29:36 WARN  Aborted test due to SKIPPED outcome
10:29:36 INFO  
10:29:36 INFO  Test duration: 0.02 secs
10:29:36 INFO  Test final outcome:  SKIPPED
10:29:36 INFO  Test outcome reason: Apama plugin tests are disabled by default. Execute `pysys run` with `-XmyPlatform=container` to run these tests
10:29:36 INFO  
</system-out>
	</testcase>
</testsuite>
