<?xml version="1.0" encoding="utf-8"?>
<testsuite failures="1" name="log_request_num_lines" skipped="0" tests="1" time="32.11" timestamp="2022-05-11T10:08:29">
	<testcase classname="LogRequestVerifyNumberOfLines" name="log_request_num_lines">
		<failure message="FAILED: Assert that (True == value) with value=False" type="FAILED"/>
		<system-out>10:07:57 INFO  ==============================================================
10:07:57 INFO  Id:    log_request_num_lines
10:07:57 INFO  Dir:   log_request_end_to_end/
10:07:57 INFO  Title: Validate end to end behaviour for the log request operation check for number of lines
10:07:57 INFO  ==============================================================
10:07:57 INFO  EnvironmentC8y Setup
10:07:58 INFO  Executed systemctl&lt;serv_mapper1&gt;, exit status 3
10:07:58 INFO  Restarting mosquitto too frequently in the last 10 seconds. It was only up for 5 seconds
10:07:58 INFO  Delaying execution by 6 seconds
10:08:18 INFO  Executed sudo&lt;tedge_connect_c8y&gt;, exit status 0, duration 14 secs
10:08:19 INFO  Executed sudo&lt;tedge_connect_c8y_test&gt;, exit status 0
10:08:19 INFO  Executed systemctl&lt;serv_mosq2&gt;, exit status 0
10:08:20 INFO  Executed systemctl&lt;serv_mapper3&gt;, exit status 0
10:08:20 INFO  Executed sudo&lt;rm_logs&gt;, exit status 0
10:08:21 INFO  Executed sudo&lt;move_logs&gt;, exit status 0
10:08:21 INFO  log response None
10:08:21 WARN  retry, retrying in 1 seconds...
10:08:22 INFO  log response https://thin-edge-io.eu-latest.cumulocity.com/event/events/18782459/binaries
10:08:23 INFO  nlines 0
10:08:23 WARN  Assert that (True == value) with value=False ... failed [run.py:44]
10:08:23 INFO  
10:08:23 INFO  cleanup:
10:08:23 INFO  Executed sudo&lt;rm_logs&gt;, exit status 0
10:08:24 INFO  Executed sudo&lt;rm_tmp_logs&gt;, exit status 0
10:08:24 INFO  Executed sudo&lt;send_failed&gt;, exit status 0
10:08:29 INFO  Executed sudo&lt;tedge_disconnect_c8y&gt;, exit status 0
10:08:29 INFO  Executed systemctl&lt;serv_mapper5&gt;, exit status 3
10:08:29 INFO  
10:08:29 INFO  Test duration: 32.11 secs
10:08:29 INFO  Test final outcome:  FAILED
10:08:29 INFO  Test outcome reason: Assert that (True == value) with value=False
10:08:29 INFO  
</system-out>
	</testcase>
</testsuite>
