<?xml version="1.0" encoding="utf-8"?>
<testsuite failures="0" name="monitoring_with_collectd" skipped="1" tests="1" time="0.03" timestamp="2022-05-03T18:25:06">
	<testcase classname="MonitoringWithCollectd" name="monitoring_with_collectd">
		<skipped message="SKIPPED: Test execution disabled due to #792 (instable)"/>
		<system-out>18:25:06 INFO  ==============================================================
18:25:06 INFO  Id:    monitoring_with_collectd
18:25:06 INFO  Dir:   monitoring/
18:25:06 INFO  Title: Validate tedge dm agent messages that are produced by batching the collectd messages
18:25:06 INFO  ==============================================================
18:25:06 INFO  Test execution disabled due to #792 (instable) ... skipped
18:25:06 INFO  
18:25:06 INFO  Test duration: 0.03 secs
18:25:06 INFO  Test final outcome:  SKIPPED
18:25:06 INFO  Test outcome reason: Test execution disabled due to #792 (instable)
18:25:06 INFO  
</system-out>
	</testcase>
</testsuite>
