<?xml version="1.0" encoding="utf-8"?>
<testsuite failures="1" name="log_request_error_messages" skipped="0" tests="1" time="37.0" timestamp="2022-05-13T11:03:47">
	<testcase classname="LogRequestVerifySearchTextError" name="log_request_error_messages">
		<failure message="FAILED: Assert that (True == value) with value=False" type="FAILED"/>
		<system-out>11:03:10 INFO  ==============================================================
11:03:10 INFO  Id:    log_request_error_messages
11:03:10 INFO  Dir:   log_request_end_to_end/
11:03:10 INFO  Title: Validate end to end behaviour for the log request operation check for error messages
11:03:10 INFO  ==============================================================
11:03:11 INFO  EnvironmentC8y Setup
11:03:11 INFO  Executed systemctl&lt;serv_mapper1&gt;, exit status 3
11:03:12 INFO  Restarting mosquitto too frequently in the last 10 seconds. It was only up for 2 seconds
11:03:12 INFO  Delaying execution by 9 seconds
11:03:35 INFO  Executed sudo&lt;tedge_connect_c8y&gt;, exit status 0, duration 14 secs
11:03:36 INFO  Executed sudo&lt;tedge_connect_c8y_test&gt;, exit status 0
11:03:36 INFO  Executed systemctl&lt;serv_mosq2&gt;, exit status 0
11:03:37 INFO  Executed systemctl&lt;serv_mapper3&gt;, exit status 0
11:03:37 INFO  Executed sudo&lt;rm_logs&gt;, exit status 0
11:03:38 INFO  Executed sudo&lt;move_logs&gt;, exit status 0
11:03:38 INFO  log response None
11:03:38 WARN  retry, retrying in 1 seconds...
11:03:39 INFO  log response https://thin-edge-io.eu-latest.cumulocity.com/event/events/19000501/binaries
11:03:40 WARN  Assert that (True == value) with value=False ... failed [run.py:43]
11:03:40 INFO  
11:03:40 INFO  cleanup:
11:03:41 INFO  Executed sudo&lt;rm_logs&gt;, exit status 0
11:03:41 INFO  Executed sudo&lt;rm_tmp_logs&gt;, exit status 0
11:03:42 INFO  Executed sudo&lt;send_failed&gt;, exit status 0
11:03:46 INFO  Executed sudo&lt;tedge_disconnect_c8y&gt;, exit status 0
11:03:47 INFO  Executed systemctl&lt;serv_mapper5&gt;, exit status 3
11:03:47 INFO  
11:03:47 INFO  Test duration: 37.00 secs
11:03:47 INFO  Test final outcome:  FAILED
11:03:47 INFO  Test outcome reason: Assert that (True == value) with value=False
11:03:47 INFO  
</system-out>
	</testcase>
</testsuite>
