<?xml version="1.0" encoding="utf-8"?>
<testsuite failures="0" name="apt_install_local_file_with_version_fail" skipped="1" tests="1" time="0.06" timestamp="2022-05-06T13:12:19">
	<testcase classname="AptPluginInstallFromLocalFileWithVersionFail" name="apt_install_local_file_with_version_fail">
		<skipped message="SKIPPED: Testing the apt plugin is not supported on this platform.To run the tests call PySys with -XmyPlatform='container'"/>
		<system-out>13:12:19 INFO  ==============================================================
13:12:19 INFO  Id:    apt_install_local_file_with_version_fail
13:12:19 INFO  Dir:   plugin_apt/
13:12:19 INFO  Title: Validate apt plugin install from local file AND with a version - FAIL case
13:12:19 INFO  ==============================================================
13:12:19 INFO  Testing the apt plugin is not supported on this platform.To run the tests call PySys with -XmyPlatform='container' ... skipped
13:12:19 WARN  Aborted test due to SKIPPED outcome
13:12:19 INFO  
13:12:19 INFO  Test duration: 0.06 secs
13:12:19 INFO  Test final outcome:  SKIPPED
13:12:19 INFO  Test outcome reason: Testing the apt plugin is not supported on this platform.To run the tests call PySys with -XmyPlatform='container'
13:12:19 INFO  
</system-out>
	</testcase>
</testsuite>
