<?xml version="1.0" encoding="utf-8"?>
<testsuite failures="0" name="invalid_device_id" skipped="0" tests="1" time="4.14" timestamp="2022-05-13T11:04:53">
	<testcase classname="InvalidDeviceId" name="invalid_device_id"/>
</testsuite>
