<?xml version="1.0" encoding="utf-8"?>
<testsuite failures="0" name="apt_install_fail" skipped="1" tests="1" time="0.03" timestamp="2022-04-24T12:01:44">
	<testcase classname="AptPluginInstallFail" name="apt_install_fail">
		<skipped message="SKIPPED: Testing the apt plugin is not supported on this platform.To run the tests call PySys with -XmyPlatform='container'"/>
		<system-out>12:01:44 INFO  ==============================================================
12:01:44 INFO  Id:    apt_install_fail
12:01:44 INFO  Dir:   plugin_apt/
12:01:44 INFO  Title: Validate apt plugin prepare - failing
12:01:44 INFO  ==============================================================
12:01:44 INFO  Testing the apt plugin is not supported on this platform.To run the tests call PySys with -XmyPlatform='container' ... skipped
12:01:44 WARN  Aborted test due to SKIPPED outcome
12:01:44 INFO  
12:01:44 INFO  Test duration: 0.03 secs
12:01:44 INFO  Test final outcome:  SKIPPED
12:01:44 INFO  Test outcome reason: Testing the apt plugin is not supported on this platform.To run the tests call PySys with -XmyPlatform='container'
12:01:44 INFO  
</system-out>
	</testcase>
</testsuite>
