<?xml version="1.0" encoding="utf-8"?>
<testsuite failures="0" name="docker_plugin_install_with_version" skipped="1" tests="1" time="0.02" timestamp="2022-05-03T18:25:16">
	<testcase classname="DockerPluginInstallWithVersionTest" name="docker_plugin_install_with_version">
		<skipped message="SKIPPED: Testing the docker plugin is not supported on this platform.To run it, all the test with -XmyPlatform='container'"/>
		<system-out>18:25:16 INFO  ==============================================================
18:25:16 INFO  Id:    docker_plugin_install_with_version
18:25:16 INFO  Dir:   plugin_docker/
18:25:16 INFO  Title: Validate docker plugin install
18:25:16 INFO  ==============================================================
18:25:16 INFO  Testing the docker plugin is not supported on this platform.To run it, all the test with -XmyPlatform='container' ... skipped
18:25:16 WARN  Aborted test due to SKIPPED outcome
18:25:16 INFO  
18:25:16 INFO  Test duration: 0.02 secs
18:25:16 INFO  Test final outcome:  SKIPPED
18:25:16 INFO  Test outcome reason: Testing the docker plugin is not supported on this platform.To run it, all the test with -XmyPlatform='container'
18:25:16 INFO  
</system-out>
	</testcase>
</testsuite>
