<?xml version="1.0" encoding="utf-8"?>
<testsuite failures="0" name="SoftwareManagement.Plugin.apama_plugin_install" skipped="1" tests="1" time="0.07" timestamp="2022-04-25T21:16:50">
	<testcase classname="ApamaPluginInstallTest" name="SoftwareManagement.Plugin.apama_plugin_install">
		<skipped message="SKIPPED: Apama plugin tests are disabled by default. Execute `pysys run` with `-XmyPlatform=container` to run these tests"/>
		<system-out>21:16:50 INFO  ==============================================================
21:16:50 INFO  Id:    SoftwareManagement.Plugin.apama_plugin_install
21:16:50 INFO  Dir:   plugin_apama/
21:16:50 INFO  Title: Validate apama plugin install
21:16:50 INFO  ==============================================================
21:16:50 INFO  Apama plugin tests are disabled by default. Execute `pysys run` with `-XmyPlatform=container` to run these tests ... skipped
21:16:50 WARN  Aborted test due to SKIPPED outcome
21:16:50 INFO  
21:16:50 INFO  Test duration: 0.07 secs
21:16:50 INFO  Test final outcome:  SKIPPED
21:16:50 INFO  Test outcome reason: Apama plugin tests are disabled by default. Execute `pysys run` with `-XmyPlatform=container` to run these tests
21:16:50 INFO  
</system-out>
	</testcase>
</testsuite>
