<?xml version="1.0" encoding="utf-8"?>
<testsuite failures="1" name="mapper_awaits_before_reconnect" skipped="0" tests="1" time="7.41" timestamp="2022-05-03T09:05:45">
	<testcase classname="MapperReconnectAwait" name="mapper_awaits_before_reconnect">
		<failure message="FAILED: Line count on tedge_mapper_journal.out for &quot;tedge_mapper::core::mapper: MQTT connection error:&quot; expected &gt;=2 but got 0" type="FAILED"/>
		<system-out>09:05:38 INFO  ==============================================================
09:05:38 INFO  Id:    mapper_awaits_before_reconnect
09:05:38 INFO  Dir:   tedge_mapper_c8y/
09:05:38 INFO  Title: Validate mapper doesn't reconnect too often
09:05:38 INFO  ==============================================================
09:05:38 INFO  Started mosquitto_sub with process id 29571
09:05:38 INFO  Waiting for 0.1 seconds
09:05:38 INFO  Executed sudo&lt;tedge_mapper&gt;, exit status 0
09:05:38 INFO  Waiting for 5.0 seconds
09:05:44 INFO  Executed sudo&lt;tedge_mapper&gt;, exit status 0
09:05:45 INFO  Executed sudo&lt;tedge_mapper_journal&gt;, exit status 0
09:05:45 WARN  Grep on tedge_mapper_journal.out contains &quot;ERROR&quot; ... failed [run.py:67]
09:05:45 INFO  Line count on file tedge_mapper_journal.out ... passed
09:05:45 WARN  Line count on tedge_mapper_journal.out for &quot;tedge_mapper::core::mapper: MQTT connection error:&quot; expected &gt;=2 but got 0 ... failed [run.py:78]
09:05:45 WARN  Aborted test due to FAILED outcome
09:05:45 INFO  
09:05:45 INFO  Test duration: 7.41 secs
09:05:45 INFO  Test final outcome:  FAILED
09:05:45 INFO  Test outcome reason: Line count on tedge_mapper_journal.out for &quot;tedge_mapper::core::mapper: MQTT connection error:&quot; expected &gt;=2 but got 0
09:05:45 INFO  
</system-out>
	</testcase>
</testsuite>
