<?xml version="1.0" encoding="utf-8"?>
<testsuite failures="1" name="log_request_error_messages" skipped="0" tests="1" time="36.63" timestamp="2022-05-13T14:58:14">
	<testcase classname="LogRequestVerifySearchTextError" name="log_request_error_messages">
		<failure message="FAILED: Assert that (True == value) with value=False" type="FAILED"/>
		<system-out>14:57:37 INFO  ==============================================================
14:57:37 INFO  Id:    log_request_error_messages
14:57:37 INFO  Dir:   log_request_end_to_end/
14:57:37 INFO  Title: Validate end to end behaviour for the log request operation check for error messages
14:57:37 INFO  ==============================================================
14:57:38 INFO  EnvironmentC8y Setup
14:57:39 INFO  Executed systemctl&lt;serv_mapper1&gt;, exit status 3
14:57:39 INFO  Restarting mosquitto too frequently in the last 10 seconds. It was only up for 2 seconds
14:57:39 INFO  Delaying execution by 9 seconds
14:58:02 INFO  Executed sudo&lt;tedge_connect_c8y&gt;, exit status 0, duration 14 secs
14:58:03 INFO  Executed sudo&lt;tedge_connect_c8y_test&gt;, exit status 0
14:58:03 INFO  Executed systemctl&lt;serv_mosq2&gt;, exit status 0
14:58:04 INFO  Executed systemctl&lt;serv_mapper3&gt;, exit status 0
14:58:04 INFO  Executed sudo&lt;rm_logs&gt;, exit status 0
14:58:05 INFO  Executed sudo&lt;move_logs&gt;, exit status 0
14:58:05 INFO  log response None
14:58:05 WARN  retry, retrying in 1 seconds...
14:58:06 INFO  log response https://thin-edge-io.eu-latest.cumulocity.com/event/events/19035651/binaries
14:58:07 WARN  Assert that (True == value) with value=False ... failed [run.py:43]
14:58:07 INFO  
14:58:07 INFO  cleanup:
14:58:08 INFO  Executed sudo&lt;rm_logs&gt;, exit status 0
14:58:08 INFO  Executed sudo&lt;rm_tmp_logs&gt;, exit status 0
14:58:09 INFO  Executed sudo&lt;send_failed&gt;, exit status 0
14:58:13 INFO  Executed sudo&lt;tedge_disconnect_c8y&gt;, exit status 0
14:58:14 INFO  Executed systemctl&lt;serv_mapper5&gt;, exit status 3
14:58:14 INFO  
14:58:14 INFO  Test duration: 36.63 secs
14:58:14 INFO  Test final outcome:  FAILED
14:58:14 INFO  Test outcome reason: Assert that (True == value) with value=False
14:58:14 INFO  
</system-out>
	</testcase>
</testsuite>
