<?xml version="1.0" encoding="utf-8"?>
<testsuite failures="1" name="smoketest_smartrest_400_samples_1Xms" skipped="0" tests="1" time="2.46" timestamp="2022-04-27T10:30:03">
	<testcase classname="SmoketestSmartRest400Samples1Xms" name="smoketest_smartrest_400_samples_1Xms">
		<failure message="BLOCKED: sudo&lt;tedge_connect_c8y&gt; returned non-zero exit code 1" type="BLOCKED"/>
		<system-out>10:30:00 INFO  ==============================================================
10:30:00 INFO  Id:    smoketest_smartrest_400_samples_1Xms
10:30:00 INFO  Dir:   smoketests/
10:30:00 INFO  Title: Smoketest Smart Rest 400 Samples 1Xms Delay
10:30:00 INFO  ==============================================================
10:30:00 INFO  EnvironmentC8y Setup
10:30:01 INFO  Executed systemctl&lt;serv_mapper1&gt;, exit status 3
10:30:01 WARN  Executed sudo&lt;tedge_connect_c8y&gt;, exit status 1
10:30:01 INFO  Contents of tedge_connect_c8y.err: 
  Error: failed to connect Cumulocity cloud.
  Caused by:
      A value for `c8y.url` is missing.
          A value can be set with `tedge config set c8y.url &lt;value&gt;`
  -----

10:30:01 WARN  sudo&lt;tedge_connect_c8y&gt; returned non-zero exit code 1 ... blocked 
10:30:01 WARN  Aborted test due to BLOCKED outcome
10:30:01 INFO  
10:30:01 INFO  cleanup:
10:30:02 INFO  Executed sudo&lt;tedge_disconnect_c8y&gt;, exit status 0
10:30:03 INFO  Executed systemctl&lt;serv_mapper5&gt;, exit status 3
10:30:03 INFO  
10:30:03 INFO  Test duration: 2.46 secs
10:30:03 INFO  Test final outcome:  BLOCKED
10:30:03 INFO  Test outcome reason: sudo&lt;tedge_connect_c8y&gt; returned non-zero exit code 1
10:30:03 INFO  
</system-out>
	</testcase>
</testsuite>
