<?xml version="1.0" encoding="utf-8"?>
<testsuite failures="1" name="smoketest_json_400_samples_20ms" skipped="0" tests="1" time="56.24" timestamp="2022-05-02T10:29:54">
	<testcase classname="SmoketestJson400Samples20ms" name="smoketest_json_400_samples_20ms">
		<failure message="BLOCKED: python3&lt;stdout&gt; returned non-zero exit code 1" type="BLOCKED"/>
		<system-out>10:28:58 INFO  ==============================================================
10:28:58 INFO  Id:    smoketest_json_400_samples_20ms
10:28:58 INFO  Dir:   smoketests/
10:28:58 INFO  Title: Smoketest Json 400 Samples 20ms Delay
10:28:58 INFO  ==============================================================
10:28:58 INFO  EnvironmentC8y Setup
10:28:59 INFO  Executed systemctl&lt;serv_mapper1&gt;, exit status 3
10:28:59 INFO  Restarting mosquitto too frequently in the last 10 seconds. It was only up for 5 seconds
10:28:59 INFO  Delaying execution by 6 seconds
10:29:19 INFO  Executed sudo&lt;tedge_connect_c8y&gt;, exit status 0, duration 14 secs
10:29:19 INFO  Executed sudo&lt;tedge_connect_c8y_test&gt;, exit status 0
10:29:20 INFO  Executed systemctl&lt;serv_mosq2&gt;, exit status 0
10:29:20 INFO  Executed systemctl&lt;serv_mapper3&gt;, exit status 0
10:29:50 WARN  Executed python3&lt;stdout&gt;, exit status 1
10:29:50 INFO  Contents of stdout.out: 
  Publishing sawtooth with delay 10ms height 400 iterations 1 template flux will cause 400 publishs.
  Iteraton: 0
  Execution took 4 s 4120 ms
  Publish rate: 10.300 ms/pub
  Publish per second: 97.087 pub/s
  Act: Publishing values with temperature_publisher
  Waiting 3s for values to arrive in C8y
  Assert: Retrieving data via REST interface
  Gathering values from 2022-05-02 10:29:29+00:00 to 2022-05-02 10:29:49+00:00
  Found 0 recorded values:
  Retrieved values:
  Expected:  0.0  ...  399.0
  Data verification FAILED
  -----

10:29:50 WARN  python3&lt;stdout&gt; returned non-zero exit code 1 ... blocked 
10:29:50 WARN  Aborted test due to BLOCKED outcome
10:29:50 INFO  
10:29:50 INFO  cleanup:
10:29:54 INFO  Executed sudo&lt;tedge_disconnect_c8y&gt;, exit status 0
10:29:54 INFO  Executed systemctl&lt;serv_mapper5&gt;, exit status 3
10:29:54 INFO  
10:29:54 INFO  Test duration: 56.24 secs
10:29:54 INFO  Test final outcome:  BLOCKED
10:29:54 INFO  Test outcome reason: python3&lt;stdout&gt; returned non-zero exit code 1
10:29:54 INFO  
</system-out>
	</testcase>
</testsuite>
