<?xml version="1.0" encoding="utf-8"?>
<testsuite failures="0" name="tedge_software_update" skipped="0" tests="1" time="25.57" timestamp="2022-05-03T14:21:07">
	<testcase classname="PySysTest" name="tedge_software_update"/>
</testsuite>
