<?xml version="1.0" encoding="utf-8"?>
<testsuite failures="1" name="c8y_jwt_token_retrieval" skipped="0" tests="1" time="25.32" timestamp="2022-04-25T21:13:29">
	<testcase classname="ValidateJWTTokenRetrieval" name="c8y_jwt_token_retrieval">
		<failure message="FAILED: Grep on resp_jwt.out contains &quot;\[c8y/s/dat\] 71,&quot;" type="FAILED"/>
		<system-out>21:13:03 INFO  ==============================================================
21:13:03 INFO  Id:    c8y_jwt_token_retrieval
21:13:03 INFO  Dir:   cloud_c8y/
21:13:03 INFO  Title: Validate the Cumulocity JWT Token Retrieval feature
21:13:03 INFO  ==============================================================
21:13:04 INFO  Executed sudo&lt;tedge_disconnect_c8y&gt;, exit status 0
21:13:20 INFO  Executed sudo&lt;tedge_connect_c8y&gt;, exit status 0, duration 15 secs
21:13:20 INFO  Started sudo&lt;resp_jwt&gt; with process id 6685
21:13:21 INFO  Executed sudo&lt;req_jwt&gt;, exit status 0
21:13:23 INFO  Executed sudo&lt;kill_out&gt;, exit status 0
21:13:24 WARN  Grep on resp_jwt.out contains &quot;\[c8y/s/dat\] 71,&quot; ... failed [run.py:60]
21:13:24 INFO  
21:13:24 INFO  cleanup:
21:13:29 INFO  Executed sudo&lt;tedge_disconnect_c8y&gt;, exit status 0
21:13:29 INFO  
21:13:29 INFO  Test duration: 25.32 secs
21:13:29 INFO  Test final outcome:  FAILED
21:13:29 INFO  Test outcome reason: Grep on resp_jwt.out contains &quot;\[c8y/s/dat\] 71,&quot;
21:13:29 INFO  
</system-out>
	</testcase>
</testsuite>
