<?xml version="1.0" encoding="utf-8"?>
<testsuite failures="0" name="mqtt_port_change_connection_works" skipped="1" tests="1" time="0.02" timestamp="2022-05-09T14:37:00">
	<testcase classname="MqttPortChangeConnectionWorks" name="mqtt_port_change_connection_works">
		<skipped message="SKIPPED: failing intermitently"/>
		<system-out>14:36:59 INFO  ==============================================================
14:36:59 INFO  Id:    mqtt_port_change_connection_works
14:37:00 INFO  Dir:   misc_features/
14:37:00 INFO  Title: mqtt port change connection works for all the thin-edge services that use the mosquitto broker
14:37:00 INFO  ==============================================================
14:37:00 INFO  failing intermitently ... skipped
14:37:00 INFO  
14:37:00 INFO  Test duration: 0.02 secs
14:37:00 INFO  Test final outcome:  SKIPPED
14:37:00 INFO  Test outcome reason: failing intermitently
14:37:00 INFO  
</system-out>
	</testcase>
</testsuite>
