<?xml version="1.0" encoding="utf-8"?>
<testsuite failures="1" name="valid_device_id" skipped="0" tests="1" time="5.96" timestamp="2022-04-27T10:29:16">
	<testcase classname="ValidateValidDeviceId" name="valid_device_id">
		<failure message="BLOCKED: sudo&lt;cert_upload&gt; returned non-zero exit code 1" type="BLOCKED"/>
		<system-out>10:29:10 INFO  ==============================================================
10:29:10 INFO  Id:    valid_device_id
10:29:10 INFO  Dir:   misc_features/
10:29:10 INFO  Title: Valid device ID
10:29:10 INFO  ==============================================================
10:29:11 INFO  Executed sudo&lt;tedge_disconnect_c8y&gt;, exit status 0
10:29:11 INFO  Executed sudo&lt;create_cert_dir&gt;, exit status 0
10:29:12 INFO  Executed sudo&lt;change_owner_of_dir&gt;, exit status 0
10:29:12 INFO  Executed sudo&lt;set_cert_path&gt;, exit status 0
10:29:13 INFO  Executed sudo&lt;set_key_path&gt;, exit status 0
10:29:13 INFO  Executed sudo&lt;cert_create&gt;, exit status 0
10:29:14 WARN  Executed sudo&lt;cert_upload&gt;, exit status 1
10:29:14 INFO  Contents of cert_upload.err: 
  Error: missing configuration parameter
  Caused by:
      A value for `c8y.url` is missing.
          A value can be set with `tedge config set c8y.url &lt;value&gt;`
  -----

10:29:14 WARN  sudo&lt;cert_upload&gt; returned non-zero exit code 1 ... blocked [run.py:94]
10:29:14 WARN  Aborted test due to BLOCKED outcome
10:29:14 INFO  
10:29:14 INFO  cleanup:
10:29:14 INFO  Executed sudo&lt;tedge_disconnect_c8y&gt;, exit status 0
10:29:15 INFO  Executed sudo&lt;unset_cert_path&gt;, exit status 0
10:29:15 INFO  Executed sudo&lt;unset_key_path&gt;, exit status 0
10:29:16 INFO  Executed sudo&lt;remove_cert_dir&gt;, exit status 0
10:29:16 INFO  
10:29:16 INFO  Test duration: 5.96 secs
10:29:16 INFO  Test final outcome:  BLOCKED
10:29:16 INFO  Test outcome reason: sudo&lt;cert_upload&gt; returned non-zero exit code 1
10:29:16 INFO  
</system-out>
	</testcase>
</testsuite>
