<?xml version="1.0" encoding="utf-8"?>
<testsuite failures="0" name="apt_install_local_file_with_version_fail" skipped="1" tests="1" time="0.03" timestamp="2022-04-25T21:16:51">
	<testcase classname="AptPluginInstallFromLocalFileWithVersionFail" name="apt_install_local_file_with_version_fail">
		<skipped message="SKIPPED: Testing the apt plugin is not supported on this platform.To run the tests call PySys with -XmyPlatform='container'"/>
		<system-out>21:16:51 INFO  ==============================================================
21:16:51 INFO  Id:    apt_install_local_file_with_version_fail
21:16:51 INFO  Dir:   plugin_apt/
21:16:51 INFO  Title: Validate apt plugin install from local file AND with a version - FAIL case
21:16:51 INFO  ==============================================================
21:16:51 INFO  Testing the apt plugin is not supported on this platform.To run the tests call PySys with -XmyPlatform='container' ... skipped
21:16:51 WARN  Aborted test due to SKIPPED outcome
21:16:51 INFO  
21:16:51 INFO  Test duration: 0.03 secs
21:16:51 INFO  Test final outcome:  SKIPPED
21:16:51 INFO  Test outcome reason: Testing the apt plugin is not supported on this platform.To run the tests call PySys with -XmyPlatform='container'
21:16:51 INFO  
</system-out>
	</testcase>
</testsuite>
