<?xml version="1.0" encoding="utf-8"?>
<testsuite failures="0" name="apt_sequence_remove_with_version" skipped="1" tests="1" time="0.02" timestamp="2022-04-27T17:30:56">
	<testcase classname="AptPluginRemoveWithVersion" name="apt_sequence_remove_with_version">
		<skipped message="SKIPPED: Testing the apt plugin is not supported on this platform.To run the tests call PySys with -XmyPlatform='container'"/>
		<system-out>17:30:56 INFO  ==============================================================
17:30:56 INFO  Id:    apt_sequence_remove_with_version
17:30:56 INFO  Dir:   plugin_apt/
17:30:56 INFO  Title: Validate apt plugin remove with version use case
17:30:56 INFO  ==============================================================
17:30:56 INFO  Testing the apt plugin is not supported on this platform.To run the tests call PySys with -XmyPlatform='container' ... skipped
17:30:56 WARN  Aborted test due to SKIPPED outcome
17:30:56 INFO  
17:30:56 INFO  Test duration: 0.02 secs
17:30:56 INFO  Test final outcome:  SKIPPED
17:30:56 INFO  Test outcome reason: Testing the apt plugin is not supported on this platform.To run the tests call PySys with -XmyPlatform='container'
17:30:56 INFO  
</system-out>
	</testcase>
</testsuite>
