<?xml version="1.0" encoding="utf-8"?>
<testsuite failures="1" name="mapper_awaits_before_reconnect" skipped="0" tests="1" time="7.63" timestamp="2022-05-04T08:37:42">
	<testcase classname="MapperReconnectAwait" name="mapper_awaits_before_reconnect">
		<failure message="FAILED: Line count on tedge_mapper_journal.out for &quot;tedge_mapper::core::mapper: MQTT connection error:&quot; expected &gt;=2 but got 0" type="FAILED"/>
		<system-out>08:37:35 INFO  ==============================================================
08:37:35 INFO  Id:    mapper_awaits_before_reconnect
08:37:35 INFO  Dir:   tedge_mapper_c8y/
08:37:35 INFO  Title: Validate mapper doesn't reconnect too often
08:37:35 INFO  ==============================================================
08:37:35 INFO  Started mosquitto_sub with process id 14173
08:37:35 INFO  Waiting for 0.1 seconds
08:37:35 INFO  Executed sudo&lt;tedge_mapper&gt;, exit status 0
08:37:35 INFO  Waiting for 5.0 seconds
08:37:41 INFO  Executed sudo&lt;tedge_mapper&gt;, exit status 0
08:37:42 INFO  Executed sudo&lt;tedge_mapper_journal&gt;, exit status 0
08:37:42 WARN  Grep on tedge_mapper_journal.out contains &quot;ERROR&quot; ... failed [run.py:67]
08:37:42 INFO  Line count on file tedge_mapper_journal.out ... passed
08:37:42 WARN  Line count on tedge_mapper_journal.out for &quot;tedge_mapper::core::mapper: MQTT connection error:&quot; expected &gt;=2 but got 0 ... failed [run.py:78]
08:37:42 WARN  Aborted test due to FAILED outcome
08:37:42 INFO  
08:37:42 INFO  Test duration: 7.63 secs
08:37:42 INFO  Test final outcome:  FAILED
08:37:42 INFO  Test outcome reason: Line count on tedge_mapper_journal.out for &quot;tedge_mapper::core::mapper: MQTT connection error:&quot; expected &gt;=2 but got 0
08:37:42 INFO  
</system-out>
	</testcase>
</testsuite>
