<?xml version="1.0" encoding="utf-8"?>
<testsuite failures="0" name="agent_init_session" skipped="0" tests="1" time="5.91" timestamp="2022-05-04T08:35:30">
	<testcase classname="AgentInitSession" name="agent_init_session"/>
</testsuite>
