<?xml version="1.0" encoding="utf-8"?>
<testsuite failures="1" name="log_request_error_messages" skipped="0" tests="1" time="36.19" timestamp="2022-05-11T11:38:48">
	<testcase classname="LogRequestVerifySearchTextError" name="log_request_error_messages">
		<failure message="FAILED: Assert that (True == value) with value=False" type="FAILED"/>
		<system-out>11:38:12 INFO  ==============================================================
11:38:12 INFO  Id:    log_request_error_messages
11:38:12 INFO  Dir:   log_request_end_to_end/
11:38:12 INFO  Title: Validate end to end behaviour for the log request operation check for error messages
11:38:12 INFO  ==============================================================
11:38:13 INFO  EnvironmentC8y Setup
11:38:14 INFO  Executed systemctl&lt;serv_mapper1&gt;, exit status 3
11:38:14 INFO  Restarting mosquitto too frequently in the last 10 seconds. It was only up for 2 seconds
11:38:14 INFO  Delaying execution by 9 seconds
11:38:37 INFO  Executed sudo&lt;tedge_connect_c8y&gt;, exit status 0, duration 13 secs
11:38:37 INFO  Executed sudo&lt;tedge_connect_c8y_test&gt;, exit status 0
11:38:38 INFO  Executed systemctl&lt;serv_mosq2&gt;, exit status 0
11:38:38 INFO  Executed systemctl&lt;serv_mapper3&gt;, exit status 0
11:38:39 INFO  Executed sudo&lt;rm_logs&gt;, exit status 0
11:38:39 INFO  Executed sudo&lt;move_logs&gt;, exit status 0
11:38:40 INFO  log response None
11:38:40 WARN  retry, retrying in 1 seconds...
11:38:41 INFO  log response https://thin-edge-io.eu-latest.cumulocity.com/event/events/18821006/binaries
11:38:42 WARN  Assert that (True == value) with value=False ... failed [run.py:43]
11:38:42 INFO  
11:38:42 INFO  cleanup:
11:38:42 INFO  Executed sudo&lt;rm_logs&gt;, exit status 0
11:38:43 INFO  Executed sudo&lt;rm_tmp_logs&gt;, exit status 0
11:38:43 INFO  Executed sudo&lt;send_failed&gt;, exit status 0
11:38:47 INFO  Executed sudo&lt;tedge_disconnect_c8y&gt;, exit status 0
11:38:48 INFO  Executed systemctl&lt;serv_mapper5&gt;, exit status 3
11:38:48 INFO  
11:38:48 INFO  Test duration: 36.19 secs
11:38:48 INFO  Test final outcome:  FAILED
11:38:48 INFO  Test outcome reason: Assert that (True == value) with value=False
11:38:48 INFO  
</system-out>
	</testcase>
</testsuite>
