<?xml version="1.0" encoding="utf-8"?>
<testsuite failures="0" name="apt_install_fail" skipped="1" tests="1" time="0.02" timestamp="2022-04-28T11:02:02">
	<testcase classname="AptPluginInstallFail" name="apt_install_fail">
		<skipped message="SKIPPED: Testing the apt plugin is not supported on this platform.To run the tests call PySys with -XmyPlatform='container'"/>
		<system-out>11:02:02 INFO  ==============================================================
11:02:02 INFO  Id:    apt_install_fail
11:02:02 INFO  Dir:   plugin_apt/
11:02:02 INFO  Title: Validate apt plugin prepare - failing
11:02:02 INFO  ==============================================================
11:02:02 INFO  Testing the apt plugin is not supported on this platform.To run the tests call PySys with -XmyPlatform='container' ... skipped
11:02:02 WARN  Aborted test due to SKIPPED outcome
11:02:02 INFO  
11:02:02 INFO  Test duration: 0.02 secs
11:02:02 INFO  Test final outcome:  SKIPPED
11:02:02 INFO  Test outcome reason: Testing the apt plugin is not supported on this platform.To run the tests call PySys with -XmyPlatform='container'
11:02:02 INFO  
</system-out>
	</testcase>
</testsuite>
