<?xml version="1.0" encoding="utf-8"?>
<testsuite failures="0" name="invalid_device_id" skipped="0" tests="1" time="4.38" timestamp="2022-05-03T18:23:45">
	<testcase classname="InvalidDeviceId" name="invalid_device_id"/>
</testsuite>
