<?xml version="1.0" encoding="utf-8"?>
<testsuite failures="0" name="apt_finalize" skipped="1" tests="1" time="0.03" timestamp="2022-05-03T14:10:36">
	<testcase classname="AptPluginFinalize" name="apt_finalize">
		<skipped message="SKIPPED: Testing the apt plugin is not supported on this platform.To run the tests call PySys with -XmyPlatform='container'"/>
		<system-out>14:10:36 INFO  ==============================================================
14:10:36 INFO  Id:    apt_finalize
14:10:36 INFO  Dir:   plugin_apt/
14:10:36 INFO  Title: Validate apt plugin finalize - dense version
14:10:36 INFO  ==============================================================
14:10:36 INFO  Testing the apt plugin is not supported on this platform.To run the tests call PySys with -XmyPlatform='container' ... skipped
14:10:36 WARN  Aborted test due to SKIPPED outcome
14:10:36 INFO  
14:10:36 INFO  Test duration: 0.03 secs
14:10:36 INFO  Test final outcome:  SKIPPED
14:10:36 INFO  Test outcome reason: Testing the apt plugin is not supported on this platform.To run the tests call PySys with -XmyPlatform='container'
14:10:36 INFO  
</system-out>
	</testcase>
</testsuite>
