<?xml version="1.0" encoding="utf-8"?>
<testsuite failures="1" name="smoketest_json_400_samples_20ms" skipped="0" tests="1" time="2.48" timestamp="2022-04-27T10:29:58">
	<testcase classname="SmoketestJson400Samples20ms" name="smoketest_json_400_samples_20ms">
		<failure message="BLOCKED: sudo&lt;tedge_connect_c8y&gt; returned non-zero exit code 1" type="BLOCKED"/>
		<system-out>10:29:55 INFO  ==============================================================
10:29:55 INFO  Id:    smoketest_json_400_samples_20ms
10:29:55 INFO  Dir:   smoketests/
10:29:55 INFO  Title: Smoketest Json 400 Samples 20ms Delay
10:29:55 INFO  ==============================================================
10:29:55 INFO  EnvironmentC8y Setup
10:29:56 INFO  Executed systemctl&lt;serv_mapper1&gt;, exit status 3
10:29:56 WARN  Executed sudo&lt;tedge_connect_c8y&gt;, exit status 1
10:29:56 INFO  Contents of tedge_connect_c8y.err: 
  Error: failed to connect Cumulocity cloud.
  Caused by:
      A value for `c8y.url` is missing.
          A value can be set with `tedge config set c8y.url &lt;value&gt;`
  -----

10:29:56 WARN  sudo&lt;tedge_connect_c8y&gt; returned non-zero exit code 1 ... blocked 
10:29:56 WARN  Aborted test due to BLOCKED outcome
10:29:56 INFO  
10:29:56 INFO  cleanup:
10:29:57 INFO  Executed sudo&lt;tedge_disconnect_c8y&gt;, exit status 0
10:29:58 INFO  Executed systemctl&lt;serv_mapper5&gt;, exit status 3
10:29:58 INFO  
10:29:58 INFO  Test duration: 2.48 secs
10:29:58 INFO  Test final outcome:  BLOCKED
10:29:58 INFO  Test outcome reason: sudo&lt;tedge_connect_c8y&gt; returned non-zero exit code 1
10:29:58 INFO  
</system-out>
	</testcase>
</testsuite>
