<?xml version="1.0" encoding="utf-8"?>
<testsuite failures="1" name="tedge_mapper_c8y_packet_threshold_size" skipped="0" tests="1" time="2.94" timestamp="2022-05-03T09:07:25">
	<testcase classname="TedgeMapperC8yThresholdPacketSize" name="tedge_mapper_c8y_packet_threshold_size">
		<failure message="FAILED: Grep on tedge_sub.out contains &quot;The size of the message received on tedge/measurements is 20489 which is greater than the threshold size of 16184.&quot;" type="FAILED"/>
		<system-out>09:07:22 INFO  ==============================================================
09:07:22 INFO  Id:    tedge_mapper_c8y_packet_threshold_size
09:07:22 INFO  Dir:   tedge_mapper_c8y/
09:07:22 INFO  Title: Validate the Cumulocity Mapper accepted threshold packet size when it receives a message on tedge/measurements
09:07:22 INFO  ==============================================================
09:07:23 INFO  Executed sudo&lt;tedge_mapper_c8y&gt;, exit status 0
09:07:23 INFO  Started sudo&lt;tedge_sub&gt; with process id 30155
09:07:23 INFO  Executed sudo&lt;tedge_msg&gt;, exit status 0
09:07:24 INFO  Executed sudo&lt;tedge_pub&gt;, exit status 0
09:07:24 INFO  Executed sudo&lt;kill_out&gt;, exit status 0
09:07:24 WARN  Grep on tedge_sub.out contains &quot;The size of the message received on tedge/measurements is 20489 which is greater than the threshold size of 16184.&quot; ... failed [run.py:88]
09:07:24 INFO  
09:07:24 INFO  cleanup:
09:07:24 INFO  mapper_cleanup
09:07:25 INFO  Executed sudo&lt;tedge_mapper_c8y&gt;, exit status 0
09:07:25 INFO  
09:07:25 INFO  Test duration: 2.94 secs
09:07:25 INFO  Test final outcome:  FAILED
09:07:25 INFO  Test outcome reason: Grep on tedge_sub.out contains &quot;The size of the message received on tedge/measurements is 20489 which is greater than the threshold size of 16184.&quot;
09:07:25 INFO  
</system-out>
	</testcase>
</testsuite>
