<?xml version="1.0" encoding="utf-8"?>
<testsuite failures="1" name="log_request_error_messages" skipped="0" tests="1" time="35.95" timestamp="2022-04-25T21:14:27">
	<testcase classname="LogRequestVerifySearchTextError" name="log_request_error_messages">
		<failure message="FAILED: Assert that (True == value) with value=False" type="FAILED"/>
		<system-out>21:13:51 INFO  ==============================================================
21:13:51 INFO  Id:    log_request_error_messages
21:13:51 INFO  Dir:   log_request_end_to_end/
21:13:51 INFO  Title: Validate end to end behaviour for the log request operation check for error messages
21:13:51 INFO  ==============================================================
21:13:53 INFO  EnvironmentC8y Setup
21:13:54 INFO  Executed systemctl&lt;serv_mapper1&gt;, exit status 3
21:13:54 INFO  Restarting mosquitto too frequently in the last 10 seconds. It was only up for 3 seconds
21:13:54 INFO  Delaying execution by 8 seconds
21:14:16 INFO  Executed sudo&lt;tedge_connect_c8y&gt;, exit status 0, duration 13 secs
21:14:16 INFO  Executed sudo&lt;tedge_connect_c8y_test&gt;, exit status 0
21:14:17 INFO  Executed systemctl&lt;serv_mosq2&gt;, exit status 0
21:14:17 INFO  Executed systemctl&lt;serv_mapper3&gt;, exit status 0
21:14:18 INFO  Executed sudo&lt;rm_logs&gt;, exit status 0
21:14:18 INFO  Executed sudo&lt;move_logs&gt;, exit status 0
21:14:19 INFO  log response None
21:14:19 WARN  retry, retrying in 1 seconds...
21:14:20 INFO  log response https://thin-edge-io.eu-latest.cumulocity.com/event/events/17668854/binaries
21:14:21 WARN  Assert that (True == value) with value=False ... failed [run.py:43]
21:14:21 INFO  
21:14:21 INFO  cleanup:
21:14:21 INFO  Executed sudo&lt;rm_logs&gt;, exit status 0
21:14:22 INFO  Executed sudo&lt;rm_tmp_logs&gt;, exit status 0
21:14:22 INFO  Executed sudo&lt;send_failed&gt;, exit status 0
21:14:26 INFO  Executed sudo&lt;tedge_disconnect_c8y&gt;, exit status 0
21:14:27 INFO  Executed systemctl&lt;serv_mapper5&gt;, exit status 3
21:14:27 INFO  
21:14:27 INFO  Test duration: 35.95 secs
21:14:27 INFO  Test final outcome:  FAILED
21:14:27 INFO  Test outcome reason: Assert that (True == value) with value=False
21:14:27 INFO  
</system-out>
	</testcase>
</testsuite>
