<?xml version="1.0" encoding="utf-8"?>
<testsuite failures="0" name="SoftwareManagement.sm_apt_install_fail" skipped="1" tests="1" time="0.02" timestamp="2022-04-25T21:28:11">
	<testcase classname="PySysTest" name="SoftwareManagement.sm_apt_install_fail">
		<skipped message="SKIPPED: Testing the apt plugin is not supported on this platform.Use parameter -XmyPlatform='container' to enable it"/>
		<system-out>21:28:11 INFO  ==============================================================
21:28:11 INFO  Id:    SoftwareManagement.sm_apt_install_fail
21:28:11 INFO  Dir:   software_management_end_to_end/
21:28:11 INFO  Title: Validate end to end behaviour for a failing installation
21:28:11 INFO  ==============================================================
21:28:11 INFO  Testing the apt plugin is not supported on this platform.Use parameter -XmyPlatform='container' to enable it ... skipped
21:28:11 WARN  Aborted test due to SKIPPED outcome
21:28:11 INFO  
21:28:11 INFO  Test duration: 0.02 secs
21:28:11 INFO  Test final outcome:  SKIPPED
21:28:11 INFO  Test outcome reason: Testing the apt plugin is not supported on this platform.Use parameter -XmyPlatform='container' to enable it
21:28:11 INFO  
</system-out>
	</testcase>
</testsuite>
