<?xml version="1.0" encoding="utf-8"?>
<testsuite failures="1" name="runtime_start_two_mappers" skipped="0" tests="1" time="1.75" timestamp="2022-05-03T18:38:02">
	<testcase classname="RuntimeMultiMappers" name="runtime_start_two_mappers">
		<failure message="FAILED: Grep on tedge_mapper2.err contains &quot;Error: Couldn't acquire file lock.&quot;" type="FAILED"/>
		<system-out>18:38:01 INFO  ==============================================================
18:38:01 INFO  Id:    runtime_start_two_mappers
18:38:01 INFO  Dir:   tedge_mapper_c8y/
18:38:01 INFO  Title: Validate two mappers can't be started at the same time
18:38:01 INFO  ==============================================================
18:38:01 INFO  Executed sudo&lt;tedge_mapper1&gt;, exit status 0
18:38:01 INFO  Waiting for 0.1 seconds
18:38:02 INFO  Executed sudo&lt;tedge_mapper2&gt;, exit status 1
18:38:02 INFO  Executed sudo&lt;tedge_mapper1&gt;, exit status 0
18:38:02 WARN  Grep on tedge_mapper2.err contains &quot;Error: Couldn't acquire file lock.&quot; ... failed [run.py:46]
18:38:02 INFO  
18:38:02 INFO  Test duration: 1.75 secs
18:38:02 INFO  Test final outcome:  FAILED
18:38:02 INFO  Test outcome reason: Grep on tedge_mapper2.err contains &quot;Error: Couldn't acquire file lock.&quot;
18:38:02 INFO  
</system-out>
	</testcase>
</testsuite>
