<?xml version="1.0" encoding="utf-8"?>
<testsuite failures="0" name="apt_wrong_option" skipped="1" tests="1" time="0.02" timestamp="2022-05-03T18:25:16">
	<testcase classname="AptPluginWrongOption" name="apt_wrong_option">
		<skipped message="SKIPPED: Testing the apt plugin is not supported on this platform.To run the tests call PySys with -XmyPlatform='container'"/>
		<system-out>18:25:16 INFO  ==============================================================
18:25:16 INFO  Id:    apt_wrong_option
18:25:16 INFO  Dir:   plugin_apt/
18:25:16 INFO  Title: Validate apt plugin install
18:25:16 INFO  ==============================================================
18:25:16 INFO  Testing the apt plugin is not supported on this platform.To run the tests call PySys with -XmyPlatform='container' ... skipped
18:25:16 WARN  Aborted test due to SKIPPED outcome
18:25:16 INFO  
18:25:16 INFO  Test duration: 0.02 secs
18:25:16 INFO  Test final outcome:  SKIPPED
18:25:16 INFO  Test outcome reason: Testing the apt plugin is not supported on this platform.To run the tests call PySys with -XmyPlatform='container'
18:25:16 INFO  
</system-out>
	</testcase>
</testsuite>
