<?xml version="1.0" encoding="utf-8"?>
<testsuite failures="1" name="agent_init_session" skipped="0" tests="1" time="5.95" timestamp="2022-04-27T08:48:50">
	<testcase classname="AgentInitSession" name="agent_init_session">
		<failure message="FAILED: Grep on sub_resp.out contains &quot;Ld3KgqpcLDlrYH6sfpG7w&quot;" type="FAILED"/>
		<system-out>08:48:44 INFO  ==============================================================
08:48:44 INFO  Id:    agent_init_session
08:48:44 INFO  Dir:   tedge_agent/
08:48:44 INFO  Title: Validate tedge agent init session feature
08:48:44 INFO  ==============================================================
08:48:44 INFO  Executed sudo&lt;remove_lock&gt;, exit status 0
08:48:45 INFO  Executed sudo&lt;agent_clear&gt;, exit status 0
08:48:45 INFO  Executed sudo&lt;agent_init&gt;, exit status 0
08:48:46 INFO  Executed sudo&lt;pub_req&gt;, exit status 0
08:48:46 INFO  Started sudo&lt;sub_resp&gt; with process id 7767
08:48:46 INFO  Executed sudo&lt;agent_start&gt;, exit status 0
08:48:46 INFO  Waiting for 2.0 seconds
08:48:49 INFO  Executed sudo&lt;agent_stop&gt;, exit status 0
08:48:50 INFO  Executed sudo&lt;sub_stop&gt;, exit status 0
08:48:50 WARN  Grep on sub_resp.out contains &quot;Ld3KgqpcLDlrYH6sfpG7w&quot; ... failed [run.py:87]
08:48:50 INFO  
08:48:50 INFO  Test duration: 5.95 secs
08:48:50 INFO  Test final outcome:  FAILED
08:48:50 INFO  Test outcome reason: Grep on sub_resp.out contains &quot;Ld3KgqpcLDlrYH6sfpG7w&quot;
08:48:50 INFO  
</system-out>
	</testcase>
</testsuite>
