<?xml version="1.0" encoding="utf-8"?>
<testsuite failures="0" name="smoketest_smartrest" skipped="0" tests="1" time="47.41" timestamp="2022-04-27T08:42:41">
	<testcase classname="SmoketestSmartRest" name="smoketest_smartrest"/>
</testsuite>
