<?xml version="1.0" encoding="utf-8"?>
<testsuite failures="1" name="valid_device_id" skipped="0" tests="1" time="42.11" timestamp="2022-05-03T18:24:51">
	<testcase classname="ValidateValidDeviceId" name="valid_device_id">
		<failure message="FAILED: Grep on tedge_connect_c8y_test.out contains &quot;successful&quot;" type="FAILED"/>
		<system-out>18:24:09 INFO  ==============================================================
18:24:09 INFO  Id:    valid_device_id
18:24:09 INFO  Dir:   misc_features/
18:24:09 INFO  Title: Valid device ID
18:24:09 INFO  ==============================================================
18:24:09 INFO  Restarting mosquitto too frequently in the last 10 seconds. It was only up for 6 seconds
18:24:09 INFO  Delaying execution by 5 seconds
18:24:15 INFO  Executed sudo&lt;tedge_disconnect_c8y&gt;, exit status 0
18:24:15 INFO  Executed sudo&lt;create_cert_dir&gt;, exit status 0
18:24:16 INFO  Executed sudo&lt;change_owner_of_dir&gt;, exit status 0
18:24:16 INFO  Executed sudo&lt;set_cert_path&gt;, exit status 0
18:24:17 INFO  Executed sudo&lt;set_key_path&gt;, exit status 0
18:24:17 INFO  Executed sudo&lt;cert_create&gt;, exit status 0
18:24:18 INFO  Executed sudo&lt;cert_upload&gt;, exit status 0
18:24:34 INFO  Executed sudo&lt;tedge_connect_c8y&gt;, exit status 0, duration 14 secs
18:24:45 INFO  Executed sudo&lt;tedge_connect_c8y_test&gt;, exit status 0
18:24:45 INFO  Grep on file tedge_connect_c8y.out ... passed
18:24:45 WARN  Grep on tedge_connect_c8y_test.out contains &quot;successful&quot; ... failed [run.py:108]
18:24:45 INFO  
18:24:45 INFO  cleanup:
18:24:49 INFO  Executed sudo&lt;tedge_disconnect_c8y&gt;, exit status 0
18:24:50 INFO  Executed sudo&lt;unset_cert_path&gt;, exit status 0
18:24:50 INFO  Executed sudo&lt;unset_key_path&gt;, exit status 0
18:24:51 INFO  Executed sudo&lt;remove_cert_dir&gt;, exit status 0
18:24:51 INFO  
18:24:51 INFO  Test duration: 42.11 secs
18:24:51 INFO  Test final outcome:  FAILED
18:24:51 INFO  Test outcome reason: Grep on tedge_connect_c8y_test.out contains &quot;successful&quot;
18:24:51 INFO  
</system-out>
	</testcase>
</testsuite>
