<?xml version="1.0" encoding="utf-8"?>
<testsuite failures="1" name="c8y_jwt_token_retrieval" skipped="0" tests="1" time="23.05" timestamp="2022-04-27T13:05:05">
	<testcase classname="ValidateJWTTokenRetrieval" name="c8y_jwt_token_retrieval">
		<failure message="FAILED: Grep on resp_jwt.out contains &quot;\[c8y/s/dat\] 71,&quot;" type="FAILED"/>
		<system-out>13:04:42 INFO  ==============================================================
13:04:42 INFO  Id:    c8y_jwt_token_retrieval
13:04:42 INFO  Dir:   cloud_c8y/
13:04:42 INFO  Title: Validate the Cumulocity JWT Token Retrieval feature
13:04:42 INFO  ==============================================================
13:04:43 INFO  Executed sudo&lt;tedge_disconnect_c8y&gt;, exit status 0
13:04:58 INFO  Executed sudo&lt;tedge_connect_c8y&gt;, exit status 0, duration 14 secs
13:04:58 INFO  Started sudo&lt;resp_jwt&gt; with process id 7899
13:04:58 INFO  Executed sudo&lt;req_jwt&gt;, exit status 0
13:05:01 INFO  Executed sudo&lt;kill_out&gt;, exit status 0
13:05:01 WARN  Grep on resp_jwt.out contains &quot;\[c8y/s/dat\] 71,&quot; ... failed [run.py:60]
13:05:01 INFO  
13:05:01 INFO  cleanup:
13:05:05 INFO  Executed sudo&lt;tedge_disconnect_c8y&gt;, exit status 0
13:05:05 INFO  
13:05:05 INFO  Test duration: 23.05 secs
13:05:05 INFO  Test final outcome:  FAILED
13:05:05 INFO  Test outcome reason: Grep on resp_jwt.out contains &quot;\[c8y/s/dat\] 71,&quot;
13:05:05 INFO  
</system-out>
	</testcase>
</testsuite>
