<?xml version="1.0" encoding="utf-8"?>
<testsuite failures="1" name="SoftwareManagement.Plugin.apama_plugin_mon_support" skipped="0" tests="1" time="29.24" timestamp="2022-04-21T14:23:05">
	<testcase classname="ApamaPluginMonSupportTest" name="SoftwareManagement.Plugin.apama_plugin_mon_support">
		<failure message="FAILED: Assertion that path exists=False for &quot;/etc/tedge/apama/project&quot;" type="FAILED"/>
		<system-out>14:22:36 INFO  ==============================================================
14:22:36 INFO  Id:    SoftwareManagement.Plugin.apama_plugin_mon_support
14:22:36 INFO  Dir:   plugin_apama/
14:22:36 INFO  Title: Validate mon file support of apama plugin
14:22:36 INFO  ==============================================================
14:22:36 WARN  Assertion that path exists=False for &quot;/etc/tedge/apama/project&quot; ... failed 
14:22:36 INFO  Executed sudo&lt;create_project_dir&gt;, exit status 0
14:22:37 INFO  Executed sudo&lt;unzip_apama_project&gt;, exit status 0
14:22:37 INFO  Executed sudo&lt;move_apama_project&gt;, exit status 0
14:22:39 INFO  Executed sudo&lt;restart_apama_service&gt;, exit status 0
14:22:39 INFO  Executed sudo&lt;apama_correlator_wait&gt;, exit status 0
14:22:40 INFO  Executed sudo&lt;apama_list_monitors&gt;, exit status 0
14:22:40 INFO  Grep on file /home/pi/actions-runner/_work/thin-edge.io/thin-edge.io/tests/PySys/plugin_apama/apama_plugin_mon_support/Output/linux/apama_list_monitors.out ... passed
14:22:41 INFO  Executed sudo&lt;plugin_list_before_install&gt;, exit status 0
14:22:42 INFO  Executed sudo&lt;plugin_install&gt;, exit status 0
14:22:43 INFO  Executed sudo&lt;apama_correlator_wait&gt;, exit status 0
14:22:43 INFO  Executed sudo&lt;plugin_list_after_install&gt;, exit status 0
14:22:45 INFO  Executed sudo&lt;plugin_update&gt;, exit status 0
14:22:45 INFO  Executed sudo&lt;apama_correlator_wait&gt;, exit status 0
14:22:46 INFO  Executed sudo&lt;plugin_list_after_update&gt;, exit status 0
14:22:47 INFO  Executed sudo&lt;plugin_remove&gt;, exit status 0
14:22:48 INFO  Executed sudo&lt;plugin_list_after_remove&gt;, exit status 0
14:22:48 INFO  Grep on file plugin_list_before_install.out ... passed
14:22:48 INFO  Grep on file plugin_list_after_install.out ... passed
14:22:48 INFO  Grep on file plugin_list_after_update.out ... passed
14:22:48 INFO  Grep on file plugin_list_after_remove.out ... passed
14:22:48 INFO  
14:22:48 INFO  cleanup:
14:22:48 INFO  Removing apama project
14:22:48 INFO  Executed sudo&lt;remove_apama_project&gt;, exit status 0
14:23:04 INFO  Executed sudo&lt;stop_apama_service&gt;, exit status 0, duration 16 secs
14:23:05 INFO  Executed sudo&lt;remove_apama_tmp_dir&gt;, exit status 0
14:23:05 INFO  
14:23:05 INFO  Test duration: 29.24 secs
14:23:05 INFO  Test final outcome:  FAILED
14:23:05 INFO  Test outcome reason: Assertion that path exists=False for &quot;/etc/tedge/apama/project&quot;
14:23:05 INFO  
</system-out>
	</testcase>
</testsuite>
