<?xml version="1.0" encoding="utf-8"?>
<testsuite failures="1" name="SoftwareManagement.Plugin.apama_plugin_update" skipped="0" tests="1" time="21.34" timestamp="2022-05-04T09:16:19">
	<testcase classname="ApamaPluginUpdateTest" name="SoftwareManagement.Plugin.apama_plugin_update">
		<failure message="BLOCKED: sudo&lt;plugin_install&gt; returned non-zero exit code 2" type="BLOCKED"/>
		<system-out>09:15:57 INFO  ==============================================================
09:15:57 INFO  Id:    SoftwareManagement.Plugin.apama_plugin_update
09:15:57 INFO  Dir:   plugin_apama/
09:15:57 INFO  Title: Validate apama plugin updating one project with another
09:15:57 INFO  ==============================================================
09:15:57 INFO  Assertion that path exists=False for &quot;/etc/tedge/apama/project&quot; ... passed
09:15:58 INFO  Executed sudo&lt;create_project_dir&gt;, exit status 0
09:15:58 INFO  Executed sudo&lt;unzip_apama_project&gt;, exit status 0
09:15:59 INFO  Executed sudo&lt;move_apama_project&gt;, exit status 0
09:16:00 INFO  Executed sudo&lt;restart_apama_service&gt;, exit status 0
09:16:01 INFO  Executed sudo&lt;apama_correlator_wait&gt;, exit status 0
09:16:01 INFO  Assertion that path exists=True for &quot;/etc/tedge/apama/project&quot; ... passed
09:16:01 INFO  Executed sudo&lt;apama_list_monitors&gt;, exit status 0
09:16:01 INFO  Grep on file /home/pi/actions-runner/_work/thin-edge.io/thin-edge.io/tests/PySys/plugin_apama/apama_plugin_update/Output/linux/apama_list_monitors.out ... passed
09:16:02 WARN  Executed sudo&lt;plugin_install&gt;, exit status 2
09:16:02 INFO  Contents of plugin_install.err: 
  ERROR: Directory not empty (os error 39)
  -----

09:16:02 WARN  sudo&lt;plugin_install&gt; returned non-zero exit code 2 ... blocked [run.py:35]
09:16:02 WARN  Aborted test due to BLOCKED outcome
09:16:02 INFO  
09:16:02 INFO  cleanup:
09:16:02 INFO  Removing apama project
09:16:18 INFO  Executed sudo&lt;stop_apama_service&gt;, exit status 0, duration 15 secs
09:16:18 INFO  Executed sudo&lt;remove_apama_project&gt;, exit status 0
09:16:19 INFO  Executed sudo&lt;remove_apama_tmp_dir&gt;, exit status 0
09:16:19 INFO  
09:16:19 INFO  Test duration: 21.34 secs
09:16:19 INFO  Test final outcome:  BLOCKED
09:16:19 INFO  Test outcome reason: sudo&lt;plugin_install&gt; returned non-zero exit code 2
09:16:19 INFO  
</system-out>
	</testcase>
</testsuite>
