<?xml version="1.0" encoding="utf-8"?>
<testsuite failures="1" name="SoftwareManagement.Plugin.apama_plugin_update" skipped="0" tests="1" time="5.22" timestamp="2022-04-27T13:59:49">
	<testcase classname="ApamaPluginUpdateTest" name="SoftwareManagement.Plugin.apama_plugin_update">
		<failure message="BLOCKED: sudo&lt;plugin_install&gt; returned non-zero exit code 2 (+2 other failures)" type="BLOCKED"/>
		<system-out>13:59:44 INFO  ==============================================================
13:59:44 INFO  Id:    SoftwareManagement.Plugin.apama_plugin_update
13:59:44 INFO  Dir:   plugin_apama/
13:59:44 INFO  Title: Validate apama plugin updating one project with another
13:59:44 INFO  ==============================================================
13:59:44 INFO  Assertion that path exists=False for &quot;/etc/tedge/apama/project&quot; ... passed
13:59:44 INFO  Executed sudo&lt;create_project_dir&gt;, exit status 0
13:59:45 INFO  Executed sudo&lt;unzip_apama_project&gt;, exit status 0
13:59:46 INFO  Executed sudo&lt;move_apama_project&gt;, exit status 0
13:59:46 INFO  Executed sudo&lt;restart_apama_service&gt;, exit status 0
13:59:47 INFO  Executed sudo&lt;apama_correlator_wait&gt;, exit status 0
13:59:47 INFO  Assertion that path exists=True for &quot;/etc/tedge/apama/project&quot; ... passed
13:59:48 INFO  Executed sudo&lt;apama_list_monitors&gt;, exit status 0
13:59:48 INFO  Grep on file /home/pi/actions-runner/_work/thin-edge.io/thin-edge.io/tests/PySys/plugin_apama/apama_plugin_update/Output/linux/apama_list_monitors.out ... passed
13:59:49 WARN  Executed sudo&lt;plugin_install&gt;, exit status 2
13:59:49 INFO  Contents of plugin_install.err: 
  ERROR: Directory not empty (os error 39)
  -----

13:59:49 WARN  sudo&lt;plugin_install&gt; returned non-zero exit code 2 ... blocked [run.py:35]
13:59:49 WARN  Aborted test due to BLOCKED outcome
13:59:49 INFO  
13:59:49 INFO  cleanup:
13:59:49 INFO  Removing apama project
13:59:49 WARN  Executed sudo&lt;remove_apama_project&gt;, exit status 1
13:59:49 INFO  Contents of remove_apama_project.err: 
  rm: cannot remove '/etc/tedge/apama/project/logs/.nfs000000000002133e00003120': Device or resource busy
  -----

13:59:49 ERROR Error while running cleanup function: 
Traceback (most recent call last):
  File &quot;/home/pi/env-pysys/lib/python3.7/site-packages/pysys/process/user.py&quot;, line 1305, in cleanup
    fn()
  File &quot;/home/pi/actions-runner/_work/thin-edge.io/thin-edge.io/tests/PySys/plugin_apama/environment_apama_plugin.py&quot;, line 144, in cleanup_project
    self.remove_project()
  File &quot;/home/pi/actions-runner/_work/thin-edge.io/thin-edge.io/tests/PySys/plugin_apama/environment_apama_plugin.py&quot;, line 95, in remove_project
    stdouterr=&quot;remove_apama_project&quot;,
  File &quot;/home/pi/env-pysys/lib/python3.7/site-packages/pysys/process/user.py&quot;, line 482, in startProcess
    abortOnError=abortOnError)
  File &quot;/home/pi/env-pysys/lib/python3.7/site-packages/pysys/process/user.py&quot;, line 1401, in addOutcome
    self.abort(outcome, outcomeReason, callRecord)
  File &quot;/home/pi/env-pysys/lib/python3.7/site-packages/pysys/process/user.py&quot;, line 1420, in abort
    raise AbortExecution(outcome, outcomeReason, callRecord)
pysys.exceptions.AbortExecution: sudo&lt;remove_apama_project&gt; returned non-zero exit code 1
13:59:49 WARN  Cleanup failed with 1 errors: Cleanup function failed: sudo&lt;remove_apama_project&gt; returned non-zero exit code 1 (AbortExecution) ... blocked 
13:59:49 INFO  
13:59:49 INFO  Test duration: 5.22 secs
13:59:49 INFO  Test final outcome:  BLOCKED
13:59:49 INFO  Test outcome reason: sudo&lt;plugin_install&gt; returned non-zero exit code 2 (+2 other failures)
13:59:49 INFO  
</system-out>
	</testcase>
</testsuite>
