<?xml version="1.0" encoding="utf-8"?>
<testsuite failures="1" name="SoftwareManagement.Plugin.apama_plugin_mon_support" skipped="0" tests="1" time="28.44" timestamp="2022-04-25T21:56:22">
	<testcase classname="ApamaPluginMonSupportTest" name="SoftwareManagement.Plugin.apama_plugin_mon_support">
		<failure message="FAILED: Assertion that path exists=False for &quot;/etc/tedge/apama/project&quot;" type="FAILED"/>
		<system-out>21:55:54 INFO  ==============================================================
21:55:54 INFO  Id:    SoftwareManagement.Plugin.apama_plugin_mon_support
21:55:54 INFO  Dir:   plugin_apama/
21:55:54 INFO  Title: Validate mon file support of apama plugin
21:55:54 INFO  ==============================================================
21:55:54 WARN  Assertion that path exists=False for &quot;/etc/tedge/apama/project&quot; ... failed 
21:55:54 INFO  Executed sudo&lt;create_project_dir&gt;, exit status 0
21:55:55 INFO  Executed sudo&lt;unzip_apama_project&gt;, exit status 0
21:55:55 INFO  Executed sudo&lt;move_apama_project&gt;, exit status 0
21:55:57 INFO  Executed sudo&lt;restart_apama_service&gt;, exit status 0
21:55:57 INFO  Executed sudo&lt;apama_correlator_wait&gt;, exit status 0
21:55:58 INFO  Executed sudo&lt;apama_list_monitors&gt;, exit status 0
21:55:58 INFO  Grep on file /home/pi/actions-runner/_work/thin-edge.io/thin-edge.io/tests/PySys/plugin_apama/apama_plugin_mon_support/Output/linux/apama_list_monitors.out ... passed
21:55:59 INFO  Executed sudo&lt;plugin_list_before_install&gt;, exit status 0
21:56:00 INFO  Executed sudo&lt;plugin_install&gt;, exit status 0
21:56:00 INFO  Executed sudo&lt;apama_correlator_wait&gt;, exit status 0
21:56:01 INFO  Executed sudo&lt;plugin_list_after_install&gt;, exit status 0
21:56:02 INFO  Executed sudo&lt;plugin_update&gt;, exit status 0
21:56:03 INFO  Executed sudo&lt;apama_correlator_wait&gt;, exit status 0
21:56:04 INFO  Executed sudo&lt;plugin_list_after_update&gt;, exit status 0
21:56:05 INFO  Executed sudo&lt;plugin_remove&gt;, exit status 0
21:56:05 INFO  Executed sudo&lt;plugin_list_after_remove&gt;, exit status 0
21:56:05 INFO  Grep on file plugin_list_before_install.out ... passed
21:56:05 INFO  Grep on file plugin_list_after_install.out ... passed
21:56:05 INFO  Grep on file plugin_list_after_update.out ... passed
21:56:05 INFO  Grep on file plugin_list_after_remove.out ... passed
21:56:05 INFO  
21:56:05 INFO  cleanup:
21:56:05 INFO  Removing apama project
21:56:06 INFO  Executed sudo&lt;remove_apama_project&gt;, exit status 0
21:56:21 INFO  Executed sudo&lt;stop_apama_service&gt;, exit status 0, duration 15 secs
21:56:22 INFO  Executed sudo&lt;remove_apama_tmp_dir&gt;, exit status 0
21:56:22 INFO  
21:56:22 INFO  Test duration: 28.44 secs
21:56:22 INFO  Test final outcome:  FAILED
21:56:22 INFO  Test outcome reason: Assertion that path exists=False for &quot;/etc/tedge/apama/project&quot;
21:56:22 INFO  
</system-out>
	</testcase>
</testsuite>
