<?xml version="1.0" encoding="utf-8"?>
<testsuite failures="1" name="SoftwareManagement.Plugin.apama_plugin_update" skipped="0" tests="1" time="21.03" timestamp="2022-05-13T11:57:34">
	<testcase classname="ApamaPluginUpdateTest" name="SoftwareManagement.Plugin.apama_plugin_update">
		<failure message="BLOCKED: sudo&lt;plugin_install&gt; returned non-zero exit code 2" type="BLOCKED"/>
		<system-out>11:57:13 INFO  ==============================================================
11:57:13 INFO  Id:    SoftwareManagement.Plugin.apama_plugin_update
11:57:13 INFO  Dir:   plugin_apama/
11:57:13 INFO  Title: Validate apama plugin updating one project with another
11:57:13 INFO  ==============================================================
11:57:13 INFO  Assertion that path exists=False for &quot;/etc/tedge/apama/project&quot; ... passed
11:57:14 INFO  Executed sudo&lt;create_project_dir&gt;, exit status 0
11:57:15 INFO  Executed sudo&lt;unzip_apama_project&gt;, exit status 0
11:57:15 INFO  Executed sudo&lt;move_apama_project&gt;, exit status 0
11:57:16 INFO  Executed sudo&lt;restart_apama_service&gt;, exit status 0
11:57:17 INFO  Executed sudo&lt;apama_correlator_wait&gt;, exit status 0
11:57:17 INFO  Assertion that path exists=True for &quot;/etc/tedge/apama/project&quot; ... passed
11:57:17 INFO  Executed sudo&lt;apama_list_monitors&gt;, exit status 0
11:57:17 INFO  Grep on file /home/pi/actions-runner/_work/thin-edge.io/thin-edge.io/tests/PySys/plugin_apama/apama_plugin_update/Output/linux/apama_list_monitors.out ... passed
11:57:18 WARN  Executed sudo&lt;plugin_install&gt;, exit status 2
11:57:18 INFO  Contents of plugin_install.err: 
  ERROR: Directory not empty (os error 39)
  -----

11:57:18 WARN  sudo&lt;plugin_install&gt; returned non-zero exit code 2 ... blocked [run.py:35]
11:57:18 WARN  Aborted test due to BLOCKED outcome
11:57:18 INFO  
11:57:18 INFO  cleanup:
11:57:18 INFO  Removing apama project
11:57:33 INFO  Executed sudo&lt;stop_apama_service&gt;, exit status 0, duration 14 secs
11:57:34 INFO  Executed sudo&lt;remove_apama_project&gt;, exit status 0
11:57:34 INFO  Executed sudo&lt;remove_apama_tmp_dir&gt;, exit status 0
11:57:34 INFO  
11:57:34 INFO  Test duration: 21.03 secs
11:57:34 INFO  Test final outcome:  BLOCKED
11:57:34 INFO  Test outcome reason: sudo&lt;plugin_install&gt; returned non-zero exit code 2
11:57:34 INFO  
</system-out>
	</testcase>
</testsuite>
