<?xml version="1.0" encoding="utf-8"?>
<testsuite failures="1" name="SoftwareManagement.Plugin.apama_plugin_mon_support" skipped="0" tests="1" time="28.5" timestamp="2022-04-27T13:59:26">
	<testcase classname="ApamaPluginMonSupportTest" name="SoftwareManagement.Plugin.apama_plugin_mon_support">
		<failure message="FAILED: Assertion that path exists=False for &quot;/etc/tedge/apama/project&quot;" type="FAILED"/>
		<system-out>13:58:57 INFO  ==============================================================
13:58:57 INFO  Id:    SoftwareManagement.Plugin.apama_plugin_mon_support
13:58:57 INFO  Dir:   plugin_apama/
13:58:57 INFO  Title: Validate mon file support of apama plugin
13:58:57 INFO  ==============================================================
13:58:58 WARN  Assertion that path exists=False for &quot;/etc/tedge/apama/project&quot; ... failed 
13:58:58 INFO  Executed sudo&lt;create_project_dir&gt;, exit status 0
13:58:59 INFO  Executed sudo&lt;unzip_apama_project&gt;, exit status 0
13:58:59 INFO  Executed sudo&lt;move_apama_project&gt;, exit status 0
13:59:00 INFO  Executed sudo&lt;restart_apama_service&gt;, exit status 0
13:59:01 INFO  Executed sudo&lt;apama_correlator_wait&gt;, exit status 0
13:59:02 INFO  Executed sudo&lt;apama_list_monitors&gt;, exit status 0
13:59:02 INFO  Grep on file /home/pi/actions-runner/_work/thin-edge.io/thin-edge.io/tests/PySys/plugin_apama/apama_plugin_mon_support/Output/linux/apama_list_monitors.out ... passed
13:59:03 INFO  Executed sudo&lt;plugin_list_before_install&gt;, exit status 0
13:59:04 INFO  Executed sudo&lt;plugin_install&gt;, exit status 0
13:59:04 INFO  Executed sudo&lt;apama_correlator_wait&gt;, exit status 0
13:59:05 INFO  Executed sudo&lt;plugin_list_after_install&gt;, exit status 0
13:59:06 INFO  Executed sudo&lt;plugin_update&gt;, exit status 0
13:59:07 INFO  Executed sudo&lt;apama_correlator_wait&gt;, exit status 0
13:59:08 INFO  Executed sudo&lt;plugin_list_after_update&gt;, exit status 0
13:59:08 INFO  Executed sudo&lt;plugin_remove&gt;, exit status 0
13:59:09 INFO  Executed sudo&lt;plugin_list_after_remove&gt;, exit status 0
13:59:09 INFO  Grep on file plugin_list_before_install.out ... passed
13:59:09 INFO  Grep on file plugin_list_after_install.out ... passed
13:59:09 INFO  Grep on file plugin_list_after_update.out ... passed
13:59:09 INFO  Grep on file plugin_list_after_remove.out ... passed
13:59:09 INFO  
13:59:09 INFO  cleanup:
13:59:09 INFO  Removing apama project
13:59:10 INFO  Executed sudo&lt;remove_apama_project&gt;, exit status 0
13:59:25 INFO  Executed sudo&lt;stop_apama_service&gt;, exit status 0, duration 15 secs
13:59:26 INFO  Executed sudo&lt;remove_apama_tmp_dir&gt;, exit status 0
13:59:26 INFO  
13:59:26 INFO  Test duration: 28.50 secs
13:59:26 INFO  Test final outcome:  FAILED
13:59:26 INFO  Test outcome reason: Assertion that path exists=False for &quot;/etc/tedge/apama/project&quot;
13:59:26 INFO  
</system-out>
	</testcase>
</testsuite>
