<?xml version="1.0" encoding="utf-8"?>
<testsuite failures="1" name="SoftwareManagement.Plugin.apama_plugin_update" skipped="0" tests="1" time="0.64" timestamp="2022-04-27T10:55:37">
	<testcase classname="ApamaPluginUpdateTest" name="SoftwareManagement.Plugin.apama_plugin_update">
		<failure message="BLOCKED: sudo&lt;remove_apama_project&gt; returned non-zero exit code 1 (+2 other failures)" type="BLOCKED"/>
		<system-out>10:55:36 INFO  ==============================================================
10:55:36 INFO  Id:    SoftwareManagement.Plugin.apama_plugin_update
10:55:36 INFO  Dir:   plugin_apama/
10:55:36 INFO  Title: Validate apama plugin updating one project with another
10:55:36 INFO  ==============================================================
10:55:36 WARN  Assertion that path exists=False for &quot;/etc/tedge/apama/project&quot; ... failed 
10:55:36 WARN  Aborted test due to FAILED outcome
10:55:36 INFO  
10:55:36 INFO  cleanup:
10:55:36 INFO  Removing apama project
10:55:37 WARN  Executed sudo&lt;remove_apama_project&gt;, exit status 1
10:55:37 INFO  Contents of remove_apama_project.err: 
  rm: cannot remove '/etc/tedge/apama/project/logs/.nfs000000000002130800002b09': Device or resource busy
  -----

10:55:37 ERROR Error while running cleanup function: 
Traceback (most recent call last):
  File &quot;/home/pi/env-pysys/lib/python3.7/site-packages/pysys/process/user.py&quot;, line 1305, in cleanup
    fn()
  File &quot;/home/pi/actions-runner/_work/thin-edge.io/thin-edge.io/tests/PySys/plugin_apama/environment_apama_plugin.py&quot;, line 144, in cleanup_project
    self.remove_project()
  File &quot;/home/pi/actions-runner/_work/thin-edge.io/thin-edge.io/tests/PySys/plugin_apama/environment_apama_plugin.py&quot;, line 95, in remove_project
    stdouterr=&quot;remove_apama_project&quot;,
  File &quot;/home/pi/env-pysys/lib/python3.7/site-packages/pysys/process/user.py&quot;, line 482, in startProcess
    abortOnError=abortOnError)
  File &quot;/home/pi/env-pysys/lib/python3.7/site-packages/pysys/process/user.py&quot;, line 1401, in addOutcome
    self.abort(outcome, outcomeReason, callRecord)
  File &quot;/home/pi/env-pysys/lib/python3.7/site-packages/pysys/process/user.py&quot;, line 1420, in abort
    raise AbortExecution(outcome, outcomeReason, callRecord)
pysys.exceptions.AbortExecution: sudo&lt;remove_apama_project&gt; returned non-zero exit code 1
10:55:37 WARN  Cleanup failed with 1 errors: Cleanup function failed: sudo&lt;remove_apama_project&gt; returned non-zero exit code 1 (AbortExecution) ... blocked 
10:55:37 INFO  
10:55:37 INFO  Test duration: 0.64 secs
10:55:37 INFO  Test final outcome:  BLOCKED
10:55:37 INFO  Test outcome reason: sudo&lt;remove_apama_project&gt; returned non-zero exit code 1 (+2 other failures)
10:55:37 INFO  
</system-out>
	</testcase>
</testsuite>
