<?xml version="1.0" encoding="utf-8"?>
<testsuite failures="1" name="docker_plugin_finalize" skipped="0" tests="1" time="5.26" timestamp="2022-05-03T09:44:28">
	<testcase classname="DockerPluginFinalizeTest" name="docker_plugin_finalize">
		<failure message="BLOCKED: sudo&lt;docker_pull&gt; returned non-zero exit code 1" type="BLOCKED"/>
		<system-out>09:44:23 INFO  ==============================================================
09:44:23 INFO  Id:    docker_plugin_finalize
09:44:23 INFO  Dir:   plugin_docker/
09:44:23 INFO  Title: Validate docker plugin finalize command
09:44:23 INFO  ==============================================================
09:44:25 INFO  Executed sudo&lt;docker_images&gt;, exit status 0
09:44:25 INFO  Grep on file /home/pi/actions-runner/_work/thin-edge.io/thin-edge.io/tests/PySys/plugin_docker/docker_plugin_finalize/Output/linux/docker_images.out ... passed
09:44:28 WARN  Executed sudo&lt;docker_pull&gt;, exit status 1
09:44:28 INFO  Contents of docker_pull.err: 
  toomanyrequests: You have reached your pull rate limit. You may increase the limit by authenticating and upgrading: https://www.docker.com/increase-rate-limit
  -----

09:44:28 WARN  sudo&lt;docker_pull&gt; returned non-zero exit code 1 ... blocked 
09:44:28 WARN  Aborted test due to BLOCKED outcome
09:44:28 INFO  
09:44:28 INFO  cleanup:
09:44:28 INFO  
09:44:28 INFO  Test duration: 5.26 secs
09:44:28 INFO  Test final outcome:  BLOCKED
09:44:28 INFO  Test outcome reason: sudo&lt;docker_pull&gt; returned non-zero exit code 1
09:44:28 INFO  
</system-out>
	</testcase>
</testsuite>
