<?xml version="1.0" encoding="utf-8"?>
<testsuite failures="1" name="SoftwareManagement.sm_docker_install_remove_multiple" skipped="0" tests="1" time="35.66" timestamp="2022-04-28T13:14:23">
	<testcase classname="SMDockerInstallRemove" name="SoftwareManagement.sm_docker_install_remove_multiple">
		<failure message="BLOCKED: SystemError: The operation has failed" type="BLOCKED"/>
		<system-out>13:13:48 INFO  ==============================================================
13:13:48 INFO  Id:    SoftwareManagement.sm_docker_install_remove_multiple
13:13:48 INFO  Dir:   software_management_end_to_end/
13:13:48 INFO  Title: Validate end to end behaviour for the docker plugin for multiple docker images with mixed versions
13:13:48 INFO  ==============================================================
13:13:49 INFO  Using sw id database: {'asciijump': '5475369', 'robotfindskitten': '5474869', 'squirrel3': '5475279', 'rolldice': '5152439', 'moon-buggy': '5439204', 'apple': '5495053', 'banana': '5494888', 'cherry': '5495382', 'watermelon': '5494510', 'registry': '8018911', 'hello-world': '8021526', 'docker/getting-started': '8021973', 'alpine': '7991792'}
13:13:49 INFO  EnvironmentC8y Setup
13:13:49 INFO  Executed systemctl&lt;serv_mapper1&gt;, exit status 3
13:14:04 INFO  Executed sudo&lt;tedge_connect_c8y&gt;, exit status 0, duration 14 secs
13:14:04 INFO  Executed sudo&lt;tedge_connect_c8y_test&gt;, exit status 0
13:14:05 INFO  Executed systemctl&lt;serv_mosq2&gt;, exit status 0
13:14:05 INFO  Executed systemctl&lt;serv_mapper3&gt;, exit status 0
13:14:07 INFO  State of current operation: SUCCESSFUL
13:14:08 INFO  Response status: 201
13:14:08 INFO  Response to action: {
    &quot;creationTime&quot;: &quot;2022-04-28T13:14:08.069Z&quot;,
    &quot;deviceName&quot;: &quot;m32sd10d&quot;,
    &quot;deviceId&quot;: &quot;17889227&quot;,
    &quot;self&quot;: &quot;https://t493319102.eu-latest.cumulocity.com/devicecontrol/operations/17910972&quot;,
    &quot;id&quot;: &quot;17910972&quot;,
    &quot;status&quot;: &quot;PENDING&quot;,
    &quot;description&quot;: &quot;Apply software changes, triggered from PySys: [{'action': 'install', 'id': '8021526', 'name': 'hello-world', 'url': '', 'version': '::docker'}, {'action': 'install', 'id': '8018911', 'name': 'registry', 'url': '', 'version': '2.6.2::docker'}]&quot;,
    &quot;c8y_SoftwareUpdate&quot;: [
        {
            &quot;name&quot;: &quot;hello-world&quot;,
            &quot;action&quot;: &quot;install&quot;,
            &quot;id&quot;: &quot;8021526&quot;,
            &quot;version&quot;: &quot;::docker&quot;,
            &quot;url&quot;: &quot;&quot;
        },
        {
            &quot;name&quot;: &quot;registry&quot;,
            &quot;action&quot;: &quot;install&quot;,
            &quot;id&quot;: &quot;8018911&quot;,
            &quot;version&quot;: &quot;2.6.2::docker&quot;,
            &quot;url&quot;: &quot;&quot;
        }
    ]
}
13:14:08 INFO  Started operation: {'creationTime': '2022-04-28T13:14:08.069Z', 'deviceName': 'm32sd10d', 'deviceId': '17889227', 'self': 'https://t493319102.eu-latest.cumulocity.com/devicecontrol/operations/17910972', 'id': '17910972', 'status': 'PENDING', 'description': &quot;Apply software changes, triggered from PySys: [{'action': 'install', 'id': '8021526', 'name': 'hello-world', 'url': '', 'version': '::docker'}, {'action': 'install', 'id': '8018911', 'name': 'registry', 'url': '', 'version': '2.6.2::docker'}]&quot;, 'c8y_SoftwareUpdate': [{'name': 'hello-world', 'action': 'install', 'id': '8021526', 'version': '::docker', 'url': ''}, {'name': 'registry', 'action': 'install', 'id': '8018911', 'version': '2.6.2::docker', 'url': ''}]}
13:14:10 INFO  State of operation 17910972 : PENDING
13:14:12 INFO  State of operation 17910972 : EXECUTING
13:14:14 INFO  State of operation 17910972 : EXECUTING
13:14:17 INFO  State of operation 17910972 : EXECUTING
13:14:19 INFO  State of operation 17910972 : FAILED
13:14:19 ERROR Stopping as the operation has failed
13:14:19 WARN  SystemError occurred while running test - The operation has failed
Traceback (most recent call last):
  File &quot;/home/pi/env-pysys/lib/python3.7/site-packages/pysys/baserunner.py&quot;, line 1292, in __call__
    self.testObj.setup()
  File &quot;/home/pi/actions-runner/_work/thin-edge.io/thin-edge.io/tests/PySys/software_management_end_to_end/sm_docker_install_remove_multiple/run.py&quot;, line 55, in setup
    self.wait_until_succcess()
  File &quot;/home/pi/actions-runner/_work/thin-edge.io/thin-edge.io/tests/PySys/software_management_end_to_end/environment_sm_management.py&quot;, line 324, in wait_until_succcess
    self.wait_until_status(&quot;SUCCESSFUL&quot;)
  File &quot;/home/pi/actions-runner/_work/thin-edge.io/thin-edge.io/tests/PySys/software_management_end_to_end/environment_sm_management.py&quot;, line 361, in wait_until_status
    raise SystemError(&quot;The operation has failed&quot;)
SystemError: The operation has failed
13:14:19 WARN  SystemError: The operation has failed ... blocked 
13:14:19 INFO  
13:14:19 INFO  cleanup:
13:14:23 INFO  Executed sudo&lt;tedge_disconnect_c8y&gt;, exit status 0
13:14:23 INFO  Executed systemctl&lt;serv_mapper5&gt;, exit status 3
13:14:23 INFO  
13:14:23 INFO  Test duration: 35.66 secs
13:14:23 INFO  Test final outcome:  BLOCKED
13:14:23 INFO  Test outcome reason: SystemError: The operation has failed
13:14:23 INFO  
</system-out>
	</testcase>
</testsuite>
