<?xml version="1.0" encoding="utf-8"?>
<testsuite failures="0" name="docker_plugin_update" skipped="0" tests="1" time="61.98" timestamp="2022-04-24T12:57:11">
	<testcase classname="DockerPluginUpdateTest" name="docker_plugin_update"/>
</testsuite>
