<?xml version="1.0" encoding="utf-8"?>
<testsuite failures="0" name="docker_plugin_install" skipped="0" tests="1" time="34.44" timestamp="2022-05-13T15:52:23">
	<testcase classname="DockerPluginInstallTest" name="docker_plugin_install"/>
</testsuite>
