<?xml version="1.0" encoding="utf-8"?>
<testsuite failures="0" name="docker_plugin_update" skipped="0" tests="1" time="62.61" timestamp="2022-04-25T22:13:16">
	<testcase classname="DockerPluginUpdateTest" name="docker_plugin_update"/>
</testsuite>
