<?xml version="1.0" encoding="utf-8"?>
<testsuite failures="1" name="docker_plugin_remove" skipped="0" tests="1" time="4.85" timestamp="2022-05-03T19:18:32">
	<testcase classname="DockerPluginRemoveTest" name="docker_plugin_remove">
		<failure message="BLOCKED: sudo&lt;docker_run&gt; returned non-zero exit code 125" type="BLOCKED"/>
		<system-out>19:18:27 INFO  ==============================================================
19:18:27 INFO  Id:    docker_plugin_remove
19:18:27 INFO  Dir:   plugin_docker/
19:18:27 INFO  Title: Validate docker plugin remove
19:18:27 INFO  ==============================================================
19:18:28 INFO  Executed sudo&lt;docker_images&gt;, exit status 0
19:18:28 INFO  Grep on file /home/pi/actions-runner/_work/thin-edge.io/thin-edge.io/tests/PySys/plugin_docker/docker_plugin_remove/Output/linux/docker_images.out ... passed
19:18:30 WARN  Executed sudo&lt;docker_run&gt;, exit status 125
19:18:30 INFO  Contents of docker_run.err: 
  Unable to find image 'registry:latest' locally
  docker: Error response from daemon: toomanyrequests: You have reached your pull rate limit. You may increase the limit by authenticating and upgrading: https://www.docker.com/increase-rate-limit.
  See 'docker run --help'.
  -----

19:18:30 WARN  sudo&lt;docker_run&gt; returned non-zero exit code 125 ... blocked 
19:18:30 WARN  Aborted test due to BLOCKED outcome
19:18:30 INFO  
19:18:30 INFO  cleanup:
19:18:30 INFO  Removing containers scheduled to be cleaned up: ['7727249a9b22', '64e0cf83563e']
19:18:31 WARN  Executed sudo&lt;containers_for_cleanup&gt;, exit status 1
19:18:31 INFO  Removing images scheduled to be cleaned up: ['registry', 'registry', 'registry:2.7.1']
19:18:32 INFO  Executed sudo&lt;containers_for_cleanup&gt;, exit status 0
19:18:32 INFO  
19:18:32 INFO  Test duration: 4.85 secs
19:18:32 INFO  Test final outcome:  BLOCKED
19:18:32 INFO  Test outcome reason: sudo&lt;docker_run&gt; returned non-zero exit code 125
19:18:32 INFO  
</system-out>
	</testcase>
</testsuite>
