<?xml version="1.0" encoding="utf-8"?>
<testsuite failures="0" name="docker_plugin_update" skipped="0" tests="1" time="62.79" timestamp="2022-05-06T14:07:36">
	<testcase classname="DockerPluginUpdateTest" name="docker_plugin_update"/>
</testsuite>
