<?xml version="1.0" encoding="utf-8"?>
<testsuite failures="0" name="docker_plugin_install" skipped="0" tests="1" time="34.97" timestamp="2022-04-21T14:24:59">
	<testcase classname="DockerPluginInstallTest" name="docker_plugin_install"/>
</testsuite>
