<?xml version="1.0" encoding="utf-8"?>
<testsuite failures="1" name="SoftwareManagement.Plugin.apama_plugin_update" skipped="0" tests="1" time="5.19" timestamp="2022-04-21T14:24:00">
	<testcase classname="ApamaPluginUpdateTest" name="SoftwareManagement.Plugin.apama_plugin_update">
		<failure message="BLOCKED: sudo&lt;plugin_install&gt; returned non-zero exit code 2 (+2 other failures)" type="BLOCKED"/>
		<system-out>14:23:55 INFO  ==============================================================
14:23:55 INFO  Id:    SoftwareManagement.Plugin.apama_plugin_update
14:23:55 INFO  Dir:   plugin_apama/
14:23:55 INFO  Title: Validate apama plugin updating one project with another
14:23:55 INFO  ==============================================================
14:23:55 INFO  Assertion that path exists=False for &quot;/etc/tedge/apama/project&quot; ... passed
14:23:56 INFO  Executed sudo&lt;create_project_dir&gt;, exit status 0
14:23:56 INFO  Executed sudo&lt;unzip_apama_project&gt;, exit status 0
14:23:57 INFO  Executed sudo&lt;move_apama_project&gt;, exit status 0
14:23:58 INFO  Executed sudo&lt;restart_apama_service&gt;, exit status 0
14:23:58 INFO  Executed sudo&lt;apama_correlator_wait&gt;, exit status 0
14:23:58 INFO  Assertion that path exists=True for &quot;/etc/tedge/apama/project&quot; ... passed
14:23:59 INFO  Executed sudo&lt;apama_list_monitors&gt;, exit status 0
14:23:59 INFO  Grep on file /home/pi/actions-runner/_work/thin-edge.io/thin-edge.io/tests/PySys/plugin_apama/apama_plugin_update/Output/linux/apama_list_monitors.out ... passed
14:24:00 WARN  Executed sudo&lt;plugin_install&gt;, exit status 2
14:24:00 INFO  Contents of plugin_install.err: 
  ERROR: Directory not empty (os error 39)
  -----

14:24:00 WARN  sudo&lt;plugin_install&gt; returned non-zero exit code 2 ... blocked [run.py:35]
14:24:00 WARN  Aborted test due to BLOCKED outcome
14:24:00 INFO  
14:24:00 INFO  cleanup:
14:24:00 INFO  Removing apama project
14:24:00 WARN  Executed sudo&lt;remove_apama_project&gt;, exit status 1
14:24:00 INFO  Contents of remove_apama_project.err: 
  rm: cannot remove '/etc/tedge/apama/project/logs/.nfs00000000001017be00000bc7': Device or resource busy
  -----

14:24:00 ERROR Error while running cleanup function: 
Traceback (most recent call last):
  File &quot;/home/pi/env-pysys/lib/python3.7/site-packages/pysys/process/user.py&quot;, line 1305, in cleanup
    fn()
  File &quot;/home/pi/actions-runner/_work/thin-edge.io/thin-edge.io/tests/PySys/plugin_apama/environment_apama_plugin.py&quot;, line 144, in cleanup_project
    self.remove_project()
  File &quot;/home/pi/actions-runner/_work/thin-edge.io/thin-edge.io/tests/PySys/plugin_apama/environment_apama_plugin.py&quot;, line 95, in remove_project
    stdouterr=&quot;remove_apama_project&quot;,
  File &quot;/home/pi/env-pysys/lib/python3.7/site-packages/pysys/process/user.py&quot;, line 482, in startProcess
    abortOnError=abortOnError)
  File &quot;/home/pi/env-pysys/lib/python3.7/site-packages/pysys/process/user.py&quot;, line 1401, in addOutcome
    self.abort(outcome, outcomeReason, callRecord)
  File &quot;/home/pi/env-pysys/lib/python3.7/site-packages/pysys/process/user.py&quot;, line 1420, in abort
    raise AbortExecution(outcome, outcomeReason, callRecord)
pysys.exceptions.AbortExecution: sudo&lt;remove_apama_project&gt; returned non-zero exit code 1
14:24:00 WARN  Cleanup failed with 1 errors: Cleanup function failed: sudo&lt;remove_apama_project&gt; returned non-zero exit code 1 (AbortExecution) ... blocked 
14:24:00 INFO  
14:24:00 INFO  Test duration: 5.19 secs
14:24:00 INFO  Test final outcome:  BLOCKED
14:24:00 INFO  Test outcome reason: sudo&lt;plugin_install&gt; returned non-zero exit code 2 (+2 other failures)
14:24:00 INFO  
</system-out>
	</testcase>
</testsuite>
