<?xml version="1.0" encoding="utf-8"?>
<testsuite failures="1" name="SoftwareManagement.Plugin.apama_plugin_mon_support" skipped="0" tests="1" time="29.78" timestamp="2022-04-27T09:16:49">
	<testcase classname="ApamaPluginMonSupportTest" name="SoftwareManagement.Plugin.apama_plugin_mon_support">
		<failure message="FAILED: Assertion that path exists=False for &quot;/etc/tedge/apama/project&quot;" type="FAILED"/>
		<system-out>09:16:20 INFO  ==============================================================
09:16:20 INFO  Id:    SoftwareManagement.Plugin.apama_plugin_mon_support
09:16:20 INFO  Dir:   plugin_apama/
09:16:20 INFO  Title: Validate mon file support of apama plugin
09:16:20 INFO  ==============================================================
09:16:20 WARN  Assertion that path exists=False for &quot;/etc/tedge/apama/project&quot; ... failed 
09:16:20 INFO  Executed sudo&lt;create_project_dir&gt;, exit status 0
09:16:21 INFO  Executed sudo&lt;unzip_apama_project&gt;, exit status 0
09:16:21 INFO  Executed sudo&lt;move_apama_project&gt;, exit status 0
09:16:23 INFO  Executed sudo&lt;restart_apama_service&gt;, exit status 0
09:16:23 INFO  Executed sudo&lt;apama_correlator_wait&gt;, exit status 0
09:16:24 INFO  Executed sudo&lt;apama_list_monitors&gt;, exit status 0
09:16:24 INFO  Grep on file /home/pi/actions-runner/_work/thin-edge.io/thin-edge.io/tests/PySys/plugin_apama/apama_plugin_mon_support/Output/linux/apama_list_monitors.out ... passed
09:16:25 INFO  Executed sudo&lt;plugin_list_before_install&gt;, exit status 0
09:16:26 INFO  Executed sudo&lt;plugin_install&gt;, exit status 0
09:16:27 INFO  Executed sudo&lt;apama_correlator_wait&gt;, exit status 0
09:16:27 INFO  Executed sudo&lt;plugin_list_after_install&gt;, exit status 0
09:16:29 INFO  Executed sudo&lt;plugin_update&gt;, exit status 0
09:16:29 INFO  Executed sudo&lt;apama_correlator_wait&gt;, exit status 0
09:16:30 INFO  Executed sudo&lt;plugin_list_after_update&gt;, exit status 0
09:16:31 INFO  Executed sudo&lt;plugin_remove&gt;, exit status 0
09:16:32 INFO  Executed sudo&lt;plugin_list_after_remove&gt;, exit status 0
09:16:32 INFO  Grep on file plugin_list_before_install.out ... passed
09:16:32 INFO  Grep on file plugin_list_after_install.out ... passed
09:16:32 INFO  Grep on file plugin_list_after_update.out ... passed
09:16:32 INFO  Grep on file plugin_list_after_remove.out ... passed
09:16:32 INFO  
09:16:32 INFO  cleanup:
09:16:32 INFO  Removing apama project
09:16:32 INFO  Executed sudo&lt;remove_apama_project&gt;, exit status 0
09:16:49 INFO  Executed sudo&lt;stop_apama_service&gt;, exit status 0, duration 16 secs
09:16:49 INFO  Executed sudo&lt;remove_apama_tmp_dir&gt;, exit status 0
09:16:49 INFO  
09:16:49 INFO  Test duration: 29.78 secs
09:16:49 INFO  Test final outcome:  FAILED
09:16:49 INFO  Test outcome reason: Assertion that path exists=False for &quot;/etc/tedge/apama/project&quot;
09:16:49 INFO  
</system-out>
	</testcase>
</testsuite>
