<?xml version="1.0" encoding="utf-8"?>
<testsuite failures="1" name="SoftwareManagement.Plugin.apama_plugin_mon_support" skipped="0" tests="1" time="30.82" timestamp="2022-04-21T14:23:33">
	<testcase classname="ApamaPluginMonSupportTest" name="SoftwareManagement.Plugin.apama_plugin_mon_support">
		<failure message="FAILED: Assertion that path exists=False for &quot;/etc/tedge/apama/project&quot;" type="FAILED"/>
		<system-out>14:23:02 INFO  ==============================================================
14:23:02 INFO  Id:    SoftwareManagement.Plugin.apama_plugin_mon_support
14:23:02 INFO  Dir:   plugin_apama/
14:23:02 INFO  Title: Validate mon file support of apama plugin
14:23:02 INFO  ==============================================================
14:23:02 WARN  Assertion that path exists=False for &quot;/etc/tedge/apama/project&quot; ... failed 
14:23:03 INFO  Executed sudo&lt;create_project_dir&gt;, exit status 0
14:23:03 INFO  Executed sudo&lt;unzip_apama_project&gt;, exit status 0
14:23:04 INFO  Executed sudo&lt;move_apama_project&gt;, exit status 0
14:23:05 INFO  Executed sudo&lt;restart_apama_service&gt;, exit status 0
14:23:06 INFO  Executed sudo&lt;apama_correlator_wait&gt;, exit status 0
14:23:07 INFO  Executed sudo&lt;apama_list_monitors&gt;, exit status 0
14:23:07 INFO  Grep on file /home/pi/actions-runner/_work/thin-edge.io/thin-edge.io/tests/PySys/plugin_apama/apama_plugin_mon_support/Output/linux/apama_list_monitors.out ... passed
14:23:07 INFO  Executed sudo&lt;plugin_list_before_install&gt;, exit status 0
14:23:08 INFO  Executed sudo&lt;plugin_install&gt;, exit status 0
14:23:09 INFO  Executed sudo&lt;apama_correlator_wait&gt;, exit status 0
14:23:10 INFO  Executed sudo&lt;plugin_list_after_install&gt;, exit status 0
14:23:11 INFO  Executed sudo&lt;plugin_update&gt;, exit status 0
14:23:12 INFO  Executed sudo&lt;apama_correlator_wait&gt;, exit status 0
14:23:13 INFO  Executed sudo&lt;plugin_list_after_update&gt;, exit status 0
14:23:13 INFO  Executed sudo&lt;plugin_remove&gt;, exit status 0
14:23:14 INFO  Executed sudo&lt;plugin_list_after_remove&gt;, exit status 0
14:23:14 INFO  Grep on file plugin_list_before_install.out ... passed
14:23:14 INFO  Grep on file plugin_list_after_install.out ... passed
14:23:14 INFO  Grep on file plugin_list_after_update.out ... passed
14:23:14 INFO  Grep on file plugin_list_after_remove.out ... passed
14:23:14 INFO  
14:23:14 INFO  cleanup:
14:23:14 INFO  Removing apama project
14:23:15 INFO  Executed sudo&lt;remove_apama_project&gt;, exit status 0
14:23:33 INFO  Executed sudo&lt;stop_apama_service&gt;, exit status 0, duration 18 secs
14:23:33 INFO  Executed sudo&lt;remove_apama_tmp_dir&gt;, exit status 0
14:23:33 INFO  
14:23:33 INFO  Test duration: 30.82 secs
14:23:33 INFO  Test final outcome:  FAILED
14:23:33 INFO  Test outcome reason: Assertion that path exists=False for &quot;/etc/tedge/apama/project&quot;
14:23:33 INFO  
</system-out>
	</testcase>
</testsuite>
