<?xml version="1.0" encoding="utf-8"?>
<testsuite failures="0" name="docker_plugin_update" skipped="0" tests="1" time="63.33" timestamp="2022-05-03T15:05:37">
	<testcase classname="DockerPluginUpdateTest" name="docker_plugin_update"/>
</testsuite>
