<?xml version="1.0" encoding="utf-8"?>
<testsuite failures="1" name="docker_plugin_remove" skipped="0" tests="1" time="4.75" timestamp="2022-05-03T09:44:57">
	<testcase classname="DockerPluginRemoveTest" name="docker_plugin_remove">
		<failure message="BLOCKED: sudo&lt;docker_run&gt; returned non-zero exit code 125" type="BLOCKED"/>
		<system-out>09:44:53 INFO  ==============================================================
09:44:53 INFO  Id:    docker_plugin_remove
09:44:53 INFO  Dir:   plugin_docker/
09:44:53 INFO  Title: Validate docker plugin remove
09:44:53 INFO  ==============================================================
09:44:54 INFO  Executed sudo&lt;docker_images&gt;, exit status 0
09:44:54 INFO  Grep on file /home/pi/actions-runner/_work/thin-edge.io/thin-edge.io/tests/PySys/plugin_docker/docker_plugin_remove/Output/linux/docker_images.out ... passed
09:44:56 WARN  Executed sudo&lt;docker_run&gt;, exit status 125
09:44:56 INFO  Contents of docker_run.err: 
  Unable to find image 'registry:latest' locally
  docker: Error response from daemon: toomanyrequests: You have reached your pull rate limit. You may increase the limit by authenticating and upgrading: https://www.docker.com/increase-rate-limit.
  See 'docker run --help'.
  -----

09:44:56 WARN  sudo&lt;docker_run&gt; returned non-zero exit code 125 ... blocked 
09:44:56 WARN  Aborted test due to BLOCKED outcome
09:44:56 INFO  
09:44:56 INFO  cleanup:
09:44:56 INFO  Removing containers scheduled to be cleaned up: ['', '']
09:44:57 WARN  Executed sudo&lt;containers_for_cleanup&gt;, exit status 1
09:44:57 INFO  Removing images scheduled to be cleaned up: ['registry', 'registry', 'registry:2.7.1']
09:44:57 INFO  Executed sudo&lt;containers_for_cleanup&gt;, exit status 0
09:44:57 INFO  
09:44:57 INFO  Test duration: 4.75 secs
09:44:57 INFO  Test final outcome:  BLOCKED
09:44:57 INFO  Test outcome reason: sudo&lt;docker_run&gt; returned non-zero exit code 125
09:44:57 INFO  
</system-out>
	</testcase>
</testsuite>
