<?xml version="1.0" encoding="utf-8"?>
<testsuite failures="1" name="docker_plugin_remove_with_version" skipped="0" tests="1" time="4.7" timestamp="2022-05-03T19:18:46">
	<testcase classname="DockerPluginRemoveWithVersionTest" name="docker_plugin_remove_with_version">
		<failure message="BLOCKED: sudo&lt;docker_run&gt; returned non-zero exit code 125" type="BLOCKED"/>
		<system-out>19:18:41 INFO  ==============================================================
19:18:41 INFO  Id:    docker_plugin_remove_with_version
19:18:41 INFO  Dir:   plugin_docker/
19:18:41 INFO  Title: Validate docker plugin remove with version
19:18:41 INFO  ==============================================================
19:18:42 INFO  Executed sudo&lt;docker_images&gt;, exit status 0
19:18:42 INFO  Grep on file /home/pi/actions-runner/_work/thin-edge.io/thin-edge.io/tests/PySys/plugin_docker/docker_plugin_remove_with_version/Output/linux/docker_images.out ... passed
19:18:44 WARN  Executed sudo&lt;docker_run&gt;, exit status 125
19:18:44 INFO  Contents of docker_run.err: 
  Unable to find image 'registry:2.7.1' locally
  docker: Error response from daemon: toomanyrequests: You have reached your pull rate limit. You may increase the limit by authenticating and upgrading: https://www.docker.com/increase-rate-limit.
  See 'docker run --help'.
  -----

19:18:44 WARN  sudo&lt;docker_run&gt; returned non-zero exit code 125 ... blocked 
19:18:44 WARN  Aborted test due to BLOCKED outcome
19:18:44 INFO  
19:18:44 INFO  cleanup:
19:18:44 INFO  Removing containers scheduled to be cleaned up: ['4ea2afc6d535', '96d25fc67e59']
19:18:45 WARN  Executed sudo&lt;containers_for_cleanup&gt;, exit status 1
19:18:45 INFO  Removing images scheduled to be cleaned up: ['registry', 'registry', 'registry:2.7.1']
19:18:46 INFO  Executed sudo&lt;containers_for_cleanup&gt;, exit status 0
19:18:46 INFO  
19:18:46 INFO  Test duration: 4.70 secs
19:18:46 INFO  Test final outcome:  BLOCKED
19:18:46 INFO  Test outcome reason: sudo&lt;docker_run&gt; returned non-zero exit code 125
19:18:46 INFO  
</system-out>
	</testcase>
</testsuite>
