<?xml version="1.0" encoding="utf-8"?>
<testsuite failures="1" name="docker_plugin_finalize" skipped="0" tests="1" time="3.3" timestamp="2022-04-28T13:13:54">
	<testcase classname="DockerPluginFinalizeTest" name="docker_plugin_finalize">
		<failure message="BLOCKED: sudo&lt;docker_pull&gt; returned non-zero exit code 1" type="BLOCKED"/>
		<system-out>13:13:51 INFO  ==============================================================
13:13:51 INFO  Id:    docker_plugin_finalize
13:13:51 INFO  Dir:   plugin_docker/
13:13:51 INFO  Title: Validate docker plugin finalize command
13:13:51 INFO  ==============================================================
13:13:52 INFO  Executed sudo&lt;docker_images&gt;, exit status 0
13:13:52 INFO  Grep on file /home/pi/actions-runner/_work/thin-edge.io/thin-edge.io/tests/PySys/plugin_docker/docker_plugin_finalize/Output/linux/docker_images.out ... passed
13:13:54 WARN  Executed sudo&lt;docker_pull&gt;, exit status 1
13:13:54 INFO  Contents of docker_pull.err: 
  Error response from daemon: toomanyrequests: You have reached your pull rate limit. You may increase the limit by authenticating and upgrading: https://www.docker.com/increase-rate-limit
  -----

13:13:54 WARN  sudo&lt;docker_pull&gt; returned non-zero exit code 1 ... blocked 
13:13:54 WARN  Aborted test due to BLOCKED outcome
13:13:54 INFO  
13:13:54 INFO  cleanup:
13:13:54 INFO  
13:13:54 INFO  Test duration: 3.30 secs
13:13:54 INFO  Test final outcome:  BLOCKED
13:13:54 INFO  Test outcome reason: sudo&lt;docker_pull&gt; returned non-zero exit code 1
13:13:54 INFO  
</system-out>
	</testcase>
</testsuite>
