<?xml version="1.0" encoding="utf-8"?>
<testsuite failures="1" name="docker_plugin_update" skipped="0" tests="1" time="4.85" timestamp="2022-05-04T09:19:06">
	<testcase classname="DockerPluginUpdateTest" name="docker_plugin_update">
		<failure message="BLOCKED: sudo&lt;docker_run&gt; returned non-zero exit code 125" type="BLOCKED"/>
		<system-out>09:19:01 INFO  ==============================================================
09:19:01 INFO  Id:    docker_plugin_update
09:19:01 INFO  Dir:   plugin_docker/
09:19:01 INFO  Title: Validate docker plugin install updates existing containers
09:19:01 INFO  ==============================================================
09:19:02 INFO  Executed sudo&lt;docker_images&gt;, exit status 0
09:19:02 INFO  Grep on file /home/pi/actions-runner/_work/thin-edge.io/thin-edge.io/tests/PySys/plugin_docker/docker_plugin_update/Output/linux/docker_images.out ... passed
09:19:04 WARN  Executed sudo&lt;docker_run&gt;, exit status 125
09:19:04 INFO  Contents of docker_run.err: 
  Unable to find image 'registry:2.6.2' locally
  docker: Error response from daemon: toomanyrequests: You have reached your pull rate limit. You may increase the limit by authenticating and upgrading: https://www.docker.com/increase-rate-limit.
  See 'docker run --help'.
  -----

09:19:04 WARN  sudo&lt;docker_run&gt; returned non-zero exit code 125 ... blocked 
09:19:04 WARN  Aborted test due to BLOCKED outcome
09:19:04 INFO  
09:19:04 INFO  cleanup:
09:19:04 INFO  Removing containers scheduled to be cleaned up: ['d97f014c707b', 'c58236a0e923', 'a70c20d8ef3e7f4154c467028e95c70c6318e957f721284c1ad7920f3a089e9a\n', 'fa15675fc4ed169a1a082127a27dde154ffa0def5061f6c416e93f938871f78d\n']
09:19:05 WARN  Executed sudo&lt;containers_for_cleanup&gt;, exit status 1
09:19:05 INFO  Removing images scheduled to be cleaned up: ['registry', 'registry', 'registry:2.7.1', 'registry', 'registry:2.7.1']
09:19:06 INFO  Executed sudo&lt;containers_for_cleanup&gt;, exit status 0
09:19:06 INFO  
09:19:06 INFO  Test duration: 4.85 secs
09:19:06 INFO  Test final outcome:  BLOCKED
09:19:06 INFO  Test outcome reason: sudo&lt;docker_run&gt; returned non-zero exit code 125
09:19:06 INFO  
</system-out>
	</testcase>
</testsuite>
