<?xml version="1.0" encoding="utf-8"?>
<testsuite failures="1" name="SoftwareManagement.sm_docker_install_remove_multiple" skipped="0" tests="1" time="37.7" timestamp="2022-05-13T15:54:45">
	<testcase classname="SMDockerInstallRemove" name="SoftwareManagement.sm_docker_install_remove_multiple">
		<failure message="BLOCKED: SystemError: The operation has failed" type="BLOCKED"/>
		<system-out>15:54:08 INFO  ==============================================================
15:54:08 INFO  Id:    SoftwareManagement.sm_docker_install_remove_multiple
15:54:08 INFO  Dir:   software_management_end_to_end/
15:54:08 INFO  Title: Validate end to end behaviour for the docker plugin for multiple docker images with mixed versions
15:54:08 INFO  ==============================================================
15:54:09 INFO  Using sw id database: {'asciijump': '5475369', 'robotfindskitten': '5474869', 'squirrel3': '5475279', 'rolldice': '5152439', 'moon-buggy': '5439204', 'apple': '5495053', 'banana': '5494888', 'cherry': '5495382', 'watermelon': '5494510', 'registry': '8018911', 'hello-world': '8021526', 'docker/getting-started': '8021973', 'alpine': '7991792'}
15:54:09 INFO  EnvironmentC8y Setup
15:54:10 INFO  Executed systemctl&lt;serv_mapper1&gt;, exit status 3
15:54:26 INFO  Executed sudo&lt;tedge_connect_c8y&gt;, exit status 0, duration 15 secs
15:54:26 INFO  Executed sudo&lt;tedge_connect_c8y_test&gt;, exit status 0
15:54:27 INFO  Executed systemctl&lt;serv_mosq2&gt;, exit status 0
15:54:27 INFO  Executed systemctl&lt;serv_mapper3&gt;, exit status 0
15:54:29 INFO  State of current operation: SUCCESSFUL
15:54:30 INFO  Response status: 201
15:54:30 INFO  Response to action: {
    &quot;creationTime&quot;: &quot;2022-05-13T15:54:30.141Z&quot;,
    &quot;deviceId&quot;: &quot;19035650&quot;,
    &quot;deviceName&quot;: &quot;m32sd10b&quot;,
    &quot;self&quot;: &quot;https://t493319102.eu-latest.cumulocity.com/devicecontrol/operations/19054238&quot;,
    &quot;id&quot;: &quot;19054238&quot;,
    &quot;status&quot;: &quot;PENDING&quot;,
    &quot;description&quot;: &quot;Apply software changes, triggered from PySys: [{'action': 'install', 'id': '8021526', 'name': 'hello-world', 'url': '', 'version': '::docker'}, {'action': 'install', 'id': '8018911', 'name': 'registry', 'url': '', 'version': '2.6.2::docker'}]&quot;,
    &quot;c8y_SoftwareUpdate&quot;: [
        {
            &quot;name&quot;: &quot;hello-world&quot;,
            &quot;action&quot;: &quot;install&quot;,
            &quot;id&quot;: &quot;8021526&quot;,
            &quot;version&quot;: &quot;::docker&quot;,
            &quot;url&quot;: &quot;&quot;
        },
        {
            &quot;name&quot;: &quot;registry&quot;,
            &quot;action&quot;: &quot;install&quot;,
            &quot;id&quot;: &quot;8018911&quot;,
            &quot;version&quot;: &quot;2.6.2::docker&quot;,
            &quot;url&quot;: &quot;&quot;
        }
    ]
}
15:54:30 INFO  Started operation: {'creationTime': '2022-05-13T15:54:30.141Z', 'deviceId': '19035650', 'deviceName': 'm32sd10b', 'self': 'https://t493319102.eu-latest.cumulocity.com/devicecontrol/operations/19054238', 'id': '19054238', 'status': 'PENDING', 'description': &quot;Apply software changes, triggered from PySys: [{'action': 'install', 'id': '8021526', 'name': 'hello-world', 'url': '', 'version': '::docker'}, {'action': 'install', 'id': '8018911', 'name': 'registry', 'url': '', 'version': '2.6.2::docker'}]&quot;, 'c8y_SoftwareUpdate': [{'name': 'hello-world', 'action': 'install', 'id': '8021526', 'version': '::docker', 'url': ''}, {'name': 'registry', 'action': 'install', 'id': '8018911', 'version': '2.6.2::docker', 'url': ''}]}
15:54:32 INFO  State of operation 19054238 : PENDING
15:54:34 INFO  State of operation 19054238 : EXECUTING
15:54:36 INFO  State of operation 19054238 : EXECUTING
15:54:39 INFO  State of operation 19054238 : EXECUTING
15:54:41 INFO  State of operation 19054238 : FAILED
15:54:41 ERROR Stopping as the operation has failed
15:54:41 WARN  SystemError occurred while running test - The operation has failed
Traceback (most recent call last):
  File &quot;/home/pi/env-pysys/lib/python3.7/site-packages/pysys/baserunner.py&quot;, line 1292, in __call__
    self.testObj.setup()
  File &quot;/home/pi/actions-runner/_work/thin-edge.io/thin-edge.io/tests/PySys/software_management_end_to_end/sm_docker_install_remove_multiple/run.py&quot;, line 55, in setup
    self.wait_until_succcess()
  File &quot;/home/pi/actions-runner/_work/thin-edge.io/thin-edge.io/tests/PySys/software_management_end_to_end/environment_sm_management.py&quot;, line 324, in wait_until_succcess
    self.wait_until_status(&quot;SUCCESSFUL&quot;)
  File &quot;/home/pi/actions-runner/_work/thin-edge.io/thin-edge.io/tests/PySys/software_management_end_to_end/environment_sm_management.py&quot;, line 361, in wait_until_status
    raise SystemError(&quot;The operation has failed&quot;)
SystemError: The operation has failed
15:54:41 WARN  SystemError: The operation has failed ... blocked 
15:54:41 INFO  
15:54:41 INFO  cleanup:
15:54:45 INFO  Executed sudo&lt;tedge_disconnect_c8y&gt;, exit status 0
15:54:45 INFO  Executed systemctl&lt;serv_mapper5&gt;, exit status 3
15:54:45 INFO  
15:54:45 INFO  Test duration: 37.70 secs
15:54:45 INFO  Test final outcome:  BLOCKED
15:54:45 INFO  Test outcome reason: SystemError: The operation has failed
15:54:45 INFO  
</system-out>
	</testcase>
</testsuite>
