<?xml version="1.0" encoding="utf-8"?>
<testsuite failures="1" name="docker_plugin_finalize" skipped="0" tests="1" time="4.78" timestamp="2022-04-28T11:53:13">
	<testcase classname="DockerPluginFinalizeTest" name="docker_plugin_finalize">
		<failure message="BLOCKED: sudo&lt;docker_pull&gt; returned non-zero exit code 1" type="BLOCKED"/>
		<system-out>11:53:08 INFO  ==============================================================
11:53:08 INFO  Id:    docker_plugin_finalize
11:53:08 INFO  Dir:   plugin_docker/
11:53:08 INFO  Title: Validate docker plugin finalize command
11:53:08 INFO  ==============================================================
11:53:10 INFO  Executed sudo&lt;docker_images&gt;, exit status 0
11:53:10 INFO  Grep on file /home/pi/actions-runner/_work/thin-edge.io/thin-edge.io/tests/PySys/plugin_docker/docker_plugin_finalize/Output/linux/docker_images.out ... passed
11:53:12 WARN  Executed sudo&lt;docker_pull&gt;, exit status 1
11:53:12 INFO  Contents of docker_pull.err: 
  Error response from daemon: toomanyrequests: You have reached your pull rate limit. You may increase the limit by authenticating and upgrading: https://www.docker.com/increase-rate-limit
  -----

11:53:13 WARN  sudo&lt;docker_pull&gt; returned non-zero exit code 1 ... blocked 
11:53:13 WARN  Aborted test due to BLOCKED outcome
11:53:13 INFO  
11:53:13 INFO  cleanup:
11:53:13 INFO  
11:53:13 INFO  Test duration: 4.78 secs
11:53:13 INFO  Test final outcome:  BLOCKED
11:53:13 INFO  Test outcome reason: sudo&lt;docker_pull&gt; returned non-zero exit code 1
11:53:13 INFO  
</system-out>
	</testcase>
</testsuite>
