<?xml version="1.0" encoding="utf-8"?>
<testsuite failures="1" name="docker_plugin_remove_with_version" skipped="0" tests="1" time="4.6" timestamp="2022-05-03T09:45:02">
	<testcase classname="DockerPluginRemoveWithVersionTest" name="docker_plugin_remove_with_version">
		<failure message="BLOCKED: sudo&lt;docker_run&gt; returned non-zero exit code 125" type="BLOCKED"/>
		<system-out>09:44:57 INFO  ==============================================================
09:44:57 INFO  Id:    docker_plugin_remove_with_version
09:44:57 INFO  Dir:   plugin_docker/
09:44:57 INFO  Title: Validate docker plugin remove with version
09:44:57 INFO  ==============================================================
09:44:58 INFO  Executed sudo&lt;docker_images&gt;, exit status 0
09:44:58 INFO  Grep on file /home/pi/actions-runner/_work/thin-edge.io/thin-edge.io/tests/PySys/plugin_docker/docker_plugin_remove_with_version/Output/linux/docker_images.out ... passed
09:45:00 WARN  Executed sudo&lt;docker_run&gt;, exit status 125
09:45:00 INFO  Contents of docker_run.err: 
  Unable to find image 'registry:2.7.1' locally
  docker: Error response from daemon: toomanyrequests: You have reached your pull rate limit. You may increase the limit by authenticating and upgrading: https://www.docker.com/increase-rate-limit.
  See 'docker run --help'.
  -----

09:45:00 WARN  sudo&lt;docker_run&gt; returned non-zero exit code 125 ... blocked 
09:45:00 WARN  Aborted test due to BLOCKED outcome
09:45:00 INFO  
09:45:00 INFO  cleanup:
09:45:00 INFO  Removing containers scheduled to be cleaned up: ['', '']
09:45:01 WARN  Executed sudo&lt;containers_for_cleanup&gt;, exit status 1
09:45:01 INFO  Removing images scheduled to be cleaned up: ['registry', 'registry', 'registry:2.7.1']
09:45:02 INFO  Executed sudo&lt;containers_for_cleanup&gt;, exit status 0
09:45:02 INFO  
09:45:02 INFO  Test duration: 4.60 secs
09:45:02 INFO  Test final outcome:  BLOCKED
09:45:02 INFO  Test outcome reason: sudo&lt;docker_run&gt; returned non-zero exit code 125
09:45:02 INFO  
</system-out>
	</testcase>
</testsuite>
