<?xml version="1.0" encoding="utf-8"?>
<testsuite failures="1" name="docker_plugin_update" skipped="0" tests="1" time="5.3" timestamp="2022-05-02T11:21:15">
	<testcase classname="DockerPluginUpdateTest" name="docker_plugin_update">
		<failure message="BLOCKED: sudo&lt;docker_run&gt; returned non-zero exit code 125" type="BLOCKED"/>
		<system-out>11:21:10 INFO  ==============================================================
11:21:10 INFO  Id:    docker_plugin_update
11:21:10 INFO  Dir:   plugin_docker/
11:21:10 INFO  Title: Validate docker plugin install updates existing containers
11:21:10 INFO  ==============================================================
11:21:10 INFO  Executed sudo&lt;docker_images&gt;, exit status 0
11:21:10 INFO  Grep on file /home/pi/actions-runner/_work/thin-edge.io/thin-edge.io/tests/PySys/plugin_docker/docker_plugin_update/Output/linux/docker_images.out ... passed
11:21:13 WARN  Executed sudo&lt;docker_run&gt;, exit status 125
11:21:13 INFO  Contents of docker_run.err: 
  Unable to find image 'registry:2.6.2' locally
  docker: Error response from daemon: toomanyrequests: You have reached your pull rate limit. You may increase the limit by authenticating and upgrading: https://www.docker.com/increase-rate-limit.
  See 'docker run --help'.
  -----

11:21:13 WARN  sudo&lt;docker_run&gt; returned non-zero exit code 125 ... blocked 
11:21:13 WARN  Aborted test due to BLOCKED outcome
11:21:13 INFO  
11:21:13 INFO  cleanup:
11:21:13 INFO  Removing containers scheduled to be cleaned up: ['15a27dc0db07', '0ff891ff05bd', 'c7dd465eba1d8cb12628814226f2146ebf23292e77b3cc590db5ec9717925037\n', '33b0bb8f8139fdf437b692b0491cb18fa20ff48a9df77021609bee5c5578c70f\n']
11:21:14 WARN  Executed sudo&lt;containers_for_cleanup&gt;, exit status 1
11:21:14 INFO  Removing images scheduled to be cleaned up: ['registry', 'registry', 'registry:2.7.1', 'registry', 'registry:2.7.1']
11:21:15 INFO  Executed sudo&lt;containers_for_cleanup&gt;, exit status 0
11:21:15 INFO  
11:21:15 INFO  Test duration: 5.30 secs
11:21:15 INFO  Test final outcome:  BLOCKED
11:21:15 INFO  Test outcome reason: sudo&lt;docker_run&gt; returned non-zero exit code 125
11:21:15 INFO  
</system-out>
	</testcase>
</testsuite>
