<?xml version="1.0" encoding="utf-8"?>
<testsuite failures="0" name="SoftwareManagement.sm_apt_install_fail" skipped="0" tests="1" time="95.19" timestamp="2022-04-24T12:38:55">
	<testcase classname="PySysTest" name="SoftwareManagement.sm_apt_install_fail"/>
</testsuite>
