<?xml version="1.0" encoding="utf-8"?>
<testsuite failures="1" name="SoftwareManagement.sm_apt_install_remove" skipped="0" tests="1" time="30.29" timestamp="2022-04-27T09:14:10">
	<testcase classname="PySysTest" name="SoftwareManagement.sm_apt_install_remove">
		<failure message="BLOCKED: TypeError: 'NoneType' object is not iterable" type="BLOCKED"/>
		<system-out>09:13:40 INFO  ==============================================================
09:13:40 INFO  Id:    SoftwareManagement.sm_apt_install_remove
09:13:40 INFO  Dir:   software_management_end_to_end/
09:13:40 INFO  Title: Validate end to end behaviour for the apt plugin for installation and removal of packages
09:13:40 INFO  ==============================================================
09:13:40 INFO  Using sw id database: {'asciijump': '5475369', 'robotfindskitten': '5474869', 'squirrel3': '5475279', 'rolldice': '5152439', 'moon-buggy': '5439204', 'apple': '5495053', 'banana': '5494888', 'cherry': '5495382', 'watermelon': '5494510', 'registry': '8018911', 'hello-world': '8021526', 'docker/getting-started': '8021973', 'alpine': '7991792'}
09:13:40 INFO  EnvironmentC8y Setup
09:13:40 INFO  Executed systemctl&lt;serv_mapper1&gt;, exit status 3
09:13:40 INFO  Restarting mosquitto too frequently in the last 10 seconds. It was only up for 4 seconds
09:13:40 INFO  Delaying execution by 7 seconds
09:14:01 INFO  Executed sudo&lt;tedge_connect_c8y&gt;, exit status 0, duration 14 secs
09:14:02 INFO  Executed sudo&lt;tedge_connect_c8y_test&gt;, exit status 0
09:14:02 INFO  Executed systemctl&lt;serv_mosq2&gt;, exit status 0
09:14:03 INFO  Executed systemctl&lt;serv_mapper3&gt;, exit status 0
09:14:05 INFO  State of current operation: FAILED
09:14:05 WARN  TypeError occurred while running test - 'NoneType' object is not iterable
Traceback (most recent call last):
  File &quot;/home/pi/env-pysys/lib/python3.7/site-packages/pysys/baserunner.py&quot;, line 1292, in __call__
    self.testObj.setup()
  File &quot;/home/pi/actions-runner/_work/thin-edge.io/thin-edge.io/tests/PySys/software_management_end_to_end/sm_apt_install_remove/run.py&quot;, line 28, in setup
    if self.check_is_installed(&quot;rolldice&quot;):
  File &quot;/home/pi/actions-runner/_work/thin-edge.io/thin-edge.io/tests/PySys/software_management_end_to_end/environment_sm_management.py&quot;, line 398, in check_is_installed
    for package in package_list:
TypeError: 'NoneType' object is not iterable
09:14:05 WARN  TypeError: 'NoneType' object is not iterable ... blocked 
09:14:05 INFO  
09:14:05 INFO  cleanup:
09:14:09 INFO  Executed sudo&lt;tedge_disconnect_c8y&gt;, exit status 0
09:14:10 INFO  Executed systemctl&lt;serv_mapper5&gt;, exit status 3
09:14:10 INFO  
09:14:10 INFO  Test duration: 30.29 secs
09:14:10 INFO  Test final outcome:  BLOCKED
09:14:10 INFO  Test outcome reason: TypeError: 'NoneType' object is not iterable
09:14:10 INFO  
</system-out>
	</testcase>
</testsuite>
