<?xml version="1.0" encoding="utf-8"?>
<testsuite failures="1" name="SoftwareManagement.sm_apt_install_remove_multiple" skipped="0" tests="1" time="190.88" timestamp="2022-05-02T11:10:17">
	<testcase classname="PySysTest" name="SoftwareManagement.sm_apt_install_remove_multiple">
		<failure message="FAILED: Assert that (False == value) with value=True" type="FAILED"/>
		<system-out>11:07:06 INFO  ==============================================================
11:07:06 INFO  Id:    SoftwareManagement.sm_apt_install_remove_multiple
11:07:06 INFO  Dir:   software_management_end_to_end/
11:07:06 INFO  Title: Validate end to end behaviour for the apt plugin for multiple packages
11:07:06 INFO  ==============================================================
11:07:06 INFO  Using sw id database: {'asciijump': '5475369', 'robotfindskitten': '5474869', 'squirrel3': '5475279', 'rolldice': '5152439', 'moon-buggy': '5439204', 'apple': '5495053', 'banana': '5494888', 'cherry': '5495382', 'watermelon': '5494510', 'registry': '8018911', 'hello-world': '8021526', 'docker/getting-started': '8021973', 'alpine': '7991792'}
11:07:06 INFO  EnvironmentC8y Setup
11:07:07 INFO  Executed systemctl&lt;serv_mapper1&gt;, exit status 3
11:07:07 INFO  Restarting mosquitto too frequently in the last 10 seconds. It was only up for 6 seconds
11:07:07 INFO  Delaying execution by 5 seconds
11:07:26 INFO  Executed sudo&lt;tedge_connect_c8y&gt;, exit status 0, duration 14 secs
11:07:27 INFO  Executed sudo&lt;tedge_connect_c8y_test&gt;, exit status 0
11:07:27 INFO  Executed systemctl&lt;serv_mosq2&gt;, exit status 0
11:07:28 INFO  Executed systemctl&lt;serv_mapper3&gt;, exit status 0
11:07:30 INFO  State of current operation: SUCCESSFUL
11:07:30 INFO  Assert that (False == value) with value=False ... passed
11:07:30 INFO  Assert that (False == value) with value=False ... passed
11:07:31 INFO  Assert that (False == value) with value=False ... passed
11:07:31 INFO  Package robotfindskitten is installed
11:07:31 WARN  Assert that (False == value) with value=True ... failed 
11:07:31 INFO  Response status: 201
11:07:31 INFO  Response to action: {
    &quot;creationTime&quot;: &quot;2022-05-02T11:07:31.661Z&quot;,
    &quot;deviceName&quot;: &quot;m32sd10a&quot;,
    &quot;deviceId&quot;: &quot;18123767&quot;,
    &quot;self&quot;: &quot;https://t493319102.eu-latest.cumulocity.com/devicecontrol/operations/18152797&quot;,
    &quot;id&quot;: &quot;18152797&quot;,
    &quot;status&quot;: &quot;PENDING&quot;,
    &quot;description&quot;: &quot;Apply software changes, triggered from PySys: [{'action': 'install', 'id': '5475369', 'name': 'asciijump', 'url': ' ', 'version': '::apt'}, {'action': 'install', 'id': '5474869', 'name': 'robotfindskitten', 'url': ' ', 'version': '::apt'}, {'action': 'install', 'id': '5475279', 'name': 'squirrel3', 'url': ' ', 'version': '::apt'}]&quot;,
    &quot;c8y_SoftwareUpdate&quot;: [
        {
            &quot;name&quot;: &quot;asciijump&quot;,
            &quot;action&quot;: &quot;install&quot;,
            &quot;id&quot;: &quot;5475369&quot;,
            &quot;version&quot;: &quot;::apt&quot;,
            &quot;url&quot;: &quot; &quot;
        },
        {
            &quot;name&quot;: &quot;robotfindskitten&quot;,
            &quot;action&quot;: &quot;install&quot;,
            &quot;id&quot;: &quot;5474869&quot;,
            &quot;version&quot;: &quot;::apt&quot;,
            &quot;url&quot;: &quot; &quot;
        },
        {
            &quot;name&quot;: &quot;squirrel3&quot;,
            &quot;action&quot;: &quot;install&quot;,
            &quot;id&quot;: &quot;5475279&quot;,
            &quot;version&quot;: &quot;::apt&quot;,
            &quot;url&quot;: &quot; &quot;
        }
    ]
}
11:07:31 INFO  Started operation: {'creationTime': '2022-05-02T11:07:31.661Z', 'deviceName': 'm32sd10a', 'deviceId': '18123767', 'self': 'https://t493319102.eu-latest.cumulocity.com/devicecontrol/operations/18152797', 'id': '18152797', 'status': 'PENDING', 'description': &quot;Apply software changes, triggered from PySys: [{'action': 'install', 'id': '5475369', 'name': 'asciijump', 'url': ' ', 'version': '::apt'}, {'action': 'install', 'id': '5474869', 'name': 'robotfindskitten', 'url': ' ', 'version': '::apt'}, {'action': 'install', 'id': '5475279', 'name': 'squirrel3', 'url': ' ', 'version': '::apt'}]&quot;, 'c8y_SoftwareUpdate': [{'name': 'asciijump', 'action': 'install', 'id': '5475369', 'version': '::apt', 'url': ' '}, {'name': 'robotfindskitten', 'action': 'install', 'id': '5474869', 'version': '::apt', 'url': ' '}, {'name': 'squirrel3', 'action': 'install', 'id': '5475279', 'version': '::apt', 'url': ' '}]}
11:07:34 INFO  State of operation 18152797 : PENDING
11:07:36 INFO  State of operation 18152797 : EXECUTING
11:07:38 INFO  State of operation 18152797 : EXECUTING
11:07:41 INFO  State of operation 18152797 : EXECUTING
11:07:43 INFO  State of operation 18152797 : EXECUTING
11:07:45 INFO  State of operation 18152797 : EXECUTING
11:07:48 INFO  State of operation 18152797 : EXECUTING
11:07:51 INFO  State of operation 18152797 : EXECUTING
11:07:53 INFO  State of operation 18152797 : EXECUTING
11:07:56 INFO  State of operation 18152797 : EXECUTING
11:07:58 INFO  State of operation 18152797 : EXECUTING
11:08:00 INFO  State of operation 18152797 : EXECUTING
11:08:03 INFO  State of operation 18152797 : EXECUTING
11:08:05 INFO  State of operation 18152797 : EXECUTING
11:08:07 INFO  State of operation 18152797 : EXECUTING
11:08:09 INFO  State of operation 18152797 : EXECUTING
11:08:12 INFO  State of operation 18152797 : EXECUTING
11:08:14 INFO  State of operation 18152797 : EXECUTING
11:08:17 INFO  State of operation 18152797 : EXECUTING
11:08:19 INFO  State of operation 18152797 : EXECUTING
11:08:21 INFO  State of operation 18152797 : EXECUTING
11:08:23 INFO  State of operation 18152797 : EXECUTING
11:08:26 INFO  State of operation 18152797 : EXECUTING
11:08:28 INFO  State of operation 18152797 : EXECUTING
11:08:31 INFO  State of operation 18152797 : EXECUTING
11:08:33 INFO  State of operation 18152797 : EXECUTING
11:08:35 INFO  State of operation 18152797 : EXECUTING
11:08:38 INFO  State of operation 18152797 : EXECUTING
11:08:40 INFO  State of operation 18152797 : EXECUTING
11:08:43 INFO  State of operation 18152797 : EXECUTING
11:08:45 INFO  State of operation 18152797 : EXECUTING
11:08:47 INFO  State of operation 18152797 : EXECUTING
11:08:49 INFO  State of operation 18152797 : EXECUTING
11:08:52 INFO  State of operation 18152797 : EXECUTING
11:08:54 INFO  State of operation 18152797 : EXECUTING
11:08:56 INFO  State of operation 18152797 : SUCCESSFUL
11:08:56 INFO  Assert that (False == value) with value=False ... passed
11:08:56 INFO  Package asciijump is installed
11:08:56 INFO  Assert that (True == value) with value=True ... passed
11:08:57 INFO  Package squirrel3 is installed
11:08:57 INFO  Assert that (True == value) with value=True ... passed
11:08:57 INFO  Package robotfindskitten is installed
11:08:57 INFO  Assert that (True == value) with value=True ... passed
11:08:57 INFO  Response status: 201
11:08:57 INFO  Response to action: {
    &quot;creationTime&quot;: &quot;2022-05-02T11:08:57.647Z&quot;,
    &quot;deviceName&quot;: &quot;m32sd10a&quot;,
    &quot;deviceId&quot;: &quot;18123767&quot;,
    &quot;self&quot;: &quot;https://t493319102.eu-latest.cumulocity.com/devicecontrol/operations/18152821&quot;,
    &quot;id&quot;: &quot;18152821&quot;,
    &quot;status&quot;: &quot;PENDING&quot;,
    &quot;description&quot;: &quot;Apply software changes, triggered from PySys: [{'action': 'delete', 'id': '5475369', 'name': 'asciijump', 'url': ' ', 'version': '::apt'}, {'action': 'delete', 'id': '5474869', 'name': 'robotfindskitten', 'url': ' ', 'version': '::apt'}, {'action': 'delete', 'id': '5475279', 'name': 'squirrel3', 'url': ' ', 'version': '::apt'}]&quot;,
    &quot;c8y_SoftwareUpdate&quot;: [
        {
            &quot;name&quot;: &quot;asciijump&quot;,
            &quot;action&quot;: &quot;delete&quot;,
            &quot;id&quot;: &quot;5475369&quot;,
            &quot;version&quot;: &quot;::apt&quot;,
            &quot;url&quot;: &quot; &quot;
        },
        {
            &quot;name&quot;: &quot;robotfindskitten&quot;,
            &quot;action&quot;: &quot;delete&quot;,
            &quot;id&quot;: &quot;5474869&quot;,
            &quot;version&quot;: &quot;::apt&quot;,
            &quot;url&quot;: &quot; &quot;
        },
        {
            &quot;name&quot;: &quot;squirrel3&quot;,
            &quot;action&quot;: &quot;delete&quot;,
            &quot;id&quot;: &quot;5475279&quot;,
            &quot;version&quot;: &quot;::apt&quot;,
            &quot;url&quot;: &quot; &quot;
        }
    ]
}
11:08:57 INFO  Started operation: {'creationTime': '2022-05-02T11:08:57.647Z', 'deviceName': 'm32sd10a', 'deviceId': '18123767', 'self': 'https://t493319102.eu-latest.cumulocity.com/devicecontrol/operations/18152821', 'id': '18152821', 'status': 'PENDING', 'description': &quot;Apply software changes, triggered from PySys: [{'action': 'delete', 'id': '5475369', 'name': 'asciijump', 'url': ' ', 'version': '::apt'}, {'action': 'delete', 'id': '5474869', 'name': 'robotfindskitten', 'url': ' ', 'version': '::apt'}, {'action': 'delete', 'id': '5475279', 'name': 'squirrel3', 'url': ' ', 'version': '::apt'}]&quot;, 'c8y_SoftwareUpdate': [{'name': 'asciijump', 'action': 'delete', 'id': '5475369', 'version': '::apt', 'url': ' '}, {'name': 'robotfindskitten', 'action': 'delete', 'id': '5474869', 'version': '::apt', 'url': ' '}, {'name': 'squirrel3', 'action': 'delete', 'id': '5475279', 'version': '::apt', 'url': ' '}]}
11:08:59 INFO  State of operation 18152821 : PENDING
11:09:02 INFO  State of operation 18152821 : EXECUTING
11:09:04 INFO  State of operation 18152821 : EXECUTING
11:09:06 INFO  State of operation 18152821 : EXECUTING
11:09:09 INFO  State of operation 18152821 : EXECUTING
11:09:11 INFO  State of operation 18152821 : EXECUTING
11:09:14 INFO  State of operation 18152821 : EXECUTING
11:09:17 INFO  State of operation 18152821 : EXECUTING
11:09:19 INFO  State of operation 18152821 : EXECUTING
11:09:22 INFO  State of operation 18152821 : EXECUTING
11:09:24 INFO  State of operation 18152821 : EXECUTING
11:09:26 INFO  State of operation 18152821 : EXECUTING
11:09:28 INFO  State of operation 18152821 : EXECUTING
11:09:31 INFO  State of operation 18152821 : EXECUTING
11:09:33 INFO  State of operation 18152821 : EXECUTING
11:09:35 INFO  State of operation 18152821 : EXECUTING
11:09:38 INFO  State of operation 18152821 : EXECUTING
11:09:40 INFO  State of operation 18152821 : EXECUTING
11:09:42 INFO  State of operation 18152821 : EXECUTING
11:09:45 INFO  State of operation 18152821 : EXECUTING
11:09:47 INFO  State of operation 18152821 : EXECUTING
11:09:49 INFO  State of operation 18152821 : EXECUTING
11:09:51 INFO  State of operation 18152821 : EXECUTING
11:09:54 INFO  State of operation 18152821 : EXECUTING
11:09:56 INFO  State of operation 18152821 : EXECUTING
11:09:58 INFO  State of operation 18152821 : EXECUTING
11:10:02 INFO  State of operation 18152821 : EXECUTING
11:10:05 INFO  State of operation 18152821 : EXECUTING
11:10:07 INFO  State of operation 18152821 : EXECUTING
11:10:09 INFO  State of operation 18152821 : EXECUTING
11:10:11 INFO  State of operation 18152821 : SUCCESSFUL
11:10:12 INFO  Assert that (False == value) with value=False ... passed
11:10:12 INFO  Assert that (False == value) with value=False ... passed
11:10:12 INFO  Assert that (False == value) with value=False ... passed
11:10:12 INFO  Assert that (False == value) with value=False ... passed
11:10:12 INFO  
11:10:12 INFO  cleanup:
11:10:16 INFO  Executed sudo&lt;tedge_disconnect_c8y&gt;, exit status 0
11:10:17 INFO  Executed systemctl&lt;serv_mapper5&gt;, exit status 3
11:10:17 INFO  
11:10:17 INFO  Test duration: 190.88 secs
11:10:17 INFO  Test final outcome:  FAILED
11:10:17 INFO  Test outcome reason: Assert that (False == value) with value=True
11:10:17 INFO  
</system-out>
	</testcase>
</testsuite>
