<?xml version="1.0" encoding="utf-8"?>
<testsuite failures="0" name="apt_finalize" skipped="0" tests="1" time="149.33" timestamp="2022-05-13T15:18:20">
	<testcase classname="AptPluginFinalize" name="apt_finalize"/>
</testsuite>
