<?xml version="1.0" encoding="utf-8"?>
<testsuite failures="1" name="SoftwareManagement.sm_apt_install_remove_multiple_mixed" skipped="0" tests="1" time="178.7" timestamp="2022-05-12T09:41:28">
	<testcase classname="PySysTest" name="SoftwareManagement.sm_apt_install_remove_multiple_mixed">
		<failure message="BLOCKED: SystemError: Timeout while waiting for status SUCCESSFUL or False" type="BLOCKED"/>
		<system-out>09:38:29 INFO  ==============================================================
09:38:29 INFO  Id:    SoftwareManagement.sm_apt_install_remove_multiple_mixed
09:38:29 INFO  Dir:   software_management_end_to_end/
09:38:29 INFO  Title: Validate end to end behaviour for the apt plugin for multiple packages with mixed versions
09:38:29 INFO  ==============================================================
09:38:29 INFO  Using sw id database: {'asciijump': '5475369', 'robotfindskitten': '5474869', 'squirrel3': '5475279', 'rolldice': '5152439', 'moon-buggy': '5439204', 'apple': '5495053', 'banana': '5494888', 'cherry': '5495382', 'watermelon': '5494510', 'registry': '8018911', 'hello-world': '8021526', 'docker/getting-started': '8021973', 'alpine': '7991792'}
09:38:29 INFO  EnvironmentC8y Setup
09:38:30 INFO  Executed systemctl&lt;serv_mapper1&gt;, exit status 3
09:38:30 INFO  Restarting mosquitto too frequently in the last 10 seconds. It was only up for 4 seconds
09:38:30 INFO  Delaying execution by 7 seconds
09:38:51 INFO  Executed sudo&lt;tedge_connect_c8y&gt;, exit status 0, duration 13 secs
09:38:52 INFO  Executed sudo&lt;tedge_connect_c8y_test&gt;, exit status 0
09:38:52 INFO  Executed systemctl&lt;serv_mosq2&gt;, exit status 0
09:38:53 INFO  Executed systemctl&lt;serv_mapper3&gt;, exit status 0
09:38:55 INFO  State of current operation: SUCCESSFUL
09:38:55 INFO  Assert that (False == value) with value=False ... passed
09:38:55 INFO  Assert that (False == value) with value=False ... passed
09:38:55 INFO  Assert that (False == value) with value=False ... passed
09:38:56 INFO  Assert that (False == value) with value=False ... passed
09:38:56 INFO  Assert that (False == value) with value=False ... passed
09:38:57 INFO  Response status: 201
09:38:57 INFO  Response to action: {
    &quot;creationTime&quot;: &quot;2022-05-12T09:38:57.627Z&quot;,
    &quot;deviceId&quot;: &quot;18906809&quot;,
    &quot;deviceName&quot;: &quot;m32sd10a&quot;,
    &quot;self&quot;: &quot;https://t493319102.eu-latest.cumulocity.com/devicecontrol/operations/18938745&quot;,
    &quot;id&quot;: &quot;18938745&quot;,
    &quot;status&quot;: &quot;PENDING&quot;,
    &quot;description&quot;: &quot;Apply software changes, triggered from PySys: [{'action': 'install', 'id': '5475369', 'name': 'asciijump', 'url': ' ', 'version': '::apt'}, {'action': 'install', 'id': '5474869', 'name': 'robotfindskitten', 'url': ' ', 'version': ' '}, {'action': 'install', 'id': '5475279', 'name': 'squirrel3', 'url': ' ', 'version': '3.1-7::apt'}, {'action': 'install', 'id': '5152439', 'name': 'rolldice', 'url': ' ', 'version': '1.16-1+b1'}, {'action': 'install', 'id': '5439204', 'name': 'moon-buggy', 'url': ' ', 'version': '1:1.0.51-12'}, {'action': 'install', 'id': '5475369', 'name': 'asciijump', 'url': ' ', 'version': '::apt'}]&quot;,
    &quot;c8y_SoftwareUpdate&quot;: [
        {
            &quot;name&quot;: &quot;asciijump&quot;,
            &quot;action&quot;: &quot;install&quot;,
            &quot;id&quot;: &quot;5475369&quot;,
            &quot;version&quot;: &quot;::apt&quot;,
            &quot;url&quot;: &quot; &quot;
        },
        {
            &quot;name&quot;: &quot;robotfindskitten&quot;,
            &quot;action&quot;: &quot;install&quot;,
            &quot;id&quot;: &quot;5474869&quot;,
            &quot;version&quot;: &quot; &quot;,
            &quot;url&quot;: &quot; &quot;
        },
        {
            &quot;name&quot;: &quot;squirrel3&quot;,
            &quot;action&quot;: &quot;install&quot;,
            &quot;id&quot;: &quot;5475279&quot;,
            &quot;version&quot;: &quot;3.1-7::apt&quot;,
            &quot;url&quot;: &quot; &quot;
        },
        {
            &quot;name&quot;: &quot;rolldice&quot;,
            &quot;action&quot;: &quot;install&quot;,
            &quot;id&quot;: &quot;5152439&quot;,
            &quot;version&quot;: &quot;1.16-1+b1&quot;,
            &quot;url&quot;: &quot; &quot;
        },
        {
            &quot;name&quot;: &quot;moon-buggy&quot;,
            &quot;action&quot;: &quot;install&quot;,
            &quot;id&quot;: &quot;5439204&quot;,
            &quot;version&quot;: &quot;1:1.0.51-12&quot;,
            &quot;url&quot;: &quot; &quot;
        },
        {
            &quot;name&quot;: &quot;asciijump&quot;,
            &quot;action&quot;: &quot;install&quot;,
            &quot;id&quot;: &quot;5475369&quot;,
            &quot;version&quot;: &quot;::apt&quot;,
            &quot;url&quot;: &quot; &quot;
        }
    ]
}
09:38:57 INFO  Started operation: {'creationTime': '2022-05-12T09:38:57.627Z', 'deviceId': '18906809', 'deviceName': 'm32sd10a', 'self': 'https://t493319102.eu-latest.cumulocity.com/devicecontrol/operations/18938745', 'id': '18938745', 'status': 'PENDING', 'description': &quot;Apply software changes, triggered from PySys: [{'action': 'install', 'id': '5475369', 'name': 'asciijump', 'url': ' ', 'version': '::apt'}, {'action': 'install', 'id': '5474869', 'name': 'robotfindskitten', 'url': ' ', 'version': ' '}, {'action': 'install', 'id': '5475279', 'name': 'squirrel3', 'url': ' ', 'version': '3.1-7::apt'}, {'action': 'install', 'id': '5152439', 'name': 'rolldice', 'url': ' ', 'version': '1.16-1+b1'}, {'action': 'install', 'id': '5439204', 'name': 'moon-buggy', 'url': ' ', 'version': '1:1.0.51-12'}, {'action': 'install', 'id': '5475369', 'name': 'asciijump', 'url': ' ', 'version': '::apt'}]&quot;, 'c8y_SoftwareUpdate': [{'name': 'asciijump', 'action': 'install', 'id': '5475369', 'version': '::apt', 'url': ' '}, {'name': 'robotfindskitten', 'action': 'install', 'id': '5474869', 'version': ' ', 'url': ' '}, {'name': 'squirrel3', 'action': 'install', 'id': '5475279', 'version': '3.1-7::apt', 'url': ' '}, {'name': 'rolldice', 'action': 'install', 'id': '5152439', 'version': '1.16-1+b1', 'url': ' '}, {'name': 'moon-buggy', 'action': 'install', 'id': '5439204', 'version': '1:1.0.51-12', 'url': ' '}, {'name': 'asciijump', 'action': 'install', 'id': '5475369', 'version': '::apt', 'url': ' '}]}
09:38:59 INFO  State of operation 18938745 : PENDING
09:39:02 INFO  State of operation 18938745 : EXECUTING
09:39:04 INFO  State of operation 18938745 : EXECUTING
09:39:06 INFO  State of operation 18938745 : EXECUTING
09:39:08 INFO  State of operation 18938745 : EXECUTING
09:39:11 INFO  State of operation 18938745 : EXECUTING
09:39:13 INFO  State of operation 18938745 : EXECUTING
09:39:16 INFO  State of operation 18938745 : EXECUTING
09:39:18 INFO  State of operation 18938745 : EXECUTING
09:39:21 INFO  State of operation 18938745 : EXECUTING
09:39:23 INFO  State of operation 18938745 : EXECUTING
09:39:25 INFO  State of operation 18938745 : EXECUTING
09:39:27 INFO  State of operation 18938745 : EXECUTING
09:39:30 INFO  State of operation 18938745 : EXECUTING
09:39:32 INFO  State of operation 18938745 : EXECUTING
09:39:34 INFO  State of operation 18938745 : EXECUTING
09:39:36 INFO  State of operation 18938745 : EXECUTING
09:39:39 INFO  State of operation 18938745 : EXECUTING
09:39:41 INFO  State of operation 18938745 : EXECUTING
09:39:43 INFO  State of operation 18938745 : EXECUTING
09:39:46 INFO  State of operation 18938745 : EXECUTING
09:39:48 INFO  State of operation 18938745 : EXECUTING
09:39:50 INFO  State of operation 18938745 : EXECUTING
09:39:53 INFO  State of operation 18938745 : EXECUTING
09:39:55 INFO  State of operation 18938745 : EXECUTING
09:39:57 INFO  State of operation 18938745 : EXECUTING
09:40:00 INFO  State of operation 18938745 : EXECUTING
09:40:02 INFO  State of operation 18938745 : EXECUTING
09:40:04 INFO  State of operation 18938745 : EXECUTING
09:40:06 INFO  State of operation 18938745 : EXECUTING
09:40:09 INFO  State of operation 18938745 : EXECUTING
09:40:11 INFO  State of operation 18938745 : EXECUTING
09:40:13 INFO  State of operation 18938745 : EXECUTING
09:40:15 INFO  State of operation 18938745 : EXECUTING
09:40:18 INFO  State of operation 18938745 : EXECUTING
09:40:20 INFO  State of operation 18938745 : EXECUTING
09:40:22 INFO  State of operation 18938745 : EXECUTING
09:40:24 INFO  State of operation 18938745 : EXECUTING
09:40:27 INFO  State of operation 18938745 : EXECUTING
09:40:30 INFO  State of operation 18938745 : EXECUTING
09:40:33 INFO  State of operation 18938745 : EXECUTING
09:40:35 INFO  State of operation 18938745 : EXECUTING
09:40:38 INFO  State of operation 18938745 : EXECUTING
09:40:40 INFO  State of operation 18938745 : EXECUTING
09:40:42 INFO  State of operation 18938745 : EXECUTING
09:40:44 INFO  State of operation 18938745 : EXECUTING
09:40:47 INFO  State of operation 18938745 : EXECUTING
09:40:49 INFO  State of operation 18938745 : EXECUTING
09:40:51 INFO  State of operation 18938745 : EXECUTING
09:40:54 INFO  State of operation 18938745 : EXECUTING
09:40:56 INFO  State of operation 18938745 : EXECUTING
09:40:59 INFO  State of operation 18938745 : EXECUTING
09:41:01 INFO  State of operation 18938745 : EXECUTING
09:41:03 INFO  State of operation 18938745 : EXECUTING
09:41:06 INFO  State of operation 18938745 : EXECUTING
09:41:08 INFO  State of operation 18938745 : EXECUTING
09:41:11 INFO  State of operation 18938745 : EXECUTING
09:41:13 INFO  State of operation 18938745 : EXECUTING
09:41:16 INFO  State of operation 18938745 : EXECUTING
09:41:18 INFO  State of operation 18938745 : EXECUTING
09:41:20 INFO  State of operation 18938745 : EXECUTING
09:41:22 WARN  SystemError occurred while running test - Timeout while waiting for status SUCCESSFUL or False
Traceback (most recent call last):
  File &quot;/home/pi/env-pysys/lib/python3.7/site-packages/pysys/baserunner.py&quot;, line 1294, in __call__
    self.testObj.execute()
  File &quot;/home/pi/actions-runner/_work/thin-edge.io/thin-edge.io/tests/PySys/software_management_end_to_end/sm_apt_install_remove_multiple_mixed/run.py&quot;, line 89, in execute
    self.wait_until_succcess()
  File &quot;/home/pi/actions-runner/_work/thin-edge.io/thin-edge.io/tests/PySys/software_management_end_to_end/environment_sm_management.py&quot;, line 324, in wait_until_succcess
    self.wait_until_status(&quot;SUCCESSFUL&quot;)
  File &quot;/home/pi/actions-runner/_work/thin-edge.io/thin-edge.io/tests/PySys/software_management_end_to_end/environment_sm_management.py&quot;, line 381, in wait_until_status
    &quot;Timeout while waiting for status %s or %s&quot; % (status, status2)
SystemError: Timeout while waiting for status SUCCESSFUL or False
09:41:23 WARN  SystemError: Timeout while waiting for status SUCCESSFUL or False ... blocked 
09:41:23 INFO  
09:41:23 INFO  cleanup:
09:41:28 INFO  Executed sudo&lt;tedge_disconnect_c8y&gt;, exit status 0
09:41:28 INFO  Executed systemctl&lt;serv_mapper5&gt;, exit status 3
09:41:28 INFO  
09:41:28 INFO  Test duration: 178.70 secs
09:41:28 INFO  Test final outcome:  BLOCKED
09:41:28 INFO  Test outcome reason: SystemError: Timeout while waiting for status SUCCESSFUL or False
09:41:28 INFO  
</system-out>
	</testcase>
</testsuite>
