<?xml version="1.0" encoding="utf-8"?>
<testsuite failures="0" name="apt_prepare" skipped="0" tests="1" time="18.14" timestamp="2022-04-21T13:54:36">
	<testcase classname="AptPluginPrepare" name="apt_prepare"/>
</testsuite>
