<?xml version="1.0" encoding="utf-8"?>
<testsuite failures="0" name="apt_install" skipped="0" tests="1" time="64.68" timestamp="2022-04-24T12:22:10">
	<testcase classname="AptPluginInstallDense" name="apt_install"/>
</testsuite>
