<?xml version="1.0" encoding="utf-8"?>
<testsuite failures="0" name="apt_remove_fail" skipped="0" tests="1" time="8.59" timestamp="2022-05-06T13:37:33">
	<testcase classname="AptPluginRemoveFails" name="apt_remove_fail"/>
</testsuite>
