<?xml version="1.0" encoding="utf-8"?>
<testsuite failures="1" name="SoftwareManagement.sm_apt_install_remove_multiple" skipped="0" tests="1" time="179.76" timestamp="2022-05-03T14:54:29">
	<testcase classname="PySysTest" name="SoftwareManagement.sm_apt_install_remove_multiple">
		<failure message="FAILED: Assert that (False == value) with value=True" type="FAILED"/>
		<system-out>14:51:30 INFO  ==============================================================
14:51:30 INFO  Id:    SoftwareManagement.sm_apt_install_remove_multiple
14:51:30 INFO  Dir:   software_management_end_to_end/
14:51:30 INFO  Title: Validate end to end behaviour for the apt plugin for multiple packages
14:51:30 INFO  ==============================================================
14:51:30 INFO  Using sw id database: {'asciijump': '5475369', 'robotfindskitten': '5474869', 'squirrel3': '5475279', 'rolldice': '5152439', 'moon-buggy': '5439204', 'apple': '5495053', 'banana': '5494888', 'cherry': '5495382', 'watermelon': '5494510', 'registry': '8018911', 'hello-world': '8021526', 'docker/getting-started': '8021973', 'alpine': '7991792'}
14:51:30 INFO  EnvironmentC8y Setup
14:51:30 INFO  Executed systemctl&lt;serv_mapper1&gt;, exit status 3
14:51:30 INFO  Restarting mosquitto too frequently in the last 10 seconds. It was only up for 4 seconds
14:51:30 INFO  Delaying execution by 7 seconds
14:51:52 INFO  Executed sudo&lt;tedge_connect_c8y&gt;, exit status 0, duration 14 secs
14:51:52 INFO  Executed sudo&lt;tedge_connect_c8y_test&gt;, exit status 0
14:51:53 INFO  Executed systemctl&lt;serv_mosq2&gt;, exit status 0
14:51:53 INFO  Executed systemctl&lt;serv_mapper3&gt;, exit status 0
14:51:55 INFO  State of current operation: SUCCESSFUL
14:51:56 INFO  Assert that (False == value) with value=False ... passed
14:51:56 INFO  Assert that (False == value) with value=False ... passed
14:51:56 INFO  Assert that (False == value) with value=False ... passed
14:51:56 INFO  Package robotfindskitten is installed
14:51:56 WARN  Assert that (False == value) with value=True ... failed 
14:51:56 INFO  Response status: 201
14:51:56 INFO  Response to action: {
    &quot;creationTime&quot;: &quot;2022-05-03T14:51:56.910Z&quot;,
    &quot;deviceName&quot;: &quot;m32sd10a&quot;,
    &quot;deviceId&quot;: &quot;18298589&quot;,
    &quot;self&quot;: &quot;https://t493319102.eu-latest.cumulocity.com/devicecontrol/operations/18313780&quot;,
    &quot;id&quot;: &quot;18313780&quot;,
    &quot;status&quot;: &quot;PENDING&quot;,
    &quot;description&quot;: &quot;Apply software changes, triggered from PySys: [{'action': 'install', 'id': '5475369', 'name': 'asciijump', 'url': ' ', 'version': '::apt'}, {'action': 'install', 'id': '5474869', 'name': 'robotfindskitten', 'url': ' ', 'version': '::apt'}, {'action': 'install', 'id': '5475279', 'name': 'squirrel3', 'url': ' ', 'version': '::apt'}]&quot;,
    &quot;c8y_SoftwareUpdate&quot;: [
        {
            &quot;name&quot;: &quot;asciijump&quot;,
            &quot;action&quot;: &quot;install&quot;,
            &quot;id&quot;: &quot;5475369&quot;,
            &quot;version&quot;: &quot;::apt&quot;,
            &quot;url&quot;: &quot; &quot;
        },
        {
            &quot;name&quot;: &quot;robotfindskitten&quot;,
            &quot;action&quot;: &quot;install&quot;,
            &quot;id&quot;: &quot;5474869&quot;,
            &quot;version&quot;: &quot;::apt&quot;,
            &quot;url&quot;: &quot; &quot;
        },
        {
            &quot;name&quot;: &quot;squirrel3&quot;,
            &quot;action&quot;: &quot;install&quot;,
            &quot;id&quot;: &quot;5475279&quot;,
            &quot;version&quot;: &quot;::apt&quot;,
            &quot;url&quot;: &quot; &quot;
        }
    ]
}
14:51:56 INFO  Started operation: {'creationTime': '2022-05-03T14:51:56.910Z', 'deviceName': 'm32sd10a', 'deviceId': '18298589', 'self': 'https://t493319102.eu-latest.cumulocity.com/devicecontrol/operations/18313780', 'id': '18313780', 'status': 'PENDING', 'description': &quot;Apply software changes, triggered from PySys: [{'action': 'install', 'id': '5475369', 'name': 'asciijump', 'url': ' ', 'version': '::apt'}, {'action': 'install', 'id': '5474869', 'name': 'robotfindskitten', 'url': ' ', 'version': '::apt'}, {'action': 'install', 'id': '5475279', 'name': 'squirrel3', 'url': ' ', 'version': '::apt'}]&quot;, 'c8y_SoftwareUpdate': [{'name': 'asciijump', 'action': 'install', 'id': '5475369', 'version': '::apt', 'url': ' '}, {'name': 'robotfindskitten', 'action': 'install', 'id': '5474869', 'version': '::apt', 'url': ' '}, {'name': 'squirrel3', 'action': 'install', 'id': '5475279', 'version': '::apt', 'url': ' '}]}
14:51:59 INFO  State of operation 18313780 : PENDING
14:52:01 INFO  State of operation 18313780 : EXECUTING
14:52:03 INFO  State of operation 18313780 : EXECUTING
14:52:05 INFO  State of operation 18313780 : EXECUTING
14:52:08 INFO  State of operation 18313780 : EXECUTING
14:52:10 INFO  State of operation 18313780 : EXECUTING
14:52:12 INFO  State of operation 18313780 : EXECUTING
14:52:15 INFO  State of operation 18313780 : EXECUTING
14:52:18 INFO  State of operation 18313780 : EXECUTING
14:52:20 INFO  State of operation 18313780 : EXECUTING
14:52:22 INFO  State of operation 18313780 : EXECUTING
14:52:24 INFO  State of operation 18313780 : EXECUTING
14:52:27 INFO  State of operation 18313780 : EXECUTING
14:52:29 INFO  State of operation 18313780 : EXECUTING
14:52:31 INFO  State of operation 18313780 : EXECUTING
14:52:34 INFO  State of operation 18313780 : EXECUTING
14:52:36 INFO  State of operation 18313780 : EXECUTING
14:52:39 INFO  State of operation 18313780 : EXECUTING
14:52:41 INFO  State of operation 18313780 : EXECUTING
14:52:43 INFO  State of operation 18313780 : EXECUTING
14:52:45 INFO  State of operation 18313780 : EXECUTING
14:52:48 INFO  State of operation 18313780 : EXECUTING
14:52:50 INFO  State of operation 18313780 : EXECUTING
14:52:53 INFO  State of operation 18313780 : EXECUTING
14:52:55 INFO  State of operation 18313780 : EXECUTING
14:52:57 INFO  State of operation 18313780 : EXECUTING
14:53:00 INFO  State of operation 18313780 : EXECUTING
14:53:02 INFO  State of operation 18313780 : EXECUTING
14:53:04 INFO  State of operation 18313780 : EXECUTING
14:53:06 INFO  State of operation 18313780 : EXECUTING
14:53:09 INFO  State of operation 18313780 : EXECUTING
14:53:11 INFO  State of operation 18313780 : EXECUTING
14:53:13 INFO  State of operation 18313780 : EXECUTING
14:53:15 INFO  State of operation 18313780 : EXECUTING
14:53:18 INFO  State of operation 18313780 : SUCCESSFUL
14:53:18 INFO  Assert that (False == value) with value=False ... passed
14:53:18 INFO  Package asciijump is installed
14:53:18 INFO  Assert that (True == value) with value=True ... passed
14:53:18 INFO  Package squirrel3 is installed
14:53:18 INFO  Assert that (True == value) with value=True ... passed
14:53:18 INFO  Package robotfindskitten is installed
14:53:18 INFO  Assert that (True == value) with value=True ... passed
14:53:19 INFO  Response status: 201
14:53:19 INFO  Response to action: {
    &quot;creationTime&quot;: &quot;2022-05-03T14:53:19.103Z&quot;,
    &quot;deviceName&quot;: &quot;m32sd10a&quot;,
    &quot;deviceId&quot;: &quot;18298589&quot;,
    &quot;self&quot;: &quot;https://t493319102.eu-latest.cumulocity.com/devicecontrol/operations/18313791&quot;,
    &quot;id&quot;: &quot;18313791&quot;,
    &quot;status&quot;: &quot;PENDING&quot;,
    &quot;description&quot;: &quot;Apply software changes, triggered from PySys: [{'action': 'delete', 'id': '5475369', 'name': 'asciijump', 'url': ' ', 'version': '::apt'}, {'action': 'delete', 'id': '5474869', 'name': 'robotfindskitten', 'url': ' ', 'version': '::apt'}, {'action': 'delete', 'id': '5475279', 'name': 'squirrel3', 'url': ' ', 'version': '::apt'}]&quot;,
    &quot;c8y_SoftwareUpdate&quot;: [
        {
            &quot;name&quot;: &quot;asciijump&quot;,
            &quot;action&quot;: &quot;delete&quot;,
            &quot;id&quot;: &quot;5475369&quot;,
            &quot;version&quot;: &quot;::apt&quot;,
            &quot;url&quot;: &quot; &quot;
        },
        {
            &quot;name&quot;: &quot;robotfindskitten&quot;,
            &quot;action&quot;: &quot;delete&quot;,
            &quot;id&quot;: &quot;5474869&quot;,
            &quot;version&quot;: &quot;::apt&quot;,
            &quot;url&quot;: &quot; &quot;
        },
        {
            &quot;name&quot;: &quot;squirrel3&quot;,
            &quot;action&quot;: &quot;delete&quot;,
            &quot;id&quot;: &quot;5475279&quot;,
            &quot;version&quot;: &quot;::apt&quot;,
            &quot;url&quot;: &quot; &quot;
        }
    ]
}
14:53:19 INFO  Started operation: {'creationTime': '2022-05-03T14:53:19.103Z', 'deviceName': 'm32sd10a', 'deviceId': '18298589', 'self': 'https://t493319102.eu-latest.cumulocity.com/devicecontrol/operations/18313791', 'id': '18313791', 'status': 'PENDING', 'description': &quot;Apply software changes, triggered from PySys: [{'action': 'delete', 'id': '5475369', 'name': 'asciijump', 'url': ' ', 'version': '::apt'}, {'action': 'delete', 'id': '5474869', 'name': 'robotfindskitten', 'url': ' ', 'version': '::apt'}, {'action': 'delete', 'id': '5475279', 'name': 'squirrel3', 'url': ' ', 'version': '::apt'}]&quot;, 'c8y_SoftwareUpdate': [{'name': 'asciijump', 'action': 'delete', 'id': '5475369', 'version': '::apt', 'url': ' '}, {'name': 'robotfindskitten', 'action': 'delete', 'id': '5474869', 'version': '::apt', 'url': ' '}, {'name': 'squirrel3', 'action': 'delete', 'id': '5475279', 'version': '::apt', 'url': ' '}]}
14:53:21 INFO  State of operation 18313791 : PENDING
14:53:23 INFO  State of operation 18313791 : EXECUTING
14:53:25 INFO  State of operation 18313791 : EXECUTING
14:53:28 INFO  State of operation 18313791 : EXECUTING
14:53:30 INFO  State of operation 18313791 : EXECUTING
14:53:32 INFO  State of operation 18313791 : EXECUTING
14:53:35 INFO  State of operation 18313791 : EXECUTING
14:53:38 INFO  State of operation 18313791 : EXECUTING
14:53:40 INFO  State of operation 18313791 : EXECUTING
14:53:42 INFO  State of operation 18313791 : EXECUTING
14:53:44 INFO  State of operation 18313791 : EXECUTING
14:53:47 INFO  State of operation 18313791 : EXECUTING
14:53:49 INFO  State of operation 18313791 : EXECUTING
14:53:51 INFO  State of operation 18313791 : EXECUTING
14:53:53 INFO  State of operation 18313791 : EXECUTING
14:53:56 INFO  State of operation 18313791 : EXECUTING
14:53:58 INFO  State of operation 18313791 : EXECUTING
14:54:01 INFO  State of operation 18313791 : EXECUTING
14:54:03 INFO  State of operation 18313791 : EXECUTING
14:54:05 INFO  State of operation 18313791 : EXECUTING
14:54:08 INFO  State of operation 18313791 : EXECUTING
14:54:10 INFO  State of operation 18313791 : EXECUTING
14:54:12 INFO  State of operation 18313791 : EXECUTING
14:54:14 INFO  State of operation 18313791 : EXECUTING
14:54:17 INFO  State of operation 18313791 : EXECUTING
14:54:19 INFO  State of operation 18313791 : EXECUTING
14:54:22 INFO  State of operation 18313791 : EXECUTING
14:54:24 INFO  State of operation 18313791 : SUCCESSFUL
14:54:24 INFO  Assert that (False == value) with value=False ... passed
14:54:24 INFO  Assert that (False == value) with value=False ... passed
14:54:25 INFO  Assert that (False == value) with value=False ... passed
14:54:25 INFO  Assert that (False == value) with value=False ... passed
14:54:25 INFO  
14:54:25 INFO  cleanup:
14:54:29 INFO  Executed sudo&lt;tedge_disconnect_c8y&gt;, exit status 0
14:54:29 INFO  Executed systemctl&lt;serv_mapper5&gt;, exit status 3
14:54:29 INFO  
14:54:29 INFO  Test duration: 179.76 secs
14:54:29 INFO  Test final outcome:  FAILED
14:54:29 INFO  Test outcome reason: Assert that (False == value) with value=True
14:54:29 INFO  
</system-out>
	</testcase>
</testsuite>
