<?xml version="1.0" encoding="utf-8"?>
<testsuite failures="1" name="SoftwareManagement.sm_apt_install_remove_multiple" skipped="0" tests="1" time="178.21" timestamp="2022-05-11T12:25:13">
	<testcase classname="PySysTest" name="SoftwareManagement.sm_apt_install_remove_multiple">
		<failure message="FAILED: Assert that (False == value) with value=True" type="FAILED"/>
		<system-out>12:22:15 INFO  ==============================================================
12:22:15 INFO  Id:    SoftwareManagement.sm_apt_install_remove_multiple
12:22:15 INFO  Dir:   software_management_end_to_end/
12:22:15 INFO  Title: Validate end to end behaviour for the apt plugin for multiple packages
12:22:15 INFO  ==============================================================
12:22:15 INFO  Using sw id database: {'asciijump': '5475369', 'robotfindskitten': '5474869', 'squirrel3': '5475279', 'rolldice': '5152439', 'moon-buggy': '5439204', 'apple': '5495053', 'banana': '5494888', 'cherry': '5495382', 'watermelon': '5494510', 'registry': '8018911', 'hello-world': '8021526', 'docker/getting-started': '8021973', 'alpine': '7991792'}
12:22:15 INFO  EnvironmentC8y Setup
12:22:15 INFO  Executed systemctl&lt;serv_mapper1&gt;, exit status 3
12:22:16 INFO  Restarting mosquitto too frequently in the last 10 seconds. It was only up for 5 seconds
12:22:16 INFO  Delaying execution by 6 seconds
12:22:36 INFO  Executed sudo&lt;tedge_connect_c8y&gt;, exit status 0, duration 14 secs
12:22:36 INFO  Executed sudo&lt;tedge_connect_c8y_test&gt;, exit status 0
12:22:37 INFO  Executed systemctl&lt;serv_mosq2&gt;, exit status 0
12:22:37 INFO  Executed systemctl&lt;serv_mapper3&gt;, exit status 0
12:22:39 INFO  State of current operation: SUCCESSFUL
12:22:40 INFO  Assert that (False == value) with value=False ... passed
12:22:40 INFO  Assert that (False == value) with value=False ... passed
12:22:40 INFO  Assert that (False == value) with value=False ... passed
12:22:40 INFO  Package robotfindskitten is installed
12:22:40 WARN  Assert that (False == value) with value=True ... failed 
12:22:41 INFO  Response status: 201
12:22:41 INFO  Response to action: {
    &quot;creationTime&quot;: &quot;2022-05-11T12:22:41.043Z&quot;,
    &quot;deviceName&quot;: &quot;m32sd10a&quot;,
    &quot;deviceId&quot;: &quot;18793534&quot;,
    &quot;self&quot;: &quot;https://t493319102.eu-latest.cumulocity.com/devicecontrol/operations/18840646&quot;,
    &quot;id&quot;: &quot;18840646&quot;,
    &quot;status&quot;: &quot;PENDING&quot;,
    &quot;description&quot;: &quot;Apply software changes, triggered from PySys: [{'action': 'install', 'id': '5475369', 'name': 'asciijump', 'url': ' ', 'version': '::apt'}, {'action': 'install', 'id': '5474869', 'name': 'robotfindskitten', 'url': ' ', 'version': '::apt'}, {'action': 'install', 'id': '5475279', 'name': 'squirrel3', 'url': ' ', 'version': '::apt'}]&quot;,
    &quot;c8y_SoftwareUpdate&quot;: [
        {
            &quot;name&quot;: &quot;asciijump&quot;,
            &quot;action&quot;: &quot;install&quot;,
            &quot;id&quot;: &quot;5475369&quot;,
            &quot;version&quot;: &quot;::apt&quot;,
            &quot;url&quot;: &quot; &quot;
        },
        {
            &quot;name&quot;: &quot;robotfindskitten&quot;,
            &quot;action&quot;: &quot;install&quot;,
            &quot;id&quot;: &quot;5474869&quot;,
            &quot;version&quot;: &quot;::apt&quot;,
            &quot;url&quot;: &quot; &quot;
        },
        {
            &quot;name&quot;: &quot;squirrel3&quot;,
            &quot;action&quot;: &quot;install&quot;,
            &quot;id&quot;: &quot;5475279&quot;,
            &quot;version&quot;: &quot;::apt&quot;,
            &quot;url&quot;: &quot; &quot;
        }
    ]
}
12:22:41 INFO  Started operation: {'creationTime': '2022-05-11T12:22:41.043Z', 'deviceName': 'm32sd10a', 'deviceId': '18793534', 'self': 'https://t493319102.eu-latest.cumulocity.com/devicecontrol/operations/18840646', 'id': '18840646', 'status': 'PENDING', 'description': &quot;Apply software changes, triggered from PySys: [{'action': 'install', 'id': '5475369', 'name': 'asciijump', 'url': ' ', 'version': '::apt'}, {'action': 'install', 'id': '5474869', 'name': 'robotfindskitten', 'url': ' ', 'version': '::apt'}, {'action': 'install', 'id': '5475279', 'name': 'squirrel3', 'url': ' ', 'version': '::apt'}]&quot;, 'c8y_SoftwareUpdate': [{'name': 'asciijump', 'action': 'install', 'id': '5475369', 'version': '::apt', 'url': ' '}, {'name': 'robotfindskitten', 'action': 'install', 'id': '5474869', 'version': '::apt', 'url': ' '}, {'name': 'squirrel3', 'action': 'install', 'id': '5475279', 'version': '::apt', 'url': ' '}]}
12:22:43 INFO  State of operation 18840646 : PENDING
12:22:45 INFO  State of operation 18840646 : EXECUTING
12:22:47 INFO  State of operation 18840646 : EXECUTING
12:22:49 INFO  State of operation 18840646 : EXECUTING
12:22:52 INFO  State of operation 18840646 : EXECUTING
12:22:54 INFO  State of operation 18840646 : EXECUTING
12:22:57 INFO  State of operation 18840646 : EXECUTING
12:22:59 INFO  State of operation 18840646 : EXECUTING
12:23:02 INFO  State of operation 18840646 : EXECUTING
12:23:04 INFO  State of operation 18840646 : EXECUTING
12:23:07 INFO  State of operation 18840646 : EXECUTING
12:23:09 INFO  State of operation 18840646 : EXECUTING
12:23:11 INFO  State of operation 18840646 : EXECUTING
12:23:13 INFO  State of operation 18840646 : EXECUTING
12:23:15 INFO  State of operation 18840646 : EXECUTING
12:23:18 INFO  State of operation 18840646 : EXECUTING
12:23:20 INFO  State of operation 18840646 : EXECUTING
12:23:23 INFO  State of operation 18840646 : EXECUTING
12:23:25 INFO  State of operation 18840646 : EXECUTING
12:23:27 INFO  State of operation 18840646 : EXECUTING
12:23:29 INFO  State of operation 18840646 : EXECUTING
12:23:32 INFO  State of operation 18840646 : EXECUTING
12:23:34 INFO  State of operation 18840646 : EXECUTING
12:23:37 INFO  State of operation 18840646 : EXECUTING
12:23:40 INFO  State of operation 18840646 : EXECUTING
12:23:42 INFO  State of operation 18840646 : EXECUTING
12:23:45 INFO  State of operation 18840646 : EXECUTING
12:23:47 INFO  State of operation 18840646 : EXECUTING
12:23:49 INFO  State of operation 18840646 : EXECUTING
12:23:52 INFO  State of operation 18840646 : EXECUTING
12:23:54 INFO  State of operation 18840646 : EXECUTING
12:23:56 INFO  State of operation 18840646 : EXECUTING
12:23:59 INFO  State of operation 18840646 : EXECUTING
12:24:01 INFO  State of operation 18840646 : SUCCESSFUL
12:24:01 INFO  Assert that (False == value) with value=False ... passed
12:24:01 INFO  Package asciijump is installed
12:24:01 INFO  Assert that (True == value) with value=True ... passed
12:24:01 INFO  Package squirrel3 is installed
12:24:01 INFO  Assert that (True == value) with value=True ... passed
12:24:02 INFO  Package robotfindskitten is installed
12:24:02 INFO  Assert that (True == value) with value=True ... passed
12:24:02 INFO  Response status: 201
12:24:02 INFO  Response to action: {
    &quot;creationTime&quot;: &quot;2022-05-11T12:24:02.469Z&quot;,
    &quot;deviceName&quot;: &quot;m32sd10a&quot;,
    &quot;deviceId&quot;: &quot;18793534&quot;,
    &quot;self&quot;: &quot;https://t493319102.eu-latest.cumulocity.com/devicecontrol/operations/18840700&quot;,
    &quot;id&quot;: &quot;18840700&quot;,
    &quot;status&quot;: &quot;PENDING&quot;,
    &quot;description&quot;: &quot;Apply software changes, triggered from PySys: [{'action': 'delete', 'id': '5475369', 'name': 'asciijump', 'url': ' ', 'version': '::apt'}, {'action': 'delete', 'id': '5474869', 'name': 'robotfindskitten', 'url': ' ', 'version': '::apt'}, {'action': 'delete', 'id': '5475279', 'name': 'squirrel3', 'url': ' ', 'version': '::apt'}]&quot;,
    &quot;c8y_SoftwareUpdate&quot;: [
        {
            &quot;name&quot;: &quot;asciijump&quot;,
            &quot;action&quot;: &quot;delete&quot;,
            &quot;id&quot;: &quot;5475369&quot;,
            &quot;version&quot;: &quot;::apt&quot;,
            &quot;url&quot;: &quot; &quot;
        },
        {
            &quot;name&quot;: &quot;robotfindskitten&quot;,
            &quot;action&quot;: &quot;delete&quot;,
            &quot;id&quot;: &quot;5474869&quot;,
            &quot;version&quot;: &quot;::apt&quot;,
            &quot;url&quot;: &quot; &quot;
        },
        {
            &quot;name&quot;: &quot;squirrel3&quot;,
            &quot;action&quot;: &quot;delete&quot;,
            &quot;id&quot;: &quot;5475279&quot;,
            &quot;version&quot;: &quot;::apt&quot;,
            &quot;url&quot;: &quot; &quot;
        }
    ]
}
12:24:02 INFO  Started operation: {'creationTime': '2022-05-11T12:24:02.469Z', 'deviceName': 'm32sd10a', 'deviceId': '18793534', 'self': 'https://t493319102.eu-latest.cumulocity.com/devicecontrol/operations/18840700', 'id': '18840700', 'status': 'PENDING', 'description': &quot;Apply software changes, triggered from PySys: [{'action': 'delete', 'id': '5475369', 'name': 'asciijump', 'url': ' ', 'version': '::apt'}, {'action': 'delete', 'id': '5474869', 'name': 'robotfindskitten', 'url': ' ', 'version': '::apt'}, {'action': 'delete', 'id': '5475279', 'name': 'squirrel3', 'url': ' ', 'version': '::apt'}]&quot;, 'c8y_SoftwareUpdate': [{'name': 'asciijump', 'action': 'delete', 'id': '5475369', 'version': '::apt', 'url': ' '}, {'name': 'robotfindskitten', 'action': 'delete', 'id': '5474869', 'version': '::apt', 'url': ' '}, {'name': 'squirrel3', 'action': 'delete', 'id': '5475279', 'version': '::apt', 'url': ' '}]}
12:24:04 INFO  State of operation 18840700 : PENDING
12:24:07 INFO  State of operation 18840700 : EXECUTING
12:24:09 INFO  State of operation 18840700 : EXECUTING
12:24:11 INFO  State of operation 18840700 : EXECUTING
12:24:13 INFO  State of operation 18840700 : EXECUTING
12:24:15 INFO  State of operation 18840700 : EXECUTING
12:24:18 INFO  State of operation 18840700 : EXECUTING
12:24:21 INFO  State of operation 18840700 : EXECUTING
12:24:24 INFO  State of operation 18840700 : EXECUTING
12:24:26 INFO  State of operation 18840700 : EXECUTING
12:24:28 INFO  State of operation 18840700 : EXECUTING
12:24:30 INFO  State of operation 18840700 : EXECUTING
12:24:33 INFO  State of operation 18840700 : EXECUTING
12:24:35 INFO  State of operation 18840700 : EXECUTING
12:24:37 INFO  State of operation 18840700 : EXECUTING
12:24:39 INFO  State of operation 18840700 : EXECUTING
12:24:42 INFO  State of operation 18840700 : EXECUTING
12:24:44 INFO  State of operation 18840700 : EXECUTING
12:24:47 INFO  State of operation 18840700 : EXECUTING
12:24:49 INFO  State of operation 18840700 : EXECUTING
12:24:51 INFO  State of operation 18840700 : EXECUTING
12:24:53 INFO  State of operation 18840700 : EXECUTING
12:24:56 INFO  State of operation 18840700 : EXECUTING
12:24:58 INFO  State of operation 18840700 : EXECUTING
12:25:01 INFO  State of operation 18840700 : EXECUTING
12:25:03 INFO  State of operation 18840700 : EXECUTING
12:25:05 INFO  State of operation 18840700 : EXECUTING
12:25:08 INFO  State of operation 18840700 : SUCCESSFUL
12:25:08 INFO  Assert that (False == value) with value=False ... passed
12:25:08 INFO  Assert that (False == value) with value=False ... passed
12:25:08 INFO  Assert that (False == value) with value=False ... passed
12:25:08 INFO  Assert that (False == value) with value=False ... passed
12:25:08 INFO  
12:25:08 INFO  cleanup:
12:25:13 INFO  Executed sudo&lt;tedge_disconnect_c8y&gt;, exit status 0
12:25:13 INFO  Executed systemctl&lt;serv_mapper5&gt;, exit status 3
12:25:13 INFO  
12:25:13 INFO  Test duration: 178.21 secs
12:25:13 INFO  Test final outcome:  FAILED
12:25:13 INFO  Test outcome reason: Assert that (False == value) with value=True
12:25:13 INFO  
</system-out>
	</testcase>
</testsuite>
