<?xml version="1.0" encoding="utf-8"?>
<testsuite failures="1" name="SoftwareManagement.sm_apt_install_remove_multiple" skipped="0" tests="1" time="177.62" timestamp="2022-05-13T15:44:20">
	<testcase classname="PySysTest" name="SoftwareManagement.sm_apt_install_remove_multiple">
		<failure message="FAILED: Assert that (False == value) with value=True" type="FAILED"/>
		<system-out>15:41:22 INFO  ==============================================================
15:41:22 INFO  Id:    SoftwareManagement.sm_apt_install_remove_multiple
15:41:22 INFO  Dir:   software_management_end_to_end/
15:41:22 INFO  Title: Validate end to end behaviour for the apt plugin for multiple packages
15:41:22 INFO  ==============================================================
15:41:22 INFO  Using sw id database: {'asciijump': '5475369', 'robotfindskitten': '5474869', 'squirrel3': '5475279', 'rolldice': '5152439', 'moon-buggy': '5439204', 'apple': '5495053', 'banana': '5494888', 'cherry': '5495382', 'watermelon': '5494510', 'registry': '8018911', 'hello-world': '8021526', 'docker/getting-started': '8021973', 'alpine': '7991792'}
15:41:22 INFO  EnvironmentC8y Setup
15:41:23 INFO  Executed systemctl&lt;serv_mapper1&gt;, exit status 3
15:41:23 INFO  Restarting mosquitto too frequently in the last 10 seconds. It was only up for 5 seconds
15:41:23 INFO  Delaying execution by 6 seconds
15:41:43 INFO  Executed sudo&lt;tedge_connect_c8y&gt;, exit status 0, duration 14 secs
15:41:44 INFO  Executed sudo&lt;tedge_connect_c8y_test&gt;, exit status 0
15:41:44 INFO  Executed systemctl&lt;serv_mosq2&gt;, exit status 0
15:41:45 INFO  Executed systemctl&lt;serv_mapper3&gt;, exit status 0
15:41:47 INFO  State of current operation: SUCCESSFUL
15:41:47 INFO  Assert that (False == value) with value=False ... passed
15:41:47 INFO  Assert that (False == value) with value=False ... passed
15:41:47 INFO  Assert that (False == value) with value=False ... passed
15:41:48 INFO  Package robotfindskitten is installed
15:41:48 WARN  Assert that (False == value) with value=True ... failed 
15:41:48 INFO  Response status: 201
15:41:48 INFO  Response to action: {
    &quot;creationTime&quot;: &quot;2022-05-13T15:41:48.425Z&quot;,
    &quot;deviceId&quot;: &quot;19039121&quot;,
    &quot;deviceName&quot;: &quot;m32sd10a&quot;,
    &quot;self&quot;: &quot;https://t493319102.eu-latest.cumulocity.com/devicecontrol/operations/19054151&quot;,
    &quot;id&quot;: &quot;19054151&quot;,
    &quot;status&quot;: &quot;PENDING&quot;,
    &quot;description&quot;: &quot;Apply software changes, triggered from PySys: [{'action': 'install', 'id': '5475369', 'name': 'asciijump', 'url': ' ', 'version': '::apt'}, {'action': 'install', 'id': '5474869', 'name': 'robotfindskitten', 'url': ' ', 'version': '::apt'}, {'action': 'install', 'id': '5475279', 'name': 'squirrel3', 'url': ' ', 'version': '::apt'}]&quot;,
    &quot;c8y_SoftwareUpdate&quot;: [
        {
            &quot;name&quot;: &quot;asciijump&quot;,
            &quot;action&quot;: &quot;install&quot;,
            &quot;id&quot;: &quot;5475369&quot;,
            &quot;version&quot;: &quot;::apt&quot;,
            &quot;url&quot;: &quot; &quot;
        },
        {
            &quot;name&quot;: &quot;robotfindskitten&quot;,
            &quot;action&quot;: &quot;install&quot;,
            &quot;id&quot;: &quot;5474869&quot;,
            &quot;version&quot;: &quot;::apt&quot;,
            &quot;url&quot;: &quot; &quot;
        },
        {
            &quot;name&quot;: &quot;squirrel3&quot;,
            &quot;action&quot;: &quot;install&quot;,
            &quot;id&quot;: &quot;5475279&quot;,
            &quot;version&quot;: &quot;::apt&quot;,
            &quot;url&quot;: &quot; &quot;
        }
    ]
}
15:41:48 INFO  Started operation: {'creationTime': '2022-05-13T15:41:48.425Z', 'deviceId': '19039121', 'deviceName': 'm32sd10a', 'self': 'https://t493319102.eu-latest.cumulocity.com/devicecontrol/operations/19054151', 'id': '19054151', 'status': 'PENDING', 'description': &quot;Apply software changes, triggered from PySys: [{'action': 'install', 'id': '5475369', 'name': 'asciijump', 'url': ' ', 'version': '::apt'}, {'action': 'install', 'id': '5474869', 'name': 'robotfindskitten', 'url': ' ', 'version': '::apt'}, {'action': 'install', 'id': '5475279', 'name': 'squirrel3', 'url': ' ', 'version': '::apt'}]&quot;, 'c8y_SoftwareUpdate': [{'name': 'asciijump', 'action': 'install', 'id': '5475369', 'version': '::apt', 'url': ' '}, {'name': 'robotfindskitten', 'action': 'install', 'id': '5474869', 'version': '::apt', 'url': ' '}, {'name': 'squirrel3', 'action': 'install', 'id': '5475279', 'version': '::apt', 'url': ' '}]}
15:41:50 INFO  State of operation 19054151 : PENDING
15:41:52 INFO  State of operation 19054151 : EXECUTING
15:41:55 INFO  State of operation 19054151 : EXECUTING
15:41:57 INFO  State of operation 19054151 : EXECUTING
15:41:59 INFO  State of operation 19054151 : EXECUTING
15:42:01 INFO  State of operation 19054151 : EXECUTING
15:42:04 INFO  State of operation 19054151 : EXECUTING
15:42:07 INFO  State of operation 19054151 : EXECUTING
15:42:10 INFO  State of operation 19054151 : EXECUTING
15:42:12 INFO  State of operation 19054151 : EXECUTING
15:42:14 INFO  State of operation 19054151 : EXECUTING
15:42:16 INFO  State of operation 19054151 : EXECUTING
15:42:19 INFO  State of operation 19054151 : EXECUTING
15:42:21 INFO  State of operation 19054151 : EXECUTING
15:42:23 INFO  State of operation 19054151 : EXECUTING
15:42:25 INFO  State of operation 19054151 : EXECUTING
15:42:28 INFO  State of operation 19054151 : EXECUTING
15:42:31 INFO  State of operation 19054151 : EXECUTING
15:42:33 INFO  State of operation 19054151 : EXECUTING
15:42:35 INFO  State of operation 19054151 : EXECUTING
15:42:37 INFO  State of operation 19054151 : EXECUTING
15:42:40 INFO  State of operation 19054151 : EXECUTING
15:42:42 INFO  State of operation 19054151 : EXECUTING
15:42:45 INFO  State of operation 19054151 : EXECUTING
15:42:47 INFO  State of operation 19054151 : EXECUTING
15:42:50 INFO  State of operation 19054151 : EXECUTING
15:42:52 INFO  State of operation 19054151 : EXECUTING
15:42:55 INFO  State of operation 19054151 : EXECUTING
15:42:57 INFO  State of operation 19054151 : EXECUTING
15:42:59 INFO  State of operation 19054151 : EXECUTING
15:43:02 INFO  State of operation 19054151 : EXECUTING
15:43:04 INFO  State of operation 19054151 : EXECUTING
15:43:06 INFO  State of operation 19054151 : EXECUTING
15:43:08 INFO  State of operation 19054151 : SUCCESSFUL
15:43:08 INFO  Assert that (False == value) with value=False ... passed
15:43:09 INFO  Package asciijump is installed
15:43:09 INFO  Assert that (True == value) with value=True ... passed
15:43:09 INFO  Package squirrel3 is installed
15:43:09 INFO  Assert that (True == value) with value=True ... passed
15:43:09 INFO  Package robotfindskitten is installed
15:43:09 INFO  Assert that (True == value) with value=True ... passed
15:43:09 INFO  Response status: 201
15:43:09 INFO  Response to action: {
    &quot;creationTime&quot;: &quot;2022-05-13T15:43:09.814Z&quot;,
    &quot;deviceId&quot;: &quot;19039121&quot;,
    &quot;deviceName&quot;: &quot;m32sd10a&quot;,
    &quot;self&quot;: &quot;https://t493319102.eu-latest.cumulocity.com/devicecontrol/operations/19054159&quot;,
    &quot;id&quot;: &quot;19054159&quot;,
    &quot;status&quot;: &quot;PENDING&quot;,
    &quot;description&quot;: &quot;Apply software changes, triggered from PySys: [{'action': 'delete', 'id': '5475369', 'name': 'asciijump', 'url': ' ', 'version': '::apt'}, {'action': 'delete', 'id': '5474869', 'name': 'robotfindskitten', 'url': ' ', 'version': '::apt'}, {'action': 'delete', 'id': '5475279', 'name': 'squirrel3', 'url': ' ', 'version': '::apt'}]&quot;,
    &quot;c8y_SoftwareUpdate&quot;: [
        {
            &quot;name&quot;: &quot;asciijump&quot;,
            &quot;action&quot;: &quot;delete&quot;,
            &quot;id&quot;: &quot;5475369&quot;,
            &quot;version&quot;: &quot;::apt&quot;,
            &quot;url&quot;: &quot; &quot;
        },
        {
            &quot;name&quot;: &quot;robotfindskitten&quot;,
            &quot;action&quot;: &quot;delete&quot;,
            &quot;id&quot;: &quot;5474869&quot;,
            &quot;version&quot;: &quot;::apt&quot;,
            &quot;url&quot;: &quot; &quot;
        },
        {
            &quot;name&quot;: &quot;squirrel3&quot;,
            &quot;action&quot;: &quot;delete&quot;,
            &quot;id&quot;: &quot;5475279&quot;,
            &quot;version&quot;: &quot;::apt&quot;,
            &quot;url&quot;: &quot; &quot;
        }
    ]
}
15:43:09 INFO  Started operation: {'creationTime': '2022-05-13T15:43:09.814Z', 'deviceId': '19039121', 'deviceName': 'm32sd10a', 'self': 'https://t493319102.eu-latest.cumulocity.com/devicecontrol/operations/19054159', 'id': '19054159', 'status': 'PENDING', 'description': &quot;Apply software changes, triggered from PySys: [{'action': 'delete', 'id': '5475369', 'name': 'asciijump', 'url': ' ', 'version': '::apt'}, {'action': 'delete', 'id': '5474869', 'name': 'robotfindskitten', 'url': ' ', 'version': '::apt'}, {'action': 'delete', 'id': '5475279', 'name': 'squirrel3', 'url': ' ', 'version': '::apt'}]&quot;, 'c8y_SoftwareUpdate': [{'name': 'asciijump', 'action': 'delete', 'id': '5475369', 'version': '::apt', 'url': ' '}, {'name': 'robotfindskitten', 'action': 'delete', 'id': '5474869', 'version': '::apt', 'url': ' '}, {'name': 'squirrel3', 'action': 'delete', 'id': '5475279', 'version': '::apt', 'url': ' '}]}
15:43:12 INFO  State of operation 19054159 : PENDING
15:43:14 INFO  State of operation 19054159 : EXECUTING
15:43:16 INFO  State of operation 19054159 : EXECUTING
15:43:18 INFO  State of operation 19054159 : EXECUTING
15:43:21 INFO  State of operation 19054159 : EXECUTING
15:43:23 INFO  State of operation 19054159 : EXECUTING
15:43:26 INFO  State of operation 19054159 : EXECUTING
15:43:28 INFO  State of operation 19054159 : EXECUTING
15:43:31 INFO  State of operation 19054159 : EXECUTING
15:43:33 INFO  State of operation 19054159 : EXECUTING
15:43:35 INFO  State of operation 19054159 : EXECUTING
15:43:37 INFO  State of operation 19054159 : EXECUTING
15:43:40 INFO  State of operation 19054159 : EXECUTING
15:43:42 INFO  State of operation 19054159 : EXECUTING
15:43:44 INFO  State of operation 19054159 : EXECUTING
15:43:46 INFO  State of operation 19054159 : EXECUTING
15:43:49 INFO  State of operation 19054159 : EXECUTING
15:43:51 INFO  State of operation 19054159 : EXECUTING
15:43:54 INFO  State of operation 19054159 : EXECUTING
15:43:56 INFO  State of operation 19054159 : EXECUTING
15:43:58 INFO  State of operation 19054159 : EXECUTING
15:44:01 INFO  State of operation 19054159 : EXECUTING
15:44:03 INFO  State of operation 19054159 : EXECUTING
15:44:05 INFO  State of operation 19054159 : EXECUTING
15:44:08 INFO  State of operation 19054159 : EXECUTING
15:44:10 INFO  State of operation 19054159 : EXECUTING
15:44:12 INFO  State of operation 19054159 : EXECUTING
15:44:14 INFO  State of operation 19054159 : SUCCESSFUL
15:44:15 INFO  Assert that (False == value) with value=False ... passed
15:44:15 INFO  Assert that (False == value) with value=False ... passed
15:44:15 INFO  Assert that (False == value) with value=False ... passed
15:44:15 INFO  Assert that (False == value) with value=False ... passed
15:44:15 INFO  
15:44:15 INFO  cleanup:
15:44:19 INFO  Executed sudo&lt;tedge_disconnect_c8y&gt;, exit status 0
15:44:20 INFO  Executed systemctl&lt;serv_mapper5&gt;, exit status 3
15:44:20 INFO  
15:44:20 INFO  Test duration: 177.62 secs
15:44:20 INFO  Test final outcome:  FAILED
15:44:20 INFO  Test outcome reason: Assert that (False == value) with value=True
15:44:20 INFO  
</system-out>
	</testcase>
</testsuite>
