<?xml version="1.0" encoding="utf-8"?>
<testsuite failures="0" name="apt_prepare" skipped="0" tests="1" time="17.91" timestamp="2022-05-13T15:22:37">
	<testcase classname="AptPluginPrepare" name="apt_prepare"/>
</testsuite>
