<?xml version="1.0" encoding="utf-8"?>
<testsuite failures="0" name="apt_finalize" skipped="0" tests="1" time="100.42" timestamp="2022-04-21T13:50:19">
	<testcase classname="AptPluginFinalize" name="apt_finalize"/>
</testsuite>
