<?xml version="1.0" encoding="utf-8"?>
<testsuite failures="1" name="SoftwareManagement.sm_apt_install_remove_multiple_mixed" skipped="0" tests="1" time="179.06" timestamp="2022-05-03T14:57:29">
	<testcase classname="PySysTest" name="SoftwareManagement.sm_apt_install_remove_multiple_mixed">
		<failure message="BLOCKED: SystemError: Timeout while waiting for status SUCCESSFUL or False" type="BLOCKED"/>
		<system-out>14:54:30 INFO  ==============================================================
14:54:30 INFO  Id:    SoftwareManagement.sm_apt_install_remove_multiple_mixed
14:54:30 INFO  Dir:   software_management_end_to_end/
14:54:30 INFO  Title: Validate end to end behaviour for the apt plugin for multiple packages with mixed versions
14:54:30 INFO  ==============================================================
14:54:30 INFO  Using sw id database: {'asciijump': '5475369', 'robotfindskitten': '5474869', 'squirrel3': '5475279', 'rolldice': '5152439', 'moon-buggy': '5439204', 'apple': '5495053', 'banana': '5494888', 'cherry': '5495382', 'watermelon': '5494510', 'registry': '8018911', 'hello-world': '8021526', 'docker/getting-started': '8021973', 'alpine': '7991792'}
14:54:30 INFO  EnvironmentC8y Setup
14:54:30 INFO  Executed systemctl&lt;serv_mapper1&gt;, exit status 3
14:54:30 INFO  Restarting mosquitto too frequently in the last 10 seconds. It was only up for 4 seconds
14:54:30 INFO  Delaying execution by 7 seconds
14:54:51 INFO  Executed sudo&lt;tedge_connect_c8y&gt;, exit status 0, duration 13 secs
14:54:52 INFO  Executed sudo&lt;tedge_connect_c8y_test&gt;, exit status 0
14:54:52 INFO  Executed systemctl&lt;serv_mosq2&gt;, exit status 0
14:54:53 INFO  Executed systemctl&lt;serv_mapper3&gt;, exit status 0
14:54:55 INFO  State of current operation: SUCCESSFUL
14:54:55 INFO  Assert that (False == value) with value=False ... passed
14:54:55 INFO  Assert that (False == value) with value=False ... passed
14:54:56 INFO  Assert that (False == value) with value=False ... passed
14:54:56 INFO  Assert that (False == value) with value=False ... passed
14:54:56 INFO  Assert that (False == value) with value=False ... passed
14:54:57 INFO  Response status: 201
14:54:57 INFO  Response to action: {
    &quot;creationTime&quot;: &quot;2022-05-03T14:54:57.698Z&quot;,
    &quot;deviceName&quot;: &quot;m32sd10a&quot;,
    &quot;deviceId&quot;: &quot;18298589&quot;,
    &quot;self&quot;: &quot;https://t493319102.eu-latest.cumulocity.com/devicecontrol/operations/18313806&quot;,
    &quot;id&quot;: &quot;18313806&quot;,
    &quot;status&quot;: &quot;PENDING&quot;,
    &quot;description&quot;: &quot;Apply software changes, triggered from PySys: [{'action': 'install', 'id': '5475369', 'name': 'asciijump', 'url': ' ', 'version': '::apt'}, {'action': 'install', 'id': '5474869', 'name': 'robotfindskitten', 'url': ' ', 'version': ' '}, {'action': 'install', 'id': '5475279', 'name': 'squirrel3', 'url': ' ', 'version': '3.1-7::apt'}, {'action': 'install', 'id': '5152439', 'name': 'rolldice', 'url': ' ', 'version': '1.16-1+b1'}, {'action': 'install', 'id': '5439204', 'name': 'moon-buggy', 'url': ' ', 'version': '1:1.0.51-12'}, {'action': 'install', 'id': '5475369', 'name': 'asciijump', 'url': ' ', 'version': '::apt'}]&quot;,
    &quot;c8y_SoftwareUpdate&quot;: [
        {
            &quot;name&quot;: &quot;asciijump&quot;,
            &quot;action&quot;: &quot;install&quot;,
            &quot;id&quot;: &quot;5475369&quot;,
            &quot;version&quot;: &quot;::apt&quot;,
            &quot;url&quot;: &quot; &quot;
        },
        {
            &quot;name&quot;: &quot;robotfindskitten&quot;,
            &quot;action&quot;: &quot;install&quot;,
            &quot;id&quot;: &quot;5474869&quot;,
            &quot;version&quot;: &quot; &quot;,
            &quot;url&quot;: &quot; &quot;
        },
        {
            &quot;name&quot;: &quot;squirrel3&quot;,
            &quot;action&quot;: &quot;install&quot;,
            &quot;id&quot;: &quot;5475279&quot;,
            &quot;version&quot;: &quot;3.1-7::apt&quot;,
            &quot;url&quot;: &quot; &quot;
        },
        {
            &quot;name&quot;: &quot;rolldice&quot;,
            &quot;action&quot;: &quot;install&quot;,
            &quot;id&quot;: &quot;5152439&quot;,
            &quot;version&quot;: &quot;1.16-1+b1&quot;,
            &quot;url&quot;: &quot; &quot;
        },
        {
            &quot;name&quot;: &quot;moon-buggy&quot;,
            &quot;action&quot;: &quot;install&quot;,
            &quot;id&quot;: &quot;5439204&quot;,
            &quot;version&quot;: &quot;1:1.0.51-12&quot;,
            &quot;url&quot;: &quot; &quot;
        },
        {
            &quot;name&quot;: &quot;asciijump&quot;,
            &quot;action&quot;: &quot;install&quot;,
            &quot;id&quot;: &quot;5475369&quot;,
            &quot;version&quot;: &quot;::apt&quot;,
            &quot;url&quot;: &quot; &quot;
        }
    ]
}
14:54:57 INFO  Started operation: {'creationTime': '2022-05-03T14:54:57.698Z', 'deviceName': 'm32sd10a', 'deviceId': '18298589', 'self': 'https://t493319102.eu-latest.cumulocity.com/devicecontrol/operations/18313806', 'id': '18313806', 'status': 'PENDING', 'description': &quot;Apply software changes, triggered from PySys: [{'action': 'install', 'id': '5475369', 'name': 'asciijump', 'url': ' ', 'version': '::apt'}, {'action': 'install', 'id': '5474869', 'name': 'robotfindskitten', 'url': ' ', 'version': ' '}, {'action': 'install', 'id': '5475279', 'name': 'squirrel3', 'url': ' ', 'version': '3.1-7::apt'}, {'action': 'install', 'id': '5152439', 'name': 'rolldice', 'url': ' ', 'version': '1.16-1+b1'}, {'action': 'install', 'id': '5439204', 'name': 'moon-buggy', 'url': ' ', 'version': '1:1.0.51-12'}, {'action': 'install', 'id': '5475369', 'name': 'asciijump', 'url': ' ', 'version': '::apt'}]&quot;, 'c8y_SoftwareUpdate': [{'name': 'asciijump', 'action': 'install', 'id': '5475369', 'version': '::apt', 'url': ' '}, {'name': 'robotfindskitten', 'action': 'install', 'id': '5474869', 'version': ' ', 'url': ' '}, {'name': 'squirrel3', 'action': 'install', 'id': '5475279', 'version': '3.1-7::apt', 'url': ' '}, {'name': 'rolldice', 'action': 'install', 'id': '5152439', 'version': '1.16-1+b1', 'url': ' '}, {'name': 'moon-buggy', 'action': 'install', 'id': '5439204', 'version': '1:1.0.51-12', 'url': ' '}, {'name': 'asciijump', 'action': 'install', 'id': '5475369', 'version': '::apt', 'url': ' '}]}
14:54:59 INFO  State of operation 18313806 : PENDING
14:55:02 INFO  State of operation 18313806 : EXECUTING
14:55:04 INFO  State of operation 18313806 : EXECUTING
14:55:06 INFO  State of operation 18313806 : EXECUTING
14:55:08 INFO  State of operation 18313806 : EXECUTING
14:55:11 INFO  State of operation 18313806 : EXECUTING
14:55:13 INFO  State of operation 18313806 : EXECUTING
14:55:16 INFO  State of operation 18313806 : EXECUTING
14:55:18 INFO  State of operation 18313806 : EXECUTING
14:55:21 INFO  State of operation 18313806 : EXECUTING
14:55:23 INFO  State of operation 18313806 : EXECUTING
14:55:25 INFO  State of operation 18313806 : EXECUTING
14:55:27 INFO  State of operation 18313806 : EXECUTING
14:55:30 INFO  State of operation 18313806 : EXECUTING
14:55:32 INFO  State of operation 18313806 : EXECUTING
14:55:34 INFO  State of operation 18313806 : EXECUTING
14:55:37 INFO  State of operation 18313806 : EXECUTING
14:55:39 INFO  State of operation 18313806 : EXECUTING
14:55:41 INFO  State of operation 18313806 : EXECUTING
14:55:44 INFO  State of operation 18313806 : EXECUTING
14:55:46 INFO  State of operation 18313806 : EXECUTING
14:55:49 INFO  State of operation 18313806 : EXECUTING
14:55:51 INFO  State of operation 18313806 : EXECUTING
14:55:54 INFO  State of operation 18313806 : EXECUTING
14:55:56 INFO  State of operation 18313806 : EXECUTING
14:55:58 INFO  State of operation 18313806 : EXECUTING
14:56:00 INFO  State of operation 18313806 : EXECUTING
14:56:03 INFO  State of operation 18313806 : EXECUTING
14:56:05 INFO  State of operation 18313806 : EXECUTING
14:56:07 INFO  State of operation 18313806 : EXECUTING
14:56:09 INFO  State of operation 18313806 : EXECUTING
14:56:12 INFO  State of operation 18313806 : EXECUTING
14:56:14 INFO  State of operation 18313806 : EXECUTING
14:56:16 INFO  State of operation 18313806 : EXECUTING
14:56:18 INFO  State of operation 18313806 : EXECUTING
14:56:20 INFO  State of operation 18313806 : EXECUTING
14:56:23 INFO  State of operation 18313806 : EXECUTING
14:56:25 INFO  State of operation 18313806 : EXECUTING
14:56:28 INFO  State of operation 18313806 : EXECUTING
14:56:30 INFO  State of operation 18313806 : EXECUTING
14:56:33 INFO  State of operation 18313806 : EXECUTING
14:56:35 INFO  State of operation 18313806 : EXECUTING
14:56:37 INFO  State of operation 18313806 : EXECUTING
14:56:39 INFO  State of operation 18313806 : EXECUTING
14:56:42 INFO  State of operation 18313806 : EXECUTING
14:56:44 INFO  State of operation 18313806 : EXECUTING
14:56:46 INFO  State of operation 18313806 : EXECUTING
14:56:48 INFO  State of operation 18313806 : EXECUTING
14:56:51 INFO  State of operation 18313806 : EXECUTING
14:56:53 INFO  State of operation 18313806 : EXECUTING
14:56:56 INFO  State of operation 18313806 : EXECUTING
14:56:58 INFO  State of operation 18313806 : EXECUTING
14:57:00 INFO  State of operation 18313806 : EXECUTING
14:57:03 INFO  State of operation 18313806 : EXECUTING
14:57:05 INFO  State of operation 18313806 : EXECUTING
14:57:08 INFO  State of operation 18313806 : EXECUTING
14:57:11 INFO  State of operation 18313806 : EXECUTING
14:57:13 INFO  State of operation 18313806 : EXECUTING
14:57:16 INFO  State of operation 18313806 : EXECUTING
14:57:19 INFO  State of operation 18313806 : EXECUTING
14:57:21 INFO  State of operation 18313806 : EXECUTING
14:57:23 WARN  SystemError occurred while running test - Timeout while waiting for status SUCCESSFUL or False
Traceback (most recent call last):
  File &quot;/home/pi/env-pysys/lib/python3.7/site-packages/pysys/baserunner.py&quot;, line 1294, in __call__
    self.testObj.execute()
  File &quot;/home/pi/actions-runner/_work/thin-edge.io/thin-edge.io/tests/PySys/software_management_end_to_end/sm_apt_install_remove_multiple_mixed/run.py&quot;, line 89, in execute
    self.wait_until_succcess()
  File &quot;/home/pi/actions-runner/_work/thin-edge.io/thin-edge.io/tests/PySys/software_management_end_to_end/environment_sm_management.py&quot;, line 324, in wait_until_succcess
    self.wait_until_status(&quot;SUCCESSFUL&quot;)
  File &quot;/home/pi/actions-runner/_work/thin-edge.io/thin-edge.io/tests/PySys/software_management_end_to_end/environment_sm_management.py&quot;, line 381, in wait_until_status
    &quot;Timeout while waiting for status %s or %s&quot; % (status, status2)
SystemError: Timeout while waiting for status SUCCESSFUL or False
14:57:23 WARN  SystemError: Timeout while waiting for status SUCCESSFUL or False ... blocked 
14:57:23 INFO  
14:57:23 INFO  cleanup:
14:57:28 INFO  Executed sudo&lt;tedge_disconnect_c8y&gt;, exit status 0
14:57:29 INFO  Executed systemctl&lt;serv_mapper5&gt;, exit status 3
14:57:29 INFO  
14:57:29 INFO  Test duration: 179.06 secs
14:57:29 INFO  Test final outcome:  BLOCKED
14:57:29 INFO  Test outcome reason: SystemError: Timeout while waiting for status SUCCESSFUL or False
14:57:29 INFO  
</system-out>
	</testcase>
</testsuite>
