<?xml version="1.0" encoding="utf-8"?>
<testsuite failures="0" name="apt_remove" skipped="0" tests="1" time="65.3" timestamp="2022-05-13T15:25:17">
	<testcase classname="AptPluginRemoveDense" name="apt_remove"/>
</testsuite>
