<?xml version="1.0" encoding="utf-8"?>
<testsuite failures="1" name="SoftwareManagement.sm_apt_install_remove_multiple" skipped="0" tests="1" time="178.96" timestamp="2022-05-03T09:36:47">
	<testcase classname="PySysTest" name="SoftwareManagement.sm_apt_install_remove_multiple">
		<failure message="FAILED: Assert that (False == value) with value=True" type="FAILED"/>
		<system-out>09:33:48 INFO  ==============================================================
09:33:48 INFO  Id:    SoftwareManagement.sm_apt_install_remove_multiple
09:33:48 INFO  Dir:   software_management_end_to_end/
09:33:48 INFO  Title: Validate end to end behaviour for the apt plugin for multiple packages
09:33:48 INFO  ==============================================================
09:33:48 INFO  Using sw id database: {'asciijump': '5475369', 'robotfindskitten': '5474869', 'squirrel3': '5475279', 'rolldice': '5152439', 'moon-buggy': '5439204', 'apple': '5495053', 'banana': '5494888', 'cherry': '5495382', 'watermelon': '5494510', 'registry': '8018911', 'hello-world': '8021526', 'docker/getting-started': '8021973', 'alpine': '7991792'}
09:33:48 INFO  EnvironmentC8y Setup
09:33:49 INFO  Executed systemctl&lt;serv_mapper1&gt;, exit status 3
09:33:49 INFO  Restarting mosquitto too frequently in the last 10 seconds. It was only up for 5 seconds
09:33:49 INFO  Delaying execution by 6 seconds
09:34:09 INFO  Executed sudo&lt;tedge_connect_c8y&gt;, exit status 0, duration 14 secs
09:34:10 INFO  Executed sudo&lt;tedge_connect_c8y_test&gt;, exit status 0
09:34:10 INFO  Executed systemctl&lt;serv_mosq2&gt;, exit status 0
09:34:11 INFO  Executed systemctl&lt;serv_mapper3&gt;, exit status 0
09:34:13 INFO  State of current operation: SUCCESSFUL
09:34:13 INFO  Assert that (False == value) with value=False ... passed
09:34:13 INFO  Assert that (False == value) with value=False ... passed
09:34:14 INFO  Assert that (False == value) with value=False ... passed
09:34:14 INFO  Package robotfindskitten is installed
09:34:14 WARN  Assert that (False == value) with value=True ... failed 
09:34:14 INFO  Response status: 201
09:34:14 INFO  Response to action: {
    &quot;delivery&quot;: {
        &quot;time&quot;: &quot;2022-05-03T09:34:14.698Z&quot;,
        &quot;log&quot;: [],
        &quot;status&quot;: &quot;PENDING&quot;
    },
    &quot;creationTime&quot;: &quot;2022-05-03T09:34:14.686Z&quot;,
    &quot;deviceName&quot;: &quot;m32sd10a&quot;,
    &quot;deviceId&quot;: &quot;18270352&quot;,
    &quot;self&quot;: &quot;https://t493319102.eu-latest.cumulocity.com/devicecontrol/operations/18298300&quot;,
    &quot;id&quot;: &quot;18298300&quot;,
    &quot;status&quot;: &quot;PENDING&quot;,
    &quot;description&quot;: &quot;Apply software changes, triggered from PySys: [{'action': 'install', 'id': '5475369', 'name': 'asciijump', 'url': ' ', 'version': '::apt'}, {'action': 'install', 'id': '5474869', 'name': 'robotfindskitten', 'url': ' ', 'version': '::apt'}, {'action': 'install', 'id': '5475279', 'name': 'squirrel3', 'url': ' ', 'version': '::apt'}]&quot;,
    &quot;c8y_SoftwareUpdate&quot;: [
        {
            &quot;name&quot;: &quot;asciijump&quot;,
            &quot;action&quot;: &quot;install&quot;,
            &quot;id&quot;: &quot;5475369&quot;,
            &quot;version&quot;: &quot;::apt&quot;,
            &quot;url&quot;: &quot; &quot;
        },
        {
            &quot;name&quot;: &quot;robotfindskitten&quot;,
            &quot;action&quot;: &quot;install&quot;,
            &quot;id&quot;: &quot;5474869&quot;,
            &quot;version&quot;: &quot;::apt&quot;,
            &quot;url&quot;: &quot; &quot;
        },
        {
            &quot;name&quot;: &quot;squirrel3&quot;,
            &quot;action&quot;: &quot;install&quot;,
            &quot;id&quot;: &quot;5475279&quot;,
            &quot;version&quot;: &quot;::apt&quot;,
            &quot;url&quot;: &quot; &quot;
        }
    ]
}
09:34:14 INFO  Started operation: {'delivery': {'time': '2022-05-03T09:34:14.698Z', 'log': [], 'status': 'PENDING'}, 'creationTime': '2022-05-03T09:34:14.686Z', 'deviceName': 'm32sd10a', 'deviceId': '18270352', 'self': 'https://t493319102.eu-latest.cumulocity.com/devicecontrol/operations/18298300', 'id': '18298300', 'status': 'PENDING', 'description': &quot;Apply software changes, triggered from PySys: [{'action': 'install', 'id': '5475369', 'name': 'asciijump', 'url': ' ', 'version': '::apt'}, {'action': 'install', 'id': '5474869', 'name': 'robotfindskitten', 'url': ' ', 'version': '::apt'}, {'action': 'install', 'id': '5475279', 'name': 'squirrel3', 'url': ' ', 'version': '::apt'}]&quot;, 'c8y_SoftwareUpdate': [{'name': 'asciijump', 'action': 'install', 'id': '5475369', 'version': '::apt', 'url': ' '}, {'name': 'robotfindskitten', 'action': 'install', 'id': '5474869', 'version': '::apt', 'url': ' '}, {'name': 'squirrel3', 'action': 'install', 'id': '5475279', 'version': '::apt', 'url': ' '}]}
09:34:16 INFO  State of operation 18298300 : PENDING
09:34:19 INFO  State of operation 18298300 : EXECUTING
09:34:21 INFO  State of operation 18298300 : EXECUTING
09:34:23 INFO  State of operation 18298300 : EXECUTING
09:34:25 INFO  State of operation 18298300 : EXECUTING
09:34:28 INFO  State of operation 18298300 : EXECUTING
09:34:30 INFO  State of operation 18298300 : EXECUTING
09:34:33 INFO  State of operation 18298300 : EXECUTING
09:34:35 INFO  State of operation 18298300 : EXECUTING
09:34:38 INFO  State of operation 18298300 : EXECUTING
09:34:40 INFO  State of operation 18298300 : EXECUTING
09:34:42 INFO  State of operation 18298300 : EXECUTING
09:34:44 INFO  State of operation 18298300 : EXECUTING
09:34:46 INFO  State of operation 18298300 : EXECUTING
09:34:49 INFO  State of operation 18298300 : EXECUTING
09:34:51 INFO  State of operation 18298300 : EXECUTING
09:34:53 INFO  State of operation 18298300 : EXECUTING
09:34:56 INFO  State of operation 18298300 : EXECUTING
09:34:58 INFO  State of operation 18298300 : EXECUTING
09:35:01 INFO  State of operation 18298300 : EXECUTING
09:35:03 INFO  State of operation 18298300 : EXECUTING
09:35:05 INFO  State of operation 18298300 : EXECUTING
09:35:08 INFO  State of operation 18298300 : EXECUTING
09:35:10 INFO  State of operation 18298300 : EXECUTING
09:35:12 INFO  State of operation 18298300 : EXECUTING
09:35:14 INFO  State of operation 18298300 : EXECUTING
09:35:17 INFO  State of operation 18298300 : EXECUTING
09:35:19 INFO  State of operation 18298300 : EXECUTING
09:35:22 INFO  State of operation 18298300 : EXECUTING
09:35:24 INFO  State of operation 18298300 : EXECUTING
09:35:26 INFO  State of operation 18298300 : EXECUTING
09:35:29 INFO  State of operation 18298300 : EXECUTING
09:35:31 INFO  State of operation 18298300 : EXECUTING
09:35:33 INFO  State of operation 18298300 : EXECUTING
09:35:35 INFO  State of operation 18298300 : SUCCESSFUL
09:35:35 INFO  Assert that (False == value) with value=False ... passed
09:35:36 INFO  Package asciijump is installed
09:35:36 INFO  Assert that (True == value) with value=True ... passed
09:35:36 INFO  Package squirrel3 is installed
09:35:36 INFO  Assert that (True == value) with value=True ... passed
09:35:36 INFO  Package robotfindskitten is installed
09:35:36 INFO  Assert that (True == value) with value=True ... passed
09:35:36 INFO  Response status: 201
09:35:36 INFO  Response to action: {
    &quot;delivery&quot;: {
        &quot;time&quot;: &quot;2022-05-03T09:35:36.813Z&quot;,
        &quot;log&quot;: [],
        &quot;status&quot;: &quot;PENDING&quot;
    },
    &quot;creationTime&quot;: &quot;2022-05-03T09:35:36.802Z&quot;,
    &quot;deviceName&quot;: &quot;m32sd10a&quot;,
    &quot;deviceId&quot;: &quot;18270352&quot;,
    &quot;self&quot;: &quot;https://t493319102.eu-latest.cumulocity.com/devicecontrol/operations/18298310&quot;,
    &quot;id&quot;: &quot;18298310&quot;,
    &quot;status&quot;: &quot;PENDING&quot;,
    &quot;description&quot;: &quot;Apply software changes, triggered from PySys: [{'action': 'delete', 'id': '5475369', 'name': 'asciijump', 'url': ' ', 'version': '::apt'}, {'action': 'delete', 'id': '5474869', 'name': 'robotfindskitten', 'url': ' ', 'version': '::apt'}, {'action': 'delete', 'id': '5475279', 'name': 'squirrel3', 'url': ' ', 'version': '::apt'}]&quot;,
    &quot;c8y_SoftwareUpdate&quot;: [
        {
            &quot;name&quot;: &quot;asciijump&quot;,
            &quot;action&quot;: &quot;delete&quot;,
            &quot;id&quot;: &quot;5475369&quot;,
            &quot;version&quot;: &quot;::apt&quot;,
            &quot;url&quot;: &quot; &quot;
        },
        {
            &quot;name&quot;: &quot;robotfindskitten&quot;,
            &quot;action&quot;: &quot;delete&quot;,
            &quot;id&quot;: &quot;5474869&quot;,
            &quot;version&quot;: &quot;::apt&quot;,
            &quot;url&quot;: &quot; &quot;
        },
        {
            &quot;name&quot;: &quot;squirrel3&quot;,
            &quot;action&quot;: &quot;delete&quot;,
            &quot;id&quot;: &quot;5475279&quot;,
            &quot;version&quot;: &quot;::apt&quot;,
            &quot;url&quot;: &quot; &quot;
        }
    ]
}
09:35:36 INFO  Started operation: {'delivery': {'time': '2022-05-03T09:35:36.813Z', 'log': [], 'status': 'PENDING'}, 'creationTime': '2022-05-03T09:35:36.802Z', 'deviceName': 'm32sd10a', 'deviceId': '18270352', 'self': 'https://t493319102.eu-latest.cumulocity.com/devicecontrol/operations/18298310', 'id': '18298310', 'status': 'PENDING', 'description': &quot;Apply software changes, triggered from PySys: [{'action': 'delete', 'id': '5475369', 'name': 'asciijump', 'url': ' ', 'version': '::apt'}, {'action': 'delete', 'id': '5474869', 'name': 'robotfindskitten', 'url': ' ', 'version': '::apt'}, {'action': 'delete', 'id': '5475279', 'name': 'squirrel3', 'url': ' ', 'version': '::apt'}]&quot;, 'c8y_SoftwareUpdate': [{'name': 'asciijump', 'action': 'delete', 'id': '5475369', 'version': '::apt', 'url': ' '}, {'name': 'robotfindskitten', 'action': 'delete', 'id': '5474869', 'version': '::apt', 'url': ' '}, {'name': 'squirrel3', 'action': 'delete', 'id': '5475279', 'version': '::apt', 'url': ' '}]}
09:35:39 INFO  State of operation 18298310 : PENDING
09:35:41 INFO  State of operation 18298310 : EXECUTING
09:35:43 INFO  State of operation 18298310 : EXECUTING
09:35:45 INFO  State of operation 18298310 : EXECUTING
09:35:47 INFO  State of operation 18298310 : EXECUTING
09:35:50 INFO  State of operation 18298310 : EXECUTING
09:35:52 INFO  State of operation 18298310 : EXECUTING
09:35:55 INFO  State of operation 18298310 : EXECUTING
09:35:58 INFO  State of operation 18298310 : EXECUTING
09:36:00 INFO  State of operation 18298310 : EXECUTING
09:36:02 INFO  State of operation 18298310 : EXECUTING
09:36:05 INFO  State of operation 18298310 : EXECUTING
09:36:07 INFO  State of operation 18298310 : EXECUTING
09:36:09 INFO  State of operation 18298310 : EXECUTING
09:36:11 INFO  State of operation 18298310 : EXECUTING
09:36:14 INFO  State of operation 18298310 : EXECUTING
09:36:16 INFO  State of operation 18298310 : EXECUTING
09:36:19 INFO  State of operation 18298310 : EXECUTING
09:36:21 INFO  State of operation 18298310 : EXECUTING
09:36:23 INFO  State of operation 18298310 : EXECUTING
09:36:25 INFO  State of operation 18298310 : EXECUTING
09:36:28 INFO  State of operation 18298310 : EXECUTING
09:36:30 INFO  State of operation 18298310 : EXECUTING
09:36:32 INFO  State of operation 18298310 : EXECUTING
09:36:35 INFO  State of operation 18298310 : EXECUTING
09:36:37 INFO  State of operation 18298310 : EXECUTING
09:36:39 INFO  State of operation 18298310 : EXECUTING
09:36:42 INFO  State of operation 18298310 : SUCCESSFUL
09:36:42 INFO  Assert that (False == value) with value=False ... passed
09:36:42 INFO  Assert that (False == value) with value=False ... passed
09:36:42 INFO  Assert that (False == value) with value=False ... passed
09:36:43 INFO  Assert that (False == value) with value=False ... passed
09:36:43 INFO  
09:36:43 INFO  cleanup:
09:36:47 INFO  Executed sudo&lt;tedge_disconnect_c8y&gt;, exit status 0
09:36:47 INFO  Executed systemctl&lt;serv_mapper5&gt;, exit status 3
09:36:47 INFO  
09:36:47 INFO  Test duration: 178.96 secs
09:36:47 INFO  Test final outcome:  FAILED
09:36:47 INFO  Test outcome reason: Assert that (False == value) with value=True
09:36:47 INFO  
</system-out>
	</testcase>
</testsuite>
