<?xml version="1.0" encoding="utf-8"?>
<testsuite failures="1" name="SoftwareManagement.sm_apt_install_remove_multiple" skipped="0" tests="1" time="178.55" timestamp="2022-04-28T11:45:48">
	<testcase classname="PySysTest" name="SoftwareManagement.sm_apt_install_remove_multiple">
		<failure message="FAILED: Assert that (False == value) with value=True" type="FAILED"/>
		<system-out>11:42:49 INFO  ==============================================================
11:42:49 INFO  Id:    SoftwareManagement.sm_apt_install_remove_multiple
11:42:49 INFO  Dir:   software_management_end_to_end/
11:42:49 INFO  Title: Validate end to end behaviour for the apt plugin for multiple packages
11:42:49 INFO  ==============================================================
11:42:49 INFO  Using sw id database: {'asciijump': '5475369', 'robotfindskitten': '5474869', 'squirrel3': '5475279', 'rolldice': '5152439', 'moon-buggy': '5439204', 'apple': '5495053', 'banana': '5494888', 'cherry': '5495382', 'watermelon': '5494510', 'registry': '8018911', 'hello-world': '8021526', 'docker/getting-started': '8021973', 'alpine': '7991792'}
11:42:49 INFO  EnvironmentC8y Setup
11:42:50 INFO  Executed systemctl&lt;serv_mapper1&gt;, exit status 3
11:42:50 INFO  Restarting mosquitto too frequently in the last 10 seconds. It was only up for 5 seconds
11:42:50 INFO  Delaying execution by 6 seconds
11:43:10 INFO  Executed sudo&lt;tedge_connect_c8y&gt;, exit status 0, duration 14 secs
11:43:10 INFO  Executed sudo&lt;tedge_connect_c8y_test&gt;, exit status 0
11:43:11 INFO  Executed systemctl&lt;serv_mosq2&gt;, exit status 0
11:43:11 INFO  Executed systemctl&lt;serv_mapper3&gt;, exit status 0
11:43:14 INFO  State of current operation: SUCCESSFUL
11:43:14 INFO  Assert that (False == value) with value=False ... passed
11:43:14 INFO  Assert that (False == value) with value=False ... passed
11:43:14 INFO  Assert that (False == value) with value=False ... passed
11:43:14 INFO  Package robotfindskitten is installed
11:43:15 WARN  Assert that (False == value) with value=True ... failed 
11:43:15 INFO  Response status: 201
11:43:15 INFO  Response to action: {
    &quot;creationTime&quot;: &quot;2022-04-28T11:43:15.194Z&quot;,
    &quot;deviceName&quot;: &quot;m32sd10a&quot;,
    &quot;deviceId&quot;: &quot;17889229&quot;,
    &quot;self&quot;: &quot;https://t493319102.eu-latest.cumulocity.com/devicecontrol/operations/17901146&quot;,
    &quot;id&quot;: &quot;17901146&quot;,
    &quot;status&quot;: &quot;PENDING&quot;,
    &quot;description&quot;: &quot;Apply software changes, triggered from PySys: [{'action': 'install', 'id': '5475369', 'name': 'asciijump', 'url': ' ', 'version': '::apt'}, {'action': 'install', 'id': '5474869', 'name': 'robotfindskitten', 'url': ' ', 'version': '::apt'}, {'action': 'install', 'id': '5475279', 'name': 'squirrel3', 'url': ' ', 'version': '::apt'}]&quot;,
    &quot;c8y_SoftwareUpdate&quot;: [
        {
            &quot;name&quot;: &quot;asciijump&quot;,
            &quot;action&quot;: &quot;install&quot;,
            &quot;id&quot;: &quot;5475369&quot;,
            &quot;version&quot;: &quot;::apt&quot;,
            &quot;url&quot;: &quot; &quot;
        },
        {
            &quot;name&quot;: &quot;robotfindskitten&quot;,
            &quot;action&quot;: &quot;install&quot;,
            &quot;id&quot;: &quot;5474869&quot;,
            &quot;version&quot;: &quot;::apt&quot;,
            &quot;url&quot;: &quot; &quot;
        },
        {
            &quot;name&quot;: &quot;squirrel3&quot;,
            &quot;action&quot;: &quot;install&quot;,
            &quot;id&quot;: &quot;5475279&quot;,
            &quot;version&quot;: &quot;::apt&quot;,
            &quot;url&quot;: &quot; &quot;
        }
    ]
}
11:43:15 INFO  Started operation: {'creationTime': '2022-04-28T11:43:15.194Z', 'deviceName': 'm32sd10a', 'deviceId': '17889229', 'self': 'https://t493319102.eu-latest.cumulocity.com/devicecontrol/operations/17901146', 'id': '17901146', 'status': 'PENDING', 'description': &quot;Apply software changes, triggered from PySys: [{'action': 'install', 'id': '5475369', 'name': 'asciijump', 'url': ' ', 'version': '::apt'}, {'action': 'install', 'id': '5474869', 'name': 'robotfindskitten', 'url': ' ', 'version': '::apt'}, {'action': 'install', 'id': '5475279', 'name': 'squirrel3', 'url': ' ', 'version': '::apt'}]&quot;, 'c8y_SoftwareUpdate': [{'name': 'asciijump', 'action': 'install', 'id': '5475369', 'version': '::apt', 'url': ' '}, {'name': 'robotfindskitten', 'action': 'install', 'id': '5474869', 'version': '::apt', 'url': ' '}, {'name': 'squirrel3', 'action': 'install', 'id': '5475279', 'version': '::apt', 'url': ' '}]}
11:43:17 INFO  State of operation 17901146 : PENDING
11:43:19 INFO  State of operation 17901146 : EXECUTING
11:43:21 INFO  State of operation 17901146 : EXECUTING
11:43:24 INFO  State of operation 17901146 : EXECUTING
11:43:26 INFO  State of operation 17901146 : EXECUTING
11:43:28 INFO  State of operation 17901146 : EXECUTING
11:43:31 INFO  State of operation 17901146 : EXECUTING
11:43:34 INFO  State of operation 17901146 : EXECUTING
11:43:38 INFO  State of operation 17901146 : EXECUTING
11:43:40 INFO  State of operation 17901146 : EXECUTING
11:43:42 INFO  State of operation 17901146 : EXECUTING
11:43:44 INFO  State of operation 17901146 : EXECUTING
11:43:47 INFO  State of operation 17901146 : EXECUTING
11:43:49 INFO  State of operation 17901146 : EXECUTING
11:43:51 INFO  State of operation 17901146 : EXECUTING
11:43:54 INFO  State of operation 17901146 : EXECUTING
11:43:56 INFO  State of operation 17901146 : EXECUTING
11:43:58 INFO  State of operation 17901146 : EXECUTING
11:44:01 INFO  State of operation 17901146 : EXECUTING
11:44:03 INFO  State of operation 17901146 : EXECUTING
11:44:05 INFO  State of operation 17901146 : EXECUTING
11:44:08 INFO  State of operation 17901146 : EXECUTING
11:44:10 INFO  State of operation 17901146 : EXECUTING
11:44:13 INFO  State of operation 17901146 : EXECUTING
11:44:15 INFO  State of operation 17901146 : EXECUTING
11:44:18 INFO  State of operation 17901146 : EXECUTING
11:44:20 INFO  State of operation 17901146 : EXECUTING
11:44:22 INFO  State of operation 17901146 : EXECUTING
11:44:25 INFO  State of operation 17901146 : EXECUTING
11:44:27 INFO  State of operation 17901146 : EXECUTING
11:44:29 INFO  State of operation 17901146 : EXECUTING
11:44:31 INFO  State of operation 17901146 : EXECUTING
11:44:34 INFO  State of operation 17901146 : EXECUTING
11:44:36 INFO  State of operation 17901146 : SUCCESSFUL
11:44:36 INFO  Assert that (False == value) with value=False ... passed
11:44:36 INFO  Package asciijump is installed
11:44:36 INFO  Assert that (True == value) with value=True ... passed
11:44:36 INFO  Package squirrel3 is installed
11:44:36 INFO  Assert that (True == value) with value=True ... passed
11:44:37 INFO  Package robotfindskitten is installed
11:44:37 INFO  Assert that (True == value) with value=True ... passed
11:44:37 INFO  Response status: 201
11:44:37 INFO  Response to action: {
    &quot;creationTime&quot;: &quot;2022-04-28T11:44:37.335Z&quot;,
    &quot;deviceName&quot;: &quot;m32sd10a&quot;,
    &quot;deviceId&quot;: &quot;17889229&quot;,
    &quot;self&quot;: &quot;https://t493319102.eu-latest.cumulocity.com/devicecontrol/operations/17901154&quot;,
    &quot;id&quot;: &quot;17901154&quot;,
    &quot;status&quot;: &quot;PENDING&quot;,
    &quot;description&quot;: &quot;Apply software changes, triggered from PySys: [{'action': 'delete', 'id': '5475369', 'name': 'asciijump', 'url': ' ', 'version': '::apt'}, {'action': 'delete', 'id': '5474869', 'name': 'robotfindskitten', 'url': ' ', 'version': '::apt'}, {'action': 'delete', 'id': '5475279', 'name': 'squirrel3', 'url': ' ', 'version': '::apt'}]&quot;,
    &quot;c8y_SoftwareUpdate&quot;: [
        {
            &quot;name&quot;: &quot;asciijump&quot;,
            &quot;action&quot;: &quot;delete&quot;,
            &quot;id&quot;: &quot;5475369&quot;,
            &quot;version&quot;: &quot;::apt&quot;,
            &quot;url&quot;: &quot; &quot;
        },
        {
            &quot;name&quot;: &quot;robotfindskitten&quot;,
            &quot;action&quot;: &quot;delete&quot;,
            &quot;id&quot;: &quot;5474869&quot;,
            &quot;version&quot;: &quot;::apt&quot;,
            &quot;url&quot;: &quot; &quot;
        },
        {
            &quot;name&quot;: &quot;squirrel3&quot;,
            &quot;action&quot;: &quot;delete&quot;,
            &quot;id&quot;: &quot;5475279&quot;,
            &quot;version&quot;: &quot;::apt&quot;,
            &quot;url&quot;: &quot; &quot;
        }
    ]
}
11:44:37 INFO  Started operation: {'creationTime': '2022-04-28T11:44:37.335Z', 'deviceName': 'm32sd10a', 'deviceId': '17889229', 'self': 'https://t493319102.eu-latest.cumulocity.com/devicecontrol/operations/17901154', 'id': '17901154', 'status': 'PENDING', 'description': &quot;Apply software changes, triggered from PySys: [{'action': 'delete', 'id': '5475369', 'name': 'asciijump', 'url': ' ', 'version': '::apt'}, {'action': 'delete', 'id': '5474869', 'name': 'robotfindskitten', 'url': ' ', 'version': '::apt'}, {'action': 'delete', 'id': '5475279', 'name': 'squirrel3', 'url': ' ', 'version': '::apt'}]&quot;, 'c8y_SoftwareUpdate': [{'name': 'asciijump', 'action': 'delete', 'id': '5475369', 'version': '::apt', 'url': ' '}, {'name': 'robotfindskitten', 'action': 'delete', 'id': '5474869', 'version': '::apt', 'url': ' '}, {'name': 'squirrel3', 'action': 'delete', 'id': '5475279', 'version': '::apt', 'url': ' '}]}
11:44:39 INFO  State of operation 17901154 : PENDING
11:44:41 INFO  State of operation 17901154 : EXECUTING
11:44:44 INFO  State of operation 17901154 : EXECUTING
11:44:46 INFO  State of operation 17901154 : EXECUTING
11:44:48 INFO  State of operation 17901154 : EXECUTING
11:44:50 INFO  State of operation 17901154 : EXECUTING
11:44:53 INFO  State of operation 17901154 : EXECUTING
11:44:56 INFO  State of operation 17901154 : EXECUTING
11:44:58 INFO  State of operation 17901154 : EXECUTING
11:45:00 INFO  State of operation 17901154 : EXECUTING
11:45:03 INFO  State of operation 17901154 : EXECUTING
11:45:05 INFO  State of operation 17901154 : EXECUTING
11:45:07 INFO  State of operation 17901154 : EXECUTING
11:45:09 INFO  State of operation 17901154 : EXECUTING
11:45:12 INFO  State of operation 17901154 : EXECUTING
11:45:14 INFO  State of operation 17901154 : EXECUTING
11:45:16 INFO  State of operation 17901154 : EXECUTING
11:45:19 INFO  State of operation 17901154 : EXECUTING
11:45:21 INFO  State of operation 17901154 : EXECUTING
11:45:23 INFO  State of operation 17901154 : EXECUTING
11:45:26 INFO  State of operation 17901154 : EXECUTING
11:45:28 INFO  State of operation 17901154 : EXECUTING
11:45:30 INFO  State of operation 17901154 : EXECUTING
11:45:32 INFO  State of operation 17901154 : EXECUTING
11:45:35 INFO  State of operation 17901154 : EXECUTING
11:45:37 INFO  State of operation 17901154 : EXECUTING
11:45:40 INFO  State of operation 17901154 : EXECUTING
11:45:42 INFO  State of operation 17901154 : SUCCESSFUL
11:45:42 INFO  Assert that (False == value) with value=False ... passed
11:45:42 INFO  Assert that (False == value) with value=False ... passed
11:45:43 INFO  Assert that (False == value) with value=False ... passed
11:45:43 INFO  Assert that (False == value) with value=False ... passed
11:45:43 INFO  
11:45:43 INFO  cleanup:
11:45:47 INFO  Executed sudo&lt;tedge_disconnect_c8y&gt;, exit status 0
11:45:47 INFO  Executed systemctl&lt;serv_mapper5&gt;, exit status 3
11:45:47 INFO  
11:45:47 INFO  Test duration: 178.55 secs
11:45:48 INFO  Test final outcome:  FAILED
11:45:48 INFO  Test outcome reason: Assert that (False == value) with value=True
11:45:48 INFO  
</system-out>
	</testcase>
</testsuite>
