<?xml version="1.0" encoding="utf-8"?>
<testsuite failures="1" name="SoftwareManagement.sm_apt_install_remove_multiple" skipped="0" tests="1" time="179.55" timestamp="2022-04-24T12:47:08">
	<testcase classname="PySysTest" name="SoftwareManagement.sm_apt_install_remove_multiple">
		<failure message="FAILED: Assert that (False == value) with value=True" type="FAILED"/>
		<system-out>12:44:09 INFO  ==============================================================
12:44:09 INFO  Id:    SoftwareManagement.sm_apt_install_remove_multiple
12:44:09 INFO  Dir:   software_management_end_to_end/
12:44:09 INFO  Title: Validate end to end behaviour for the apt plugin for multiple packages
12:44:09 INFO  ==============================================================
12:44:09 INFO  Using sw id database: {'asciijump': '5475369', 'robotfindskitten': '5474869', 'squirrel3': '5475279', 'rolldice': '5152439', 'moon-buggy': '5439204', 'apple': '5495053', 'banana': '5494888', 'cherry': '5495382', 'watermelon': '5494510', 'registry': '8018911', 'hello-world': '8021526', 'docker/getting-started': '8021973', 'alpine': '7991792'}
12:44:09 INFO  EnvironmentC8y Setup
12:44:09 INFO  Executed systemctl&lt;serv_mapper1&gt;, exit status 3
12:44:09 INFO  Restarting mosquitto too frequently in the last 10 seconds. It was only up for 4 seconds
12:44:09 INFO  Delaying execution by 7 seconds
12:44:30 INFO  Executed sudo&lt;tedge_connect_c8y&gt;, exit status 0, duration 14 secs
12:44:31 INFO  Executed sudo&lt;tedge_connect_c8y_test&gt;, exit status 0
12:44:32 INFO  Executed systemctl&lt;serv_mosq2&gt;, exit status 0
12:44:32 INFO  Executed systemctl&lt;serv_mapper3&gt;, exit status 0
12:44:34 INFO  State of current operation: SUCCESSFUL
12:44:34 INFO  Assert that (False == value) with value=False ... passed
12:44:35 INFO  Assert that (False == value) with value=False ... passed
12:44:35 INFO  Assert that (False == value) with value=False ... passed
12:44:35 INFO  Package robotfindskitten is installed
12:44:35 WARN  Assert that (False == value) with value=True ... failed 
12:44:35 INFO  Response status: 201
12:44:35 INFO  Response to action: {
    &quot;creationTime&quot;: &quot;2022-04-24T12:44:35.837Z&quot;,
    &quot;deviceName&quot;: &quot;m32sd10a&quot;,
    &quot;deviceId&quot;: &quot;17593231&quot;,
    &quot;self&quot;: &quot;https://t493319102.eu-latest.cumulocity.com/devicecontrol/operations/17668621&quot;,
    &quot;id&quot;: &quot;17668621&quot;,
    &quot;status&quot;: &quot;PENDING&quot;,
    &quot;description&quot;: &quot;Apply software changes, triggered from PySys: [{'action': 'install', 'id': '5475369', 'name': 'asciijump', 'url': ' ', 'version': '::apt'}, {'action': 'install', 'id': '5474869', 'name': 'robotfindskitten', 'url': ' ', 'version': '::apt'}, {'action': 'install', 'id': '5475279', 'name': 'squirrel3', 'url': ' ', 'version': '::apt'}]&quot;,
    &quot;c8y_SoftwareUpdate&quot;: [
        {
            &quot;name&quot;: &quot;asciijump&quot;,
            &quot;action&quot;: &quot;install&quot;,
            &quot;id&quot;: &quot;5475369&quot;,
            &quot;version&quot;: &quot;::apt&quot;,
            &quot;url&quot;: &quot; &quot;
        },
        {
            &quot;name&quot;: &quot;robotfindskitten&quot;,
            &quot;action&quot;: &quot;install&quot;,
            &quot;id&quot;: &quot;5474869&quot;,
            &quot;version&quot;: &quot;::apt&quot;,
            &quot;url&quot;: &quot; &quot;
        },
        {
            &quot;name&quot;: &quot;squirrel3&quot;,
            &quot;action&quot;: &quot;install&quot;,
            &quot;id&quot;: &quot;5475279&quot;,
            &quot;version&quot;: &quot;::apt&quot;,
            &quot;url&quot;: &quot; &quot;
        }
    ]
}
12:44:35 INFO  Started operation: {'creationTime': '2022-04-24T12:44:35.837Z', 'deviceName': 'm32sd10a', 'deviceId': '17593231', 'self': 'https://t493319102.eu-latest.cumulocity.com/devicecontrol/operations/17668621', 'id': '17668621', 'status': 'PENDING', 'description': &quot;Apply software changes, triggered from PySys: [{'action': 'install', 'id': '5475369', 'name': 'asciijump', 'url': ' ', 'version': '::apt'}, {'action': 'install', 'id': '5474869', 'name': 'robotfindskitten', 'url': ' ', 'version': '::apt'}, {'action': 'install', 'id': '5475279', 'name': 'squirrel3', 'url': ' ', 'version': '::apt'}]&quot;, 'c8y_SoftwareUpdate': [{'name': 'asciijump', 'action': 'install', 'id': '5475369', 'version': '::apt', 'url': ' '}, {'name': 'robotfindskitten', 'action': 'install', 'id': '5474869', 'version': '::apt', 'url': ' '}, {'name': 'squirrel3', 'action': 'install', 'id': '5475279', 'version': '::apt', 'url': ' '}]}
12:44:38 INFO  State of operation 17668621 : PENDING
12:44:40 INFO  State of operation 17668621 : EXECUTING
12:44:42 INFO  State of operation 17668621 : EXECUTING
12:44:44 INFO  State of operation 17668621 : EXECUTING
12:44:46 INFO  State of operation 17668621 : EXECUTING
12:44:49 INFO  State of operation 17668621 : EXECUTING
12:44:51 INFO  State of operation 17668621 : EXECUTING
12:44:54 INFO  State of operation 17668621 : EXECUTING
12:44:56 INFO  State of operation 17668621 : EXECUTING
12:44:59 INFO  State of operation 17668621 : EXECUTING
12:45:01 INFO  State of operation 17668621 : EXECUTING
12:45:03 INFO  State of operation 17668621 : EXECUTING
12:45:05 INFO  State of operation 17668621 : EXECUTING
12:45:08 INFO  State of operation 17668621 : EXECUTING
12:45:10 INFO  State of operation 17668621 : EXECUTING
12:45:12 INFO  State of operation 17668621 : EXECUTING
12:45:15 INFO  State of operation 17668621 : EXECUTING
12:45:17 INFO  State of operation 17668621 : EXECUTING
12:45:20 INFO  State of operation 17668621 : EXECUTING
12:45:22 INFO  State of operation 17668621 : EXECUTING
12:45:24 INFO  State of operation 17668621 : EXECUTING
12:45:27 INFO  State of operation 17668621 : EXECUTING
12:45:29 INFO  State of operation 17668621 : EXECUTING
12:45:31 INFO  State of operation 17668621 : EXECUTING
12:45:34 INFO  State of operation 17668621 : EXECUTING
12:45:36 INFO  State of operation 17668621 : EXECUTING
12:45:38 INFO  State of operation 17668621 : EXECUTING
12:45:41 INFO  State of operation 17668621 : EXECUTING
12:45:43 INFO  State of operation 17668621 : EXECUTING
12:45:45 INFO  State of operation 17668621 : EXECUTING
12:45:48 INFO  State of operation 17668621 : EXECUTING
12:45:50 INFO  State of operation 17668621 : EXECUTING
12:45:52 INFO  State of operation 17668621 : EXECUTING
12:45:54 INFO  State of operation 17668621 : EXECUTING
12:45:57 INFO  State of operation 17668621 : SUCCESSFUL
12:45:57 INFO  Assert that (False == value) with value=False ... passed
12:45:57 INFO  Package asciijump is installed
12:45:57 INFO  Assert that (True == value) with value=True ... passed
12:45:57 INFO  Package squirrel3 is installed
12:45:57 INFO  Assert that (True == value) with value=True ... passed
12:45:57 INFO  Package robotfindskitten is installed
12:45:57 INFO  Assert that (True == value) with value=True ... passed
12:45:58 INFO  Response status: 201
12:45:58 INFO  Response to action: {
    &quot;creationTime&quot;: &quot;2022-04-24T12:45:58.101Z&quot;,
    &quot;deviceName&quot;: &quot;m32sd10a&quot;,
    &quot;deviceId&quot;: &quot;17593231&quot;,
    &quot;self&quot;: &quot;https://t493319102.eu-latest.cumulocity.com/devicecontrol/operations/17668633&quot;,
    &quot;id&quot;: &quot;17668633&quot;,
    &quot;status&quot;: &quot;PENDING&quot;,
    &quot;description&quot;: &quot;Apply software changes, triggered from PySys: [{'action': 'delete', 'id': '5475369', 'name': 'asciijump', 'url': ' ', 'version': '::apt'}, {'action': 'delete', 'id': '5474869', 'name': 'robotfindskitten', 'url': ' ', 'version': '::apt'}, {'action': 'delete', 'id': '5475279', 'name': 'squirrel3', 'url': ' ', 'version': '::apt'}]&quot;,
    &quot;c8y_SoftwareUpdate&quot;: [
        {
            &quot;name&quot;: &quot;asciijump&quot;,
            &quot;action&quot;: &quot;delete&quot;,
            &quot;id&quot;: &quot;5475369&quot;,
            &quot;version&quot;: &quot;::apt&quot;,
            &quot;url&quot;: &quot; &quot;
        },
        {
            &quot;name&quot;: &quot;robotfindskitten&quot;,
            &quot;action&quot;: &quot;delete&quot;,
            &quot;id&quot;: &quot;5474869&quot;,
            &quot;version&quot;: &quot;::apt&quot;,
            &quot;url&quot;: &quot; &quot;
        },
        {
            &quot;name&quot;: &quot;squirrel3&quot;,
            &quot;action&quot;: &quot;delete&quot;,
            &quot;id&quot;: &quot;5475279&quot;,
            &quot;version&quot;: &quot;::apt&quot;,
            &quot;url&quot;: &quot; &quot;
        }
    ]
}
12:45:58 INFO  Started operation: {'creationTime': '2022-04-24T12:45:58.101Z', 'deviceName': 'm32sd10a', 'deviceId': '17593231', 'self': 'https://t493319102.eu-latest.cumulocity.com/devicecontrol/operations/17668633', 'id': '17668633', 'status': 'PENDING', 'description': &quot;Apply software changes, triggered from PySys: [{'action': 'delete', 'id': '5475369', 'name': 'asciijump', 'url': ' ', 'version': '::apt'}, {'action': 'delete', 'id': '5474869', 'name': 'robotfindskitten', 'url': ' ', 'version': '::apt'}, {'action': 'delete', 'id': '5475279', 'name': 'squirrel3', 'url': ' ', 'version': '::apt'}]&quot;, 'c8y_SoftwareUpdate': [{'name': 'asciijump', 'action': 'delete', 'id': '5475369', 'version': '::apt', 'url': ' '}, {'name': 'robotfindskitten', 'action': 'delete', 'id': '5474869', 'version': '::apt', 'url': ' '}, {'name': 'squirrel3', 'action': 'delete', 'id': '5475279', 'version': '::apt', 'url': ' '}]}
12:46:00 INFO  State of operation 17668633 : PENDING
12:46:02 INFO  State of operation 17668633 : EXECUTING
12:46:04 INFO  State of operation 17668633 : EXECUTING
12:46:07 INFO  State of operation 17668633 : EXECUTING
12:46:09 INFO  State of operation 17668633 : EXECUTING
12:46:11 INFO  State of operation 17668633 : EXECUTING
12:46:14 INFO  State of operation 17668633 : EXECUTING
12:46:16 INFO  State of operation 17668633 : EXECUTING
12:46:19 INFO  State of operation 17668633 : EXECUTING
12:46:21 INFO  State of operation 17668633 : EXECUTING
12:46:23 INFO  State of operation 17668633 : EXECUTING
12:46:25 INFO  State of operation 17668633 : EXECUTING
12:46:28 INFO  State of operation 17668633 : EXECUTING
12:46:30 INFO  State of operation 17668633 : EXECUTING
12:46:32 INFO  State of operation 17668633 : EXECUTING
12:46:35 INFO  State of operation 17668633 : EXECUTING
12:46:37 INFO  State of operation 17668633 : EXECUTING
12:46:40 INFO  State of operation 17668633 : EXECUTING
12:46:42 INFO  State of operation 17668633 : EXECUTING
12:46:44 INFO  State of operation 17668633 : EXECUTING
12:46:46 INFO  State of operation 17668633 : EXECUTING
12:46:49 INFO  State of operation 17668633 : EXECUTING
12:46:51 INFO  State of operation 17668633 : EXECUTING
12:46:53 INFO  State of operation 17668633 : EXECUTING
12:46:56 INFO  State of operation 17668633 : EXECUTING
12:46:58 INFO  State of operation 17668633 : EXECUTING
12:47:00 INFO  State of operation 17668633 : EXECUTING
12:47:03 INFO  State of operation 17668633 : SUCCESSFUL
12:47:03 INFO  Assert that (False == value) with value=False ... passed
12:47:03 INFO  Assert that (False == value) with value=False ... passed
12:47:03 INFO  Assert that (False == value) with value=False ... passed
12:47:04 INFO  Assert that (False == value) with value=False ... passed
12:47:04 INFO  
12:47:04 INFO  cleanup:
12:47:08 INFO  Executed sudo&lt;tedge_disconnect_c8y&gt;, exit status 0
12:47:08 INFO  Executed systemctl&lt;serv_mapper5&gt;, exit status 3
12:47:08 INFO  
12:47:08 INFO  Test duration: 179.55 secs
12:47:08 INFO  Test final outcome:  FAILED
12:47:08 INFO  Test outcome reason: Assert that (False == value) with value=True
12:47:08 INFO  
</system-out>
	</testcase>
</testsuite>
