<?xml version="1.0" encoding="utf-8"?>
<testsuite failures="1" name="SoftwareManagement.sm_apt_install_remove_multiple" skipped="0" tests="1" time="178.59" timestamp="2022-05-12T09:38:29">
	<testcase classname="PySysTest" name="SoftwareManagement.sm_apt_install_remove_multiple">
		<failure message="FAILED: Assert that (False == value) with value=True" type="FAILED"/>
		<system-out>09:35:31 INFO  ==============================================================
09:35:31 INFO  Id:    SoftwareManagement.sm_apt_install_remove_multiple
09:35:31 INFO  Dir:   software_management_end_to_end/
09:35:31 INFO  Title: Validate end to end behaviour for the apt plugin for multiple packages
09:35:31 INFO  ==============================================================
09:35:31 INFO  Using sw id database: {'asciijump': '5475369', 'robotfindskitten': '5474869', 'squirrel3': '5475279', 'rolldice': '5152439', 'moon-buggy': '5439204', 'apple': '5495053', 'banana': '5494888', 'cherry': '5495382', 'watermelon': '5494510', 'registry': '8018911', 'hello-world': '8021526', 'docker/getting-started': '8021973', 'alpine': '7991792'}
09:35:31 INFO  EnvironmentC8y Setup
09:35:31 INFO  Executed systemctl&lt;serv_mapper1&gt;, exit status 3
09:35:31 INFO  Restarting mosquitto too frequently in the last 10 seconds. It was only up for 4 seconds
09:35:31 INFO  Delaying execution by 7 seconds
09:35:52 INFO  Executed sudo&lt;tedge_connect_c8y&gt;, exit status 0, duration 14 secs
09:35:53 INFO  Executed sudo&lt;tedge_connect_c8y_test&gt;, exit status 0
09:35:54 INFO  Executed systemctl&lt;serv_mosq2&gt;, exit status 0
09:35:54 INFO  Executed systemctl&lt;serv_mapper3&gt;, exit status 0
09:35:56 INFO  State of current operation: SUCCESSFUL
09:35:57 INFO  Assert that (False == value) with value=False ... passed
09:35:57 INFO  Assert that (False == value) with value=False ... passed
09:35:57 INFO  Assert that (False == value) with value=False ... passed
09:35:57 INFO  Package robotfindskitten is installed
09:35:57 WARN  Assert that (False == value) with value=True ... failed 
09:35:57 INFO  Response status: 201
09:35:57 INFO  Response to action: {
    &quot;delivery&quot;: {
        &quot;time&quot;: &quot;2022-05-12T09:35:57.914Z&quot;,
        &quot;log&quot;: [],
        &quot;status&quot;: &quot;PENDING&quot;
    },
    &quot;creationTime&quot;: &quot;2022-05-12T09:35:57.898Z&quot;,
    &quot;deviceId&quot;: &quot;18906809&quot;,
    &quot;deviceName&quot;: &quot;m32sd10a&quot;,
    &quot;self&quot;: &quot;https://t493319102.eu-latest.cumulocity.com/devicecontrol/operations/18938703&quot;,
    &quot;id&quot;: &quot;18938703&quot;,
    &quot;status&quot;: &quot;PENDING&quot;,
    &quot;description&quot;: &quot;Apply software changes, triggered from PySys: [{'action': 'install', 'id': '5475369', 'name': 'asciijump', 'url': ' ', 'version': '::apt'}, {'action': 'install', 'id': '5474869', 'name': 'robotfindskitten', 'url': ' ', 'version': '::apt'}, {'action': 'install', 'id': '5475279', 'name': 'squirrel3', 'url': ' ', 'version': '::apt'}]&quot;,
    &quot;c8y_SoftwareUpdate&quot;: [
        {
            &quot;name&quot;: &quot;asciijump&quot;,
            &quot;action&quot;: &quot;install&quot;,
            &quot;id&quot;: &quot;5475369&quot;,
            &quot;version&quot;: &quot;::apt&quot;,
            &quot;url&quot;: &quot; &quot;
        },
        {
            &quot;name&quot;: &quot;robotfindskitten&quot;,
            &quot;action&quot;: &quot;install&quot;,
            &quot;id&quot;: &quot;5474869&quot;,
            &quot;version&quot;: &quot;::apt&quot;,
            &quot;url&quot;: &quot; &quot;
        },
        {
            &quot;name&quot;: &quot;squirrel3&quot;,
            &quot;action&quot;: &quot;install&quot;,
            &quot;id&quot;: &quot;5475279&quot;,
            &quot;version&quot;: &quot;::apt&quot;,
            &quot;url&quot;: &quot; &quot;
        }
    ]
}
09:35:57 INFO  Started operation: {'delivery': {'time': '2022-05-12T09:35:57.914Z', 'log': [], 'status': 'PENDING'}, 'creationTime': '2022-05-12T09:35:57.898Z', 'deviceId': '18906809', 'deviceName': 'm32sd10a', 'self': 'https://t493319102.eu-latest.cumulocity.com/devicecontrol/operations/18938703', 'id': '18938703', 'status': 'PENDING', 'description': &quot;Apply software changes, triggered from PySys: [{'action': 'install', 'id': '5475369', 'name': 'asciijump', 'url': ' ', 'version': '::apt'}, {'action': 'install', 'id': '5474869', 'name': 'robotfindskitten', 'url': ' ', 'version': '::apt'}, {'action': 'install', 'id': '5475279', 'name': 'squirrel3', 'url': ' ', 'version': '::apt'}]&quot;, 'c8y_SoftwareUpdate': [{'name': 'asciijump', 'action': 'install', 'id': '5475369', 'version': '::apt', 'url': ' '}, {'name': 'robotfindskitten', 'action': 'install', 'id': '5474869', 'version': '::apt', 'url': ' '}, {'name': 'squirrel3', 'action': 'install', 'id': '5475279', 'version': '::apt', 'url': ' '}]}
09:36:00 INFO  State of operation 18938703 : PENDING
09:36:02 INFO  State of operation 18938703 : EXECUTING
09:36:04 INFO  State of operation 18938703 : EXECUTING
09:36:07 INFO  State of operation 18938703 : EXECUTING
09:36:09 INFO  State of operation 18938703 : EXECUTING
09:36:11 INFO  State of operation 18938703 : EXECUTING
09:36:14 INFO  State of operation 18938703 : EXECUTING
09:36:17 INFO  State of operation 18938703 : EXECUTING
09:36:19 INFO  State of operation 18938703 : EXECUTING
09:36:21 INFO  State of operation 18938703 : EXECUTING
09:36:24 INFO  State of operation 18938703 : EXECUTING
09:36:26 INFO  State of operation 18938703 : EXECUTING
09:36:28 INFO  State of operation 18938703 : EXECUTING
09:36:30 INFO  State of operation 18938703 : EXECUTING
09:36:32 INFO  State of operation 18938703 : EXECUTING
09:36:35 INFO  State of operation 18938703 : EXECUTING
09:36:37 INFO  State of operation 18938703 : EXECUTING
09:36:40 INFO  State of operation 18938703 : EXECUTING
09:36:42 INFO  State of operation 18938703 : EXECUTING
09:36:44 INFO  State of operation 18938703 : EXECUTING
09:36:47 INFO  State of operation 18938703 : EXECUTING
09:36:49 INFO  State of operation 18938703 : EXECUTING
09:36:52 INFO  State of operation 18938703 : EXECUTING
09:36:55 INFO  State of operation 18938703 : EXECUTING
09:36:57 INFO  State of operation 18938703 : EXECUTING
09:36:59 INFO  State of operation 18938703 : EXECUTING
09:37:02 INFO  State of operation 18938703 : EXECUTING
09:37:04 INFO  State of operation 18938703 : EXECUTING
09:37:06 INFO  State of operation 18938703 : EXECUTING
09:37:09 INFO  State of operation 18938703 : EXECUTING
09:37:11 INFO  State of operation 18938703 : EXECUTING
09:37:13 INFO  State of operation 18938703 : EXECUTING
09:37:15 INFO  State of operation 18938703 : EXECUTING
09:37:18 INFO  State of operation 18938703 : SUCCESSFUL
09:37:18 INFO  Assert that (False == value) with value=False ... passed
09:37:18 INFO  Package asciijump is installed
09:37:18 INFO  Assert that (True == value) with value=True ... passed
09:37:18 INFO  Package squirrel3 is installed
09:37:18 INFO  Assert that (True == value) with value=True ... passed
09:37:19 INFO  Package robotfindskitten is installed
09:37:19 INFO  Assert that (True == value) with value=True ... passed
09:37:19 INFO  Response status: 201
09:37:19 INFO  Response to action: {
    &quot;delivery&quot;: {
        &quot;time&quot;: &quot;2022-05-12T09:37:19.225Z&quot;,
        &quot;log&quot;: [],
        &quot;status&quot;: &quot;PENDING&quot;
    },
    &quot;creationTime&quot;: &quot;2022-05-12T09:37:19.211Z&quot;,
    &quot;deviceId&quot;: &quot;18906809&quot;,
    &quot;deviceName&quot;: &quot;m32sd10a&quot;,
    &quot;self&quot;: &quot;https://t493319102.eu-latest.cumulocity.com/devicecontrol/operations/18938727&quot;,
    &quot;id&quot;: &quot;18938727&quot;,
    &quot;status&quot;: &quot;PENDING&quot;,
    &quot;description&quot;: &quot;Apply software changes, triggered from PySys: [{'action': 'delete', 'id': '5475369', 'name': 'asciijump', 'url': ' ', 'version': '::apt'}, {'action': 'delete', 'id': '5474869', 'name': 'robotfindskitten', 'url': ' ', 'version': '::apt'}, {'action': 'delete', 'id': '5475279', 'name': 'squirrel3', 'url': ' ', 'version': '::apt'}]&quot;,
    &quot;c8y_SoftwareUpdate&quot;: [
        {
            &quot;name&quot;: &quot;asciijump&quot;,
            &quot;action&quot;: &quot;delete&quot;,
            &quot;id&quot;: &quot;5475369&quot;,
            &quot;version&quot;: &quot;::apt&quot;,
            &quot;url&quot;: &quot; &quot;
        },
        {
            &quot;name&quot;: &quot;robotfindskitten&quot;,
            &quot;action&quot;: &quot;delete&quot;,
            &quot;id&quot;: &quot;5474869&quot;,
            &quot;version&quot;: &quot;::apt&quot;,
            &quot;url&quot;: &quot; &quot;
        },
        {
            &quot;name&quot;: &quot;squirrel3&quot;,
            &quot;action&quot;: &quot;delete&quot;,
            &quot;id&quot;: &quot;5475279&quot;,
            &quot;version&quot;: &quot;::apt&quot;,
            &quot;url&quot;: &quot; &quot;
        }
    ]
}
09:37:19 INFO  Started operation: {'delivery': {'time': '2022-05-12T09:37:19.225Z', 'log': [], 'status': 'PENDING'}, 'creationTime': '2022-05-12T09:37:19.211Z', 'deviceId': '18906809', 'deviceName': 'm32sd10a', 'self': 'https://t493319102.eu-latest.cumulocity.com/devicecontrol/operations/18938727', 'id': '18938727', 'status': 'PENDING', 'description': &quot;Apply software changes, triggered from PySys: [{'action': 'delete', 'id': '5475369', 'name': 'asciijump', 'url': ' ', 'version': '::apt'}, {'action': 'delete', 'id': '5474869', 'name': 'robotfindskitten', 'url': ' ', 'version': '::apt'}, {'action': 'delete', 'id': '5475279', 'name': 'squirrel3', 'url': ' ', 'version': '::apt'}]&quot;, 'c8y_SoftwareUpdate': [{'name': 'asciijump', 'action': 'delete', 'id': '5475369', 'version': '::apt', 'url': ' '}, {'name': 'robotfindskitten', 'action': 'delete', 'id': '5474869', 'version': '::apt', 'url': ' '}, {'name': 'squirrel3', 'action': 'delete', 'id': '5475279', 'version': '::apt', 'url': ' '}]}
09:37:21 INFO  State of operation 18938727 : PENDING
09:37:23 INFO  State of operation 18938727 : EXECUTING
09:37:25 INFO  State of operation 18938727 : EXECUTING
09:37:28 INFO  State of operation 18938727 : EXECUTING
09:37:30 INFO  State of operation 18938727 : EXECUTING
09:37:32 INFO  State of operation 18938727 : EXECUTING
09:37:35 INFO  State of operation 18938727 : EXECUTING
09:37:38 INFO  State of operation 18938727 : EXECUTING
09:37:40 INFO  State of operation 18938727 : EXECUTING
09:37:42 INFO  State of operation 18938727 : EXECUTING
09:37:44 INFO  State of operation 18938727 : EXECUTING
09:37:47 INFO  State of operation 18938727 : EXECUTING
09:37:49 INFO  State of operation 18938727 : EXECUTING
09:37:51 INFO  State of operation 18938727 : EXECUTING
09:37:53 INFO  State of operation 18938727 : EXECUTING
09:37:56 INFO  State of operation 18938727 : EXECUTING
09:37:58 INFO  State of operation 18938727 : EXECUTING
09:38:01 INFO  State of operation 18938727 : EXECUTING
09:38:03 INFO  State of operation 18938727 : EXECUTING
09:38:05 INFO  State of operation 18938727 : EXECUTING
09:38:08 INFO  State of operation 18938727 : EXECUTING
09:38:10 INFO  State of operation 18938727 : EXECUTING
09:38:12 INFO  State of operation 18938727 : EXECUTING
09:38:14 INFO  State of operation 18938727 : EXECUTING
09:38:17 INFO  State of operation 18938727 : EXECUTING
09:38:19 INFO  State of operation 18938727 : EXECUTING
09:38:22 INFO  State of operation 18938727 : EXECUTING
09:38:24 INFO  State of operation 18938727 : SUCCESSFUL
09:38:24 INFO  Assert that (False == value) with value=False ... passed
09:38:24 INFO  Assert that (False == value) with value=False ... passed
09:38:25 INFO  Assert that (False == value) with value=False ... passed
09:38:25 INFO  Assert that (False == value) with value=False ... passed
09:38:25 INFO  
09:38:25 INFO  cleanup:
09:38:29 INFO  Executed sudo&lt;tedge_disconnect_c8y&gt;, exit status 0
09:38:29 INFO  Executed systemctl&lt;serv_mapper5&gt;, exit status 3
09:38:29 INFO  
09:38:29 INFO  Test duration: 178.59 secs
09:38:29 INFO  Test final outcome:  FAILED
09:38:29 INFO  Test outcome reason: Assert that (False == value) with value=True
09:38:29 INFO  
</system-out>
	</testcase>
</testsuite>
