<?xml version="1.0" encoding="utf-8"?>
<testsuite failures="1" name="SoftwareManagement.sm_apt_install_remove_multiple_mixed" skipped="0" tests="1" time="178.26" timestamp="2022-04-25T22:05:27">
	<testcase classname="PySysTest" name="SoftwareManagement.sm_apt_install_remove_multiple_mixed">
		<failure message="BLOCKED: SystemError: Timeout while waiting for status SUCCESSFUL or False" type="BLOCKED"/>
		<system-out>22:02:29 INFO  ==============================================================
22:02:29 INFO  Id:    SoftwareManagement.sm_apt_install_remove_multiple_mixed
22:02:29 INFO  Dir:   software_management_end_to_end/
22:02:29 INFO  Title: Validate end to end behaviour for the apt plugin for multiple packages with mixed versions
22:02:29 INFO  ==============================================================
22:02:29 INFO  Using sw id database: {'asciijump': '5475369', 'robotfindskitten': '5474869', 'squirrel3': '5475279', 'rolldice': '5152439', 'moon-buggy': '5439204', 'apple': '5495053', 'banana': '5494888', 'cherry': '5495382', 'watermelon': '5494510', 'registry': '8018911', 'hello-world': '8021526', 'docker/getting-started': '8021973', 'alpine': '7991792'}
22:02:29 INFO  EnvironmentC8y Setup
22:02:29 INFO  Executed systemctl&lt;serv_mapper1&gt;, exit status 3
22:02:29 INFO  Restarting mosquitto too frequently in the last 10 seconds. It was only up for 4 seconds
22:02:29 INFO  Delaying execution by 7 seconds
22:02:50 INFO  Executed sudo&lt;tedge_connect_c8y&gt;, exit status 0, duration 13 secs
22:02:51 INFO  Executed sudo&lt;tedge_connect_c8y_test&gt;, exit status 0
22:02:51 INFO  Executed systemctl&lt;serv_mosq2&gt;, exit status 0
22:02:52 INFO  Executed systemctl&lt;serv_mapper3&gt;, exit status 0
22:02:54 INFO  State of current operation: SUCCESSFUL
22:02:54 INFO  Assert that (False == value) with value=False ... passed
22:02:55 INFO  Assert that (False == value) with value=False ... passed
22:02:55 INFO  Assert that (False == value) with value=False ... passed
22:02:55 INFO  Assert that (False == value) with value=False ... passed
22:02:55 INFO  Assert that (False == value) with value=False ... passed
22:02:57 INFO  Response status: 201
22:02:57 INFO  Response to action: {
    &quot;creationTime&quot;: &quot;2022-04-25T22:02:56.995Z&quot;,
    &quot;deviceName&quot;: &quot;m32sd10a&quot;,
    &quot;deviceId&quot;: &quot;17672377&quot;,
    &quot;self&quot;: &quot;https://t493319102.eu-latest.cumulocity.com/devicecontrol/operations/17708973&quot;,
    &quot;id&quot;: &quot;17708973&quot;,
    &quot;status&quot;: &quot;PENDING&quot;,
    &quot;description&quot;: &quot;Apply software changes, triggered from PySys: [{'action': 'install', 'id': '5475369', 'name': 'asciijump', 'url': ' ', 'version': '::apt'}, {'action': 'install', 'id': '5474869', 'name': 'robotfindskitten', 'url': ' ', 'version': ' '}, {'action': 'install', 'id': '5475279', 'name': 'squirrel3', 'url': ' ', 'version': '3.1-7::apt'}, {'action': 'install', 'id': '5152439', 'name': 'rolldice', 'url': ' ', 'version': '1.16-1+b1'}, {'action': 'install', 'id': '5439204', 'name': 'moon-buggy', 'url': ' ', 'version': '1:1.0.51-12'}, {'action': 'install', 'id': '5475369', 'name': 'asciijump', 'url': ' ', 'version': '::apt'}]&quot;,
    &quot;c8y_SoftwareUpdate&quot;: [
        {
            &quot;name&quot;: &quot;asciijump&quot;,
            &quot;action&quot;: &quot;install&quot;,
            &quot;id&quot;: &quot;5475369&quot;,
            &quot;version&quot;: &quot;::apt&quot;,
            &quot;url&quot;: &quot; &quot;
        },
        {
            &quot;name&quot;: &quot;robotfindskitten&quot;,
            &quot;action&quot;: &quot;install&quot;,
            &quot;id&quot;: &quot;5474869&quot;,
            &quot;version&quot;: &quot; &quot;,
            &quot;url&quot;: &quot; &quot;
        },
        {
            &quot;name&quot;: &quot;squirrel3&quot;,
            &quot;action&quot;: &quot;install&quot;,
            &quot;id&quot;: &quot;5475279&quot;,
            &quot;version&quot;: &quot;3.1-7::apt&quot;,
            &quot;url&quot;: &quot; &quot;
        },
        {
            &quot;name&quot;: &quot;rolldice&quot;,
            &quot;action&quot;: &quot;install&quot;,
            &quot;id&quot;: &quot;5152439&quot;,
            &quot;version&quot;: &quot;1.16-1+b1&quot;,
            &quot;url&quot;: &quot; &quot;
        },
        {
            &quot;name&quot;: &quot;moon-buggy&quot;,
            &quot;action&quot;: &quot;install&quot;,
            &quot;id&quot;: &quot;5439204&quot;,
            &quot;version&quot;: &quot;1:1.0.51-12&quot;,
            &quot;url&quot;: &quot; &quot;
        },
        {
            &quot;name&quot;: &quot;asciijump&quot;,
            &quot;action&quot;: &quot;install&quot;,
            &quot;id&quot;: &quot;5475369&quot;,
            &quot;version&quot;: &quot;::apt&quot;,
            &quot;url&quot;: &quot; &quot;
        }
    ]
}
22:02:57 INFO  Started operation: {'creationTime': '2022-04-25T22:02:56.995Z', 'deviceName': 'm32sd10a', 'deviceId': '17672377', 'self': 'https://t493319102.eu-latest.cumulocity.com/devicecontrol/operations/17708973', 'id': '17708973', 'status': 'PENDING', 'description': &quot;Apply software changes, triggered from PySys: [{'action': 'install', 'id': '5475369', 'name': 'asciijump', 'url': ' ', 'version': '::apt'}, {'action': 'install', 'id': '5474869', 'name': 'robotfindskitten', 'url': ' ', 'version': ' '}, {'action': 'install', 'id': '5475279', 'name': 'squirrel3', 'url': ' ', 'version': '3.1-7::apt'}, {'action': 'install', 'id': '5152439', 'name': 'rolldice', 'url': ' ', 'version': '1.16-1+b1'}, {'action': 'install', 'id': '5439204', 'name': 'moon-buggy', 'url': ' ', 'version': '1:1.0.51-12'}, {'action': 'install', 'id': '5475369', 'name': 'asciijump', 'url': ' ', 'version': '::apt'}]&quot;, 'c8y_SoftwareUpdate': [{'name': 'asciijump', 'action': 'install', 'id': '5475369', 'version': '::apt', 'url': ' '}, {'name': 'robotfindskitten', 'action': 'install', 'id': '5474869', 'version': ' ', 'url': ' '}, {'name': 'squirrel3', 'action': 'install', 'id': '5475279', 'version': '3.1-7::apt', 'url': ' '}, {'name': 'rolldice', 'action': 'install', 'id': '5152439', 'version': '1.16-1+b1', 'url': ' '}, {'name': 'moon-buggy', 'action': 'install', 'id': '5439204', 'version': '1:1.0.51-12', 'url': ' '}, {'name': 'asciijump', 'action': 'install', 'id': '5475369', 'version': '::apt', 'url': ' '}]}
22:02:59 INFO  State of operation 17708973 : PENDING
22:03:01 INFO  State of operation 17708973 : EXECUTING
22:03:03 INFO  State of operation 17708973 : EXECUTING
22:03:05 INFO  State of operation 17708973 : EXECUTING
22:03:08 INFO  State of operation 17708973 : EXECUTING
22:03:10 INFO  State of operation 17708973 : EXECUTING
22:03:13 INFO  State of operation 17708973 : EXECUTING
22:03:15 INFO  State of operation 17708973 : EXECUTING
22:03:18 INFO  State of operation 17708973 : EXECUTING
22:03:20 INFO  State of operation 17708973 : EXECUTING
22:03:22 INFO  State of operation 17708973 : EXECUTING
22:03:25 INFO  State of operation 17708973 : EXECUTING
22:03:27 INFO  State of operation 17708973 : EXECUTING
22:03:29 INFO  State of operation 17708973 : EXECUTING
22:03:31 INFO  State of operation 17708973 : EXECUTING
22:03:34 INFO  State of operation 17708973 : EXECUTING
22:03:36 INFO  State of operation 17708973 : EXECUTING
22:03:39 INFO  State of operation 17708973 : EXECUTING
22:03:41 INFO  State of operation 17708973 : EXECUTING
22:03:43 INFO  State of operation 17708973 : EXECUTING
22:03:45 INFO  State of operation 17708973 : EXECUTING
22:03:48 INFO  State of operation 17708973 : EXECUTING
22:03:50 INFO  State of operation 17708973 : EXECUTING
22:03:53 INFO  State of operation 17708973 : EXECUTING
22:03:55 INFO  State of operation 17708973 : EXECUTING
22:03:57 INFO  State of operation 17708973 : EXECUTING
22:03:59 INFO  State of operation 17708973 : EXECUTING
22:04:02 INFO  State of operation 17708973 : EXECUTING
22:04:04 INFO  State of operation 17708973 : EXECUTING
22:04:06 INFO  State of operation 17708973 : EXECUTING
22:04:09 INFO  State of operation 17708973 : EXECUTING
22:04:11 INFO  State of operation 17708973 : EXECUTING
22:04:13 INFO  State of operation 17708973 : EXECUTING
22:04:15 INFO  State of operation 17708973 : EXECUTING
22:04:17 INFO  State of operation 17708973 : EXECUTING
22:04:20 INFO  State of operation 17708973 : EXECUTING
22:04:22 INFO  State of operation 17708973 : EXECUTING
22:04:24 INFO  State of operation 17708973 : EXECUTING
22:04:27 INFO  State of operation 17708973 : EXECUTING
22:04:30 INFO  State of operation 17708973 : EXECUTING
22:04:32 INFO  State of operation 17708973 : EXECUTING
22:04:34 INFO  State of operation 17708973 : EXECUTING
22:04:37 INFO  State of operation 17708973 : EXECUTING
22:04:39 INFO  State of operation 17708973 : EXECUTING
22:04:41 INFO  State of operation 17708973 : EXECUTING
22:04:43 INFO  State of operation 17708973 : EXECUTING
22:04:46 INFO  State of operation 17708973 : EXECUTING
22:04:48 INFO  State of operation 17708973 : EXECUTING
22:04:50 INFO  State of operation 17708973 : EXECUTING
22:04:53 INFO  State of operation 17708973 : EXECUTING
22:04:55 INFO  State of operation 17708973 : EXECUTING
22:04:57 INFO  State of operation 17708973 : EXECUTING
22:04:59 INFO  State of operation 17708973 : EXECUTING
22:05:02 INFO  State of operation 17708973 : EXECUTING
22:05:04 INFO  State of operation 17708973 : EXECUTING
22:05:07 INFO  State of operation 17708973 : EXECUTING
22:05:09 INFO  State of operation 17708973 : EXECUTING
22:05:12 INFO  State of operation 17708973 : EXECUTING
22:05:14 INFO  State of operation 17708973 : EXECUTING
22:05:16 INFO  State of operation 17708973 : EXECUTING
22:05:19 INFO  State of operation 17708973 : EXECUTING
22:05:21 WARN  SystemError occurred while running test - Timeout while waiting for status SUCCESSFUL or False
Traceback (most recent call last):
  File &quot;/home/pi/env-pysys/lib/python3.7/site-packages/pysys/baserunner.py&quot;, line 1294, in __call__
    self.testObj.execute()
  File &quot;/home/pi/actions-runner/_work/thin-edge.io/thin-edge.io/tests/PySys/software_management_end_to_end/sm_apt_install_remove_multiple_mixed/run.py&quot;, line 89, in execute
    self.wait_until_succcess()
  File &quot;/home/pi/actions-runner/_work/thin-edge.io/thin-edge.io/tests/PySys/software_management_end_to_end/environment_sm_management.py&quot;, line 324, in wait_until_succcess
    self.wait_until_status(&quot;SUCCESSFUL&quot;)
  File &quot;/home/pi/actions-runner/_work/thin-edge.io/thin-edge.io/tests/PySys/software_management_end_to_end/environment_sm_management.py&quot;, line 381, in wait_until_status
    &quot;Timeout while waiting for status %s or %s&quot; % (status, status2)
SystemError: Timeout while waiting for status SUCCESSFUL or False
22:05:21 WARN  SystemError: Timeout while waiting for status SUCCESSFUL or False ... blocked 
22:05:21 INFO  
22:05:21 INFO  cleanup:
22:05:26 INFO  Executed sudo&lt;tedge_disconnect_c8y&gt;, exit status 0
22:05:27 INFO  Executed systemctl&lt;serv_mapper5&gt;, exit status 3
22:05:27 INFO  
22:05:27 INFO  Test duration: 178.26 secs
22:05:27 INFO  Test final outcome:  BLOCKED
22:05:27 INFO  Test outcome reason: SystemError: Timeout while waiting for status SUCCESSFUL or False
22:05:27 INFO  
</system-out>
	</testcase>
</testsuite>
