<?xml version="1.0" encoding="utf-8"?>
<testsuite failures="1" name="SoftwareManagement.sm_apt_install_remove_multiple_mixed" skipped="0" tests="1" time="30.46" timestamp="2022-04-27T09:15:39">
	<testcase classname="PySysTest" name="SoftwareManagement.sm_apt_install_remove_multiple_mixed">
		<failure message="BLOCKED: TypeError: 'NoneType' object is not iterable" type="BLOCKED"/>
		<system-out>09:15:08 INFO  ==============================================================
09:15:08 INFO  Id:    SoftwareManagement.sm_apt_install_remove_multiple_mixed
09:15:08 INFO  Dir:   software_management_end_to_end/
09:15:08 INFO  Title: Validate end to end behaviour for the apt plugin for multiple packages with mixed versions
09:15:08 INFO  ==============================================================
09:15:08 INFO  Using sw id database: {'asciijump': '5475369', 'robotfindskitten': '5474869', 'squirrel3': '5475279', 'rolldice': '5152439', 'moon-buggy': '5439204', 'apple': '5495053', 'banana': '5494888', 'cherry': '5495382', 'watermelon': '5494510', 'registry': '8018911', 'hello-world': '8021526', 'docker/getting-started': '8021973', 'alpine': '7991792'}
09:15:08 INFO  EnvironmentC8y Setup
09:15:09 INFO  Executed systemctl&lt;serv_mapper1&gt;, exit status 3
09:15:09 INFO  Restarting mosquitto too frequently in the last 10 seconds. It was only up for 4 seconds
09:15:09 INFO  Delaying execution by 7 seconds
09:15:30 INFO  Executed sudo&lt;tedge_connect_c8y&gt;, exit status 0, duration 14 secs
09:15:31 INFO  Executed sudo&lt;tedge_connect_c8y_test&gt;, exit status 0
09:15:31 INFO  Executed systemctl&lt;serv_mosq2&gt;, exit status 0
09:15:32 INFO  Executed systemctl&lt;serv_mapper3&gt;, exit status 0
09:15:34 INFO  State of current operation: FAILED
09:15:34 WARN  TypeError occurred while running test - 'NoneType' object is not iterable
Traceback (most recent call last):
  File &quot;/home/pi/env-pysys/lib/python3.7/site-packages/pysys/baserunner.py&quot;, line 1292, in __call__
    self.testObj.setup()
  File &quot;/home/pi/actions-runner/_work/thin-edge.io/thin-edge.io/tests/PySys/software_management_end_to_end/sm_apt_install_remove_multiple_mixed/run.py&quot;, line 75, in setup
    self.assertThat(&quot;False == value&quot;, value=self.check_is_installed(&quot;asciijump&quot;))
  File &quot;/home/pi/actions-runner/_work/thin-edge.io/thin-edge.io/tests/PySys/software_management_end_to_end/environment_sm_management.py&quot;, line 398, in check_is_installed
    for package in package_list:
TypeError: 'NoneType' object is not iterable
09:15:34 WARN  TypeError: 'NoneType' object is not iterable ... blocked 
09:15:34 INFO  
09:15:34 INFO  cleanup:
09:15:38 INFO  Executed sudo&lt;tedge_disconnect_c8y&gt;, exit status 0
09:15:39 INFO  Executed systemctl&lt;serv_mapper5&gt;, exit status 3
09:15:39 INFO  
09:15:39 INFO  Test duration: 30.46 secs
09:15:39 INFO  Test final outcome:  BLOCKED
09:15:39 INFO  Test outcome reason: TypeError: 'NoneType' object is not iterable
09:15:39 INFO  
</system-out>
	</testcase>
</testsuite>
