<?xml version="1.0" encoding="utf-8"?>
<testsuite failures="1" name="SoftwareManagement.sm_apt_install_remove_multiple_mixed" skipped="0" tests="1" time="177.33" timestamp="2022-04-24T12:50:06">
	<testcase classname="PySysTest" name="SoftwareManagement.sm_apt_install_remove_multiple_mixed">
		<failure message="BLOCKED: SystemError: Timeout while waiting for status SUCCESSFUL or False" type="BLOCKED"/>
		<system-out>12:47:08 INFO  ==============================================================
12:47:08 INFO  Id:    SoftwareManagement.sm_apt_install_remove_multiple_mixed
12:47:08 INFO  Dir:   software_management_end_to_end/
12:47:08 INFO  Title: Validate end to end behaviour for the apt plugin for multiple packages with mixed versions
12:47:08 INFO  ==============================================================
12:47:08 INFO  Using sw id database: {'asciijump': '5475369', 'robotfindskitten': '5474869', 'squirrel3': '5475279', 'rolldice': '5152439', 'moon-buggy': '5439204', 'apple': '5495053', 'banana': '5494888', 'cherry': '5495382', 'watermelon': '5494510', 'registry': '8018911', 'hello-world': '8021526', 'docker/getting-started': '8021973', 'alpine': '7991792'}
12:47:08 INFO  EnvironmentC8y Setup
12:47:09 INFO  Executed systemctl&lt;serv_mapper1&gt;, exit status 3
12:47:09 INFO  Restarting mosquitto too frequently in the last 10 seconds. It was only up for 5 seconds
12:47:09 INFO  Delaying execution by 6 seconds
12:47:29 INFO  Executed sudo&lt;tedge_connect_c8y&gt;, exit status 0, duration 13 secs
12:47:30 INFO  Executed sudo&lt;tedge_connect_c8y_test&gt;, exit status 0
12:47:30 INFO  Executed systemctl&lt;serv_mosq2&gt;, exit status 0
12:47:31 INFO  Executed systemctl&lt;serv_mapper3&gt;, exit status 0
12:47:33 INFO  State of current operation: SUCCESSFUL
12:47:33 INFO  Assert that (False == value) with value=False ... passed
12:47:33 INFO  Assert that (False == value) with value=False ... passed
12:47:33 INFO  Assert that (False == value) with value=False ... passed
12:47:34 INFO  Assert that (False == value) with value=False ... passed
12:47:34 INFO  Assert that (False == value) with value=False ... passed
12:47:35 INFO  Response status: 201
12:47:35 INFO  Response to action: {
    &quot;delivery&quot;: {
        &quot;time&quot;: &quot;2022-04-24T12:47:35.627Z&quot;,
        &quot;log&quot;: [],
        &quot;status&quot;: &quot;PENDING&quot;
    },
    &quot;creationTime&quot;: &quot;2022-04-24T12:47:35.614Z&quot;,
    &quot;deviceName&quot;: &quot;m32sd10a&quot;,
    &quot;deviceId&quot;: &quot;17593231&quot;,
    &quot;self&quot;: &quot;https://t493319102.eu-latest.cumulocity.com/devicecontrol/operations/17668642&quot;,
    &quot;id&quot;: &quot;17668642&quot;,
    &quot;status&quot;: &quot;PENDING&quot;,
    &quot;description&quot;: &quot;Apply software changes, triggered from PySys: [{'action': 'install', 'id': '5475369', 'name': 'asciijump', 'url': ' ', 'version': '::apt'}, {'action': 'install', 'id': '5474869', 'name': 'robotfindskitten', 'url': ' ', 'version': ' '}, {'action': 'install', 'id': '5475279', 'name': 'squirrel3', 'url': ' ', 'version': '3.1-7::apt'}, {'action': 'install', 'id': '5152439', 'name': 'rolldice', 'url': ' ', 'version': '1.16-1+b1'}, {'action': 'install', 'id': '5439204', 'name': 'moon-buggy', 'url': ' ', 'version': '1:1.0.51-12'}, {'action': 'install', 'id': '5475369', 'name': 'asciijump', 'url': ' ', 'version': '::apt'}]&quot;,
    &quot;c8y_SoftwareUpdate&quot;: [
        {
            &quot;name&quot;: &quot;asciijump&quot;,
            &quot;action&quot;: &quot;install&quot;,
            &quot;id&quot;: &quot;5475369&quot;,
            &quot;version&quot;: &quot;::apt&quot;,
            &quot;url&quot;: &quot; &quot;
        },
        {
            &quot;name&quot;: &quot;robotfindskitten&quot;,
            &quot;action&quot;: &quot;install&quot;,
            &quot;id&quot;: &quot;5474869&quot;,
            &quot;version&quot;: &quot; &quot;,
            &quot;url&quot;: &quot; &quot;
        },
        {
            &quot;name&quot;: &quot;squirrel3&quot;,
            &quot;action&quot;: &quot;install&quot;,
            &quot;id&quot;: &quot;5475279&quot;,
            &quot;version&quot;: &quot;3.1-7::apt&quot;,
            &quot;url&quot;: &quot; &quot;
        },
        {
            &quot;name&quot;: &quot;rolldice&quot;,
            &quot;action&quot;: &quot;install&quot;,
            &quot;id&quot;: &quot;5152439&quot;,
            &quot;version&quot;: &quot;1.16-1+b1&quot;,
            &quot;url&quot;: &quot; &quot;
        },
        {
            &quot;name&quot;: &quot;moon-buggy&quot;,
            &quot;action&quot;: &quot;install&quot;,
            &quot;id&quot;: &quot;5439204&quot;,
            &quot;version&quot;: &quot;1:1.0.51-12&quot;,
            &quot;url&quot;: &quot; &quot;
        },
        {
            &quot;name&quot;: &quot;asciijump&quot;,
            &quot;action&quot;: &quot;install&quot;,
            &quot;id&quot;: &quot;5475369&quot;,
            &quot;version&quot;: &quot;::apt&quot;,
            &quot;url&quot;: &quot; &quot;
        }
    ]
}
12:47:35 INFO  Started operation: {'delivery': {'time': '2022-04-24T12:47:35.627Z', 'log': [], 'status': 'PENDING'}, 'creationTime': '2022-04-24T12:47:35.614Z', 'deviceName': 'm32sd10a', 'deviceId': '17593231', 'self': 'https://t493319102.eu-latest.cumulocity.com/devicecontrol/operations/17668642', 'id': '17668642', 'status': 'PENDING', 'description': &quot;Apply software changes, triggered from PySys: [{'action': 'install', 'id': '5475369', 'name': 'asciijump', 'url': ' ', 'version': '::apt'}, {'action': 'install', 'id': '5474869', 'name': 'robotfindskitten', 'url': ' ', 'version': ' '}, {'action': 'install', 'id': '5475279', 'name': 'squirrel3', 'url': ' ', 'version': '3.1-7::apt'}, {'action': 'install', 'id': '5152439', 'name': 'rolldice', 'url': ' ', 'version': '1.16-1+b1'}, {'action': 'install', 'id': '5439204', 'name': 'moon-buggy', 'url': ' ', 'version': '1:1.0.51-12'}, {'action': 'install', 'id': '5475369', 'name': 'asciijump', 'url': ' ', 'version': '::apt'}]&quot;, 'c8y_SoftwareUpdate': [{'name': 'asciijump', 'action': 'install', 'id': '5475369', 'version': '::apt', 'url': ' '}, {'name': 'robotfindskitten', 'action': 'install', 'id': '5474869', 'version': ' ', 'url': ' '}, {'name': 'squirrel3', 'action': 'install', 'id': '5475279', 'version': '3.1-7::apt', 'url': ' '}, {'name': 'rolldice', 'action': 'install', 'id': '5152439', 'version': '1.16-1+b1', 'url': ' '}, {'name': 'moon-buggy', 'action': 'install', 'id': '5439204', 'version': '1:1.0.51-12', 'url': ' '}, {'name': 'asciijump', 'action': 'install', 'id': '5475369', 'version': '::apt', 'url': ' '}]}
12:47:37 INFO  State of operation 17668642 : PENDING
12:47:40 INFO  State of operation 17668642 : EXECUTING
12:47:42 INFO  State of operation 17668642 : EXECUTING
12:47:44 INFO  State of operation 17668642 : EXECUTING
12:47:46 INFO  State of operation 17668642 : EXECUTING
12:47:49 INFO  State of operation 17668642 : EXECUTING
12:47:51 INFO  State of operation 17668642 : EXECUTING
12:47:54 INFO  State of operation 17668642 : EXECUTING
12:47:56 INFO  State of operation 17668642 : EXECUTING
12:47:59 INFO  State of operation 17668642 : EXECUTING
12:48:01 INFO  State of operation 17668642 : EXECUTING
12:48:03 INFO  State of operation 17668642 : EXECUTING
12:48:05 INFO  State of operation 17668642 : EXECUTING
12:48:07 INFO  State of operation 17668642 : EXECUTING
12:48:10 INFO  State of operation 17668642 : EXECUTING
12:48:12 INFO  State of operation 17668642 : EXECUTING
12:48:14 INFO  State of operation 17668642 : EXECUTING
12:48:17 INFO  State of operation 17668642 : EXECUTING
12:48:19 INFO  State of operation 17668642 : EXECUTING
12:48:22 INFO  State of operation 17668642 : EXECUTING
12:48:24 INFO  State of operation 17668642 : EXECUTING
12:48:27 INFO  State of operation 17668642 : EXECUTING
12:48:29 INFO  State of operation 17668642 : EXECUTING
12:48:31 INFO  State of operation 17668642 : EXECUTING
12:48:33 INFO  State of operation 17668642 : EXECUTING
12:48:36 INFO  State of operation 17668642 : EXECUTING
12:48:38 INFO  State of operation 17668642 : EXECUTING
12:48:40 INFO  State of operation 17668642 : EXECUTING
12:48:43 INFO  State of operation 17668642 : EXECUTING
12:48:45 INFO  State of operation 17668642 : EXECUTING
12:48:47 INFO  State of operation 17668642 : EXECUTING
12:48:49 INFO  State of operation 17668642 : EXECUTING
12:48:52 INFO  State of operation 17668642 : EXECUTING
12:48:54 INFO  State of operation 17668642 : EXECUTING
12:48:56 INFO  State of operation 17668642 : EXECUTING
12:48:58 INFO  State of operation 17668642 : EXECUTING
12:49:01 INFO  State of operation 17668642 : EXECUTING
12:49:03 INFO  State of operation 17668642 : EXECUTING
12:49:06 INFO  State of operation 17668642 : EXECUTING
12:49:08 INFO  State of operation 17668642 : EXECUTING
12:49:11 INFO  State of operation 17668642 : EXECUTING
12:49:13 INFO  State of operation 17668642 : EXECUTING
12:49:15 INFO  State of operation 17668642 : EXECUTING
12:49:17 INFO  State of operation 17668642 : EXECUTING
12:49:20 INFO  State of operation 17668642 : EXECUTING
12:49:22 INFO  State of operation 17668642 : EXECUTING
12:49:24 INFO  State of operation 17668642 : EXECUTING
12:49:26 INFO  State of operation 17668642 : EXECUTING
12:49:29 INFO  State of operation 17668642 : EXECUTING
12:49:31 INFO  State of operation 17668642 : EXECUTING
12:49:33 INFO  State of operation 17668642 : EXECUTING
12:49:36 INFO  State of operation 17668642 : EXECUTING
12:49:38 INFO  State of operation 17668642 : EXECUTING
12:49:41 INFO  State of operation 17668642 : EXECUTING
12:49:43 INFO  State of operation 17668642 : EXECUTING
12:49:46 INFO  State of operation 17668642 : EXECUTING
12:49:48 INFO  State of operation 17668642 : EXECUTING
12:49:51 INFO  State of operation 17668642 : EXECUTING
12:49:53 INFO  State of operation 17668642 : EXECUTING
12:49:55 INFO  State of operation 17668642 : EXECUTING
12:49:57 INFO  State of operation 17668642 : EXECUTING
12:49:59 WARN  SystemError occurred while running test - Timeout while waiting for status SUCCESSFUL or False
Traceback (most recent call last):
  File &quot;/home/pi/env-pysys/lib/python3.7/site-packages/pysys/baserunner.py&quot;, line 1294, in __call__
    self.testObj.execute()
  File &quot;/home/pi/actions-runner/_work/thin-edge.io/thin-edge.io/tests/PySys/software_management_end_to_end/sm_apt_install_remove_multiple_mixed/run.py&quot;, line 89, in execute
    self.wait_until_succcess()
  File &quot;/home/pi/actions-runner/_work/thin-edge.io/thin-edge.io/tests/PySys/software_management_end_to_end/environment_sm_management.py&quot;, line 324, in wait_until_succcess
    self.wait_until_status(&quot;SUCCESSFUL&quot;)
  File &quot;/home/pi/actions-runner/_work/thin-edge.io/thin-edge.io/tests/PySys/software_management_end_to_end/environment_sm_management.py&quot;, line 381, in wait_until_status
    &quot;Timeout while waiting for status %s or %s&quot; % (status, status2)
SystemError: Timeout while waiting for status SUCCESSFUL or False
12:50:00 WARN  SystemError: Timeout while waiting for status SUCCESSFUL or False ... blocked 
12:50:00 INFO  
12:50:00 INFO  cleanup:
12:50:05 INFO  Executed sudo&lt;tedge_disconnect_c8y&gt;, exit status 0
12:50:06 INFO  Executed systemctl&lt;serv_mapper5&gt;, exit status 3
12:50:06 INFO  
12:50:06 INFO  Test duration: 177.33 secs
12:50:06 INFO  Test final outcome:  BLOCKED
12:50:06 INFO  Test outcome reason: SystemError: Timeout while waiting for status SUCCESSFUL or False
12:50:06 INFO  
</system-out>
	</testcase>
</testsuite>
