<?xml version="1.0" encoding="utf-8"?>
<testsuite failures="0" name="SoftwareManagement.sm_apt_install_fail" skipped="0" tests="1" time="97.2" timestamp="2022-05-02T11:01:33">
	<testcase classname="PySysTest" name="SoftwareManagement.sm_apt_install_fail"/>
</testsuite>
