<?xml version="1.0" encoding="utf-8"?>
<testsuite failures="0" name="apt_finalize" skipped="0" tests="1" time="102.47" timestamp="2022-04-27T13:26:59">
	<testcase classname="AptPluginFinalize" name="apt_finalize"/>
</testsuite>
