<?xml version="1.0" encoding="utf-8"?>
<testsuite failures="0" name="apt_remove" skipped="0" tests="1" time="65.36" timestamp="2022-05-04T08:49:41">
	<testcase classname="AptPluginRemoveDense" name="apt_remove"/>
</testsuite>
