<?xml version="1.0" encoding="utf-8"?>
<testsuite failures="0" name="apt_finalize" skipped="0" tests="1" time="149.59" timestamp="2022-04-28T11:19:45">
	<testcase classname="AptPluginFinalize" name="apt_finalize"/>
</testsuite>
