<?xml version="1.0" encoding="utf-8"?>
<testsuite failures="0" name="apt_finalize" skipped="0" tests="1" time="150.09" timestamp="2022-05-03T18:42:55">
	<testcase classname="AptPluginFinalize" name="apt_finalize"/>
</testsuite>
