<?xml version="1.0" encoding="utf-8"?>
<testsuite failures="1" name="SoftwareManagement.sm_apt_install_remove_multiple" skipped="0" tests="1" time="179.94" timestamp="2022-04-25T22:02:29">
	<testcase classname="PySysTest" name="SoftwareManagement.sm_apt_install_remove_multiple">
		<failure message="FAILED: Assert that (False == value) with value=True" type="FAILED"/>
		<system-out>21:59:29 INFO  ==============================================================
21:59:29 INFO  Id:    SoftwareManagement.sm_apt_install_remove_multiple
21:59:29 INFO  Dir:   software_management_end_to_end/
21:59:29 INFO  Title: Validate end to end behaviour for the apt plugin for multiple packages
21:59:29 INFO  ==============================================================
21:59:29 INFO  Using sw id database: {'asciijump': '5475369', 'robotfindskitten': '5474869', 'squirrel3': '5475279', 'rolldice': '5152439', 'moon-buggy': '5439204', 'apple': '5495053', 'banana': '5494888', 'cherry': '5495382', 'watermelon': '5494510', 'registry': '8018911', 'hello-world': '8021526', 'docker/getting-started': '8021973', 'alpine': '7991792'}
21:59:29 INFO  EnvironmentC8y Setup
21:59:29 INFO  Executed systemctl&lt;serv_mapper1&gt;, exit status 3
21:59:29 INFO  Restarting mosquitto too frequently in the last 10 seconds. It was only up for 4 seconds
21:59:29 INFO  Delaying execution by 7 seconds
21:59:50 INFO  Executed sudo&lt;tedge_connect_c8y&gt;, exit status 0, duration 14 secs
21:59:51 INFO  Executed sudo&lt;tedge_connect_c8y_test&gt;, exit status 0
21:59:52 INFO  Executed systemctl&lt;serv_mosq2&gt;, exit status 0
21:59:52 INFO  Executed systemctl&lt;serv_mapper3&gt;, exit status 0
21:59:54 INFO  State of current operation: SUCCESSFUL
21:59:55 INFO  Assert that (False == value) with value=False ... passed
21:59:55 INFO  Assert that (False == value) with value=False ... passed
21:59:55 INFO  Assert that (False == value) with value=False ... passed
21:59:55 INFO  Package robotfindskitten is installed
21:59:55 WARN  Assert that (False == value) with value=True ... failed 
21:59:56 INFO  Response status: 201
21:59:56 INFO  Response to action: {
    &quot;creationTime&quot;: &quot;2022-04-25T21:59:55.978Z&quot;,
    &quot;deviceName&quot;: &quot;m32sd10a&quot;,
    &quot;deviceId&quot;: &quot;17672377&quot;,
    &quot;self&quot;: &quot;https://t493319102.eu-latest.cumulocity.com/devicecontrol/operations/17708955&quot;,
    &quot;id&quot;: &quot;17708955&quot;,
    &quot;status&quot;: &quot;PENDING&quot;,
    &quot;description&quot;: &quot;Apply software changes, triggered from PySys: [{'action': 'install', 'id': '5475369', 'name': 'asciijump', 'url': ' ', 'version': '::apt'}, {'action': 'install', 'id': '5474869', 'name': 'robotfindskitten', 'url': ' ', 'version': '::apt'}, {'action': 'install', 'id': '5475279', 'name': 'squirrel3', 'url': ' ', 'version': '::apt'}]&quot;,
    &quot;c8y_SoftwareUpdate&quot;: [
        {
            &quot;name&quot;: &quot;asciijump&quot;,
            &quot;action&quot;: &quot;install&quot;,
            &quot;id&quot;: &quot;5475369&quot;,
            &quot;version&quot;: &quot;::apt&quot;,
            &quot;url&quot;: &quot; &quot;
        },
        {
            &quot;name&quot;: &quot;robotfindskitten&quot;,
            &quot;action&quot;: &quot;install&quot;,
            &quot;id&quot;: &quot;5474869&quot;,
            &quot;version&quot;: &quot;::apt&quot;,
            &quot;url&quot;: &quot; &quot;
        },
        {
            &quot;name&quot;: &quot;squirrel3&quot;,
            &quot;action&quot;: &quot;install&quot;,
            &quot;id&quot;: &quot;5475279&quot;,
            &quot;version&quot;: &quot;::apt&quot;,
            &quot;url&quot;: &quot; &quot;
        }
    ]
}
21:59:56 INFO  Started operation: {'creationTime': '2022-04-25T21:59:55.978Z', 'deviceName': 'm32sd10a', 'deviceId': '17672377', 'self': 'https://t493319102.eu-latest.cumulocity.com/devicecontrol/operations/17708955', 'id': '17708955', 'status': 'PENDING', 'description': &quot;Apply software changes, triggered from PySys: [{'action': 'install', 'id': '5475369', 'name': 'asciijump', 'url': ' ', 'version': '::apt'}, {'action': 'install', 'id': '5474869', 'name': 'robotfindskitten', 'url': ' ', 'version': '::apt'}, {'action': 'install', 'id': '5475279', 'name': 'squirrel3', 'url': ' ', 'version': '::apt'}]&quot;, 'c8y_SoftwareUpdate': [{'name': 'asciijump', 'action': 'install', 'id': '5475369', 'version': '::apt', 'url': ' '}, {'name': 'robotfindskitten', 'action': 'install', 'id': '5474869', 'version': '::apt', 'url': ' '}, {'name': 'squirrel3', 'action': 'install', 'id': '5475279', 'version': '::apt', 'url': ' '}]}
21:59:58 INFO  State of operation 17708955 : PENDING
22:00:00 INFO  State of operation 17708955 : EXECUTING
22:00:02 INFO  State of operation 17708955 : EXECUTING
22:00:05 INFO  State of operation 17708955 : EXECUTING
22:00:07 INFO  State of operation 17708955 : EXECUTING
22:00:09 INFO  State of operation 17708955 : EXECUTING
22:00:12 INFO  State of operation 17708955 : EXECUTING
22:00:14 INFO  State of operation 17708955 : EXECUTING
22:00:17 INFO  State of operation 17708955 : EXECUTING
22:00:19 INFO  State of operation 17708955 : EXECUTING
22:00:21 INFO  State of operation 17708955 : EXECUTING
22:00:24 INFO  State of operation 17708955 : EXECUTING
22:00:26 INFO  State of operation 17708955 : EXECUTING
22:00:28 INFO  State of operation 17708955 : EXECUTING
22:00:30 INFO  State of operation 17708955 : EXECUTING
22:00:33 INFO  State of operation 17708955 : EXECUTING
22:00:35 INFO  State of operation 17708955 : EXECUTING
22:00:38 INFO  State of operation 17708955 : EXECUTING
22:00:40 INFO  State of operation 17708955 : EXECUTING
22:00:42 INFO  State of operation 17708955 : EXECUTING
22:00:44 INFO  State of operation 17708955 : EXECUTING
22:00:47 INFO  State of operation 17708955 : EXECUTING
22:00:49 INFO  State of operation 17708955 : EXECUTING
22:00:52 INFO  State of operation 17708955 : EXECUTING
22:00:54 INFO  State of operation 17708955 : EXECUTING
22:00:57 INFO  State of operation 17708955 : EXECUTING
22:00:59 INFO  State of operation 17708955 : EXECUTING
22:01:01 INFO  State of operation 17708955 : EXECUTING
22:01:03 INFO  State of operation 17708955 : EXECUTING
22:01:05 INFO  State of operation 17708955 : EXECUTING
22:01:08 INFO  State of operation 17708955 : EXECUTING
22:01:10 INFO  State of operation 17708955 : EXECUTING
22:01:12 INFO  State of operation 17708955 : EXECUTING
22:01:15 INFO  State of operation 17708955 : EXECUTING
22:01:17 INFO  State of operation 17708955 : SUCCESSFUL
22:01:17 INFO  Assert that (False == value) with value=False ... passed
22:01:17 INFO  Package asciijump is installed
22:01:17 INFO  Assert that (True == value) with value=True ... passed
22:01:18 INFO  Package squirrel3 is installed
22:01:18 INFO  Assert that (True == value) with value=True ... passed
22:01:18 INFO  Package robotfindskitten is installed
22:01:18 INFO  Assert that (True == value) with value=True ... passed
22:01:18 INFO  Response status: 201
22:01:18 INFO  Response to action: {
    &quot;creationTime&quot;: &quot;2022-04-25T22:01:18.411Z&quot;,
    &quot;deviceName&quot;: &quot;m32sd10a&quot;,
    &quot;deviceId&quot;: &quot;17672377&quot;,
    &quot;self&quot;: &quot;https://t493319102.eu-latest.cumulocity.com/devicecontrol/operations/17708963&quot;,
    &quot;id&quot;: &quot;17708963&quot;,
    &quot;status&quot;: &quot;PENDING&quot;,
    &quot;description&quot;: &quot;Apply software changes, triggered from PySys: [{'action': 'delete', 'id': '5475369', 'name': 'asciijump', 'url': ' ', 'version': '::apt'}, {'action': 'delete', 'id': '5474869', 'name': 'robotfindskitten', 'url': ' ', 'version': '::apt'}, {'action': 'delete', 'id': '5475279', 'name': 'squirrel3', 'url': ' ', 'version': '::apt'}]&quot;,
    &quot;c8y_SoftwareUpdate&quot;: [
        {
            &quot;name&quot;: &quot;asciijump&quot;,
            &quot;action&quot;: &quot;delete&quot;,
            &quot;id&quot;: &quot;5475369&quot;,
            &quot;version&quot;: &quot;::apt&quot;,
            &quot;url&quot;: &quot; &quot;
        },
        {
            &quot;name&quot;: &quot;robotfindskitten&quot;,
            &quot;action&quot;: &quot;delete&quot;,
            &quot;id&quot;: &quot;5474869&quot;,
            &quot;version&quot;: &quot;::apt&quot;,
            &quot;url&quot;: &quot; &quot;
        },
        {
            &quot;name&quot;: &quot;squirrel3&quot;,
            &quot;action&quot;: &quot;delete&quot;,
            &quot;id&quot;: &quot;5475279&quot;,
            &quot;version&quot;: &quot;::apt&quot;,
            &quot;url&quot;: &quot; &quot;
        }
    ]
}
22:01:18 INFO  Started operation: {'creationTime': '2022-04-25T22:01:18.411Z', 'deviceName': 'm32sd10a', 'deviceId': '17672377', 'self': 'https://t493319102.eu-latest.cumulocity.com/devicecontrol/operations/17708963', 'id': '17708963', 'status': 'PENDING', 'description': &quot;Apply software changes, triggered from PySys: [{'action': 'delete', 'id': '5475369', 'name': 'asciijump', 'url': ' ', 'version': '::apt'}, {'action': 'delete', 'id': '5474869', 'name': 'robotfindskitten', 'url': ' ', 'version': '::apt'}, {'action': 'delete', 'id': '5475279', 'name': 'squirrel3', 'url': ' ', 'version': '::apt'}]&quot;, 'c8y_SoftwareUpdate': [{'name': 'asciijump', 'action': 'delete', 'id': '5475369', 'version': '::apt', 'url': ' '}, {'name': 'robotfindskitten', 'action': 'delete', 'id': '5474869', 'version': '::apt', 'url': ' '}, {'name': 'squirrel3', 'action': 'delete', 'id': '5475279', 'version': '::apt', 'url': ' '}]}
22:01:20 INFO  State of operation 17708963 : PENDING
22:01:22 INFO  State of operation 17708963 : EXECUTING
22:01:25 INFO  State of operation 17708963 : EXECUTING
22:01:27 INFO  State of operation 17708963 : EXECUTING
22:01:29 INFO  State of operation 17708963 : EXECUTING
22:01:31 INFO  State of operation 17708963 : EXECUTING
22:01:34 INFO  State of operation 17708963 : EXECUTING
22:01:37 INFO  State of operation 17708963 : EXECUTING
22:01:39 INFO  State of operation 17708963 : EXECUTING
22:01:41 INFO  State of operation 17708963 : EXECUTING
22:01:44 INFO  State of operation 17708963 : EXECUTING
22:01:46 INFO  State of operation 17708963 : EXECUTING
22:01:48 INFO  State of operation 17708963 : EXECUTING
22:01:50 INFO  State of operation 17708963 : EXECUTING
22:01:53 INFO  State of operation 17708963 : EXECUTING
22:01:55 INFO  State of operation 17708963 : EXECUTING
22:01:57 INFO  State of operation 17708963 : EXECUTING
22:02:00 INFO  State of operation 17708963 : EXECUTING
22:02:03 INFO  State of operation 17708963 : EXECUTING
22:02:05 INFO  State of operation 17708963 : EXECUTING
22:02:07 INFO  State of operation 17708963 : EXECUTING
22:02:09 INFO  State of operation 17708963 : EXECUTING
22:02:11 INFO  State of operation 17708963 : EXECUTING
22:02:14 INFO  State of operation 17708963 : EXECUTING
22:02:16 INFO  State of operation 17708963 : EXECUTING
22:02:19 INFO  State of operation 17708963 : EXECUTING
22:02:21 INFO  State of operation 17708963 : EXECUTING
22:02:23 INFO  State of operation 17708963 : SUCCESSFUL
22:02:23 INFO  Assert that (False == value) with value=False ... passed
22:02:24 INFO  Assert that (False == value) with value=False ... passed
22:02:24 INFO  Assert that (False == value) with value=False ... passed
22:02:24 INFO  Assert that (False == value) with value=False ... passed
22:02:24 INFO  
22:02:24 INFO  cleanup:
22:02:28 INFO  Executed sudo&lt;tedge_disconnect_c8y&gt;, exit status 0
22:02:29 INFO  Executed systemctl&lt;serv_mapper5&gt;, exit status 3
22:02:29 INFO  
22:02:29 INFO  Test duration: 179.94 secs
22:02:29 INFO  Test final outcome:  FAILED
22:02:29 INFO  Test outcome reason: Assert that (False == value) with value=True
22:02:29 INFO  
</system-out>
	</testcase>
</testsuite>
