<?xml version="1.0" encoding="utf-8"?>
<testsuite failures="1" name="SoftwareManagement.sm_apt_install_remove_multiple" skipped="0" tests="1" time="178.59" timestamp="2022-04-27T09:22:06">
	<testcase classname="PySysTest" name="SoftwareManagement.sm_apt_install_remove_multiple">
		<failure message="FAILED: Assert that (False == value) with value=True" type="FAILED"/>
		<system-out>09:19:08 INFO  ==============================================================
09:19:08 INFO  Id:    SoftwareManagement.sm_apt_install_remove_multiple
09:19:08 INFO  Dir:   software_management_end_to_end/
09:19:08 INFO  Title: Validate end to end behaviour for the apt plugin for multiple packages
09:19:08 INFO  ==============================================================
09:19:08 INFO  Using sw id database: {'asciijump': '5475369', 'robotfindskitten': '5474869', 'squirrel3': '5475279', 'rolldice': '5152439', 'moon-buggy': '5439204', 'apple': '5495053', 'banana': '5494888', 'cherry': '5495382', 'watermelon': '5494510', 'registry': '8018911', 'hello-world': '8021526', 'docker/getting-started': '8021973', 'alpine': '7991792'}
09:19:08 INFO  EnvironmentC8y Setup
09:19:08 INFO  Executed systemctl&lt;serv_mapper1&gt;, exit status 3
09:19:08 INFO  Restarting mosquitto too frequently in the last 10 seconds. It was only up for 4 seconds
09:19:08 INFO  Delaying execution by 7 seconds
09:19:29 INFO  Executed sudo&lt;tedge_connect_c8y&gt;, exit status 0, duration 13 secs
09:19:29 INFO  Executed sudo&lt;tedge_connect_c8y_test&gt;, exit status 0
09:19:30 INFO  Executed systemctl&lt;serv_mosq2&gt;, exit status 0
09:19:30 INFO  Executed systemctl&lt;serv_mapper3&gt;, exit status 0
09:19:33 INFO  State of current operation: SUCCESSFUL
09:19:33 INFO  Assert that (False == value) with value=False ... passed
09:19:33 INFO  Assert that (False == value) with value=False ... passed
09:19:33 INFO  Assert that (False == value) with value=False ... passed
09:19:33 INFO  Package robotfindskitten is installed
09:19:33 WARN  Assert that (False == value) with value=True ... failed 
09:19:34 INFO  Response status: 201
09:19:34 INFO  Response to action: {
    &quot;creationTime&quot;: &quot;2022-04-27T09:19:34.144Z&quot;,
    &quot;deviceName&quot;: &quot;m32sd10c&quot;,
    &quot;deviceId&quot;: &quot;17748286&quot;,
    &quot;self&quot;: &quot;https://t493319102.eu-latest.cumulocity.com/devicecontrol/operations/17757541&quot;,
    &quot;id&quot;: &quot;17757541&quot;,
    &quot;status&quot;: &quot;PENDING&quot;,
    &quot;description&quot;: &quot;Apply software changes, triggered from PySys: [{'action': 'install', 'id': '5475369', 'name': 'asciijump', 'url': ' ', 'version': '::apt'}, {'action': 'install', 'id': '5474869', 'name': 'robotfindskitten', 'url': ' ', 'version': '::apt'}, {'action': 'install', 'id': '5475279', 'name': 'squirrel3', 'url': ' ', 'version': '::apt'}]&quot;,
    &quot;c8y_SoftwareUpdate&quot;: [
        {
            &quot;name&quot;: &quot;asciijump&quot;,
            &quot;action&quot;: &quot;install&quot;,
            &quot;id&quot;: &quot;5475369&quot;,
            &quot;version&quot;: &quot;::apt&quot;,
            &quot;url&quot;: &quot; &quot;
        },
        {
            &quot;name&quot;: &quot;robotfindskitten&quot;,
            &quot;action&quot;: &quot;install&quot;,
            &quot;id&quot;: &quot;5474869&quot;,
            &quot;version&quot;: &quot;::apt&quot;,
            &quot;url&quot;: &quot; &quot;
        },
        {
            &quot;name&quot;: &quot;squirrel3&quot;,
            &quot;action&quot;: &quot;install&quot;,
            &quot;id&quot;: &quot;5475279&quot;,
            &quot;version&quot;: &quot;::apt&quot;,
            &quot;url&quot;: &quot; &quot;
        }
    ]
}
09:19:34 INFO  Started operation: {'creationTime': '2022-04-27T09:19:34.144Z', 'deviceName': 'm32sd10c', 'deviceId': '17748286', 'self': 'https://t493319102.eu-latest.cumulocity.com/devicecontrol/operations/17757541', 'id': '17757541', 'status': 'PENDING', 'description': &quot;Apply software changes, triggered from PySys: [{'action': 'install', 'id': '5475369', 'name': 'asciijump', 'url': ' ', 'version': '::apt'}, {'action': 'install', 'id': '5474869', 'name': 'robotfindskitten', 'url': ' ', 'version': '::apt'}, {'action': 'install', 'id': '5475279', 'name': 'squirrel3', 'url': ' ', 'version': '::apt'}]&quot;, 'c8y_SoftwareUpdate': [{'name': 'asciijump', 'action': 'install', 'id': '5475369', 'version': '::apt', 'url': ' '}, {'name': 'robotfindskitten', 'action': 'install', 'id': '5474869', 'version': '::apt', 'url': ' '}, {'name': 'squirrel3', 'action': 'install', 'id': '5475279', 'version': '::apt', 'url': ' '}]}
09:19:36 INFO  State of operation 17757541 : PENDING
09:19:38 INFO  State of operation 17757541 : EXECUTING
09:19:40 INFO  State of operation 17757541 : EXECUTING
09:19:43 INFO  State of operation 17757541 : EXECUTING
09:19:45 INFO  State of operation 17757541 : EXECUTING
09:19:47 INFO  State of operation 17757541 : EXECUTING
09:19:50 INFO  State of operation 17757541 : EXECUTING
09:19:52 INFO  State of operation 17757541 : EXECUTING
09:19:55 INFO  State of operation 17757541 : EXECUTING
09:19:57 INFO  State of operation 17757541 : EXECUTING
09:19:59 INFO  State of operation 17757541 : EXECUTING
09:20:02 INFO  State of operation 17757541 : EXECUTING
09:20:04 INFO  State of operation 17757541 : EXECUTING
09:20:06 INFO  State of operation 17757541 : EXECUTING
09:20:08 INFO  State of operation 17757541 : EXECUTING
09:20:11 INFO  State of operation 17757541 : EXECUTING
09:20:13 INFO  State of operation 17757541 : EXECUTING
09:20:16 INFO  State of operation 17757541 : EXECUTING
09:20:18 INFO  State of operation 17757541 : EXECUTING
09:20:20 INFO  State of operation 17757541 : EXECUTING
09:20:23 INFO  State of operation 17757541 : EXECUTING
09:20:25 INFO  State of operation 17757541 : EXECUTING
09:20:28 INFO  State of operation 17757541 : EXECUTING
09:20:31 INFO  State of operation 17757541 : EXECUTING
09:20:33 INFO  State of operation 17757541 : EXECUTING
09:20:36 INFO  State of operation 17757541 : EXECUTING
09:20:38 INFO  State of operation 17757541 : EXECUTING
09:20:41 INFO  State of operation 17757541 : EXECUTING
09:20:43 INFO  State of operation 17757541 : EXECUTING
09:20:45 INFO  State of operation 17757541 : EXECUTING
09:20:47 INFO  State of operation 17757541 : EXECUTING
09:20:50 INFO  State of operation 17757541 : EXECUTING
09:20:52 INFO  State of operation 17757541 : EXECUTING
09:20:54 INFO  State of operation 17757541 : SUCCESSFUL
09:20:54 INFO  Assert that (False == value) with value=False ... passed
09:20:55 INFO  Package asciijump is installed
09:20:55 INFO  Assert that (True == value) with value=True ... passed
09:20:55 INFO  Package squirrel3 is installed
09:20:55 INFO  Assert that (True == value) with value=True ... passed
09:20:55 INFO  Package robotfindskitten is installed
09:20:55 INFO  Assert that (True == value) with value=True ... passed
09:20:55 INFO  Response status: 201
09:20:55 INFO  Response to action: {
    &quot;creationTime&quot;: &quot;2022-04-27T09:20:55.691Z&quot;,
    &quot;deviceName&quot;: &quot;m32sd10c&quot;,
    &quot;deviceId&quot;: &quot;17748286&quot;,
    &quot;self&quot;: &quot;https://t493319102.eu-latest.cumulocity.com/devicecontrol/operations/17757550&quot;,
    &quot;id&quot;: &quot;17757550&quot;,
    &quot;status&quot;: &quot;PENDING&quot;,
    &quot;description&quot;: &quot;Apply software changes, triggered from PySys: [{'action': 'delete', 'id': '5475369', 'name': 'asciijump', 'url': ' ', 'version': '::apt'}, {'action': 'delete', 'id': '5474869', 'name': 'robotfindskitten', 'url': ' ', 'version': '::apt'}, {'action': 'delete', 'id': '5475279', 'name': 'squirrel3', 'url': ' ', 'version': '::apt'}]&quot;,
    &quot;c8y_SoftwareUpdate&quot;: [
        {
            &quot;name&quot;: &quot;asciijump&quot;,
            &quot;action&quot;: &quot;delete&quot;,
            &quot;id&quot;: &quot;5475369&quot;,
            &quot;version&quot;: &quot;::apt&quot;,
            &quot;url&quot;: &quot; &quot;
        },
        {
            &quot;name&quot;: &quot;robotfindskitten&quot;,
            &quot;action&quot;: &quot;delete&quot;,
            &quot;id&quot;: &quot;5474869&quot;,
            &quot;version&quot;: &quot;::apt&quot;,
            &quot;url&quot;: &quot; &quot;
        },
        {
            &quot;name&quot;: &quot;squirrel3&quot;,
            &quot;action&quot;: &quot;delete&quot;,
            &quot;id&quot;: &quot;5475279&quot;,
            &quot;version&quot;: &quot;::apt&quot;,
            &quot;url&quot;: &quot; &quot;
        }
    ]
}
09:20:55 INFO  Started operation: {'creationTime': '2022-04-27T09:20:55.691Z', 'deviceName': 'm32sd10c', 'deviceId': '17748286', 'self': 'https://t493319102.eu-latest.cumulocity.com/devicecontrol/operations/17757550', 'id': '17757550', 'status': 'PENDING', 'description': &quot;Apply software changes, triggered from PySys: [{'action': 'delete', 'id': '5475369', 'name': 'asciijump', 'url': ' ', 'version': '::apt'}, {'action': 'delete', 'id': '5474869', 'name': 'robotfindskitten', 'url': ' ', 'version': '::apt'}, {'action': 'delete', 'id': '5475279', 'name': 'squirrel3', 'url': ' ', 'version': '::apt'}]&quot;, 'c8y_SoftwareUpdate': [{'name': 'asciijump', 'action': 'delete', 'id': '5475369', 'version': '::apt', 'url': ' '}, {'name': 'robotfindskitten', 'action': 'delete', 'id': '5474869', 'version': '::apt', 'url': ' '}, {'name': 'squirrel3', 'action': 'delete', 'id': '5475279', 'version': '::apt', 'url': ' '}]}
09:20:58 INFO  State of operation 17757550 : PENDING
09:21:00 INFO  State of operation 17757550 : EXECUTING
09:21:02 INFO  State of operation 17757550 : EXECUTING
09:21:04 INFO  State of operation 17757550 : EXECUTING
09:21:06 INFO  State of operation 17757550 : EXECUTING
09:21:09 INFO  State of operation 17757550 : EXECUTING
09:21:11 INFO  State of operation 17757550 : EXECUTING
09:21:14 INFO  State of operation 17757550 : EXECUTING
09:21:17 INFO  State of operation 17757550 : EXECUTING
09:21:19 INFO  State of operation 17757550 : EXECUTING
09:21:21 INFO  State of operation 17757550 : EXECUTING
09:21:23 INFO  State of operation 17757550 : EXECUTING
09:21:26 INFO  State of operation 17757550 : EXECUTING
09:21:28 INFO  State of operation 17757550 : EXECUTING
09:21:30 INFO  State of operation 17757550 : EXECUTING
09:21:32 INFO  State of operation 17757550 : EXECUTING
09:21:35 INFO  State of operation 17757550 : EXECUTING
09:21:38 INFO  State of operation 17757550 : EXECUTING
09:21:40 INFO  State of operation 17757550 : EXECUTING
09:21:42 INFO  State of operation 17757550 : EXECUTING
09:21:44 INFO  State of operation 17757550 : EXECUTING
09:21:47 INFO  State of operation 17757550 : EXECUTING
09:21:49 INFO  State of operation 17757550 : EXECUTING
09:21:51 INFO  State of operation 17757550 : EXECUTING
09:21:54 INFO  State of operation 17757550 : EXECUTING
09:21:56 INFO  State of operation 17757550 : EXECUTING
09:21:58 INFO  State of operation 17757550 : EXECUTING
09:22:01 INFO  State of operation 17757550 : SUCCESSFUL
09:22:01 INFO  Assert that (False == value) with value=False ... passed
09:22:01 INFO  Assert that (False == value) with value=False ... passed
09:22:01 INFO  Assert that (False == value) with value=False ... passed
09:22:02 INFO  Assert that (False == value) with value=False ... passed
09:22:02 INFO  
09:22:02 INFO  cleanup:
09:22:06 INFO  Executed sudo&lt;tedge_disconnect_c8y&gt;, exit status 0
09:22:06 INFO  Executed systemctl&lt;serv_mapper5&gt;, exit status 3
09:22:06 INFO  
09:22:06 INFO  Test duration: 178.59 secs
09:22:06 INFO  Test final outcome:  FAILED
09:22:06 INFO  Test outcome reason: Assert that (False == value) with value=True
09:22:06 INFO  
</system-out>
	</testcase>
</testsuite>
