<?xml version="1.0" encoding="utf-8"?>
<testsuite failures="0" name="apt_prepare" skipped="0" tests="1" time="18.13" timestamp="2022-04-28T11:24:19">
	<testcase classname="AptPluginPrepare" name="apt_prepare"/>
</testsuite>
