<?xml version="1.0" encoding="utf-8"?>
<testsuite failures="1" name="SoftwareManagement.sm_apt_install_remove_multiple_mixed" skipped="0" tests="1" time="177.99" timestamp="2022-04-28T13:09:36">
	<testcase classname="PySysTest" name="SoftwareManagement.sm_apt_install_remove_multiple_mixed">
		<failure message="BLOCKED: SystemError: Timeout while waiting for status SUCCESSFUL or False" type="BLOCKED"/>
		<system-out>13:06:38 INFO  ==============================================================
13:06:38 INFO  Id:    SoftwareManagement.sm_apt_install_remove_multiple_mixed
13:06:38 INFO  Dir:   software_management_end_to_end/
13:06:38 INFO  Title: Validate end to end behaviour for the apt plugin for multiple packages with mixed versions
13:06:38 INFO  ==============================================================
13:06:38 INFO  Using sw id database: {'asciijump': '5475369', 'robotfindskitten': '5474869', 'squirrel3': '5475279', 'rolldice': '5152439', 'moon-buggy': '5439204', 'apple': '5495053', 'banana': '5494888', 'cherry': '5495382', 'watermelon': '5494510', 'registry': '8018911', 'hello-world': '8021526', 'docker/getting-started': '8021973', 'alpine': '7991792'}
13:06:38 INFO  EnvironmentC8y Setup
13:06:39 INFO  Executed systemctl&lt;serv_mapper1&gt;, exit status 3
13:06:39 INFO  Restarting mosquitto too frequently in the last 10 seconds. It was only up for 4 seconds
13:06:39 INFO  Delaying execution by 7 seconds
13:07:00 INFO  Executed sudo&lt;tedge_connect_c8y&gt;, exit status 0, duration 13 secs
13:07:00 INFO  Executed sudo&lt;tedge_connect_c8y_test&gt;, exit status 0
13:07:01 INFO  Executed systemctl&lt;serv_mosq2&gt;, exit status 0
13:07:01 INFO  Executed systemctl&lt;serv_mapper3&gt;, exit status 0
13:07:03 INFO  State of current operation: SUCCESSFUL
13:07:04 INFO  Assert that (False == value) with value=False ... passed
13:07:04 INFO  Assert that (False == value) with value=False ... passed
13:07:04 INFO  Assert that (False == value) with value=False ... passed
13:07:04 INFO  Assert that (False == value) with value=False ... passed
13:07:05 INFO  Assert that (False == value) with value=False ... passed
13:07:06 INFO  Response status: 201
13:07:06 INFO  Response to action: {
    &quot;delivery&quot;: {
        &quot;time&quot;: &quot;2022-04-28T13:07:06.326Z&quot;,
        &quot;log&quot;: [],
        &quot;status&quot;: &quot;PENDING&quot;
    },
    &quot;creationTime&quot;: &quot;2022-04-28T13:07:06.308Z&quot;,
    &quot;deviceName&quot;: &quot;m32sd10c&quot;,
    &quot;deviceId&quot;: &quot;17884832&quot;,
    &quot;self&quot;: &quot;https://t493319102.eu-latest.cumulocity.com/devicecontrol/operations/17910925&quot;,
    &quot;id&quot;: &quot;17910925&quot;,
    &quot;status&quot;: &quot;PENDING&quot;,
    &quot;description&quot;: &quot;Apply software changes, triggered from PySys: [{'action': 'install', 'id': '5475369', 'name': 'asciijump', 'url': ' ', 'version': '::apt'}, {'action': 'install', 'id': '5474869', 'name': 'robotfindskitten', 'url': ' ', 'version': ' '}, {'action': 'install', 'id': '5475279', 'name': 'squirrel3', 'url': ' ', 'version': '3.1-7::apt'}, {'action': 'install', 'id': '5152439', 'name': 'rolldice', 'url': ' ', 'version': '1.16-1+b1'}, {'action': 'install', 'id': '5439204', 'name': 'moon-buggy', 'url': ' ', 'version': '1:1.0.51-12'}, {'action': 'install', 'id': '5475369', 'name': 'asciijump', 'url': ' ', 'version': '::apt'}]&quot;,
    &quot;c8y_SoftwareUpdate&quot;: [
        {
            &quot;name&quot;: &quot;asciijump&quot;,
            &quot;action&quot;: &quot;install&quot;,
            &quot;id&quot;: &quot;5475369&quot;,
            &quot;version&quot;: &quot;::apt&quot;,
            &quot;url&quot;: &quot; &quot;
        },
        {
            &quot;name&quot;: &quot;robotfindskitten&quot;,
            &quot;action&quot;: &quot;install&quot;,
            &quot;id&quot;: &quot;5474869&quot;,
            &quot;version&quot;: &quot; &quot;,
            &quot;url&quot;: &quot; &quot;
        },
        {
            &quot;name&quot;: &quot;squirrel3&quot;,
            &quot;action&quot;: &quot;install&quot;,
            &quot;id&quot;: &quot;5475279&quot;,
            &quot;version&quot;: &quot;3.1-7::apt&quot;,
            &quot;url&quot;: &quot; &quot;
        },
        {
            &quot;name&quot;: &quot;rolldice&quot;,
            &quot;action&quot;: &quot;install&quot;,
            &quot;id&quot;: &quot;5152439&quot;,
            &quot;version&quot;: &quot;1.16-1+b1&quot;,
            &quot;url&quot;: &quot; &quot;
        },
        {
            &quot;name&quot;: &quot;moon-buggy&quot;,
            &quot;action&quot;: &quot;install&quot;,
            &quot;id&quot;: &quot;5439204&quot;,
            &quot;version&quot;: &quot;1:1.0.51-12&quot;,
            &quot;url&quot;: &quot; &quot;
        },
        {
            &quot;name&quot;: &quot;asciijump&quot;,
            &quot;action&quot;: &quot;install&quot;,
            &quot;id&quot;: &quot;5475369&quot;,
            &quot;version&quot;: &quot;::apt&quot;,
            &quot;url&quot;: &quot; &quot;
        }
    ]
}
13:07:06 INFO  Started operation: {'delivery': {'time': '2022-04-28T13:07:06.326Z', 'log': [], 'status': 'PENDING'}, 'creationTime': '2022-04-28T13:07:06.308Z', 'deviceName': 'm32sd10c', 'deviceId': '17884832', 'self': 'https://t493319102.eu-latest.cumulocity.com/devicecontrol/operations/17910925', 'id': '17910925', 'status': 'PENDING', 'description': &quot;Apply software changes, triggered from PySys: [{'action': 'install', 'id': '5475369', 'name': 'asciijump', 'url': ' ', 'version': '::apt'}, {'action': 'install', 'id': '5474869', 'name': 'robotfindskitten', 'url': ' ', 'version': ' '}, {'action': 'install', 'id': '5475279', 'name': 'squirrel3', 'url': ' ', 'version': '3.1-7::apt'}, {'action': 'install', 'id': '5152439', 'name': 'rolldice', 'url': ' ', 'version': '1.16-1+b1'}, {'action': 'install', 'id': '5439204', 'name': 'moon-buggy', 'url': ' ', 'version': '1:1.0.51-12'}, {'action': 'install', 'id': '5475369', 'name': 'asciijump', 'url': ' ', 'version': '::apt'}]&quot;, 'c8y_SoftwareUpdate': [{'name': 'asciijump', 'action': 'install', 'id': '5475369', 'version': '::apt', 'url': ' '}, {'name': 'robotfindskitten', 'action': 'install', 'id': '5474869', 'version': ' ', 'url': ' '}, {'name': 'squirrel3', 'action': 'install', 'id': '5475279', 'version': '3.1-7::apt', 'url': ' '}, {'name': 'rolldice', 'action': 'install', 'id': '5152439', 'version': '1.16-1+b1', 'url': ' '}, {'name': 'moon-buggy', 'action': 'install', 'id': '5439204', 'version': '1:1.0.51-12', 'url': ' '}, {'name': 'asciijump', 'action': 'install', 'id': '5475369', 'version': '::apt', 'url': ' '}]}
13:07:08 INFO  State of operation 17910925 : PENDING
13:07:10 INFO  State of operation 17910925 : EXECUTING
13:07:13 INFO  State of operation 17910925 : EXECUTING
13:07:15 INFO  State of operation 17910925 : EXECUTING
13:07:17 INFO  State of operation 17910925 : EXECUTING
13:07:19 INFO  State of operation 17910925 : EXECUTING
13:07:22 INFO  State of operation 17910925 : EXECUTING
13:07:25 INFO  State of operation 17910925 : EXECUTING
13:07:27 INFO  State of operation 17910925 : EXECUTING
13:07:30 INFO  State of operation 17910925 : EXECUTING
13:07:32 INFO  State of operation 17910925 : EXECUTING
13:07:34 INFO  State of operation 17910925 : EXECUTING
13:07:36 INFO  State of operation 17910925 : EXECUTING
13:07:38 INFO  State of operation 17910925 : EXECUTING
13:07:41 INFO  State of operation 17910925 : EXECUTING
13:07:43 INFO  State of operation 17910925 : EXECUTING
13:07:45 INFO  State of operation 17910925 : EXECUTING
13:07:48 INFO  State of operation 17910925 : EXECUTING
13:07:50 INFO  State of operation 17910925 : EXECUTING
13:07:52 INFO  State of operation 17910925 : EXECUTING
13:07:55 INFO  State of operation 17910925 : EXECUTING
13:07:57 INFO  State of operation 17910925 : EXECUTING
13:08:00 INFO  State of operation 17910925 : EXECUTING
13:08:02 INFO  State of operation 17910925 : EXECUTING
13:08:05 INFO  State of operation 17910925 : EXECUTING
13:08:07 INFO  State of operation 17910925 : EXECUTING
13:08:09 INFO  State of operation 17910925 : EXECUTING
13:08:11 INFO  State of operation 17910925 : EXECUTING
13:08:13 INFO  State of operation 17910925 : EXECUTING
13:08:16 INFO  State of operation 17910925 : EXECUTING
13:08:18 INFO  State of operation 17910925 : EXECUTING
13:08:20 INFO  State of operation 17910925 : EXECUTING
13:08:23 INFO  State of operation 17910925 : EXECUTING
13:08:25 INFO  State of operation 17910925 : EXECUTING
13:08:27 INFO  State of operation 17910925 : EXECUTING
13:08:29 INFO  State of operation 17910925 : EXECUTING
13:08:32 INFO  State of operation 17910925 : EXECUTING
13:08:35 INFO  State of operation 17910925 : EXECUTING
13:08:38 INFO  State of operation 17910925 : EXECUTING
13:08:40 INFO  State of operation 17910925 : EXECUTING
13:08:42 INFO  State of operation 17910925 : EXECUTING
13:08:45 INFO  State of operation 17910925 : EXECUTING
13:08:47 INFO  State of operation 17910925 : EXECUTING
13:08:49 INFO  State of operation 17910925 : EXECUTING
13:08:51 INFO  State of operation 17910925 : EXECUTING
13:08:53 INFO  State of operation 17910925 : EXECUTING
13:08:56 INFO  State of operation 17910925 : EXECUTING
13:08:58 INFO  State of operation 17910925 : EXECUTING
13:09:00 INFO  State of operation 17910925 : EXECUTING
13:09:03 INFO  State of operation 17910925 : EXECUTING
13:09:05 INFO  State of operation 17910925 : EXECUTING
13:09:07 INFO  State of operation 17910925 : EXECUTING
13:09:10 INFO  State of operation 17910925 : EXECUTING
13:09:12 INFO  State of operation 17910925 : EXECUTING
13:09:14 INFO  State of operation 17910925 : EXECUTING
13:09:17 INFO  State of operation 17910925 : EXECUTING
13:09:19 INFO  State of operation 17910925 : EXECUTING
13:09:22 INFO  State of operation 17910925 : EXECUTING
13:09:24 INFO  State of operation 17910925 : EXECUTING
13:09:27 INFO  State of operation 17910925 : EXECUTING
13:09:29 INFO  State of operation 17910925 : EXECUTING
13:09:31 WARN  SystemError occurred while running test - Timeout while waiting for status SUCCESSFUL or False
Traceback (most recent call last):
  File &quot;/home/pi/env-pysys/lib/python3.7/site-packages/pysys/baserunner.py&quot;, line 1294, in __call__
    self.testObj.execute()
  File &quot;/home/pi/actions-runner/_work/thin-edge.io/thin-edge.io/tests/PySys/software_management_end_to_end/sm_apt_install_remove_multiple_mixed/run.py&quot;, line 89, in execute
    self.wait_until_succcess()
  File &quot;/home/pi/actions-runner/_work/thin-edge.io/thin-edge.io/tests/PySys/software_management_end_to_end/environment_sm_management.py&quot;, line 324, in wait_until_succcess
    self.wait_until_status(&quot;SUCCESSFUL&quot;)
  File &quot;/home/pi/actions-runner/_work/thin-edge.io/thin-edge.io/tests/PySys/software_management_end_to_end/environment_sm_management.py&quot;, line 381, in wait_until_status
    &quot;Timeout while waiting for status %s or %s&quot; % (status, status2)
SystemError: Timeout while waiting for status SUCCESSFUL or False
13:09:31 WARN  SystemError: Timeout while waiting for status SUCCESSFUL or False ... blocked 
13:09:31 INFO  
13:09:31 INFO  cleanup:
13:09:36 INFO  Executed sudo&lt;tedge_disconnect_c8y&gt;, exit status 0
13:09:36 INFO  Executed systemctl&lt;serv_mapper5&gt;, exit status 3
13:09:36 INFO  
13:09:36 INFO  Test duration: 177.99 secs
13:09:36 INFO  Test final outcome:  BLOCKED
13:09:36 INFO  Test outcome reason: SystemError: Timeout while waiting for status SUCCESSFUL or False
13:09:36 INFO  
</system-out>
	</testcase>
</testsuite>
