<?xml version="1.0" encoding="utf-8"?>
<testsuite failures="1" name="SoftwareManagement.sm_apt_install_remove_multiple" skipped="0" tests="1" time="177.93" timestamp="2022-04-27T13:53:18">
	<testcase classname="PySysTest" name="SoftwareManagement.sm_apt_install_remove_multiple">
		<failure message="FAILED: Assert that (False == value) with value=True" type="FAILED"/>
		<system-out>13:50:20 INFO  ==============================================================
13:50:20 INFO  Id:    SoftwareManagement.sm_apt_install_remove_multiple
13:50:20 INFO  Dir:   software_management_end_to_end/
13:50:20 INFO  Title: Validate end to end behaviour for the apt plugin for multiple packages
13:50:20 INFO  ==============================================================
13:50:20 INFO  Using sw id database: {'asciijump': '5475369', 'robotfindskitten': '5474869', 'squirrel3': '5475279', 'rolldice': '5152439', 'moon-buggy': '5439204', 'apple': '5495053', 'banana': '5494888', 'cherry': '5495382', 'watermelon': '5494510', 'registry': '8018911', 'hello-world': '8021526', 'docker/getting-started': '8021973', 'alpine': '7991792'}
13:50:20 INFO  EnvironmentC8y Setup
13:50:21 INFO  Executed systemctl&lt;serv_mapper1&gt;, exit status 3
13:50:21 INFO  Restarting mosquitto too frequently in the last 10 seconds. It was only up for 5 seconds
13:50:21 INFO  Delaying execution by 6 seconds
13:50:41 INFO  Executed sudo&lt;tedge_connect_c8y&gt;, exit status 0, duration 13 secs
13:50:41 INFO  Executed sudo&lt;tedge_connect_c8y_test&gt;, exit status 0
13:50:42 INFO  Executed systemctl&lt;serv_mosq2&gt;, exit status 0
13:50:42 INFO  Executed systemctl&lt;serv_mapper3&gt;, exit status 0
13:50:44 INFO  State of current operation: SUCCESSFUL
13:50:45 INFO  Assert that (False == value) with value=False ... passed
13:50:45 INFO  Assert that (False == value) with value=False ... passed
13:50:45 INFO  Assert that (False == value) with value=False ... passed
13:50:45 INFO  Package robotfindskitten is installed
13:50:45 WARN  Assert that (False == value) with value=True ... failed 
13:50:46 INFO  Response status: 201
13:50:46 INFO  Response to action: {
    &quot;creationTime&quot;: &quot;2022-04-27T13:50:45.968Z&quot;,
    &quot;deviceName&quot;: &quot;m32sd10c&quot;,
    &quot;deviceId&quot;: &quot;17765836&quot;,
    &quot;self&quot;: &quot;https://t493319102.eu-latest.cumulocity.com/devicecontrol/operations/17781075&quot;,
    &quot;id&quot;: &quot;17781075&quot;,
    &quot;status&quot;: &quot;PENDING&quot;,
    &quot;description&quot;: &quot;Apply software changes, triggered from PySys: [{'action': 'install', 'id': '5475369', 'name': 'asciijump', 'url': ' ', 'version': '::apt'}, {'action': 'install', 'id': '5474869', 'name': 'robotfindskitten', 'url': ' ', 'version': '::apt'}, {'action': 'install', 'id': '5475279', 'name': 'squirrel3', 'url': ' ', 'version': '::apt'}]&quot;,
    &quot;c8y_SoftwareUpdate&quot;: [
        {
            &quot;name&quot;: &quot;asciijump&quot;,
            &quot;action&quot;: &quot;install&quot;,
            &quot;id&quot;: &quot;5475369&quot;,
            &quot;version&quot;: &quot;::apt&quot;,
            &quot;url&quot;: &quot; &quot;
        },
        {
            &quot;name&quot;: &quot;robotfindskitten&quot;,
            &quot;action&quot;: &quot;install&quot;,
            &quot;id&quot;: &quot;5474869&quot;,
            &quot;version&quot;: &quot;::apt&quot;,
            &quot;url&quot;: &quot; &quot;
        },
        {
            &quot;name&quot;: &quot;squirrel3&quot;,
            &quot;action&quot;: &quot;install&quot;,
            &quot;id&quot;: &quot;5475279&quot;,
            &quot;version&quot;: &quot;::apt&quot;,
            &quot;url&quot;: &quot; &quot;
        }
    ]
}
13:50:46 INFO  Started operation: {'creationTime': '2022-04-27T13:50:45.968Z', 'deviceName': 'm32sd10c', 'deviceId': '17765836', 'self': 'https://t493319102.eu-latest.cumulocity.com/devicecontrol/operations/17781075', 'id': '17781075', 'status': 'PENDING', 'description': &quot;Apply software changes, triggered from PySys: [{'action': 'install', 'id': '5475369', 'name': 'asciijump', 'url': ' ', 'version': '::apt'}, {'action': 'install', 'id': '5474869', 'name': 'robotfindskitten', 'url': ' ', 'version': '::apt'}, {'action': 'install', 'id': '5475279', 'name': 'squirrel3', 'url': ' ', 'version': '::apt'}]&quot;, 'c8y_SoftwareUpdate': [{'name': 'asciijump', 'action': 'install', 'id': '5475369', 'version': '::apt', 'url': ' '}, {'name': 'robotfindskitten', 'action': 'install', 'id': '5474869', 'version': '::apt', 'url': ' '}, {'name': 'squirrel3', 'action': 'install', 'id': '5475279', 'version': '::apt', 'url': ' '}]}
13:50:48 INFO  State of operation 17781075 : PENDING
13:50:50 INFO  State of operation 17781075 : EXECUTING
13:50:52 INFO  State of operation 17781075 : EXECUTING
13:50:54 INFO  State of operation 17781075 : EXECUTING
13:50:57 INFO  State of operation 17781075 : EXECUTING
13:50:59 INFO  State of operation 17781075 : EXECUTING
13:51:02 INFO  State of operation 17781075 : EXECUTING
13:51:04 INFO  State of operation 17781075 : EXECUTING
13:51:07 INFO  State of operation 17781075 : EXECUTING
13:51:09 INFO  State of operation 17781075 : EXECUTING
13:51:11 INFO  State of operation 17781075 : EXECUTING
13:51:13 INFO  State of operation 17781075 : EXECUTING
13:51:16 INFO  State of operation 17781075 : EXECUTING
13:51:18 INFO  State of operation 17781075 : EXECUTING
13:51:20 INFO  State of operation 17781075 : EXECUTING
13:51:23 INFO  State of operation 17781075 : EXECUTING
13:51:25 INFO  State of operation 17781075 : EXECUTING
13:51:28 INFO  State of operation 17781075 : EXECUTING
13:51:30 INFO  State of operation 17781075 : EXECUTING
13:51:32 INFO  State of operation 17781075 : EXECUTING
13:51:34 INFO  State of operation 17781075 : EXECUTING
13:51:37 INFO  State of operation 17781075 : EXECUTING
13:51:39 INFO  State of operation 17781075 : EXECUTING
13:51:42 INFO  State of operation 17781075 : EXECUTING
13:51:45 INFO  State of operation 17781075 : EXECUTING
13:51:47 INFO  State of operation 17781075 : EXECUTING
13:51:50 INFO  State of operation 17781075 : EXECUTING
13:51:52 INFO  State of operation 17781075 : EXECUTING
13:51:55 INFO  State of operation 17781075 : EXECUTING
13:51:57 INFO  State of operation 17781075 : EXECUTING
13:51:59 INFO  State of operation 17781075 : EXECUTING
13:52:01 INFO  State of operation 17781075 : EXECUTING
13:52:04 INFO  State of operation 17781075 : EXECUTING
13:52:06 INFO  State of operation 17781075 : SUCCESSFUL
13:52:06 INFO  Assert that (False == value) with value=False ... passed
13:52:06 INFO  Package asciijump is installed
13:52:06 INFO  Assert that (True == value) with value=True ... passed
13:52:07 INFO  Package squirrel3 is installed
13:52:07 INFO  Assert that (True == value) with value=True ... passed
13:52:07 INFO  Package robotfindskitten is installed
13:52:07 INFO  Assert that (True == value) with value=True ... passed
13:52:07 INFO  Response status: 201
13:52:07 INFO  Response to action: {
    &quot;creationTime&quot;: &quot;2022-04-27T13:52:07.451Z&quot;,
    &quot;deviceName&quot;: &quot;m32sd10c&quot;,
    &quot;deviceId&quot;: &quot;17765836&quot;,
    &quot;self&quot;: &quot;https://t493319102.eu-latest.cumulocity.com/devicecontrol/operations/17781086&quot;,
    &quot;id&quot;: &quot;17781086&quot;,
    &quot;status&quot;: &quot;PENDING&quot;,
    &quot;description&quot;: &quot;Apply software changes, triggered from PySys: [{'action': 'delete', 'id': '5475369', 'name': 'asciijump', 'url': ' ', 'version': '::apt'}, {'action': 'delete', 'id': '5474869', 'name': 'robotfindskitten', 'url': ' ', 'version': '::apt'}, {'action': 'delete', 'id': '5475279', 'name': 'squirrel3', 'url': ' ', 'version': '::apt'}]&quot;,
    &quot;c8y_SoftwareUpdate&quot;: [
        {
            &quot;name&quot;: &quot;asciijump&quot;,
            &quot;action&quot;: &quot;delete&quot;,
            &quot;id&quot;: &quot;5475369&quot;,
            &quot;version&quot;: &quot;::apt&quot;,
            &quot;url&quot;: &quot; &quot;
        },
        {
            &quot;name&quot;: &quot;robotfindskitten&quot;,
            &quot;action&quot;: &quot;delete&quot;,
            &quot;id&quot;: &quot;5474869&quot;,
            &quot;version&quot;: &quot;::apt&quot;,
            &quot;url&quot;: &quot; &quot;
        },
        {
            &quot;name&quot;: &quot;squirrel3&quot;,
            &quot;action&quot;: &quot;delete&quot;,
            &quot;id&quot;: &quot;5475279&quot;,
            &quot;version&quot;: &quot;::apt&quot;,
            &quot;url&quot;: &quot; &quot;
        }
    ]
}
13:52:07 INFO  Started operation: {'creationTime': '2022-04-27T13:52:07.451Z', 'deviceName': 'm32sd10c', 'deviceId': '17765836', 'self': 'https://t493319102.eu-latest.cumulocity.com/devicecontrol/operations/17781086', 'id': '17781086', 'status': 'PENDING', 'description': &quot;Apply software changes, triggered from PySys: [{'action': 'delete', 'id': '5475369', 'name': 'asciijump', 'url': ' ', 'version': '::apt'}, {'action': 'delete', 'id': '5474869', 'name': 'robotfindskitten', 'url': ' ', 'version': '::apt'}, {'action': 'delete', 'id': '5475279', 'name': 'squirrel3', 'url': ' ', 'version': '::apt'}]&quot;, 'c8y_SoftwareUpdate': [{'name': 'asciijump', 'action': 'delete', 'id': '5475369', 'version': '::apt', 'url': ' '}, {'name': 'robotfindskitten', 'action': 'delete', 'id': '5474869', 'version': '::apt', 'url': ' '}, {'name': 'squirrel3', 'action': 'delete', 'id': '5475279', 'version': '::apt', 'url': ' '}]}
13:52:09 INFO  State of operation 17781086 : PENDING
13:52:11 INFO  State of operation 17781086 : EXECUTING
13:52:14 INFO  State of operation 17781086 : EXECUTING
13:52:16 INFO  State of operation 17781086 : EXECUTING
13:52:18 INFO  State of operation 17781086 : EXECUTING
13:52:20 INFO  State of operation 17781086 : EXECUTING
13:52:23 INFO  State of operation 17781086 : EXECUTING
13:52:26 INFO  State of operation 17781086 : EXECUTING
13:52:28 INFO  State of operation 17781086 : EXECUTING
13:52:30 INFO  State of operation 17781086 : EXECUTING
13:52:33 INFO  State of operation 17781086 : EXECUTING
13:52:35 INFO  State of operation 17781086 : EXECUTING
13:52:37 INFO  State of operation 17781086 : EXECUTING
13:52:39 INFO  State of operation 17781086 : EXECUTING
13:52:42 INFO  State of operation 17781086 : EXECUTING
13:52:44 INFO  State of operation 17781086 : EXECUTING
13:52:47 INFO  State of operation 17781086 : EXECUTING
13:52:49 INFO  State of operation 17781086 : EXECUTING
13:52:52 INFO  State of operation 17781086 : EXECUTING
13:52:54 INFO  State of operation 17781086 : EXECUTING
13:52:56 INFO  State of operation 17781086 : EXECUTING
13:52:58 INFO  State of operation 17781086 : EXECUTING
13:53:01 INFO  State of operation 17781086 : EXECUTING
13:53:03 INFO  State of operation 17781086 : EXECUTING
13:53:06 INFO  State of operation 17781086 : EXECUTING
13:53:08 INFO  State of operation 17781086 : EXECUTING
13:53:10 INFO  State of operation 17781086 : EXECUTING
13:53:12 INFO  State of operation 17781086 : SUCCESSFUL
13:53:13 INFO  Assert that (False == value) with value=False ... passed
13:53:13 INFO  Assert that (False == value) with value=False ... passed
13:53:13 INFO  Assert that (False == value) with value=False ... passed
13:53:13 INFO  Assert that (False == value) with value=False ... passed
13:53:13 INFO  
13:53:13 INFO  cleanup:
13:53:17 INFO  Executed sudo&lt;tedge_disconnect_c8y&gt;, exit status 0
13:53:18 INFO  Executed systemctl&lt;serv_mapper5&gt;, exit status 3
13:53:18 INFO  
13:53:18 INFO  Test duration: 177.93 secs
13:53:18 INFO  Test final outcome:  FAILED
13:53:18 INFO  Test outcome reason: Assert that (False == value) with value=True
13:53:18 INFO  
</system-out>
	</testcase>
</testsuite>
