<?xml version="1.0" encoding="utf-8"?>
<testsuite failures="0" name="apt_remove" skipped="0" tests="1" time="65.31" timestamp="2022-05-12T09:19:36">
	<testcase classname="AptPluginRemoveDense" name="apt_remove"/>
</testsuite>
