<?xml version="1.0" encoding="utf-8"?>
<testsuite failures="0" name="apt_finalize" skipped="0" tests="1" time="148.09" timestamp="2022-04-28T11:20:03">
	<testcase classname="AptPluginFinalize" name="apt_finalize"/>
</testsuite>
