<?xml version="1.0" encoding="utf-8"?>
<testsuite failures="1" name="SoftwareManagement.sm_apt_install_remove_multiple" skipped="0" tests="1" time="178.58" timestamp="2022-04-28T13:06:38">
	<testcase classname="PySysTest" name="SoftwareManagement.sm_apt_install_remove_multiple">
		<failure message="FAILED: Assert that (False == value) with value=True" type="FAILED"/>
		<system-out>13:03:40 INFO  ==============================================================
13:03:40 INFO  Id:    SoftwareManagement.sm_apt_install_remove_multiple
13:03:40 INFO  Dir:   software_management_end_to_end/
13:03:40 INFO  Title: Validate end to end behaviour for the apt plugin for multiple packages
13:03:40 INFO  ==============================================================
13:03:40 INFO  Using sw id database: {'asciijump': '5475369', 'robotfindskitten': '5474869', 'squirrel3': '5475279', 'rolldice': '5152439', 'moon-buggy': '5439204', 'apple': '5495053', 'banana': '5494888', 'cherry': '5495382', 'watermelon': '5494510', 'registry': '8018911', 'hello-world': '8021526', 'docker/getting-started': '8021973', 'alpine': '7991792'}
13:03:40 INFO  EnvironmentC8y Setup
13:03:40 INFO  Executed systemctl&lt;serv_mapper1&gt;, exit status 3
13:03:41 INFO  Restarting mosquitto too frequently in the last 10 seconds. It was only up for 5 seconds
13:03:41 INFO  Delaying execution by 6 seconds
13:04:00 INFO  Executed sudo&lt;tedge_connect_c8y&gt;, exit status 0, duration 13 secs
13:04:01 INFO  Executed sudo&lt;tedge_connect_c8y_test&gt;, exit status 0
13:04:01 INFO  Executed systemctl&lt;serv_mosq2&gt;, exit status 0
13:04:02 INFO  Executed systemctl&lt;serv_mapper3&gt;, exit status 0
13:04:04 INFO  State of current operation: SUCCESSFUL
13:04:04 INFO  Assert that (False == value) with value=False ... passed
13:04:05 INFO  Assert that (False == value) with value=False ... passed
13:04:05 INFO  Assert that (False == value) with value=False ... passed
13:04:05 INFO  Package robotfindskitten is installed
13:04:05 WARN  Assert that (False == value) with value=True ... failed 
13:04:05 INFO  Response status: 201
13:04:05 INFO  Response to action: {
    &quot;creationTime&quot;: &quot;2022-04-28T13:04:05.766Z&quot;,
    &quot;deviceName&quot;: &quot;m32sd10c&quot;,
    &quot;deviceId&quot;: &quot;17884832&quot;,
    &quot;self&quot;: &quot;https://t493319102.eu-latest.cumulocity.com/devicecontrol/operations/17910904&quot;,
    &quot;id&quot;: &quot;17910904&quot;,
    &quot;status&quot;: &quot;PENDING&quot;,
    &quot;description&quot;: &quot;Apply software changes, triggered from PySys: [{'action': 'install', 'id': '5475369', 'name': 'asciijump', 'url': ' ', 'version': '::apt'}, {'action': 'install', 'id': '5474869', 'name': 'robotfindskitten', 'url': ' ', 'version': '::apt'}, {'action': 'install', 'id': '5475279', 'name': 'squirrel3', 'url': ' ', 'version': '::apt'}]&quot;,
    &quot;c8y_SoftwareUpdate&quot;: [
        {
            &quot;name&quot;: &quot;asciijump&quot;,
            &quot;action&quot;: &quot;install&quot;,
            &quot;id&quot;: &quot;5475369&quot;,
            &quot;version&quot;: &quot;::apt&quot;,
            &quot;url&quot;: &quot; &quot;
        },
        {
            &quot;name&quot;: &quot;robotfindskitten&quot;,
            &quot;action&quot;: &quot;install&quot;,
            &quot;id&quot;: &quot;5474869&quot;,
            &quot;version&quot;: &quot;::apt&quot;,
            &quot;url&quot;: &quot; &quot;
        },
        {
            &quot;name&quot;: &quot;squirrel3&quot;,
            &quot;action&quot;: &quot;install&quot;,
            &quot;id&quot;: &quot;5475279&quot;,
            &quot;version&quot;: &quot;::apt&quot;,
            &quot;url&quot;: &quot; &quot;
        }
    ]
}
13:04:05 INFO  Started operation: {'creationTime': '2022-04-28T13:04:05.766Z', 'deviceName': 'm32sd10c', 'deviceId': '17884832', 'self': 'https://t493319102.eu-latest.cumulocity.com/devicecontrol/operations/17910904', 'id': '17910904', 'status': 'PENDING', 'description': &quot;Apply software changes, triggered from PySys: [{'action': 'install', 'id': '5475369', 'name': 'asciijump', 'url': ' ', 'version': '::apt'}, {'action': 'install', 'id': '5474869', 'name': 'robotfindskitten', 'url': ' ', 'version': '::apt'}, {'action': 'install', 'id': '5475279', 'name': 'squirrel3', 'url': ' ', 'version': '::apt'}]&quot;, 'c8y_SoftwareUpdate': [{'name': 'asciijump', 'action': 'install', 'id': '5475369', 'version': '::apt', 'url': ' '}, {'name': 'robotfindskitten', 'action': 'install', 'id': '5474869', 'version': '::apt', 'url': ' '}, {'name': 'squirrel3', 'action': 'install', 'id': '5475279', 'version': '::apt', 'url': ' '}]}
13:04:08 INFO  State of operation 17910904 : PENDING
13:04:10 INFO  State of operation 17910904 : EXECUTING
13:04:12 INFO  State of operation 17910904 : EXECUTING
13:04:14 INFO  State of operation 17910904 : EXECUTING
13:04:16 INFO  State of operation 17910904 : EXECUTING
13:04:19 INFO  State of operation 17910904 : EXECUTING
13:04:21 INFO  State of operation 17910904 : EXECUTING
13:04:24 INFO  State of operation 17910904 : EXECUTING
13:04:27 INFO  State of operation 17910904 : EXECUTING
13:04:29 INFO  State of operation 17910904 : EXECUTING
13:04:31 INFO  State of operation 17910904 : EXECUTING
13:04:33 INFO  State of operation 17910904 : EXECUTING
13:04:36 INFO  State of operation 17910904 : EXECUTING
13:04:38 INFO  State of operation 17910904 : EXECUTING
13:04:40 INFO  State of operation 17910904 : EXECUTING
13:04:42 INFO  State of operation 17910904 : EXECUTING
13:04:45 INFO  State of operation 17910904 : EXECUTING
13:04:48 INFO  State of operation 17910904 : EXECUTING
13:04:50 INFO  State of operation 17910904 : EXECUTING
13:04:52 INFO  State of operation 17910904 : EXECUTING
13:04:54 INFO  State of operation 17910904 : EXECUTING
13:04:57 INFO  State of operation 17910904 : EXECUTING
13:04:59 INFO  State of operation 17910904 : EXECUTING
13:05:02 INFO  State of operation 17910904 : EXECUTING
13:05:04 INFO  State of operation 17910904 : EXECUTING
13:05:06 INFO  State of operation 17910904 : EXECUTING
13:05:08 INFO  State of operation 17910904 : EXECUTING
13:05:11 INFO  State of operation 17910904 : EXECUTING
13:05:13 INFO  State of operation 17910904 : EXECUTING
13:05:15 INFO  State of operation 17910904 : EXECUTING
13:05:18 INFO  State of operation 17910904 : EXECUTING
13:05:20 INFO  State of operation 17910904 : EXECUTING
13:05:22 INFO  State of operation 17910904 : EXECUTING
13:05:24 INFO  State of operation 17910904 : EXECUTING
13:05:26 INFO  State of operation 17910904 : SUCCESSFUL
13:05:27 INFO  Assert that (False == value) with value=False ... passed
13:05:27 INFO  Package asciijump is installed
13:05:27 INFO  Assert that (True == value) with value=True ... passed
13:05:27 INFO  Package squirrel3 is installed
13:05:27 INFO  Assert that (True == value) with value=True ... passed
13:05:27 INFO  Package robotfindskitten is installed
13:05:27 INFO  Assert that (True == value) with value=True ... passed
13:05:28 INFO  Response status: 201
13:05:28 INFO  Response to action: {
    &quot;creationTime&quot;: &quot;2022-04-28T13:05:28.105Z&quot;,
    &quot;deviceName&quot;: &quot;m32sd10c&quot;,
    &quot;deviceId&quot;: &quot;17884832&quot;,
    &quot;self&quot;: &quot;https://t493319102.eu-latest.cumulocity.com/devicecontrol/operations/17910916&quot;,
    &quot;id&quot;: &quot;17910916&quot;,
    &quot;status&quot;: &quot;PENDING&quot;,
    &quot;description&quot;: &quot;Apply software changes, triggered from PySys: [{'action': 'delete', 'id': '5475369', 'name': 'asciijump', 'url': ' ', 'version': '::apt'}, {'action': 'delete', 'id': '5474869', 'name': 'robotfindskitten', 'url': ' ', 'version': '::apt'}, {'action': 'delete', 'id': '5475279', 'name': 'squirrel3', 'url': ' ', 'version': '::apt'}]&quot;,
    &quot;c8y_SoftwareUpdate&quot;: [
        {
            &quot;name&quot;: &quot;asciijump&quot;,
            &quot;action&quot;: &quot;delete&quot;,
            &quot;id&quot;: &quot;5475369&quot;,
            &quot;version&quot;: &quot;::apt&quot;,
            &quot;url&quot;: &quot; &quot;
        },
        {
            &quot;name&quot;: &quot;robotfindskitten&quot;,
            &quot;action&quot;: &quot;delete&quot;,
            &quot;id&quot;: &quot;5474869&quot;,
            &quot;version&quot;: &quot;::apt&quot;,
            &quot;url&quot;: &quot; &quot;
        },
        {
            &quot;name&quot;: &quot;squirrel3&quot;,
            &quot;action&quot;: &quot;delete&quot;,
            &quot;id&quot;: &quot;5475279&quot;,
            &quot;version&quot;: &quot;::apt&quot;,
            &quot;url&quot;: &quot; &quot;
        }
    ]
}
13:05:28 INFO  Started operation: {'creationTime': '2022-04-28T13:05:28.105Z', 'deviceName': 'm32sd10c', 'deviceId': '17884832', 'self': 'https://t493319102.eu-latest.cumulocity.com/devicecontrol/operations/17910916', 'id': '17910916', 'status': 'PENDING', 'description': &quot;Apply software changes, triggered from PySys: [{'action': 'delete', 'id': '5475369', 'name': 'asciijump', 'url': ' ', 'version': '::apt'}, {'action': 'delete', 'id': '5474869', 'name': 'robotfindskitten', 'url': ' ', 'version': '::apt'}, {'action': 'delete', 'id': '5475279', 'name': 'squirrel3', 'url': ' ', 'version': '::apt'}]&quot;, 'c8y_SoftwareUpdate': [{'name': 'asciijump', 'action': 'delete', 'id': '5475369', 'version': '::apt', 'url': ' '}, {'name': 'robotfindskitten', 'action': 'delete', 'id': '5474869', 'version': '::apt', 'url': ' '}, {'name': 'squirrel3', 'action': 'delete', 'id': '5475279', 'version': '::apt', 'url': ' '}]}
13:05:30 INFO  State of operation 17910916 : PENDING
13:05:32 INFO  State of operation 17910916 : EXECUTING
13:05:34 INFO  State of operation 17910916 : EXECUTING
13:05:37 INFO  State of operation 17910916 : EXECUTING
13:05:39 INFO  State of operation 17910916 : EXECUTING
13:05:41 INFO  State of operation 17910916 : EXECUTING
13:05:44 INFO  State of operation 17910916 : EXECUTING
13:05:47 INFO  State of operation 17910916 : EXECUTING
13:05:49 INFO  State of operation 17910916 : EXECUTING
13:05:51 INFO  State of operation 17910916 : EXECUTING
13:05:53 INFO  State of operation 17910916 : EXECUTING
13:05:56 INFO  State of operation 17910916 : EXECUTING
13:05:58 INFO  State of operation 17910916 : EXECUTING
13:06:00 INFO  State of operation 17910916 : EXECUTING
13:06:02 INFO  State of operation 17910916 : EXECUTING
13:06:05 INFO  State of operation 17910916 : EXECUTING
13:06:07 INFO  State of operation 17910916 : EXECUTING
13:06:10 INFO  State of operation 17910916 : EXECUTING
13:06:12 INFO  State of operation 17910916 : EXECUTING
13:06:14 INFO  State of operation 17910916 : EXECUTING
13:06:17 INFO  State of operation 17910916 : EXECUTING
13:06:19 INFO  State of operation 17910916 : EXECUTING
13:06:21 INFO  State of operation 17910916 : EXECUTING
13:06:24 INFO  State of operation 17910916 : EXECUTING
13:06:26 INFO  State of operation 17910916 : EXECUTING
13:06:28 INFO  State of operation 17910916 : EXECUTING
13:06:31 INFO  State of operation 17910916 : EXECUTING
13:06:33 INFO  State of operation 17910916 : SUCCESSFUL
13:06:33 INFO  Assert that (False == value) with value=False ... passed
13:06:33 INFO  Assert that (False == value) with value=False ... passed
13:06:34 INFO  Assert that (False == value) with value=False ... passed
13:06:34 INFO  Assert that (False == value) with value=False ... passed
13:06:34 INFO  
13:06:34 INFO  cleanup:
13:06:38 INFO  Executed sudo&lt;tedge_disconnect_c8y&gt;, exit status 0
13:06:38 INFO  Executed systemctl&lt;serv_mapper5&gt;, exit status 3
13:06:38 INFO  
13:06:38 INFO  Test duration: 178.58 secs
13:06:38 INFO  Test final outcome:  FAILED
13:06:38 INFO  Test outcome reason: Assert that (False == value) with value=True
13:06:38 INFO  
</system-out>
	</testcase>
</testsuite>
