<?xml version="1.0" encoding="utf-8"?>
<testsuite failures="1" name="SoftwareManagement.sm_apt_install_remove_multiple" skipped="0" tests="1" time="178.1" timestamp="2022-05-11T10:54:48">
	<testcase classname="PySysTest" name="SoftwareManagement.sm_apt_install_remove_multiple">
		<failure message="FAILED: Assert that (False == value) with value=True" type="FAILED"/>
		<system-out>10:51:50 INFO  ==============================================================
10:51:50 INFO  Id:    SoftwareManagement.sm_apt_install_remove_multiple
10:51:50 INFO  Dir:   software_management_end_to_end/
10:51:50 INFO  Title: Validate end to end behaviour for the apt plugin for multiple packages
10:51:50 INFO  ==============================================================
10:51:50 INFO  Using sw id database: {'asciijump': '5475369', 'robotfindskitten': '5474869', 'squirrel3': '5475279', 'rolldice': '5152439', 'moon-buggy': '5439204', 'apple': '5495053', 'banana': '5494888', 'cherry': '5495382', 'watermelon': '5494510', 'registry': '8018911', 'hello-world': '8021526', 'docker/getting-started': '8021973', 'alpine': '7991792'}
10:51:50 INFO  EnvironmentC8y Setup
10:51:50 INFO  Executed systemctl&lt;serv_mapper1&gt;, exit status 3
10:51:51 INFO  Restarting mosquitto too frequently in the last 10 seconds. It was only up for 5 seconds
10:51:51 INFO  Delaying execution by 6 seconds
10:52:10 INFO  Executed sudo&lt;tedge_connect_c8y&gt;, exit status 0, duration 13 secs
10:52:11 INFO  Executed sudo&lt;tedge_connect_c8y_test&gt;, exit status 0
10:52:12 INFO  Executed systemctl&lt;serv_mosq2&gt;, exit status 0
10:52:12 INFO  Executed systemctl&lt;serv_mapper3&gt;, exit status 0
10:52:14 INFO  State of current operation: SUCCESSFUL
10:52:14 INFO  Assert that (False == value) with value=False ... passed
10:52:15 INFO  Assert that (False == value) with value=False ... passed
10:52:15 INFO  Assert that (False == value) with value=False ... passed
10:52:15 INFO  Package robotfindskitten is installed
10:52:15 WARN  Assert that (False == value) with value=True ... failed 
10:52:15 INFO  Response status: 201
10:52:15 INFO  Response to action: {
    &quot;delivery&quot;: {
        &quot;time&quot;: &quot;2022-05-11T10:52:15.921Z&quot;,
        &quot;log&quot;: [],
        &quot;status&quot;: &quot;PENDING&quot;
    },
    &quot;creationTime&quot;: &quot;2022-05-11T10:52:15.906Z&quot;,
    &quot;deviceName&quot;: &quot;m32sd10c&quot;,
    &quot;deviceId&quot;: &quot;18764682&quot;,
    &quot;self&quot;: &quot;https://t493319102.eu-latest.cumulocity.com/devicecontrol/operations/18782918&quot;,
    &quot;id&quot;: &quot;18782918&quot;,
    &quot;status&quot;: &quot;PENDING&quot;,
    &quot;description&quot;: &quot;Apply software changes, triggered from PySys: [{'action': 'install', 'id': '5475369', 'name': 'asciijump', 'url': ' ', 'version': '::apt'}, {'action': 'install', 'id': '5474869', 'name': 'robotfindskitten', 'url': ' ', 'version': '::apt'}, {'action': 'install', 'id': '5475279', 'name': 'squirrel3', 'url': ' ', 'version': '::apt'}]&quot;,
    &quot;c8y_SoftwareUpdate&quot;: [
        {
            &quot;name&quot;: &quot;asciijump&quot;,
            &quot;action&quot;: &quot;install&quot;,
            &quot;id&quot;: &quot;5475369&quot;,
            &quot;version&quot;: &quot;::apt&quot;,
            &quot;url&quot;: &quot; &quot;
        },
        {
            &quot;name&quot;: &quot;robotfindskitten&quot;,
            &quot;action&quot;: &quot;install&quot;,
            &quot;id&quot;: &quot;5474869&quot;,
            &quot;version&quot;: &quot;::apt&quot;,
            &quot;url&quot;: &quot; &quot;
        },
        {
            &quot;name&quot;: &quot;squirrel3&quot;,
            &quot;action&quot;: &quot;install&quot;,
            &quot;id&quot;: &quot;5475279&quot;,
            &quot;version&quot;: &quot;::apt&quot;,
            &quot;url&quot;: &quot; &quot;
        }
    ]
}
10:52:15 INFO  Started operation: {'delivery': {'time': '2022-05-11T10:52:15.921Z', 'log': [], 'status': 'PENDING'}, 'creationTime': '2022-05-11T10:52:15.906Z', 'deviceName': 'm32sd10c', 'deviceId': '18764682', 'self': 'https://t493319102.eu-latest.cumulocity.com/devicecontrol/operations/18782918', 'id': '18782918', 'status': 'PENDING', 'description': &quot;Apply software changes, triggered from PySys: [{'action': 'install', 'id': '5475369', 'name': 'asciijump', 'url': ' ', 'version': '::apt'}, {'action': 'install', 'id': '5474869', 'name': 'robotfindskitten', 'url': ' ', 'version': '::apt'}, {'action': 'install', 'id': '5475279', 'name': 'squirrel3', 'url': ' ', 'version': '::apt'}]&quot;, 'c8y_SoftwareUpdate': [{'name': 'asciijump', 'action': 'install', 'id': '5475369', 'version': '::apt', 'url': ' '}, {'name': 'robotfindskitten', 'action': 'install', 'id': '5474869', 'version': '::apt', 'url': ' '}, {'name': 'squirrel3', 'action': 'install', 'id': '5475279', 'version': '::apt', 'url': ' '}]}
10:52:18 INFO  State of operation 18782918 : PENDING
10:52:20 INFO  State of operation 18782918 : EXECUTING
10:52:22 INFO  State of operation 18782918 : EXECUTING
10:52:24 INFO  State of operation 18782918 : EXECUTING
10:52:27 INFO  State of operation 18782918 : EXECUTING
10:52:29 INFO  State of operation 18782918 : EXECUTING
10:52:32 INFO  State of operation 18782918 : EXECUTING
10:52:34 INFO  State of operation 18782918 : EXECUTING
10:52:37 INFO  State of operation 18782918 : EXECUTING
10:52:39 INFO  State of operation 18782918 : EXECUTING
10:52:41 INFO  State of operation 18782918 : EXECUTING
10:52:43 INFO  State of operation 18782918 : EXECUTING
10:52:46 INFO  State of operation 18782918 : EXECUTING
10:52:48 INFO  State of operation 18782918 : EXECUTING
10:52:50 INFO  State of operation 18782918 : EXECUTING
10:52:52 INFO  State of operation 18782918 : EXECUTING
10:52:55 INFO  State of operation 18782918 : EXECUTING
10:52:58 INFO  State of operation 18782918 : EXECUTING
10:53:00 INFO  State of operation 18782918 : EXECUTING
10:53:02 INFO  State of operation 18782918 : EXECUTING
10:53:04 INFO  State of operation 18782918 : EXECUTING
10:53:07 INFO  State of operation 18782918 : EXECUTING
10:53:09 INFO  State of operation 18782918 : EXECUTING
10:53:12 INFO  State of operation 18782918 : EXECUTING
10:53:15 INFO  State of operation 18782918 : EXECUTING
10:53:17 INFO  State of operation 18782918 : EXECUTING
10:53:19 INFO  State of operation 18782918 : EXECUTING
10:53:22 INFO  State of operation 18782918 : EXECUTING
10:53:24 INFO  State of operation 18782918 : EXECUTING
10:53:27 INFO  State of operation 18782918 : EXECUTING
10:53:29 INFO  State of operation 18782918 : EXECUTING
10:53:31 INFO  State of operation 18782918 : EXECUTING
10:53:33 INFO  State of operation 18782918 : EXECUTING
10:53:36 INFO  State of operation 18782918 : SUCCESSFUL
10:53:36 INFO  Assert that (False == value) with value=False ... passed
10:53:36 INFO  Package asciijump is installed
10:53:36 INFO  Assert that (True == value) with value=True ... passed
10:53:36 INFO  Package squirrel3 is installed
10:53:36 INFO  Assert that (True == value) with value=True ... passed
10:53:37 INFO  Package robotfindskitten is installed
10:53:37 INFO  Assert that (True == value) with value=True ... passed
10:53:37 INFO  Response status: 201
10:53:37 INFO  Response to action: {
    &quot;delivery&quot;: {
        &quot;time&quot;: &quot;2022-05-11T10:53:37.277Z&quot;,
        &quot;log&quot;: [],
        &quot;status&quot;: &quot;PENDING&quot;
    },
    &quot;creationTime&quot;: &quot;2022-05-11T10:53:37.262Z&quot;,
    &quot;deviceName&quot;: &quot;m32sd10c&quot;,
    &quot;deviceId&quot;: &quot;18764682&quot;,
    &quot;self&quot;: &quot;https://t493319102.eu-latest.cumulocity.com/devicecontrol/operations/18782934&quot;,
    &quot;id&quot;: &quot;18782934&quot;,
    &quot;status&quot;: &quot;PENDING&quot;,
    &quot;description&quot;: &quot;Apply software changes, triggered from PySys: [{'action': 'delete', 'id': '5475369', 'name': 'asciijump', 'url': ' ', 'version': '::apt'}, {'action': 'delete', 'id': '5474869', 'name': 'robotfindskitten', 'url': ' ', 'version': '::apt'}, {'action': 'delete', 'id': '5475279', 'name': 'squirrel3', 'url': ' ', 'version': '::apt'}]&quot;,
    &quot;c8y_SoftwareUpdate&quot;: [
        {
            &quot;name&quot;: &quot;asciijump&quot;,
            &quot;action&quot;: &quot;delete&quot;,
            &quot;id&quot;: &quot;5475369&quot;,
            &quot;version&quot;: &quot;::apt&quot;,
            &quot;url&quot;: &quot; &quot;
        },
        {
            &quot;name&quot;: &quot;robotfindskitten&quot;,
            &quot;action&quot;: &quot;delete&quot;,
            &quot;id&quot;: &quot;5474869&quot;,
            &quot;version&quot;: &quot;::apt&quot;,
            &quot;url&quot;: &quot; &quot;
        },
        {
            &quot;name&quot;: &quot;squirrel3&quot;,
            &quot;action&quot;: &quot;delete&quot;,
            &quot;id&quot;: &quot;5475279&quot;,
            &quot;version&quot;: &quot;::apt&quot;,
            &quot;url&quot;: &quot; &quot;
        }
    ]
}
10:53:37 INFO  Started operation: {'delivery': {'time': '2022-05-11T10:53:37.277Z', 'log': [], 'status': 'PENDING'}, 'creationTime': '2022-05-11T10:53:37.262Z', 'deviceName': 'm32sd10c', 'deviceId': '18764682', 'self': 'https://t493319102.eu-latest.cumulocity.com/devicecontrol/operations/18782934', 'id': '18782934', 'status': 'PENDING', 'description': &quot;Apply software changes, triggered from PySys: [{'action': 'delete', 'id': '5475369', 'name': 'asciijump', 'url': ' ', 'version': '::apt'}, {'action': 'delete', 'id': '5474869', 'name': 'robotfindskitten', 'url': ' ', 'version': '::apt'}, {'action': 'delete', 'id': '5475279', 'name': 'squirrel3', 'url': ' ', 'version': '::apt'}]&quot;, 'c8y_SoftwareUpdate': [{'name': 'asciijump', 'action': 'delete', 'id': '5475369', 'version': '::apt', 'url': ' '}, {'name': 'robotfindskitten', 'action': 'delete', 'id': '5474869', 'version': '::apt', 'url': ' '}, {'name': 'squirrel3', 'action': 'delete', 'id': '5475279', 'version': '::apt', 'url': ' '}]}
10:53:39 INFO  State of operation 18782934 : PENDING
10:53:41 INFO  State of operation 18782934 : EXECUTING
10:53:43 INFO  State of operation 18782934 : EXECUTING
10:53:46 INFO  State of operation 18782934 : EXECUTING
10:53:48 INFO  State of operation 18782934 : EXECUTING
10:53:50 INFO  State of operation 18782934 : EXECUTING
10:53:53 INFO  State of operation 18782934 : EXECUTING
10:53:56 INFO  State of operation 18782934 : EXECUTING
10:53:58 INFO  State of operation 18782934 : EXECUTING
10:54:00 INFO  State of operation 18782934 : EXECUTING
10:54:03 INFO  State of operation 18782934 : EXECUTING
10:54:05 INFO  State of operation 18782934 : EXECUTING
10:54:07 INFO  State of operation 18782934 : EXECUTING
10:54:09 INFO  State of operation 18782934 : EXECUTING
10:54:12 INFO  State of operation 18782934 : EXECUTING
10:54:14 INFO  State of operation 18782934 : EXECUTING
10:54:16 INFO  State of operation 18782934 : EXECUTING
10:54:19 INFO  State of operation 18782934 : EXECUTING
10:54:22 INFO  State of operation 18782934 : EXECUTING
10:54:24 INFO  State of operation 18782934 : EXECUTING
10:54:26 INFO  State of operation 18782934 : EXECUTING
10:54:28 INFO  State of operation 18782934 : EXECUTING
10:54:31 INFO  State of operation 18782934 : EXECUTING
10:54:33 INFO  State of operation 18782934 : EXECUTING
10:54:36 INFO  State of operation 18782934 : EXECUTING
10:54:38 INFO  State of operation 18782934 : EXECUTING
10:54:40 INFO  State of operation 18782934 : EXECUTING
10:54:42 INFO  State of operation 18782934 : SUCCESSFUL
10:54:43 INFO  Assert that (False == value) with value=False ... passed
10:54:43 INFO  Assert that (False == value) with value=False ... passed
10:54:43 INFO  Assert that (False == value) with value=False ... passed
10:54:43 INFO  Assert that (False == value) with value=False ... passed
10:54:43 INFO  
10:54:43 INFO  cleanup:
10:54:47 INFO  Executed sudo&lt;tedge_disconnect_c8y&gt;, exit status 0
10:54:48 INFO  Executed systemctl&lt;serv_mapper5&gt;, exit status 3
10:54:48 INFO  
10:54:48 INFO  Test duration: 178.10 secs
10:54:48 INFO  Test final outcome:  FAILED
10:54:48 INFO  Test outcome reason: Assert that (False == value) with value=True
10:54:48 INFO  
</system-out>
	</testcase>
</testsuite>
