<?xml version="1.0" encoding="utf-8"?>
<testsuite failures="1" name="SoftwareManagement.sm_apt_install_fail" skipped="0" tests="1" time="78.74" timestamp="2022-04-25T21:53:14">
	<testcase classname="PySysTest" name="SoftwareManagement.sm_apt_install_fail">
		<failure message="BLOCKED: TypeError: 'NoneType' object is not iterable" type="BLOCKED"/>
		<system-out>21:51:55 INFO  ==============================================================
21:51:55 INFO  Id:    SoftwareManagement.sm_apt_install_fail
21:51:55 INFO  Dir:   software_management_end_to_end/
21:51:55 INFO  Title: Validate end to end behaviour for a failing installation
21:51:55 INFO  ==============================================================
21:51:55 INFO  Using sw id database: {'asciijump': '5475369', 'robotfindskitten': '5474869', 'squirrel3': '5475279', 'rolldice': '5152439', 'moon-buggy': '5439204', 'apple': '5495053', 'banana': '5494888', 'cherry': '5495382', 'watermelon': '5494510', 'registry': '8018911', 'hello-world': '8021526', 'docker/getting-started': '8021973', 'alpine': '7991792'}
21:51:55 INFO  EnvironmentC8y Setup
21:51:56 INFO  Executed systemctl&lt;serv_mapper1&gt;, exit status 3
21:51:56 INFO  Restarting mosquitto too frequently in the last 10 seconds. It was only up for 4 seconds
21:51:56 INFO  Delaying execution by 7 seconds
21:52:17 INFO  Executed sudo&lt;tedge_connect_c8y&gt;, exit status 0, duration 13 secs
21:52:17 INFO  Executed sudo&lt;tedge_connect_c8y_test&gt;, exit status 0
21:52:18 INFO  Executed systemctl&lt;serv_mosq2&gt;, exit status 0
21:52:18 INFO  Executed systemctl&lt;serv_mapper3&gt;, exit status 0
21:52:20 INFO  State of current operation: SUCCESSFUL
21:52:21 INFO  Response status: 201
21:52:21 INFO  Response to action: {
    &quot;delivery&quot;: {
        &quot;time&quot;: &quot;2022-04-25T21:52:21.172Z&quot;,
        &quot;log&quot;: [],
        &quot;status&quot;: &quot;PENDING&quot;
    },
    &quot;creationTime&quot;: &quot;2022-04-25T21:52:21.162Z&quot;,
    &quot;deviceName&quot;: &quot;m32sd10c&quot;,
    &quot;deviceId&quot;: &quot;17696819&quot;,
    &quot;self&quot;: &quot;https://t493319102.eu-latest.cumulocity.com/devicecontrol/operations/17708897&quot;,
    &quot;id&quot;: &quot;17708897&quot;,
    &quot;status&quot;: &quot;PENDING&quot;,
    &quot;description&quot;: &quot;Apply software changes, triggered from PySys: [{'name': 'does_not_exist', 'id': '5446165', 'version': '::apt', 'url': '', 'action': 'install'}]&quot;,
    &quot;c8y_SoftwareUpdate&quot;: [
        {
            &quot;name&quot;: &quot;does_not_exist&quot;,
            &quot;action&quot;: &quot;install&quot;,
            &quot;id&quot;: &quot;5446165&quot;,
            &quot;version&quot;: &quot;::apt&quot;,
            &quot;url&quot;: &quot;&quot;
        }
    ]
}
21:52:21 INFO  Started operation: {'delivery': {'time': '2022-04-25T21:52:21.172Z', 'log': [], 'status': 'PENDING'}, 'creationTime': '2022-04-25T21:52:21.162Z', 'deviceName': 'm32sd10c', 'deviceId': '17696819', 'self': 'https://t493319102.eu-latest.cumulocity.com/devicecontrol/operations/17708897', 'id': '17708897', 'status': 'PENDING', 'description': &quot;Apply software changes, triggered from PySys: [{'name': 'does_not_exist', 'id': '5446165', 'version': '::apt', 'url': '', 'action': 'install'}]&quot;, 'c8y_SoftwareUpdate': [{'name': 'does_not_exist', 'action': 'install', 'id': '5446165', 'version': '::apt', 'url': ''}]}
21:52:23 INFO  State of operation 17708897 : PENDING
21:52:25 INFO  State of operation 17708897 : EXECUTING
21:52:27 INFO  State of operation 17708897 : EXECUTING
21:52:30 INFO  State of operation 17708897 : EXECUTING
21:52:32 INFO  State of operation 17708897 : EXECUTING
21:52:34 INFO  State of operation 17708897 : EXECUTING
21:52:37 INFO  State of operation 17708897 : EXECUTING
21:52:40 INFO  State of operation 17708897 : EXECUTING
21:52:42 INFO  State of operation 17708897 : EXECUTING
21:52:44 INFO  State of operation 17708897 : EXECUTING
21:52:46 INFO  State of operation 17708897 : EXECUTING
21:52:49 INFO  State of operation 17708897 : EXECUTING
21:52:51 INFO  State of operation 17708897 : EXECUTING
21:52:53 INFO  State of operation 17708897 : EXECUTING
21:52:55 INFO  State of operation 17708897 : EXECUTING
21:52:58 INFO  State of operation 17708897 : EXECUTING
21:53:00 INFO  State of operation 17708897 : EXECUTING
21:53:03 INFO  State of operation 17708897 : EXECUTING
21:53:05 INFO  State of operation 17708897 : EXECUTING
21:53:07 INFO  State of operation 17708897 : EXECUTING
21:53:09 INFO  State of operation 17708897 : FAILED
21:53:10 WARN  TypeError occurred while running test - 'NoneType' object is not iterable
Traceback (most recent call last):
  File &quot;/home/pi/env-pysys/lib/python3.7/site-packages/pysys/baserunner.py&quot;, line 1296, in __call__
    self.testObj.validate()
  File &quot;/home/pi/actions-runner/_work/thin-edge.io/thin-edge.io/tests/PySys/software_management_end_to_end/sm_apt_install_fail/run.py&quot;, line 31, in validate
    &quot;False == value&quot;, value=self.check_is_installed(&quot;does_not_exist&quot;)
  File &quot;/home/pi/actions-runner/_work/thin-edge.io/thin-edge.io/tests/PySys/software_management_end_to_end/environment_sm_management.py&quot;, line 398, in check_is_installed
    for package in package_list:
TypeError: 'NoneType' object is not iterable
21:53:10 WARN  TypeError: 'NoneType' object is not iterable ... blocked 
21:53:10 INFO  
21:53:10 INFO  cleanup:
21:53:14 INFO  Executed sudo&lt;tedge_disconnect_c8y&gt;, exit status 0
21:53:14 INFO  Executed systemctl&lt;serv_mapper5&gt;, exit status 3
21:53:14 INFO  
21:53:14 INFO  Test duration: 78.74 secs
21:53:14 INFO  Test final outcome:  BLOCKED
21:53:14 INFO  Test outcome reason: TypeError: 'NoneType' object is not iterable
21:53:14 INFO  
</system-out>
	</testcase>
</testsuite>
