<?xml version="1.0" encoding="utf-8"?>
<testsuite failures="0" name="apt_install" skipped="0" tests="1" time="64.51" timestamp="2022-05-04T08:44:01">
	<testcase classname="AptPluginInstallDense" name="apt_install"/>
</testsuite>
