<?xml version="1.0" encoding="utf-8"?>
<testsuite failures="1" name="SoftwareManagement.sm_apt_install_remove_multiple" skipped="0" tests="1" time="178.97" timestamp="2022-05-03T14:30:54">
	<testcase classname="PySysTest" name="SoftwareManagement.sm_apt_install_remove_multiple">
		<failure message="FAILED: Assert that (False == value) with value=True" type="FAILED"/>
		<system-out>14:27:55 INFO  ==============================================================
14:27:55 INFO  Id:    SoftwareManagement.sm_apt_install_remove_multiple
14:27:55 INFO  Dir:   software_management_end_to_end/
14:27:55 INFO  Title: Validate end to end behaviour for the apt plugin for multiple packages
14:27:55 INFO  ==============================================================
14:27:55 INFO  Using sw id database: {'asciijump': '5475369', 'robotfindskitten': '5474869', 'squirrel3': '5475279', 'rolldice': '5152439', 'moon-buggy': '5439204', 'apple': '5495053', 'banana': '5494888', 'cherry': '5495382', 'watermelon': '5494510', 'registry': '8018911', 'hello-world': '8021526', 'docker/getting-started': '8021973', 'alpine': '7991792'}
14:27:55 INFO  EnvironmentC8y Setup
14:27:56 INFO  Executed systemctl&lt;serv_mapper1&gt;, exit status 3
14:27:56 INFO  Restarting mosquitto too frequently in the last 10 seconds. It was only up for 4 seconds
14:27:56 INFO  Delaying execution by 7 seconds
14:28:17 INFO  Executed sudo&lt;tedge_connect_c8y&gt;, exit status 0, duration 13 secs
14:28:17 INFO  Executed sudo&lt;tedge_connect_c8y_test&gt;, exit status 0
14:28:18 INFO  Executed systemctl&lt;serv_mosq2&gt;, exit status 0
14:28:18 INFO  Executed systemctl&lt;serv_mapper3&gt;, exit status 0
14:28:20 INFO  State of current operation: SUCCESSFUL
14:28:21 INFO  Assert that (False == value) with value=False ... passed
14:28:21 INFO  Assert that (False == value) with value=False ... passed
14:28:21 INFO  Assert that (False == value) with value=False ... passed
14:28:21 INFO  Package robotfindskitten is installed
14:28:21 WARN  Assert that (False == value) with value=True ... failed 
14:28:22 INFO  Response status: 201
14:28:22 INFO  Response to action: {
    &quot;creationTime&quot;: &quot;2022-05-03T14:28:22.089Z&quot;,
    &quot;deviceName&quot;: &quot;m32sd10c&quot;,
    &quot;deviceId&quot;: &quot;18294268&quot;,
    &quot;self&quot;: &quot;https://t493319102.eu-latest.cumulocity.com/devicecontrol/operations/18313692&quot;,
    &quot;id&quot;: &quot;18313692&quot;,
    &quot;status&quot;: &quot;PENDING&quot;,
    &quot;description&quot;: &quot;Apply software changes, triggered from PySys: [{'action': 'install', 'id': '5475369', 'name': 'asciijump', 'url': ' ', 'version': '::apt'}, {'action': 'install', 'id': '5474869', 'name': 'robotfindskitten', 'url': ' ', 'version': '::apt'}, {'action': 'install', 'id': '5475279', 'name': 'squirrel3', 'url': ' ', 'version': '::apt'}]&quot;,
    &quot;c8y_SoftwareUpdate&quot;: [
        {
            &quot;name&quot;: &quot;asciijump&quot;,
            &quot;action&quot;: &quot;install&quot;,
            &quot;id&quot;: &quot;5475369&quot;,
            &quot;version&quot;: &quot;::apt&quot;,
            &quot;url&quot;: &quot; &quot;
        },
        {
            &quot;name&quot;: &quot;robotfindskitten&quot;,
            &quot;action&quot;: &quot;install&quot;,
            &quot;id&quot;: &quot;5474869&quot;,
            &quot;version&quot;: &quot;::apt&quot;,
            &quot;url&quot;: &quot; &quot;
        },
        {
            &quot;name&quot;: &quot;squirrel3&quot;,
            &quot;action&quot;: &quot;install&quot;,
            &quot;id&quot;: &quot;5475279&quot;,
            &quot;version&quot;: &quot;::apt&quot;,
            &quot;url&quot;: &quot; &quot;
        }
    ]
}
14:28:22 INFO  Started operation: {'creationTime': '2022-05-03T14:28:22.089Z', 'deviceName': 'm32sd10c', 'deviceId': '18294268', 'self': 'https://t493319102.eu-latest.cumulocity.com/devicecontrol/operations/18313692', 'id': '18313692', 'status': 'PENDING', 'description': &quot;Apply software changes, triggered from PySys: [{'action': 'install', 'id': '5475369', 'name': 'asciijump', 'url': ' ', 'version': '::apt'}, {'action': 'install', 'id': '5474869', 'name': 'robotfindskitten', 'url': ' ', 'version': '::apt'}, {'action': 'install', 'id': '5475279', 'name': 'squirrel3', 'url': ' ', 'version': '::apt'}]&quot;, 'c8y_SoftwareUpdate': [{'name': 'asciijump', 'action': 'install', 'id': '5475369', 'version': '::apt', 'url': ' '}, {'name': 'robotfindskitten', 'action': 'install', 'id': '5474869', 'version': '::apt', 'url': ' '}, {'name': 'squirrel3', 'action': 'install', 'id': '5475279', 'version': '::apt', 'url': ' '}]}
14:28:24 INFO  State of operation 18313692 : PENDING
14:28:26 INFO  State of operation 18313692 : EXECUTING
14:28:28 INFO  State of operation 18313692 : EXECUTING
14:28:31 INFO  State of operation 18313692 : EXECUTING
14:28:33 INFO  State of operation 18313692 : EXECUTING
14:28:35 INFO  State of operation 18313692 : EXECUTING
14:28:38 INFO  State of operation 18313692 : EXECUTING
14:28:40 INFO  State of operation 18313692 : EXECUTING
14:28:43 INFO  State of operation 18313692 : EXECUTING
14:28:45 INFO  State of operation 18313692 : EXECUTING
14:28:47 INFO  State of operation 18313692 : EXECUTING
14:28:50 INFO  State of operation 18313692 : EXECUTING
14:28:52 INFO  State of operation 18313692 : EXECUTING
14:28:54 INFO  State of operation 18313692 : EXECUTING
14:28:56 INFO  State of operation 18313692 : EXECUTING
14:28:59 INFO  State of operation 18313692 : EXECUTING
14:29:01 INFO  State of operation 18313692 : EXECUTING
14:29:04 INFO  State of operation 18313692 : EXECUTING
14:29:06 INFO  State of operation 18313692 : EXECUTING
14:29:08 INFO  State of operation 18313692 : EXECUTING
14:29:10 INFO  State of operation 18313692 : EXECUTING
14:29:13 INFO  State of operation 18313692 : EXECUTING
14:29:15 INFO  State of operation 18313692 : EXECUTING
14:29:18 INFO  State of operation 18313692 : EXECUTING
14:29:21 INFO  State of operation 18313692 : EXECUTING
14:29:23 INFO  State of operation 18313692 : EXECUTING
14:29:26 INFO  State of operation 18313692 : EXECUTING
14:29:28 INFO  State of operation 18313692 : EXECUTING
14:29:31 INFO  State of operation 18313692 : EXECUTING
14:29:33 INFO  State of operation 18313692 : EXECUTING
14:29:35 INFO  State of operation 18313692 : EXECUTING
14:29:37 INFO  State of operation 18313692 : EXECUTING
14:29:40 INFO  State of operation 18313692 : EXECUTING
14:29:42 INFO  State of operation 18313692 : SUCCESSFUL
14:29:42 INFO  Assert that (False == value) with value=False ... passed
14:29:42 INFO  Package asciijump is installed
14:29:42 INFO  Assert that (True == value) with value=True ... passed
14:29:43 INFO  Package squirrel3 is installed
14:29:43 INFO  Assert that (True == value) with value=True ... passed
14:29:43 INFO  Package robotfindskitten is installed
14:29:43 INFO  Assert that (True == value) with value=True ... passed
14:29:43 INFO  Response status: 201
14:29:43 INFO  Response to action: {
    &quot;creationTime&quot;: &quot;2022-05-03T14:29:43.500Z&quot;,
    &quot;deviceName&quot;: &quot;m32sd10c&quot;,
    &quot;deviceId&quot;: &quot;18294268&quot;,
    &quot;self&quot;: &quot;https://t493319102.eu-latest.cumulocity.com/devicecontrol/operations/18313694&quot;,
    &quot;id&quot;: &quot;18313694&quot;,
    &quot;status&quot;: &quot;PENDING&quot;,
    &quot;description&quot;: &quot;Apply software changes, triggered from PySys: [{'action': 'delete', 'id': '5475369', 'name': 'asciijump', 'url': ' ', 'version': '::apt'}, {'action': 'delete', 'id': '5474869', 'name': 'robotfindskitten', 'url': ' ', 'version': '::apt'}, {'action': 'delete', 'id': '5475279', 'name': 'squirrel3', 'url': ' ', 'version': '::apt'}]&quot;,
    &quot;c8y_SoftwareUpdate&quot;: [
        {
            &quot;name&quot;: &quot;asciijump&quot;,
            &quot;action&quot;: &quot;delete&quot;,
            &quot;id&quot;: &quot;5475369&quot;,
            &quot;version&quot;: &quot;::apt&quot;,
            &quot;url&quot;: &quot; &quot;
        },
        {
            &quot;name&quot;: &quot;robotfindskitten&quot;,
            &quot;action&quot;: &quot;delete&quot;,
            &quot;id&quot;: &quot;5474869&quot;,
            &quot;version&quot;: &quot;::apt&quot;,
            &quot;url&quot;: &quot; &quot;
        },
        {
            &quot;name&quot;: &quot;squirrel3&quot;,
            &quot;action&quot;: &quot;delete&quot;,
            &quot;id&quot;: &quot;5475279&quot;,
            &quot;version&quot;: &quot;::apt&quot;,
            &quot;url&quot;: &quot; &quot;
        }
    ]
}
14:29:43 INFO  Started operation: {'creationTime': '2022-05-03T14:29:43.500Z', 'deviceName': 'm32sd10c', 'deviceId': '18294268', 'self': 'https://t493319102.eu-latest.cumulocity.com/devicecontrol/operations/18313694', 'id': '18313694', 'status': 'PENDING', 'description': &quot;Apply software changes, triggered from PySys: [{'action': 'delete', 'id': '5475369', 'name': 'asciijump', 'url': ' ', 'version': '::apt'}, {'action': 'delete', 'id': '5474869', 'name': 'robotfindskitten', 'url': ' ', 'version': '::apt'}, {'action': 'delete', 'id': '5475279', 'name': 'squirrel3', 'url': ' ', 'version': '::apt'}]&quot;, 'c8y_SoftwareUpdate': [{'name': 'asciijump', 'action': 'delete', 'id': '5475369', 'version': '::apt', 'url': ' '}, {'name': 'robotfindskitten', 'action': 'delete', 'id': '5474869', 'version': '::apt', 'url': ' '}, {'name': 'squirrel3', 'action': 'delete', 'id': '5475279', 'version': '::apt', 'url': ' '}]}
14:29:45 INFO  State of operation 18313694 : PENDING
14:29:47 INFO  State of operation 18313694 : EXECUTING
14:29:50 INFO  State of operation 18313694 : EXECUTING
14:29:52 INFO  State of operation 18313694 : EXECUTING
14:29:54 INFO  State of operation 18313694 : EXECUTING
14:29:56 INFO  State of operation 18313694 : EXECUTING
14:29:59 INFO  State of operation 18313694 : EXECUTING
14:30:02 INFO  State of operation 18313694 : EXECUTING
14:30:05 INFO  State of operation 18313694 : EXECUTING
14:30:07 INFO  State of operation 18313694 : EXECUTING
14:30:09 INFO  State of operation 18313694 : EXECUTING
14:30:11 INFO  State of operation 18313694 : EXECUTING
14:30:14 INFO  State of operation 18313694 : EXECUTING
14:30:16 INFO  State of operation 18313694 : EXECUTING
14:30:18 INFO  State of operation 18313694 : EXECUTING
14:30:20 INFO  State of operation 18313694 : EXECUTING
14:30:23 INFO  State of operation 18313694 : EXECUTING
14:30:25 INFO  State of operation 18313694 : EXECUTING
14:30:28 INFO  State of operation 18313694 : EXECUTING
14:30:30 INFO  State of operation 18313694 : EXECUTING
14:30:32 INFO  State of operation 18313694 : EXECUTING
14:30:35 INFO  State of operation 18313694 : EXECUTING
14:30:37 INFO  State of operation 18313694 : EXECUTING
14:30:39 INFO  State of operation 18313694 : EXECUTING
14:30:42 INFO  State of operation 18313694 : EXECUTING
14:30:44 INFO  State of operation 18313694 : EXECUTING
14:30:46 INFO  State of operation 18313694 : EXECUTING
14:30:48 INFO  State of operation 18313694 : SUCCESSFUL
14:30:49 INFO  Assert that (False == value) with value=False ... passed
14:30:49 INFO  Assert that (False == value) with value=False ... passed
14:30:49 INFO  Assert that (False == value) with value=False ... passed
14:30:49 INFO  Assert that (False == value) with value=False ... passed
14:30:49 INFO  
14:30:49 INFO  cleanup:
14:30:53 INFO  Executed sudo&lt;tedge_disconnect_c8y&gt;, exit status 0
14:30:54 INFO  Executed systemctl&lt;serv_mapper5&gt;, exit status 3
14:30:54 INFO  
14:30:54 INFO  Test duration: 178.97 secs
14:30:54 INFO  Test final outcome:  FAILED
14:30:54 INFO  Test outcome reason: Assert that (False == value) with value=True
14:30:54 INFO  
</system-out>
	</testcase>
</testsuite>
