<?xml version="1.0" encoding="utf-8"?>
<testsuite failures="1" name="SoftwareManagement.sm_apt_install_remove_multiple" skipped="0" tests="1" time="178.72" timestamp="2022-05-11T12:25:26">
	<testcase classname="PySysTest" name="SoftwareManagement.sm_apt_install_remove_multiple">
		<failure message="FAILED: Assert that (False == value) with value=True" type="FAILED"/>
		<system-out>12:22:28 INFO  ==============================================================
12:22:28 INFO  Id:    SoftwareManagement.sm_apt_install_remove_multiple
12:22:28 INFO  Dir:   software_management_end_to_end/
12:22:28 INFO  Title: Validate end to end behaviour for the apt plugin for multiple packages
12:22:28 INFO  ==============================================================
12:22:28 INFO  Using sw id database: {'asciijump': '5475369', 'robotfindskitten': '5474869', 'squirrel3': '5475279', 'rolldice': '5152439', 'moon-buggy': '5439204', 'apple': '5495053', 'banana': '5494888', 'cherry': '5495382', 'watermelon': '5494510', 'registry': '8018911', 'hello-world': '8021526', 'docker/getting-started': '8021973', 'alpine': '7991792'}
12:22:28 INFO  EnvironmentC8y Setup
12:22:28 INFO  Executed systemctl&lt;serv_mapper1&gt;, exit status 3
12:22:28 INFO  Restarting mosquitto too frequently in the last 10 seconds. It was only up for 5 seconds
12:22:28 INFO  Delaying execution by 6 seconds
12:22:48 INFO  Executed sudo&lt;tedge_connect_c8y&gt;, exit status 0, duration 13 secs
12:22:48 INFO  Executed sudo&lt;tedge_connect_c8y_test&gt;, exit status 0
12:22:49 INFO  Executed systemctl&lt;serv_mosq2&gt;, exit status 0
12:22:49 INFO  Executed systemctl&lt;serv_mapper3&gt;, exit status 0
12:22:52 INFO  State of current operation: SUCCESSFUL
12:22:52 INFO  Assert that (False == value) with value=False ... passed
12:22:52 INFO  Assert that (False == value) with value=False ... passed
12:22:52 INFO  Assert that (False == value) with value=False ... passed
12:22:53 INFO  Package robotfindskitten is installed
12:22:53 WARN  Assert that (False == value) with value=True ... failed 
12:22:53 INFO  Response status: 201
12:22:53 INFO  Response to action: {
    &quot;delivery&quot;: {
        &quot;time&quot;: &quot;2022-05-11T12:22:53.338Z&quot;,
        &quot;log&quot;: [],
        &quot;status&quot;: &quot;PENDING&quot;
    },
    &quot;creationTime&quot;: &quot;2022-05-11T12:22:53.327Z&quot;,
    &quot;deviceName&quot;: &quot;m32sd10c&quot;,
    &quot;deviceId&quot;: &quot;18764682&quot;,
    &quot;self&quot;: &quot;https://t493319102.eu-latest.cumulocity.com/devicecontrol/operations/18840652&quot;,
    &quot;id&quot;: &quot;18840652&quot;,
    &quot;status&quot;: &quot;PENDING&quot;,
    &quot;description&quot;: &quot;Apply software changes, triggered from PySys: [{'action': 'install', 'id': '5475369', 'name': 'asciijump', 'url': ' ', 'version': '::apt'}, {'action': 'install', 'id': '5474869', 'name': 'robotfindskitten', 'url': ' ', 'version': '::apt'}, {'action': 'install', 'id': '5475279', 'name': 'squirrel3', 'url': ' ', 'version': '::apt'}]&quot;,
    &quot;c8y_SoftwareUpdate&quot;: [
        {
            &quot;name&quot;: &quot;asciijump&quot;,
            &quot;action&quot;: &quot;install&quot;,
            &quot;id&quot;: &quot;5475369&quot;,
            &quot;version&quot;: &quot;::apt&quot;,
            &quot;url&quot;: &quot; &quot;
        },
        {
            &quot;name&quot;: &quot;robotfindskitten&quot;,
            &quot;action&quot;: &quot;install&quot;,
            &quot;id&quot;: &quot;5474869&quot;,
            &quot;version&quot;: &quot;::apt&quot;,
            &quot;url&quot;: &quot; &quot;
        },
        {
            &quot;name&quot;: &quot;squirrel3&quot;,
            &quot;action&quot;: &quot;install&quot;,
            &quot;id&quot;: &quot;5475279&quot;,
            &quot;version&quot;: &quot;::apt&quot;,
            &quot;url&quot;: &quot; &quot;
        }
    ]
}
12:22:53 INFO  Started operation: {'delivery': {'time': '2022-05-11T12:22:53.338Z', 'log': [], 'status': 'PENDING'}, 'creationTime': '2022-05-11T12:22:53.327Z', 'deviceName': 'm32sd10c', 'deviceId': '18764682', 'self': 'https://t493319102.eu-latest.cumulocity.com/devicecontrol/operations/18840652', 'id': '18840652', 'status': 'PENDING', 'description': &quot;Apply software changes, triggered from PySys: [{'action': 'install', 'id': '5475369', 'name': 'asciijump', 'url': ' ', 'version': '::apt'}, {'action': 'install', 'id': '5474869', 'name': 'robotfindskitten', 'url': ' ', 'version': '::apt'}, {'action': 'install', 'id': '5475279', 'name': 'squirrel3', 'url': ' ', 'version': '::apt'}]&quot;, 'c8y_SoftwareUpdate': [{'name': 'asciijump', 'action': 'install', 'id': '5475369', 'version': '::apt', 'url': ' '}, {'name': 'robotfindskitten', 'action': 'install', 'id': '5474869', 'version': '::apt', 'url': ' '}, {'name': 'squirrel3', 'action': 'install', 'id': '5475279', 'version': '::apt', 'url': ' '}]}
12:22:55 INFO  State of operation 18840652 : PENDING
12:22:57 INFO  State of operation 18840652 : EXECUTING
12:23:00 INFO  State of operation 18840652 : EXECUTING
12:23:02 INFO  State of operation 18840652 : EXECUTING
12:23:04 INFO  State of operation 18840652 : EXECUTING
12:23:06 INFO  State of operation 18840652 : EXECUTING
12:23:09 INFO  State of operation 18840652 : EXECUTING
12:23:12 INFO  State of operation 18840652 : EXECUTING
12:23:14 INFO  State of operation 18840652 : EXECUTING
12:23:17 INFO  State of operation 18840652 : EXECUTING
12:23:19 INFO  State of operation 18840652 : EXECUTING
12:23:21 INFO  State of operation 18840652 : EXECUTING
12:23:23 INFO  State of operation 18840652 : EXECUTING
12:23:25 INFO  State of operation 18840652 : EXECUTING
12:23:28 INFO  State of operation 18840652 : EXECUTING
12:23:30 INFO  State of operation 18840652 : EXECUTING
12:23:32 INFO  State of operation 18840652 : EXECUTING
12:23:35 INFO  State of operation 18840652 : EXECUTING
12:23:37 INFO  State of operation 18840652 : EXECUTING
12:23:40 INFO  State of operation 18840652 : EXECUTING
12:23:42 INFO  State of operation 18840652 : EXECUTING
12:23:45 INFO  State of operation 18840652 : EXECUTING
12:23:47 INFO  State of operation 18840652 : EXECUTING
12:23:49 INFO  State of operation 18840652 : EXECUTING
12:23:52 INFO  State of operation 18840652 : EXECUTING
12:23:54 INFO  State of operation 18840652 : EXECUTING
12:23:56 INFO  State of operation 18840652 : EXECUTING
12:23:58 INFO  State of operation 18840652 : EXECUTING
12:24:01 INFO  State of operation 18840652 : EXECUTING
12:24:03 INFO  State of operation 18840652 : EXECUTING
12:24:05 INFO  State of operation 18840652 : EXECUTING
12:24:07 INFO  State of operation 18840652 : EXECUTING
12:24:10 INFO  State of operation 18840652 : EXECUTING
12:24:12 INFO  State of operation 18840652 : EXECUTING
12:24:14 INFO  State of operation 18840652 : SUCCESSFUL
12:24:14 INFO  Assert that (False == value) with value=False ... passed
12:24:15 INFO  Package asciijump is installed
12:24:15 INFO  Assert that (True == value) with value=True ... passed
12:24:15 INFO  Package squirrel3 is installed
12:24:15 INFO  Assert that (True == value) with value=True ... passed
12:24:15 INFO  Package robotfindskitten is installed
12:24:15 INFO  Assert that (True == value) with value=True ... passed
12:24:15 INFO  Response status: 201
12:24:15 INFO  Response to action: {
    &quot;delivery&quot;: {
        &quot;time&quot;: &quot;2022-05-11T12:24:15.846Z&quot;,
        &quot;log&quot;: [],
        &quot;status&quot;: &quot;PENDING&quot;
    },
    &quot;creationTime&quot;: &quot;2022-05-11T12:24:15.834Z&quot;,
    &quot;deviceName&quot;: &quot;m32sd10c&quot;,
    &quot;deviceId&quot;: &quot;18764682&quot;,
    &quot;self&quot;: &quot;https://t493319102.eu-latest.cumulocity.com/devicecontrol/operations/18840705&quot;,
    &quot;id&quot;: &quot;18840705&quot;,
    &quot;status&quot;: &quot;PENDING&quot;,
    &quot;description&quot;: &quot;Apply software changes, triggered from PySys: [{'action': 'delete', 'id': '5475369', 'name': 'asciijump', 'url': ' ', 'version': '::apt'}, {'action': 'delete', 'id': '5474869', 'name': 'robotfindskitten', 'url': ' ', 'version': '::apt'}, {'action': 'delete', 'id': '5475279', 'name': 'squirrel3', 'url': ' ', 'version': '::apt'}]&quot;,
    &quot;c8y_SoftwareUpdate&quot;: [
        {
            &quot;name&quot;: &quot;asciijump&quot;,
            &quot;action&quot;: &quot;delete&quot;,
            &quot;id&quot;: &quot;5475369&quot;,
            &quot;version&quot;: &quot;::apt&quot;,
            &quot;url&quot;: &quot; &quot;
        },
        {
            &quot;name&quot;: &quot;robotfindskitten&quot;,
            &quot;action&quot;: &quot;delete&quot;,
            &quot;id&quot;: &quot;5474869&quot;,
            &quot;version&quot;: &quot;::apt&quot;,
            &quot;url&quot;: &quot; &quot;
        },
        {
            &quot;name&quot;: &quot;squirrel3&quot;,
            &quot;action&quot;: &quot;delete&quot;,
            &quot;id&quot;: &quot;5475279&quot;,
            &quot;version&quot;: &quot;::apt&quot;,
            &quot;url&quot;: &quot; &quot;
        }
    ]
}
12:24:15 INFO  Started operation: {'delivery': {'time': '2022-05-11T12:24:15.846Z', 'log': [], 'status': 'PENDING'}, 'creationTime': '2022-05-11T12:24:15.834Z', 'deviceName': 'm32sd10c', 'deviceId': '18764682', 'self': 'https://t493319102.eu-latest.cumulocity.com/devicecontrol/operations/18840705', 'id': '18840705', 'status': 'PENDING', 'description': &quot;Apply software changes, triggered from PySys: [{'action': 'delete', 'id': '5475369', 'name': 'asciijump', 'url': ' ', 'version': '::apt'}, {'action': 'delete', 'id': '5474869', 'name': 'robotfindskitten', 'url': ' ', 'version': '::apt'}, {'action': 'delete', 'id': '5475279', 'name': 'squirrel3', 'url': ' ', 'version': '::apt'}]&quot;, 'c8y_SoftwareUpdate': [{'name': 'asciijump', 'action': 'delete', 'id': '5475369', 'version': '::apt', 'url': ' '}, {'name': 'robotfindskitten', 'action': 'delete', 'id': '5474869', 'version': '::apt', 'url': ' '}, {'name': 'squirrel3', 'action': 'delete', 'id': '5475279', 'version': '::apt', 'url': ' '}]}
12:24:18 INFO  State of operation 18840705 : PENDING
12:24:20 INFO  State of operation 18840705 : EXECUTING
12:24:22 INFO  State of operation 18840705 : EXECUTING
12:24:24 INFO  State of operation 18840705 : EXECUTING
12:24:27 INFO  State of operation 18840705 : EXECUTING
12:24:29 INFO  State of operation 18840705 : EXECUTING
12:24:31 INFO  State of operation 18840705 : EXECUTING
12:24:34 INFO  State of operation 18840705 : EXECUTING
12:24:37 INFO  State of operation 18840705 : EXECUTING
12:24:39 INFO  State of operation 18840705 : EXECUTING
12:24:41 INFO  State of operation 18840705 : EXECUTING
12:24:43 INFO  State of operation 18840705 : EXECUTING
12:24:46 INFO  State of operation 18840705 : EXECUTING
12:24:48 INFO  State of operation 18840705 : EXECUTING
12:24:50 INFO  State of operation 18840705 : EXECUTING
12:24:53 INFO  State of operation 18840705 : EXECUTING
12:24:55 INFO  State of operation 18840705 : EXECUTING
12:24:58 INFO  State of operation 18840705 : EXECUTING
12:25:00 INFO  State of operation 18840705 : EXECUTING
12:25:02 INFO  State of operation 18840705 : EXECUTING
12:25:05 INFO  State of operation 18840705 : EXECUTING
12:25:07 INFO  State of operation 18840705 : EXECUTING
12:25:09 INFO  State of operation 18840705 : EXECUTING
12:25:11 INFO  State of operation 18840705 : EXECUTING
12:25:14 INFO  State of operation 18840705 : EXECUTING
12:25:16 INFO  State of operation 18840705 : EXECUTING
12:25:19 INFO  State of operation 18840705 : EXECUTING
12:25:21 INFO  State of operation 18840705 : SUCCESSFUL
12:25:21 INFO  Assert that (False == value) with value=False ... passed
12:25:21 INFO  Assert that (False == value) with value=False ... passed
12:25:22 INFO  Assert that (False == value) with value=False ... passed
12:25:22 INFO  Assert that (False == value) with value=False ... passed
12:25:22 INFO  
12:25:22 INFO  cleanup:
12:25:26 INFO  Executed sudo&lt;tedge_disconnect_c8y&gt;, exit status 0
12:25:26 INFO  Executed systemctl&lt;serv_mapper5&gt;, exit status 3
12:25:26 INFO  
12:25:26 INFO  Test duration: 178.72 secs
12:25:26 INFO  Test final outcome:  FAILED
12:25:26 INFO  Test outcome reason: Assert that (False == value) with value=True
12:25:26 INFO  
</system-out>
	</testcase>
</testsuite>
