<?xml version="1.0" encoding="utf-8"?>
<testsuite failures="1" name="SoftwareManagement.sm_apt_install_remove_multiple" skipped="0" tests="1" time="178.43" timestamp="2022-05-03T16:10:30">
	<testcase classname="PySysTest" name="SoftwareManagement.sm_apt_install_remove_multiple">
		<failure message="FAILED: Assert that (False == value) with value=True" type="FAILED"/>
		<system-out>16:07:32 INFO  ==============================================================
16:07:32 INFO  Id:    SoftwareManagement.sm_apt_install_remove_multiple
16:07:32 INFO  Dir:   software_management_end_to_end/
16:07:32 INFO  Title: Validate end to end behaviour for the apt plugin for multiple packages
16:07:32 INFO  ==============================================================
16:07:32 INFO  Using sw id database: {'asciijump': '5475369', 'robotfindskitten': '5474869', 'squirrel3': '5475279', 'rolldice': '5152439', 'moon-buggy': '5439204', 'apple': '5495053', 'banana': '5494888', 'cherry': '5495382', 'watermelon': '5494510', 'registry': '8018911', 'hello-world': '8021526', 'docker/getting-started': '8021973', 'alpine': '7991792'}
16:07:32 INFO  EnvironmentC8y Setup
16:07:32 INFO  Executed systemctl&lt;serv_mapper1&gt;, exit status 3
16:07:33 INFO  Restarting mosquitto too frequently in the last 10 seconds. It was only up for 5 seconds
16:07:33 INFO  Delaying execution by 6 seconds
16:07:52 INFO  Executed sudo&lt;tedge_connect_c8y&gt;, exit status 0, duration 13 secs
16:07:53 INFO  Executed sudo&lt;tedge_connect_c8y_test&gt;, exit status 0
16:07:53 INFO  Executed systemctl&lt;serv_mosq2&gt;, exit status 0
16:07:54 INFO  Executed systemctl&lt;serv_mapper3&gt;, exit status 0
16:07:56 INFO  State of current operation: SUCCESSFUL
16:07:56 INFO  Assert that (False == value) with value=False ... passed
16:07:56 INFO  Assert that (False == value) with value=False ... passed
16:07:57 INFO  Assert that (False == value) with value=False ... passed
16:07:57 INFO  Package robotfindskitten is installed
16:07:57 WARN  Assert that (False == value) with value=True ... failed 
16:07:57 INFO  Response status: 201
16:07:57 INFO  Response to action: {
    &quot;creationTime&quot;: &quot;2022-05-03T16:07:57.634Z&quot;,
    &quot;deviceName&quot;: &quot;m32sd10c&quot;,
    &quot;deviceId&quot;: &quot;18304796&quot;,
    &quot;self&quot;: &quot;https://t493319102.eu-latest.cumulocity.com/devicecontrol/operations/18322172&quot;,
    &quot;id&quot;: &quot;18322172&quot;,
    &quot;status&quot;: &quot;PENDING&quot;,
    &quot;description&quot;: &quot;Apply software changes, triggered from PySys: [{'action': 'install', 'id': '5475369', 'name': 'asciijump', 'url': ' ', 'version': '::apt'}, {'action': 'install', 'id': '5474869', 'name': 'robotfindskitten', 'url': ' ', 'version': '::apt'}, {'action': 'install', 'id': '5475279', 'name': 'squirrel3', 'url': ' ', 'version': '::apt'}]&quot;,
    &quot;c8y_SoftwareUpdate&quot;: [
        {
            &quot;name&quot;: &quot;asciijump&quot;,
            &quot;action&quot;: &quot;install&quot;,
            &quot;id&quot;: &quot;5475369&quot;,
            &quot;version&quot;: &quot;::apt&quot;,
            &quot;url&quot;: &quot; &quot;
        },
        {
            &quot;name&quot;: &quot;robotfindskitten&quot;,
            &quot;action&quot;: &quot;install&quot;,
            &quot;id&quot;: &quot;5474869&quot;,
            &quot;version&quot;: &quot;::apt&quot;,
            &quot;url&quot;: &quot; &quot;
        },
        {
            &quot;name&quot;: &quot;squirrel3&quot;,
            &quot;action&quot;: &quot;install&quot;,
            &quot;id&quot;: &quot;5475279&quot;,
            &quot;version&quot;: &quot;::apt&quot;,
            &quot;url&quot;: &quot; &quot;
        }
    ]
}
16:07:57 INFO  Started operation: {'creationTime': '2022-05-03T16:07:57.634Z', 'deviceName': 'm32sd10c', 'deviceId': '18304796', 'self': 'https://t493319102.eu-latest.cumulocity.com/devicecontrol/operations/18322172', 'id': '18322172', 'status': 'PENDING', 'description': &quot;Apply software changes, triggered from PySys: [{'action': 'install', 'id': '5475369', 'name': 'asciijump', 'url': ' ', 'version': '::apt'}, {'action': 'install', 'id': '5474869', 'name': 'robotfindskitten', 'url': ' ', 'version': '::apt'}, {'action': 'install', 'id': '5475279', 'name': 'squirrel3', 'url': ' ', 'version': '::apt'}]&quot;, 'c8y_SoftwareUpdate': [{'name': 'asciijump', 'action': 'install', 'id': '5475369', 'version': '::apt', 'url': ' '}, {'name': 'robotfindskitten', 'action': 'install', 'id': '5474869', 'version': '::apt', 'url': ' '}, {'name': 'squirrel3', 'action': 'install', 'id': '5475279', 'version': '::apt', 'url': ' '}]}
16:07:59 INFO  State of operation 18322172 : PENDING
16:08:02 INFO  State of operation 18322172 : EXECUTING
16:08:04 INFO  State of operation 18322172 : EXECUTING
16:08:06 INFO  State of operation 18322172 : EXECUTING
16:08:08 INFO  State of operation 18322172 : EXECUTING
16:08:10 INFO  State of operation 18322172 : EXECUTING
16:08:13 INFO  State of operation 18322172 : EXECUTING
16:08:16 INFO  State of operation 18322172 : EXECUTING
16:08:18 INFO  State of operation 18322172 : EXECUTING
16:08:21 INFO  State of operation 18322172 : EXECUTING
16:08:23 INFO  State of operation 18322172 : EXECUTING
16:08:25 INFO  State of operation 18322172 : EXECUTING
16:08:27 INFO  State of operation 18322172 : EXECUTING
16:08:30 INFO  State of operation 18322172 : EXECUTING
16:08:32 INFO  State of operation 18322172 : EXECUTING
16:08:34 INFO  State of operation 18322172 : EXECUTING
16:08:36 INFO  State of operation 18322172 : EXECUTING
16:08:39 INFO  State of operation 18322172 : EXECUTING
16:08:41 INFO  State of operation 18322172 : EXECUTING
16:08:44 INFO  State of operation 18322172 : EXECUTING
16:08:46 INFO  State of operation 18322172 : EXECUTING
16:08:48 INFO  State of operation 18322172 : EXECUTING
16:08:51 INFO  State of operation 18322172 : EXECUTING
16:08:53 INFO  State of operation 18322172 : EXECUTING
16:08:56 INFO  State of operation 18322172 : EXECUTING
16:08:58 INFO  State of operation 18322172 : EXECUTING
16:09:00 INFO  State of operation 18322172 : EXECUTING
16:09:02 INFO  State of operation 18322172 : EXECUTING
16:09:04 INFO  State of operation 18322172 : EXECUTING
16:09:07 INFO  State of operation 18322172 : EXECUTING
16:09:09 INFO  State of operation 18322172 : EXECUTING
16:09:11 INFO  State of operation 18322172 : EXECUTING
16:09:14 INFO  State of operation 18322172 : EXECUTING
16:09:16 INFO  State of operation 18322172 : EXECUTING
16:09:18 INFO  State of operation 18322172 : SUCCESSFUL
16:09:18 INFO  Assert that (False == value) with value=False ... passed
16:09:18 INFO  Package asciijump is installed
16:09:18 INFO  Assert that (True == value) with value=True ... passed
16:09:19 INFO  Package squirrel3 is installed
16:09:19 INFO  Assert that (True == value) with value=True ... passed
16:09:19 INFO  Package robotfindskitten is installed
16:09:19 INFO  Assert that (True == value) with value=True ... passed
16:09:19 INFO  Response status: 201
16:09:19 INFO  Response to action: {
    &quot;creationTime&quot;: &quot;2022-05-03T16:09:19.691Z&quot;,
    &quot;deviceName&quot;: &quot;m32sd10c&quot;,
    &quot;deviceId&quot;: &quot;18304796&quot;,
    &quot;self&quot;: &quot;https://t493319102.eu-latest.cumulocity.com/devicecontrol/operations/18322174&quot;,
    &quot;id&quot;: &quot;18322174&quot;,
    &quot;status&quot;: &quot;PENDING&quot;,
    &quot;description&quot;: &quot;Apply software changes, triggered from PySys: [{'action': 'delete', 'id': '5475369', 'name': 'asciijump', 'url': ' ', 'version': '::apt'}, {'action': 'delete', 'id': '5474869', 'name': 'robotfindskitten', 'url': ' ', 'version': '::apt'}, {'action': 'delete', 'id': '5475279', 'name': 'squirrel3', 'url': ' ', 'version': '::apt'}]&quot;,
    &quot;c8y_SoftwareUpdate&quot;: [
        {
            &quot;name&quot;: &quot;asciijump&quot;,
            &quot;action&quot;: &quot;delete&quot;,
            &quot;id&quot;: &quot;5475369&quot;,
            &quot;version&quot;: &quot;::apt&quot;,
            &quot;url&quot;: &quot; &quot;
        },
        {
            &quot;name&quot;: &quot;robotfindskitten&quot;,
            &quot;action&quot;: &quot;delete&quot;,
            &quot;id&quot;: &quot;5474869&quot;,
            &quot;version&quot;: &quot;::apt&quot;,
            &quot;url&quot;: &quot; &quot;
        },
        {
            &quot;name&quot;: &quot;squirrel3&quot;,
            &quot;action&quot;: &quot;delete&quot;,
            &quot;id&quot;: &quot;5475279&quot;,
            &quot;version&quot;: &quot;::apt&quot;,
            &quot;url&quot;: &quot; &quot;
        }
    ]
}
16:09:19 INFO  Started operation: {'creationTime': '2022-05-03T16:09:19.691Z', 'deviceName': 'm32sd10c', 'deviceId': '18304796', 'self': 'https://t493319102.eu-latest.cumulocity.com/devicecontrol/operations/18322174', 'id': '18322174', 'status': 'PENDING', 'description': &quot;Apply software changes, triggered from PySys: [{'action': 'delete', 'id': '5475369', 'name': 'asciijump', 'url': ' ', 'version': '::apt'}, {'action': 'delete', 'id': '5474869', 'name': 'robotfindskitten', 'url': ' ', 'version': '::apt'}, {'action': 'delete', 'id': '5475279', 'name': 'squirrel3', 'url': ' ', 'version': '::apt'}]&quot;, 'c8y_SoftwareUpdate': [{'name': 'asciijump', 'action': 'delete', 'id': '5475369', 'version': '::apt', 'url': ' '}, {'name': 'robotfindskitten', 'action': 'delete', 'id': '5474869', 'version': '::apt', 'url': ' '}, {'name': 'squirrel3', 'action': 'delete', 'id': '5475279', 'version': '::apt', 'url': ' '}]}
16:09:21 INFO  State of operation 18322174 : PENDING
16:09:24 INFO  State of operation 18322174 : EXECUTING
16:09:26 INFO  State of operation 18322174 : EXECUTING
16:09:28 INFO  State of operation 18322174 : EXECUTING
16:09:30 INFO  State of operation 18322174 : EXECUTING
16:09:33 INFO  State of operation 18322174 : EXECUTING
16:09:35 INFO  State of operation 18322174 : EXECUTING
16:09:38 INFO  State of operation 18322174 : EXECUTING
16:09:41 INFO  State of operation 18322174 : EXECUTING
16:09:43 INFO  State of operation 18322174 : EXECUTING
16:09:45 INFO  State of operation 18322174 : EXECUTING
16:09:47 INFO  State of operation 18322174 : EXECUTING
16:09:50 INFO  State of operation 18322174 : EXECUTING
16:09:52 INFO  State of operation 18322174 : EXECUTING
16:09:54 INFO  State of operation 18322174 : EXECUTING
16:09:57 INFO  State of operation 18322174 : EXECUTING
16:09:59 INFO  State of operation 18322174 : EXECUTING
16:10:02 INFO  State of operation 18322174 : EXECUTING
16:10:04 INFO  State of operation 18322174 : EXECUTING
16:10:06 INFO  State of operation 18322174 : EXECUTING
16:10:09 INFO  State of operation 18322174 : EXECUTING
16:10:11 INFO  State of operation 18322174 : EXECUTING
16:10:13 INFO  State of operation 18322174 : EXECUTING
16:10:15 INFO  State of operation 18322174 : EXECUTING
16:10:18 INFO  State of operation 18322174 : EXECUTING
16:10:20 INFO  State of operation 18322174 : EXECUTING
16:10:23 INFO  State of operation 18322174 : EXECUTING
16:10:25 INFO  State of operation 18322174 : SUCCESSFUL
16:10:25 INFO  Assert that (False == value) with value=False ... passed
16:10:25 INFO  Assert that (False == value) with value=False ... passed
16:10:25 INFO  Assert that (False == value) with value=False ... passed
16:10:26 INFO  Assert that (False == value) with value=False ... passed
16:10:26 INFO  
16:10:26 INFO  cleanup:
16:10:30 INFO  Executed sudo&lt;tedge_disconnect_c8y&gt;, exit status 0
16:10:30 INFO  Executed systemctl&lt;serv_mapper5&gt;, exit status 3
16:10:30 INFO  
16:10:30 INFO  Test duration: 178.43 secs
16:10:30 INFO  Test final outcome:  FAILED
16:10:30 INFO  Test outcome reason: Assert that (False == value) with value=True
16:10:30 INFO  
</system-out>
	</testcase>
</testsuite>
