<?xml version="1.0" encoding="utf-8"?>
<testsuite failures="1" name="SoftwareManagement.sm_apt_install_remove_multiple" skipped="0" tests="1" time="178.83" timestamp="2022-05-04T09:09:09">
	<testcase classname="PySysTest" name="SoftwareManagement.sm_apt_install_remove_multiple">
		<failure message="FAILED: Assert that (False == value) with value=True" type="FAILED"/>
		<system-out>09:06:10 INFO  ==============================================================
09:06:10 INFO  Id:    SoftwareManagement.sm_apt_install_remove_multiple
09:06:10 INFO  Dir:   software_management_end_to_end/
09:06:10 INFO  Title: Validate end to end behaviour for the apt plugin for multiple packages
09:06:10 INFO  ==============================================================
09:06:10 INFO  Using sw id database: {'asciijump': '5475369', 'robotfindskitten': '5474869', 'squirrel3': '5475279', 'rolldice': '5152439', 'moon-buggy': '5439204', 'apple': '5495053', 'banana': '5494888', 'cherry': '5495382', 'watermelon': '5494510', 'registry': '8018911', 'hello-world': '8021526', 'docker/getting-started': '8021973', 'alpine': '7991792'}
09:06:10 INFO  EnvironmentC8y Setup
09:06:11 INFO  Executed systemctl&lt;serv_mapper1&gt;, exit status 3
09:06:11 INFO  Restarting mosquitto too frequently in the last 10 seconds. It was only up for 5 seconds
09:06:11 INFO  Delaying execution by 6 seconds
09:06:31 INFO  Executed sudo&lt;tedge_connect_c8y&gt;, exit status 0, duration 13 secs
09:06:31 INFO  Executed sudo&lt;tedge_connect_c8y_test&gt;, exit status 0
09:06:32 INFO  Executed systemctl&lt;serv_mosq2&gt;, exit status 0
09:06:32 INFO  Executed systemctl&lt;serv_mapper3&gt;, exit status 0
09:06:34 INFO  State of current operation: SUCCESSFUL
09:06:35 INFO  Assert that (False == value) with value=False ... passed
09:06:35 INFO  Assert that (False == value) with value=False ... passed
09:06:35 INFO  Assert that (False == value) with value=False ... passed
09:06:35 INFO  Package robotfindskitten is installed
09:06:35 WARN  Assert that (False == value) with value=True ... failed 
09:06:36 INFO  Response status: 201
09:06:36 INFO  Response to action: {
    &quot;delivery&quot;: {
        &quot;time&quot;: &quot;2022-05-04T09:06:35.978Z&quot;,
        &quot;log&quot;: [],
        &quot;status&quot;: &quot;PENDING&quot;
    },
    &quot;creationTime&quot;: &quot;2022-05-04T09:06:35.966Z&quot;,
    &quot;deviceName&quot;: &quot;m32sd10c&quot;,
    &quot;deviceId&quot;: &quot;18358977&quot;,
    &quot;self&quot;: &quot;https://t493319102.eu-latest.cumulocity.com/devicecontrol/operations/18389252&quot;,
    &quot;id&quot;: &quot;18389252&quot;,
    &quot;status&quot;: &quot;PENDING&quot;,
    &quot;description&quot;: &quot;Apply software changes, triggered from PySys: [{'action': 'install', 'id': '5475369', 'name': 'asciijump', 'url': ' ', 'version': '::apt'}, {'action': 'install', 'id': '5474869', 'name': 'robotfindskitten', 'url': ' ', 'version': '::apt'}, {'action': 'install', 'id': '5475279', 'name': 'squirrel3', 'url': ' ', 'version': '::apt'}]&quot;,
    &quot;c8y_SoftwareUpdate&quot;: [
        {
            &quot;name&quot;: &quot;asciijump&quot;,
            &quot;action&quot;: &quot;install&quot;,
            &quot;id&quot;: &quot;5475369&quot;,
            &quot;version&quot;: &quot;::apt&quot;,
            &quot;url&quot;: &quot; &quot;
        },
        {
            &quot;name&quot;: &quot;robotfindskitten&quot;,
            &quot;action&quot;: &quot;install&quot;,
            &quot;id&quot;: &quot;5474869&quot;,
            &quot;version&quot;: &quot;::apt&quot;,
            &quot;url&quot;: &quot; &quot;
        },
        {
            &quot;name&quot;: &quot;squirrel3&quot;,
            &quot;action&quot;: &quot;install&quot;,
            &quot;id&quot;: &quot;5475279&quot;,
            &quot;version&quot;: &quot;::apt&quot;,
            &quot;url&quot;: &quot; &quot;
        }
    ]
}
09:06:36 INFO  Started operation: {'delivery': {'time': '2022-05-04T09:06:35.978Z', 'log': [], 'status': 'PENDING'}, 'creationTime': '2022-05-04T09:06:35.966Z', 'deviceName': 'm32sd10c', 'deviceId': '18358977', 'self': 'https://t493319102.eu-latest.cumulocity.com/devicecontrol/operations/18389252', 'id': '18389252', 'status': 'PENDING', 'description': &quot;Apply software changes, triggered from PySys: [{'action': 'install', 'id': '5475369', 'name': 'asciijump', 'url': ' ', 'version': '::apt'}, {'action': 'install', 'id': '5474869', 'name': 'robotfindskitten', 'url': ' ', 'version': '::apt'}, {'action': 'install', 'id': '5475279', 'name': 'squirrel3', 'url': ' ', 'version': '::apt'}]&quot;, 'c8y_SoftwareUpdate': [{'name': 'asciijump', 'action': 'install', 'id': '5475369', 'version': '::apt', 'url': ' '}, {'name': 'robotfindskitten', 'action': 'install', 'id': '5474869', 'version': '::apt', 'url': ' '}, {'name': 'squirrel3', 'action': 'install', 'id': '5475279', 'version': '::apt', 'url': ' '}]}
09:06:38 INFO  State of operation 18389252 : PENDING
09:06:40 INFO  State of operation 18389252 : EXECUTING
09:06:42 INFO  State of operation 18389252 : EXECUTING
09:06:44 INFO  State of operation 18389252 : EXECUTING
09:06:47 INFO  State of operation 18389252 : EXECUTING
09:06:49 INFO  State of operation 18389252 : EXECUTING
09:06:52 INFO  State of operation 18389252 : EXECUTING
09:06:54 INFO  State of operation 18389252 : EXECUTING
09:06:57 INFO  State of operation 18389252 : EXECUTING
09:06:59 INFO  State of operation 18389252 : EXECUTING
09:07:01 INFO  State of operation 18389252 : EXECUTING
09:07:04 INFO  State of operation 18389252 : EXECUTING
09:07:06 INFO  State of operation 18389252 : EXECUTING
09:07:08 INFO  State of operation 18389252 : EXECUTING
09:07:10 INFO  State of operation 18389252 : EXECUTING
09:07:13 INFO  State of operation 18389252 : EXECUTING
09:07:15 INFO  State of operation 18389252 : EXECUTING
09:07:18 INFO  State of operation 18389252 : EXECUTING
09:07:20 INFO  State of operation 18389252 : EXECUTING
09:07:22 INFO  State of operation 18389252 : EXECUTING
09:07:24 INFO  State of operation 18389252 : EXECUTING
09:07:27 INFO  State of operation 18389252 : EXECUTING
09:07:29 INFO  State of operation 18389252 : EXECUTING
09:07:32 INFO  State of operation 18389252 : EXECUTING
09:07:34 INFO  State of operation 18389252 : EXECUTING
09:07:37 INFO  State of operation 18389252 : EXECUTING
09:07:39 INFO  State of operation 18389252 : EXECUTING
09:07:41 INFO  State of operation 18389252 : EXECUTING
09:07:43 INFO  State of operation 18389252 : EXECUTING
09:07:45 INFO  State of operation 18389252 : EXECUTING
09:07:48 INFO  State of operation 18389252 : EXECUTING
09:07:50 INFO  State of operation 18389252 : EXECUTING
09:07:52 INFO  State of operation 18389252 : EXECUTING
09:07:54 INFO  State of operation 18389252 : EXECUTING
09:07:57 INFO  State of operation 18389252 : SUCCESSFUL
09:07:57 INFO  Assert that (False == value) with value=False ... passed
09:07:57 INFO  Package asciijump is installed
09:07:57 INFO  Assert that (True == value) with value=True ... passed
09:07:57 INFO  Package squirrel3 is installed
09:07:57 INFO  Assert that (True == value) with value=True ... passed
09:07:58 INFO  Package robotfindskitten is installed
09:07:58 INFO  Assert that (True == value) with value=True ... passed
09:07:58 INFO  Response status: 201
09:07:58 INFO  Response to action: {
    &quot;delivery&quot;: {
        &quot;time&quot;: &quot;2022-05-04T09:07:58.280Z&quot;,
        &quot;log&quot;: [],
        &quot;status&quot;: &quot;PENDING&quot;
    },
    &quot;creationTime&quot;: &quot;2022-05-04T09:07:58.267Z&quot;,
    &quot;deviceName&quot;: &quot;m32sd10c&quot;,
    &quot;deviceId&quot;: &quot;18358977&quot;,
    &quot;self&quot;: &quot;https://t493319102.eu-latest.cumulocity.com/devicecontrol/operations/18389285&quot;,
    &quot;id&quot;: &quot;18389285&quot;,
    &quot;status&quot;: &quot;PENDING&quot;,
    &quot;description&quot;: &quot;Apply software changes, triggered from PySys: [{'action': 'delete', 'id': '5475369', 'name': 'asciijump', 'url': ' ', 'version': '::apt'}, {'action': 'delete', 'id': '5474869', 'name': 'robotfindskitten', 'url': ' ', 'version': '::apt'}, {'action': 'delete', 'id': '5475279', 'name': 'squirrel3', 'url': ' ', 'version': '::apt'}]&quot;,
    &quot;c8y_SoftwareUpdate&quot;: [
        {
            &quot;name&quot;: &quot;asciijump&quot;,
            &quot;action&quot;: &quot;delete&quot;,
            &quot;id&quot;: &quot;5475369&quot;,
            &quot;version&quot;: &quot;::apt&quot;,
            &quot;url&quot;: &quot; &quot;
        },
        {
            &quot;name&quot;: &quot;robotfindskitten&quot;,
            &quot;action&quot;: &quot;delete&quot;,
            &quot;id&quot;: &quot;5474869&quot;,
            &quot;version&quot;: &quot;::apt&quot;,
            &quot;url&quot;: &quot; &quot;
        },
        {
            &quot;name&quot;: &quot;squirrel3&quot;,
            &quot;action&quot;: &quot;delete&quot;,
            &quot;id&quot;: &quot;5475279&quot;,
            &quot;version&quot;: &quot;::apt&quot;,
            &quot;url&quot;: &quot; &quot;
        }
    ]
}
09:07:58 INFO  Started operation: {'delivery': {'time': '2022-05-04T09:07:58.280Z', 'log': [], 'status': 'PENDING'}, 'creationTime': '2022-05-04T09:07:58.267Z', 'deviceName': 'm32sd10c', 'deviceId': '18358977', 'self': 'https://t493319102.eu-latest.cumulocity.com/devicecontrol/operations/18389285', 'id': '18389285', 'status': 'PENDING', 'description': &quot;Apply software changes, triggered from PySys: [{'action': 'delete', 'id': '5475369', 'name': 'asciijump', 'url': ' ', 'version': '::apt'}, {'action': 'delete', 'id': '5474869', 'name': 'robotfindskitten', 'url': ' ', 'version': '::apt'}, {'action': 'delete', 'id': '5475279', 'name': 'squirrel3', 'url': ' ', 'version': '::apt'}]&quot;, 'c8y_SoftwareUpdate': [{'name': 'asciijump', 'action': 'delete', 'id': '5475369', 'version': '::apt', 'url': ' '}, {'name': 'robotfindskitten', 'action': 'delete', 'id': '5474869', 'version': '::apt', 'url': ' '}, {'name': 'squirrel3', 'action': 'delete', 'id': '5475279', 'version': '::apt', 'url': ' '}]}
09:08:00 INFO  State of operation 18389285 : PENDING
09:08:02 INFO  State of operation 18389285 : EXECUTING
09:08:04 INFO  State of operation 18389285 : EXECUTING
09:08:07 INFO  State of operation 18389285 : EXECUTING
09:08:09 INFO  State of operation 18389285 : EXECUTING
09:08:11 INFO  State of operation 18389285 : EXECUTING
09:08:14 INFO  State of operation 18389285 : EXECUTING
09:08:17 INFO  State of operation 18389285 : EXECUTING
09:08:19 INFO  State of operation 18389285 : EXECUTING
09:08:21 INFO  State of operation 18389285 : EXECUTING
09:08:24 INFO  State of operation 18389285 : EXECUTING
09:08:26 INFO  State of operation 18389285 : EXECUTING
09:08:28 INFO  State of operation 18389285 : EXECUTING
09:08:30 INFO  State of operation 18389285 : EXECUTING
09:08:33 INFO  State of operation 18389285 : EXECUTING
09:08:35 INFO  State of operation 18389285 : EXECUTING
09:08:37 INFO  State of operation 18389285 : EXECUTING
09:08:40 INFO  State of operation 18389285 : EXECUTING
09:08:43 INFO  State of operation 18389285 : EXECUTING
09:08:45 INFO  State of operation 18389285 : EXECUTING
09:08:47 INFO  State of operation 18389285 : EXECUTING
09:08:49 INFO  State of operation 18389285 : EXECUTING
09:08:51 INFO  State of operation 18389285 : EXECUTING
09:08:54 INFO  State of operation 18389285 : EXECUTING
09:08:56 INFO  State of operation 18389285 : EXECUTING
09:08:59 INFO  State of operation 18389285 : EXECUTING
09:09:01 INFO  State of operation 18389285 : EXECUTING
09:09:03 INFO  State of operation 18389285 : SUCCESSFUL
09:09:03 INFO  Assert that (False == value) with value=False ... passed
09:09:04 INFO  Assert that (False == value) with value=False ... passed
09:09:04 INFO  Assert that (False == value) with value=False ... passed
09:09:04 INFO  Assert that (False == value) with value=False ... passed
09:09:04 INFO  
09:09:04 INFO  cleanup:
09:09:08 INFO  Executed sudo&lt;tedge_disconnect_c8y&gt;, exit status 0
09:09:09 INFO  Executed systemctl&lt;serv_mapper5&gt;, exit status 3
09:09:09 INFO  
09:09:09 INFO  Test duration: 178.83 secs
09:09:09 INFO  Test final outcome:  FAILED
09:09:09 INFO  Test outcome reason: Assert that (False == value) with value=True
09:09:09 INFO  
</system-out>
	</testcase>
</testsuite>
