<?xml version="1.0" encoding="utf-8"?>
<testsuite failures="0" name="apt_install" skipped="0" tests="1" time="64.37" timestamp="2022-04-27T10:40:44">
	<testcase classname="AptPluginInstallDense" name="apt_install"/>
</testsuite>
