<?xml version="1.0" encoding="utf-8"?>
<testsuite failures="0" name="apt_sequence_remove_with_version" skipped="0" tests="1" time="71.56" timestamp="2022-04-25T21:47:55">
	<testcase classname="AptPluginRemoveWithVersion" name="apt_sequence_remove_with_version"/>
</testsuite>
