<?xml version="1.0" encoding="utf-8"?>
<testsuite failures="0" name="apt_remove" skipped="0" tests="1" time="65.66" timestamp="2022-04-27T10:46:39">
	<testcase classname="AptPluginRemoveDense" name="apt_remove"/>
</testsuite>
