<?xml version="1.0" encoding="utf-8"?>
<testsuite failures="1" name="SoftwareManagement.sm_apt_install_remove_multiple" skipped="0" tests="1" time="178.93" timestamp="2022-05-12T09:38:42">
	<testcase classname="PySysTest" name="SoftwareManagement.sm_apt_install_remove_multiple">
		<failure message="FAILED: Assert that (False == value) with value=True" type="FAILED"/>
		<system-out>09:35:43 INFO  ==============================================================
09:35:43 INFO  Id:    SoftwareManagement.sm_apt_install_remove_multiple
09:35:43 INFO  Dir:   software_management_end_to_end/
09:35:43 INFO  Title: Validate end to end behaviour for the apt plugin for multiple packages
09:35:43 INFO  ==============================================================
09:35:43 INFO  Using sw id database: {'asciijump': '5475369', 'robotfindskitten': '5474869', 'squirrel3': '5475279', 'rolldice': '5152439', 'moon-buggy': '5439204', 'apple': '5495053', 'banana': '5494888', 'cherry': '5495382', 'watermelon': '5494510', 'registry': '8018911', 'hello-world': '8021526', 'docker/getting-started': '8021973', 'alpine': '7991792'}
09:35:43 INFO  EnvironmentC8y Setup
09:35:44 INFO  Executed systemctl&lt;serv_mapper1&gt;, exit status 3
09:35:44 INFO  Restarting mosquitto too frequently in the last 10 seconds. It was only up for 4 seconds
09:35:44 INFO  Delaying execution by 7 seconds
09:36:05 INFO  Executed sudo&lt;tedge_connect_c8y&gt;, exit status 0, duration 13 secs
09:36:05 INFO  Executed sudo&lt;tedge_connect_c8y_test&gt;, exit status 0
09:36:06 INFO  Executed systemctl&lt;serv_mosq2&gt;, exit status 0
09:36:06 INFO  Executed systemctl&lt;serv_mapper3&gt;, exit status 0
09:36:09 INFO  State of current operation: SUCCESSFUL
09:36:09 INFO  Assert that (False == value) with value=False ... passed
09:36:09 INFO  Assert that (False == value) with value=False ... passed
09:36:09 INFO  Assert that (False == value) with value=False ... passed
09:36:10 INFO  Package robotfindskitten is installed
09:36:10 WARN  Assert that (False == value) with value=True ... failed 
09:36:10 INFO  Response status: 201
09:36:10 INFO  Response to action: {
    &quot;creationTime&quot;: &quot;2022-05-12T09:36:10.676Z&quot;,
    &quot;deviceId&quot;: &quot;18894634&quot;,
    &quot;deviceName&quot;: &quot;m32sd10c&quot;,
    &quot;self&quot;: &quot;https://t493319102.eu-latest.cumulocity.com/devicecontrol/operations/18938710&quot;,
    &quot;id&quot;: &quot;18938710&quot;,
    &quot;status&quot;: &quot;PENDING&quot;,
    &quot;description&quot;: &quot;Apply software changes, triggered from PySys: [{'action': 'install', 'id': '5475369', 'name': 'asciijump', 'url': ' ', 'version': '::apt'}, {'action': 'install', 'id': '5474869', 'name': 'robotfindskitten', 'url': ' ', 'version': '::apt'}, {'action': 'install', 'id': '5475279', 'name': 'squirrel3', 'url': ' ', 'version': '::apt'}]&quot;,
    &quot;c8y_SoftwareUpdate&quot;: [
        {
            &quot;name&quot;: &quot;asciijump&quot;,
            &quot;action&quot;: &quot;install&quot;,
            &quot;id&quot;: &quot;5475369&quot;,
            &quot;version&quot;: &quot;::apt&quot;,
            &quot;url&quot;: &quot; &quot;
        },
        {
            &quot;name&quot;: &quot;robotfindskitten&quot;,
            &quot;action&quot;: &quot;install&quot;,
            &quot;id&quot;: &quot;5474869&quot;,
            &quot;version&quot;: &quot;::apt&quot;,
            &quot;url&quot;: &quot; &quot;
        },
        {
            &quot;name&quot;: &quot;squirrel3&quot;,
            &quot;action&quot;: &quot;install&quot;,
            &quot;id&quot;: &quot;5475279&quot;,
            &quot;version&quot;: &quot;::apt&quot;,
            &quot;url&quot;: &quot; &quot;
        }
    ]
}
09:36:10 INFO  Started operation: {'creationTime': '2022-05-12T09:36:10.676Z', 'deviceId': '18894634', 'deviceName': 'm32sd10c', 'self': 'https://t493319102.eu-latest.cumulocity.com/devicecontrol/operations/18938710', 'id': '18938710', 'status': 'PENDING', 'description': &quot;Apply software changes, triggered from PySys: [{'action': 'install', 'id': '5475369', 'name': 'asciijump', 'url': ' ', 'version': '::apt'}, {'action': 'install', 'id': '5474869', 'name': 'robotfindskitten', 'url': ' ', 'version': '::apt'}, {'action': 'install', 'id': '5475279', 'name': 'squirrel3', 'url': ' ', 'version': '::apt'}]&quot;, 'c8y_SoftwareUpdate': [{'name': 'asciijump', 'action': 'install', 'id': '5475369', 'version': '::apt', 'url': ' '}, {'name': 'robotfindskitten', 'action': 'install', 'id': '5474869', 'version': '::apt', 'url': ' '}, {'name': 'squirrel3', 'action': 'install', 'id': '5475279', 'version': '::apt', 'url': ' '}]}
09:36:12 INFO  State of operation 18938710 : PENDING
09:36:15 INFO  State of operation 18938710 : EXECUTING
09:36:17 INFO  State of operation 18938710 : EXECUTING
09:36:19 INFO  State of operation 18938710 : EXECUTING
09:36:21 INFO  State of operation 18938710 : EXECUTING
09:36:24 INFO  State of operation 18938710 : EXECUTING
09:36:26 INFO  State of operation 18938710 : EXECUTING
09:36:29 INFO  State of operation 18938710 : EXECUTING
09:36:32 INFO  State of operation 18938710 : EXECUTING
09:36:34 INFO  State of operation 18938710 : EXECUTING
09:36:36 INFO  State of operation 18938710 : EXECUTING
09:36:38 INFO  State of operation 18938710 : EXECUTING
09:36:40 INFO  State of operation 18938710 : EXECUTING
09:36:43 INFO  State of operation 18938710 : EXECUTING
09:36:45 INFO  State of operation 18938710 : EXECUTING
09:36:47 INFO  State of operation 18938710 : EXECUTING
09:36:50 INFO  State of operation 18938710 : EXECUTING
09:36:52 INFO  State of operation 18938710 : EXECUTING
09:36:55 INFO  State of operation 18938710 : EXECUTING
09:36:57 INFO  State of operation 18938710 : EXECUTING
09:36:59 INFO  State of operation 18938710 : EXECUTING
09:37:02 INFO  State of operation 18938710 : EXECUTING
09:37:04 INFO  State of operation 18938710 : EXECUTING
09:37:07 INFO  State of operation 18938710 : EXECUTING
09:37:09 INFO  State of operation 18938710 : EXECUTING
09:37:12 INFO  State of operation 18938710 : EXECUTING
09:37:14 INFO  State of operation 18938710 : EXECUTING
09:37:17 INFO  State of operation 18938710 : EXECUTING
09:37:19 INFO  State of operation 18938710 : EXECUTING
09:37:21 INFO  State of operation 18938710 : EXECUTING
09:37:23 INFO  State of operation 18938710 : EXECUTING
09:37:26 INFO  State of operation 18938710 : EXECUTING
09:37:28 INFO  State of operation 18938710 : EXECUTING
09:37:30 INFO  State of operation 18938710 : SUCCESSFUL
09:37:30 INFO  Assert that (False == value) with value=False ... passed
09:37:31 INFO  Package asciijump is installed
09:37:31 INFO  Assert that (True == value) with value=True ... passed
09:37:31 INFO  Package squirrel3 is installed
09:37:31 INFO  Assert that (True == value) with value=True ... passed
09:37:31 INFO  Package robotfindskitten is installed
09:37:31 INFO  Assert that (True == value) with value=True ... passed
09:37:31 INFO  Response status: 201
09:37:31 INFO  Response to action: {
    &quot;creationTime&quot;: &quot;2022-05-12T09:37:31.710Z&quot;,
    &quot;deviceId&quot;: &quot;18894634&quot;,
    &quot;deviceName&quot;: &quot;m32sd10c&quot;,
    &quot;self&quot;: &quot;https://t493319102.eu-latest.cumulocity.com/devicecontrol/operations/18938734&quot;,
    &quot;id&quot;: &quot;18938734&quot;,
    &quot;status&quot;: &quot;PENDING&quot;,
    &quot;description&quot;: &quot;Apply software changes, triggered from PySys: [{'action': 'delete', 'id': '5475369', 'name': 'asciijump', 'url': ' ', 'version': '::apt'}, {'action': 'delete', 'id': '5474869', 'name': 'robotfindskitten', 'url': ' ', 'version': '::apt'}, {'action': 'delete', 'id': '5475279', 'name': 'squirrel3', 'url': ' ', 'version': '::apt'}]&quot;,
    &quot;c8y_SoftwareUpdate&quot;: [
        {
            &quot;name&quot;: &quot;asciijump&quot;,
            &quot;action&quot;: &quot;delete&quot;,
            &quot;id&quot;: &quot;5475369&quot;,
            &quot;version&quot;: &quot;::apt&quot;,
            &quot;url&quot;: &quot; &quot;
        },
        {
            &quot;name&quot;: &quot;robotfindskitten&quot;,
            &quot;action&quot;: &quot;delete&quot;,
            &quot;id&quot;: &quot;5474869&quot;,
            &quot;version&quot;: &quot;::apt&quot;,
            &quot;url&quot;: &quot; &quot;
        },
        {
            &quot;name&quot;: &quot;squirrel3&quot;,
            &quot;action&quot;: &quot;delete&quot;,
            &quot;id&quot;: &quot;5475279&quot;,
            &quot;version&quot;: &quot;::apt&quot;,
            &quot;url&quot;: &quot; &quot;
        }
    ]
}
09:37:31 INFO  Started operation: {'creationTime': '2022-05-12T09:37:31.710Z', 'deviceId': '18894634', 'deviceName': 'm32sd10c', 'self': 'https://t493319102.eu-latest.cumulocity.com/devicecontrol/operations/18938734', 'id': '18938734', 'status': 'PENDING', 'description': &quot;Apply software changes, triggered from PySys: [{'action': 'delete', 'id': '5475369', 'name': 'asciijump', 'url': ' ', 'version': '::apt'}, {'action': 'delete', 'id': '5474869', 'name': 'robotfindskitten', 'url': ' ', 'version': '::apt'}, {'action': 'delete', 'id': '5475279', 'name': 'squirrel3', 'url': ' ', 'version': '::apt'}]&quot;, 'c8y_SoftwareUpdate': [{'name': 'asciijump', 'action': 'delete', 'id': '5475369', 'version': '::apt', 'url': ' '}, {'name': 'robotfindskitten', 'action': 'delete', 'id': '5474869', 'version': '::apt', 'url': ' '}, {'name': 'squirrel3', 'action': 'delete', 'id': '5475279', 'version': '::apt', 'url': ' '}]}
09:37:33 INFO  State of operation 18938734 : PENDING
09:37:36 INFO  State of operation 18938734 : EXECUTING
09:37:38 INFO  State of operation 18938734 : EXECUTING
09:37:40 INFO  State of operation 18938734 : EXECUTING
09:37:42 INFO  State of operation 18938734 : EXECUTING
09:37:45 INFO  State of operation 18938734 : EXECUTING
09:37:47 INFO  State of operation 18938734 : EXECUTING
09:37:50 INFO  State of operation 18938734 : EXECUTING
09:37:53 INFO  State of operation 18938734 : EXECUTING
09:37:55 INFO  State of operation 18938734 : EXECUTING
09:37:57 INFO  State of operation 18938734 : EXECUTING
09:37:59 INFO  State of operation 18938734 : EXECUTING
09:38:01 INFO  State of operation 18938734 : EXECUTING
09:38:04 INFO  State of operation 18938734 : EXECUTING
09:38:06 INFO  State of operation 18938734 : EXECUTING
09:38:08 INFO  State of operation 18938734 : EXECUTING
09:38:11 INFO  State of operation 18938734 : EXECUTING
09:38:13 INFO  State of operation 18938734 : EXECUTING
09:38:16 INFO  State of operation 18938734 : EXECUTING
09:38:18 INFO  State of operation 18938734 : EXECUTING
09:38:20 INFO  State of operation 18938734 : EXECUTING
09:38:23 INFO  State of operation 18938734 : EXECUTING
09:38:25 INFO  State of operation 18938734 : EXECUTING
09:38:27 INFO  State of operation 18938734 : EXECUTING
09:38:30 INFO  State of operation 18938734 : EXECUTING
09:38:32 INFO  State of operation 18938734 : EXECUTING
09:38:35 INFO  State of operation 18938734 : EXECUTING
09:38:37 INFO  State of operation 18938734 : SUCCESSFUL
09:38:37 INFO  Assert that (False == value) with value=False ... passed
09:38:37 INFO  Assert that (False == value) with value=False ... passed
09:38:37 INFO  Assert that (False == value) with value=False ... passed
09:38:38 INFO  Assert that (False == value) with value=False ... passed
09:38:38 INFO  
09:38:38 INFO  cleanup:
09:38:42 INFO  Executed sudo&lt;tedge_disconnect_c8y&gt;, exit status 0
09:38:42 INFO  Executed systemctl&lt;serv_mapper5&gt;, exit status 3
09:38:42 INFO  
09:38:42 INFO  Test duration: 178.93 secs
09:38:42 INFO  Test final outcome:  FAILED
09:38:42 INFO  Test outcome reason: Assert that (False == value) with value=True
09:38:42 INFO  
</system-out>
	</testcase>
</testsuite>
