<?xml version="1.0" encoding="utf-8"?>
<testsuite failures="1" name="SoftwareManagement.sm_apt_install_download_path" skipped="0" tests="1" time="85.61" timestamp="2022-05-02T11:00:13">
	<testcase classname="AptInstallWithDownloadPath" name="SoftwareManagement.sm_apt_install_download_path">
		<failure message="BLOCKED: AssertionError:" type="BLOCKED"/>
		<system-out>10:58:47 INFO  ==============================================================
10:58:47 INFO  Id:    SoftwareManagement.sm_apt_install_download_path
10:58:47 INFO  Dir:   software_management_end_to_end/
10:58:47 INFO  Title: Install package to directory specified in tedge config set tmp.path
10:58:47 INFO  ==============================================================
10:58:47 INFO  Using sw id database: {'asciijump': '5475369', 'robotfindskitten': '5474869', 'squirrel3': '5475279', 'rolldice': '5152439', 'moon-buggy': '5439204', 'apple': '5495053', 'banana': '5494888', 'cherry': '5495382', 'watermelon': '5494510', 'registry': '8018911', 'hello-world': '8021526', 'docker/getting-started': '8021973', 'alpine': '7991792'}
10:58:47 INFO  EnvironmentC8y Setup
10:58:48 INFO  Executed systemctl&lt;serv_mapper1&gt;, exit status 3
10:59:02 INFO  Executed sudo&lt;tedge_connect_c8y&gt;, exit status 0, duration 14 secs
10:59:04 INFO  Executed sudo&lt;tedge_connect_c8y_test&gt;, exit status 0
10:59:05 INFO  Executed systemctl&lt;serv_mosq2&gt;, exit status 0
10:59:06 INFO  Executed systemctl&lt;serv_mapper3&gt;, exit status 0
10:59:08 ERROR No operations found, assuming it passed
10:59:08 INFO  Assert that (False == value) with value=False ... passed
10:59:09 INFO  Executed sudo, exit status 0
10:59:09 INFO  Executed sudo, exit status 0
10:59:10 INFO  Executed sudo, exit status 0
10:59:14 INFO  Executed sudo&lt;tedge_disconnect_c8y&gt;, exit status 0
10:59:14 INFO  Restarting mosquitto too frequently in the last 10 seconds. It was only up for 3 seconds
10:59:14 INFO  Delaying execution by 8 seconds
10:59:35 INFO  Executed sudo&lt;tedge_connect_c8y&gt;, exit status 0, duration 13 secs
10:59:36 INFO  Response status: 201
10:59:36 INFO  Response to action: {
    &quot;creationTime&quot;: &quot;2022-05-02T10:59:36.182Z&quot;,
    &quot;deviceName&quot;: &quot;m32sd10c&quot;,
    &quot;deviceId&quot;: &quot;18127529&quot;,
    &quot;self&quot;: &quot;https://t493319102.eu-latest.cumulocity.com/devicecontrol/operations/18152682&quot;,
    &quot;id&quot;: &quot;18152682&quot;,
    &quot;status&quot;: &quot;PENDING&quot;,
    &quot;description&quot;: &quot;Apply software changes, triggered from PySys: [{'name': 'rolldice', 'id': '5152439', 'version': '::apt', 'url': 'https://thin-edge-io.eu-latest.cumulocity.com/inventory/binaries/12435463', 'action': 'install'}]&quot;,
    &quot;c8y_SoftwareUpdate&quot;: [
        {
            &quot;name&quot;: &quot;rolldice&quot;,
            &quot;action&quot;: &quot;install&quot;,
            &quot;id&quot;: &quot;5152439&quot;,
            &quot;version&quot;: &quot;::apt&quot;,
            &quot;url&quot;: &quot;https://thin-edge-io.eu-latest.cumulocity.com/inventory/binaries/12435463&quot;
        }
    ]
}
10:59:36 INFO  Started operation: {'creationTime': '2022-05-02T10:59:36.182Z', 'deviceName': 'm32sd10c', 'deviceId': '18127529', 'self': 'https://t493319102.eu-latest.cumulocity.com/devicecontrol/operations/18152682', 'id': '18152682', 'status': 'PENDING', 'description': &quot;Apply software changes, triggered from PySys: [{'name': 'rolldice', 'id': '5152439', 'version': '::apt', 'url': 'https://thin-edge-io.eu-latest.cumulocity.com/inventory/binaries/12435463', 'action': 'install'}]&quot;, 'c8y_SoftwareUpdate': [{'name': 'rolldice', 'action': 'install', 'id': '5152439', 'version': '::apt', 'url': 'https://thin-edge-io.eu-latest.cumulocity.com/inventory/binaries/12435463'}]}
10:59:36 WARN  , retrying in 0.5 seconds...
10:59:36 WARN  , retrying in 0.5 seconds...
10:59:37 WARN  , retrying in 0.5 seconds...
10:59:37 WARN  , retrying in 0.5 seconds...
10:59:38 WARN  , retrying in 0.5 seconds...
10:59:38 WARN  , retrying in 0.5 seconds...
10:59:39 WARN  , retrying in 0.5 seconds...
10:59:39 WARN  , retrying in 0.5 seconds...
10:59:40 WARN  , retrying in 0.5 seconds...
10:59:40 WARN  AssertionError occurred while running test - 
Traceback (most recent call last):
  File &quot;/home/pi/env-pysys/lib/python3.7/site-packages/pysys/baserunner.py&quot;, line 1294, in __call__
    self.testObj.execute()
  File &quot;/home/pi/actions-runner/_work/thin-edge.io/thin-edge.io/tests/PySys/software_management_end_to_end/sm_apt_install_download_path/run.py&quot;, line 83, in execute
    assert_install_in_download_path(install_directory=self.DOWNLOAD_DIR)
  File &quot;/home/pi/env-pysys/lib/python3.7/site-packages/decorator.py&quot;, line 232, in fun
    return caller(func, *(extras + args), **kw)
  File &quot;/home/pi/env-pysys/lib/python3.7/site-packages/retry/api.py&quot;, line 74, in retry_decorator
    logger)
  File &quot;/home/pi/env-pysys/lib/python3.7/site-packages/retry/api.py&quot;, line 33, in __retry_internal
    return f()
  File &quot;/home/pi/actions-runner/_work/thin-edge.io/thin-edge.io/tests/PySys/software_management_end_to_end/sm_apt_install_download_path/run.py&quot;, line 28, in assert_install_in_download_path
    assert &quot;rolldice&quot; in os.listdir(f&quot;{install_directory}&quot;)
AssertionError
10:59:41 WARN  AssertionError: ... blocked 
10:59:41 INFO  
10:59:41 INFO  cleanup:
10:59:41 INFO  Executed sudo, exit status 0
10:59:42 INFO  Executed sudo, exit status 0
10:59:47 INFO  Executed sudo&lt;tedge_disconnect_c8y&gt;, exit status 0
10:59:48 INFO  Restarting mosquitto too frequently in the last 10 seconds. It was only up for 5 seconds
10:59:48 INFO  Delaying execution by 6 seconds
11:00:08 INFO  Executed sudo&lt;tedge_connect_c8y&gt;, exit status 0, duration 13 secs
11:00:12 INFO  Executed sudo&lt;tedge_disconnect_c8y&gt;, exit status 0
11:00:13 INFO  Executed systemctl&lt;serv_mapper5&gt;, exit status 3
11:00:13 INFO  
11:00:13 INFO  Test duration: 85.61 secs
11:00:13 INFO  Test final outcome:  BLOCKED
11:00:13 INFO  Test outcome reason: AssertionError:
11:00:13 INFO  
</system-out>
	</testcase>
</testsuite>
