<?xml version="1.0" encoding="utf-8"?>
<testsuite failures="0" name="apt_remove" skipped="0" tests="1" time="70.92" timestamp="2022-05-02T10:50:39">
	<testcase classname="AptPluginRemoveDense" name="apt_remove"/>
</testsuite>
