<?xml version="1.0" encoding="utf-8"?>
<testsuite failures="1" name="SoftwareManagement.sm_apt_install_remove_multiple_mixed" skipped="0" tests="1" time="177.78" timestamp="2022-05-03T14:33:52">
	<testcase classname="PySysTest" name="SoftwareManagement.sm_apt_install_remove_multiple_mixed">
		<failure message="BLOCKED: SystemError: Timeout while waiting for status SUCCESSFUL or False" type="BLOCKED"/>
		<system-out>14:30:54 INFO  ==============================================================
14:30:54 INFO  Id:    SoftwareManagement.sm_apt_install_remove_multiple_mixed
14:30:54 INFO  Dir:   software_management_end_to_end/
14:30:54 INFO  Title: Validate end to end behaviour for the apt plugin for multiple packages with mixed versions
14:30:54 INFO  ==============================================================
14:30:54 INFO  Using sw id database: {'asciijump': '5475369', 'robotfindskitten': '5474869', 'squirrel3': '5475279', 'rolldice': '5152439', 'moon-buggy': '5439204', 'apple': '5495053', 'banana': '5494888', 'cherry': '5495382', 'watermelon': '5494510', 'registry': '8018911', 'hello-world': '8021526', 'docker/getting-started': '8021973', 'alpine': '7991792'}
14:30:54 INFO  EnvironmentC8y Setup
14:30:55 INFO  Executed systemctl&lt;serv_mapper1&gt;, exit status 3
14:30:55 INFO  Restarting mosquitto too frequently in the last 10 seconds. It was only up for 5 seconds
14:30:55 INFO  Delaying execution by 6 seconds
14:31:15 INFO  Executed sudo&lt;tedge_connect_c8y&gt;, exit status 0, duration 13 secs
14:31:15 INFO  Executed sudo&lt;tedge_connect_c8y_test&gt;, exit status 0
14:31:16 INFO  Executed systemctl&lt;serv_mosq2&gt;, exit status 0
14:31:16 INFO  Executed systemctl&lt;serv_mapper3&gt;, exit status 0
14:31:18 INFO  State of current operation: SUCCESSFUL
14:31:19 INFO  Assert that (False == value) with value=False ... passed
14:31:19 INFO  Assert that (False == value) with value=False ... passed
14:31:19 INFO  Assert that (False == value) with value=False ... passed
14:31:19 INFO  Assert that (False == value) with value=False ... passed
14:31:20 INFO  Assert that (False == value) with value=False ... passed
14:31:21 INFO  Response status: 201
14:31:21 INFO  Response to action: {
    &quot;creationTime&quot;: &quot;2022-05-03T14:31:21.331Z&quot;,
    &quot;deviceName&quot;: &quot;m32sd10c&quot;,
    &quot;deviceId&quot;: &quot;18294268&quot;,
    &quot;self&quot;: &quot;https://t493319102.eu-latest.cumulocity.com/devicecontrol/operations/18313696&quot;,
    &quot;id&quot;: &quot;18313696&quot;,
    &quot;status&quot;: &quot;PENDING&quot;,
    &quot;description&quot;: &quot;Apply software changes, triggered from PySys: [{'action': 'install', 'id': '5475369', 'name': 'asciijump', 'url': ' ', 'version': '::apt'}, {'action': 'install', 'id': '5474869', 'name': 'robotfindskitten', 'url': ' ', 'version': ' '}, {'action': 'install', 'id': '5475279', 'name': 'squirrel3', 'url': ' ', 'version': '3.1-7::apt'}, {'action': 'install', 'id': '5152439', 'name': 'rolldice', 'url': ' ', 'version': '1.16-1+b1'}, {'action': 'install', 'id': '5439204', 'name': 'moon-buggy', 'url': ' ', 'version': '1:1.0.51-12'}, {'action': 'install', 'id': '5475369', 'name': 'asciijump', 'url': ' ', 'version': '::apt'}]&quot;,
    &quot;c8y_SoftwareUpdate&quot;: [
        {
            &quot;name&quot;: &quot;asciijump&quot;,
            &quot;action&quot;: &quot;install&quot;,
            &quot;id&quot;: &quot;5475369&quot;,
            &quot;version&quot;: &quot;::apt&quot;,
            &quot;url&quot;: &quot; &quot;
        },
        {
            &quot;name&quot;: &quot;robotfindskitten&quot;,
            &quot;action&quot;: &quot;install&quot;,
            &quot;id&quot;: &quot;5474869&quot;,
            &quot;version&quot;: &quot; &quot;,
            &quot;url&quot;: &quot; &quot;
        },
        {
            &quot;name&quot;: &quot;squirrel3&quot;,
            &quot;action&quot;: &quot;install&quot;,
            &quot;id&quot;: &quot;5475279&quot;,
            &quot;version&quot;: &quot;3.1-7::apt&quot;,
            &quot;url&quot;: &quot; &quot;
        },
        {
            &quot;name&quot;: &quot;rolldice&quot;,
            &quot;action&quot;: &quot;install&quot;,
            &quot;id&quot;: &quot;5152439&quot;,
            &quot;version&quot;: &quot;1.16-1+b1&quot;,
            &quot;url&quot;: &quot; &quot;
        },
        {
            &quot;name&quot;: &quot;moon-buggy&quot;,
            &quot;action&quot;: &quot;install&quot;,
            &quot;id&quot;: &quot;5439204&quot;,
            &quot;version&quot;: &quot;1:1.0.51-12&quot;,
            &quot;url&quot;: &quot; &quot;
        },
        {
            &quot;name&quot;: &quot;asciijump&quot;,
            &quot;action&quot;: &quot;install&quot;,
            &quot;id&quot;: &quot;5475369&quot;,
            &quot;version&quot;: &quot;::apt&quot;,
            &quot;url&quot;: &quot; &quot;
        }
    ]
}
14:31:21 INFO  Started operation: {'creationTime': '2022-05-03T14:31:21.331Z', 'deviceName': 'm32sd10c', 'deviceId': '18294268', 'self': 'https://t493319102.eu-latest.cumulocity.com/devicecontrol/operations/18313696', 'id': '18313696', 'status': 'PENDING', 'description': &quot;Apply software changes, triggered from PySys: [{'action': 'install', 'id': '5475369', 'name': 'asciijump', 'url': ' ', 'version': '::apt'}, {'action': 'install', 'id': '5474869', 'name': 'robotfindskitten', 'url': ' ', 'version': ' '}, {'action': 'install', 'id': '5475279', 'name': 'squirrel3', 'url': ' ', 'version': '3.1-7::apt'}, {'action': 'install', 'id': '5152439', 'name': 'rolldice', 'url': ' ', 'version': '1.16-1+b1'}, {'action': 'install', 'id': '5439204', 'name': 'moon-buggy', 'url': ' ', 'version': '1:1.0.51-12'}, {'action': 'install', 'id': '5475369', 'name': 'asciijump', 'url': ' ', 'version': '::apt'}]&quot;, 'c8y_SoftwareUpdate': [{'name': 'asciijump', 'action': 'install', 'id': '5475369', 'version': '::apt', 'url': ' '}, {'name': 'robotfindskitten', 'action': 'install', 'id': '5474869', 'version': ' ', 'url': ' '}, {'name': 'squirrel3', 'action': 'install', 'id': '5475279', 'version': '3.1-7::apt', 'url': ' '}, {'name': 'rolldice', 'action': 'install', 'id': '5152439', 'version': '1.16-1+b1', 'url': ' '}, {'name': 'moon-buggy', 'action': 'install', 'id': '5439204', 'version': '1:1.0.51-12', 'url': ' '}, {'name': 'asciijump', 'action': 'install', 'id': '5475369', 'version': '::apt', 'url': ' '}]}
14:31:23 INFO  State of operation 18313696 : PENDING
14:31:25 INFO  State of operation 18313696 : EXECUTING
14:31:28 INFO  State of operation 18313696 : EXECUTING
14:31:30 INFO  State of operation 18313696 : EXECUTING
14:31:32 INFO  State of operation 18313696 : EXECUTING
14:31:34 INFO  State of operation 18313696 : EXECUTING
14:31:37 INFO  State of operation 18313696 : EXECUTING
14:31:40 INFO  State of operation 18313696 : EXECUTING
14:31:42 INFO  State of operation 18313696 : EXECUTING
14:31:45 INFO  State of operation 18313696 : EXECUTING
14:31:47 INFO  State of operation 18313696 : EXECUTING
14:31:49 INFO  State of operation 18313696 : EXECUTING
14:31:51 INFO  State of operation 18313696 : EXECUTING
14:31:53 INFO  State of operation 18313696 : EXECUTING
14:31:56 INFO  State of operation 18313696 : EXECUTING
14:31:58 INFO  State of operation 18313696 : EXECUTING
14:32:00 INFO  State of operation 18313696 : EXECUTING
14:32:03 INFO  State of operation 18313696 : EXECUTING
14:32:05 INFO  State of operation 18313696 : EXECUTING
14:32:08 INFO  State of operation 18313696 : EXECUTING
14:32:10 INFO  State of operation 18313696 : EXECUTING
14:32:12 INFO  State of operation 18313696 : EXECUTING
14:32:15 INFO  State of operation 18313696 : EXECUTING
14:32:18 INFO  State of operation 18313696 : EXECUTING
14:32:20 INFO  State of operation 18313696 : EXECUTING
14:32:22 INFO  State of operation 18313696 : EXECUTING
14:32:24 INFO  State of operation 18313696 : EXECUTING
14:32:26 INFO  State of operation 18313696 : EXECUTING
14:32:29 INFO  State of operation 18313696 : EXECUTING
14:32:31 INFO  State of operation 18313696 : EXECUTING
14:32:33 INFO  State of operation 18313696 : EXECUTING
14:32:36 INFO  State of operation 18313696 : EXECUTING
14:32:38 INFO  State of operation 18313696 : EXECUTING
14:32:40 INFO  State of operation 18313696 : EXECUTING
14:32:42 INFO  State of operation 18313696 : EXECUTING
14:32:44 INFO  State of operation 18313696 : EXECUTING
14:32:47 INFO  State of operation 18313696 : EXECUTING
14:32:50 INFO  State of operation 18313696 : EXECUTING
14:32:52 INFO  State of operation 18313696 : EXECUTING
14:32:55 INFO  State of operation 18313696 : EXECUTING
14:32:57 INFO  State of operation 18313696 : EXECUTING
14:32:59 INFO  State of operation 18313696 : EXECUTING
14:33:01 INFO  State of operation 18313696 : EXECUTING
14:33:04 INFO  State of operation 18313696 : EXECUTING
14:33:06 INFO  State of operation 18313696 : EXECUTING
14:33:08 INFO  State of operation 18313696 : EXECUTING
14:33:10 INFO  State of operation 18313696 : EXECUTING
14:33:13 INFO  State of operation 18313696 : EXECUTING
14:33:15 INFO  State of operation 18313696 : EXECUTING
14:33:18 INFO  State of operation 18313696 : EXECUTING
14:33:20 INFO  State of operation 18313696 : EXECUTING
14:33:22 INFO  State of operation 18313696 : EXECUTING
14:33:24 INFO  State of operation 18313696 : EXECUTING
14:33:27 INFO  State of operation 18313696 : EXECUTING
14:33:29 INFO  State of operation 18313696 : EXECUTING
14:33:32 INFO  State of operation 18313696 : EXECUTING
14:33:34 INFO  State of operation 18313696 : EXECUTING
14:33:37 INFO  State of operation 18313696 : EXECUTING
14:33:39 INFO  State of operation 18313696 : EXECUTING
14:33:42 INFO  State of operation 18313696 : EXECUTING
14:33:44 INFO  State of operation 18313696 : EXECUTING
14:33:46 WARN  SystemError occurred while running test - Timeout while waiting for status SUCCESSFUL or False
Traceback (most recent call last):
  File &quot;/home/pi/env-pysys/lib/python3.7/site-packages/pysys/baserunner.py&quot;, line 1294, in __call__
    self.testObj.execute()
  File &quot;/home/pi/actions-runner/_work/thin-edge.io/thin-edge.io/tests/PySys/software_management_end_to_end/sm_apt_install_remove_multiple_mixed/run.py&quot;, line 89, in execute
    self.wait_until_succcess()
  File &quot;/home/pi/actions-runner/_work/thin-edge.io/thin-edge.io/tests/PySys/software_management_end_to_end/environment_sm_management.py&quot;, line 324, in wait_until_succcess
    self.wait_until_status(&quot;SUCCESSFUL&quot;)
  File &quot;/home/pi/actions-runner/_work/thin-edge.io/thin-edge.io/tests/PySys/software_management_end_to_end/environment_sm_management.py&quot;, line 381, in wait_until_status
    &quot;Timeout while waiting for status %s or %s&quot; % (status, status2)
SystemError: Timeout while waiting for status SUCCESSFUL or False
14:33:46 WARN  SystemError: Timeout while waiting for status SUCCESSFUL or False ... blocked 
14:33:46 INFO  
14:33:46 INFO  cleanup:
14:33:51 INFO  Executed sudo&lt;tedge_disconnect_c8y&gt;, exit status 0
14:33:52 INFO  Executed systemctl&lt;serv_mapper5&gt;, exit status 3
14:33:52 INFO  
14:33:52 INFO  Test duration: 177.78 secs
14:33:52 INFO  Test final outcome:  BLOCKED
14:33:52 INFO  Test outcome reason: SystemError: Timeout while waiting for status SUCCESSFUL or False
14:33:52 INFO  
</system-out>
	</testcase>
</testsuite>
