<?xml version="1.0" encoding="utf-8"?>
<testsuite failures="1" name="SoftwareManagement.sm_apt_install_remove_multiple" skipped="0" tests="1" time="179.85" timestamp="2022-05-13T11:50:25">
	<testcase classname="PySysTest" name="SoftwareManagement.sm_apt_install_remove_multiple">
		<failure message="FAILED: Assert that (False == value) with value=True" type="FAILED"/>
		<system-out>11:47:25 INFO  ==============================================================
11:47:25 INFO  Id:    SoftwareManagement.sm_apt_install_remove_multiple
11:47:25 INFO  Dir:   software_management_end_to_end/
11:47:25 INFO  Title: Validate end to end behaviour for the apt plugin for multiple packages
11:47:25 INFO  ==============================================================
11:47:25 INFO  Using sw id database: {'asciijump': '5475369', 'robotfindskitten': '5474869', 'squirrel3': '5475279', 'rolldice': '5152439', 'moon-buggy': '5439204', 'apple': '5495053', 'banana': '5494888', 'cherry': '5495382', 'watermelon': '5494510', 'registry': '8018911', 'hello-world': '8021526', 'docker/getting-started': '8021973', 'alpine': '7991792'}
11:47:25 INFO  EnvironmentC8y Setup
11:47:26 INFO  Executed systemctl&lt;serv_mapper1&gt;, exit status 3
11:47:26 INFO  Restarting mosquitto too frequently in the last 10 seconds. It was only up for 4 seconds
11:47:26 INFO  Delaying execution by 7 seconds
11:47:47 INFO  Executed sudo&lt;tedge_connect_c8y&gt;, exit status 0, duration 13 secs
11:47:47 INFO  Executed sudo&lt;tedge_connect_c8y_test&gt;, exit status 0
11:47:48 INFO  Executed systemctl&lt;serv_mosq2&gt;, exit status 0
11:47:48 INFO  Executed systemctl&lt;serv_mapper3&gt;, exit status 0
11:47:51 INFO  State of current operation: SUCCESSFUL
11:47:51 INFO  Assert that (False == value) with value=False ... passed
11:47:51 INFO  Assert that (False == value) with value=False ... passed
11:47:51 INFO  Assert that (False == value) with value=False ... passed
11:47:52 INFO  Package robotfindskitten is installed
11:47:52 WARN  Assert that (False == value) with value=True ... failed 
11:47:52 INFO  Response status: 201
11:47:52 INFO  Response to action: {
    &quot;creationTime&quot;: &quot;2022-05-13T11:47:52.256Z&quot;,
    &quot;deviceId&quot;: &quot;19009794&quot;,
    &quot;deviceName&quot;: &quot;m32sd10c&quot;,
    &quot;self&quot;: &quot;https://t493319102.eu-latest.cumulocity.com/devicecontrol/operations/19028729&quot;,
    &quot;id&quot;: &quot;19028729&quot;,
    &quot;status&quot;: &quot;PENDING&quot;,
    &quot;description&quot;: &quot;Apply software changes, triggered from PySys: [{'action': 'install', 'id': '5475369', 'name': 'asciijump', 'url': ' ', 'version': '::apt'}, {'action': 'install', 'id': '5474869', 'name': 'robotfindskitten', 'url': ' ', 'version': '::apt'}, {'action': 'install', 'id': '5475279', 'name': 'squirrel3', 'url': ' ', 'version': '::apt'}]&quot;,
    &quot;c8y_SoftwareUpdate&quot;: [
        {
            &quot;name&quot;: &quot;asciijump&quot;,
            &quot;action&quot;: &quot;install&quot;,
            &quot;id&quot;: &quot;5475369&quot;,
            &quot;version&quot;: &quot;::apt&quot;,
            &quot;url&quot;: &quot; &quot;
        },
        {
            &quot;name&quot;: &quot;robotfindskitten&quot;,
            &quot;action&quot;: &quot;install&quot;,
            &quot;id&quot;: &quot;5474869&quot;,
            &quot;version&quot;: &quot;::apt&quot;,
            &quot;url&quot;: &quot; &quot;
        },
        {
            &quot;name&quot;: &quot;squirrel3&quot;,
            &quot;action&quot;: &quot;install&quot;,
            &quot;id&quot;: &quot;5475279&quot;,
            &quot;version&quot;: &quot;::apt&quot;,
            &quot;url&quot;: &quot; &quot;
        }
    ]
}
11:47:52 INFO  Started operation: {'creationTime': '2022-05-13T11:47:52.256Z', 'deviceId': '19009794', 'deviceName': 'm32sd10c', 'self': 'https://t493319102.eu-latest.cumulocity.com/devicecontrol/operations/19028729', 'id': '19028729', 'status': 'PENDING', 'description': &quot;Apply software changes, triggered from PySys: [{'action': 'install', 'id': '5475369', 'name': 'asciijump', 'url': ' ', 'version': '::apt'}, {'action': 'install', 'id': '5474869', 'name': 'robotfindskitten', 'url': ' ', 'version': '::apt'}, {'action': 'install', 'id': '5475279', 'name': 'squirrel3', 'url': ' ', 'version': '::apt'}]&quot;, 'c8y_SoftwareUpdate': [{'name': 'asciijump', 'action': 'install', 'id': '5475369', 'version': '::apt', 'url': ' '}, {'name': 'robotfindskitten', 'action': 'install', 'id': '5474869', 'version': '::apt', 'url': ' '}, {'name': 'squirrel3', 'action': 'install', 'id': '5475279', 'version': '::apt', 'url': ' '}]}
11:47:54 INFO  State of operation 19028729 : PENDING
11:47:56 INFO  State of operation 19028729 : EXECUTING
11:47:58 INFO  State of operation 19028729 : EXECUTING
11:48:01 INFO  State of operation 19028729 : EXECUTING
11:48:03 INFO  State of operation 19028729 : EXECUTING
11:48:05 INFO  State of operation 19028729 : EXECUTING
11:48:08 INFO  State of operation 19028729 : EXECUTING
11:48:11 INFO  State of operation 19028729 : EXECUTING
11:48:13 INFO  State of operation 19028729 : EXECUTING
11:48:16 INFO  State of operation 19028729 : EXECUTING
11:48:18 INFO  State of operation 19028729 : EXECUTING
11:48:20 INFO  State of operation 19028729 : EXECUTING
11:48:22 INFO  State of operation 19028729 : EXECUTING
11:48:25 INFO  State of operation 19028729 : EXECUTING
11:48:27 INFO  State of operation 19028729 : EXECUTING
11:48:29 INFO  State of operation 19028729 : EXECUTING
11:48:32 INFO  State of operation 19028729 : EXECUTING
11:48:34 INFO  State of operation 19028729 : EXECUTING
11:48:37 INFO  State of operation 19028729 : EXECUTING
11:48:39 INFO  State of operation 19028729 : EXECUTING
11:48:41 INFO  State of operation 19028729 : EXECUTING
11:48:44 INFO  State of operation 19028729 : EXECUTING
11:48:46 INFO  State of operation 19028729 : EXECUTING
11:48:48 INFO  State of operation 19028729 : EXECUTING
11:48:51 INFO  State of operation 19028729 : EXECUTING
11:48:53 INFO  State of operation 19028729 : EXECUTING
11:48:55 INFO  State of operation 19028729 : EXECUTING
11:48:58 INFO  State of operation 19028729 : EXECUTING
11:49:00 INFO  State of operation 19028729 : EXECUTING
11:49:02 INFO  State of operation 19028729 : EXECUTING
11:49:05 INFO  State of operation 19028729 : EXECUTING
11:49:07 INFO  State of operation 19028729 : EXECUTING
11:49:09 INFO  State of operation 19028729 : EXECUTING
11:49:11 INFO  State of operation 19028729 : EXECUTING
11:49:13 INFO  State of operation 19028729 : SUCCESSFUL
11:49:14 INFO  Assert that (False == value) with value=False ... passed
11:49:14 INFO  Package asciijump is installed
11:49:14 INFO  Assert that (True == value) with value=True ... passed
11:49:14 INFO  Package squirrel3 is installed
11:49:14 INFO  Assert that (True == value) with value=True ... passed
11:49:14 INFO  Package robotfindskitten is installed
11:49:14 INFO  Assert that (True == value) with value=True ... passed
11:49:15 INFO  Response status: 201
11:49:15 INFO  Response to action: {
    &quot;creationTime&quot;: &quot;2022-05-13T11:49:15.029Z&quot;,
    &quot;deviceId&quot;: &quot;19009794&quot;,
    &quot;deviceName&quot;: &quot;m32sd10c&quot;,
    &quot;self&quot;: &quot;https://t493319102.eu-latest.cumulocity.com/devicecontrol/operations/19028737&quot;,
    &quot;id&quot;: &quot;19028737&quot;,
    &quot;status&quot;: &quot;PENDING&quot;,
    &quot;description&quot;: &quot;Apply software changes, triggered from PySys: [{'action': 'delete', 'id': '5475369', 'name': 'asciijump', 'url': ' ', 'version': '::apt'}, {'action': 'delete', 'id': '5474869', 'name': 'robotfindskitten', 'url': ' ', 'version': '::apt'}, {'action': 'delete', 'id': '5475279', 'name': 'squirrel3', 'url': ' ', 'version': '::apt'}]&quot;,
    &quot;c8y_SoftwareUpdate&quot;: [
        {
            &quot;name&quot;: &quot;asciijump&quot;,
            &quot;action&quot;: &quot;delete&quot;,
            &quot;id&quot;: &quot;5475369&quot;,
            &quot;version&quot;: &quot;::apt&quot;,
            &quot;url&quot;: &quot; &quot;
        },
        {
            &quot;name&quot;: &quot;robotfindskitten&quot;,
            &quot;action&quot;: &quot;delete&quot;,
            &quot;id&quot;: &quot;5474869&quot;,
            &quot;version&quot;: &quot;::apt&quot;,
            &quot;url&quot;: &quot; &quot;
        },
        {
            &quot;name&quot;: &quot;squirrel3&quot;,
            &quot;action&quot;: &quot;delete&quot;,
            &quot;id&quot;: &quot;5475279&quot;,
            &quot;version&quot;: &quot;::apt&quot;,
            &quot;url&quot;: &quot; &quot;
        }
    ]
}
11:49:15 INFO  Started operation: {'creationTime': '2022-05-13T11:49:15.029Z', 'deviceId': '19009794', 'deviceName': 'm32sd10c', 'self': 'https://t493319102.eu-latest.cumulocity.com/devicecontrol/operations/19028737', 'id': '19028737', 'status': 'PENDING', 'description': &quot;Apply software changes, triggered from PySys: [{'action': 'delete', 'id': '5475369', 'name': 'asciijump', 'url': ' ', 'version': '::apt'}, {'action': 'delete', 'id': '5474869', 'name': 'robotfindskitten', 'url': ' ', 'version': '::apt'}, {'action': 'delete', 'id': '5475279', 'name': 'squirrel3', 'url': ' ', 'version': '::apt'}]&quot;, 'c8y_SoftwareUpdate': [{'name': 'asciijump', 'action': 'delete', 'id': '5475369', 'version': '::apt', 'url': ' '}, {'name': 'robotfindskitten', 'action': 'delete', 'id': '5474869', 'version': '::apt', 'url': ' '}, {'name': 'squirrel3', 'action': 'delete', 'id': '5475279', 'version': '::apt', 'url': ' '}]}
11:49:17 INFO  State of operation 19028737 : PENDING
11:49:19 INFO  State of operation 19028737 : EXECUTING
11:49:21 INFO  State of operation 19028737 : EXECUTING
11:49:23 INFO  State of operation 19028737 : EXECUTING
11:49:26 INFO  State of operation 19028737 : EXECUTING
11:49:28 INFO  State of operation 19028737 : EXECUTING
11:49:31 INFO  State of operation 19028737 : EXECUTING
11:49:33 INFO  State of operation 19028737 : EXECUTING
11:49:36 INFO  State of operation 19028737 : EXECUTING
11:49:38 INFO  State of operation 19028737 : EXECUTING
11:49:40 INFO  State of operation 19028737 : EXECUTING
11:49:43 INFO  State of operation 19028737 : EXECUTING
11:49:45 INFO  State of operation 19028737 : EXECUTING
11:49:47 INFO  State of operation 19028737 : EXECUTING
11:49:49 INFO  State of operation 19028737 : EXECUTING
11:49:51 INFO  State of operation 19028737 : EXECUTING
11:49:54 INFO  State of operation 19028737 : EXECUTING
11:49:56 INFO  State of operation 19028737 : EXECUTING
11:49:59 INFO  State of operation 19028737 : EXECUTING
11:50:01 INFO  State of operation 19028737 : EXECUTING
11:50:03 INFO  State of operation 19028737 : EXECUTING
11:50:06 INFO  State of operation 19028737 : EXECUTING
11:50:08 INFO  State of operation 19028737 : EXECUTING
11:50:10 INFO  State of operation 19028737 : EXECUTING
11:50:13 INFO  State of operation 19028737 : EXECUTING
11:50:15 INFO  State of operation 19028737 : EXECUTING
11:50:17 INFO  State of operation 19028737 : EXECUTING
11:50:20 INFO  State of operation 19028737 : SUCCESSFUL
11:50:20 INFO  Assert that (False == value) with value=False ... passed
11:50:20 INFO  Assert that (False == value) with value=False ... passed
11:50:20 INFO  Assert that (False == value) with value=False ... passed
11:50:20 INFO  Assert that (False == value) with value=False ... passed
11:50:20 INFO  
11:50:20 INFO  cleanup:
11:50:24 INFO  Executed sudo&lt;tedge_disconnect_c8y&gt;, exit status 0
11:50:25 INFO  Executed systemctl&lt;serv_mapper5&gt;, exit status 3
11:50:25 INFO  
11:50:25 INFO  Test duration: 179.85 secs
11:50:25 INFO  Test final outcome:  FAILED
11:50:25 INFO  Test outcome reason: Assert that (False == value) with value=True
11:50:25 INFO  
</system-out>
	</testcase>
</testsuite>
