<?xml version="1.0" encoding="utf-8"?>
<testsuite failures="0" name="apt_remove_fail" skipped="0" tests="1" time="8.68" timestamp="2022-05-03T18:49:43">
	<testcase classname="AptPluginRemoveFails" name="apt_remove_fail"/>
</testsuite>
