<?xml version="1.0" encoding="utf-8"?>
<testsuite failures="1" name="SoftwareManagement.sm_apt_install_remove_multiple" skipped="0" tests="1" time="180.0" timestamp="2022-05-06T13:56:29">
	<testcase classname="PySysTest" name="SoftwareManagement.sm_apt_install_remove_multiple">
		<failure message="FAILED: Assert that (False == value) with value=True" type="FAILED"/>
		<system-out>13:53:29 INFO  ==============================================================
13:53:29 INFO  Id:    SoftwareManagement.sm_apt_install_remove_multiple
13:53:29 INFO  Dir:   software_management_end_to_end/
13:53:29 INFO  Title: Validate end to end behaviour for the apt plugin for multiple packages
13:53:29 INFO  ==============================================================
13:53:29 INFO  Using sw id database: {'asciijump': '5475369', 'robotfindskitten': '5474869', 'squirrel3': '5475279', 'rolldice': '5152439', 'moon-buggy': '5439204', 'apple': '5495053', 'banana': '5494888', 'cherry': '5495382', 'watermelon': '5494510', 'registry': '8018911', 'hello-world': '8021526', 'docker/getting-started': '8021973', 'alpine': '7991792'}
13:53:29 INFO  EnvironmentC8y Setup
13:53:29 INFO  Executed systemctl&lt;serv_mapper1&gt;, exit status 3
13:53:29 INFO  Restarting mosquitto too frequently in the last 10 seconds. It was only up for 4 seconds
13:53:29 INFO  Delaying execution by 7 seconds
13:53:50 INFO  Executed sudo&lt;tedge_connect_c8y&gt;, exit status 0, duration 13 secs
13:53:51 INFO  Executed sudo&lt;tedge_connect_c8y_test&gt;, exit status 0
13:53:52 INFO  Executed systemctl&lt;serv_mosq2&gt;, exit status 0
13:53:52 INFO  Executed systemctl&lt;serv_mapper3&gt;, exit status 0
13:53:54 INFO  State of current operation: SUCCESSFUL
13:53:54 INFO  Assert that (False == value) with value=False ... passed
13:53:55 INFO  Assert that (False == value) with value=False ... passed
13:53:55 INFO  Assert that (False == value) with value=False ... passed
13:53:55 INFO  Package robotfindskitten is installed
13:53:55 WARN  Assert that (False == value) with value=True ... failed 
13:53:55 INFO  Response status: 201
13:53:55 INFO  Response to action: {
    &quot;creationTime&quot;: &quot;2022-05-06T13:53:55.902Z&quot;,
    &quot;deviceName&quot;: &quot;m32sd10d&quot;,
    &quot;deviceId&quot;: &quot;18450101&quot;,
    &quot;self&quot;: &quot;https://t493319102.eu-latest.cumulocity.com/devicecontrol/operations/18458559&quot;,
    &quot;id&quot;: &quot;18458559&quot;,
    &quot;status&quot;: &quot;PENDING&quot;,
    &quot;description&quot;: &quot;Apply software changes, triggered from PySys: [{'action': 'install', 'id': '5475369', 'name': 'asciijump', 'url': ' ', 'version': '::apt'}, {'action': 'install', 'id': '5474869', 'name': 'robotfindskitten', 'url': ' ', 'version': '::apt'}, {'action': 'install', 'id': '5475279', 'name': 'squirrel3', 'url': ' ', 'version': '::apt'}]&quot;,
    &quot;c8y_SoftwareUpdate&quot;: [
        {
            &quot;name&quot;: &quot;asciijump&quot;,
            &quot;action&quot;: &quot;install&quot;,
            &quot;id&quot;: &quot;5475369&quot;,
            &quot;version&quot;: &quot;::apt&quot;,
            &quot;url&quot;: &quot; &quot;
        },
        {
            &quot;name&quot;: &quot;robotfindskitten&quot;,
            &quot;action&quot;: &quot;install&quot;,
            &quot;id&quot;: &quot;5474869&quot;,
            &quot;version&quot;: &quot;::apt&quot;,
            &quot;url&quot;: &quot; &quot;
        },
        {
            &quot;name&quot;: &quot;squirrel3&quot;,
            &quot;action&quot;: &quot;install&quot;,
            &quot;id&quot;: &quot;5475279&quot;,
            &quot;version&quot;: &quot;::apt&quot;,
            &quot;url&quot;: &quot; &quot;
        }
    ]
}
13:53:55 INFO  Started operation: {'creationTime': '2022-05-06T13:53:55.902Z', 'deviceName': 'm32sd10d', 'deviceId': '18450101', 'self': 'https://t493319102.eu-latest.cumulocity.com/devicecontrol/operations/18458559', 'id': '18458559', 'status': 'PENDING', 'description': &quot;Apply software changes, triggered from PySys: [{'action': 'install', 'id': '5475369', 'name': 'asciijump', 'url': ' ', 'version': '::apt'}, {'action': 'install', 'id': '5474869', 'name': 'robotfindskitten', 'url': ' ', 'version': '::apt'}, {'action': 'install', 'id': '5475279', 'name': 'squirrel3', 'url': ' ', 'version': '::apt'}]&quot;, 'c8y_SoftwareUpdate': [{'name': 'asciijump', 'action': 'install', 'id': '5475369', 'version': '::apt', 'url': ' '}, {'name': 'robotfindskitten', 'action': 'install', 'id': '5474869', 'version': '::apt', 'url': ' '}, {'name': 'squirrel3', 'action': 'install', 'id': '5475279', 'version': '::apt', 'url': ' '}]}
13:53:58 INFO  State of operation 18458559 : PENDING
13:54:00 INFO  State of operation 18458559 : EXECUTING
13:54:02 INFO  State of operation 18458559 : EXECUTING
13:54:04 INFO  State of operation 18458559 : EXECUTING
13:54:07 INFO  State of operation 18458559 : EXECUTING
13:54:09 INFO  State of operation 18458559 : EXECUTING
13:54:11 INFO  State of operation 18458559 : EXECUTING
13:54:14 INFO  State of operation 18458559 : EXECUTING
13:54:17 INFO  State of operation 18458559 : EXECUTING
13:54:19 INFO  State of operation 18458559 : EXECUTING
13:54:21 INFO  State of operation 18458559 : EXECUTING
13:54:23 INFO  State of operation 18458559 : EXECUTING
13:54:26 INFO  State of operation 18458559 : EXECUTING
13:54:28 INFO  State of operation 18458559 : EXECUTING
13:54:30 INFO  State of operation 18458559 : EXECUTING
13:54:32 INFO  State of operation 18458559 : EXECUTING
13:54:35 INFO  State of operation 18458559 : EXECUTING
13:54:38 INFO  State of operation 18458559 : EXECUTING
13:54:40 INFO  State of operation 18458559 : EXECUTING
13:54:42 INFO  State of operation 18458559 : EXECUTING
13:54:44 INFO  State of operation 18458559 : EXECUTING
13:54:47 INFO  State of operation 18458559 : EXECUTING
13:54:49 INFO  State of operation 18458559 : EXECUTING
13:54:52 INFO  State of operation 18458559 : EXECUTING
13:54:54 INFO  State of operation 18458559 : EXECUTING
13:54:56 INFO  State of operation 18458559 : EXECUTING
13:54:58 INFO  State of operation 18458559 : EXECUTING
13:55:01 INFO  State of operation 18458559 : EXECUTING
13:55:03 INFO  State of operation 18458559 : EXECUTING
13:55:05 INFO  State of operation 18458559 : EXECUTING
13:55:07 INFO  State of operation 18458559 : EXECUTING
13:55:10 INFO  State of operation 18458559 : EXECUTING
13:55:12 INFO  State of operation 18458559 : EXECUTING
13:55:14 INFO  State of operation 18458559 : EXECUTING
13:55:16 INFO  State of operation 18458559 : SUCCESSFUL
13:55:17 INFO  Assert that (False == value) with value=False ... passed
13:55:17 INFO  Package asciijump is installed
13:55:17 INFO  Assert that (True == value) with value=True ... passed
13:55:17 INFO  Package squirrel3 is installed
13:55:17 INFO  Assert that (True == value) with value=True ... passed
13:55:17 INFO  Package robotfindskitten is installed
13:55:17 INFO  Assert that (True == value) with value=True ... passed
13:55:18 INFO  Response status: 201
13:55:18 INFO  Response to action: {
    &quot;creationTime&quot;: &quot;2022-05-06T13:55:18.029Z&quot;,
    &quot;deviceName&quot;: &quot;m32sd10d&quot;,
    &quot;deviceId&quot;: &quot;18450101&quot;,
    &quot;self&quot;: &quot;https://t493319102.eu-latest.cumulocity.com/devicecontrol/operations/18458567&quot;,
    &quot;id&quot;: &quot;18458567&quot;,
    &quot;status&quot;: &quot;PENDING&quot;,
    &quot;description&quot;: &quot;Apply software changes, triggered from PySys: [{'action': 'delete', 'id': '5475369', 'name': 'asciijump', 'url': ' ', 'version': '::apt'}, {'action': 'delete', 'id': '5474869', 'name': 'robotfindskitten', 'url': ' ', 'version': '::apt'}, {'action': 'delete', 'id': '5475279', 'name': 'squirrel3', 'url': ' ', 'version': '::apt'}]&quot;,
    &quot;c8y_SoftwareUpdate&quot;: [
        {
            &quot;name&quot;: &quot;asciijump&quot;,
            &quot;action&quot;: &quot;delete&quot;,
            &quot;id&quot;: &quot;5475369&quot;,
            &quot;version&quot;: &quot;::apt&quot;,
            &quot;url&quot;: &quot; &quot;
        },
        {
            &quot;name&quot;: &quot;robotfindskitten&quot;,
            &quot;action&quot;: &quot;delete&quot;,
            &quot;id&quot;: &quot;5474869&quot;,
            &quot;version&quot;: &quot;::apt&quot;,
            &quot;url&quot;: &quot; &quot;
        },
        {
            &quot;name&quot;: &quot;squirrel3&quot;,
            &quot;action&quot;: &quot;delete&quot;,
            &quot;id&quot;: &quot;5475279&quot;,
            &quot;version&quot;: &quot;::apt&quot;,
            &quot;url&quot;: &quot; &quot;
        }
    ]
}
13:55:18 INFO  Started operation: {'creationTime': '2022-05-06T13:55:18.029Z', 'deviceName': 'm32sd10d', 'deviceId': '18450101', 'self': 'https://t493319102.eu-latest.cumulocity.com/devicecontrol/operations/18458567', 'id': '18458567', 'status': 'PENDING', 'description': &quot;Apply software changes, triggered from PySys: [{'action': 'delete', 'id': '5475369', 'name': 'asciijump', 'url': ' ', 'version': '::apt'}, {'action': 'delete', 'id': '5474869', 'name': 'robotfindskitten', 'url': ' ', 'version': '::apt'}, {'action': 'delete', 'id': '5475279', 'name': 'squirrel3', 'url': ' ', 'version': '::apt'}]&quot;, 'c8y_SoftwareUpdate': [{'name': 'asciijump', 'action': 'delete', 'id': '5475369', 'version': '::apt', 'url': ' '}, {'name': 'robotfindskitten', 'action': 'delete', 'id': '5474869', 'version': '::apt', 'url': ' '}, {'name': 'squirrel3', 'action': 'delete', 'id': '5475279', 'version': '::apt', 'url': ' '}]}
13:55:20 INFO  State of operation 18458567 : PENDING
13:55:22 INFO  State of operation 18458567 : EXECUTING
13:55:24 INFO  State of operation 18458567 : EXECUTING
13:55:26 INFO  State of operation 18458567 : EXECUTING
13:55:29 INFO  State of operation 18458567 : EXECUTING
13:55:31 INFO  State of operation 18458567 : EXECUTING
13:55:34 INFO  State of operation 18458567 : EXECUTING
13:55:37 INFO  State of operation 18458567 : EXECUTING
13:55:39 INFO  State of operation 18458567 : EXECUTING
13:55:41 INFO  State of operation 18458567 : EXECUTING
13:55:43 INFO  State of operation 18458567 : EXECUTING
13:55:46 INFO  State of operation 18458567 : EXECUTING
13:55:48 INFO  State of operation 18458567 : EXECUTING
13:55:50 INFO  State of operation 18458567 : EXECUTING
13:55:52 INFO  State of operation 18458567 : EXECUTING
13:55:55 INFO  State of operation 18458567 : EXECUTING
13:55:57 INFO  State of operation 18458567 : EXECUTING
13:56:00 INFO  State of operation 18458567 : EXECUTING
13:56:02 INFO  State of operation 18458567 : EXECUTING
13:56:04 INFO  State of operation 18458567 : EXECUTING
13:56:07 INFO  State of operation 18458567 : EXECUTING
13:56:09 INFO  State of operation 18458567 : EXECUTING
13:56:11 INFO  State of operation 18458567 : EXECUTING
13:56:13 INFO  State of operation 18458567 : EXECUTING
13:56:16 INFO  State of operation 18458567 : EXECUTING
13:56:18 INFO  State of operation 18458567 : EXECUTING
13:56:21 INFO  State of operation 18458567 : EXECUTING
13:56:23 INFO  State of operation 18458567 : SUCCESSFUL
13:56:23 INFO  Assert that (False == value) with value=False ... passed
13:56:24 INFO  Assert that (False == value) with value=False ... passed
13:56:24 INFO  Assert that (False == value) with value=False ... passed
13:56:24 INFO  Assert that (False == value) with value=False ... passed
13:56:24 INFO  
13:56:24 INFO  cleanup:
13:56:28 INFO  Executed sudo&lt;tedge_disconnect_c8y&gt;, exit status 0
13:56:29 INFO  Executed systemctl&lt;serv_mapper5&gt;, exit status 3
13:56:29 INFO  
13:56:29 INFO  Test duration: 180.00 secs
13:56:29 INFO  Test final outcome:  FAILED
13:56:29 INFO  Test outcome reason: Assert that (False == value) with value=True
13:56:29 INFO  
</system-out>
	</testcase>
</testsuite>
