<?xml version="1.0" encoding="utf-8"?>
<testsuite failures="0" name="apt_prepare" skipped="0" tests="1" time="18.55" timestamp="2022-05-03T09:15:20">
	<testcase classname="AptPluginPrepare" name="apt_prepare"/>
</testsuite>
