<?xml version="1.0" encoding="utf-8"?>
<testsuite failures="0" name="apt_install_local_file_with_version" skipped="0" tests="1" time="56.63" timestamp="2022-05-02T10:46:11">
	<testcase classname="AptPluginInstallFromLocalFileWithVersion" name="apt_install_local_file_with_version"/>
</testsuite>
