<?xml version="1.0" encoding="utf-8"?>
<testsuite failures="1" name="SoftwareManagement.sm_apt_install_remove_multiple" skipped="0" tests="1" time="178.28" timestamp="2022-05-11T12:24:54">
	<testcase classname="PySysTest" name="SoftwareManagement.sm_apt_install_remove_multiple">
		<failure message="FAILED: Assert that (False == value) with value=True" type="FAILED"/>
		<system-out>12:21:55 INFO  ==============================================================
12:21:55 INFO  Id:    SoftwareManagement.sm_apt_install_remove_multiple
12:21:55 INFO  Dir:   software_management_end_to_end/
12:21:55 INFO  Title: Validate end to end behaviour for the apt plugin for multiple packages
12:21:55 INFO  ==============================================================
12:21:55 INFO  Using sw id database: {'asciijump': '5475369', 'robotfindskitten': '5474869', 'squirrel3': '5475279', 'rolldice': '5152439', 'moon-buggy': '5439204', 'apple': '5495053', 'banana': '5494888', 'cherry': '5495382', 'watermelon': '5494510', 'registry': '8018911', 'hello-world': '8021526', 'docker/getting-started': '8021973', 'alpine': '7991792'}
12:21:55 INFO  EnvironmentC8y Setup
12:21:56 INFO  Executed systemctl&lt;serv_mapper1&gt;, exit status 3
12:21:56 INFO  Restarting mosquitto too frequently in the last 10 seconds. It was only up for 5 seconds
12:21:56 INFO  Delaying execution by 6 seconds
12:22:16 INFO  Executed sudo&lt;tedge_connect_c8y&gt;, exit status 0, duration 13 secs
12:22:17 INFO  Executed sudo&lt;tedge_connect_c8y_test&gt;, exit status 0
12:22:17 INFO  Executed systemctl&lt;serv_mosq2&gt;, exit status 0
12:22:18 INFO  Executed systemctl&lt;serv_mapper3&gt;, exit status 0
12:22:20 INFO  State of current operation: SUCCESSFUL
12:22:20 INFO  Assert that (False == value) with value=False ... passed
12:22:20 INFO  Assert that (False == value) with value=False ... passed
12:22:21 INFO  Assert that (False == value) with value=False ... passed
12:22:21 INFO  Package robotfindskitten is installed
12:22:21 WARN  Assert that (False == value) with value=True ... failed 
12:22:21 INFO  Response status: 201
12:22:21 INFO  Response to action: {
    &quot;creationTime&quot;: &quot;2022-05-11T12:22:21.445Z&quot;,
    &quot;deviceName&quot;: &quot;m32sd10d&quot;,
    &quot;deviceId&quot;: &quot;18764683&quot;,
    &quot;self&quot;: &quot;https://t493319102.eu-latest.cumulocity.com/devicecontrol/operations/18840623&quot;,
    &quot;id&quot;: &quot;18840623&quot;,
    &quot;status&quot;: &quot;PENDING&quot;,
    &quot;description&quot;: &quot;Apply software changes, triggered from PySys: [{'action': 'install', 'id': '5475369', 'name': 'asciijump', 'url': ' ', 'version': '::apt'}, {'action': 'install', 'id': '5474869', 'name': 'robotfindskitten', 'url': ' ', 'version': '::apt'}, {'action': 'install', 'id': '5475279', 'name': 'squirrel3', 'url': ' ', 'version': '::apt'}]&quot;,
    &quot;c8y_SoftwareUpdate&quot;: [
        {
            &quot;name&quot;: &quot;asciijump&quot;,
            &quot;action&quot;: &quot;install&quot;,
            &quot;id&quot;: &quot;5475369&quot;,
            &quot;version&quot;: &quot;::apt&quot;,
            &quot;url&quot;: &quot; &quot;
        },
        {
            &quot;name&quot;: &quot;robotfindskitten&quot;,
            &quot;action&quot;: &quot;install&quot;,
            &quot;id&quot;: &quot;5474869&quot;,
            &quot;version&quot;: &quot;::apt&quot;,
            &quot;url&quot;: &quot; &quot;
        },
        {
            &quot;name&quot;: &quot;squirrel3&quot;,
            &quot;action&quot;: &quot;install&quot;,
            &quot;id&quot;: &quot;5475279&quot;,
            &quot;version&quot;: &quot;::apt&quot;,
            &quot;url&quot;: &quot; &quot;
        }
    ]
}
12:22:21 INFO  Started operation: {'creationTime': '2022-05-11T12:22:21.445Z', 'deviceName': 'm32sd10d', 'deviceId': '18764683', 'self': 'https://t493319102.eu-latest.cumulocity.com/devicecontrol/operations/18840623', 'id': '18840623', 'status': 'PENDING', 'description': &quot;Apply software changes, triggered from PySys: [{'action': 'install', 'id': '5475369', 'name': 'asciijump', 'url': ' ', 'version': '::apt'}, {'action': 'install', 'id': '5474869', 'name': 'robotfindskitten', 'url': ' ', 'version': '::apt'}, {'action': 'install', 'id': '5475279', 'name': 'squirrel3', 'url': ' ', 'version': '::apt'}]&quot;, 'c8y_SoftwareUpdate': [{'name': 'asciijump', 'action': 'install', 'id': '5475369', 'version': '::apt', 'url': ' '}, {'name': 'robotfindskitten', 'action': 'install', 'id': '5474869', 'version': '::apt', 'url': ' '}, {'name': 'squirrel3', 'action': 'install', 'id': '5475279', 'version': '::apt', 'url': ' '}]}
12:22:23 INFO  State of operation 18840623 : PENDING
12:22:25 INFO  State of operation 18840623 : EXECUTING
12:22:28 INFO  State of operation 18840623 : EXECUTING
12:22:30 INFO  State of operation 18840623 : EXECUTING
12:22:32 INFO  State of operation 18840623 : EXECUTING
12:22:34 INFO  State of operation 18840623 : EXECUTING
12:22:37 INFO  State of operation 18840623 : EXECUTING
12:22:40 INFO  State of operation 18840623 : EXECUTING
12:22:42 INFO  State of operation 18840623 : EXECUTING
12:22:45 INFO  State of operation 18840623 : EXECUTING
12:22:47 INFO  State of operation 18840623 : EXECUTING
12:22:49 INFO  State of operation 18840623 : EXECUTING
12:22:51 INFO  State of operation 18840623 : EXECUTING
12:22:53 INFO  State of operation 18840623 : EXECUTING
12:22:56 INFO  State of operation 18840623 : EXECUTING
12:22:58 INFO  State of operation 18840623 : EXECUTING
12:23:00 INFO  State of operation 18840623 : EXECUTING
12:23:03 INFO  State of operation 18840623 : EXECUTING
12:23:05 INFO  State of operation 18840623 : EXECUTING
12:23:08 INFO  State of operation 18840623 : EXECUTING
12:23:10 INFO  State of operation 18840623 : EXECUTING
12:23:12 INFO  State of operation 18840623 : EXECUTING
12:23:15 INFO  State of operation 18840623 : EXECUTING
12:23:18 INFO  State of operation 18840623 : EXECUTING
12:23:20 INFO  State of operation 18840623 : EXECUTING
12:23:23 INFO  State of operation 18840623 : EXECUTING
12:23:25 INFO  State of operation 18840623 : EXECUTING
12:23:28 INFO  State of operation 18840623 : EXECUTING
12:23:30 INFO  State of operation 18840623 : EXECUTING
12:23:33 INFO  State of operation 18840623 : EXECUTING
12:23:35 INFO  State of operation 18840623 : EXECUTING
12:23:37 INFO  State of operation 18840623 : EXECUTING
12:23:39 INFO  State of operation 18840623 : EXECUTING
12:23:41 INFO  State of operation 18840623 : SUCCESSFUL
12:23:42 INFO  Assert that (False == value) with value=False ... passed
12:23:42 INFO  Package asciijump is installed
12:23:42 INFO  Assert that (True == value) with value=True ... passed
12:23:42 INFO  Package squirrel3 is installed
12:23:42 INFO  Assert that (True == value) with value=True ... passed
12:23:42 INFO  Package robotfindskitten is installed
12:23:42 INFO  Assert that (True == value) with value=True ... passed
12:23:43 INFO  Response status: 201
12:23:43 INFO  Response to action: {
    &quot;creationTime&quot;: &quot;2022-05-11T12:23:43.052Z&quot;,
    &quot;deviceName&quot;: &quot;m32sd10d&quot;,
    &quot;deviceId&quot;: &quot;18764683&quot;,
    &quot;self&quot;: &quot;https://t493319102.eu-latest.cumulocity.com/devicecontrol/operations/18840684&quot;,
    &quot;id&quot;: &quot;18840684&quot;,
    &quot;status&quot;: &quot;PENDING&quot;,
    &quot;description&quot;: &quot;Apply software changes, triggered from PySys: [{'action': 'delete', 'id': '5475369', 'name': 'asciijump', 'url': ' ', 'version': '::apt'}, {'action': 'delete', 'id': '5474869', 'name': 'robotfindskitten', 'url': ' ', 'version': '::apt'}, {'action': 'delete', 'id': '5475279', 'name': 'squirrel3', 'url': ' ', 'version': '::apt'}]&quot;,
    &quot;c8y_SoftwareUpdate&quot;: [
        {
            &quot;name&quot;: &quot;asciijump&quot;,
            &quot;action&quot;: &quot;delete&quot;,
            &quot;id&quot;: &quot;5475369&quot;,
            &quot;version&quot;: &quot;::apt&quot;,
            &quot;url&quot;: &quot; &quot;
        },
        {
            &quot;name&quot;: &quot;robotfindskitten&quot;,
            &quot;action&quot;: &quot;delete&quot;,
            &quot;id&quot;: &quot;5474869&quot;,
            &quot;version&quot;: &quot;::apt&quot;,
            &quot;url&quot;: &quot; &quot;
        },
        {
            &quot;name&quot;: &quot;squirrel3&quot;,
            &quot;action&quot;: &quot;delete&quot;,
            &quot;id&quot;: &quot;5475279&quot;,
            &quot;version&quot;: &quot;::apt&quot;,
            &quot;url&quot;: &quot; &quot;
        }
    ]
}
12:23:43 INFO  Started operation: {'creationTime': '2022-05-11T12:23:43.052Z', 'deviceName': 'm32sd10d', 'deviceId': '18764683', 'self': 'https://t493319102.eu-latest.cumulocity.com/devicecontrol/operations/18840684', 'id': '18840684', 'status': 'PENDING', 'description': &quot;Apply software changes, triggered from PySys: [{'action': 'delete', 'id': '5475369', 'name': 'asciijump', 'url': ' ', 'version': '::apt'}, {'action': 'delete', 'id': '5474869', 'name': 'robotfindskitten', 'url': ' ', 'version': '::apt'}, {'action': 'delete', 'id': '5475279', 'name': 'squirrel3', 'url': ' ', 'version': '::apt'}]&quot;, 'c8y_SoftwareUpdate': [{'name': 'asciijump', 'action': 'delete', 'id': '5475369', 'version': '::apt', 'url': ' '}, {'name': 'robotfindskitten', 'action': 'delete', 'id': '5474869', 'version': '::apt', 'url': ' '}, {'name': 'squirrel3', 'action': 'delete', 'id': '5475279', 'version': '::apt', 'url': ' '}]}
12:23:45 INFO  State of operation 18840684 : PENDING
12:23:47 INFO  State of operation 18840684 : EXECUTING
12:23:49 INFO  State of operation 18840684 : EXECUTING
12:23:51 INFO  State of operation 18840684 : EXECUTING
12:23:54 INFO  State of operation 18840684 : EXECUTING
12:23:56 INFO  State of operation 18840684 : EXECUTING
12:23:59 INFO  State of operation 18840684 : EXECUTING
12:24:02 INFO  State of operation 18840684 : EXECUTING
12:24:04 INFO  State of operation 18840684 : EXECUTING
12:24:06 INFO  State of operation 18840684 : EXECUTING
12:24:08 INFO  State of operation 18840684 : EXECUTING
12:24:11 INFO  State of operation 18840684 : EXECUTING
12:24:13 INFO  State of operation 18840684 : EXECUTING
12:24:15 INFO  State of operation 18840684 : EXECUTING
12:24:17 INFO  State of operation 18840684 : EXECUTING
12:24:20 INFO  State of operation 18840684 : EXECUTING
12:24:22 INFO  State of operation 18840684 : EXECUTING
12:24:25 INFO  State of operation 18840684 : EXECUTING
12:24:27 INFO  State of operation 18840684 : EXECUTING
12:24:29 INFO  State of operation 18840684 : EXECUTING
12:24:32 INFO  State of operation 18840684 : EXECUTING
12:24:34 INFO  State of operation 18840684 : EXECUTING
12:24:36 INFO  State of operation 18840684 : EXECUTING
12:24:38 INFO  State of operation 18840684 : EXECUTING
12:24:41 INFO  State of operation 18840684 : EXECUTING
12:24:43 INFO  State of operation 18840684 : EXECUTING
12:24:46 INFO  State of operation 18840684 : EXECUTING
12:24:48 INFO  State of operation 18840684 : SUCCESSFUL
12:24:48 INFO  Assert that (False == value) with value=False ... passed
12:24:48 INFO  Assert that (False == value) with value=False ... passed
12:24:49 INFO  Assert that (False == value) with value=False ... passed
12:24:49 INFO  Assert that (False == value) with value=False ... passed
12:24:49 INFO  
12:24:49 INFO  cleanup:
12:24:53 INFO  Executed sudo&lt;tedge_disconnect_c8y&gt;, exit status 0
12:24:54 INFO  Executed systemctl&lt;serv_mapper5&gt;, exit status 3
12:24:54 INFO  
12:24:54 INFO  Test duration: 178.28 secs
12:24:54 INFO  Test final outcome:  FAILED
12:24:54 INFO  Test outcome reason: Assert that (False == value) with value=True
12:24:54 INFO  
</system-out>
	</testcase>
</testsuite>
