<?xml version="1.0" encoding="utf-8"?>
<testsuite failures="1" name="SoftwareManagement.sm_apt_install_download_path" skipped="0" tests="1" time="3.07" timestamp="2022-04-27T10:50:23">
	<testcase classname="AptInstallWithDownloadPath" name="SoftwareManagement.sm_apt_install_download_path">
		<failure message="BLOCKED: sudo&lt;tedge_connect_c8y&gt; returned non-zero exit code 1" type="BLOCKED"/>
		<system-out>10:50:20 INFO  ==============================================================
10:50:20 INFO  Id:    SoftwareManagement.sm_apt_install_download_path
10:50:20 INFO  Dir:   software_management_end_to_end/
10:50:20 INFO  Title: Install package to directory specified in tedge config set tmp.path
10:50:20 INFO  ==============================================================
10:50:20 INFO  Using sw id database: {'asciijump': '5475369', 'robotfindskitten': '5474869', 'squirrel3': '5475279', 'rolldice': '5152439', 'moon-buggy': '5439204', 'apple': '5495053', 'banana': '5494888', 'cherry': '5495382', 'watermelon': '5494510', 'registry': '8018911', 'hello-world': '8021526', 'docker/getting-started': '8021973', 'alpine': '7991792'}
10:50:20 INFO  EnvironmentC8y Setup
10:50:20 INFO  Executed systemctl&lt;serv_mapper1&gt;, exit status 3
10:50:21 WARN  Executed sudo&lt;tedge_connect_c8y&gt;, exit status 1
10:50:21 INFO  Contents of tedge_connect_c8y.err: 
  Error: failed to connect Cumulocity cloud.
  Caused by:
      A value for `c8y.url` is missing.
          A value can be set with `tedge config set c8y.url &lt;value&gt;`
  -----

10:50:22 WARN  sudo&lt;tedge_connect_c8y&gt; returned non-zero exit code 1 ... blocked 
10:50:22 WARN  Aborted test due to BLOCKED outcome
10:50:22 INFO  
10:50:22 INFO  cleanup:
10:50:22 INFO  Executed sudo&lt;tedge_disconnect_c8y&gt;, exit status 0
10:50:23 INFO  Executed systemctl&lt;serv_mapper5&gt;, exit status 3
10:50:23 INFO  
10:50:23 INFO  Test duration: 3.07 secs
10:50:23 INFO  Test final outcome:  BLOCKED
10:50:23 INFO  Test outcome reason: sudo&lt;tedge_connect_c8y&gt; returned non-zero exit code 1
10:50:23 INFO  
</system-out>
	</testcase>
</testsuite>
