<?xml version="1.0" encoding="utf-8"?>
<testsuite failures="1" name="SoftwareManagement.sm_apt_install_remove_multiple_mixed" skipped="0" tests="1" time="178.52" timestamp="2022-04-28T11:48:39">
	<testcase classname="PySysTest" name="SoftwareManagement.sm_apt_install_remove_multiple_mixed">
		<failure message="BLOCKED: SystemError: Timeout while waiting for status SUCCESSFUL or False" type="BLOCKED"/>
		<system-out>11:45:41 INFO  ==============================================================
11:45:41 INFO  Id:    SoftwareManagement.sm_apt_install_remove_multiple_mixed
11:45:41 INFO  Dir:   software_management_end_to_end/
11:45:41 INFO  Title: Validate end to end behaviour for the apt plugin for multiple packages with mixed versions
11:45:41 INFO  ==============================================================
11:45:41 INFO  Using sw id database: {'asciijump': '5475369', 'robotfindskitten': '5474869', 'squirrel3': '5475279', 'rolldice': '5152439', 'moon-buggy': '5439204', 'apple': '5495053', 'banana': '5494888', 'cherry': '5495382', 'watermelon': '5494510', 'registry': '8018911', 'hello-world': '8021526', 'docker/getting-started': '8021973', 'alpine': '7991792'}
11:45:41 INFO  EnvironmentC8y Setup
11:45:42 INFO  Executed systemctl&lt;serv_mapper1&gt;, exit status 3
11:45:42 INFO  Restarting mosquitto too frequently in the last 10 seconds. It was only up for 4 seconds
11:45:42 INFO  Delaying execution by 7 seconds
11:46:02 INFO  Executed sudo&lt;tedge_connect_c8y&gt;, exit status 0, duration 13 secs
11:46:03 INFO  Executed sudo&lt;tedge_connect_c8y_test&gt;, exit status 0
11:46:03 INFO  Executed systemctl&lt;serv_mosq2&gt;, exit status 0
11:46:04 INFO  Executed systemctl&lt;serv_mapper3&gt;, exit status 0
11:46:06 INFO  State of current operation: SUCCESSFUL
11:46:06 INFO  Assert that (False == value) with value=False ... passed
11:46:07 INFO  Assert that (False == value) with value=False ... passed
11:46:07 INFO  Assert that (False == value) with value=False ... passed
11:46:07 INFO  Assert that (False == value) with value=False ... passed
11:46:07 INFO  Assert that (False == value) with value=False ... passed
11:46:09 INFO  Response status: 201
11:46:09 INFO  Response to action: {
    &quot;delivery&quot;: {
        &quot;time&quot;: &quot;2022-04-28T11:46:09.020Z&quot;,
        &quot;log&quot;: [],
        &quot;status&quot;: &quot;PENDING&quot;
    },
    &quot;creationTime&quot;: &quot;2022-04-28T11:46:09.005Z&quot;,
    &quot;deviceName&quot;: &quot;m32sd10d&quot;,
    &quot;deviceId&quot;: &quot;17889227&quot;,
    &quot;self&quot;: &quot;https://t493319102.eu-latest.cumulocity.com/devicecontrol/operations/17901160&quot;,
    &quot;id&quot;: &quot;17901160&quot;,
    &quot;status&quot;: &quot;PENDING&quot;,
    &quot;description&quot;: &quot;Apply software changes, triggered from PySys: [{'action': 'install', 'id': '5475369', 'name': 'asciijump', 'url': ' ', 'version': '::apt'}, {'action': 'install', 'id': '5474869', 'name': 'robotfindskitten', 'url': ' ', 'version': ' '}, {'action': 'install', 'id': '5475279', 'name': 'squirrel3', 'url': ' ', 'version': '3.1-7::apt'}, {'action': 'install', 'id': '5152439', 'name': 'rolldice', 'url': ' ', 'version': '1.16-1+b1'}, {'action': 'install', 'id': '5439204', 'name': 'moon-buggy', 'url': ' ', 'version': '1:1.0.51-12'}, {'action': 'install', 'id': '5475369', 'name': 'asciijump', 'url': ' ', 'version': '::apt'}]&quot;,
    &quot;c8y_SoftwareUpdate&quot;: [
        {
            &quot;name&quot;: &quot;asciijump&quot;,
            &quot;action&quot;: &quot;install&quot;,
            &quot;id&quot;: &quot;5475369&quot;,
            &quot;version&quot;: &quot;::apt&quot;,
            &quot;url&quot;: &quot; &quot;
        },
        {
            &quot;name&quot;: &quot;robotfindskitten&quot;,
            &quot;action&quot;: &quot;install&quot;,
            &quot;id&quot;: &quot;5474869&quot;,
            &quot;version&quot;: &quot; &quot;,
            &quot;url&quot;: &quot; &quot;
        },
        {
            &quot;name&quot;: &quot;squirrel3&quot;,
            &quot;action&quot;: &quot;install&quot;,
            &quot;id&quot;: &quot;5475279&quot;,
            &quot;version&quot;: &quot;3.1-7::apt&quot;,
            &quot;url&quot;: &quot; &quot;
        },
        {
            &quot;name&quot;: &quot;rolldice&quot;,
            &quot;action&quot;: &quot;install&quot;,
            &quot;id&quot;: &quot;5152439&quot;,
            &quot;version&quot;: &quot;1.16-1+b1&quot;,
            &quot;url&quot;: &quot; &quot;
        },
        {
            &quot;name&quot;: &quot;moon-buggy&quot;,
            &quot;action&quot;: &quot;install&quot;,
            &quot;id&quot;: &quot;5439204&quot;,
            &quot;version&quot;: &quot;1:1.0.51-12&quot;,
            &quot;url&quot;: &quot; &quot;
        },
        {
            &quot;name&quot;: &quot;asciijump&quot;,
            &quot;action&quot;: &quot;install&quot;,
            &quot;id&quot;: &quot;5475369&quot;,
            &quot;version&quot;: &quot;::apt&quot;,
            &quot;url&quot;: &quot; &quot;
        }
    ]
}
11:46:09 INFO  Started operation: {'delivery': {'time': '2022-04-28T11:46:09.020Z', 'log': [], 'status': 'PENDING'}, 'creationTime': '2022-04-28T11:46:09.005Z', 'deviceName': 'm32sd10d', 'deviceId': '17889227', 'self': 'https://t493319102.eu-latest.cumulocity.com/devicecontrol/operations/17901160', 'id': '17901160', 'status': 'PENDING', 'description': &quot;Apply software changes, triggered from PySys: [{'action': 'install', 'id': '5475369', 'name': 'asciijump', 'url': ' ', 'version': '::apt'}, {'action': 'install', 'id': '5474869', 'name': 'robotfindskitten', 'url': ' ', 'version': ' '}, {'action': 'install', 'id': '5475279', 'name': 'squirrel3', 'url': ' ', 'version': '3.1-7::apt'}, {'action': 'install', 'id': '5152439', 'name': 'rolldice', 'url': ' ', 'version': '1.16-1+b1'}, {'action': 'install', 'id': '5439204', 'name': 'moon-buggy', 'url': ' ', 'version': '1:1.0.51-12'}, {'action': 'install', 'id': '5475369', 'name': 'asciijump', 'url': ' ', 'version': '::apt'}]&quot;, 'c8y_SoftwareUpdate': [{'name': 'asciijump', 'action': 'install', 'id': '5475369', 'version': '::apt', 'url': ' '}, {'name': 'robotfindskitten', 'action': 'install', 'id': '5474869', 'version': ' ', 'url': ' '}, {'name': 'squirrel3', 'action': 'install', 'id': '5475279', 'version': '3.1-7::apt', 'url': ' '}, {'name': 'rolldice', 'action': 'install', 'id': '5152439', 'version': '1.16-1+b1', 'url': ' '}, {'name': 'moon-buggy', 'action': 'install', 'id': '5439204', 'version': '1:1.0.51-12', 'url': ' '}, {'name': 'asciijump', 'action': 'install', 'id': '5475369', 'version': '::apt', 'url': ' '}]}
11:46:11 INFO  State of operation 17901160 : PENDING
11:46:13 INFO  State of operation 17901160 : EXECUTING
11:46:15 INFO  State of operation 17901160 : EXECUTING
11:46:17 INFO  State of operation 17901160 : EXECUTING
11:46:20 INFO  State of operation 17901160 : EXECUTING
11:46:22 INFO  State of operation 17901160 : EXECUTING
11:46:25 INFO  State of operation 17901160 : EXECUTING
11:46:28 INFO  State of operation 17901160 : EXECUTING
11:46:30 INFO  State of operation 17901160 : EXECUTING
11:46:32 INFO  State of operation 17901160 : EXECUTING
11:46:35 INFO  State of operation 17901160 : EXECUTING
11:46:37 INFO  State of operation 17901160 : EXECUTING
11:46:39 INFO  State of operation 17901160 : EXECUTING
11:46:41 INFO  State of operation 17901160 : EXECUTING
11:46:44 INFO  State of operation 17901160 : EXECUTING
11:46:46 INFO  State of operation 17901160 : EXECUTING
11:46:48 INFO  State of operation 17901160 : EXECUTING
11:46:51 INFO  State of operation 17901160 : EXECUTING
11:46:53 INFO  State of operation 17901160 : EXECUTING
11:46:55 INFO  State of operation 17901160 : EXECUTING
11:46:57 INFO  State of operation 17901160 : EXECUTING
11:47:00 INFO  State of operation 17901160 : EXECUTING
11:47:02 INFO  State of operation 17901160 : EXECUTING
11:47:05 INFO  State of operation 17901160 : EXECUTING
11:47:07 INFO  State of operation 17901160 : EXECUTING
11:47:10 INFO  State of operation 17901160 : EXECUTING
11:47:12 INFO  State of operation 17901160 : EXECUTING
11:47:14 INFO  State of operation 17901160 : EXECUTING
11:47:16 INFO  State of operation 17901160 : EXECUTING
11:47:19 INFO  State of operation 17901160 : EXECUTING
11:47:21 INFO  State of operation 17901160 : EXECUTING
11:47:24 INFO  State of operation 17901160 : EXECUTING
11:47:26 INFO  State of operation 17901160 : EXECUTING
11:47:28 INFO  State of operation 17901160 : EXECUTING
11:47:30 INFO  State of operation 17901160 : EXECUTING
11:47:33 INFO  State of operation 17901160 : EXECUTING
11:47:35 INFO  State of operation 17901160 : EXECUTING
11:47:38 INFO  State of operation 17901160 : EXECUTING
11:47:40 INFO  State of operation 17901160 : EXECUTING
11:47:43 INFO  State of operation 17901160 : EXECUTING
11:47:45 INFO  State of operation 17901160 : EXECUTING
11:47:47 INFO  State of operation 17901160 : EXECUTING
11:47:49 INFO  State of operation 17901160 : EXECUTING
11:47:52 INFO  State of operation 17901160 : EXECUTING
11:47:54 INFO  State of operation 17901160 : EXECUTING
11:47:56 INFO  State of operation 17901160 : EXECUTING
11:47:58 INFO  State of operation 17901160 : EXECUTING
11:48:00 INFO  State of operation 17901160 : EXECUTING
11:48:03 INFO  State of operation 17901160 : EXECUTING
11:48:06 INFO  State of operation 17901160 : EXECUTING
11:48:08 INFO  State of operation 17901160 : EXECUTING
11:48:10 INFO  State of operation 17901160 : EXECUTING
11:48:12 INFO  State of operation 17901160 : EXECUTING
11:48:15 INFO  State of operation 17901160 : EXECUTING
11:48:17 INFO  State of operation 17901160 : EXECUTING
11:48:20 INFO  State of operation 17901160 : EXECUTING
11:48:22 INFO  State of operation 17901160 : EXECUTING
11:48:25 INFO  State of operation 17901160 : EXECUTING
11:48:27 INFO  State of operation 17901160 : EXECUTING
11:48:30 INFO  State of operation 17901160 : EXECUTING
11:48:32 INFO  State of operation 17901160 : EXECUTING
11:48:34 WARN  SystemError occurred while running test - Timeout while waiting for status SUCCESSFUL or False
Traceback (most recent call last):
  File &quot;/home/pi/env-pysys/lib/python3.7/site-packages/pysys/baserunner.py&quot;, line 1294, in __call__
    self.testObj.execute()
  File &quot;/home/pi/actions-runner/_work/thin-edge.io/thin-edge.io/tests/PySys/software_management_end_to_end/sm_apt_install_remove_multiple_mixed/run.py&quot;, line 89, in execute
    self.wait_until_succcess()
  File &quot;/home/pi/actions-runner/_work/thin-edge.io/thin-edge.io/tests/PySys/software_management_end_to_end/environment_sm_management.py&quot;, line 324, in wait_until_succcess
    self.wait_until_status(&quot;SUCCESSFUL&quot;)
  File &quot;/home/pi/actions-runner/_work/thin-edge.io/thin-edge.io/tests/PySys/software_management_end_to_end/environment_sm_management.py&quot;, line 381, in wait_until_status
    &quot;Timeout while waiting for status %s or %s&quot; % (status, status2)
SystemError: Timeout while waiting for status SUCCESSFUL or False
11:48:34 WARN  SystemError: Timeout while waiting for status SUCCESSFUL or False ... blocked 
11:48:34 INFO  
11:48:34 INFO  cleanup:
11:48:39 INFO  Executed sudo&lt;tedge_disconnect_c8y&gt;, exit status 0
11:48:39 INFO  Executed systemctl&lt;serv_mapper5&gt;, exit status 3
11:48:39 INFO  
11:48:39 INFO  Test duration: 178.52 secs
11:48:39 INFO  Test final outcome:  BLOCKED
11:48:39 INFO  Test outcome reason: SystemError: Timeout while waiting for status SUCCESSFUL or False
11:48:39 INFO  
</system-out>
	</testcase>
</testsuite>
