<?xml version="1.0" encoding="utf-8"?>
<testsuite failures="0" name="apt_finalize" skipped="0" tests="1" time="151.11" timestamp="2022-05-03T09:11:00">
	<testcase classname="AptPluginFinalize" name="apt_finalize"/>
</testsuite>
