<?xml version="1.0" encoding="utf-8"?>
<testsuite failures="0" name="apt_install" skipped="0" tests="1" time="64.15" timestamp="2022-05-06T13:31:09">
	<testcase classname="AptPluginInstallDense" name="apt_install"/>
</testsuite>
