<?xml version="1.0" encoding="utf-8"?>
<testsuite failures="0" name="apt_prepare" skipped="0" tests="1" time="18.32" timestamp="2022-04-27T10:39:03">
	<testcase classname="AptPluginPrepare" name="apt_prepare"/>
</testsuite>
