<?xml version="1.0" encoding="utf-8"?>
<testsuite failures="1" name="SoftwareManagement.sm_apt_install_remove_multiple_mixed" skipped="0" tests="1" time="180.01" timestamp="2022-05-11T12:27:54">
	<testcase classname="PySysTest" name="SoftwareManagement.sm_apt_install_remove_multiple_mixed">
		<failure message="BLOCKED: SystemError: Timeout while waiting for status SUCCESSFUL or False" type="BLOCKED"/>
		<system-out>12:24:54 INFO  ==============================================================
12:24:54 INFO  Id:    SoftwareManagement.sm_apt_install_remove_multiple_mixed
12:24:54 INFO  Dir:   software_management_end_to_end/
12:24:54 INFO  Title: Validate end to end behaviour for the apt plugin for multiple packages with mixed versions
12:24:54 INFO  ==============================================================
12:24:54 INFO  Using sw id database: {'asciijump': '5475369', 'robotfindskitten': '5474869', 'squirrel3': '5475279', 'rolldice': '5152439', 'moon-buggy': '5439204', 'apple': '5495053', 'banana': '5494888', 'cherry': '5495382', 'watermelon': '5494510', 'registry': '8018911', 'hello-world': '8021526', 'docker/getting-started': '8021973', 'alpine': '7991792'}
12:24:54 INFO  EnvironmentC8y Setup
12:24:54 INFO  Executed systemctl&lt;serv_mapper1&gt;, exit status 3
12:24:54 INFO  Restarting mosquitto too frequently in the last 10 seconds. It was only up for 4 seconds
12:24:54 INFO  Delaying execution by 7 seconds
12:25:15 INFO  Executed sudo&lt;tedge_connect_c8y&gt;, exit status 0, duration 13 secs
12:25:16 INFO  Executed sudo&lt;tedge_connect_c8y_test&gt;, exit status 0
12:25:16 INFO  Executed systemctl&lt;serv_mosq2&gt;, exit status 0
12:25:17 INFO  Executed systemctl&lt;serv_mapper3&gt;, exit status 0
12:25:19 INFO  State of current operation: SUCCESSFUL
12:25:19 INFO  Assert that (False == value) with value=False ... passed
12:25:20 INFO  Assert that (False == value) with value=False ... passed
12:25:20 INFO  Assert that (False == value) with value=False ... passed
12:25:20 INFO  Assert that (False == value) with value=False ... passed
12:25:20 INFO  Assert that (False == value) with value=False ... passed
12:25:21 INFO  Response status: 201
12:25:21 INFO  Response to action: {
    &quot;delivery&quot;: {
        &quot;time&quot;: &quot;2022-05-11T12:25:21.939Z&quot;,
        &quot;log&quot;: [],
        &quot;status&quot;: &quot;PENDING&quot;
    },
    &quot;creationTime&quot;: &quot;2022-05-11T12:25:21.927Z&quot;,
    &quot;deviceName&quot;: &quot;m32sd10d&quot;,
    &quot;deviceId&quot;: &quot;18764683&quot;,
    &quot;self&quot;: &quot;https://t493319102.eu-latest.cumulocity.com/devicecontrol/operations/18840715&quot;,
    &quot;id&quot;: &quot;18840715&quot;,
    &quot;status&quot;: &quot;PENDING&quot;,
    &quot;description&quot;: &quot;Apply software changes, triggered from PySys: [{'action': 'install', 'id': '5475369', 'name': 'asciijump', 'url': ' ', 'version': '::apt'}, {'action': 'install', 'id': '5474869', 'name': 'robotfindskitten', 'url': ' ', 'version': ' '}, {'action': 'install', 'id': '5475279', 'name': 'squirrel3', 'url': ' ', 'version': '3.1-7::apt'}, {'action': 'install', 'id': '5152439', 'name': 'rolldice', 'url': ' ', 'version': '1.16-1+b1'}, {'action': 'install', 'id': '5439204', 'name': 'moon-buggy', 'url': ' ', 'version': '1:1.0.51-12'}, {'action': 'install', 'id': '5475369', 'name': 'asciijump', 'url': ' ', 'version': '::apt'}]&quot;,
    &quot;c8y_SoftwareUpdate&quot;: [
        {
            &quot;name&quot;: &quot;asciijump&quot;,
            &quot;action&quot;: &quot;install&quot;,
            &quot;id&quot;: &quot;5475369&quot;,
            &quot;version&quot;: &quot;::apt&quot;,
            &quot;url&quot;: &quot; &quot;
        },
        {
            &quot;name&quot;: &quot;robotfindskitten&quot;,
            &quot;action&quot;: &quot;install&quot;,
            &quot;id&quot;: &quot;5474869&quot;,
            &quot;version&quot;: &quot; &quot;,
            &quot;url&quot;: &quot; &quot;
        },
        {
            &quot;name&quot;: &quot;squirrel3&quot;,
            &quot;action&quot;: &quot;install&quot;,
            &quot;id&quot;: &quot;5475279&quot;,
            &quot;version&quot;: &quot;3.1-7::apt&quot;,
            &quot;url&quot;: &quot; &quot;
        },
        {
            &quot;name&quot;: &quot;rolldice&quot;,
            &quot;action&quot;: &quot;install&quot;,
            &quot;id&quot;: &quot;5152439&quot;,
            &quot;version&quot;: &quot;1.16-1+b1&quot;,
            &quot;url&quot;: &quot; &quot;
        },
        {
            &quot;name&quot;: &quot;moon-buggy&quot;,
            &quot;action&quot;: &quot;install&quot;,
            &quot;id&quot;: &quot;5439204&quot;,
            &quot;version&quot;: &quot;1:1.0.51-12&quot;,
            &quot;url&quot;: &quot; &quot;
        },
        {
            &quot;name&quot;: &quot;asciijump&quot;,
            &quot;action&quot;: &quot;install&quot;,
            &quot;id&quot;: &quot;5475369&quot;,
            &quot;version&quot;: &quot;::apt&quot;,
            &quot;url&quot;: &quot; &quot;
        }
    ]
}
12:25:21 INFO  Started operation: {'delivery': {'time': '2022-05-11T12:25:21.939Z', 'log': [], 'status': 'PENDING'}, 'creationTime': '2022-05-11T12:25:21.927Z', 'deviceName': 'm32sd10d', 'deviceId': '18764683', 'self': 'https://t493319102.eu-latest.cumulocity.com/devicecontrol/operations/18840715', 'id': '18840715', 'status': 'PENDING', 'description': &quot;Apply software changes, triggered from PySys: [{'action': 'install', 'id': '5475369', 'name': 'asciijump', 'url': ' ', 'version': '::apt'}, {'action': 'install', 'id': '5474869', 'name': 'robotfindskitten', 'url': ' ', 'version': ' '}, {'action': 'install', 'id': '5475279', 'name': 'squirrel3', 'url': ' ', 'version': '3.1-7::apt'}, {'action': 'install', 'id': '5152439', 'name': 'rolldice', 'url': ' ', 'version': '1.16-1+b1'}, {'action': 'install', 'id': '5439204', 'name': 'moon-buggy', 'url': ' ', 'version': '1:1.0.51-12'}, {'action': 'install', 'id': '5475369', 'name': 'asciijump', 'url': ' ', 'version': '::apt'}]&quot;, 'c8y_SoftwareUpdate': [{'name': 'asciijump', 'action': 'install', 'id': '5475369', 'version': '::apt', 'url': ' '}, {'name': 'robotfindskitten', 'action': 'install', 'id': '5474869', 'version': ' ', 'url': ' '}, {'name': 'squirrel3', 'action': 'install', 'id': '5475279', 'version': '3.1-7::apt', 'url': ' '}, {'name': 'rolldice', 'action': 'install', 'id': '5152439', 'version': '1.16-1+b1', 'url': ' '}, {'name': 'moon-buggy', 'action': 'install', 'id': '5439204', 'version': '1:1.0.51-12', 'url': ' '}, {'name': 'asciijump', 'action': 'install', 'id': '5475369', 'version': '::apt', 'url': ' '}]}
12:25:24 INFO  State of operation 18840715 : PENDING
12:25:26 INFO  State of operation 18840715 : EXECUTING
12:25:28 INFO  State of operation 18840715 : EXECUTING
12:25:30 INFO  State of operation 18840715 : EXECUTING
12:25:33 INFO  State of operation 18840715 : EXECUTING
12:25:35 INFO  State of operation 18840715 : EXECUTING
12:25:37 INFO  State of operation 18840715 : EXECUTING
12:25:41 INFO  State of operation 18840715 : EXECUTING
12:25:43 INFO  State of operation 18840715 : EXECUTING
12:25:45 INFO  State of operation 18840715 : EXECUTING
12:25:47 INFO  State of operation 18840715 : EXECUTING
12:25:50 INFO  State of operation 18840715 : EXECUTING
12:25:52 INFO  State of operation 18840715 : EXECUTING
12:25:54 INFO  State of operation 18840715 : EXECUTING
12:25:56 INFO  State of operation 18840715 : EXECUTING
12:25:59 INFO  State of operation 18840715 : EXECUTING
12:26:01 INFO  State of operation 18840715 : EXECUTING
12:26:04 INFO  State of operation 18840715 : EXECUTING
12:26:06 INFO  State of operation 18840715 : EXECUTING
12:26:08 INFO  State of operation 18840715 : EXECUTING
12:26:11 INFO  State of operation 18840715 : EXECUTING
12:26:13 INFO  State of operation 18840715 : EXECUTING
12:26:16 INFO  State of operation 18840715 : EXECUTING
12:26:18 INFO  State of operation 18840715 : EXECUTING
12:26:21 INFO  State of operation 18840715 : EXECUTING
12:26:23 INFO  State of operation 18840715 : EXECUTING
12:26:26 INFO  State of operation 18840715 : EXECUTING
12:26:28 INFO  State of operation 18840715 : EXECUTING
12:26:30 INFO  State of operation 18840715 : EXECUTING
12:26:33 INFO  State of operation 18840715 : EXECUTING
12:26:35 INFO  State of operation 18840715 : EXECUTING
12:26:37 INFO  State of operation 18840715 : EXECUTING
12:26:40 INFO  State of operation 18840715 : EXECUTING
12:26:42 INFO  State of operation 18840715 : EXECUTING
12:26:44 INFO  State of operation 18840715 : EXECUTING
12:26:46 INFO  State of operation 18840715 : EXECUTING
12:26:49 INFO  State of operation 18840715 : EXECUTING
12:26:52 INFO  State of operation 18840715 : EXECUTING
12:26:54 INFO  State of operation 18840715 : EXECUTING
12:26:57 INFO  State of operation 18840715 : EXECUTING
12:26:59 INFO  State of operation 18840715 : EXECUTING
12:27:01 INFO  State of operation 18840715 : EXECUTING
12:27:03 INFO  State of operation 18840715 : EXECUTING
12:27:06 INFO  State of operation 18840715 : EXECUTING
12:27:08 INFO  State of operation 18840715 : EXECUTING
12:27:10 INFO  State of operation 18840715 : EXECUTING
12:27:12 INFO  State of operation 18840715 : EXECUTING
12:27:15 INFO  State of operation 18840715 : EXECUTING
12:27:17 INFO  State of operation 18840715 : EXECUTING
12:27:20 INFO  State of operation 18840715 : EXECUTING
12:27:22 INFO  State of operation 18840715 : EXECUTING
12:27:24 INFO  State of operation 18840715 : EXECUTING
12:27:27 INFO  State of operation 18840715 : EXECUTING
12:27:29 INFO  State of operation 18840715 : EXECUTING
12:27:31 INFO  State of operation 18840715 : EXECUTING
12:27:34 INFO  State of operation 18840715 : EXECUTING
12:27:36 INFO  State of operation 18840715 : EXECUTING
12:27:39 INFO  State of operation 18840715 : EXECUTING
12:27:41 INFO  State of operation 18840715 : EXECUTING
12:27:44 INFO  State of operation 18840715 : EXECUTING
12:27:46 INFO  State of operation 18840715 : EXECUTING
12:27:48 WARN  SystemError occurred while running test - Timeout while waiting for status SUCCESSFUL or False
Traceback (most recent call last):
  File &quot;/home/pi/env-pysys/lib/python3.7/site-packages/pysys/baserunner.py&quot;, line 1294, in __call__
    self.testObj.execute()
  File &quot;/home/pi/actions-runner/_work/thin-edge.io/thin-edge.io/tests/PySys/software_management_end_to_end/sm_apt_install_remove_multiple_mixed/run.py&quot;, line 89, in execute
    self.wait_until_succcess()
  File &quot;/home/pi/actions-runner/_work/thin-edge.io/thin-edge.io/tests/PySys/software_management_end_to_end/environment_sm_management.py&quot;, line 324, in wait_until_succcess
    self.wait_until_status(&quot;SUCCESSFUL&quot;)
  File &quot;/home/pi/actions-runner/_work/thin-edge.io/thin-edge.io/tests/PySys/software_management_end_to_end/environment_sm_management.py&quot;, line 381, in wait_until_status
    &quot;Timeout while waiting for status %s or %s&quot; % (status, status2)
SystemError: Timeout while waiting for status SUCCESSFUL or False
12:27:48 WARN  SystemError: Timeout while waiting for status SUCCESSFUL or False ... blocked 
12:27:48 INFO  
12:27:48 INFO  cleanup:
12:27:53 INFO  Executed sudo&lt;tedge_disconnect_c8y&gt;, exit status 0
12:27:54 INFO  Executed systemctl&lt;serv_mapper5&gt;, exit status 3
12:27:54 INFO  
12:27:54 INFO  Test duration: 180.01 secs
12:27:54 INFO  Test final outcome:  BLOCKED
12:27:54 INFO  Test outcome reason: SystemError: Timeout while waiting for status SUCCESSFUL or False
12:27:54 INFO  
</system-out>
	</testcase>
</testsuite>
