<?xml version="1.0" encoding="utf-8"?>
<testsuite failures="0" name="apt_sequence_install_with_version" skipped="0" tests="1" time="93.0" timestamp="2022-05-03T18:51:36">
	<testcase classname="AptPluginPrepInstallWithVersionFinalize" name="apt_sequence_install_with_version"/>
</testsuite>
