<?xml version="1.0" encoding="utf-8"?>
<testsuite failures="1" name="SoftwareManagement.sm_apt_install_remove_multiple" skipped="0" tests="1" time="179.27" timestamp="2022-04-28T11:45:41">
	<testcase classname="PySysTest" name="SoftwareManagement.sm_apt_install_remove_multiple">
		<failure message="FAILED: Assert that (False == value) with value=True" type="FAILED"/>
		<system-out>11:42:42 INFO  ==============================================================
11:42:42 INFO  Id:    SoftwareManagement.sm_apt_install_remove_multiple
11:42:42 INFO  Dir:   software_management_end_to_end/
11:42:42 INFO  Title: Validate end to end behaviour for the apt plugin for multiple packages
11:42:42 INFO  ==============================================================
11:42:42 INFO  Using sw id database: {'asciijump': '5475369', 'robotfindskitten': '5474869', 'squirrel3': '5475279', 'rolldice': '5152439', 'moon-buggy': '5439204', 'apple': '5495053', 'banana': '5494888', 'cherry': '5495382', 'watermelon': '5494510', 'registry': '8018911', 'hello-world': '8021526', 'docker/getting-started': '8021973', 'alpine': '7991792'}
11:42:42 INFO  EnvironmentC8y Setup
11:42:42 INFO  Executed systemctl&lt;serv_mapper1&gt;, exit status 3
11:42:42 INFO  Restarting mosquitto too frequently in the last 10 seconds. It was only up for 4 seconds
11:42:42 INFO  Delaying execution by 7 seconds
11:43:03 INFO  Executed sudo&lt;tedge_connect_c8y&gt;, exit status 0, duration 13 secs
11:43:04 INFO  Executed sudo&lt;tedge_connect_c8y_test&gt;, exit status 0
11:43:04 INFO  Executed systemctl&lt;serv_mosq2&gt;, exit status 0
11:43:05 INFO  Executed systemctl&lt;serv_mapper3&gt;, exit status 0
11:43:07 INFO  State of current operation: SUCCESSFUL
11:43:07 INFO  Assert that (False == value) with value=False ... passed
11:43:07 INFO  Assert that (False == value) with value=False ... passed
11:43:08 INFO  Assert that (False == value) with value=False ... passed
11:43:08 INFO  Package robotfindskitten is installed
11:43:08 WARN  Assert that (False == value) with value=True ... failed 
11:43:08 INFO  Response status: 201
11:43:08 INFO  Response to action: {
    &quot;creationTime&quot;: &quot;2022-04-28T11:43:08.493Z&quot;,
    &quot;deviceName&quot;: &quot;m32sd10d&quot;,
    &quot;deviceId&quot;: &quot;17889227&quot;,
    &quot;self&quot;: &quot;https://t493319102.eu-latest.cumulocity.com/devicecontrol/operations/17901144&quot;,
    &quot;id&quot;: &quot;17901144&quot;,
    &quot;status&quot;: &quot;PENDING&quot;,
    &quot;description&quot;: &quot;Apply software changes, triggered from PySys: [{'action': 'install', 'id': '5475369', 'name': 'asciijump', 'url': ' ', 'version': '::apt'}, {'action': 'install', 'id': '5474869', 'name': 'robotfindskitten', 'url': ' ', 'version': '::apt'}, {'action': 'install', 'id': '5475279', 'name': 'squirrel3', 'url': ' ', 'version': '::apt'}]&quot;,
    &quot;c8y_SoftwareUpdate&quot;: [
        {
            &quot;name&quot;: &quot;asciijump&quot;,
            &quot;action&quot;: &quot;install&quot;,
            &quot;id&quot;: &quot;5475369&quot;,
            &quot;version&quot;: &quot;::apt&quot;,
            &quot;url&quot;: &quot; &quot;
        },
        {
            &quot;name&quot;: &quot;robotfindskitten&quot;,
            &quot;action&quot;: &quot;install&quot;,
            &quot;id&quot;: &quot;5474869&quot;,
            &quot;version&quot;: &quot;::apt&quot;,
            &quot;url&quot;: &quot; &quot;
        },
        {
            &quot;name&quot;: &quot;squirrel3&quot;,
            &quot;action&quot;: &quot;install&quot;,
            &quot;id&quot;: &quot;5475279&quot;,
            &quot;version&quot;: &quot;::apt&quot;,
            &quot;url&quot;: &quot; &quot;
        }
    ]
}
11:43:08 INFO  Started operation: {'creationTime': '2022-04-28T11:43:08.493Z', 'deviceName': 'm32sd10d', 'deviceId': '17889227', 'self': 'https://t493319102.eu-latest.cumulocity.com/devicecontrol/operations/17901144', 'id': '17901144', 'status': 'PENDING', 'description': &quot;Apply software changes, triggered from PySys: [{'action': 'install', 'id': '5475369', 'name': 'asciijump', 'url': ' ', 'version': '::apt'}, {'action': 'install', 'id': '5474869', 'name': 'robotfindskitten', 'url': ' ', 'version': '::apt'}, {'action': 'install', 'id': '5475279', 'name': 'squirrel3', 'url': ' ', 'version': '::apt'}]&quot;, 'c8y_SoftwareUpdate': [{'name': 'asciijump', 'action': 'install', 'id': '5475369', 'version': '::apt', 'url': ' '}, {'name': 'robotfindskitten', 'action': 'install', 'id': '5474869', 'version': '::apt', 'url': ' '}, {'name': 'squirrel3', 'action': 'install', 'id': '5475279', 'version': '::apt', 'url': ' '}]}
11:43:10 INFO  State of operation 17901144 : PENDING
11:43:12 INFO  State of operation 17901144 : EXECUTING
11:43:15 INFO  State of operation 17901144 : EXECUTING
11:43:17 INFO  State of operation 17901144 : EXECUTING
11:43:19 INFO  State of operation 17901144 : EXECUTING
11:43:21 INFO  State of operation 17901144 : EXECUTING
11:43:24 INFO  State of operation 17901144 : EXECUTING
11:43:27 INFO  State of operation 17901144 : EXECUTING
11:43:29 INFO  State of operation 17901144 : EXECUTING
11:43:31 INFO  State of operation 17901144 : EXECUTING
11:43:34 INFO  State of operation 17901144 : EXECUTING
11:43:36 INFO  State of operation 17901144 : EXECUTING
11:43:38 INFO  State of operation 17901144 : EXECUTING
11:43:40 INFO  State of operation 17901144 : EXECUTING
11:43:43 INFO  State of operation 17901144 : EXECUTING
11:43:45 INFO  State of operation 17901144 : EXECUTING
11:43:47 INFO  State of operation 17901144 : EXECUTING
11:43:50 INFO  State of operation 17901144 : EXECUTING
11:43:52 INFO  State of operation 17901144 : EXECUTING
11:43:54 INFO  State of operation 17901144 : EXECUTING
11:43:57 INFO  State of operation 17901144 : EXECUTING
11:43:59 INFO  State of operation 17901144 : EXECUTING
11:44:02 INFO  State of operation 17901144 : EXECUTING
11:44:04 INFO  State of operation 17901144 : EXECUTING
11:44:07 INFO  State of operation 17901144 : EXECUTING
11:44:09 INFO  State of operation 17901144 : EXECUTING
11:44:11 INFO  State of operation 17901144 : EXECUTING
11:44:13 INFO  State of operation 17901144 : EXECUTING
11:44:15 INFO  State of operation 17901144 : EXECUTING
11:44:18 INFO  State of operation 17901144 : EXECUTING
11:44:20 INFO  State of operation 17901144 : EXECUTING
11:44:22 INFO  State of operation 17901144 : EXECUTING
11:44:24 INFO  State of operation 17901144 : EXECUTING
11:44:27 INFO  State of operation 17901144 : EXECUTING
11:44:29 INFO  State of operation 17901144 : SUCCESSFUL
11:44:29 INFO  Assert that (False == value) with value=False ... passed
11:44:29 INFO  Package asciijump is installed
11:44:29 INFO  Assert that (True == value) with value=True ... passed
11:44:30 INFO  Package squirrel3 is installed
11:44:30 INFO  Assert that (True == value) with value=True ... passed
11:44:30 INFO  Package robotfindskitten is installed
11:44:30 INFO  Assert that (True == value) with value=True ... passed
11:44:30 INFO  Response status: 201
11:44:30 INFO  Response to action: {
    &quot;creationTime&quot;: &quot;2022-04-28T11:44:30.601Z&quot;,
    &quot;deviceName&quot;: &quot;m32sd10d&quot;,
    &quot;deviceId&quot;: &quot;17889227&quot;,
    &quot;self&quot;: &quot;https://t493319102.eu-latest.cumulocity.com/devicecontrol/operations/17901152&quot;,
    &quot;id&quot;: &quot;17901152&quot;,
    &quot;status&quot;: &quot;PENDING&quot;,
    &quot;description&quot;: &quot;Apply software changes, triggered from PySys: [{'action': 'delete', 'id': '5475369', 'name': 'asciijump', 'url': ' ', 'version': '::apt'}, {'action': 'delete', 'id': '5474869', 'name': 'robotfindskitten', 'url': ' ', 'version': '::apt'}, {'action': 'delete', 'id': '5475279', 'name': 'squirrel3', 'url': ' ', 'version': '::apt'}]&quot;,
    &quot;c8y_SoftwareUpdate&quot;: [
        {
            &quot;name&quot;: &quot;asciijump&quot;,
            &quot;action&quot;: &quot;delete&quot;,
            &quot;id&quot;: &quot;5475369&quot;,
            &quot;version&quot;: &quot;::apt&quot;,
            &quot;url&quot;: &quot; &quot;
        },
        {
            &quot;name&quot;: &quot;robotfindskitten&quot;,
            &quot;action&quot;: &quot;delete&quot;,
            &quot;id&quot;: &quot;5474869&quot;,
            &quot;version&quot;: &quot;::apt&quot;,
            &quot;url&quot;: &quot; &quot;
        },
        {
            &quot;name&quot;: &quot;squirrel3&quot;,
            &quot;action&quot;: &quot;delete&quot;,
            &quot;id&quot;: &quot;5475279&quot;,
            &quot;version&quot;: &quot;::apt&quot;,
            &quot;url&quot;: &quot; &quot;
        }
    ]
}
11:44:30 INFO  Started operation: {'creationTime': '2022-04-28T11:44:30.601Z', 'deviceName': 'm32sd10d', 'deviceId': '17889227', 'self': 'https://t493319102.eu-latest.cumulocity.com/devicecontrol/operations/17901152', 'id': '17901152', 'status': 'PENDING', 'description': &quot;Apply software changes, triggered from PySys: [{'action': 'delete', 'id': '5475369', 'name': 'asciijump', 'url': ' ', 'version': '::apt'}, {'action': 'delete', 'id': '5474869', 'name': 'robotfindskitten', 'url': ' ', 'version': '::apt'}, {'action': 'delete', 'id': '5475279', 'name': 'squirrel3', 'url': ' ', 'version': '::apt'}]&quot;, 'c8y_SoftwareUpdate': [{'name': 'asciijump', 'action': 'delete', 'id': '5475369', 'version': '::apt', 'url': ' '}, {'name': 'robotfindskitten', 'action': 'delete', 'id': '5474869', 'version': '::apt', 'url': ' '}, {'name': 'squirrel3', 'action': 'delete', 'id': '5475279', 'version': '::apt', 'url': ' '}]}
11:44:32 INFO  State of operation 17901152 : PENDING
11:44:35 INFO  State of operation 17901152 : EXECUTING
11:44:37 INFO  State of operation 17901152 : EXECUTING
11:44:39 INFO  State of operation 17901152 : EXECUTING
11:44:41 INFO  State of operation 17901152 : EXECUTING
11:44:43 INFO  State of operation 17901152 : EXECUTING
11:44:46 INFO  State of operation 17901152 : EXECUTING
11:44:49 INFO  State of operation 17901152 : EXECUTING
11:44:51 INFO  State of operation 17901152 : EXECUTING
11:44:54 INFO  State of operation 17901152 : EXECUTING
11:44:56 INFO  State of operation 17901152 : EXECUTING
11:44:58 INFO  State of operation 17901152 : EXECUTING
11:45:00 INFO  State of operation 17901152 : EXECUTING
11:45:03 INFO  State of operation 17901152 : EXECUTING
11:45:05 INFO  State of operation 17901152 : EXECUTING
11:45:07 INFO  State of operation 17901152 : EXECUTING
11:45:10 INFO  State of operation 17901152 : EXECUTING
11:45:12 INFO  State of operation 17901152 : EXECUTING
11:45:15 INFO  State of operation 17901152 : EXECUTING
11:45:17 INFO  State of operation 17901152 : EXECUTING
11:45:19 INFO  State of operation 17901152 : EXECUTING
11:45:21 INFO  State of operation 17901152 : EXECUTING
11:45:23 INFO  State of operation 17901152 : EXECUTING
11:45:26 INFO  State of operation 17901152 : EXECUTING
11:45:28 INFO  State of operation 17901152 : EXECUTING
11:45:31 INFO  State of operation 17901152 : EXECUTING
11:45:33 INFO  State of operation 17901152 : EXECUTING
11:45:35 INFO  State of operation 17901152 : SUCCESSFUL
11:45:35 INFO  Assert that (False == value) with value=False ... passed
11:45:36 INFO  Assert that (False == value) with value=False ... passed
11:45:36 INFO  Assert that (False == value) with value=False ... passed
11:45:36 INFO  Assert that (False == value) with value=False ... passed
11:45:36 INFO  
11:45:36 INFO  cleanup:
11:45:40 INFO  Executed sudo&lt;tedge_disconnect_c8y&gt;, exit status 0
11:45:41 INFO  Executed systemctl&lt;serv_mapper5&gt;, exit status 3
11:45:41 INFO  
11:45:41 INFO  Test duration: 179.27 secs
11:45:41 INFO  Test final outcome:  FAILED
11:45:41 INFO  Test outcome reason: Assert that (False == value) with value=True
11:45:41 INFO  
</system-out>
	</testcase>
</testsuite>
