<?xml version="1.0" encoding="utf-8"?>
<testsuite failures="0" name="apt_remove" skipped="0" tests="1" time="65.86" timestamp="2022-04-25T21:43:07">
	<testcase classname="AptPluginRemoveDense" name="apt_remove"/>
</testsuite>
