<?xml version="1.0" encoding="utf-8"?>
<testsuite failures="0" name="apt_finalize" skipped="0" tests="1" time="151.29" timestamp="2022-04-25T21:36:06">
	<testcase classname="AptPluginFinalize" name="apt_finalize"/>
</testsuite>
