<?xml version="1.0" encoding="utf-8"?>
<testsuite failures="1" name="SoftwareManagement.sm_apt_install_remove_multiple" skipped="0" tests="1" time="195.43" timestamp="2022-05-02T11:10:14">
	<testcase classname="PySysTest" name="SoftwareManagement.sm_apt_install_remove_multiple">
		<failure message="FAILED: Assert that (False == value) with value=True" type="FAILED"/>
		<system-out>11:06:59 INFO  ==============================================================
11:06:59 INFO  Id:    SoftwareManagement.sm_apt_install_remove_multiple
11:06:59 INFO  Dir:   software_management_end_to_end/
11:06:59 INFO  Title: Validate end to end behaviour for the apt plugin for multiple packages
11:06:59 INFO  ==============================================================
11:06:59 INFO  Using sw id database: {'asciijump': '5475369', 'robotfindskitten': '5474869', 'squirrel3': '5475279', 'rolldice': '5152439', 'moon-buggy': '5439204', 'apple': '5495053', 'banana': '5494888', 'cherry': '5495382', 'watermelon': '5494510', 'registry': '8018911', 'hello-world': '8021526', 'docker/getting-started': '8021973', 'alpine': '7991792'}
11:06:59 INFO  EnvironmentC8y Setup
11:06:59 INFO  Executed systemctl&lt;serv_mapper1&gt;, exit status 3
11:07:00 INFO  Restarting mosquitto too frequently in the last 10 seconds. It was only up for 6 seconds
11:07:00 INFO  Delaying execution by 5 seconds
11:07:19 INFO  Executed sudo&lt;tedge_connect_c8y&gt;, exit status 0, duration 14 secs
11:07:20 INFO  Executed sudo&lt;tedge_connect_c8y_test&gt;, exit status 0
11:07:20 INFO  Executed systemctl&lt;serv_mosq2&gt;, exit status 0
11:07:21 INFO  Executed systemctl&lt;serv_mapper3&gt;, exit status 0
11:07:23 INFO  State of current operation: SUCCESSFUL
11:07:23 INFO  Assert that (False == value) with value=False ... passed
11:07:23 INFO  Assert that (False == value) with value=False ... passed
11:07:23 INFO  Assert that (False == value) with value=False ... passed
11:07:24 INFO  Package robotfindskitten is installed
11:07:24 WARN  Assert that (False == value) with value=True ... failed 
11:07:24 INFO  Response status: 201
11:07:24 INFO  Response to action: {
    &quot;delivery&quot;: {
        &quot;time&quot;: &quot;2022-05-02T11:07:24.367Z&quot;,
        &quot;log&quot;: [],
        &quot;status&quot;: &quot;PENDING&quot;
    },
    &quot;creationTime&quot;: &quot;2022-05-02T11:07:24.355Z&quot;,
    &quot;deviceName&quot;: &quot;m32sd10d&quot;,
    &quot;deviceId&quot;: &quot;18127040&quot;,
    &quot;self&quot;: &quot;https://t493319102.eu-latest.cumulocity.com/devicecontrol/operations/18152787&quot;,
    &quot;id&quot;: &quot;18152787&quot;,
    &quot;status&quot;: &quot;PENDING&quot;,
    &quot;description&quot;: &quot;Apply software changes, triggered from PySys: [{'action': 'install', 'id': '5475369', 'name': 'asciijump', 'url': ' ', 'version': '::apt'}, {'action': 'install', 'id': '5474869', 'name': 'robotfindskitten', 'url': ' ', 'version': '::apt'}, {'action': 'install', 'id': '5475279', 'name': 'squirrel3', 'url': ' ', 'version': '::apt'}]&quot;,
    &quot;c8y_SoftwareUpdate&quot;: [
        {
            &quot;name&quot;: &quot;asciijump&quot;,
            &quot;action&quot;: &quot;install&quot;,
            &quot;id&quot;: &quot;5475369&quot;,
            &quot;version&quot;: &quot;::apt&quot;,
            &quot;url&quot;: &quot; &quot;
        },
        {
            &quot;name&quot;: &quot;robotfindskitten&quot;,
            &quot;action&quot;: &quot;install&quot;,
            &quot;id&quot;: &quot;5474869&quot;,
            &quot;version&quot;: &quot;::apt&quot;,
            &quot;url&quot;: &quot; &quot;
        },
        {
            &quot;name&quot;: &quot;squirrel3&quot;,
            &quot;action&quot;: &quot;install&quot;,
            &quot;id&quot;: &quot;5475279&quot;,
            &quot;version&quot;: &quot;::apt&quot;,
            &quot;url&quot;: &quot; &quot;
        }
    ]
}
11:07:24 INFO  Started operation: {'delivery': {'time': '2022-05-02T11:07:24.367Z', 'log': [], 'status': 'PENDING'}, 'creationTime': '2022-05-02T11:07:24.355Z', 'deviceName': 'm32sd10d', 'deviceId': '18127040', 'self': 'https://t493319102.eu-latest.cumulocity.com/devicecontrol/operations/18152787', 'id': '18152787', 'status': 'PENDING', 'description': &quot;Apply software changes, triggered from PySys: [{'action': 'install', 'id': '5475369', 'name': 'asciijump', 'url': ' ', 'version': '::apt'}, {'action': 'install', 'id': '5474869', 'name': 'robotfindskitten', 'url': ' ', 'version': '::apt'}, {'action': 'install', 'id': '5475279', 'name': 'squirrel3', 'url': ' ', 'version': '::apt'}]&quot;, 'c8y_SoftwareUpdate': [{'name': 'asciijump', 'action': 'install', 'id': '5475369', 'version': '::apt', 'url': ' '}, {'name': 'robotfindskitten', 'action': 'install', 'id': '5474869', 'version': '::apt', 'url': ' '}, {'name': 'squirrel3', 'action': 'install', 'id': '5475279', 'version': '::apt', 'url': ' '}]}
11:07:26 INFO  State of operation 18152787 : PENDING
11:07:28 INFO  State of operation 18152787 : EXECUTING
11:07:31 INFO  State of operation 18152787 : EXECUTING
11:07:33 INFO  State of operation 18152787 : EXECUTING
11:07:35 INFO  State of operation 18152787 : EXECUTING
11:07:37 INFO  State of operation 18152787 : EXECUTING
11:07:40 INFO  State of operation 18152787 : EXECUTING
11:07:43 INFO  State of operation 18152787 : EXECUTING
11:07:45 INFO  State of operation 18152787 : EXECUTING
11:07:47 INFO  State of operation 18152787 : EXECUTING
11:07:50 INFO  State of operation 18152787 : EXECUTING
11:07:52 INFO  State of operation 18152787 : EXECUTING
11:07:59 INFO  State of operation 18152787 : EXECUTING
11:08:02 INFO  State of operation 18152787 : EXECUTING
11:08:04 INFO  State of operation 18152787 : EXECUTING
11:08:06 INFO  State of operation 18152787 : EXECUTING
11:08:09 INFO  State of operation 18152787 : EXECUTING
11:08:11 INFO  State of operation 18152787 : EXECUTING
11:08:14 INFO  State of operation 18152787 : EXECUTING
11:08:16 INFO  State of operation 18152787 : EXECUTING
11:08:18 INFO  State of operation 18152787 : EXECUTING
11:08:20 INFO  State of operation 18152787 : EXECUTING
11:08:23 INFO  State of operation 18152787 : EXECUTING
11:08:25 INFO  State of operation 18152787 : EXECUTING
11:08:28 INFO  State of operation 18152787 : EXECUTING
11:08:30 INFO  State of operation 18152787 : EXECUTING
11:08:33 INFO  State of operation 18152787 : EXECUTING
11:08:35 INFO  State of operation 18152787 : EXECUTING
11:08:38 INFO  State of operation 18152787 : EXECUTING
11:08:40 INFO  State of operation 18152787 : EXECUTING
11:08:42 INFO  State of operation 18152787 : EXECUTING
11:08:45 INFO  State of operation 18152787 : EXECUTING
11:08:47 INFO  State of operation 18152787 : EXECUTING
11:08:49 INFO  State of operation 18152787 : EXECUTING
11:08:51 INFO  State of operation 18152787 : SUCCESSFUL
11:08:52 INFO  Assert that (False == value) with value=False ... passed
11:08:52 INFO  Package asciijump is installed
11:08:52 INFO  Assert that (True == value) with value=True ... passed
11:08:52 INFO  Package squirrel3 is installed
11:08:52 INFO  Assert that (True == value) with value=True ... passed
11:08:52 INFO  Package robotfindskitten is installed
11:08:52 INFO  Assert that (True == value) with value=True ... passed
11:08:52 INFO  Response status: 201
11:08:52 INFO  Response to action: {
    &quot;delivery&quot;: {
        &quot;time&quot;: &quot;2022-05-02T11:08:52.951Z&quot;,
        &quot;log&quot;: [],
        &quot;status&quot;: &quot;PENDING&quot;
    },
    &quot;creationTime&quot;: &quot;2022-05-02T11:08:52.937Z&quot;,
    &quot;deviceName&quot;: &quot;m32sd10d&quot;,
    &quot;deviceId&quot;: &quot;18127040&quot;,
    &quot;self&quot;: &quot;https://t493319102.eu-latest.cumulocity.com/devicecontrol/operations/18152814&quot;,
    &quot;id&quot;: &quot;18152814&quot;,
    &quot;status&quot;: &quot;PENDING&quot;,
    &quot;description&quot;: &quot;Apply software changes, triggered from PySys: [{'action': 'delete', 'id': '5475369', 'name': 'asciijump', 'url': ' ', 'version': '::apt'}, {'action': 'delete', 'id': '5474869', 'name': 'robotfindskitten', 'url': ' ', 'version': '::apt'}, {'action': 'delete', 'id': '5475279', 'name': 'squirrel3', 'url': ' ', 'version': '::apt'}]&quot;,
    &quot;c8y_SoftwareUpdate&quot;: [
        {
            &quot;name&quot;: &quot;asciijump&quot;,
            &quot;action&quot;: &quot;delete&quot;,
            &quot;id&quot;: &quot;5475369&quot;,
            &quot;version&quot;: &quot;::apt&quot;,
            &quot;url&quot;: &quot; &quot;
        },
        {
            &quot;name&quot;: &quot;robotfindskitten&quot;,
            &quot;action&quot;: &quot;delete&quot;,
            &quot;id&quot;: &quot;5474869&quot;,
            &quot;version&quot;: &quot;::apt&quot;,
            &quot;url&quot;: &quot; &quot;
        },
        {
            &quot;name&quot;: &quot;squirrel3&quot;,
            &quot;action&quot;: &quot;delete&quot;,
            &quot;id&quot;: &quot;5475279&quot;,
            &quot;version&quot;: &quot;::apt&quot;,
            &quot;url&quot;: &quot; &quot;
        }
    ]
}
11:08:52 INFO  Started operation: {'delivery': {'time': '2022-05-02T11:08:52.951Z', 'log': [], 'status': 'PENDING'}, 'creationTime': '2022-05-02T11:08:52.937Z', 'deviceName': 'm32sd10d', 'deviceId': '18127040', 'self': 'https://t493319102.eu-latest.cumulocity.com/devicecontrol/operations/18152814', 'id': '18152814', 'status': 'PENDING', 'description': &quot;Apply software changes, triggered from PySys: [{'action': 'delete', 'id': '5475369', 'name': 'asciijump', 'url': ' ', 'version': '::apt'}, {'action': 'delete', 'id': '5474869', 'name': 'robotfindskitten', 'url': ' ', 'version': '::apt'}, {'action': 'delete', 'id': '5475279', 'name': 'squirrel3', 'url': ' ', 'version': '::apt'}]&quot;, 'c8y_SoftwareUpdate': [{'name': 'asciijump', 'action': 'delete', 'id': '5475369', 'version': '::apt', 'url': ' '}, {'name': 'robotfindskitten', 'action': 'delete', 'id': '5474869', 'version': '::apt', 'url': ' '}, {'name': 'squirrel3', 'action': 'delete', 'id': '5475279', 'version': '::apt', 'url': ' '}]}
11:08:55 INFO  State of operation 18152814 : PENDING
11:08:57 INFO  State of operation 18152814 : EXECUTING
11:08:59 INFO  State of operation 18152814 : EXECUTING
11:09:01 INFO  State of operation 18152814 : EXECUTING
11:09:04 INFO  State of operation 18152814 : EXECUTING
11:09:06 INFO  State of operation 18152814 : EXECUTING
11:09:09 INFO  State of operation 18152814 : EXECUTING
11:09:12 INFO  State of operation 18152814 : EXECUTING
11:09:14 INFO  State of operation 18152814 : EXECUTING
11:09:17 INFO  State of operation 18152814 : EXECUTING
11:09:19 INFO  State of operation 18152814 : EXECUTING
11:09:21 INFO  State of operation 18152814 : EXECUTING
11:09:23 INFO  State of operation 18152814 : EXECUTING
11:09:26 INFO  State of operation 18152814 : EXECUTING
11:09:28 INFO  State of operation 18152814 : EXECUTING
11:09:30 INFO  State of operation 18152814 : EXECUTING
11:09:32 INFO  State of operation 18152814 : EXECUTING
11:09:35 INFO  State of operation 18152814 : EXECUTING
11:09:37 INFO  State of operation 18152814 : EXECUTING
11:09:40 INFO  State of operation 18152814 : EXECUTING
11:09:42 INFO  State of operation 18152814 : EXECUTING
11:09:44 INFO  State of operation 18152814 : EXECUTING
11:09:47 INFO  State of operation 18152814 : EXECUTING
11:09:49 INFO  State of operation 18152814 : EXECUTING
11:09:51 INFO  State of operation 18152814 : EXECUTING
11:09:53 INFO  State of operation 18152814 : EXECUTING
11:09:56 INFO  State of operation 18152814 : EXECUTING
11:09:59 INFO  State of operation 18152814 : EXECUTING
11:10:02 INFO  State of operation 18152814 : EXECUTING
11:10:04 INFO  State of operation 18152814 : EXECUTING
11:10:06 INFO  State of operation 18152814 : EXECUTING
11:10:08 INFO  State of operation 18152814 : SUCCESSFUL
11:10:09 INFO  Assert that (False == value) with value=False ... passed
11:10:09 INFO  Assert that (False == value) with value=False ... passed
11:10:09 INFO  Assert that (False == value) with value=False ... passed
11:10:09 INFO  Assert that (False == value) with value=False ... passed
11:10:09 INFO  
11:10:09 INFO  cleanup:
11:10:14 INFO  Executed sudo&lt;tedge_disconnect_c8y&gt;, exit status 0
11:10:14 INFO  Executed systemctl&lt;serv_mapper5&gt;, exit status 3
11:10:14 INFO  
11:10:14 INFO  Test duration: 195.43 secs
11:10:14 INFO  Test final outcome:  FAILED
11:10:14 INFO  Test outcome reason: Assert that (False == value) with value=True
11:10:14 INFO  
</system-out>
	</testcase>
</testsuite>
