<?xml version="1.0" encoding="utf-8"?>
<testsuite failures="1" name="SoftwareManagement.sm_apt_install_remove_multiple_mixed" skipped="0" tests="1" time="178.62" timestamp="2022-04-27T13:56:57">
	<testcase classname="PySysTest" name="SoftwareManagement.sm_apt_install_remove_multiple_mixed">
		<failure message="BLOCKED: SystemError: Timeout while waiting for status SUCCESSFUL or False" type="BLOCKED"/>
		<system-out>13:53:58 INFO  ==============================================================
13:53:58 INFO  Id:    SoftwareManagement.sm_apt_install_remove_multiple_mixed
13:53:58 INFO  Dir:   software_management_end_to_end/
13:53:58 INFO  Title: Validate end to end behaviour for the apt plugin for multiple packages with mixed versions
13:53:58 INFO  ==============================================================
13:53:58 INFO  Using sw id database: {'asciijump': '5475369', 'robotfindskitten': '5474869', 'squirrel3': '5475279', 'rolldice': '5152439', 'moon-buggy': '5439204', 'apple': '5495053', 'banana': '5494888', 'cherry': '5495382', 'watermelon': '5494510', 'registry': '8018911', 'hello-world': '8021526', 'docker/getting-started': '8021973', 'alpine': '7991792'}
13:53:58 INFO  EnvironmentC8y Setup
13:53:59 INFO  Executed systemctl&lt;serv_mapper1&gt;, exit status 3
13:53:59 INFO  Restarting mosquitto too frequently in the last 10 seconds. It was only up for 5 seconds
13:53:59 INFO  Delaying execution by 6 seconds
13:54:19 INFO  Executed sudo&lt;tedge_connect_c8y&gt;, exit status 0, duration 13 secs
13:54:19 INFO  Executed sudo&lt;tedge_connect_c8y_test&gt;, exit status 0
13:54:20 INFO  Executed systemctl&lt;serv_mosq2&gt;, exit status 0
13:54:20 INFO  Executed systemctl&lt;serv_mapper3&gt;, exit status 0
13:54:22 INFO  State of current operation: SUCCESSFUL
13:54:23 INFO  Assert that (False == value) with value=False ... passed
13:54:23 INFO  Assert that (False == value) with value=False ... passed
13:54:23 INFO  Assert that (False == value) with value=False ... passed
13:54:23 INFO  Assert that (False == value) with value=False ... passed
13:54:24 INFO  Assert that (False == value) with value=False ... passed
13:54:25 INFO  Response status: 201
13:54:25 INFO  Response to action: {
    &quot;creationTime&quot;: &quot;2022-04-27T13:54:25.174Z&quot;,
    &quot;deviceName&quot;: &quot;m32sd10d&quot;,
    &quot;deviceId&quot;: &quot;17770515&quot;,
    &quot;self&quot;: &quot;https://t493319102.eu-latest.cumulocity.com/devicecontrol/operations/17788105&quot;,
    &quot;id&quot;: &quot;17788105&quot;,
    &quot;status&quot;: &quot;PENDING&quot;,
    &quot;description&quot;: &quot;Apply software changes, triggered from PySys: [{'action': 'install', 'id': '5475369', 'name': 'asciijump', 'url': ' ', 'version': '::apt'}, {'action': 'install', 'id': '5474869', 'name': 'robotfindskitten', 'url': ' ', 'version': ' '}, {'action': 'install', 'id': '5475279', 'name': 'squirrel3', 'url': ' ', 'version': '3.1-7::apt'}, {'action': 'install', 'id': '5152439', 'name': 'rolldice', 'url': ' ', 'version': '1.16-1+b1'}, {'action': 'install', 'id': '5439204', 'name': 'moon-buggy', 'url': ' ', 'version': '1:1.0.51-12'}, {'action': 'install', 'id': '5475369', 'name': 'asciijump', 'url': ' ', 'version': '::apt'}]&quot;,
    &quot;c8y_SoftwareUpdate&quot;: [
        {
            &quot;name&quot;: &quot;asciijump&quot;,
            &quot;action&quot;: &quot;install&quot;,
            &quot;id&quot;: &quot;5475369&quot;,
            &quot;version&quot;: &quot;::apt&quot;,
            &quot;url&quot;: &quot; &quot;
        },
        {
            &quot;name&quot;: &quot;robotfindskitten&quot;,
            &quot;action&quot;: &quot;install&quot;,
            &quot;id&quot;: &quot;5474869&quot;,
            &quot;version&quot;: &quot; &quot;,
            &quot;url&quot;: &quot; &quot;
        },
        {
            &quot;name&quot;: &quot;squirrel3&quot;,
            &quot;action&quot;: &quot;install&quot;,
            &quot;id&quot;: &quot;5475279&quot;,
            &quot;version&quot;: &quot;3.1-7::apt&quot;,
            &quot;url&quot;: &quot; &quot;
        },
        {
            &quot;name&quot;: &quot;rolldice&quot;,
            &quot;action&quot;: &quot;install&quot;,
            &quot;id&quot;: &quot;5152439&quot;,
            &quot;version&quot;: &quot;1.16-1+b1&quot;,
            &quot;url&quot;: &quot; &quot;
        },
        {
            &quot;name&quot;: &quot;moon-buggy&quot;,
            &quot;action&quot;: &quot;install&quot;,
            &quot;id&quot;: &quot;5439204&quot;,
            &quot;version&quot;: &quot;1:1.0.51-12&quot;,
            &quot;url&quot;: &quot; &quot;
        },
        {
            &quot;name&quot;: &quot;asciijump&quot;,
            &quot;action&quot;: &quot;install&quot;,
            &quot;id&quot;: &quot;5475369&quot;,
            &quot;version&quot;: &quot;::apt&quot;,
            &quot;url&quot;: &quot; &quot;
        }
    ]
}
13:54:25 INFO  Started operation: {'creationTime': '2022-04-27T13:54:25.174Z', 'deviceName': 'm32sd10d', 'deviceId': '17770515', 'self': 'https://t493319102.eu-latest.cumulocity.com/devicecontrol/operations/17788105', 'id': '17788105', 'status': 'PENDING', 'description': &quot;Apply software changes, triggered from PySys: [{'action': 'install', 'id': '5475369', 'name': 'asciijump', 'url': ' ', 'version': '::apt'}, {'action': 'install', 'id': '5474869', 'name': 'robotfindskitten', 'url': ' ', 'version': ' '}, {'action': 'install', 'id': '5475279', 'name': 'squirrel3', 'url': ' ', 'version': '3.1-7::apt'}, {'action': 'install', 'id': '5152439', 'name': 'rolldice', 'url': ' ', 'version': '1.16-1+b1'}, {'action': 'install', 'id': '5439204', 'name': 'moon-buggy', 'url': ' ', 'version': '1:1.0.51-12'}, {'action': 'install', 'id': '5475369', 'name': 'asciijump', 'url': ' ', 'version': '::apt'}]&quot;, 'c8y_SoftwareUpdate': [{'name': 'asciijump', 'action': 'install', 'id': '5475369', 'version': '::apt', 'url': ' '}, {'name': 'robotfindskitten', 'action': 'install', 'id': '5474869', 'version': ' ', 'url': ' '}, {'name': 'squirrel3', 'action': 'install', 'id': '5475279', 'version': '3.1-7::apt', 'url': ' '}, {'name': 'rolldice', 'action': 'install', 'id': '5152439', 'version': '1.16-1+b1', 'url': ' '}, {'name': 'moon-buggy', 'action': 'install', 'id': '5439204', 'version': '1:1.0.51-12', 'url': ' '}, {'name': 'asciijump', 'action': 'install', 'id': '5475369', 'version': '::apt', 'url': ' '}]}
13:54:27 INFO  State of operation 17788105 : PENDING
13:54:29 INFO  State of operation 17788105 : EXECUTING
13:54:31 INFO  State of operation 17788105 : EXECUTING
13:54:34 INFO  State of operation 17788105 : EXECUTING
13:54:36 INFO  State of operation 17788105 : EXECUTING
13:54:38 INFO  State of operation 17788105 : EXECUTING
13:54:41 INFO  State of operation 17788105 : EXECUTING
13:54:44 INFO  State of operation 17788105 : EXECUTING
13:54:46 INFO  State of operation 17788105 : EXECUTING
13:54:48 INFO  State of operation 17788105 : EXECUTING
13:54:50 INFO  State of operation 17788105 : EXECUTING
13:54:53 INFO  State of operation 17788105 : EXECUTING
13:54:55 INFO  State of operation 17788105 : EXECUTING
13:54:57 INFO  State of operation 17788105 : EXECUTING
13:54:59 INFO  State of operation 17788105 : EXECUTING
13:55:02 INFO  State of operation 17788105 : EXECUTING
13:55:04 INFO  State of operation 17788105 : EXECUTING
13:55:07 INFO  State of operation 17788105 : EXECUTING
13:55:09 INFO  State of operation 17788105 : EXECUTING
13:55:11 INFO  State of operation 17788105 : EXECUTING
13:55:13 INFO  State of operation 17788105 : EXECUTING
13:55:16 INFO  State of operation 17788105 : EXECUTING
13:55:18 INFO  State of operation 17788105 : EXECUTING
13:55:20 INFO  State of operation 17788105 : EXECUTING
13:55:23 INFO  State of operation 17788105 : EXECUTING
13:55:26 INFO  State of operation 17788105 : EXECUTING
13:55:28 INFO  State of operation 17788105 : EXECUTING
13:55:31 INFO  State of operation 17788105 : EXECUTING
13:55:33 INFO  State of operation 17788105 : EXECUTING
13:55:35 INFO  State of operation 17788105 : EXECUTING
13:55:38 INFO  State of operation 17788105 : EXECUTING
13:55:40 INFO  State of operation 17788105 : EXECUTING
13:55:42 INFO  State of operation 17788105 : EXECUTING
13:55:45 INFO  State of operation 17788105 : EXECUTING
13:55:47 INFO  State of operation 17788105 : EXECUTING
13:55:49 INFO  State of operation 17788105 : EXECUTING
13:55:51 INFO  State of operation 17788105 : EXECUTING
13:55:54 INFO  State of operation 17788105 : EXECUTING
13:55:56 INFO  State of operation 17788105 : EXECUTING
13:55:59 INFO  State of operation 17788105 : EXECUTING
13:56:01 INFO  State of operation 17788105 : EXECUTING
13:56:04 INFO  State of operation 17788105 : EXECUTING
13:56:06 INFO  State of operation 17788105 : EXECUTING
13:56:08 INFO  State of operation 17788105 : EXECUTING
13:56:10 INFO  State of operation 17788105 : EXECUTING
13:56:12 INFO  State of operation 17788105 : EXECUTING
13:56:15 INFO  State of operation 17788105 : EXECUTING
13:56:17 INFO  State of operation 17788105 : EXECUTING
13:56:19 INFO  State of operation 17788105 : EXECUTING
13:56:22 INFO  State of operation 17788105 : EXECUTING
13:56:24 INFO  State of operation 17788105 : EXECUTING
13:56:26 INFO  State of operation 17788105 : EXECUTING
13:56:29 INFO  State of operation 17788105 : EXECUTING
13:56:31 INFO  State of operation 17788105 : EXECUTING
13:56:33 INFO  State of operation 17788105 : EXECUTING
13:56:36 INFO  State of operation 17788105 : EXECUTING
13:56:38 INFO  State of operation 17788105 : EXECUTING
13:56:41 INFO  State of operation 17788105 : EXECUTING
13:56:43 INFO  State of operation 17788105 : EXECUTING
13:56:45 INFO  State of operation 17788105 : EXECUTING
13:56:48 INFO  State of operation 17788105 : EXECUTING
13:56:50 WARN  SystemError occurred while running test - Timeout while waiting for status SUCCESSFUL or False
Traceback (most recent call last):
  File &quot;/home/pi/env-pysys/lib/python3.7/site-packages/pysys/baserunner.py&quot;, line 1294, in __call__
    self.testObj.execute()
  File &quot;/home/pi/actions-runner/_work/thin-edge.io/thin-edge.io/tests/PySys/software_management_end_to_end/sm_apt_install_remove_multiple_mixed/run.py&quot;, line 89, in execute
    self.wait_until_succcess()
  File &quot;/home/pi/actions-runner/_work/thin-edge.io/thin-edge.io/tests/PySys/software_management_end_to_end/environment_sm_management.py&quot;, line 324, in wait_until_succcess
    self.wait_until_status(&quot;SUCCESSFUL&quot;)
  File &quot;/home/pi/actions-runner/_work/thin-edge.io/thin-edge.io/tests/PySys/software_management_end_to_end/environment_sm_management.py&quot;, line 381, in wait_until_status
    &quot;Timeout while waiting for status %s or %s&quot; % (status, status2)
SystemError: Timeout while waiting for status SUCCESSFUL or False
13:56:50 WARN  SystemError: Timeout while waiting for status SUCCESSFUL or False ... blocked 
13:56:50 INFO  
13:56:50 INFO  cleanup:
13:56:56 INFO  Executed sudo&lt;tedge_disconnect_c8y&gt;, exit status 0
13:56:57 INFO  Executed systemctl&lt;serv_mapper5&gt;, exit status 3
13:56:57 INFO  
13:56:57 INFO  Test duration: 178.62 secs
13:56:57 INFO  Test final outcome:  BLOCKED
13:56:57 INFO  Test outcome reason: SystemError: Timeout while waiting for status SUCCESSFUL or False
13:56:57 INFO  
</system-out>
	</testcase>
</testsuite>
