<?xml version="1.0" encoding="utf-8"?>
<testsuite failures="0" name="apt_install_local_file_with_version" skipped="0" tests="1" time="55.92" timestamp="2022-05-11T10:31:35">
	<testcase classname="AptPluginInstallFromLocalFileWithVersion" name="apt_install_local_file_with_version"/>
</testsuite>
