<?xml version="1.0" encoding="utf-8"?>
<testsuite failures="0" name="apt_prepare" skipped="0" tests="1" time="22.17" timestamp="2022-04-28T08:40:07">
	<testcase classname="AptPluginPrepare" name="apt_prepare"/>
</testsuite>
