<?xml version="1.0" encoding="utf-8"?>
<testsuite failures="1" name="SoftwareManagement.sm_apt_install_remove_multiple" skipped="0" tests="1" time="179.63" timestamp="2022-04-28T13:06:13">
	<testcase classname="PySysTest" name="SoftwareManagement.sm_apt_install_remove_multiple">
		<failure message="FAILED: Assert that (False == value) with value=True" type="FAILED"/>
		<system-out>13:03:14 INFO  ==============================================================
13:03:14 INFO  Id:    SoftwareManagement.sm_apt_install_remove_multiple
13:03:14 INFO  Dir:   software_management_end_to_end/
13:03:14 INFO  Title: Validate end to end behaviour for the apt plugin for multiple packages
13:03:14 INFO  ==============================================================
13:03:14 INFO  Using sw id database: {'asciijump': '5475369', 'robotfindskitten': '5474869', 'squirrel3': '5475279', 'rolldice': '5152439', 'moon-buggy': '5439204', 'apple': '5495053', 'banana': '5494888', 'cherry': '5495382', 'watermelon': '5494510', 'registry': '8018911', 'hello-world': '8021526', 'docker/getting-started': '8021973', 'alpine': '7991792'}
13:03:14 INFO  EnvironmentC8y Setup
13:03:14 INFO  Executed systemctl&lt;serv_mapper1&gt;, exit status 3
13:03:14 INFO  Restarting mosquitto too frequently in the last 10 seconds. It was only up for 4 seconds
13:03:14 INFO  Delaying execution by 7 seconds
13:03:35 INFO  Executed sudo&lt;tedge_connect_c8y&gt;, exit status 0, duration 13 secs
13:03:36 INFO  Executed sudo&lt;tedge_connect_c8y_test&gt;, exit status 0
13:03:36 INFO  Executed systemctl&lt;serv_mosq2&gt;, exit status 0
13:03:37 INFO  Executed systemctl&lt;serv_mapper3&gt;, exit status 0
13:03:39 INFO  State of current operation: SUCCESSFUL
13:03:39 INFO  Assert that (False == value) with value=False ... passed
13:03:40 INFO  Assert that (False == value) with value=False ... passed
13:03:40 INFO  Assert that (False == value) with value=False ... passed
13:03:40 INFO  Package robotfindskitten is installed
13:03:40 WARN  Assert that (False == value) with value=True ... failed 
13:03:40 INFO  Response status: 201
13:03:40 INFO  Response to action: {
    &quot;delivery&quot;: {
        &quot;time&quot;: &quot;2022-04-28T13:03:40.707Z&quot;,
        &quot;log&quot;: [],
        &quot;status&quot;: &quot;PENDING&quot;
    },
    &quot;creationTime&quot;: &quot;2022-04-28T13:03:40.691Z&quot;,
    &quot;deviceName&quot;: &quot;m32sd10d&quot;,
    &quot;deviceId&quot;: &quot;17889227&quot;,
    &quot;self&quot;: &quot;https://t493319102.eu-latest.cumulocity.com/devicecontrol/operations/17910897&quot;,
    &quot;id&quot;: &quot;17910897&quot;,
    &quot;status&quot;: &quot;PENDING&quot;,
    &quot;description&quot;: &quot;Apply software changes, triggered from PySys: [{'action': 'install', 'id': '5475369', 'name': 'asciijump', 'url': ' ', 'version': '::apt'}, {'action': 'install', 'id': '5474869', 'name': 'robotfindskitten', 'url': ' ', 'version': '::apt'}, {'action': 'install', 'id': '5475279', 'name': 'squirrel3', 'url': ' ', 'version': '::apt'}]&quot;,
    &quot;c8y_SoftwareUpdate&quot;: [
        {
            &quot;name&quot;: &quot;asciijump&quot;,
            &quot;action&quot;: &quot;install&quot;,
            &quot;id&quot;: &quot;5475369&quot;,
            &quot;version&quot;: &quot;::apt&quot;,
            &quot;url&quot;: &quot; &quot;
        },
        {
            &quot;name&quot;: &quot;robotfindskitten&quot;,
            &quot;action&quot;: &quot;install&quot;,
            &quot;id&quot;: &quot;5474869&quot;,
            &quot;version&quot;: &quot;::apt&quot;,
            &quot;url&quot;: &quot; &quot;
        },
        {
            &quot;name&quot;: &quot;squirrel3&quot;,
            &quot;action&quot;: &quot;install&quot;,
            &quot;id&quot;: &quot;5475279&quot;,
            &quot;version&quot;: &quot;::apt&quot;,
            &quot;url&quot;: &quot; &quot;
        }
    ]
}
13:03:40 INFO  Started operation: {'delivery': {'time': '2022-04-28T13:03:40.707Z', 'log': [], 'status': 'PENDING'}, 'creationTime': '2022-04-28T13:03:40.691Z', 'deviceName': 'm32sd10d', 'deviceId': '17889227', 'self': 'https://t493319102.eu-latest.cumulocity.com/devicecontrol/operations/17910897', 'id': '17910897', 'status': 'PENDING', 'description': &quot;Apply software changes, triggered from PySys: [{'action': 'install', 'id': '5475369', 'name': 'asciijump', 'url': ' ', 'version': '::apt'}, {'action': 'install', 'id': '5474869', 'name': 'robotfindskitten', 'url': ' ', 'version': '::apt'}, {'action': 'install', 'id': '5475279', 'name': 'squirrel3', 'url': ' ', 'version': '::apt'}]&quot;, 'c8y_SoftwareUpdate': [{'name': 'asciijump', 'action': 'install', 'id': '5475369', 'version': '::apt', 'url': ' '}, {'name': 'robotfindskitten', 'action': 'install', 'id': '5474869', 'version': '::apt', 'url': ' '}, {'name': 'squirrel3', 'action': 'install', 'id': '5475279', 'version': '::apt', 'url': ' '}]}
13:03:42 INFO  State of operation 17910897 : PENDING
13:03:45 INFO  State of operation 17910897 : EXECUTING
13:03:47 INFO  State of operation 17910897 : EXECUTING
13:03:49 INFO  State of operation 17910897 : EXECUTING
13:03:51 INFO  State of operation 17910897 : EXECUTING
13:03:54 INFO  State of operation 17910897 : EXECUTING
13:03:56 INFO  State of operation 17910897 : EXECUTING
13:03:59 INFO  State of operation 17910897 : EXECUTING
13:04:02 INFO  State of operation 17910897 : EXECUTING
13:04:09 INFO  State of operation 17910897 : EXECUTING
13:04:11 INFO  State of operation 17910897 : EXECUTING
13:04:13 INFO  State of operation 17910897 : EXECUTING
13:04:16 INFO  State of operation 17910897 : EXECUTING
13:04:18 INFO  State of operation 17910897 : EXECUTING
13:04:20 INFO  State of operation 17910897 : EXECUTING
13:04:23 INFO  State of operation 17910897 : EXECUTING
13:04:25 INFO  State of operation 17910897 : EXECUTING
13:04:27 INFO  State of operation 17910897 : EXECUTING
13:04:30 INFO  State of operation 17910897 : EXECUTING
13:04:32 INFO  State of operation 17910897 : EXECUTING
13:04:35 INFO  State of operation 17910897 : EXECUTING
13:04:37 INFO  State of operation 17910897 : EXECUTING
13:04:39 INFO  State of operation 17910897 : EXECUTING
13:04:42 INFO  State of operation 17910897 : EXECUTING
13:04:44 INFO  State of operation 17910897 : EXECUTING
13:04:47 INFO  State of operation 17910897 : EXECUTING
13:04:50 INFO  State of operation 17910897 : EXECUTING
13:04:52 INFO  State of operation 17910897 : EXECUTING
13:04:54 INFO  State of operation 17910897 : EXECUTING
13:04:57 INFO  State of operation 17910897 : EXECUTING
13:04:59 INFO  State of operation 17910897 : EXECUTING
13:05:01 INFO  State of operation 17910897 : SUCCESSFUL
13:05:01 INFO  Assert that (False == value) with value=False ... passed
13:05:01 INFO  Package asciijump is installed
13:05:01 INFO  Assert that (True == value) with value=True ... passed
13:05:02 INFO  Package squirrel3 is installed
13:05:02 INFO  Assert that (True == value) with value=True ... passed
13:05:02 INFO  Package robotfindskitten is installed
13:05:02 INFO  Assert that (True == value) with value=True ... passed
13:05:02 INFO  Response status: 201
13:05:02 INFO  Response to action: {
    &quot;delivery&quot;: {
        &quot;time&quot;: &quot;2022-04-28T13:05:02.602Z&quot;,
        &quot;log&quot;: [],
        &quot;status&quot;: &quot;PENDING&quot;
    },
    &quot;creationTime&quot;: &quot;2022-04-28T13:05:02.588Z&quot;,
    &quot;deviceName&quot;: &quot;m32sd10d&quot;,
    &quot;deviceId&quot;: &quot;17889227&quot;,
    &quot;self&quot;: &quot;https://t493319102.eu-latest.cumulocity.com/devicecontrol/operations/17910909&quot;,
    &quot;id&quot;: &quot;17910909&quot;,
    &quot;status&quot;: &quot;PENDING&quot;,
    &quot;description&quot;: &quot;Apply software changes, triggered from PySys: [{'action': 'delete', 'id': '5475369', 'name': 'asciijump', 'url': ' ', 'version': '::apt'}, {'action': 'delete', 'id': '5474869', 'name': 'robotfindskitten', 'url': ' ', 'version': '::apt'}, {'action': 'delete', 'id': '5475279', 'name': 'squirrel3', 'url': ' ', 'version': '::apt'}]&quot;,
    &quot;c8y_SoftwareUpdate&quot;: [
        {
            &quot;name&quot;: &quot;asciijump&quot;,
            &quot;action&quot;: &quot;delete&quot;,
            &quot;id&quot;: &quot;5475369&quot;,
            &quot;version&quot;: &quot;::apt&quot;,
            &quot;url&quot;: &quot; &quot;
        },
        {
            &quot;name&quot;: &quot;robotfindskitten&quot;,
            &quot;action&quot;: &quot;delete&quot;,
            &quot;id&quot;: &quot;5474869&quot;,
            &quot;version&quot;: &quot;::apt&quot;,
            &quot;url&quot;: &quot; &quot;
        },
        {
            &quot;name&quot;: &quot;squirrel3&quot;,
            &quot;action&quot;: &quot;delete&quot;,
            &quot;id&quot;: &quot;5475279&quot;,
            &quot;version&quot;: &quot;::apt&quot;,
            &quot;url&quot;: &quot; &quot;
        }
    ]
}
13:05:02 INFO  Started operation: {'delivery': {'time': '2022-04-28T13:05:02.602Z', 'log': [], 'status': 'PENDING'}, 'creationTime': '2022-04-28T13:05:02.588Z', 'deviceName': 'm32sd10d', 'deviceId': '17889227', 'self': 'https://t493319102.eu-latest.cumulocity.com/devicecontrol/operations/17910909', 'id': '17910909', 'status': 'PENDING', 'description': &quot;Apply software changes, triggered from PySys: [{'action': 'delete', 'id': '5475369', 'name': 'asciijump', 'url': ' ', 'version': '::apt'}, {'action': 'delete', 'id': '5474869', 'name': 'robotfindskitten', 'url': ' ', 'version': '::apt'}, {'action': 'delete', 'id': '5475279', 'name': 'squirrel3', 'url': ' ', 'version': '::apt'}]&quot;, 'c8y_SoftwareUpdate': [{'name': 'asciijump', 'action': 'delete', 'id': '5475369', 'version': '::apt', 'url': ' '}, {'name': 'robotfindskitten', 'action': 'delete', 'id': '5474869', 'version': '::apt', 'url': ' '}, {'name': 'squirrel3', 'action': 'delete', 'id': '5475279', 'version': '::apt', 'url': ' '}]}
13:05:04 INFO  State of operation 17910909 : PENDING
13:05:07 INFO  State of operation 17910909 : EXECUTING
13:05:09 INFO  State of operation 17910909 : EXECUTING
13:05:11 INFO  State of operation 17910909 : EXECUTING
13:05:13 INFO  State of operation 17910909 : EXECUTING
13:05:15 INFO  State of operation 17910909 : EXECUTING
13:05:18 INFO  State of operation 17910909 : EXECUTING
13:05:21 INFO  State of operation 17910909 : EXECUTING
13:05:24 INFO  State of operation 17910909 : EXECUTING
13:05:26 INFO  State of operation 17910909 : EXECUTING
13:05:28 INFO  State of operation 17910909 : EXECUTING
13:05:30 INFO  State of operation 17910909 : EXECUTING
13:05:33 INFO  State of operation 17910909 : EXECUTING
13:05:35 INFO  State of operation 17910909 : EXECUTING
13:05:37 INFO  State of operation 17910909 : EXECUTING
13:05:40 INFO  State of operation 17910909 : EXECUTING
13:05:42 INFO  State of operation 17910909 : EXECUTING
13:05:45 INFO  State of operation 17910909 : EXECUTING
13:05:47 INFO  State of operation 17910909 : EXECUTING
13:05:49 INFO  State of operation 17910909 : EXECUTING
13:05:51 INFO  State of operation 17910909 : EXECUTING
13:05:54 INFO  State of operation 17910909 : EXECUTING
13:05:56 INFO  State of operation 17910909 : EXECUTING
13:05:59 INFO  State of operation 17910909 : EXECUTING
13:06:01 INFO  State of operation 17910909 : EXECUTING
13:06:03 INFO  State of operation 17910909 : EXECUTING
13:06:06 INFO  State of operation 17910909 : EXECUTING
13:06:08 INFO  State of operation 17910909 : SUCCESSFUL
13:06:08 INFO  Assert that (False == value) with value=False ... passed
13:06:08 INFO  Assert that (False == value) with value=False ... passed
13:06:08 INFO  Assert that (False == value) with value=False ... passed
13:06:09 INFO  Assert that (False == value) with value=False ... passed
13:06:09 INFO  
13:06:09 INFO  cleanup:
13:06:13 INFO  Executed sudo&lt;tedge_disconnect_c8y&gt;, exit status 0
13:06:13 INFO  Executed systemctl&lt;serv_mapper5&gt;, exit status 3
13:06:13 INFO  
13:06:13 INFO  Test duration: 179.63 secs
13:06:13 INFO  Test final outcome:  FAILED
13:06:13 INFO  Test outcome reason: Assert that (False == value) with value=True
13:06:13 INFO  
</system-out>
	</testcase>
</testsuite>
