<?xml version="1.0" encoding="utf-8"?>
<testsuite failures="1" name="SoftwareManagement.sm_apt_install_remove_multiple" skipped="0" tests="1" time="178.58" timestamp="2022-05-12T09:38:10">
	<testcase classname="PySysTest" name="SoftwareManagement.sm_apt_install_remove_multiple">
		<failure message="FAILED: Assert that (False == value) with value=True" type="FAILED"/>
		<system-out>09:35:11 INFO  ==============================================================
09:35:11 INFO  Id:    SoftwareManagement.sm_apt_install_remove_multiple
09:35:11 INFO  Dir:   software_management_end_to_end/
09:35:11 INFO  Title: Validate end to end behaviour for the apt plugin for multiple packages
09:35:11 INFO  ==============================================================
09:35:11 INFO  Using sw id database: {'asciijump': '5475369', 'robotfindskitten': '5474869', 'squirrel3': '5475279', 'rolldice': '5152439', 'moon-buggy': '5439204', 'apple': '5495053', 'banana': '5494888', 'cherry': '5495382', 'watermelon': '5494510', 'registry': '8018911', 'hello-world': '8021526', 'docker/getting-started': '8021973', 'alpine': '7991792'}
09:35:11 INFO  EnvironmentC8y Setup
09:35:12 INFO  Executed systemctl&lt;serv_mapper1&gt;, exit status 3
09:35:12 INFO  Restarting mosquitto too frequently in the last 10 seconds. It was only up for 5 seconds
09:35:12 INFO  Delaying execution by 6 seconds
09:35:32 INFO  Executed sudo&lt;tedge_connect_c8y&gt;, exit status 0, duration 13 secs
09:35:32 INFO  Executed sudo&lt;tedge_connect_c8y_test&gt;, exit status 0
09:35:33 INFO  Executed systemctl&lt;serv_mosq2&gt;, exit status 0
09:35:33 INFO  Executed systemctl&lt;serv_mapper3&gt;, exit status 0
09:35:36 INFO  State of current operation: SUCCESSFUL
09:35:36 INFO  Assert that (False == value) with value=False ... passed
09:35:36 INFO  Assert that (False == value) with value=False ... passed
09:35:36 INFO  Assert that (False == value) with value=False ... passed
09:35:37 INFO  Package robotfindskitten is installed
09:35:37 WARN  Assert that (False == value) with value=True ... failed 
09:35:37 INFO  Response status: 201
09:35:37 INFO  Response to action: {
    &quot;creationTime&quot;: &quot;2022-05-12T09:35:37.403Z&quot;,
    &quot;deviceId&quot;: &quot;18895253&quot;,
    &quot;deviceName&quot;: &quot;m32sd10d&quot;,
    &quot;self&quot;: &quot;https://t493319102.eu-latest.cumulocity.com/devicecontrol/operations/18938691&quot;,
    &quot;id&quot;: &quot;18938691&quot;,
    &quot;status&quot;: &quot;PENDING&quot;,
    &quot;description&quot;: &quot;Apply software changes, triggered from PySys: [{'action': 'install', 'id': '5475369', 'name': 'asciijump', 'url': ' ', 'version': '::apt'}, {'action': 'install', 'id': '5474869', 'name': 'robotfindskitten', 'url': ' ', 'version': '::apt'}, {'action': 'install', 'id': '5475279', 'name': 'squirrel3', 'url': ' ', 'version': '::apt'}]&quot;,
    &quot;c8y_SoftwareUpdate&quot;: [
        {
            &quot;name&quot;: &quot;asciijump&quot;,
            &quot;action&quot;: &quot;install&quot;,
            &quot;id&quot;: &quot;5475369&quot;,
            &quot;version&quot;: &quot;::apt&quot;,
            &quot;url&quot;: &quot; &quot;
        },
        {
            &quot;name&quot;: &quot;robotfindskitten&quot;,
            &quot;action&quot;: &quot;install&quot;,
            &quot;id&quot;: &quot;5474869&quot;,
            &quot;version&quot;: &quot;::apt&quot;,
            &quot;url&quot;: &quot; &quot;
        },
        {
            &quot;name&quot;: &quot;squirrel3&quot;,
            &quot;action&quot;: &quot;install&quot;,
            &quot;id&quot;: &quot;5475279&quot;,
            &quot;version&quot;: &quot;::apt&quot;,
            &quot;url&quot;: &quot; &quot;
        }
    ]
}
09:35:37 INFO  Started operation: {'creationTime': '2022-05-12T09:35:37.403Z', 'deviceId': '18895253', 'deviceName': 'm32sd10d', 'self': 'https://t493319102.eu-latest.cumulocity.com/devicecontrol/operations/18938691', 'id': '18938691', 'status': 'PENDING', 'description': &quot;Apply software changes, triggered from PySys: [{'action': 'install', 'id': '5475369', 'name': 'asciijump', 'url': ' ', 'version': '::apt'}, {'action': 'install', 'id': '5474869', 'name': 'robotfindskitten', 'url': ' ', 'version': '::apt'}, {'action': 'install', 'id': '5475279', 'name': 'squirrel3', 'url': ' ', 'version': '::apt'}]&quot;, 'c8y_SoftwareUpdate': [{'name': 'asciijump', 'action': 'install', 'id': '5475369', 'version': '::apt', 'url': ' '}, {'name': 'robotfindskitten', 'action': 'install', 'id': '5474869', 'version': '::apt', 'url': ' '}, {'name': 'squirrel3', 'action': 'install', 'id': '5475279', 'version': '::apt', 'url': ' '}]}
09:35:39 INFO  State of operation 18938691 : PENDING
09:35:41 INFO  State of operation 18938691 : EXECUTING
09:35:44 INFO  State of operation 18938691 : EXECUTING
09:35:46 INFO  State of operation 18938691 : EXECUTING
09:35:48 INFO  State of operation 18938691 : EXECUTING
09:35:50 INFO  State of operation 18938691 : EXECUTING
09:35:53 INFO  State of operation 18938691 : EXECUTING
09:35:56 INFO  State of operation 18938691 : EXECUTING
09:35:58 INFO  State of operation 18938691 : EXECUTING
09:36:01 INFO  State of operation 18938691 : EXECUTING
09:36:03 INFO  State of operation 18938691 : EXECUTING
09:36:05 INFO  State of operation 18938691 : EXECUTING
09:36:07 INFO  State of operation 18938691 : EXECUTING
09:36:10 INFO  State of operation 18938691 : EXECUTING
09:36:12 INFO  State of operation 18938691 : EXECUTING
09:36:14 INFO  State of operation 18938691 : EXECUTING
09:36:17 INFO  State of operation 18938691 : EXECUTING
09:36:19 INFO  State of operation 18938691 : EXECUTING
09:36:22 INFO  State of operation 18938691 : EXECUTING
09:36:24 INFO  State of operation 18938691 : EXECUTING
09:36:26 INFO  State of operation 18938691 : EXECUTING
09:36:29 INFO  State of operation 18938691 : EXECUTING
09:36:31 INFO  State of operation 18938691 : EXECUTING
09:36:34 INFO  State of operation 18938691 : EXECUTING
09:36:36 INFO  State of operation 18938691 : EXECUTING
09:36:39 INFO  State of operation 18938691 : EXECUTING
09:36:41 INFO  State of operation 18938691 : EXECUTING
09:36:44 INFO  State of operation 18938691 : EXECUTING
09:36:46 INFO  State of operation 18938691 : EXECUTING
09:36:49 INFO  State of operation 18938691 : EXECUTING
09:36:51 INFO  State of operation 18938691 : EXECUTING
09:36:53 INFO  State of operation 18938691 : EXECUTING
09:36:55 INFO  State of operation 18938691 : EXECUTING
09:36:57 INFO  State of operation 18938691 : SUCCESSFUL
09:36:58 INFO  Assert that (False == value) with value=False ... passed
09:36:58 INFO  Package asciijump is installed
09:36:58 INFO  Assert that (True == value) with value=True ... passed
09:36:58 INFO  Package squirrel3 is installed
09:36:58 INFO  Assert that (True == value) with value=True ... passed
09:36:58 INFO  Package robotfindskitten is installed
09:36:58 INFO  Assert that (True == value) with value=True ... passed
09:36:59 INFO  Response status: 201
09:36:59 INFO  Response to action: {
    &quot;creationTime&quot;: &quot;2022-05-12T09:36:59.145Z&quot;,
    &quot;deviceId&quot;: &quot;18895253&quot;,
    &quot;deviceName&quot;: &quot;m32sd10d&quot;,
    &quot;self&quot;: &quot;https://t493319102.eu-latest.cumulocity.com/devicecontrol/operations/18938719&quot;,
    &quot;id&quot;: &quot;18938719&quot;,
    &quot;status&quot;: &quot;PENDING&quot;,
    &quot;description&quot;: &quot;Apply software changes, triggered from PySys: [{'action': 'delete', 'id': '5475369', 'name': 'asciijump', 'url': ' ', 'version': '::apt'}, {'action': 'delete', 'id': '5474869', 'name': 'robotfindskitten', 'url': ' ', 'version': '::apt'}, {'action': 'delete', 'id': '5475279', 'name': 'squirrel3', 'url': ' ', 'version': '::apt'}]&quot;,
    &quot;c8y_SoftwareUpdate&quot;: [
        {
            &quot;name&quot;: &quot;asciijump&quot;,
            &quot;action&quot;: &quot;delete&quot;,
            &quot;id&quot;: &quot;5475369&quot;,
            &quot;version&quot;: &quot;::apt&quot;,
            &quot;url&quot;: &quot; &quot;
        },
        {
            &quot;name&quot;: &quot;robotfindskitten&quot;,
            &quot;action&quot;: &quot;delete&quot;,
            &quot;id&quot;: &quot;5474869&quot;,
            &quot;version&quot;: &quot;::apt&quot;,
            &quot;url&quot;: &quot; &quot;
        },
        {
            &quot;name&quot;: &quot;squirrel3&quot;,
            &quot;action&quot;: &quot;delete&quot;,
            &quot;id&quot;: &quot;5475279&quot;,
            &quot;version&quot;: &quot;::apt&quot;,
            &quot;url&quot;: &quot; &quot;
        }
    ]
}
09:36:59 INFO  Started operation: {'creationTime': '2022-05-12T09:36:59.145Z', 'deviceId': '18895253', 'deviceName': 'm32sd10d', 'self': 'https://t493319102.eu-latest.cumulocity.com/devicecontrol/operations/18938719', 'id': '18938719', 'status': 'PENDING', 'description': &quot;Apply software changes, triggered from PySys: [{'action': 'delete', 'id': '5475369', 'name': 'asciijump', 'url': ' ', 'version': '::apt'}, {'action': 'delete', 'id': '5474869', 'name': 'robotfindskitten', 'url': ' ', 'version': '::apt'}, {'action': 'delete', 'id': '5475279', 'name': 'squirrel3', 'url': ' ', 'version': '::apt'}]&quot;, 'c8y_SoftwareUpdate': [{'name': 'asciijump', 'action': 'delete', 'id': '5475369', 'version': '::apt', 'url': ' '}, {'name': 'robotfindskitten', 'action': 'delete', 'id': '5474869', 'version': '::apt', 'url': ' '}, {'name': 'squirrel3', 'action': 'delete', 'id': '5475279', 'version': '::apt', 'url': ' '}]}
09:37:01 INFO  State of operation 18938719 : PENDING
09:37:03 INFO  State of operation 18938719 : EXECUTING
09:37:05 INFO  State of operation 18938719 : EXECUTING
09:37:08 INFO  State of operation 18938719 : EXECUTING
09:37:10 INFO  State of operation 18938719 : EXECUTING
09:37:12 INFO  State of operation 18938719 : EXECUTING
09:37:15 INFO  State of operation 18938719 : EXECUTING
09:37:18 INFO  State of operation 18938719 : EXECUTING
09:37:20 INFO  State of operation 18938719 : EXECUTING
09:37:22 INFO  State of operation 18938719 : EXECUTING
09:37:24 INFO  State of operation 18938719 : EXECUTING
09:37:27 INFO  State of operation 18938719 : EXECUTING
09:37:29 INFO  State of operation 18938719 : EXECUTING
09:37:31 INFO  State of operation 18938719 : EXECUTING
09:37:34 INFO  State of operation 18938719 : EXECUTING
09:37:36 INFO  State of operation 18938719 : EXECUTING
09:37:38 INFO  State of operation 18938719 : EXECUTING
09:37:41 INFO  State of operation 18938719 : EXECUTING
09:37:43 INFO  State of operation 18938719 : EXECUTING
09:37:46 INFO  State of operation 18938719 : EXECUTING
09:37:48 INFO  State of operation 18938719 : EXECUTING
09:37:50 INFO  State of operation 18938719 : EXECUTING
09:37:52 INFO  State of operation 18938719 : EXECUTING
09:37:55 INFO  State of operation 18938719 : EXECUTING
09:37:57 INFO  State of operation 18938719 : EXECUTING
09:38:00 INFO  State of operation 18938719 : EXECUTING
09:38:02 INFO  State of operation 18938719 : EXECUTING
09:38:04 INFO  State of operation 18938719 : SUCCESSFUL
09:38:05 INFO  Assert that (False == value) with value=False ... passed
09:38:05 INFO  Assert that (False == value) with value=False ... passed
09:38:05 INFO  Assert that (False == value) with value=False ... passed
09:38:05 INFO  Assert that (False == value) with value=False ... passed
09:38:05 INFO  
09:38:05 INFO  cleanup:
09:38:09 INFO  Executed sudo&lt;tedge_disconnect_c8y&gt;, exit status 0
09:38:10 INFO  Executed systemctl&lt;serv_mapper5&gt;, exit status 3
09:38:10 INFO  
09:38:10 INFO  Test duration: 178.58 secs
09:38:10 INFO  Test final outcome:  FAILED
09:38:10 INFO  Test outcome reason: Assert that (False == value) with value=True
09:38:10 INFO  
</system-out>
	</testcase>
</testsuite>
