<?xml version="1.0" encoding="utf-8"?>
<testsuite failures="1" name="SoftwareManagement.sm_apt_install_remove_multiple_mixed" skipped="0" tests="1" time="181.39" timestamp="2022-05-02T11:13:16">
	<testcase classname="PySysTest" name="SoftwareManagement.sm_apt_install_remove_multiple_mixed">
		<failure message="BLOCKED: SystemError: Timeout while waiting for status SUCCESSFUL or False" type="BLOCKED"/>
		<system-out>11:10:14 INFO  ==============================================================
11:10:14 INFO  Id:    SoftwareManagement.sm_apt_install_remove_multiple_mixed
11:10:14 INFO  Dir:   software_management_end_to_end/
11:10:14 INFO  Title: Validate end to end behaviour for the apt plugin for multiple packages with mixed versions
11:10:14 INFO  ==============================================================
11:10:14 INFO  Using sw id database: {'asciijump': '5475369', 'robotfindskitten': '5474869', 'squirrel3': '5475279', 'rolldice': '5152439', 'moon-buggy': '5439204', 'apple': '5495053', 'banana': '5494888', 'cherry': '5495382', 'watermelon': '5494510', 'registry': '8018911', 'hello-world': '8021526', 'docker/getting-started': '8021973', 'alpine': '7991792'}
11:10:14 INFO  EnvironmentC8y Setup
11:10:15 INFO  Executed systemctl&lt;serv_mapper1&gt;, exit status 3
11:10:15 INFO  Restarting mosquitto too frequently in the last 10 seconds. It was only up for 5 seconds
11:10:15 INFO  Delaying execution by 6 seconds
11:10:35 INFO  Executed sudo&lt;tedge_connect_c8y&gt;, exit status 0, duration 13 secs
11:10:35 INFO  Executed sudo&lt;tedge_connect_c8y_test&gt;, exit status 0
11:10:36 INFO  Executed systemctl&lt;serv_mosq2&gt;, exit status 0
11:10:36 INFO  Executed systemctl&lt;serv_mapper3&gt;, exit status 0
11:10:39 INFO  State of current operation: SUCCESSFUL
11:10:39 INFO  Assert that (False == value) with value=False ... passed
11:10:39 INFO  Assert that (False == value) with value=False ... passed
11:10:39 INFO  Assert that (False == value) with value=False ... passed
11:10:40 INFO  Assert that (False == value) with value=False ... passed
11:10:40 INFO  Assert that (False == value) with value=False ... passed
11:10:41 INFO  Response status: 201
11:10:41 INFO  Response to action: {
    &quot;creationTime&quot;: &quot;2022-05-02T11:10:41.493Z&quot;,
    &quot;deviceName&quot;: &quot;m32sd10d&quot;,
    &quot;deviceId&quot;: &quot;18127040&quot;,
    &quot;self&quot;: &quot;https://t493319102.eu-latest.cumulocity.com/devicecontrol/operations/18152845&quot;,
    &quot;id&quot;: &quot;18152845&quot;,
    &quot;status&quot;: &quot;PENDING&quot;,
    &quot;description&quot;: &quot;Apply software changes, triggered from PySys: [{'action': 'install', 'id': '5475369', 'name': 'asciijump', 'url': ' ', 'version': '::apt'}, {'action': 'install', 'id': '5474869', 'name': 'robotfindskitten', 'url': ' ', 'version': ' '}, {'action': 'install', 'id': '5475279', 'name': 'squirrel3', 'url': ' ', 'version': '3.1-7::apt'}, {'action': 'install', 'id': '5152439', 'name': 'rolldice', 'url': ' ', 'version': '1.16-1+b1'}, {'action': 'install', 'id': '5439204', 'name': 'moon-buggy', 'url': ' ', 'version': '1:1.0.51-12'}, {'action': 'install', 'id': '5475369', 'name': 'asciijump', 'url': ' ', 'version': '::apt'}]&quot;,
    &quot;c8y_SoftwareUpdate&quot;: [
        {
            &quot;name&quot;: &quot;asciijump&quot;,
            &quot;action&quot;: &quot;install&quot;,
            &quot;id&quot;: &quot;5475369&quot;,
            &quot;version&quot;: &quot;::apt&quot;,
            &quot;url&quot;: &quot; &quot;
        },
        {
            &quot;name&quot;: &quot;robotfindskitten&quot;,
            &quot;action&quot;: &quot;install&quot;,
            &quot;id&quot;: &quot;5474869&quot;,
            &quot;version&quot;: &quot; &quot;,
            &quot;url&quot;: &quot; &quot;
        },
        {
            &quot;name&quot;: &quot;squirrel3&quot;,
            &quot;action&quot;: &quot;install&quot;,
            &quot;id&quot;: &quot;5475279&quot;,
            &quot;version&quot;: &quot;3.1-7::apt&quot;,
            &quot;url&quot;: &quot; &quot;
        },
        {
            &quot;name&quot;: &quot;rolldice&quot;,
            &quot;action&quot;: &quot;install&quot;,
            &quot;id&quot;: &quot;5152439&quot;,
            &quot;version&quot;: &quot;1.16-1+b1&quot;,
            &quot;url&quot;: &quot; &quot;
        },
        {
            &quot;name&quot;: &quot;moon-buggy&quot;,
            &quot;action&quot;: &quot;install&quot;,
            &quot;id&quot;: &quot;5439204&quot;,
            &quot;version&quot;: &quot;1:1.0.51-12&quot;,
            &quot;url&quot;: &quot; &quot;
        },
        {
            &quot;name&quot;: &quot;asciijump&quot;,
            &quot;action&quot;: &quot;install&quot;,
            &quot;id&quot;: &quot;5475369&quot;,
            &quot;version&quot;: &quot;::apt&quot;,
            &quot;url&quot;: &quot; &quot;
        }
    ]
}
11:10:41 INFO  Started operation: {'creationTime': '2022-05-02T11:10:41.493Z', 'deviceName': 'm32sd10d', 'deviceId': '18127040', 'self': 'https://t493319102.eu-latest.cumulocity.com/devicecontrol/operations/18152845', 'id': '18152845', 'status': 'PENDING', 'description': &quot;Apply software changes, triggered from PySys: [{'action': 'install', 'id': '5475369', 'name': 'asciijump', 'url': ' ', 'version': '::apt'}, {'action': 'install', 'id': '5474869', 'name': 'robotfindskitten', 'url': ' ', 'version': ' '}, {'action': 'install', 'id': '5475279', 'name': 'squirrel3', 'url': ' ', 'version': '3.1-7::apt'}, {'action': 'install', 'id': '5152439', 'name': 'rolldice', 'url': ' ', 'version': '1.16-1+b1'}, {'action': 'install', 'id': '5439204', 'name': 'moon-buggy', 'url': ' ', 'version': '1:1.0.51-12'}, {'action': 'install', 'id': '5475369', 'name': 'asciijump', 'url': ' ', 'version': '::apt'}]&quot;, 'c8y_SoftwareUpdate': [{'name': 'asciijump', 'action': 'install', 'id': '5475369', 'version': '::apt', 'url': ' '}, {'name': 'robotfindskitten', 'action': 'install', 'id': '5474869', 'version': ' ', 'url': ' '}, {'name': 'squirrel3', 'action': 'install', 'id': '5475279', 'version': '3.1-7::apt', 'url': ' '}, {'name': 'rolldice', 'action': 'install', 'id': '5152439', 'version': '1.16-1+b1', 'url': ' '}, {'name': 'moon-buggy', 'action': 'install', 'id': '5439204', 'version': '1:1.0.51-12', 'url': ' '}, {'name': 'asciijump', 'action': 'install', 'id': '5475369', 'version': '::apt', 'url': ' '}]}
11:10:43 INFO  State of operation 18152845 : PENDING
11:10:45 INFO  State of operation 18152845 : EXECUTING
11:10:48 INFO  State of operation 18152845 : EXECUTING
11:10:50 INFO  State of operation 18152845 : EXECUTING
11:10:52 INFO  State of operation 18152845 : EXECUTING
11:10:54 INFO  State of operation 18152845 : EXECUTING
11:10:57 INFO  State of operation 18152845 : EXECUTING
11:11:00 INFO  State of operation 18152845 : EXECUTING
11:11:03 INFO  State of operation 18152845 : EXECUTING
11:11:05 INFO  State of operation 18152845 : EXECUTING
11:11:07 INFO  State of operation 18152845 : EXECUTING
11:11:10 INFO  State of operation 18152845 : EXECUTING
11:11:12 INFO  State of operation 18152845 : EXECUTING
11:11:14 INFO  State of operation 18152845 : EXECUTING
11:11:16 INFO  State of operation 18152845 : EXECUTING
11:11:18 INFO  State of operation 18152845 : EXECUTING
11:11:21 INFO  State of operation 18152845 : EXECUTING
11:11:24 INFO  State of operation 18152845 : EXECUTING
11:11:26 INFO  State of operation 18152845 : EXECUTING
11:11:28 INFO  State of operation 18152845 : EXECUTING
11:11:30 INFO  State of operation 18152845 : EXECUTING
11:11:33 INFO  State of operation 18152845 : EXECUTING
11:11:35 INFO  State of operation 18152845 : EXECUTING
11:11:38 INFO  State of operation 18152845 : EXECUTING
11:11:40 INFO  State of operation 18152845 : EXECUTING
11:11:42 INFO  State of operation 18152845 : EXECUTING
11:11:45 INFO  State of operation 18152845 : EXECUTING
11:11:47 INFO  State of operation 18152845 : EXECUTING
11:11:49 INFO  State of operation 18152845 : EXECUTING
11:11:51 INFO  State of operation 18152845 : EXECUTING
11:11:54 INFO  State of operation 18152845 : EXECUTING
11:11:56 INFO  State of operation 18152845 : EXECUTING
11:11:58 INFO  State of operation 18152845 : EXECUTING
11:12:00 INFO  State of operation 18152845 : EXECUTING
11:12:03 INFO  State of operation 18152845 : EXECUTING
11:12:05 INFO  State of operation 18152845 : EXECUTING
11:12:07 INFO  State of operation 18152845 : EXECUTING
11:12:09 INFO  State of operation 18152845 : EXECUTING
11:12:12 INFO  State of operation 18152845 : EXECUTING
11:12:15 INFO  State of operation 18152845 : EXECUTING
11:12:18 INFO  State of operation 18152845 : EXECUTING
11:12:20 INFO  State of operation 18152845 : EXECUTING
11:12:22 INFO  State of operation 18152845 : EXECUTING
11:12:25 INFO  State of operation 18152845 : EXECUTING
11:12:27 INFO  State of operation 18152845 : EXECUTING
11:12:29 INFO  State of operation 18152845 : EXECUTING
11:12:31 INFO  State of operation 18152845 : EXECUTING
11:12:34 INFO  State of operation 18152845 : EXECUTING
11:12:36 INFO  State of operation 18152845 : EXECUTING
11:12:39 INFO  State of operation 18152845 : EXECUTING
11:12:41 INFO  State of operation 18152845 : EXECUTING
11:12:43 INFO  State of operation 18152845 : EXECUTING
11:12:45 INFO  State of operation 18152845 : EXECUTING
11:12:48 INFO  State of operation 18152845 : EXECUTING
11:12:50 INFO  State of operation 18152845 : EXECUTING
11:12:52 INFO  State of operation 18152845 : EXECUTING
11:12:55 INFO  State of operation 18152845 : EXECUTING
11:12:57 INFO  State of operation 18152845 : EXECUTING
11:13:00 INFO  State of operation 18152845 : EXECUTING
11:13:02 INFO  State of operation 18152845 : EXECUTING
11:13:05 INFO  State of operation 18152845 : EXECUTING
11:13:07 WARN  SystemError occurred while running test - Timeout while waiting for status SUCCESSFUL or False
Traceback (most recent call last):
  File &quot;/home/pi/env-pysys/lib/python3.7/site-packages/pysys/baserunner.py&quot;, line 1294, in __call__
    self.testObj.execute()
  File &quot;/home/pi/actions-runner/_work/thin-edge.io/thin-edge.io/tests/PySys/software_management_end_to_end/sm_apt_install_remove_multiple_mixed/run.py&quot;, line 89, in execute
    self.wait_until_succcess()
  File &quot;/home/pi/actions-runner/_work/thin-edge.io/thin-edge.io/tests/PySys/software_management_end_to_end/environment_sm_management.py&quot;, line 324, in wait_until_succcess
    self.wait_until_status(&quot;SUCCESSFUL&quot;)
  File &quot;/home/pi/actions-runner/_work/thin-edge.io/thin-edge.io/tests/PySys/software_management_end_to_end/environment_sm_management.py&quot;, line 381, in wait_until_status
    &quot;Timeout while waiting for status %s or %s&quot; % (status, status2)
SystemError: Timeout while waiting for status SUCCESSFUL or False
11:13:07 WARN  SystemError: Timeout while waiting for status SUCCESSFUL or False ... blocked 
11:13:07 INFO  
11:13:07 INFO  cleanup:
11:13:15 INFO  Executed sudo&lt;tedge_disconnect_c8y&gt;, exit status 0
11:13:16 INFO  Executed systemctl&lt;serv_mapper5&gt;, exit status 3
11:13:16 INFO  
11:13:16 INFO  Test duration: 181.39 secs
11:13:16 INFO  Test final outcome:  BLOCKED
11:13:16 INFO  Test outcome reason: SystemError: Timeout while waiting for status SUCCESSFUL or False
11:13:16 INFO  
</system-out>
	</testcase>
</testsuite>
