<?xml version="1.0" encoding="utf-8"?>
<testsuite failures="1" name="SoftwareManagement.sm_apt_install_remove_multiple" skipped="0" tests="1" time="177.3" timestamp="2022-05-09T15:22:30">
	<testcase classname="PySysTest" name="SoftwareManagement.sm_apt_install_remove_multiple">
		<failure message="FAILED: Assert that (False == value) with value=True" type="FAILED"/>
		<system-out>15:19:32 INFO  ==============================================================
15:19:32 INFO  Id:    SoftwareManagement.sm_apt_install_remove_multiple
15:19:32 INFO  Dir:   software_management_end_to_end/
15:19:32 INFO  Title: Validate end to end behaviour for the apt plugin for multiple packages
15:19:32 INFO  ==============================================================
15:19:32 INFO  Using sw id database: {'asciijump': '5475369', 'robotfindskitten': '5474869', 'squirrel3': '5475279', 'rolldice': '5152439', 'moon-buggy': '5439204', 'apple': '5495053', 'banana': '5494888', 'cherry': '5495382', 'watermelon': '5494510', 'registry': '8018911', 'hello-world': '8021526', 'docker/getting-started': '8021973', 'alpine': '7991792'}
15:19:32 INFO  EnvironmentC8y Setup
15:19:33 INFO  Executed systemctl&lt;serv_mapper1&gt;, exit status 3
15:19:33 INFO  Restarting mosquitto too frequently in the last 10 seconds. It was only up for 5 seconds
15:19:33 INFO  Delaying execution by 6 seconds
15:19:53 INFO  Executed sudo&lt;tedge_connect_c8y&gt;, exit status 0, duration 13 secs
15:19:54 INFO  Executed sudo&lt;tedge_connect_c8y_test&gt;, exit status 0
15:19:54 INFO  Executed systemctl&lt;serv_mosq2&gt;, exit status 0
15:19:54 INFO  Executed systemctl&lt;serv_mapper3&gt;, exit status 0
15:19:57 INFO  State of current operation: SUCCESSFUL
15:19:57 INFO  Assert that (False == value) with value=False ... passed
15:19:57 INFO  Assert that (False == value) with value=False ... passed
15:19:57 INFO  Assert that (False == value) with value=False ... passed
15:19:58 INFO  Package robotfindskitten is installed
15:19:58 WARN  Assert that (False == value) with value=True ... failed 
15:19:58 INFO  Response status: 201
15:19:58 INFO  Response to action: {
    &quot;delivery&quot;: {
        &quot;time&quot;: &quot;2022-05-09T15:19:58.381Z&quot;,
        &quot;log&quot;: [],
        &quot;status&quot;: &quot;PENDING&quot;
    },
    &quot;creationTime&quot;: &quot;2022-05-09T15:19:58.362Z&quot;,
    &quot;deviceName&quot;: &quot;m32sd10d&quot;,
    &quot;deviceId&quot;: &quot;18555945&quot;,
    &quot;self&quot;: &quot;https://t493319102.eu-latest.cumulocity.com/devicecontrol/operations/18564175&quot;,
    &quot;id&quot;: &quot;18564175&quot;,
    &quot;status&quot;: &quot;PENDING&quot;,
    &quot;description&quot;: &quot;Apply software changes, triggered from PySys: [{'action': 'install', 'id': '5475369', 'name': 'asciijump', 'url': ' ', 'version': '::apt'}, {'action': 'install', 'id': '5474869', 'name': 'robotfindskitten', 'url': ' ', 'version': '::apt'}, {'action': 'install', 'id': '5475279', 'name': 'squirrel3', 'url': ' ', 'version': '::apt'}]&quot;,
    &quot;c8y_SoftwareUpdate&quot;: [
        {
            &quot;name&quot;: &quot;asciijump&quot;,
            &quot;action&quot;: &quot;install&quot;,
            &quot;id&quot;: &quot;5475369&quot;,
            &quot;version&quot;: &quot;::apt&quot;,
            &quot;url&quot;: &quot; &quot;
        },
        {
            &quot;name&quot;: &quot;robotfindskitten&quot;,
            &quot;action&quot;: &quot;install&quot;,
            &quot;id&quot;: &quot;5474869&quot;,
            &quot;version&quot;: &quot;::apt&quot;,
            &quot;url&quot;: &quot; &quot;
        },
        {
            &quot;name&quot;: &quot;squirrel3&quot;,
            &quot;action&quot;: &quot;install&quot;,
            &quot;id&quot;: &quot;5475279&quot;,
            &quot;version&quot;: &quot;::apt&quot;,
            &quot;url&quot;: &quot; &quot;
        }
    ]
}
15:19:58 INFO  Started operation: {'delivery': {'time': '2022-05-09T15:19:58.381Z', 'log': [], 'status': 'PENDING'}, 'creationTime': '2022-05-09T15:19:58.362Z', 'deviceName': 'm32sd10d', 'deviceId': '18555945', 'self': 'https://t493319102.eu-latest.cumulocity.com/devicecontrol/operations/18564175', 'id': '18564175', 'status': 'PENDING', 'description': &quot;Apply software changes, triggered from PySys: [{'action': 'install', 'id': '5475369', 'name': 'asciijump', 'url': ' ', 'version': '::apt'}, {'action': 'install', 'id': '5474869', 'name': 'robotfindskitten', 'url': ' ', 'version': '::apt'}, {'action': 'install', 'id': '5475279', 'name': 'squirrel3', 'url': ' ', 'version': '::apt'}]&quot;, 'c8y_SoftwareUpdate': [{'name': 'asciijump', 'action': 'install', 'id': '5475369', 'version': '::apt', 'url': ' '}, {'name': 'robotfindskitten', 'action': 'install', 'id': '5474869', 'version': '::apt', 'url': ' '}, {'name': 'squirrel3', 'action': 'install', 'id': '5475279', 'version': '::apt', 'url': ' '}]}
15:20:00 INFO  State of operation 18564175 : PENDING
15:20:02 INFO  State of operation 18564175 : EXECUTING
15:20:05 INFO  State of operation 18564175 : EXECUTING
15:20:07 INFO  State of operation 18564175 : EXECUTING
15:20:09 INFO  State of operation 18564175 : EXECUTING
15:20:11 INFO  State of operation 18564175 : EXECUTING
15:20:14 INFO  State of operation 18564175 : EXECUTING
15:20:17 INFO  State of operation 18564175 : EXECUTING
15:20:19 INFO  State of operation 18564175 : EXECUTING
15:20:22 INFO  State of operation 18564175 : EXECUTING
15:20:24 INFO  State of operation 18564175 : EXECUTING
15:20:26 INFO  State of operation 18564175 : EXECUTING
15:20:28 INFO  State of operation 18564175 : EXECUTING
15:20:31 INFO  State of operation 18564175 : EXECUTING
15:20:33 INFO  State of operation 18564175 : EXECUTING
15:20:35 INFO  State of operation 18564175 : EXECUTING
15:20:37 INFO  State of operation 18564175 : EXECUTING
15:20:40 INFO  State of operation 18564175 : EXECUTING
15:20:42 INFO  State of operation 18564175 : EXECUTING
15:20:45 INFO  State of operation 18564175 : EXECUTING
15:20:47 INFO  State of operation 18564175 : EXECUTING
15:20:50 INFO  State of operation 18564175 : EXECUTING
15:20:52 INFO  State of operation 18564175 : EXECUTING
15:20:55 INFO  State of operation 18564175 : EXECUTING
15:20:57 INFO  State of operation 18564175 : EXECUTING
15:20:59 INFO  State of operation 18564175 : EXECUTING
15:21:02 INFO  State of operation 18564175 : EXECUTING
15:21:04 INFO  State of operation 18564175 : EXECUTING
15:21:06 INFO  State of operation 18564175 : EXECUTING
15:21:09 INFO  State of operation 18564175 : EXECUTING
15:21:11 INFO  State of operation 18564175 : EXECUTING
15:21:13 INFO  State of operation 18564175 : EXECUTING
15:21:15 INFO  State of operation 18564175 : EXECUTING
15:21:18 INFO  State of operation 18564175 : SUCCESSFUL
15:21:18 INFO  Assert that (False == value) with value=False ... passed
15:21:18 INFO  Package asciijump is installed
15:21:18 INFO  Assert that (True == value) with value=True ... passed
15:21:18 INFO  Package squirrel3 is installed
15:21:18 INFO  Assert that (True == value) with value=True ... passed
15:21:19 INFO  Package robotfindskitten is installed
15:21:19 INFO  Assert that (True == value) with value=True ... passed
15:21:19 INFO  Response status: 201
15:21:19 INFO  Response to action: {
    &quot;delivery&quot;: {
        &quot;time&quot;: &quot;2022-05-09T15:21:19.252Z&quot;,
        &quot;log&quot;: [],
        &quot;status&quot;: &quot;PENDING&quot;
    },
    &quot;creationTime&quot;: &quot;2022-05-09T15:21:19.238Z&quot;,
    &quot;deviceName&quot;: &quot;m32sd10d&quot;,
    &quot;deviceId&quot;: &quot;18555945&quot;,
    &quot;self&quot;: &quot;https://t493319102.eu-latest.cumulocity.com/devicecontrol/operations/18564190&quot;,
    &quot;id&quot;: &quot;18564190&quot;,
    &quot;status&quot;: &quot;PENDING&quot;,
    &quot;description&quot;: &quot;Apply software changes, triggered from PySys: [{'action': 'delete', 'id': '5475369', 'name': 'asciijump', 'url': ' ', 'version': '::apt'}, {'action': 'delete', 'id': '5474869', 'name': 'robotfindskitten', 'url': ' ', 'version': '::apt'}, {'action': 'delete', 'id': '5475279', 'name': 'squirrel3', 'url': ' ', 'version': '::apt'}]&quot;,
    &quot;c8y_SoftwareUpdate&quot;: [
        {
            &quot;name&quot;: &quot;asciijump&quot;,
            &quot;action&quot;: &quot;delete&quot;,
            &quot;id&quot;: &quot;5475369&quot;,
            &quot;version&quot;: &quot;::apt&quot;,
            &quot;url&quot;: &quot; &quot;
        },
        {
            &quot;name&quot;: &quot;robotfindskitten&quot;,
            &quot;action&quot;: &quot;delete&quot;,
            &quot;id&quot;: &quot;5474869&quot;,
            &quot;version&quot;: &quot;::apt&quot;,
            &quot;url&quot;: &quot; &quot;
        },
        {
            &quot;name&quot;: &quot;squirrel3&quot;,
            &quot;action&quot;: &quot;delete&quot;,
            &quot;id&quot;: &quot;5475279&quot;,
            &quot;version&quot;: &quot;::apt&quot;,
            &quot;url&quot;: &quot; &quot;
        }
    ]
}
15:21:19 INFO  Started operation: {'delivery': {'time': '2022-05-09T15:21:19.252Z', 'log': [], 'status': 'PENDING'}, 'creationTime': '2022-05-09T15:21:19.238Z', 'deviceName': 'm32sd10d', 'deviceId': '18555945', 'self': 'https://t493319102.eu-latest.cumulocity.com/devicecontrol/operations/18564190', 'id': '18564190', 'status': 'PENDING', 'description': &quot;Apply software changes, triggered from PySys: [{'action': 'delete', 'id': '5475369', 'name': 'asciijump', 'url': ' ', 'version': '::apt'}, {'action': 'delete', 'id': '5474869', 'name': 'robotfindskitten', 'url': ' ', 'version': '::apt'}, {'action': 'delete', 'id': '5475279', 'name': 'squirrel3', 'url': ' ', 'version': '::apt'}]&quot;, 'c8y_SoftwareUpdate': [{'name': 'asciijump', 'action': 'delete', 'id': '5475369', 'version': '::apt', 'url': ' '}, {'name': 'robotfindskitten', 'action': 'delete', 'id': '5474869', 'version': '::apt', 'url': ' '}, {'name': 'squirrel3', 'action': 'delete', 'id': '5475279', 'version': '::apt', 'url': ' '}]}
15:21:21 INFO  State of operation 18564190 : PENDING
15:21:23 INFO  State of operation 18564190 : EXECUTING
15:21:25 INFO  State of operation 18564190 : EXECUTING
15:21:28 INFO  State of operation 18564190 : EXECUTING
15:21:30 INFO  State of operation 18564190 : EXECUTING
15:21:32 INFO  State of operation 18564190 : EXECUTING
15:21:35 INFO  State of operation 18564190 : EXECUTING
15:21:38 INFO  State of operation 18564190 : EXECUTING
15:21:40 INFO  State of operation 18564190 : EXECUTING
15:21:42 INFO  State of operation 18564190 : EXECUTING
15:21:45 INFO  State of operation 18564190 : EXECUTING
15:21:47 INFO  State of operation 18564190 : EXECUTING
15:21:49 INFO  State of operation 18564190 : EXECUTING
15:21:51 INFO  State of operation 18564190 : EXECUTING
15:21:54 INFO  State of operation 18564190 : EXECUTING
15:21:56 INFO  State of operation 18564190 : EXECUTING
15:21:58 INFO  State of operation 18564190 : EXECUTING
15:22:01 INFO  State of operation 18564190 : EXECUTING
15:22:04 INFO  State of operation 18564190 : EXECUTING
15:22:06 INFO  State of operation 18564190 : EXECUTING
15:22:08 INFO  State of operation 18564190 : EXECUTING
15:22:10 INFO  State of operation 18564190 : EXECUTING
15:22:12 INFO  State of operation 18564190 : EXECUTING
15:22:15 INFO  State of operation 18564190 : EXECUTING
15:22:18 INFO  State of operation 18564190 : EXECUTING
15:22:20 INFO  State of operation 18564190 : EXECUTING
15:22:22 INFO  State of operation 18564190 : EXECUTING
15:22:24 INFO  State of operation 18564190 : SUCCESSFUL
15:22:25 INFO  Assert that (False == value) with value=False ... passed
15:22:25 INFO  Assert that (False == value) with value=False ... passed
15:22:25 INFO  Assert that (False == value) with value=False ... passed
15:22:25 INFO  Assert that (False == value) with value=False ... passed
15:22:25 INFO  
15:22:25 INFO  cleanup:
15:22:29 INFO  Executed sudo&lt;tedge_disconnect_c8y&gt;, exit status 0
15:22:30 INFO  Executed systemctl&lt;serv_mapper5&gt;, exit status 3
15:22:30 INFO  
15:22:30 INFO  Test duration: 177.30 secs
15:22:30 INFO  Test final outcome:  FAILED
15:22:30 INFO  Test outcome reason: Assert that (False == value) with value=True
15:22:30 INFO  
</system-out>
	</testcase>
</testsuite>
