<?xml version="1.0" encoding="utf-8"?>
<testsuite failures="0" name="apt_install_local_file_with_version" skipped="0" tests="1" time="56.3" timestamp="2022-04-25T21:39:38">
	<testcase classname="AptPluginInstallFromLocalFileWithVersion" name="apt_install_local_file_with_version"/>
</testsuite>
