<?xml version="1.0" encoding="utf-8"?>
<testsuite failures="1" name="SoftwareManagement.sm_apt_install_remove_default" skipped="0" tests="1" time="35.64" timestamp="2022-04-27T18:08:37">
	<testcase classname="PySysTest" name="SoftwareManagement.sm_apt_install_remove_default">
		<failure message="BLOCKED: TypeError: 'NoneType' object is not iterable" type="BLOCKED"/>
		<system-out>18:08:02 INFO  ==============================================================
18:08:02 INFO  Id:    SoftwareManagement.sm_apt_install_remove_default
18:08:02 INFO  Dir:   software_management_end_to_end/
18:08:02 INFO  Title: Validate end to end behaviour for the default plugin for installation and removal of packages
18:08:02 INFO  ==============================================================
18:08:02 INFO  Using sw id database: {'asciijump': '5475369', 'robotfindskitten': '5474869', 'squirrel3': '5475279', 'rolldice': '5152439', 'moon-buggy': '5439204', 'apple': '5495053', 'banana': '5494888', 'cherry': '5495382', 'watermelon': '5494510', 'registry': '8018911', 'hello-world': '8021526', 'docker/getting-started': '8021973', 'alpine': '7991792'}
18:08:02 INFO  EnvironmentC8y Setup
18:08:02 INFO  Executed systemctl&lt;serv_mapper1&gt;, exit status 3
18:08:02 INFO  Restarting mosquitto too frequently in the last 10 seconds. It was only up for 5 seconds
18:08:02 INFO  Delaying execution by 6 seconds
18:08:28 INFO  Executed sudo&lt;tedge_connect_c8y&gt;, exit status 0, duration 20 secs
18:08:29 INFO  Executed sudo&lt;tedge_connect_c8y_test&gt;, exit status 0
18:08:30 INFO  Executed systemctl&lt;serv_mosq2&gt;, exit status 0
18:08:30 INFO  Executed systemctl&lt;serv_mapper3&gt;, exit status 0
18:08:32 INFO  State of current operation: FAILED
18:08:32 WARN  TypeError occurred while running test - 'NoneType' object is not iterable
Traceback (most recent call last):
  File &quot;/home/pi/env-pysys/lib/python3.7/site-packages/pysys/baserunner.py&quot;, line 1292, in __call__
    self.testObj.setup()
  File &quot;/home/pi/actions-runner/_work/thin-edge.io/thin-edge.io/tests/PySys/software_management_end_to_end/sm_apt_install_remove_default/run.py&quot;, line 27, in setup
    self.assertThat(&quot;False == value&quot;, value=self.check_is_installed(&quot;rolldice&quot;))
  File &quot;/home/pi/actions-runner/_work/thin-edge.io/thin-edge.io/tests/PySys/software_management_end_to_end/environment_sm_management.py&quot;, line 398, in check_is_installed
    for package in package_list:
TypeError: 'NoneType' object is not iterable
18:08:33 WARN  TypeError: 'NoneType' object is not iterable ... blocked 
18:08:33 INFO  
18:08:33 INFO  cleanup:
18:08:37 INFO  Executed sudo&lt;tedge_disconnect_c8y&gt;, exit status 0
18:08:37 INFO  Executed systemctl&lt;serv_mapper5&gt;, exit status 3
18:08:37 INFO  
18:08:37 INFO  Test duration: 35.64 secs
18:08:37 INFO  Test final outcome:  BLOCKED
18:08:37 INFO  Test outcome reason: TypeError: 'NoneType' object is not iterable
18:08:37 INFO  
</system-out>
	</testcase>
</testsuite>
