<?xml version="1.0" encoding="utf-8"?>
<testsuite failures="0" name="apt_finalize" skipped="0" tests="1" time="149.27" timestamp="2022-05-09T14:55:49">
	<testcase classname="AptPluginFinalize" name="apt_finalize"/>
</testsuite>
