<?xml version="1.0" encoding="utf-8"?>
<testsuite failures="0" name="apt_install" skipped="0" tests="1" time="65.32" timestamp="2022-04-24T12:21:57">
	<testcase classname="AptPluginInstallDense" name="apt_install"/>
</testsuite>
