<?xml version="1.0" encoding="utf-8"?>
<testsuite failures="0" name="apt_finalize" skipped="0" tests="1" time="149.88" timestamp="2022-04-27T17:50:23">
	<testcase classname="AptPluginFinalize" name="apt_finalize"/>
</testsuite>
