<?xml version="1.0" encoding="utf-8"?>
<testsuite failures="0" name="apt_prepare" skipped="0" tests="1" time="42.89" timestamp="2022-05-13T11:28:47">
	<testcase classname="AptPluginPrepare" name="apt_prepare"/>
</testsuite>
