<?xml version="1.0" encoding="utf-8"?>
<testsuite failures="0" name="apt_install" skipped="0" tests="1" time="69.43" timestamp="2022-05-02T10:43:41">
	<testcase classname="AptPluginInstallDense" name="apt_install"/>
</testsuite>
