<?xml version="1.0" encoding="utf-8"?>
<testsuite failures="0" name="apt_prepare" skipped="0" tests="1" time="18.49" timestamp="2022-05-09T15:00:06">
	<testcase classname="AptPluginPrepare" name="apt_prepare"/>
</testsuite>
