<?xml version="1.0" encoding="utf-8"?>
<testsuite failures="1" name="SoftwareManagement.sm_apt_install_fail" skipped="0" tests="1" time="79.06" timestamp="2022-04-27T18:07:30">
	<testcase classname="PySysTest" name="SoftwareManagement.sm_apt_install_fail">
		<failure message="BLOCKED: TypeError: 'NoneType' object is not iterable" type="BLOCKED"/>
		<system-out>18:06:11 INFO  ==============================================================
18:06:11 INFO  Id:    SoftwareManagement.sm_apt_install_fail
18:06:11 INFO  Dir:   software_management_end_to_end/
18:06:11 INFO  Title: Validate end to end behaviour for a failing installation
18:06:11 INFO  ==============================================================
18:06:11 INFO  Using sw id database: {'asciijump': '5475369', 'robotfindskitten': '5474869', 'squirrel3': '5475279', 'rolldice': '5152439', 'moon-buggy': '5439204', 'apple': '5495053', 'banana': '5494888', 'cherry': '5495382', 'watermelon': '5494510', 'registry': '8018911', 'hello-world': '8021526', 'docker/getting-started': '8021973', 'alpine': '7991792'}
18:06:11 INFO  EnvironmentC8y Setup
18:06:11 INFO  Executed systemctl&lt;serv_mapper1&gt;, exit status 3
18:06:11 INFO  Restarting mosquitto too frequently in the last 10 seconds. It was only up for 4 seconds
18:06:11 INFO  Delaying execution by 7 seconds
18:06:32 INFO  Executed sudo&lt;tedge_connect_c8y&gt;, exit status 0, duration 13 secs
18:06:33 INFO  Executed sudo&lt;tedge_connect_c8y_test&gt;, exit status 0
18:06:33 INFO  Executed systemctl&lt;serv_mosq2&gt;, exit status 0
18:06:34 INFO  Executed systemctl&lt;serv_mapper3&gt;, exit status 0
18:06:36 INFO  State of current operation: SUCCESSFUL
18:06:36 INFO  Response status: 201
18:06:36 INFO  Response to action: {
    &quot;creationTime&quot;: &quot;2022-04-27T18:06:36.601Z&quot;,
    &quot;deviceName&quot;: &quot;m32sd10d&quot;,
    &quot;deviceId&quot;: &quot;17820341&quot;,
    &quot;self&quot;: &quot;https://t493319102.eu-latest.cumulocity.com/devicecontrol/operations/17832346&quot;,
    &quot;id&quot;: &quot;17832346&quot;,
    &quot;status&quot;: &quot;PENDING&quot;,
    &quot;description&quot;: &quot;Apply software changes, triggered from PySys: [{'name': 'does_not_exist', 'id': '5446165', 'version': '::apt', 'url': '', 'action': 'install'}]&quot;,
    &quot;c8y_SoftwareUpdate&quot;: [
        {
            &quot;name&quot;: &quot;does_not_exist&quot;,
            &quot;action&quot;: &quot;install&quot;,
            &quot;id&quot;: &quot;5446165&quot;,
            &quot;version&quot;: &quot;::apt&quot;,
            &quot;url&quot;: &quot;&quot;
        }
    ]
}
18:06:36 INFO  Started operation: {'creationTime': '2022-04-27T18:06:36.601Z', 'deviceName': 'm32sd10d', 'deviceId': '17820341', 'self': 'https://t493319102.eu-latest.cumulocity.com/devicecontrol/operations/17832346', 'id': '17832346', 'status': 'PENDING', 'description': &quot;Apply software changes, triggered from PySys: [{'name': 'does_not_exist', 'id': '5446165', 'version': '::apt', 'url': '', 'action': 'install'}]&quot;, 'c8y_SoftwareUpdate': [{'name': 'does_not_exist', 'action': 'install', 'id': '5446165', 'version': '::apt', 'url': ''}]}
18:06:38 INFO  State of operation 17832346 : PENDING
18:06:41 INFO  State of operation 17832346 : EXECUTING
18:06:43 INFO  State of operation 17832346 : EXECUTING
18:06:45 INFO  State of operation 17832346 : EXECUTING
18:06:47 INFO  State of operation 17832346 : EXECUTING
18:06:49 INFO  State of operation 17832346 : EXECUTING
18:06:52 INFO  State of operation 17832346 : EXECUTING
18:06:55 INFO  State of operation 17832346 : EXECUTING
18:06:57 INFO  State of operation 17832346 : EXECUTING
18:07:00 INFO  State of operation 17832346 : EXECUTING
18:07:02 INFO  State of operation 17832346 : EXECUTING
18:07:04 INFO  State of operation 17832346 : EXECUTING
18:07:06 INFO  State of operation 17832346 : EXECUTING
18:07:09 INFO  State of operation 17832346 : EXECUTING
18:07:11 INFO  State of operation 17832346 : EXECUTING
18:07:13 INFO  State of operation 17832346 : EXECUTING
18:07:16 INFO  State of operation 17832346 : EXECUTING
18:07:18 INFO  State of operation 17832346 : EXECUTING
18:07:21 INFO  State of operation 17832346 : EXECUTING
18:07:23 INFO  State of operation 17832346 : EXECUTING
18:07:25 INFO  State of operation 17832346 : FAILED
18:07:25 WARN  TypeError occurred while running test - 'NoneType' object is not iterable
Traceback (most recent call last):
  File &quot;/home/pi/env-pysys/lib/python3.7/site-packages/pysys/baserunner.py&quot;, line 1296, in __call__
    self.testObj.validate()
  File &quot;/home/pi/actions-runner/_work/thin-edge.io/thin-edge.io/tests/PySys/software_management_end_to_end/sm_apt_install_fail/run.py&quot;, line 31, in validate
    &quot;False == value&quot;, value=self.check_is_installed(&quot;does_not_exist&quot;)
  File &quot;/home/pi/actions-runner/_work/thin-edge.io/thin-edge.io/tests/PySys/software_management_end_to_end/environment_sm_management.py&quot;, line 398, in check_is_installed
    for package in package_list:
TypeError: 'NoneType' object is not iterable
18:07:25 WARN  TypeError: 'NoneType' object is not iterable ... blocked 
18:07:25 INFO  
18:07:25 INFO  cleanup:
18:07:29 INFO  Executed sudo&lt;tedge_disconnect_c8y&gt;, exit status 0
18:07:30 INFO  Executed systemctl&lt;serv_mapper5&gt;, exit status 3
18:07:30 INFO  
18:07:30 INFO  Test duration: 79.06 secs
18:07:30 INFO  Test final outcome:  BLOCKED
18:07:30 INFO  Test outcome reason: TypeError: 'NoneType' object is not iterable
18:07:30 INFO  
</system-out>
	</testcase>
</testsuite>
