<?xml version="1.0" encoding="utf-8"?>
<testsuite failures="1" name="SoftwareManagement.sm_docker_install_remove_multiple" skipped="0" tests="1" time="36.66" timestamp="2022-05-03T09:45:36">
	<testcase classname="SMDockerInstallRemove" name="SoftwareManagement.sm_docker_install_remove_multiple">
		<failure message="BLOCKED: SystemError: The operation has failed" type="BLOCKED"/>
		<system-out>09:44:59 INFO  ==============================================================
09:44:59 INFO  Id:    SoftwareManagement.sm_docker_install_remove_multiple
09:44:59 INFO  Dir:   software_management_end_to_end/
09:44:59 INFO  Title: Validate end to end behaviour for the docker plugin for multiple docker images with mixed versions
09:44:59 INFO  ==============================================================
09:45:01 INFO  Using sw id database: {'asciijump': '5475369', 'robotfindskitten': '5474869', 'squirrel3': '5475279', 'rolldice': '5152439', 'moon-buggy': '5439204', 'apple': '5495053', 'banana': '5494888', 'cherry': '5495382', 'watermelon': '5494510', 'registry': '8018911', 'hello-world': '8021526', 'docker/getting-started': '8021973', 'alpine': '7991792'}
09:45:01 INFO  EnvironmentC8y Setup
09:45:01 INFO  Executed systemctl&lt;serv_mapper1&gt;, exit status 3
09:45:16 INFO  Executed sudo&lt;tedge_connect_c8y&gt;, exit status 0, duration 14 secs
09:45:17 INFO  Executed sudo&lt;tedge_connect_c8y_test&gt;, exit status 0
09:45:17 INFO  Executed systemctl&lt;serv_mosq2&gt;, exit status 0
09:45:18 INFO  Executed systemctl&lt;serv_mapper3&gt;, exit status 0
09:45:20 INFO  State of current operation: SUCCESSFUL
09:45:20 INFO  Response status: 201
09:45:20 INFO  Response to action: {
    &quot;delivery&quot;: {
        &quot;time&quot;: &quot;2022-05-03T09:45:20.521Z&quot;,
        &quot;log&quot;: [],
        &quot;status&quot;: &quot;PENDING&quot;
    },
    &quot;creationTime&quot;: &quot;2022-05-03T09:45:20.509Z&quot;,
    &quot;deviceName&quot;: &quot;m32sd10a&quot;,
    &quot;deviceId&quot;: &quot;18270352&quot;,
    &quot;self&quot;: &quot;https://t493319102.eu-latest.cumulocity.com/devicecontrol/operations/18298349&quot;,
    &quot;id&quot;: &quot;18298349&quot;,
    &quot;status&quot;: &quot;PENDING&quot;,
    &quot;description&quot;: &quot;Apply software changes, triggered from PySys: [{'action': 'install', 'id': '8021526', 'name': 'hello-world', 'url': '', 'version': '::docker'}, {'action': 'install', 'id': '8018911', 'name': 'registry', 'url': '', 'version': '2.6.2::docker'}]&quot;,
    &quot;c8y_SoftwareUpdate&quot;: [
        {
            &quot;name&quot;: &quot;hello-world&quot;,
            &quot;action&quot;: &quot;install&quot;,
            &quot;id&quot;: &quot;8021526&quot;,
            &quot;version&quot;: &quot;::docker&quot;,
            &quot;url&quot;: &quot;&quot;
        },
        {
            &quot;name&quot;: &quot;registry&quot;,
            &quot;action&quot;: &quot;install&quot;,
            &quot;id&quot;: &quot;8018911&quot;,
            &quot;version&quot;: &quot;2.6.2::docker&quot;,
            &quot;url&quot;: &quot;&quot;
        }
    ]
}
09:45:20 INFO  Started operation: {'delivery': {'time': '2022-05-03T09:45:20.521Z', 'log': [], 'status': 'PENDING'}, 'creationTime': '2022-05-03T09:45:20.509Z', 'deviceName': 'm32sd10a', 'deviceId': '18270352', 'self': 'https://t493319102.eu-latest.cumulocity.com/devicecontrol/operations/18298349', 'id': '18298349', 'status': 'PENDING', 'description': &quot;Apply software changes, triggered from PySys: [{'action': 'install', 'id': '8021526', 'name': 'hello-world', 'url': '', 'version': '::docker'}, {'action': 'install', 'id': '8018911', 'name': 'registry', 'url': '', 'version': '2.6.2::docker'}]&quot;, 'c8y_SoftwareUpdate': [{'name': 'hello-world', 'action': 'install', 'id': '8021526', 'version': '::docker', 'url': ''}, {'name': 'registry', 'action': 'install', 'id': '8018911', 'version': '2.6.2::docker', 'url': ''}]}
09:45:22 INFO  State of operation 18298349 : PENDING
09:45:24 INFO  State of operation 18298349 : EXECUTING
09:45:27 INFO  State of operation 18298349 : EXECUTING
09:45:29 INFO  State of operation 18298349 : EXECUTING
09:45:31 INFO  State of operation 18298349 : FAILED
09:45:31 ERROR Stopping as the operation has failed
09:45:31 WARN  SystemError occurred while running test - The operation has failed
Traceback (most recent call last):
  File &quot;/home/pi/env-pysys/lib/python3.7/site-packages/pysys/baserunner.py&quot;, line 1292, in __call__
    self.testObj.setup()
  File &quot;/home/pi/actions-runner/_work/thin-edge.io/thin-edge.io/tests/PySys/software_management_end_to_end/sm_docker_install_remove_multiple/run.py&quot;, line 55, in setup
    self.wait_until_succcess()
  File &quot;/home/pi/actions-runner/_work/thin-edge.io/thin-edge.io/tests/PySys/software_management_end_to_end/environment_sm_management.py&quot;, line 324, in wait_until_succcess
    self.wait_until_status(&quot;SUCCESSFUL&quot;)
  File &quot;/home/pi/actions-runner/_work/thin-edge.io/thin-edge.io/tests/PySys/software_management_end_to_end/environment_sm_management.py&quot;, line 361, in wait_until_status
    raise SystemError(&quot;The operation has failed&quot;)
SystemError: The operation has failed
09:45:31 WARN  SystemError: The operation has failed ... blocked 
09:45:31 INFO  
09:45:31 INFO  cleanup:
09:45:35 INFO  Executed sudo&lt;tedge_disconnect_c8y&gt;, exit status 0
09:45:36 INFO  Executed systemctl&lt;serv_mapper5&gt;, exit status 3
09:45:36 INFO  
09:45:36 INFO  Test duration: 36.66 secs
09:45:36 INFO  Test final outcome:  BLOCKED
09:45:36 INFO  Test outcome reason: SystemError: The operation has failed
09:45:36 INFO  
</system-out>
	</testcase>
</testsuite>
