<?xml version="1.0" encoding="utf-8"?>
<testsuite failures="1" name="SoftwareManagement.sm_docker_install_remove_multiple" skipped="0" tests="1" time="114.43" timestamp="2022-04-27T18:28:31">
	<testcase classname="SMDockerInstallRemove" name="SoftwareManagement.sm_docker_install_remove_multiple">
		<failure message="BLOCKED: SystemError: The operation has failed" type="BLOCKED"/>
		<system-out>18:26:37 INFO  ==============================================================
18:26:37 INFO  Id:    SoftwareManagement.sm_docker_install_remove_multiple
18:26:37 INFO  Dir:   software_management_end_to_end/
18:26:37 INFO  Title: Validate end to end behaviour for the docker plugin for multiple docker images with mixed versions
18:26:37 INFO  ==============================================================
18:26:39 INFO  Using sw id database: {'asciijump': '5475369', 'robotfindskitten': '5474869', 'squirrel3': '5475279', 'rolldice': '5152439', 'moon-buggy': '5439204', 'apple': '5495053', 'banana': '5494888', 'cherry': '5495382', 'watermelon': '5494510', 'registry': '8018911', 'hello-world': '8021526', 'docker/getting-started': '8021973', 'alpine': '7991792'}
18:26:39 INFO  EnvironmentC8y Setup
18:26:40 INFO  Executed systemctl&lt;serv_mapper1&gt;, exit status 3
18:26:57 INFO  Executed sudo&lt;tedge_connect_c8y&gt;, exit status 0, duration 16 secs
18:26:57 INFO  Executed sudo&lt;tedge_connect_c8y_test&gt;, exit status 0
18:26:58 INFO  Executed systemctl&lt;serv_mosq2&gt;, exit status 0
18:26:58 INFO  Executed systemctl&lt;serv_mapper3&gt;, exit status 0
18:27:00 INFO  State of current operation: SUCCESSFUL
18:27:01 INFO  Response status: 201
18:27:01 INFO  Response to action: {
    &quot;creationTime&quot;: &quot;2022-04-27T18:27:01.108Z&quot;,
    &quot;deviceName&quot;: &quot;m32sd10a&quot;,
    &quot;deviceId&quot;: &quot;17820339&quot;,
    &quot;self&quot;: &quot;https://t493319102.eu-latest.cumulocity.com/devicecontrol/operations/17832438&quot;,
    &quot;id&quot;: &quot;17832438&quot;,
    &quot;status&quot;: &quot;PENDING&quot;,
    &quot;description&quot;: &quot;Apply software changes, triggered from PySys: [{'action': 'install', 'id': '8021526', 'name': 'hello-world', 'url': '', 'version': '::docker'}, {'action': 'install', 'id': '8018911', 'name': 'registry', 'url': '', 'version': '2.6.2::docker'}]&quot;,
    &quot;c8y_SoftwareUpdate&quot;: [
        {
            &quot;name&quot;: &quot;hello-world&quot;,
            &quot;action&quot;: &quot;install&quot;,
            &quot;id&quot;: &quot;8021526&quot;,
            &quot;version&quot;: &quot;::docker&quot;,
            &quot;url&quot;: &quot;&quot;
        },
        {
            &quot;name&quot;: &quot;registry&quot;,
            &quot;action&quot;: &quot;install&quot;,
            &quot;id&quot;: &quot;8018911&quot;,
            &quot;version&quot;: &quot;2.6.2::docker&quot;,
            &quot;url&quot;: &quot;&quot;
        }
    ]
}
18:27:01 INFO  Started operation: {'creationTime': '2022-04-27T18:27:01.108Z', 'deviceName': 'm32sd10a', 'deviceId': '17820339', 'self': 'https://t493319102.eu-latest.cumulocity.com/devicecontrol/operations/17832438', 'id': '17832438', 'status': 'PENDING', 'description': &quot;Apply software changes, triggered from PySys: [{'action': 'install', 'id': '8021526', 'name': 'hello-world', 'url': '', 'version': '::docker'}, {'action': 'install', 'id': '8018911', 'name': 'registry', 'url': '', 'version': '2.6.2::docker'}]&quot;, 'c8y_SoftwareUpdate': [{'name': 'hello-world', 'action': 'install', 'id': '8021526', 'version': '::docker', 'url': ''}, {'name': 'registry', 'action': 'install', 'id': '8018911', 'version': '2.6.2::docker', 'url': ''}]}
18:27:03 INFO  State of operation 17832438 : PENDING
18:27:05 INFO  State of operation 17832438 : EXECUTING
18:27:07 INFO  State of operation 17832438 : EXECUTING
18:27:10 INFO  State of operation 17832438 : EXECUTING
18:27:12 INFO  State of operation 17832438 : EXECUTING
18:27:14 INFO  State of operation 17832438 : EXECUTING
18:27:17 INFO  State of operation 17832438 : EXECUTING
18:27:19 INFO  State of operation 17832438 : EXECUTING
18:27:22 INFO  State of operation 17832438 : EXECUTING
18:27:24 INFO  State of operation 17832438 : EXECUTING
18:27:26 INFO  State of operation 17832438 : EXECUTING
18:27:30 INFO  State of operation 17832438 : EXECUTING
18:27:32 INFO  State of operation 17832438 : EXECUTING
18:27:34 INFO  State of operation 17832438 : EXECUTING
18:27:36 INFO  State of operation 17832438 : EXECUTING
18:27:38 INFO  State of operation 17832438 : EXECUTING
18:27:41 INFO  State of operation 17832438 : SUCCESSFUL
18:27:42 INFO  Package hello-world is installed
18:27:42 INFO  Package hello-world is installed
18:27:42 INFO  Assert that (True == value) with value=True ... passed
18:27:42 INFO  Package registry is installed
18:27:42 INFO  Assert that (True == value) with value=True ... passed
18:27:43 INFO  Assert that (False == value) with value=False ... passed
18:27:43 INFO  Response status: 201
18:27:43 INFO  Response to action: {
    &quot;creationTime&quot;: &quot;2022-04-27T18:27:43.261Z&quot;,
    &quot;deviceName&quot;: &quot;m32sd10a&quot;,
    &quot;deviceId&quot;: &quot;17820339&quot;,
    &quot;self&quot;: &quot;https://t493319102.eu-latest.cumulocity.com/devicecontrol/operations/17832446&quot;,
    &quot;id&quot;: &quot;17832446&quot;,
    &quot;status&quot;: &quot;PENDING&quot;,
    &quot;description&quot;: &quot;Apply software changes, triggered from PySys: [{'action': 'install', 'id': '8018911', 'name': 'registry', 'url': '', 'version': '2.7.1::docker'}, {'action': 'install', 'id': '7991792', 'name': 'alpine', 'url': '', 'version': '::docker'}]&quot;,
    &quot;c8y_SoftwareUpdate&quot;: [
        {
            &quot;name&quot;: &quot;registry&quot;,
            &quot;action&quot;: &quot;install&quot;,
            &quot;id&quot;: &quot;8018911&quot;,
            &quot;version&quot;: &quot;2.7.1::docker&quot;,
            &quot;url&quot;: &quot;&quot;
        },
        {
            &quot;name&quot;: &quot;alpine&quot;,
            &quot;action&quot;: &quot;install&quot;,
            &quot;id&quot;: &quot;7991792&quot;,
            &quot;version&quot;: &quot;::docker&quot;,
            &quot;url&quot;: &quot;&quot;
        }
    ]
}
18:27:43 INFO  Started operation: {'creationTime': '2022-04-27T18:27:43.261Z', 'deviceName': 'm32sd10a', 'deviceId': '17820339', 'self': 'https://t493319102.eu-latest.cumulocity.com/devicecontrol/operations/17832446', 'id': '17832446', 'status': 'PENDING', 'description': &quot;Apply software changes, triggered from PySys: [{'action': 'install', 'id': '8018911', 'name': 'registry', 'url': '', 'version': '2.7.1::docker'}, {'action': 'install', 'id': '7991792', 'name': 'alpine', 'url': '', 'version': '::docker'}]&quot;, 'c8y_SoftwareUpdate': [{'name': 'registry', 'action': 'install', 'id': '8018911', 'version': '2.7.1::docker', 'url': ''}, {'name': 'alpine', 'action': 'install', 'id': '7991792', 'version': '::docker', 'url': ''}]}
18:27:45 INFO  State of operation 17832446 : PENDING
18:27:47 INFO  State of operation 17832446 : EXECUTING
18:27:49 INFO  State of operation 17832446 : EXECUTING
18:27:52 INFO  State of operation 17832446 : EXECUTING
18:27:54 INFO  State of operation 17832446 : EXECUTING
18:27:56 INFO  State of operation 17832446 : EXECUTING
18:27:58 INFO  State of operation 17832446 : EXECUTING
18:28:01 INFO  State of operation 17832446 : FAILED
18:28:01 ERROR Stopping as the operation has failed
18:28:01 WARN  SystemError occurred while running test - The operation has failed
Traceback (most recent call last):
  File &quot;/home/pi/env-pysys/lib/python3.7/site-packages/pysys/baserunner.py&quot;, line 1294, in __call__
    self.testObj.execute()
  File &quot;/home/pi/actions-runner/_work/thin-edge.io/thin-edge.io/tests/PySys/software_management_end_to_end/sm_docker_install_remove_multiple/run.py&quot;, line 91, in execute
    self.wait_until_succcess()
  File &quot;/home/pi/actions-runner/_work/thin-edge.io/thin-edge.io/tests/PySys/software_management_end_to_end/environment_sm_management.py&quot;, line 324, in wait_until_succcess
    self.wait_until_status(&quot;SUCCESSFUL&quot;)
  File &quot;/home/pi/actions-runner/_work/thin-edge.io/thin-edge.io/tests/PySys/software_management_end_to_end/environment_sm_management.py&quot;, line 361, in wait_until_status
    raise SystemError(&quot;The operation has failed&quot;)
SystemError: The operation has failed
18:28:01 WARN  SystemError: The operation has failed ... blocked 
18:28:01 INFO  
18:28:01 INFO  cleanup:
18:28:02 INFO  Response status: 201
18:28:02 INFO  Response to action: {
    &quot;creationTime&quot;: &quot;2022-04-27T18:28:02.008Z&quot;,
    &quot;deviceName&quot;: &quot;m32sd10a&quot;,
    &quot;deviceId&quot;: &quot;17820339&quot;,
    &quot;self&quot;: &quot;https://t493319102.eu-latest.cumulocity.com/devicecontrol/operations/17832448&quot;,
    &quot;id&quot;: &quot;17832448&quot;,
    &quot;status&quot;: &quot;PENDING&quot;,
    &quot;description&quot;: &quot;Apply software changes, triggered from PySys: [{'action': 'delete', 'id': '8018911', 'name': 'registry', 'url': '', 'version': '2.7.1::docker'}, {'action': 'delete', 'id': '7991792', 'name': 'alpine', 'url': '', 'version': '::docker'}, {'action': 'delete', 'id': '8021526', 'name': 'hello-world', 'url': '', 'version': '::docker'}]&quot;,
    &quot;c8y_SoftwareUpdate&quot;: [
        {
            &quot;name&quot;: &quot;registry&quot;,
            &quot;action&quot;: &quot;delete&quot;,
            &quot;id&quot;: &quot;8018911&quot;,
            &quot;version&quot;: &quot;2.7.1::docker&quot;,
            &quot;url&quot;: &quot;&quot;
        },
        {
            &quot;name&quot;: &quot;alpine&quot;,
            &quot;action&quot;: &quot;delete&quot;,
            &quot;id&quot;: &quot;7991792&quot;,
            &quot;version&quot;: &quot;::docker&quot;,
            &quot;url&quot;: &quot;&quot;
        },
        {
            &quot;name&quot;: &quot;hello-world&quot;,
            &quot;action&quot;: &quot;delete&quot;,
            &quot;id&quot;: &quot;8021526&quot;,
            &quot;version&quot;: &quot;::docker&quot;,
            &quot;url&quot;: &quot;&quot;
        }
    ]
}
18:28:02 INFO  Started operation: {'creationTime': '2022-04-27T18:28:02.008Z', 'deviceName': 'm32sd10a', 'deviceId': '17820339', 'self': 'https://t493319102.eu-latest.cumulocity.com/devicecontrol/operations/17832448', 'id': '17832448', 'status': 'PENDING', 'description': &quot;Apply software changes, triggered from PySys: [{'action': 'delete', 'id': '8018911', 'name': 'registry', 'url': '', 'version': '2.7.1::docker'}, {'action': 'delete', 'id': '7991792', 'name': 'alpine', 'url': '', 'version': '::docker'}, {'action': 'delete', 'id': '8021526', 'name': 'hello-world', 'url': '', 'version': '::docker'}]&quot;, 'c8y_SoftwareUpdate': [{'name': 'registry', 'action': 'delete', 'id': '8018911', 'version': '2.7.1::docker', 'url': ''}, {'name': 'alpine', 'action': 'delete', 'id': '7991792', 'version': '::docker', 'url': ''}, {'name': 'hello-world', 'action': 'delete', 'id': '8021526', 'version': '::docker', 'url': ''}]}
18:28:04 INFO  State of operation 17832448 : PENDING
18:28:06 INFO  State of operation 17832448 : EXECUTING
18:28:08 INFO  State of operation 17832448 : EXECUTING
18:28:10 INFO  State of operation 17832448 : EXECUTING
18:28:13 INFO  State of operation 17832448 : EXECUTING
18:28:15 INFO  State of operation 17832448 : SUCCESSFUL
18:28:26 INFO  Assert that (False == value) with value=False ... passed
18:28:26 INFO  Assert that (False == value) with value=False ... passed
18:28:27 INFO  Assert that (False == value) with value=False ... passed
18:28:31 INFO  Executed sudo&lt;tedge_disconnect_c8y&gt;, exit status 0
18:28:31 INFO  Executed systemctl&lt;serv_mapper5&gt;, exit status 3
18:28:31 INFO  
18:28:31 INFO  Test duration: 114.43 secs
18:28:31 INFO  Test final outcome:  BLOCKED
18:28:31 INFO  Test outcome reason: SystemError: The operation has failed
18:28:31 INFO  
</system-out>
	</testcase>
</testsuite>
