<?xml version="1.0" encoding="utf-8"?>
<testsuite failures="1" name="docker_plugin_remove_with_version" skipped="0" tests="1" time="4.55" timestamp="2022-05-13T11:58:11">
	<testcase classname="DockerPluginRemoveWithVersionTest" name="docker_plugin_remove_with_version">
		<failure message="BLOCKED: sudo&lt;docker_run&gt; returned non-zero exit code 125" type="BLOCKED"/>
		<system-out>11:58:06 INFO  ==============================================================
11:58:06 INFO  Id:    docker_plugin_remove_with_version
11:58:06 INFO  Dir:   plugin_docker/
11:58:06 INFO  Title: Validate docker plugin remove with version
11:58:06 INFO  ==============================================================
11:58:07 INFO  Executed sudo&lt;docker_images&gt;, exit status 0
11:58:07 INFO  Grep on file /home/pi/actions-runner/_work/thin-edge.io/thin-edge.io/tests/PySys/plugin_docker/docker_plugin_remove_with_version/Output/linux/docker_images.out ... passed
11:58:09 WARN  Executed sudo&lt;docker_run&gt;, exit status 125
11:58:09 INFO  Contents of docker_run.err: 
  Unable to find image 'registry:2.7.1' locally
  docker: Error response from daemon: toomanyrequests: You have reached your pull rate limit. You may increase the limit by authenticating and upgrading: https://www.docker.com/increase-rate-limit.
  See 'docker run --help'.
  -----

11:58:09 WARN  sudo&lt;docker_run&gt; returned non-zero exit code 125 ... blocked 
11:58:09 WARN  Aborted test due to BLOCKED outcome
11:58:09 INFO  
11:58:09 INFO  cleanup:
11:58:09 INFO  Removing containers scheduled to be cleaned up: ['', '']
11:58:10 WARN  Executed sudo&lt;containers_for_cleanup&gt;, exit status 1
11:58:10 INFO  Removing images scheduled to be cleaned up: ['registry', 'registry:2.7.1']
11:58:11 INFO  Executed sudo&lt;containers_for_cleanup&gt;, exit status 0
11:58:11 INFO  
11:58:11 INFO  Test duration: 4.55 secs
11:58:11 INFO  Test final outcome:  BLOCKED
11:58:11 INFO  Test outcome reason: sudo&lt;docker_run&gt; returned non-zero exit code 125
11:58:11 INFO  
</system-out>
	</testcase>
</testsuite>
