<?xml version="1.0" encoding="utf-8"?>
<testsuite failures="0" name="docker_plugin_update" skipped="0" tests="1" time="63.1" timestamp="2022-04-27T14:04:11">
	<testcase classname="DockerPluginUpdateTest" name="docker_plugin_update"/>
</testsuite>
