<?xml version="1.0" encoding="utf-8"?>
<testsuite failures="1" name="SoftwareManagement.sm_docker_install_remove_multiple" skipped="0" tests="1" time="111.95" timestamp="2022-04-28T09:15:51">
	<testcase classname="SMDockerInstallRemove" name="SoftwareManagement.sm_docker_install_remove_multiple">
		<failure message="BLOCKED: SystemError: The operation has failed" type="BLOCKED"/>
		<system-out>09:13:59 INFO  ==============================================================
09:13:59 INFO  Id:    SoftwareManagement.sm_docker_install_remove_multiple
09:13:59 INFO  Dir:   software_management_end_to_end/
09:13:59 INFO  Title: Validate end to end behaviour for the docker plugin for multiple docker images with mixed versions
09:13:59 INFO  ==============================================================
09:14:01 INFO  Using sw id database: {'asciijump': '5475369', 'robotfindskitten': '5474869', 'squirrel3': '5475279', 'rolldice': '5152439', 'moon-buggy': '5439204', 'apple': '5495053', 'banana': '5494888', 'cherry': '5495382', 'watermelon': '5494510', 'registry': '8018911', 'hello-world': '8021526', 'docker/getting-started': '8021973', 'alpine': '7991792'}
09:14:01 INFO  EnvironmentC8y Setup
09:14:01 INFO  Executed systemctl&lt;serv_mapper1&gt;, exit status 3
09:14:18 INFO  Executed sudo&lt;tedge_connect_c8y&gt;, exit status 0, duration 16 secs
09:14:19 INFO  Executed sudo&lt;tedge_connect_c8y_test&gt;, exit status 0
09:14:19 INFO  Executed systemctl&lt;serv_mosq2&gt;, exit status 0
09:14:20 INFO  Executed systemctl&lt;serv_mapper3&gt;, exit status 0
09:14:22 INFO  State of current operation: SUCCESSFUL
09:14:22 INFO  Response status: 201
09:14:22 INFO  Response to action: {
    &quot;creationTime&quot;: &quot;2022-04-28T09:14:22.948Z&quot;,
    &quot;deviceName&quot;: &quot;m32sd10a&quot;,
    &quot;deviceId&quot;: &quot;17848498&quot;,
    &quot;self&quot;: &quot;https://t493319102.eu-latest.cumulocity.com/devicecontrol/operations/17887585&quot;,
    &quot;id&quot;: &quot;17887585&quot;,
    &quot;status&quot;: &quot;PENDING&quot;,
    &quot;description&quot;: &quot;Apply software changes, triggered from PySys: [{'action': 'install', 'id': '8021526', 'name': 'hello-world', 'url': '', 'version': '::docker'}, {'action': 'install', 'id': '8018911', 'name': 'registry', 'url': '', 'version': '2.6.2::docker'}]&quot;,
    &quot;c8y_SoftwareUpdate&quot;: [
        {
            &quot;name&quot;: &quot;hello-world&quot;,
            &quot;action&quot;: &quot;install&quot;,
            &quot;id&quot;: &quot;8021526&quot;,
            &quot;version&quot;: &quot;::docker&quot;,
            &quot;url&quot;: &quot;&quot;
        },
        {
            &quot;name&quot;: &quot;registry&quot;,
            &quot;action&quot;: &quot;install&quot;,
            &quot;id&quot;: &quot;8018911&quot;,
            &quot;version&quot;: &quot;2.6.2::docker&quot;,
            &quot;url&quot;: &quot;&quot;
        }
    ]
}
09:14:22 INFO  Started operation: {'creationTime': '2022-04-28T09:14:22.948Z', 'deviceName': 'm32sd10a', 'deviceId': '17848498', 'self': 'https://t493319102.eu-latest.cumulocity.com/devicecontrol/operations/17887585', 'id': '17887585', 'status': 'PENDING', 'description': &quot;Apply software changes, triggered from PySys: [{'action': 'install', 'id': '8021526', 'name': 'hello-world', 'url': '', 'version': '::docker'}, {'action': 'install', 'id': '8018911', 'name': 'registry', 'url': '', 'version': '2.6.2::docker'}]&quot;, 'c8y_SoftwareUpdate': [{'name': 'hello-world', 'action': 'install', 'id': '8021526', 'version': '::docker', 'url': ''}, {'name': 'registry', 'action': 'install', 'id': '8018911', 'version': '2.6.2::docker', 'url': ''}]}
09:14:25 INFO  State of operation 17887585 : PENDING
09:14:27 INFO  State of operation 17887585 : EXECUTING
09:14:29 INFO  State of operation 17887585 : EXECUTING
09:14:31 INFO  State of operation 17887585 : EXECUTING
09:14:34 INFO  State of operation 17887585 : EXECUTING
09:14:36 INFO  State of operation 17887585 : EXECUTING
09:14:39 INFO  State of operation 17887585 : EXECUTING
09:14:41 INFO  State of operation 17887585 : EXECUTING
09:14:43 INFO  State of operation 17887585 : EXECUTING
09:14:45 INFO  State of operation 17887585 : EXECUTING
09:14:48 INFO  State of operation 17887585 : EXECUTING
09:14:50 INFO  State of operation 17887585 : EXECUTING
09:14:53 INFO  State of operation 17887585 : EXECUTING
09:14:55 INFO  State of operation 17887585 : EXECUTING
09:14:57 INFO  State of operation 17887585 : EXECUTING
09:14:59 INFO  State of operation 17887585 : EXECUTING
09:15:02 INFO  State of operation 17887585 : SUCCESSFUL
09:15:03 INFO  Package hello-world is installed
09:15:04 INFO  Package hello-world is installed
09:15:04 INFO  Assert that (True == value) with value=True ... passed
09:15:04 INFO  Package registry is installed
09:15:04 INFO  Assert that (True == value) with value=True ... passed
09:15:04 INFO  Assert that (False == value) with value=False ... passed
09:15:04 INFO  Response status: 201
09:15:04 INFO  Response to action: {
    &quot;creationTime&quot;: &quot;2022-04-28T09:15:04.866Z&quot;,
    &quot;deviceName&quot;: &quot;m32sd10a&quot;,
    &quot;deviceId&quot;: &quot;17848498&quot;,
    &quot;self&quot;: &quot;https://t493319102.eu-latest.cumulocity.com/devicecontrol/operations/17887615&quot;,
    &quot;id&quot;: &quot;17887615&quot;,
    &quot;status&quot;: &quot;PENDING&quot;,
    &quot;description&quot;: &quot;Apply software changes, triggered from PySys: [{'action': 'install', 'id': '8018911', 'name': 'registry', 'url': '', 'version': '2.7.1::docker'}, {'action': 'install', 'id': '7991792', 'name': 'alpine', 'url': '', 'version': '::docker'}]&quot;,
    &quot;c8y_SoftwareUpdate&quot;: [
        {
            &quot;name&quot;: &quot;registry&quot;,
            &quot;action&quot;: &quot;install&quot;,
            &quot;id&quot;: &quot;8018911&quot;,
            &quot;version&quot;: &quot;2.7.1::docker&quot;,
            &quot;url&quot;: &quot;&quot;
        },
        {
            &quot;name&quot;: &quot;alpine&quot;,
            &quot;action&quot;: &quot;install&quot;,
            &quot;id&quot;: &quot;7991792&quot;,
            &quot;version&quot;: &quot;::docker&quot;,
            &quot;url&quot;: &quot;&quot;
        }
    ]
}
09:15:04 INFO  Started operation: {'creationTime': '2022-04-28T09:15:04.866Z', 'deviceName': 'm32sd10a', 'deviceId': '17848498', 'self': 'https://t493319102.eu-latest.cumulocity.com/devicecontrol/operations/17887615', 'id': '17887615', 'status': 'PENDING', 'description': &quot;Apply software changes, triggered from PySys: [{'action': 'install', 'id': '8018911', 'name': 'registry', 'url': '', 'version': '2.7.1::docker'}, {'action': 'install', 'id': '7991792', 'name': 'alpine', 'url': '', 'version': '::docker'}]&quot;, 'c8y_SoftwareUpdate': [{'name': 'registry', 'action': 'install', 'id': '8018911', 'version': '2.7.1::docker', 'url': ''}, {'name': 'alpine', 'action': 'install', 'id': '7991792', 'version': '::docker', 'url': ''}]}
09:15:07 INFO  State of operation 17887615 : PENDING
09:15:09 INFO  State of operation 17887615 : EXECUTING
09:15:11 INFO  State of operation 17887615 : EXECUTING
09:15:13 INFO  State of operation 17887615 : EXECUTING
09:15:16 INFO  State of operation 17887615 : EXECUTING
09:15:18 INFO  State of operation 17887615 : EXECUTING
09:15:20 INFO  State of operation 17887615 : EXECUTING
09:15:22 INFO  State of operation 17887615 : FAILED
09:15:22 ERROR Stopping as the operation has failed
09:15:22 WARN  SystemError occurred while running test - The operation has failed
Traceback (most recent call last):
  File &quot;/home/pi/env-pysys/lib/python3.7/site-packages/pysys/baserunner.py&quot;, line 1294, in __call__
    self.testObj.execute()
  File &quot;/home/pi/actions-runner/_work/thin-edge.io/thin-edge.io/tests/PySys/software_management_end_to_end/sm_docker_install_remove_multiple/run.py&quot;, line 91, in execute
    self.wait_until_succcess()
  File &quot;/home/pi/actions-runner/_work/thin-edge.io/thin-edge.io/tests/PySys/software_management_end_to_end/environment_sm_management.py&quot;, line 324, in wait_until_succcess
    self.wait_until_status(&quot;SUCCESSFUL&quot;)
  File &quot;/home/pi/actions-runner/_work/thin-edge.io/thin-edge.io/tests/PySys/software_management_end_to_end/environment_sm_management.py&quot;, line 361, in wait_until_status
    raise SystemError(&quot;The operation has failed&quot;)
SystemError: The operation has failed
09:15:23 WARN  SystemError: The operation has failed ... blocked 
09:15:23 INFO  
09:15:23 INFO  cleanup:
09:15:23 INFO  Response status: 201
09:15:23 INFO  Response to action: {
    &quot;creationTime&quot;: &quot;2022-04-28T09:15:23.639Z&quot;,
    &quot;deviceName&quot;: &quot;m32sd10a&quot;,
    &quot;deviceId&quot;: &quot;17848498&quot;,
    &quot;self&quot;: &quot;https://t493319102.eu-latest.cumulocity.com/devicecontrol/operations/17887621&quot;,
    &quot;id&quot;: &quot;17887621&quot;,
    &quot;status&quot;: &quot;PENDING&quot;,
    &quot;description&quot;: &quot;Apply software changes, triggered from PySys: [{'action': 'delete', 'id': '8018911', 'name': 'registry', 'url': '', 'version': '2.7.1::docker'}, {'action': 'delete', 'id': '7991792', 'name': 'alpine', 'url': '', 'version': '::docker'}, {'action': 'delete', 'id': '8021526', 'name': 'hello-world', 'url': '', 'version': '::docker'}]&quot;,
    &quot;c8y_SoftwareUpdate&quot;: [
        {
            &quot;name&quot;: &quot;registry&quot;,
            &quot;action&quot;: &quot;delete&quot;,
            &quot;id&quot;: &quot;8018911&quot;,
            &quot;version&quot;: &quot;2.7.1::docker&quot;,
            &quot;url&quot;: &quot;&quot;
        },
        {
            &quot;name&quot;: &quot;alpine&quot;,
            &quot;action&quot;: &quot;delete&quot;,
            &quot;id&quot;: &quot;7991792&quot;,
            &quot;version&quot;: &quot;::docker&quot;,
            &quot;url&quot;: &quot;&quot;
        },
        {
            &quot;name&quot;: &quot;hello-world&quot;,
            &quot;action&quot;: &quot;delete&quot;,
            &quot;id&quot;: &quot;8021526&quot;,
            &quot;version&quot;: &quot;::docker&quot;,
            &quot;url&quot;: &quot;&quot;
        }
    ]
}
09:15:23 INFO  Started operation: {'creationTime': '2022-04-28T09:15:23.639Z', 'deviceName': 'm32sd10a', 'deviceId': '17848498', 'self': 'https://t493319102.eu-latest.cumulocity.com/devicecontrol/operations/17887621', 'id': '17887621', 'status': 'PENDING', 'description': &quot;Apply software changes, triggered from PySys: [{'action': 'delete', 'id': '8018911', 'name': 'registry', 'url': '', 'version': '2.7.1::docker'}, {'action': 'delete', 'id': '7991792', 'name': 'alpine', 'url': '', 'version': '::docker'}, {'action': 'delete', 'id': '8021526', 'name': 'hello-world', 'url': '', 'version': '::docker'}]&quot;, 'c8y_SoftwareUpdate': [{'name': 'registry', 'action': 'delete', 'id': '8018911', 'version': '2.7.1::docker', 'url': ''}, {'name': 'alpine', 'action': 'delete', 'id': '7991792', 'version': '::docker', 'url': ''}, {'name': 'hello-world', 'action': 'delete', 'id': '8021526', 'version': '::docker', 'url': ''}]}
09:15:25 INFO  State of operation 17887621 : PENDING
09:15:28 INFO  State of operation 17887621 : EXECUTING
09:15:30 INFO  State of operation 17887621 : EXECUTING
09:15:32 INFO  State of operation 17887621 : EXECUTING
09:15:34 INFO  State of operation 17887621 : SUCCESSFUL
09:15:46 INFO  Assert that (False == value) with value=False ... passed
09:15:46 INFO  Assert that (False == value) with value=False ... passed
09:15:46 INFO  Assert that (False == value) with value=False ... passed
09:15:50 INFO  Executed sudo&lt;tedge_disconnect_c8y&gt;, exit status 0
09:15:51 INFO  Executed systemctl&lt;serv_mapper5&gt;, exit status 3
09:15:51 INFO  
09:15:51 INFO  Test duration: 111.95 secs
09:15:51 INFO  Test final outcome:  BLOCKED
09:15:51 INFO  Test outcome reason: SystemError: The operation has failed
09:15:51 INFO  
</system-out>
	</testcase>
</testsuite>
