<?xml version="1.0" encoding="utf-8"?>
<testsuite failures="1" name="docker_plugin_finalize" skipped="0" tests="1" time="6.92" timestamp="2022-05-13T11:57:48">
	<testcase classname="DockerPluginFinalizeTest" name="docker_plugin_finalize">
		<failure message="BLOCKED: sudo&lt;docker_pull&gt; returned non-zero exit code 1" type="BLOCKED"/>
		<system-out>11:57:41 INFO  ==============================================================
11:57:41 INFO  Id:    docker_plugin_finalize
11:57:41 INFO  Dir:   plugin_docker/
11:57:41 INFO  Title: Validate docker plugin finalize command
11:57:41 INFO  ==============================================================
11:57:46 INFO  Executed sudo&lt;docker_images&gt;, exit status 0
11:57:46 INFO  Grep on file /home/pi/actions-runner/_work/thin-edge.io/thin-edge.io/tests/PySys/plugin_docker/docker_plugin_finalize/Output/linux/docker_images.out ... passed
11:57:48 WARN  Executed sudo&lt;docker_pull&gt;, exit status 1
11:57:48 INFO  Contents of docker_pull.err: 
  Error response from daemon: toomanyrequests: You have reached your pull rate limit. You may increase the limit by authenticating and upgrading: https://www.docker.com/increase-rate-limit
  -----

11:57:48 WARN  sudo&lt;docker_pull&gt; returned non-zero exit code 1 ... blocked 
11:57:48 WARN  Aborted test due to BLOCKED outcome
11:57:48 INFO  
11:57:48 INFO  cleanup:
11:57:48 INFO  
11:57:48 INFO  Test duration: 6.92 secs
11:57:48 INFO  Test final outcome:  BLOCKED
11:57:48 INFO  Test outcome reason: sudo&lt;docker_pull&gt; returned non-zero exit code 1
11:57:48 INFO  
</system-out>
	</testcase>
</testsuite>
