<?xml version="1.0" encoding="utf-8"?>
<testsuite failures="0" name="docker_plugin_update" skipped="0" tests="1" time="63.99" timestamp="2022-05-11T11:05:52">
	<testcase classname="DockerPluginUpdateTest" name="docker_plugin_update"/>
</testsuite>
