<?xml version="1.0" encoding="utf-8"?>
<testsuite failures="1" name="docker_plugin_remove_with_version" skipped="0" tests="1" time="5.85" timestamp="2022-05-13T15:53:47">
	<testcase classname="DockerPluginRemoveWithVersionTest" name="docker_plugin_remove_with_version">
		<failure message="BLOCKED: sudo&lt;docker_run&gt; returned non-zero exit code 125" type="BLOCKED"/>
		<system-out>15:53:41 INFO  ==============================================================
15:53:41 INFO  Id:    docker_plugin_remove_with_version
15:53:41 INFO  Dir:   plugin_docker/
15:53:41 INFO  Title: Validate docker plugin remove with version
15:53:41 INFO  ==============================================================
15:53:42 INFO  Executed sudo&lt;docker_images&gt;, exit status 0
15:53:42 INFO  Grep on file /home/pi/actions-runner/_work/thin-edge.io/thin-edge.io/tests/PySys/plugin_docker/docker_plugin_remove_with_version/Output/linux/docker_images.out ... passed
15:53:44 WARN  Executed sudo&lt;docker_run&gt;, exit status 125
15:53:44 INFO  Contents of docker_run.err: 
  Unable to find image 'registry:2.7.1' locally
  docker: Error response from daemon: toomanyrequests: You have reached your pull rate limit. You may increase the limit by authenticating and upgrading: https://www.docker.com/increase-rate-limit.
  See 'docker run --help'.
  -----

15:53:45 WARN  sudo&lt;docker_run&gt; returned non-zero exit code 125 ... blocked 
15:53:45 WARN  Aborted test due to BLOCKED outcome
15:53:45 INFO  
15:53:45 INFO  cleanup:
15:53:45 INFO  Removing containers scheduled to be cleaned up: ['2175a5016dd0', '3d1425c9df57', '2bd939a930e3192161b80f0848e6f129d12c0fdae2ee8df3e58e283b5e3c56ef\n']
15:53:46 WARN  Executed sudo&lt;containers_for_cleanup&gt;, exit status 1
15:53:46 INFO  Removing images scheduled to be cleaned up: ['registry', 'registry', 'registry:2.7.1', 'registry']
15:53:47 INFO  Executed sudo&lt;containers_for_cleanup&gt;, exit status 0
15:53:47 INFO  
15:53:47 INFO  Test duration: 5.85 secs
15:53:47 INFO  Test final outcome:  BLOCKED
15:53:47 INFO  Test outcome reason: sudo&lt;docker_run&gt; returned non-zero exit code 125
15:53:47 INFO  
</system-out>
	</testcase>
</testsuite>
