<?xml version="1.0" encoding="utf-8"?>
<testsuite failures="1" name="SoftwareManagement.Plugin.apama_plugin_mon_support" skipped="0" tests="1" time="29.07" timestamp="2022-04-25T22:09:02">
	<testcase classname="ApamaPluginMonSupportTest" name="SoftwareManagement.Plugin.apama_plugin_mon_support">
		<failure message="FAILED: Assertion that path exists=False for &quot;/etc/tedge/apama/project&quot;" type="FAILED"/>
		<system-out>22:08:33 INFO  ==============================================================
22:08:33 INFO  Id:    SoftwareManagement.Plugin.apama_plugin_mon_support
22:08:33 INFO  Dir:   plugin_apama/
22:08:33 INFO  Title: Validate mon file support of apama plugin
22:08:33 INFO  ==============================================================
22:08:33 WARN  Assertion that path exists=False for &quot;/etc/tedge/apama/project&quot; ... failed 
22:08:34 INFO  Executed sudo&lt;create_project_dir&gt;, exit status 0
22:08:34 INFO  Executed sudo&lt;unzip_apama_project&gt;, exit status 0
22:08:35 INFO  Executed sudo&lt;move_apama_project&gt;, exit status 0
22:08:36 INFO  Executed sudo&lt;restart_apama_service&gt;, exit status 0
22:08:37 INFO  Executed sudo&lt;apama_correlator_wait&gt;, exit status 0
22:08:38 INFO  Executed sudo&lt;apama_list_monitors&gt;, exit status 0
22:08:38 INFO  Grep on file /home/pi/actions-runner/_work/thin-edge.io/thin-edge.io/tests/PySys/plugin_apama/apama_plugin_mon_support/Output/linux/apama_list_monitors.out ... passed
22:08:38 INFO  Executed sudo&lt;plugin_list_before_install&gt;, exit status 0
22:08:39 INFO  Executed sudo&lt;plugin_install&gt;, exit status 0
22:08:40 INFO  Executed sudo&lt;apama_correlator_wait&gt;, exit status 0
22:08:41 INFO  Executed sudo&lt;plugin_list_after_install&gt;, exit status 0
22:08:42 INFO  Executed sudo&lt;plugin_update&gt;, exit status 0
22:08:43 INFO  Executed sudo&lt;apama_correlator_wait&gt;, exit status 0
22:08:43 INFO  Executed sudo&lt;plugin_list_after_update&gt;, exit status 0
22:08:44 INFO  Executed sudo&lt;plugin_remove&gt;, exit status 0
22:08:45 INFO  Executed sudo&lt;plugin_list_after_remove&gt;, exit status 0
22:08:45 INFO  Grep on file plugin_list_before_install.out ... passed
22:08:45 INFO  Grep on file plugin_list_after_install.out ... passed
22:08:45 INFO  Grep on file plugin_list_after_update.out ... passed
22:08:45 INFO  Grep on file plugin_list_after_remove.out ... passed
22:08:45 INFO  
22:08:45 INFO  cleanup:
22:08:45 INFO  Removing apama project
22:08:45 INFO  Executed sudo&lt;remove_apama_project&gt;, exit status 0
22:09:02 INFO  Executed sudo&lt;stop_apama_service&gt;, exit status 0, duration 16 secs
22:09:02 INFO  Executed sudo&lt;remove_apama_tmp_dir&gt;, exit status 0
22:09:02 INFO  
22:09:02 INFO  Test duration: 29.07 secs
22:09:02 INFO  Test final outcome:  FAILED
22:09:02 INFO  Test outcome reason: Assertion that path exists=False for &quot;/etc/tedge/apama/project&quot;
22:09:02 INFO  
</system-out>
	</testcase>
</testsuite>
