<?xml version="1.0" encoding="utf-8"?>
<testsuite failures="1" name="SoftwareManagement.Plugin.apama_plugin_install" skipped="0" tests="1" time="32.64" timestamp="2022-04-27T09:27:27">
	<testcase classname="ApamaPluginInstallTest" name="SoftwareManagement.Plugin.apama_plugin_install">
		<failure message="BLOCKED: sudo&lt;plugin_install&gt; returned non-zero exit code 2" type="BLOCKED"/>
		<system-out>09:26:54 INFO  ==============================================================
09:26:54 INFO  Id:    SoftwareManagement.Plugin.apama_plugin_install
09:26:54 INFO  Dir:   plugin_apama/
09:26:54 INFO  Title: Validate apama plugin install
09:26:54 INFO  ==============================================================
09:26:54 INFO  Assertion that path exists=False for &quot;/etc/tedge/apama/project&quot; ... passed
09:27:08 WARN  Executed sudo&lt;plugin_install&gt;, exit status 2, duration 14 secs
09:27:08 INFO  Contents of plugin_install.err: 
  Failed to connect to remote component: Failed to connect to localhost:15903: Connection refused
  ERROR: Execution of `/opt/softwareag/Apama/bin/apama_env` failed with exit status exit status: 1
  -----

09:27:08 WARN  sudo&lt;plugin_install&gt; returned non-zero exit code 2 ... blocked [run.py:29]
09:27:08 WARN  Aborted test due to BLOCKED outcome
09:27:08 INFO  
09:27:08 INFO  cleanup:
09:27:08 INFO  Removing apama project
09:27:09 INFO  Executed sudo&lt;remove_apama_project&gt;, exit status 0
09:27:26 INFO  Executed sudo&lt;stop_apama_service&gt;, exit status 0, duration 17 secs
09:27:27 INFO  Executed sudo&lt;remove_apama_tmp_dir&gt;, exit status 0
09:27:27 INFO  
09:27:27 INFO  Test duration: 32.64 secs
09:27:27 INFO  Test final outcome:  BLOCKED
09:27:27 INFO  Test outcome reason: sudo&lt;plugin_install&gt; returned non-zero exit code 2
09:27:27 INFO  
</system-out>
	</testcase>
</testsuite>
