<?xml version="1.0" encoding="utf-8"?>
<testsuite failures="1" name="SoftwareManagement.Plugin.apama_plugin_install" skipped="0" tests="1" time="29.43" timestamp="2022-04-24T12:53:06">
	<testcase classname="ApamaPluginInstallTest" name="SoftwareManagement.Plugin.apama_plugin_install">
		<failure message="BLOCKED: sudo&lt;plugin_install&gt; returned non-zero exit code 2" type="BLOCKED"/>
		<system-out>12:52:37 INFO  ==============================================================
12:52:37 INFO  Id:    SoftwareManagement.Plugin.apama_plugin_install
12:52:37 INFO  Dir:   plugin_apama/
12:52:37 INFO  Title: Validate apama plugin install
12:52:37 INFO  ==============================================================
12:52:37 INFO  Assertion that path exists=False for &quot;/etc/tedge/apama/project&quot; ... passed
12:52:48 WARN  Executed sudo&lt;plugin_install&gt;, exit status 2, duration 11 secs
12:52:48 INFO  Contents of plugin_install.err: 
  Failed to connect to remote component: Timeout after 1ms while waiting for response for name lookup
  ERROR: Execution of `/opt/softwareag/Apama/bin/apama_env` failed with exit status exit status: 1
  -----

12:52:48 WARN  sudo&lt;plugin_install&gt; returned non-zero exit code 2 ... blocked [run.py:29]
12:52:48 WARN  Aborted test due to BLOCKED outcome
12:52:48 INFO  
12:52:48 INFO  cleanup:
12:52:48 INFO  Removing apama project
12:52:49 INFO  Executed sudo&lt;remove_apama_project&gt;, exit status 0
12:53:05 INFO  Executed sudo&lt;stop_apama_service&gt;, exit status 0, duration 16 secs
12:53:06 INFO  Executed sudo&lt;remove_apama_tmp_dir&gt;, exit status 0
12:53:06 INFO  
12:53:06 INFO  Test duration: 29.43 secs
12:53:06 INFO  Test final outcome:  BLOCKED
12:53:06 INFO  Test outcome reason: sudo&lt;plugin_install&gt; returned non-zero exit code 2
12:53:06 INFO  
</system-out>
	</testcase>
</testsuite>
