<?xml version="1.0" encoding="utf-8"?>
<testsuite failures="1" name="SoftwareManagement.Plugin.apama_plugin_mon_support" skipped="0" tests="1" time="12.56" timestamp="2022-04-27T14:00:14">
	<testcase classname="ApamaPluginMonSupportTest" name="SoftwareManagement.Plugin.apama_plugin_mon_support">
		<failure message="BLOCKED: sudo&lt;remove_apama_project&gt; returned non-zero exit code 1 (+1 other failures)" type="BLOCKED"/>
		<system-out>14:00:01 INFO  ==============================================================
14:00:01 INFO  Id:    SoftwareManagement.Plugin.apama_plugin_mon_support
14:00:01 INFO  Dir:   plugin_apama/
14:00:01 INFO  Title: Validate mon file support of apama plugin
14:00:01 INFO  ==============================================================
14:00:01 INFO  Assertion that path exists=False for &quot;/etc/tedge/apama/project&quot; ... passed
14:00:02 INFO  Executed sudo&lt;create_project_dir&gt;, exit status 0
14:00:03 INFO  Executed sudo&lt;unzip_apama_project&gt;, exit status 0
14:00:03 INFO  Executed sudo&lt;move_apama_project&gt;, exit status 0
14:00:04 INFO  Executed sudo&lt;restart_apama_service&gt;, exit status 0
14:00:05 INFO  Executed sudo&lt;apama_correlator_wait&gt;, exit status 0
14:00:06 INFO  Executed sudo&lt;apama_list_monitors&gt;, exit status 0
14:00:06 INFO  Grep on file /home/pi/actions-runner/_work/thin-edge.io/thin-edge.io/tests/PySys/plugin_apama/apama_plugin_mon_support/Output/linux/apama_list_monitors.out ... passed
14:00:07 INFO  Executed sudo&lt;plugin_list_before_install&gt;, exit status 0
14:00:08 INFO  Executed sudo&lt;plugin_install&gt;, exit status 0
14:00:08 INFO  Executed sudo&lt;apama_correlator_wait&gt;, exit status 0
14:00:09 INFO  Executed sudo&lt;plugin_list_after_install&gt;, exit status 0
14:00:10 INFO  Executed sudo&lt;plugin_update&gt;, exit status 0
14:00:11 INFO  Executed sudo&lt;apama_correlator_wait&gt;, exit status 0
14:00:12 INFO  Executed sudo&lt;plugin_list_after_update&gt;, exit status 0
14:00:12 INFO  Executed sudo&lt;plugin_remove&gt;, exit status 0
14:00:13 INFO  Executed sudo&lt;plugin_list_after_remove&gt;, exit status 0
14:00:13 INFO  Grep on file plugin_list_before_install.out ... passed
14:00:13 INFO  Grep on file plugin_list_after_install.out ... passed
14:00:13 INFO  Grep on file plugin_list_after_update.out ... passed
14:00:13 INFO  Grep on file plugin_list_after_remove.out ... passed
14:00:13 INFO  
14:00:13 INFO  cleanup:
14:00:13 INFO  Removing apama project
14:00:14 WARN  Executed sudo&lt;remove_apama_project&gt;, exit status 1
14:00:14 INFO  Contents of remove_apama_project.err: 
  rm: cannot remove '/etc/tedge/apama/project/logs': Directory not empty
  -----

14:00:14 ERROR Error while running cleanup function: 
Traceback (most recent call last):
  File &quot;/home/pi/env-pysys/lib/python3.7/site-packages/pysys/process/user.py&quot;, line 1305, in cleanup
    fn()
  File &quot;/home/pi/actions-runner/_work/thin-edge.io/thin-edge.io/tests/PySys/plugin_apama/environment_apama_plugin.py&quot;, line 144, in cleanup_project
    self.remove_project()
  File &quot;/home/pi/actions-runner/_work/thin-edge.io/thin-edge.io/tests/PySys/plugin_apama/environment_apama_plugin.py&quot;, line 95, in remove_project
    stdouterr=&quot;remove_apama_project&quot;,
  File &quot;/home/pi/env-pysys/lib/python3.7/site-packages/pysys/process/user.py&quot;, line 482, in startProcess
    abortOnError=abortOnError)
  File &quot;/home/pi/env-pysys/lib/python3.7/site-packages/pysys/process/user.py&quot;, line 1401, in addOutcome
    self.abort(outcome, outcomeReason, callRecord)
  File &quot;/home/pi/env-pysys/lib/python3.7/site-packages/pysys/process/user.py&quot;, line 1420, in abort
    raise AbortExecution(outcome, outcomeReason, callRecord)
pysys.exceptions.AbortExecution: sudo&lt;remove_apama_project&gt; returned non-zero exit code 1
14:00:14 WARN  Cleanup failed with 1 errors: Cleanup function failed: sudo&lt;remove_apama_project&gt; returned non-zero exit code 1 (AbortExecution) ... blocked 
14:00:14 INFO  
14:00:14 INFO  Test duration: 12.56 secs
14:00:14 INFO  Test final outcome:  BLOCKED
14:00:14 INFO  Test outcome reason: sudo&lt;remove_apama_project&gt; returned non-zero exit code 1 (+1 other failures)
14:00:14 INFO  
</system-out>
	</testcase>
</testsuite>
