<?xml version="1.0" encoding="utf-8"?>
<testsuite failures="1" name="SoftwareManagement.Plugin.apama_plugin_mon_support" skipped="0" tests="1" time="29.23" timestamp="2022-04-27T10:51:14">
	<testcase classname="ApamaPluginMonSupportTest" name="SoftwareManagement.Plugin.apama_plugin_mon_support">
		<failure message="FAILED: Assertion that path exists=False for &quot;/etc/tedge/apama/project&quot;" type="FAILED"/>
		<system-out>10:50:45 INFO  ==============================================================
10:50:45 INFO  Id:    SoftwareManagement.Plugin.apama_plugin_mon_support
10:50:45 INFO  Dir:   plugin_apama/
10:50:45 INFO  Title: Validate mon file support of apama plugin
10:50:45 INFO  ==============================================================
10:50:45 WARN  Assertion that path exists=False for &quot;/etc/tedge/apama/project&quot; ... failed 
10:50:46 INFO  Executed sudo&lt;create_project_dir&gt;, exit status 0
10:50:46 INFO  Executed sudo&lt;unzip_apama_project&gt;, exit status 0
10:50:47 INFO  Executed sudo&lt;move_apama_project&gt;, exit status 0
10:50:48 INFO  Executed sudo&lt;restart_apama_service&gt;, exit status 0
10:50:49 INFO  Executed sudo&lt;apama_correlator_wait&gt;, exit status 0
10:50:50 INFO  Executed sudo&lt;apama_list_monitors&gt;, exit status 0
10:50:50 INFO  Grep on file /home/pi/actions-runner/_work/thin-edge.io/thin-edge.io/tests/PySys/plugin_apama/apama_plugin_mon_support/Output/linux/apama_list_monitors.out ... passed
10:50:50 INFO  Executed sudo&lt;plugin_list_before_install&gt;, exit status 0
10:50:51 INFO  Executed sudo&lt;plugin_install&gt;, exit status 0
10:50:52 INFO  Executed sudo&lt;apama_correlator_wait&gt;, exit status 0
10:50:53 INFO  Executed sudo&lt;plugin_list_after_install&gt;, exit status 0
10:50:54 INFO  Executed sudo&lt;plugin_update&gt;, exit status 0
10:50:55 INFO  Executed sudo&lt;apama_correlator_wait&gt;, exit status 0
10:50:56 INFO  Executed sudo&lt;plugin_list_after_update&gt;, exit status 0
10:50:56 INFO  Executed sudo&lt;plugin_remove&gt;, exit status 0
10:50:57 INFO  Executed sudo&lt;plugin_list_after_remove&gt;, exit status 0
10:50:57 INFO  Grep on file plugin_list_before_install.out ... passed
10:50:57 INFO  Grep on file plugin_list_after_install.out ... passed
10:50:57 INFO  Grep on file plugin_list_after_update.out ... passed
10:50:57 INFO  Grep on file plugin_list_after_remove.out ... passed
10:50:57 INFO  
10:50:57 INFO  cleanup:
10:50:57 INFO  Removing apama project
10:50:58 INFO  Executed sudo&lt;remove_apama_project&gt;, exit status 0
10:51:14 INFO  Executed sudo&lt;stop_apama_service&gt;, exit status 0, duration 16 secs
10:51:14 INFO  Executed sudo&lt;remove_apama_tmp_dir&gt;, exit status 0
10:51:14 INFO  
10:51:14 INFO  Test duration: 29.23 secs
10:51:14 INFO  Test final outcome:  FAILED
10:51:14 INFO  Test outcome reason: Assertion that path exists=False for &quot;/etc/tedge/apama/project&quot;
10:51:14 INFO  
</system-out>
	</testcase>
</testsuite>
