<?xml version="1.0" encoding="utf-8"?>
<testsuite failures="1" name="SoftwareManagement.Plugin.apama_plugin_install" skipped="0" tests="1" time="30.44" timestamp="2022-04-27T14:00:01">
	<testcase classname="ApamaPluginInstallTest" name="SoftwareManagement.Plugin.apama_plugin_install">
		<failure message="BLOCKED: sudo&lt;plugin_install&gt; returned non-zero exit code 2" type="BLOCKED"/>
		<system-out>13:59:31 INFO  ==============================================================
13:59:31 INFO  Id:    SoftwareManagement.Plugin.apama_plugin_install
13:59:31 INFO  Dir:   plugin_apama/
13:59:31 INFO  Title: Validate apama plugin install
13:59:31 INFO  ==============================================================
13:59:31 INFO  Assertion that path exists=False for &quot;/etc/tedge/apama/project&quot; ... passed
13:59:43 WARN  Executed sudo&lt;plugin_install&gt;, exit status 2, duration 12 secs
13:59:43 INFO  Contents of plugin_install.err: 
  Failed to connect to remote component: Failed to connect to localhost:15903: Connection refused
  ERROR: Execution of `/opt/softwareag/Apama/bin/apama_env` failed with exit status exit status: 1
  -----

13:59:43 WARN  sudo&lt;plugin_install&gt; returned non-zero exit code 2 ... blocked [run.py:29]
13:59:43 WARN  Aborted test due to BLOCKED outcome
13:59:43 INFO  
13:59:43 INFO  cleanup:
13:59:43 INFO  Removing apama project
13:59:44 INFO  Executed sudo&lt;remove_apama_project&gt;, exit status 0
14:00:01 INFO  Executed sudo&lt;stop_apama_service&gt;, exit status 0, duration 16 secs
14:00:01 INFO  Executed sudo&lt;remove_apama_tmp_dir&gt;, exit status 0
14:00:01 INFO  
14:00:01 INFO  Test duration: 30.44 secs
14:00:01 INFO  Test final outcome:  BLOCKED
14:00:01 INFO  Test outcome reason: sudo&lt;plugin_install&gt; returned non-zero exit code 2
14:00:01 INFO  
</system-out>
	</testcase>
</testsuite>
