<?xml version="1.0" encoding="utf-8"?>
<testsuite failures="1" name="SoftwareManagement.Plugin.apama_plugin_mon_support" skipped="0" tests="1" time="30.2" timestamp="2022-04-27T14:00:01">
	<testcase classname="ApamaPluginMonSupportTest" name="SoftwareManagement.Plugin.apama_plugin_mon_support">
		<failure message="FAILED: Assertion that path exists=False for &quot;/etc/tedge/apama/project&quot;" type="FAILED"/>
		<system-out>13:59:31 INFO  ==============================================================
13:59:31 INFO  Id:    SoftwareManagement.Plugin.apama_plugin_mon_support
13:59:31 INFO  Dir:   plugin_apama/
13:59:31 INFO  Title: Validate mon file support of apama plugin
13:59:31 INFO  ==============================================================
13:59:31 WARN  Assertion that path exists=False for &quot;/etc/tedge/apama/project&quot; ... failed 
13:59:31 INFO  Executed sudo&lt;create_project_dir&gt;, exit status 0
13:59:32 INFO  Executed sudo&lt;unzip_apama_project&gt;, exit status 0
13:59:32 INFO  Executed sudo&lt;move_apama_project&gt;, exit status 0
13:59:34 INFO  Executed sudo&lt;restart_apama_service&gt;, exit status 0
13:59:35 INFO  Executed sudo&lt;apama_correlator_wait&gt;, exit status 0
13:59:35 INFO  Executed sudo&lt;apama_list_monitors&gt;, exit status 0
13:59:35 INFO  Grep on file /home/pi/actions-runner/_work/thin-edge.io/thin-edge.io/tests/PySys/plugin_apama/apama_plugin_mon_support/Output/linux/apama_list_monitors.out ... passed
13:59:36 INFO  Executed sudo&lt;plugin_list_before_install&gt;, exit status 0
13:59:37 INFO  Executed sudo&lt;plugin_install&gt;, exit status 0
13:59:38 INFO  Executed sudo&lt;apama_correlator_wait&gt;, exit status 0
13:59:38 INFO  Executed sudo&lt;plugin_list_after_install&gt;, exit status 0
13:59:40 INFO  Executed sudo&lt;plugin_update&gt;, exit status 0
13:59:40 INFO  Executed sudo&lt;apama_correlator_wait&gt;, exit status 0
13:59:41 INFO  Executed sudo&lt;plugin_list_after_update&gt;, exit status 0
13:59:42 INFO  Executed sudo&lt;plugin_remove&gt;, exit status 0
13:59:43 INFO  Executed sudo&lt;plugin_list_after_remove&gt;, exit status 0
13:59:43 INFO  Grep on file plugin_list_before_install.out ... passed
13:59:43 INFO  Grep on file plugin_list_after_install.out ... passed
13:59:43 INFO  Grep on file plugin_list_after_update.out ... passed
13:59:43 INFO  Grep on file plugin_list_after_remove.out ... passed
13:59:43 INFO  
13:59:43 INFO  cleanup:
13:59:43 INFO  Removing apama project
13:59:43 INFO  Executed sudo&lt;remove_apama_project&gt;, exit status 0
14:00:00 INFO  Executed sudo&lt;stop_apama_service&gt;, exit status 0, duration 17 secs
14:00:01 INFO  Executed sudo&lt;remove_apama_tmp_dir&gt;, exit status 0
14:00:01 INFO  
14:00:01 INFO  Test duration: 30.20 secs
14:00:01 INFO  Test final outcome:  FAILED
14:00:01 INFO  Test outcome reason: Assertion that path exists=False for &quot;/etc/tedge/apama/project&quot;
14:00:01 INFO  
</system-out>
	</testcase>
</testsuite>
