<?xml version="1.0" encoding="utf-8"?>
<testsuite failures="0" name="SoftwareManagement.Plugin.apama_plugin_remove" skipped="0" tests="1" time="20.66" timestamp="2022-05-11T12:32:13">
	<testcase classname="ApamaPluginRemoveTest" name="SoftwareManagement.Plugin.apama_plugin_remove"/>
</testsuite>
