<?xml version="1.0" encoding="utf-8"?>
<testsuite failures="1" name="SoftwareManagement.Plugin.apama_plugin_install" skipped="0" tests="1" time="29.72" timestamp="2022-04-24T12:53:32">
	<testcase classname="ApamaPluginInstallTest" name="SoftwareManagement.Plugin.apama_plugin_install">
		<failure message="BLOCKED: sudo&lt;plugin_install&gt; returned non-zero exit code 2" type="BLOCKED"/>
		<system-out>12:53:02 INFO  ==============================================================
12:53:02 INFO  Id:    SoftwareManagement.Plugin.apama_plugin_install
12:53:02 INFO  Dir:   plugin_apama/
12:53:02 INFO  Title: Validate apama plugin install
12:53:02 INFO  ==============================================================
12:53:02 INFO  Assertion that path exists=False for &quot;/etc/tedge/apama/project&quot; ... passed
12:53:14 WARN  Executed sudo&lt;plugin_install&gt;, exit status 2, duration 11 secs
12:53:14 INFO  Contents of plugin_install.err: 
  Failed to connect to remote component: Failed to connect to localhost:15903: Connection refused
  ERROR: Execution of `/opt/softwareag/Apama/bin/apama_env` failed with exit status exit status: 1
  -----

12:53:14 WARN  sudo&lt;plugin_install&gt; returned non-zero exit code 2 ... blocked [run.py:29]
12:53:14 WARN  Aborted test due to BLOCKED outcome
12:53:14 INFO  
12:53:14 INFO  cleanup:
12:53:14 INFO  Removing apama project
12:53:15 INFO  Executed sudo&lt;remove_apama_project&gt;, exit status 0
12:53:32 INFO  Executed sudo&lt;stop_apama_service&gt;, exit status 0, duration 16 secs
12:53:32 INFO  Executed sudo&lt;remove_apama_tmp_dir&gt;, exit status 0
12:53:32 INFO  
12:53:32 INFO  Test duration: 29.72 secs
12:53:32 INFO  Test final outcome:  BLOCKED
12:53:32 INFO  Test outcome reason: sudo&lt;plugin_install&gt; returned non-zero exit code 2
12:53:32 INFO  
</system-out>
	</testcase>
</testsuite>
