<?xml version="1.0" encoding="utf-8"?>
<testsuite failures="0" name="SoftwareManagement.Plugin.apama_plugin_remove" skipped="0" tests="1" time="18.37" timestamp="2022-04-21T14:23:46">
	<testcase classname="ApamaPluginRemoveTest" name="SoftwareManagement.Plugin.apama_plugin_remove"/>
</testsuite>
