<?xml version="1.0" encoding="utf-8"?>
<testsuite failures="0" name="SoftwareManagement.sm_mapper_fail_and_reconnect" skipped="1" tests="1" time="0.26" timestamp="2022-05-03T15:30:01">
	<testcase classname="MapperC8yReceiveLastMessageOnRestart" name="SoftwareManagement.sm_mapper_fail_and_reconnect">
		<skipped message="SKIPPED: instable https://github.com/thin-edge/thin-edge.io/issues/752"/>
		<system-out>15:30:01 INFO  ==============================================================
15:30:01 INFO  Id:    SoftwareManagement.sm_mapper_fail_and_reconnect
15:30:01 INFO  Dir:   software_management_end_to_end/
15:30:01 INFO  Title: Validate the tedge-mapper-sm-c8y for receiving the last message on restart
15:30:01 INFO  ==============================================================
15:30:01 INFO  instable https://github.com/thin-edge/thin-edge.io/issues/752 ... skipped
15:30:01 INFO  
15:30:01 INFO  Test duration: 0.26 secs
15:30:01 INFO  Test final outcome:  SKIPPED
15:30:01 INFO  Test outcome reason: instable https://github.com/thin-edge/thin-edge.io/issues/752
15:30:01 INFO  
</system-out>
	</testcase>
</testsuite>
