<?xml version="1.0" encoding="utf-8"?>
<testsuite failures="1" name="SoftwareManagement.sm_apt_install_remove_multiple" skipped="0" tests="1" time="140.1" timestamp="2022-05-03T15:20:20">
	<testcase classname="PySysTest" name="SoftwareManagement.sm_apt_install_remove_multiple">
		<failure message="FAILED: Assert that (False == value) with value=True (+2 other failures)" type="FAILED"/>
		<system-out>15:18:00 INFO  ==============================================================
15:18:00 INFO  Id:    SoftwareManagement.sm_apt_install_remove_multiple
15:18:00 INFO  Dir:   software_management_end_to_end/
15:18:00 INFO  Title: Validate end to end behaviour for the apt plugin for multiple packages
15:18:00 INFO  ==============================================================
15:18:00 INFO  Using sw id database: {'asciijump': '5475369', 'robotfindskitten': '5474869', 'squirrel3': '5475279', 'rolldice': '5152439', 'moon-buggy': '5439204', 'apple': '5495053', 'banana': '5494888', 'cherry': '5495382', 'watermelon': '5494510', 'registry': '8018911', 'hello-world': '8021526', 'docker/getting-started': '8021973', 'alpine': '7991792'}
15:18:00 INFO  EnvironmentC8y Setup
15:18:00 INFO  Executed systemctl&lt;serv_mapper1&gt;, exit status 3
15:18:00 INFO  Restarting mosquitto too frequently in the last 10 seconds. It was only up for 4 seconds
15:18:00 INFO  Delaying execution by 7 seconds
15:18:21 INFO  Executed sudo&lt;tedge_connect_c8y&gt;, exit status 0, duration 13 secs
15:18:22 INFO  Executed sudo&lt;tedge_connect_c8y_test&gt;, exit status 0
15:18:22 INFO  Executed systemctl&lt;serv_mosq2&gt;, exit status 0
15:18:23 INFO  Executed systemctl&lt;serv_mapper3&gt;, exit status 0
15:18:25 INFO  State of current operation: SUCCESSFUL
15:18:25 INFO  Assert that (False == value) with value=False ... passed
15:18:25 INFO  Package asciijump is installed
15:18:26 WARN  Assert that (False == value) with value=True ... failed 
15:18:26 INFO  Package squirrel3 is installed
15:18:26 WARN  Assert that (False == value) with value=True ... failed 
15:18:26 INFO  Package robotfindskitten is installed
15:18:26 WARN  Assert that (False == value) with value=True ... failed 
15:18:27 INFO  Response status: 201
15:18:27 INFO  Response to action: {
    &quot;creationTime&quot;: &quot;2022-05-03T15:18:26.968Z&quot;,
    &quot;deviceName&quot;: &quot;m32sd10d&quot;,
    &quot;deviceId&quot;: &quot;18298586&quot;,
    &quot;self&quot;: &quot;https://t493319102.eu-latest.cumulocity.com/devicecontrol/operations/18313942&quot;,
    &quot;id&quot;: &quot;18313942&quot;,
    &quot;status&quot;: &quot;PENDING&quot;,
    &quot;description&quot;: &quot;Apply software changes, triggered from PySys: [{'action': 'install', 'id': '5475369', 'name': 'asciijump', 'url': ' ', 'version': '::apt'}, {'action': 'install', 'id': '5474869', 'name': 'robotfindskitten', 'url': ' ', 'version': '::apt'}, {'action': 'install', 'id': '5475279', 'name': 'squirrel3', 'url': ' ', 'version': '::apt'}]&quot;,
    &quot;c8y_SoftwareUpdate&quot;: [
        {
            &quot;name&quot;: &quot;asciijump&quot;,
            &quot;action&quot;: &quot;install&quot;,
            &quot;id&quot;: &quot;5475369&quot;,
            &quot;version&quot;: &quot;::apt&quot;,
            &quot;url&quot;: &quot; &quot;
        },
        {
            &quot;name&quot;: &quot;robotfindskitten&quot;,
            &quot;action&quot;: &quot;install&quot;,
            &quot;id&quot;: &quot;5474869&quot;,
            &quot;version&quot;: &quot;::apt&quot;,
            &quot;url&quot;: &quot; &quot;
        },
        {
            &quot;name&quot;: &quot;squirrel3&quot;,
            &quot;action&quot;: &quot;install&quot;,
            &quot;id&quot;: &quot;5475279&quot;,
            &quot;version&quot;: &quot;::apt&quot;,
            &quot;url&quot;: &quot; &quot;
        }
    ]
}
15:18:27 INFO  Started operation: {'creationTime': '2022-05-03T15:18:26.968Z', 'deviceName': 'm32sd10d', 'deviceId': '18298586', 'self': 'https://t493319102.eu-latest.cumulocity.com/devicecontrol/operations/18313942', 'id': '18313942', 'status': 'PENDING', 'description': &quot;Apply software changes, triggered from PySys: [{'action': 'install', 'id': '5475369', 'name': 'asciijump', 'url': ' ', 'version': '::apt'}, {'action': 'install', 'id': '5474869', 'name': 'robotfindskitten', 'url': ' ', 'version': '::apt'}, {'action': 'install', 'id': '5475279', 'name': 'squirrel3', 'url': ' ', 'version': '::apt'}]&quot;, 'c8y_SoftwareUpdate': [{'name': 'asciijump', 'action': 'install', 'id': '5475369', 'version': '::apt', 'url': ' '}, {'name': 'robotfindskitten', 'action': 'install', 'id': '5474869', 'version': '::apt', 'url': ' '}, {'name': 'squirrel3', 'action': 'install', 'id': '5475279', 'version': '::apt', 'url': ' '}]}
15:18:29 INFO  State of operation 18313942 : PENDING
15:18:31 INFO  State of operation 18313942 : EXECUTING
15:18:33 INFO  State of operation 18313942 : EXECUTING
15:18:35 INFO  State of operation 18313942 : EXECUTING
15:18:38 INFO  State of operation 18313942 : EXECUTING
15:18:40 INFO  State of operation 18313942 : EXECUTING
15:18:43 INFO  State of operation 18313942 : EXECUTING
15:18:45 INFO  State of operation 18313942 : EXECUTING
15:18:48 INFO  State of operation 18313942 : EXECUTING
15:18:50 INFO  State of operation 18313942 : EXECUTING
15:18:52 INFO  State of operation 18313942 : EXECUTING
15:18:55 INFO  State of operation 18313942 : EXECUTING
15:18:57 INFO  State of operation 18313942 : EXECUTING
15:18:59 INFO  State of operation 18313942 : EXECUTING
15:19:01 INFO  State of operation 18313942 : EXECUTING
15:19:04 INFO  State of operation 18313942 : SUCCESSFUL
15:19:04 INFO  Assert that (False == value) with value=False ... passed
15:19:04 INFO  Package asciijump is installed
15:19:04 INFO  Assert that (True == value) with value=True ... passed
15:19:04 INFO  Package squirrel3 is installed
15:19:04 INFO  Assert that (True == value) with value=True ... passed
15:19:04 INFO  Package robotfindskitten is installed
15:19:05 INFO  Assert that (True == value) with value=True ... passed
15:19:05 INFO  Response status: 201
15:19:05 INFO  Response to action: {
    &quot;creationTime&quot;: &quot;2022-05-03T15:19:05.177Z&quot;,
    &quot;deviceName&quot;: &quot;m32sd10d&quot;,
    &quot;deviceId&quot;: &quot;18298586&quot;,
    &quot;self&quot;: &quot;https://t493319102.eu-latest.cumulocity.com/devicecontrol/operations/18313949&quot;,
    &quot;id&quot;: &quot;18313949&quot;,
    &quot;status&quot;: &quot;PENDING&quot;,
    &quot;description&quot;: &quot;Apply software changes, triggered from PySys: [{'action': 'delete', 'id': '5475369', 'name': 'asciijump', 'url': ' ', 'version': '::apt'}, {'action': 'delete', 'id': '5474869', 'name': 'robotfindskitten', 'url': ' ', 'version': '::apt'}, {'action': 'delete', 'id': '5475279', 'name': 'squirrel3', 'url': ' ', 'version': '::apt'}]&quot;,
    &quot;c8y_SoftwareUpdate&quot;: [
        {
            &quot;name&quot;: &quot;asciijump&quot;,
            &quot;action&quot;: &quot;delete&quot;,
            &quot;id&quot;: &quot;5475369&quot;,
            &quot;version&quot;: &quot;::apt&quot;,
            &quot;url&quot;: &quot; &quot;
        },
        {
            &quot;name&quot;: &quot;robotfindskitten&quot;,
            &quot;action&quot;: &quot;delete&quot;,
            &quot;id&quot;: &quot;5474869&quot;,
            &quot;version&quot;: &quot;::apt&quot;,
            &quot;url&quot;: &quot; &quot;
        },
        {
            &quot;name&quot;: &quot;squirrel3&quot;,
            &quot;action&quot;: &quot;delete&quot;,
            &quot;id&quot;: &quot;5475279&quot;,
            &quot;version&quot;: &quot;::apt&quot;,
            &quot;url&quot;: &quot; &quot;
        }
    ]
}
15:19:05 INFO  Started operation: {'creationTime': '2022-05-03T15:19:05.177Z', 'deviceName': 'm32sd10d', 'deviceId': '18298586', 'self': 'https://t493319102.eu-latest.cumulocity.com/devicecontrol/operations/18313949', 'id': '18313949', 'status': 'PENDING', 'description': &quot;Apply software changes, triggered from PySys: [{'action': 'delete', 'id': '5475369', 'name': 'asciijump', 'url': ' ', 'version': '::apt'}, {'action': 'delete', 'id': '5474869', 'name': 'robotfindskitten', 'url': ' ', 'version': '::apt'}, {'action': 'delete', 'id': '5475279', 'name': 'squirrel3', 'url': ' ', 'version': '::apt'}]&quot;, 'c8y_SoftwareUpdate': [{'name': 'asciijump', 'action': 'delete', 'id': '5475369', 'version': '::apt', 'url': ' '}, {'name': 'robotfindskitten', 'action': 'delete', 'id': '5474869', 'version': '::apt', 'url': ' '}, {'name': 'squirrel3', 'action': 'delete', 'id': '5475279', 'version': '::apt', 'url': ' '}]}
15:19:07 INFO  State of operation 18313949 : PENDING
15:19:09 INFO  State of operation 18313949 : EXECUTING
15:19:11 INFO  State of operation 18313949 : EXECUTING
15:19:14 INFO  State of operation 18313949 : EXECUTING
15:19:16 INFO  State of operation 18313949 : EXECUTING
15:19:18 INFO  State of operation 18313949 : EXECUTING
15:19:21 INFO  State of operation 18313949 : EXECUTING
15:19:24 INFO  State of operation 18313949 : EXECUTING
15:19:26 INFO  State of operation 18313949 : EXECUTING
15:19:28 INFO  State of operation 18313949 : EXECUTING
15:19:30 INFO  State of operation 18313949 : EXECUTING
15:19:33 INFO  State of operation 18313949 : EXECUTING
15:19:35 INFO  State of operation 18313949 : EXECUTING
15:19:37 INFO  State of operation 18313949 : EXECUTING
15:19:39 INFO  State of operation 18313949 : EXECUTING
15:19:42 INFO  State of operation 18313949 : EXECUTING
15:19:44 INFO  State of operation 18313949 : EXECUTING
15:19:46 INFO  State of operation 18313949 : EXECUTING
15:19:49 INFO  State of operation 18313949 : EXECUTING
15:19:51 INFO  State of operation 18313949 : EXECUTING
15:19:54 INFO  State of operation 18313949 : EXECUTING
15:19:56 INFO  State of operation 18313949 : EXECUTING
15:19:58 INFO  State of operation 18313949 : EXECUTING
15:20:00 INFO  State of operation 18313949 : EXECUTING
15:20:02 INFO  State of operation 18313949 : EXECUTING
15:20:05 INFO  State of operation 18313949 : EXECUTING
15:20:07 INFO  State of operation 18313949 : EXECUTING
15:20:10 INFO  State of operation 18313949 : EXECUTING
15:20:12 INFO  State of operation 18313949 : EXECUTING
15:20:14 INFO  State of operation 18313949 : SUCCESSFUL
15:20:14 INFO  Assert that (False == value) with value=False ... passed
15:20:15 INFO  Assert that (False == value) with value=False ... passed
15:20:15 INFO  Assert that (False == value) with value=False ... passed
15:20:15 INFO  Assert that (False == value) with value=False ... passed
15:20:15 INFO  
15:20:15 INFO  cleanup:
15:20:19 INFO  Executed sudo&lt;tedge_disconnect_c8y&gt;, exit status 0
15:20:20 INFO  Executed systemctl&lt;serv_mapper5&gt;, exit status 3
15:20:20 INFO  
15:20:20 INFO  Test duration: 140.10 secs
15:20:20 INFO  Test final outcome:  FAILED
15:20:20 INFO  Test outcome reason: Assert that (False == value) with value=True (+2 other failures)
15:20:20 INFO  
</system-out>
	</testcase>
</testsuite>
