<?xml version="1.0" encoding="utf-8"?>
<testsuite failures="1" name="SoftwareManagement.sm_mixed_install_remove_multiple" skipped="0" tests="1" time="167.75" timestamp="2022-04-27T10:07:59">
	<testcase classname="PySysTest" name="SoftwareManagement.sm_mixed_install_remove_multiple">
		<failure message="FAILED: Assert that (False == value) with value=True" type="FAILED"/>
		<system-out>10:05:11 INFO  ==============================================================
10:05:11 INFO  Id:    SoftwareManagement.sm_mixed_install_remove_multiple
10:05:11 INFO  Dir:   software_management_end_to_end/
10:05:11 INFO  Title: Validate end to end behaviour for the dummy-plugin for multiple packages with mixed versions
10:05:11 INFO  ==============================================================
10:05:11 INFO  Using sw id database: {'asciijump': '5475369', 'robotfindskitten': '5474869', 'squirrel3': '5475279', 'rolldice': '5152439', 'moon-buggy': '5439204', 'apple': '5495053', 'banana': '5494888', 'cherry': '5495382', 'watermelon': '5494510', 'registry': '8018911', 'hello-world': '8021526', 'docker/getting-started': '8021973', 'alpine': '7991792'}
10:05:11 INFO  EnvironmentC8y Setup
10:05:12 INFO  Executed systemctl&lt;serv_mapper1&gt;, exit status 3
10:05:12 INFO  Restarting mosquitto too frequently in the last 10 seconds. It was only up for 4 seconds
10:05:12 INFO  Delaying execution by 7 seconds
10:05:33 INFO  Executed sudo&lt;tedge_connect_c8y&gt;, exit status 0, duration 13 secs
10:05:33 INFO  Executed sudo&lt;tedge_connect_c8y_test&gt;, exit status 0
10:05:34 INFO  Executed systemctl&lt;serv_mosq2&gt;, exit status 0
10:05:34 INFO  Executed systemctl&lt;serv_mapper3&gt;, exit status 0
10:05:36 INFO  State of current operation: SUCCESSFUL
10:05:37 INFO  Package apple is installed
10:05:37 INFO  Assert that (True == value) with value=True ... passed
10:05:37 INFO  Package banana is installed
10:05:37 INFO  Assert that (True == value) with value=True ... passed
10:05:37 INFO  Package cherry is installed
10:05:37 INFO  Assert that (True == value) with value=True ... passed
10:05:37 INFO  Package asciijump is installed
10:05:37 WARN  Assert that (False == value) with value=True ... failed 
10:05:38 INFO  Assert that (False == value) with value=False ... passed
10:05:38 INFO  Response status: 201
10:05:38 INFO  Response to action: {
    &quot;delivery&quot;: {
        &quot;time&quot;: &quot;2022-04-27T10:05:38.249Z&quot;,
        &quot;log&quot;: [],
        &quot;status&quot;: &quot;PENDING&quot;
    },
    &quot;creationTime&quot;: &quot;2022-04-27T10:05:38.232Z&quot;,
    &quot;deviceName&quot;: &quot;m32sd10d&quot;,
    &quot;deviceId&quot;: &quot;17731194&quot;,
    &quot;self&quot;: &quot;https://t493319102.eu-latest.cumulocity.com/devicecontrol/operations/17757716&quot;,
    &quot;id&quot;: &quot;17757716&quot;,
    &quot;status&quot;: &quot;PENDING&quot;,
    &quot;description&quot;: &quot;Apply software changes, triggered from PySys: [{'action': 'install', 'id': '5495053', 'name': 'apple', 'url': ' ', 'version': '::fruits'}, {'action': 'install', 'id': '5494888', 'name': 'banana', 'url': ' ', 'version': '::fruits'}, {'action': 'install', 'id': '5475369', 'name': 'asciijump', 'url': ' ', 'version': '::apt'}, {'action': 'install', 'id': '5495382', 'name': 'cherry', 'url': ' ', 'version': '::fruits'}, {'action': 'install', 'id': '8018911', 'name': 'registry', 'url': ' ', 'version': '::docker'}]&quot;,
    &quot;c8y_SoftwareUpdate&quot;: [
        {
            &quot;name&quot;: &quot;apple&quot;,
            &quot;action&quot;: &quot;install&quot;,
            &quot;id&quot;: &quot;5495053&quot;,
            &quot;version&quot;: &quot;::fruits&quot;,
            &quot;url&quot;: &quot; &quot;
        },
        {
            &quot;name&quot;: &quot;banana&quot;,
            &quot;action&quot;: &quot;install&quot;,
            &quot;id&quot;: &quot;5494888&quot;,
            &quot;version&quot;: &quot;::fruits&quot;,
            &quot;url&quot;: &quot; &quot;
        },
        {
            &quot;name&quot;: &quot;asciijump&quot;,
            &quot;action&quot;: &quot;install&quot;,
            &quot;id&quot;: &quot;5475369&quot;,
            &quot;version&quot;: &quot;::apt&quot;,
            &quot;url&quot;: &quot; &quot;
        },
        {
            &quot;name&quot;: &quot;cherry&quot;,
            &quot;action&quot;: &quot;install&quot;,
            &quot;id&quot;: &quot;5495382&quot;,
            &quot;version&quot;: &quot;::fruits&quot;,
            &quot;url&quot;: &quot; &quot;
        },
        {
            &quot;name&quot;: &quot;registry&quot;,
            &quot;action&quot;: &quot;install&quot;,
            &quot;id&quot;: &quot;8018911&quot;,
            &quot;version&quot;: &quot;::docker&quot;,
            &quot;url&quot;: &quot; &quot;
        }
    ]
}
10:05:38 INFO  Started operation: {'delivery': {'time': '2022-04-27T10:05:38.249Z', 'log': [], 'status': 'PENDING'}, 'creationTime': '2022-04-27T10:05:38.232Z', 'deviceName': 'm32sd10d', 'deviceId': '17731194', 'self': 'https://t493319102.eu-latest.cumulocity.com/devicecontrol/operations/17757716', 'id': '17757716', 'status': 'PENDING', 'description': &quot;Apply software changes, triggered from PySys: [{'action': 'install', 'id': '5495053', 'name': 'apple', 'url': ' ', 'version': '::fruits'}, {'action': 'install', 'id': '5494888', 'name': 'banana', 'url': ' ', 'version': '::fruits'}, {'action': 'install', 'id': '5475369', 'name': 'asciijump', 'url': ' ', 'version': '::apt'}, {'action': 'install', 'id': '5495382', 'name': 'cherry', 'url': ' ', 'version': '::fruits'}, {'action': 'install', 'id': '8018911', 'name': 'registry', 'url': ' ', 'version': '::docker'}]&quot;, 'c8y_SoftwareUpdate': [{'name': 'apple', 'action': 'install', 'id': '5495053', 'version': '::fruits', 'url': ' '}, {'name': 'banana', 'action': 'install', 'id': '5494888', 'version': '::fruits', 'url': ' '}, {'name': 'asciijump', 'action': 'install', 'id': '5475369', 'version': '::apt', 'url': ' '}, {'name': 'cherry', 'action': 'install', 'id': '5495382', 'version': '::fruits', 'url': ' '}, {'name': 'registry', 'action': 'install', 'id': '8018911', 'version': '::docker', 'url': ' '}]}
10:05:40 INFO  State of operation 17757716 : PENDING
10:05:42 INFO  State of operation 17757716 : EXECUTING
10:05:44 INFO  State of operation 17757716 : EXECUTING
10:05:47 INFO  State of operation 17757716 : EXECUTING
10:05:49 INFO  State of operation 17757716 : EXECUTING
10:05:51 INFO  State of operation 17757716 : EXECUTING
10:05:54 INFO  State of operation 17757716 : EXECUTING
10:05:57 INFO  State of operation 17757716 : EXECUTING
10:05:59 INFO  State of operation 17757716 : EXECUTING
10:06:02 INFO  State of operation 17757716 : EXECUTING
10:06:04 INFO  State of operation 17757716 : EXECUTING
10:06:06 INFO  State of operation 17757716 : EXECUTING
10:06:08 INFO  State of operation 17757716 : EXECUTING
10:06:11 INFO  State of operation 17757716 : EXECUTING
10:06:13 INFO  State of operation 17757716 : EXECUTING
10:06:15 INFO  State of operation 17757716 : EXECUTING
10:06:17 INFO  State of operation 17757716 : EXECUTING
10:06:20 INFO  State of operation 17757716 : EXECUTING
10:06:22 INFO  State of operation 17757716 : EXECUTING
10:06:24 INFO  State of operation 17757716 : EXECUTING
10:06:26 INFO  State of operation 17757716 : EXECUTING
10:06:28 INFO  State of operation 17757716 : EXECUTING
10:06:31 INFO  State of operation 17757716 : EXECUTING
10:06:33 INFO  State of operation 17757716 : EXECUTING
10:06:35 INFO  State of operation 17757716 : EXECUTING
10:06:37 INFO  State of operation 17757716 : EXECUTING
10:06:40 INFO  State of operation 17757716 : SUCCESSFUL
10:06:40 INFO  Package apple is installed
10:06:40 INFO  Assert that (True == value) with value=True ... passed
10:06:40 INFO  Package banana is installed
10:06:40 INFO  Assert that (True == value) with value=True ... passed
10:06:40 INFO  Package cherry is installed
10:06:40 INFO  Assert that (True == value) with value=True ... passed
10:06:41 INFO  Package asciijump is installed
10:06:41 INFO  Assert that (True == value) with value=True ... passed
10:06:41 INFO  Package registry is installed
10:06:41 INFO  Assert that (True == value) with value=True ... passed
10:06:41 INFO  Response status: 201
10:06:41 INFO  Response to action: {
    &quot;delivery&quot;: {
        &quot;time&quot;: &quot;2022-04-27T10:06:41.491Z&quot;,
        &quot;log&quot;: [],
        &quot;status&quot;: &quot;PENDING&quot;
    },
    &quot;creationTime&quot;: &quot;2022-04-27T10:06:41.478Z&quot;,
    &quot;deviceName&quot;: &quot;m32sd10d&quot;,
    &quot;deviceId&quot;: &quot;17731194&quot;,
    &quot;self&quot;: &quot;https://t493319102.eu-latest.cumulocity.com/devicecontrol/operations/17757726&quot;,
    &quot;id&quot;: &quot;17757726&quot;,
    &quot;status&quot;: &quot;PENDING&quot;,
    &quot;description&quot;: &quot;Apply software changes, triggered from PySys: [{'action': 'delete', 'id': '5495053', 'name': 'apple', 'url': ' ', 'version': '::fruits'}, {'action': 'delete', 'id': '5494888', 'name': 'banana', 'url': ' ', 'version': '::fruits'}, {'action': 'delete', 'id': '5475369', 'name': 'asciijump', 'url': ' ', 'version': '::apt'}, {'action': 'delete', 'id': '5495382', 'name': 'cherry', 'url': ' ', 'version': '::fruits'}, {'action': 'delete', 'id': '8018911', 'name': 'registry', 'url': ' ', 'version': '::docker'}]&quot;,
    &quot;c8y_SoftwareUpdate&quot;: [
        {
            &quot;name&quot;: &quot;apple&quot;,
            &quot;action&quot;: &quot;delete&quot;,
            &quot;id&quot;: &quot;5495053&quot;,
            &quot;version&quot;: &quot;::fruits&quot;,
            &quot;url&quot;: &quot; &quot;
        },
        {
            &quot;name&quot;: &quot;banana&quot;,
            &quot;action&quot;: &quot;delete&quot;,
            &quot;id&quot;: &quot;5494888&quot;,
            &quot;version&quot;: &quot;::fruits&quot;,
            &quot;url&quot;: &quot; &quot;
        },
        {
            &quot;name&quot;: &quot;asciijump&quot;,
            &quot;action&quot;: &quot;delete&quot;,
            &quot;id&quot;: &quot;5475369&quot;,
            &quot;version&quot;: &quot;::apt&quot;,
            &quot;url&quot;: &quot; &quot;
        },
        {
            &quot;name&quot;: &quot;cherry&quot;,
            &quot;action&quot;: &quot;delete&quot;,
            &quot;id&quot;: &quot;5495382&quot;,
            &quot;version&quot;: &quot;::fruits&quot;,
            &quot;url&quot;: &quot; &quot;
        },
        {
            &quot;name&quot;: &quot;registry&quot;,
            &quot;action&quot;: &quot;delete&quot;,
            &quot;id&quot;: &quot;8018911&quot;,
            &quot;version&quot;: &quot;::docker&quot;,
            &quot;url&quot;: &quot; &quot;
        }
    ]
}
10:06:41 INFO  Started operation: {'delivery': {'time': '2022-04-27T10:06:41.491Z', 'log': [], 'status': 'PENDING'}, 'creationTime': '2022-04-27T10:06:41.478Z', 'deviceName': 'm32sd10d', 'deviceId': '17731194', 'self': 'https://t493319102.eu-latest.cumulocity.com/devicecontrol/operations/17757726', 'id': '17757726', 'status': 'PENDING', 'description': &quot;Apply software changes, triggered from PySys: [{'action': 'delete', 'id': '5495053', 'name': 'apple', 'url': ' ', 'version': '::fruits'}, {'action': 'delete', 'id': '5494888', 'name': 'banana', 'url': ' ', 'version': '::fruits'}, {'action': 'delete', 'id': '5475369', 'name': 'asciijump', 'url': ' ', 'version': '::apt'}, {'action': 'delete', 'id': '5495382', 'name': 'cherry', 'url': ' ', 'version': '::fruits'}, {'action': 'delete', 'id': '8018911', 'name': 'registry', 'url': ' ', 'version': '::docker'}]&quot;, 'c8y_SoftwareUpdate': [{'name': 'apple', 'action': 'delete', 'id': '5495053', 'version': '::fruits', 'url': ' '}, {'name': 'banana', 'action': 'delete', 'id': '5494888', 'version': '::fruits', 'url': ' '}, {'name': 'asciijump', 'action': 'delete', 'id': '5475369', 'version': '::apt', 'url': ' '}, {'name': 'cherry', 'action': 'delete', 'id': '5495382', 'version': '::fruits', 'url': ' '}, {'name': 'registry', 'action': 'delete', 'id': '8018911', 'version': '::docker', 'url': ' '}]}
10:06:43 INFO  State of operation 17757726 : PENDING
10:06:45 INFO  State of operation 17757726 : EXECUTING
10:06:48 INFO  State of operation 17757726 : EXECUTING
10:06:50 INFO  State of operation 17757726 : EXECUTING
10:06:52 INFO  State of operation 17757726 : EXECUTING
10:06:54 INFO  State of operation 17757726 : EXECUTING
10:06:57 INFO  State of operation 17757726 : EXECUTING
10:07:00 INFO  State of operation 17757726 : EXECUTING
10:07:02 INFO  State of operation 17757726 : EXECUTING
10:07:05 INFO  State of operation 17757726 : EXECUTING
10:07:07 INFO  State of operation 17757726 : EXECUTING
10:07:09 INFO  State of operation 17757726 : EXECUTING
10:07:11 INFO  State of operation 17757726 : EXECUTING
10:07:14 INFO  State of operation 17757726 : EXECUTING
10:07:16 INFO  State of operation 17757726 : EXECUTING
10:07:18 INFO  State of operation 17757726 : EXECUTING
10:07:21 INFO  State of operation 17757726 : EXECUTING
10:07:23 INFO  State of operation 17757726 : EXECUTING
10:07:25 INFO  State of operation 17757726 : EXECUTING
10:07:28 INFO  State of operation 17757726 : EXECUTING
10:07:30 INFO  State of operation 17757726 : EXECUTING
10:07:32 INFO  State of operation 17757726 : EXECUTING
10:07:34 INFO  State of operation 17757726 : EXECUTING
10:07:37 INFO  State of operation 17757726 : EXECUTING
10:07:39 INFO  State of operation 17757726 : EXECUTING
10:07:42 INFO  State of operation 17757726 : EXECUTING
10:07:44 INFO  State of operation 17757726 : EXECUTING
10:07:46 INFO  State of operation 17757726 : EXECUTING
10:07:49 INFO  State of operation 17757726 : EXECUTING
10:07:51 INFO  State of operation 17757726 : EXECUTING
10:07:53 INFO  State of operation 17757726 : SUCCESSFUL
10:07:53 INFO  Package apple is installed
10:07:53 INFO  Assert that (True == value) with value=True ... passed
10:07:53 INFO  Package banana is installed
10:07:53 INFO  Assert that (True == value) with value=True ... passed
10:07:54 INFO  Package cherry is installed
10:07:54 INFO  Assert that (True == value) with value=True ... passed
10:07:54 INFO  Assert that (False == value) with value=False ... passed
10:07:54 INFO  Assert that (False == value) with value=False ... passed
10:07:54 INFO  
10:07:54 INFO  cleanup:
10:07:58 INFO  Executed sudo&lt;tedge_disconnect_c8y&gt;, exit status 0
10:07:59 INFO  Executed systemctl&lt;serv_mapper5&gt;, exit status 3
10:07:59 INFO  
10:07:59 INFO  Test duration: 167.75 secs
10:07:59 INFO  Test final outcome:  FAILED
10:07:59 INFO  Test outcome reason: Assert that (False == value) with value=True
10:07:59 INFO  
</system-out>
	</testcase>
</testsuite>
