<?xml version="1.0" encoding="utf-8"?>
<testsuite failures="1" name="SoftwareManagement.sm_mixed_install_remove_multiple" skipped="0" tests="1" time="70.36" timestamp="2022-05-13T12:20:00">
	<testcase classname="PySysTest" name="SoftwareManagement.sm_mixed_install_remove_multiple">
		<failure message="BLOCKED: SystemError: The operation has failed (+1 other failures)" type="BLOCKED"/>
		<system-out>12:18:50 INFO  ==============================================================
12:18:50 INFO  Id:    SoftwareManagement.sm_mixed_install_remove_multiple
12:18:50 INFO  Dir:   software_management_end_to_end/
12:18:50 INFO  Title: Validate end to end behaviour for the dummy-plugin for multiple packages with mixed versions
12:18:50 INFO  ==============================================================
12:18:50 INFO  Using sw id database: {'asciijump': '5475369', 'robotfindskitten': '5474869', 'squirrel3': '5475279', 'rolldice': '5152439', 'moon-buggy': '5439204', 'apple': '5495053', 'banana': '5494888', 'cherry': '5495382', 'watermelon': '5494510', 'registry': '8018911', 'hello-world': '8021526', 'docker/getting-started': '8021973', 'alpine': '7991792'}
12:18:50 INFO  EnvironmentC8y Setup
12:18:50 INFO  Executed systemctl&lt;serv_mapper1&gt;, exit status 3
12:18:50 INFO  Restarting mosquitto too frequently in the last 10 seconds. It was only up for 4 seconds
12:18:50 INFO  Delaying execution by 7 seconds
12:19:11 INFO  Executed sudo&lt;tedge_connect_c8y&gt;, exit status 0, duration 13 secs
12:19:12 INFO  Executed sudo&lt;tedge_connect_c8y_test&gt;, exit status 0
12:19:12 INFO  Executed systemctl&lt;serv_mosq2&gt;, exit status 0
12:19:13 INFO  Executed systemctl&lt;serv_mapper3&gt;, exit status 0
12:19:15 INFO  State of current operation: SUCCESSFUL
12:19:15 INFO  Package apple is installed
12:19:15 INFO  Assert that (True == value) with value=True ... passed
12:19:15 INFO  Package banana is installed
12:19:15 INFO  Assert that (True == value) with value=True ... passed
12:19:16 INFO  Package cherry is installed
12:19:16 INFO  Assert that (True == value) with value=True ... passed
12:19:16 INFO  Package asciijump is installed
12:19:16 WARN  Assert that (False == value) with value=True ... failed 
12:19:16 INFO  Assert that (False == value) with value=False ... passed
12:19:16 INFO  Response status: 201
12:19:16 INFO  Response to action: {
    &quot;creationTime&quot;: &quot;2022-05-13T12:19:16.659Z&quot;,
    &quot;deviceId&quot;: &quot;19000394&quot;,
    &quot;deviceName&quot;: &quot;m32sd10d&quot;,
    &quot;self&quot;: &quot;https://t493319102.eu-latest.cumulocity.com/devicecontrol/operations/19028944&quot;,
    &quot;id&quot;: &quot;19028944&quot;,
    &quot;status&quot;: &quot;PENDING&quot;,
    &quot;description&quot;: &quot;Apply software changes, triggered from PySys: [{'action': 'install', 'id': '5495053', 'name': 'apple', 'url': ' ', 'version': '::fruits'}, {'action': 'install', 'id': '5494888', 'name': 'banana', 'url': ' ', 'version': '::fruits'}, {'action': 'install', 'id': '5475369', 'name': 'asciijump', 'url': ' ', 'version': '::apt'}, {'action': 'install', 'id': '5495382', 'name': 'cherry', 'url': ' ', 'version': '::fruits'}, {'action': 'install', 'id': '8018911', 'name': 'registry', 'url': ' ', 'version': '::docker'}]&quot;,
    &quot;c8y_SoftwareUpdate&quot;: [
        {
            &quot;name&quot;: &quot;apple&quot;,
            &quot;action&quot;: &quot;install&quot;,
            &quot;id&quot;: &quot;5495053&quot;,
            &quot;version&quot;: &quot;::fruits&quot;,
            &quot;url&quot;: &quot; &quot;
        },
        {
            &quot;name&quot;: &quot;banana&quot;,
            &quot;action&quot;: &quot;install&quot;,
            &quot;id&quot;: &quot;5494888&quot;,
            &quot;version&quot;: &quot;::fruits&quot;,
            &quot;url&quot;: &quot; &quot;
        },
        {
            &quot;name&quot;: &quot;asciijump&quot;,
            &quot;action&quot;: &quot;install&quot;,
            &quot;id&quot;: &quot;5475369&quot;,
            &quot;version&quot;: &quot;::apt&quot;,
            &quot;url&quot;: &quot; &quot;
        },
        {
            &quot;name&quot;: &quot;cherry&quot;,
            &quot;action&quot;: &quot;install&quot;,
            &quot;id&quot;: &quot;5495382&quot;,
            &quot;version&quot;: &quot;::fruits&quot;,
            &quot;url&quot;: &quot; &quot;
        },
        {
            &quot;name&quot;: &quot;registry&quot;,
            &quot;action&quot;: &quot;install&quot;,
            &quot;id&quot;: &quot;8018911&quot;,
            &quot;version&quot;: &quot;::docker&quot;,
            &quot;url&quot;: &quot; &quot;
        }
    ]
}
12:19:16 INFO  Started operation: {'creationTime': '2022-05-13T12:19:16.659Z', 'deviceId': '19000394', 'deviceName': 'm32sd10d', 'self': 'https://t493319102.eu-latest.cumulocity.com/devicecontrol/operations/19028944', 'id': '19028944', 'status': 'PENDING', 'description': &quot;Apply software changes, triggered from PySys: [{'action': 'install', 'id': '5495053', 'name': 'apple', 'url': ' ', 'version': '::fruits'}, {'action': 'install', 'id': '5494888', 'name': 'banana', 'url': ' ', 'version': '::fruits'}, {'action': 'install', 'id': '5475369', 'name': 'asciijump', 'url': ' ', 'version': '::apt'}, {'action': 'install', 'id': '5495382', 'name': 'cherry', 'url': ' ', 'version': '::fruits'}, {'action': 'install', 'id': '8018911', 'name': 'registry', 'url': ' ', 'version': '::docker'}]&quot;, 'c8y_SoftwareUpdate': [{'name': 'apple', 'action': 'install', 'id': '5495053', 'version': '::fruits', 'url': ' '}, {'name': 'banana', 'action': 'install', 'id': '5494888', 'version': '::fruits', 'url': ' '}, {'name': 'asciijump', 'action': 'install', 'id': '5475369', 'version': '::apt', 'url': ' '}, {'name': 'cherry', 'action': 'install', 'id': '5495382', 'version': '::fruits', 'url': ' '}, {'name': 'registry', 'action': 'install', 'id': '8018911', 'version': '::docker', 'url': ' '}]}
12:19:18 INFO  State of operation 19028944 : PENDING
12:19:21 INFO  State of operation 19028944 : EXECUTING
12:19:23 INFO  State of operation 19028944 : EXECUTING
12:19:25 INFO  State of operation 19028944 : EXECUTING
12:19:27 INFO  State of operation 19028944 : EXECUTING
12:19:30 INFO  State of operation 19028944 : EXECUTING
12:19:32 INFO  State of operation 19028944 : EXECUTING
12:19:35 INFO  State of operation 19028944 : EXECUTING
12:19:37 INFO  State of operation 19028944 : EXECUTING
12:19:40 INFO  State of operation 19028944 : EXECUTING
12:19:42 INFO  State of operation 19028944 : EXECUTING
12:19:44 INFO  State of operation 19028944 : EXECUTING
12:19:47 INFO  State of operation 19028944 : EXECUTING
12:19:49 INFO  State of operation 19028944 : EXECUTING
12:19:51 INFO  State of operation 19028944 : EXECUTING
12:19:53 INFO  State of operation 19028944 : EXECUTING
12:19:55 INFO  State of operation 19028944 : FAILED
12:19:55 ERROR Stopping as the operation has failed
12:19:55 WARN  SystemError occurred while running test - The operation has failed
Traceback (most recent call last):
  File &quot;/home/pi/env-pysys/lib/python3.7/site-packages/pysys/baserunner.py&quot;, line 1294, in __call__
    self.testObj.execute()
  File &quot;/home/pi/actions-runner/_work/thin-edge.io/thin-edge.io/tests/PySys/software_management_end_to_end/sm_mixed_install_remove_multiple/run.py&quot;, line 95, in execute
    self.wait_until_succcess()
  File &quot;/home/pi/actions-runner/_work/thin-edge.io/thin-edge.io/tests/PySys/software_management_end_to_end/environment_sm_management.py&quot;, line 324, in wait_until_succcess
    self.wait_until_status(&quot;SUCCESSFUL&quot;)
  File &quot;/home/pi/actions-runner/_work/thin-edge.io/thin-edge.io/tests/PySys/software_management_end_to_end/environment_sm_management.py&quot;, line 361, in wait_until_status
    raise SystemError(&quot;The operation has failed&quot;)
SystemError: The operation has failed
12:19:55 WARN  SystemError: The operation has failed ... blocked 
12:19:55 INFO  
12:19:55 INFO  cleanup:
12:19:59 INFO  Executed sudo&lt;tedge_disconnect_c8y&gt;, exit status 0
12:20:00 INFO  Executed systemctl&lt;serv_mapper5&gt;, exit status 3
12:20:00 INFO  
12:20:00 INFO  Test duration: 70.36 secs
12:20:00 INFO  Test final outcome:  BLOCKED
12:20:00 INFO  Test outcome reason: SystemError: The operation has failed (+1 other failures)
12:20:00 INFO  
</system-out>
	</testcase>
</testsuite>
