<?xml version="1.0" encoding="utf-8"?>
<testsuite failures="0" name="SoftwareManagement.sm_mapper_fail_and_reconnect" skipped="1" tests="1" time="0.07" timestamp="2022-05-04T09:39:55">
	<testcase classname="MapperC8yReceiveLastMessageOnRestart" name="SoftwareManagement.sm_mapper_fail_and_reconnect">
		<skipped message="SKIPPED: instable https://github.com/thin-edge/thin-edge.io/issues/752"/>
		<system-out>09:39:54 INFO  ==============================================================
09:39:54 INFO  Id:    SoftwareManagement.sm_mapper_fail_and_reconnect
09:39:54 INFO  Dir:   software_management_end_to_end/
09:39:54 INFO  Title: Validate the tedge-mapper-sm-c8y for receiving the last message on restart
09:39:54 INFO  ==============================================================
09:39:55 INFO  instable https://github.com/thin-edge/thin-edge.io/issues/752 ... skipped
09:39:55 INFO  
09:39:55 INFO  Test duration: 0.07 secs
09:39:55 INFO  Test final outcome:  SKIPPED
09:39:55 INFO  Test outcome reason: instable https://github.com/thin-edge/thin-edge.io/issues/752
09:39:55 INFO  
</system-out>
	</testcase>
</testsuite>
