<?xml version="1.0" encoding="utf-8"?>
<testsuite failures="1" name="SoftwareManagement.sm_apt_install_remove_multiple" skipped="0" tests="1" time="138.21" timestamp="2022-05-03T19:31:38">
	<testcase classname="PySysTest" name="SoftwareManagement.sm_apt_install_remove_multiple">
		<failure message="FAILED: Assert that (False == value) with value=True (+2 other failures)" type="FAILED"/>
		<system-out>19:29:20 INFO  ==============================================================
19:29:20 INFO  Id:    SoftwareManagement.sm_apt_install_remove_multiple
19:29:20 INFO  Dir:   software_management_end_to_end/
19:29:20 INFO  Title: Validate end to end behaviour for the apt plugin for multiple packages
19:29:20 INFO  ==============================================================
19:29:20 INFO  Using sw id database: {'asciijump': '5475369', 'robotfindskitten': '5474869', 'squirrel3': '5475279', 'rolldice': '5152439', 'moon-buggy': '5439204', 'apple': '5495053', 'banana': '5494888', 'cherry': '5495382', 'watermelon': '5494510', 'registry': '8018911', 'hello-world': '8021526', 'docker/getting-started': '8021973', 'alpine': '7991792'}
19:29:20 INFO  EnvironmentC8y Setup
19:29:20 INFO  Executed systemctl&lt;serv_mapper1&gt;, exit status 3
19:29:20 INFO  Restarting mosquitto too frequently in the last 10 seconds. It was only up for 4 seconds
19:29:20 INFO  Delaying execution by 7 seconds
19:29:41 INFO  Executed sudo&lt;tedge_connect_c8y&gt;, exit status 0, duration 13 secs
19:29:42 INFO  Executed sudo&lt;tedge_connect_c8y_test&gt;, exit status 0
19:29:42 INFO  Executed systemctl&lt;serv_mosq2&gt;, exit status 0
19:29:43 INFO  Executed systemctl&lt;serv_mapper3&gt;, exit status 0
19:29:45 INFO  State of current operation: SUCCESSFUL
19:29:45 INFO  Assert that (False == value) with value=False ... passed
19:29:46 INFO  Package asciijump is installed
19:29:46 WARN  Assert that (False == value) with value=True ... failed 
19:29:46 INFO  Package squirrel3 is installed
19:29:46 WARN  Assert that (False == value) with value=True ... failed 
19:29:46 INFO  Package robotfindskitten is installed
19:29:46 WARN  Assert that (False == value) with value=True ... failed 
19:29:47 INFO  Response status: 201
19:29:47 INFO  Response to action: {
    &quot;delivery&quot;: {
        &quot;time&quot;: &quot;2022-05-03T19:29:47.082Z&quot;,
        &quot;log&quot;: [],
        &quot;status&quot;: &quot;PENDING&quot;
    },
    &quot;creationTime&quot;: &quot;2022-05-03T19:29:47.062Z&quot;,
    &quot;deviceName&quot;: &quot;m32sd10d&quot;,
    &quot;deviceId&quot;: &quot;18323235&quot;,
    &quot;self&quot;: &quot;https://t493319102.eu-latest.cumulocity.com/devicecontrol/operations/18334412&quot;,
    &quot;id&quot;: &quot;18334412&quot;,
    &quot;status&quot;: &quot;PENDING&quot;,
    &quot;description&quot;: &quot;Apply software changes, triggered from PySys: [{'action': 'install', 'id': '5475369', 'name': 'asciijump', 'url': ' ', 'version': '::apt'}, {'action': 'install', 'id': '5474869', 'name': 'robotfindskitten', 'url': ' ', 'version': '::apt'}, {'action': 'install', 'id': '5475279', 'name': 'squirrel3', 'url': ' ', 'version': '::apt'}]&quot;,
    &quot;c8y_SoftwareUpdate&quot;: [
        {
            &quot;name&quot;: &quot;asciijump&quot;,
            &quot;action&quot;: &quot;install&quot;,
            &quot;id&quot;: &quot;5475369&quot;,
            &quot;version&quot;: &quot;::apt&quot;,
            &quot;url&quot;: &quot; &quot;
        },
        {
            &quot;name&quot;: &quot;robotfindskitten&quot;,
            &quot;action&quot;: &quot;install&quot;,
            &quot;id&quot;: &quot;5474869&quot;,
            &quot;version&quot;: &quot;::apt&quot;,
            &quot;url&quot;: &quot; &quot;
        },
        {
            &quot;name&quot;: &quot;squirrel3&quot;,
            &quot;action&quot;: &quot;install&quot;,
            &quot;id&quot;: &quot;5475279&quot;,
            &quot;version&quot;: &quot;::apt&quot;,
            &quot;url&quot;: &quot; &quot;
        }
    ]
}
19:29:47 INFO  Started operation: {'delivery': {'time': '2022-05-03T19:29:47.082Z', 'log': [], 'status': 'PENDING'}, 'creationTime': '2022-05-03T19:29:47.062Z', 'deviceName': 'm32sd10d', 'deviceId': '18323235', 'self': 'https://t493319102.eu-latest.cumulocity.com/devicecontrol/operations/18334412', 'id': '18334412', 'status': 'PENDING', 'description': &quot;Apply software changes, triggered from PySys: [{'action': 'install', 'id': '5475369', 'name': 'asciijump', 'url': ' ', 'version': '::apt'}, {'action': 'install', 'id': '5474869', 'name': 'robotfindskitten', 'url': ' ', 'version': '::apt'}, {'action': 'install', 'id': '5475279', 'name': 'squirrel3', 'url': ' ', 'version': '::apt'}]&quot;, 'c8y_SoftwareUpdate': [{'name': 'asciijump', 'action': 'install', 'id': '5475369', 'version': '::apt', 'url': ' '}, {'name': 'robotfindskitten', 'action': 'install', 'id': '5474869', 'version': '::apt', 'url': ' '}, {'name': 'squirrel3', 'action': 'install', 'id': '5475279', 'version': '::apt', 'url': ' '}]}
19:29:49 INFO  State of operation 18334412 : PENDING
19:29:51 INFO  State of operation 18334412 : EXECUTING
19:29:53 INFO  State of operation 18334412 : EXECUTING
19:29:55 INFO  State of operation 18334412 : EXECUTING
19:29:58 INFO  State of operation 18334412 : EXECUTING
19:30:00 INFO  State of operation 18334412 : EXECUTING
19:30:03 INFO  State of operation 18334412 : EXECUTING
19:30:05 INFO  State of operation 18334412 : EXECUTING
19:30:08 INFO  State of operation 18334412 : EXECUTING
19:30:10 INFO  State of operation 18334412 : EXECUTING
19:30:13 INFO  State of operation 18334412 : EXECUTING
19:30:15 INFO  State of operation 18334412 : EXECUTING
19:30:17 INFO  State of operation 18334412 : EXECUTING
19:30:19 INFO  State of operation 18334412 : EXECUTING
19:30:22 INFO  State of operation 18334412 : EXECUTING
19:30:24 INFO  State of operation 18334412 : SUCCESSFUL
19:30:24 INFO  Assert that (False == value) with value=False ... passed
19:30:24 INFO  Package asciijump is installed
19:30:24 INFO  Assert that (True == value) with value=True ... passed
19:30:24 INFO  Package squirrel3 is installed
19:30:24 INFO  Assert that (True == value) with value=True ... passed
19:30:25 INFO  Package robotfindskitten is installed
19:30:25 INFO  Assert that (True == value) with value=True ... passed
19:30:25 INFO  Response status: 201
19:30:25 INFO  Response to action: {
    &quot;delivery&quot;: {
        &quot;time&quot;: &quot;2022-05-03T19:30:25.408Z&quot;,
        &quot;log&quot;: [],
        &quot;status&quot;: &quot;PENDING&quot;
    },
    &quot;creationTime&quot;: &quot;2022-05-03T19:30:25.388Z&quot;,
    &quot;deviceName&quot;: &quot;m32sd10d&quot;,
    &quot;deviceId&quot;: &quot;18323235&quot;,
    &quot;self&quot;: &quot;https://t493319102.eu-latest.cumulocity.com/devicecontrol/operations/18334422&quot;,
    &quot;id&quot;: &quot;18334422&quot;,
    &quot;status&quot;: &quot;PENDING&quot;,
    &quot;description&quot;: &quot;Apply software changes, triggered from PySys: [{'action': 'delete', 'id': '5475369', 'name': 'asciijump', 'url': ' ', 'version': '::apt'}, {'action': 'delete', 'id': '5474869', 'name': 'robotfindskitten', 'url': ' ', 'version': '::apt'}, {'action': 'delete', 'id': '5475279', 'name': 'squirrel3', 'url': ' ', 'version': '::apt'}]&quot;,
    &quot;c8y_SoftwareUpdate&quot;: [
        {
            &quot;name&quot;: &quot;asciijump&quot;,
            &quot;action&quot;: &quot;delete&quot;,
            &quot;id&quot;: &quot;5475369&quot;,
            &quot;version&quot;: &quot;::apt&quot;,
            &quot;url&quot;: &quot; &quot;
        },
        {
            &quot;name&quot;: &quot;robotfindskitten&quot;,
            &quot;action&quot;: &quot;delete&quot;,
            &quot;id&quot;: &quot;5474869&quot;,
            &quot;version&quot;: &quot;::apt&quot;,
            &quot;url&quot;: &quot; &quot;
        },
        {
            &quot;name&quot;: &quot;squirrel3&quot;,
            &quot;action&quot;: &quot;delete&quot;,
            &quot;id&quot;: &quot;5475279&quot;,
            &quot;version&quot;: &quot;::apt&quot;,
            &quot;url&quot;: &quot; &quot;
        }
    ]
}
19:30:25 INFO  Started operation: {'delivery': {'time': '2022-05-03T19:30:25.408Z', 'log': [], 'status': 'PENDING'}, 'creationTime': '2022-05-03T19:30:25.388Z', 'deviceName': 'm32sd10d', 'deviceId': '18323235', 'self': 'https://t493319102.eu-latest.cumulocity.com/devicecontrol/operations/18334422', 'id': '18334422', 'status': 'PENDING', 'description': &quot;Apply software changes, triggered from PySys: [{'action': 'delete', 'id': '5475369', 'name': 'asciijump', 'url': ' ', 'version': '::apt'}, {'action': 'delete', 'id': '5474869', 'name': 'robotfindskitten', 'url': ' ', 'version': '::apt'}, {'action': 'delete', 'id': '5475279', 'name': 'squirrel3', 'url': ' ', 'version': '::apt'}]&quot;, 'c8y_SoftwareUpdate': [{'name': 'asciijump', 'action': 'delete', 'id': '5475369', 'version': '::apt', 'url': ' '}, {'name': 'robotfindskitten', 'action': 'delete', 'id': '5474869', 'version': '::apt', 'url': ' '}, {'name': 'squirrel3', 'action': 'delete', 'id': '5475279', 'version': '::apt', 'url': ' '}]}
19:30:27 INFO  State of operation 18334422 : PENDING
19:30:29 INFO  State of operation 18334422 : EXECUTING
19:30:32 INFO  State of operation 18334422 : EXECUTING
19:30:34 INFO  State of operation 18334422 : EXECUTING
19:30:36 INFO  State of operation 18334422 : EXECUTING
19:30:38 INFO  State of operation 18334422 : EXECUTING
19:30:41 INFO  State of operation 18334422 : EXECUTING
19:30:44 INFO  State of operation 18334422 : EXECUTING
19:30:46 INFO  State of operation 18334422 : EXECUTING
19:30:48 INFO  State of operation 18334422 : EXECUTING
19:30:51 INFO  State of operation 18334422 : EXECUTING
19:30:53 INFO  State of operation 18334422 : EXECUTING
19:30:55 INFO  State of operation 18334422 : EXECUTING
19:30:57 INFO  State of operation 18334422 : EXECUTING
19:30:59 INFO  State of operation 18334422 : EXECUTING
19:31:02 INFO  State of operation 18334422 : EXECUTING
19:31:04 INFO  State of operation 18334422 : EXECUTING
19:31:06 INFO  State of operation 18334422 : EXECUTING
19:31:09 INFO  State of operation 18334422 : EXECUTING
19:31:12 INFO  State of operation 18334422 : EXECUTING
19:31:14 INFO  State of operation 18334422 : EXECUTING
19:31:16 INFO  State of operation 18334422 : EXECUTING
19:31:18 INFO  State of operation 18334422 : EXECUTING
19:31:21 INFO  State of operation 18334422 : EXECUTING
19:31:23 INFO  State of operation 18334422 : EXECUTING
19:31:25 INFO  State of operation 18334422 : EXECUTING
19:31:28 INFO  State of operation 18334422 : EXECUTING
19:31:30 INFO  State of operation 18334422 : EXECUTING
19:31:32 INFO  State of operation 18334422 : SUCCESSFUL
19:31:33 INFO  Assert that (False == value) with value=False ... passed
19:31:33 INFO  Assert that (False == value) with value=False ... passed
19:31:33 INFO  Assert that (False == value) with value=False ... passed
19:31:33 INFO  Assert that (False == value) with value=False ... passed
19:31:33 INFO  
19:31:33 INFO  cleanup:
19:31:37 INFO  Executed sudo&lt;tedge_disconnect_c8y&gt;, exit status 0
19:31:38 INFO  Executed systemctl&lt;serv_mapper5&gt;, exit status 3
19:31:38 INFO  
19:31:38 INFO  Test duration: 138.21 secs
19:31:38 INFO  Test final outcome:  FAILED
19:31:38 INFO  Test outcome reason: Assert that (False == value) with value=True (+2 other failures)
19:31:38 INFO  
</system-out>
	</testcase>
</testsuite>
