<?xml version="1.0" encoding="utf-8"?>
<testsuite failures="1" name="SoftwareManagement.sm_apt_install_remove" skipped="0" tests="1" time="164.47" timestamp="2022-04-27T14:24:27">
	<testcase classname="PySysTest" name="SoftwareManagement.sm_apt_install_remove">
		<failure message="BLOCKED: SystemError: Timeout while waiting for status FAILED or SUCCESSFUL" type="BLOCKED"/>
		<system-out>14:21:42 INFO  ==============================================================
14:21:42 INFO  Id:    SoftwareManagement.sm_apt_install_remove
14:21:42 INFO  Dir:   software_management_end_to_end/
14:21:42 INFO  Title: Validate end to end behaviour for the apt plugin for installation and removal of packages
14:21:42 INFO  ==============================================================
14:21:42 INFO  Using sw id database: {'asciijump': '5475369', 'robotfindskitten': '5474869', 'squirrel3': '5475279', 'rolldice': '5152439', 'moon-buggy': '5439204', 'apple': '5495053', 'banana': '5494888', 'cherry': '5495382', 'watermelon': '5494510', 'registry': '8018911', 'hello-world': '8021526', 'docker/getting-started': '8021973', 'alpine': '7991792'}
14:21:42 INFO  EnvironmentC8y Setup
14:21:43 INFO  Executed systemctl&lt;serv_mapper1&gt;, exit status 3
14:21:43 INFO  Restarting mosquitto too frequently in the last 10 seconds. It was only up for 5 seconds
14:21:43 INFO  Delaying execution by 6 seconds
14:22:03 INFO  Executed sudo&lt;tedge_connect_c8y&gt;, exit status 0, duration 14 secs
14:22:04 INFO  Executed sudo&lt;tedge_connect_c8y_test&gt;, exit status 0
14:22:04 INFO  Executed systemctl&lt;serv_mosq2&gt;, exit status 0
14:22:05 INFO  Executed systemctl&lt;serv_mapper3&gt;, exit status 0
14:22:07 INFO  State of current operation: PENDING
14:22:09 INFO  State of current operation: PENDING
14:22:11 INFO  State of current operation: PENDING
14:22:14 INFO  State of current operation: PENDING
14:22:16 INFO  State of current operation: PENDING
14:22:18 INFO  State of current operation: PENDING
14:22:20 INFO  State of current operation: PENDING
14:22:23 INFO  State of current operation: PENDING
14:22:25 INFO  State of current operation: PENDING
14:22:27 INFO  State of current operation: PENDING
14:22:29 INFO  State of current operation: PENDING
14:22:31 INFO  State of current operation: PENDING
14:22:34 INFO  State of current operation: PENDING
14:22:36 INFO  State of current operation: PENDING
14:22:38 INFO  State of current operation: PENDING
14:22:40 INFO  State of current operation: PENDING
14:22:43 INFO  State of current operation: PENDING
14:22:45 INFO  State of current operation: PENDING
14:22:47 INFO  State of current operation: PENDING
14:22:49 INFO  State of current operation: PENDING
14:22:51 INFO  State of current operation: PENDING
14:22:54 INFO  State of current operation: PENDING
14:22:56 INFO  State of current operation: PENDING
14:22:58 INFO  State of current operation: PENDING
14:23:00 INFO  State of current operation: PENDING
14:23:03 INFO  State of current operation: PENDING
14:23:05 INFO  State of current operation: PENDING
14:23:07 INFO  State of current operation: PENDING
14:23:09 INFO  State of current operation: PENDING
14:23:11 INFO  State of current operation: PENDING
14:23:14 INFO  State of current operation: PENDING
14:23:16 INFO  State of current operation: PENDING
14:23:18 INFO  State of current operation: PENDING
14:23:20 INFO  State of current operation: PENDING
14:23:23 INFO  State of current operation: PENDING
14:23:25 INFO  State of current operation: PENDING
14:23:27 INFO  State of current operation: PENDING
14:23:29 INFO  State of current operation: PENDING
14:23:31 INFO  State of current operation: PENDING
14:23:34 INFO  State of current operation: PENDING
14:23:36 INFO  State of current operation: PENDING
14:23:38 INFO  State of current operation: PENDING
14:23:40 INFO  State of current operation: PENDING
14:23:42 INFO  State of current operation: PENDING
14:23:45 INFO  State of current operation: PENDING
14:23:47 INFO  State of current operation: PENDING
14:23:49 INFO  State of current operation: PENDING
14:23:51 INFO  State of current operation: PENDING
14:23:54 INFO  State of current operation: PENDING
14:23:56 INFO  State of current operation: PENDING
14:23:58 INFO  State of current operation: PENDING
14:24:00 INFO  State of current operation: PENDING
14:24:02 INFO  State of current operation: PENDING
14:24:05 INFO  State of current operation: PENDING
14:24:07 INFO  State of current operation: PENDING
14:24:09 INFO  State of current operation: PENDING
14:24:11 INFO  State of current operation: PENDING
14:24:14 INFO  State of current operation: PENDING
14:24:16 INFO  State of current operation: PENDING
14:24:18 INFO  State of current operation: PENDING
14:24:20 INFO  State of current operation: PENDING
14:24:22 WARN  SystemError occurred while running test - Timeout while waiting for status FAILED or SUCCESSFUL
Traceback (most recent call last):
  File &quot;/home/pi/env-pysys/lib/python3.7/site-packages/pysys/baserunner.py&quot;, line 1292, in __call__
    self.testObj.setup()
  File &quot;/home/pi/actions-runner/_work/thin-edge.io/thin-edge.io/tests/PySys/software_management_end_to_end/sm_apt_install_remove/run.py&quot;, line 27, in setup
    super().setup()
  File &quot;/home/pi/actions-runner/_work/thin-edge.io/thin-edge.io/tests/PySys/software_management_end_to_end/environment_sm_management.py&quot;, line 151, in setup
    self.wait_until_end()
  File &quot;/home/pi/actions-runner/_work/thin-edge.io/thin-edge.io/tests/PySys/software_management_end_to_end/environment_sm_management.py&quot;, line 332, in wait_until_end
    self.wait_until_status(&quot;FAILED&quot;, &quot;SUCCESSFUL&quot;)
  File &quot;/home/pi/actions-runner/_work/thin-edge.io/thin-edge.io/tests/PySys/software_management_end_to_end/environment_sm_management.py&quot;, line 381, in wait_until_status
    &quot;Timeout while waiting for status %s or %s&quot; % (status, status2)
SystemError: Timeout while waiting for status FAILED or SUCCESSFUL
14:24:22 WARN  SystemError: Timeout while waiting for status FAILED or SUCCESSFUL ... blocked 
14:24:22 INFO  
14:24:22 INFO  cleanup:
14:24:26 INFO  Executed sudo&lt;tedge_disconnect_c8y&gt;, exit status 0
14:24:27 INFO  Executed systemctl&lt;serv_mapper5&gt;, exit status 3
14:24:27 INFO  
14:24:27 INFO  Test duration: 164.47 secs
14:24:27 INFO  Test final outcome:  BLOCKED
14:24:27 INFO  Test outcome reason: SystemError: Timeout while waiting for status FAILED or SUCCESSFUL
14:24:27 INFO  
</system-out>
	</testcase>
</testsuite>
