<?xml version="1.0" encoding="utf-8"?>
<testsuite failures="1" name="SoftwareManagement.sm_mixed_install_remove_multiple" skipped="0" tests="1" time="167.54" timestamp="2022-04-24T13:33:30">
	<testcase classname="PySysTest" name="SoftwareManagement.sm_mixed_install_remove_multiple">
		<failure message="FAILED: Assert that (False == value) with value=True" type="FAILED"/>
		<system-out>13:30:43 INFO  ==============================================================
13:30:43 INFO  Id:    SoftwareManagement.sm_mixed_install_remove_multiple
13:30:43 INFO  Dir:   software_management_end_to_end/
13:30:43 INFO  Title: Validate end to end behaviour for the dummy-plugin for multiple packages with mixed versions
13:30:43 INFO  ==============================================================
13:30:43 INFO  Using sw id database: {'asciijump': '5475369', 'robotfindskitten': '5474869', 'squirrel3': '5475279', 'rolldice': '5152439', 'moon-buggy': '5439204', 'apple': '5495053', 'banana': '5494888', 'cherry': '5495382', 'watermelon': '5494510', 'registry': '8018911', 'hello-world': '8021526', 'docker/getting-started': '8021973', 'alpine': '7991792'}
13:30:43 INFO  EnvironmentC8y Setup
13:30:43 INFO  Executed systemctl&lt;serv_mapper1&gt;, exit status 3
13:30:43 INFO  Restarting mosquitto too frequently in the last 10 seconds. It was only up for 4 seconds
13:30:43 INFO  Delaying execution by 7 seconds
13:31:04 INFO  Executed sudo&lt;tedge_connect_c8y&gt;, exit status 0, duration 13 secs
13:31:05 INFO  Executed sudo&lt;tedge_connect_c8y_test&gt;, exit status 0
13:31:05 INFO  Executed systemctl&lt;serv_mosq2&gt;, exit status 0
13:31:06 INFO  Executed systemctl&lt;serv_mapper3&gt;, exit status 0
13:31:08 INFO  State of current operation: SUCCESSFUL
13:31:08 INFO  Package apple is installed
13:31:08 INFO  Assert that (True == value) with value=True ... passed
13:31:08 INFO  Package banana is installed
13:31:08 INFO  Assert that (True == value) with value=True ... passed
13:31:09 INFO  Package cherry is installed
13:31:09 INFO  Assert that (True == value) with value=True ... passed
13:31:09 INFO  Package asciijump is installed
13:31:09 WARN  Assert that (False == value) with value=True ... failed 
13:31:09 INFO  Assert that (False == value) with value=False ... passed
13:31:09 INFO  Response status: 201
13:31:09 INFO  Response to action: {
    &quot;creationTime&quot;: &quot;2022-04-24T13:31:09.658Z&quot;,
    &quot;deviceName&quot;: &quot;m32sd10d&quot;,
    &quot;deviceId&quot;: &quot;17612065&quot;,
    &quot;self&quot;: &quot;https://t493319102.eu-latest.cumulocity.com/devicecontrol/operations/17668816&quot;,
    &quot;id&quot;: &quot;17668816&quot;,
    &quot;status&quot;: &quot;PENDING&quot;,
    &quot;description&quot;: &quot;Apply software changes, triggered from PySys: [{'action': 'install', 'id': '5495053', 'name': 'apple', 'url': ' ', 'version': '::fruits'}, {'action': 'install', 'id': '5494888', 'name': 'banana', 'url': ' ', 'version': '::fruits'}, {'action': 'install', 'id': '5475369', 'name': 'asciijump', 'url': ' ', 'version': '::apt'}, {'action': 'install', 'id': '5495382', 'name': 'cherry', 'url': ' ', 'version': '::fruits'}, {'action': 'install', 'id': '8018911', 'name': 'registry', 'url': ' ', 'version': '::docker'}]&quot;,
    &quot;c8y_SoftwareUpdate&quot;: [
        {
            &quot;name&quot;: &quot;apple&quot;,
            &quot;action&quot;: &quot;install&quot;,
            &quot;id&quot;: &quot;5495053&quot;,
            &quot;version&quot;: &quot;::fruits&quot;,
            &quot;url&quot;: &quot; &quot;
        },
        {
            &quot;name&quot;: &quot;banana&quot;,
            &quot;action&quot;: &quot;install&quot;,
            &quot;id&quot;: &quot;5494888&quot;,
            &quot;version&quot;: &quot;::fruits&quot;,
            &quot;url&quot;: &quot; &quot;
        },
        {
            &quot;name&quot;: &quot;asciijump&quot;,
            &quot;action&quot;: &quot;install&quot;,
            &quot;id&quot;: &quot;5475369&quot;,
            &quot;version&quot;: &quot;::apt&quot;,
            &quot;url&quot;: &quot; &quot;
        },
        {
            &quot;name&quot;: &quot;cherry&quot;,
            &quot;action&quot;: &quot;install&quot;,
            &quot;id&quot;: &quot;5495382&quot;,
            &quot;version&quot;: &quot;::fruits&quot;,
            &quot;url&quot;: &quot; &quot;
        },
        {
            &quot;name&quot;: &quot;registry&quot;,
            &quot;action&quot;: &quot;install&quot;,
            &quot;id&quot;: &quot;8018911&quot;,
            &quot;version&quot;: &quot;::docker&quot;,
            &quot;url&quot;: &quot; &quot;
        }
    ]
}
13:31:09 INFO  Started operation: {'creationTime': '2022-04-24T13:31:09.658Z', 'deviceName': 'm32sd10d', 'deviceId': '17612065', 'self': 'https://t493319102.eu-latest.cumulocity.com/devicecontrol/operations/17668816', 'id': '17668816', 'status': 'PENDING', 'description': &quot;Apply software changes, triggered from PySys: [{'action': 'install', 'id': '5495053', 'name': 'apple', 'url': ' ', 'version': '::fruits'}, {'action': 'install', 'id': '5494888', 'name': 'banana', 'url': ' ', 'version': '::fruits'}, {'action': 'install', 'id': '5475369', 'name': 'asciijump', 'url': ' ', 'version': '::apt'}, {'action': 'install', 'id': '5495382', 'name': 'cherry', 'url': ' ', 'version': '::fruits'}, {'action': 'install', 'id': '8018911', 'name': 'registry', 'url': ' ', 'version': '::docker'}]&quot;, 'c8y_SoftwareUpdate': [{'name': 'apple', 'action': 'install', 'id': '5495053', 'version': '::fruits', 'url': ' '}, {'name': 'banana', 'action': 'install', 'id': '5494888', 'version': '::fruits', 'url': ' '}, {'name': 'asciijump', 'action': 'install', 'id': '5475369', 'version': '::apt', 'url': ' '}, {'name': 'cherry', 'action': 'install', 'id': '5495382', 'version': '::fruits', 'url': ' '}, {'name': 'registry', 'action': 'install', 'id': '8018911', 'version': '::docker', 'url': ' '}]}
13:31:11 INFO  State of operation 17668816 : PENDING
13:31:14 INFO  State of operation 17668816 : EXECUTING
13:31:16 INFO  State of operation 17668816 : EXECUTING
13:31:18 INFO  State of operation 17668816 : EXECUTING
13:31:20 INFO  State of operation 17668816 : EXECUTING
13:31:23 INFO  State of operation 17668816 : EXECUTING
13:31:25 INFO  State of operation 17668816 : EXECUTING
13:31:28 INFO  State of operation 17668816 : EXECUTING
13:31:30 INFO  State of operation 17668816 : EXECUTING
13:31:33 INFO  State of operation 17668816 : EXECUTING
13:31:35 INFO  State of operation 17668816 : EXECUTING
13:31:37 INFO  State of operation 17668816 : EXECUTING
13:31:40 INFO  State of operation 17668816 : EXECUTING
13:31:42 INFO  State of operation 17668816 : EXECUTING
13:31:44 INFO  State of operation 17668816 : EXECUTING
13:31:46 INFO  State of operation 17668816 : EXECUTING
13:31:48 INFO  State of operation 17668816 : EXECUTING
13:31:51 INFO  State of operation 17668816 : EXECUTING
13:31:53 INFO  State of operation 17668816 : EXECUTING
13:31:55 INFO  State of operation 17668816 : EXECUTING
13:31:57 INFO  State of operation 17668816 : EXECUTING
13:32:00 INFO  State of operation 17668816 : EXECUTING
13:32:02 INFO  State of operation 17668816 : EXECUTING
13:32:04 INFO  State of operation 17668816 : EXECUTING
13:32:06 INFO  State of operation 17668816 : EXECUTING
13:32:09 INFO  State of operation 17668816 : EXECUTING
13:32:11 INFO  State of operation 17668816 : SUCCESSFUL
13:32:11 INFO  Package apple is installed
13:32:11 INFO  Assert that (True == value) with value=True ... passed
13:32:11 INFO  Package banana is installed
13:32:11 INFO  Assert that (True == value) with value=True ... passed
13:32:11 INFO  Package cherry is installed
13:32:11 INFO  Assert that (True == value) with value=True ... passed
13:32:12 INFO  Package asciijump is installed
13:32:12 INFO  Assert that (True == value) with value=True ... passed
13:32:12 INFO  Package registry is installed
13:32:12 INFO  Assert that (True == value) with value=True ... passed
13:32:12 INFO  Response status: 201
13:32:12 INFO  Response to action: {
    &quot;creationTime&quot;: &quot;2022-04-24T13:32:12.576Z&quot;,
    &quot;deviceName&quot;: &quot;m32sd10d&quot;,
    &quot;deviceId&quot;: &quot;17612065&quot;,
    &quot;self&quot;: &quot;https://t493319102.eu-latest.cumulocity.com/devicecontrol/operations/17668820&quot;,
    &quot;id&quot;: &quot;17668820&quot;,
    &quot;status&quot;: &quot;PENDING&quot;,
    &quot;description&quot;: &quot;Apply software changes, triggered from PySys: [{'action': 'delete', 'id': '5495053', 'name': 'apple', 'url': ' ', 'version': '::fruits'}, {'action': 'delete', 'id': '5494888', 'name': 'banana', 'url': ' ', 'version': '::fruits'}, {'action': 'delete', 'id': '5475369', 'name': 'asciijump', 'url': ' ', 'version': '::apt'}, {'action': 'delete', 'id': '5495382', 'name': 'cherry', 'url': ' ', 'version': '::fruits'}, {'action': 'delete', 'id': '8018911', 'name': 'registry', 'url': ' ', 'version': '::docker'}]&quot;,
    &quot;c8y_SoftwareUpdate&quot;: [
        {
            &quot;name&quot;: &quot;apple&quot;,
            &quot;action&quot;: &quot;delete&quot;,
            &quot;id&quot;: &quot;5495053&quot;,
            &quot;version&quot;: &quot;::fruits&quot;,
            &quot;url&quot;: &quot; &quot;
        },
        {
            &quot;name&quot;: &quot;banana&quot;,
            &quot;action&quot;: &quot;delete&quot;,
            &quot;id&quot;: &quot;5494888&quot;,
            &quot;version&quot;: &quot;::fruits&quot;,
            &quot;url&quot;: &quot; &quot;
        },
        {
            &quot;name&quot;: &quot;asciijump&quot;,
            &quot;action&quot;: &quot;delete&quot;,
            &quot;id&quot;: &quot;5475369&quot;,
            &quot;version&quot;: &quot;::apt&quot;,
            &quot;url&quot;: &quot; &quot;
        },
        {
            &quot;name&quot;: &quot;cherry&quot;,
            &quot;action&quot;: &quot;delete&quot;,
            &quot;id&quot;: &quot;5495382&quot;,
            &quot;version&quot;: &quot;::fruits&quot;,
            &quot;url&quot;: &quot; &quot;
        },
        {
            &quot;name&quot;: &quot;registry&quot;,
            &quot;action&quot;: &quot;delete&quot;,
            &quot;id&quot;: &quot;8018911&quot;,
            &quot;version&quot;: &quot;::docker&quot;,
            &quot;url&quot;: &quot; &quot;
        }
    ]
}
13:32:12 INFO  Started operation: {'creationTime': '2022-04-24T13:32:12.576Z', 'deviceName': 'm32sd10d', 'deviceId': '17612065', 'self': 'https://t493319102.eu-latest.cumulocity.com/devicecontrol/operations/17668820', 'id': '17668820', 'status': 'PENDING', 'description': &quot;Apply software changes, triggered from PySys: [{'action': 'delete', 'id': '5495053', 'name': 'apple', 'url': ' ', 'version': '::fruits'}, {'action': 'delete', 'id': '5494888', 'name': 'banana', 'url': ' ', 'version': '::fruits'}, {'action': 'delete', 'id': '5475369', 'name': 'asciijump', 'url': ' ', 'version': '::apt'}, {'action': 'delete', 'id': '5495382', 'name': 'cherry', 'url': ' ', 'version': '::fruits'}, {'action': 'delete', 'id': '8018911', 'name': 'registry', 'url': ' ', 'version': '::docker'}]&quot;, 'c8y_SoftwareUpdate': [{'name': 'apple', 'action': 'delete', 'id': '5495053', 'version': '::fruits', 'url': ' '}, {'name': 'banana', 'action': 'delete', 'id': '5494888', 'version': '::fruits', 'url': ' '}, {'name': 'asciijump', 'action': 'delete', 'id': '5475369', 'version': '::apt', 'url': ' '}, {'name': 'cherry', 'action': 'delete', 'id': '5495382', 'version': '::fruits', 'url': ' '}, {'name': 'registry', 'action': 'delete', 'id': '8018911', 'version': '::docker', 'url': ' '}]}
13:32:14 INFO  State of operation 17668820 : PENDING
13:32:17 INFO  State of operation 17668820 : EXECUTING
13:32:19 INFO  State of operation 17668820 : EXECUTING
13:32:21 INFO  State of operation 17668820 : EXECUTING
13:32:23 INFO  State of operation 17668820 : EXECUTING
13:32:25 INFO  State of operation 17668820 : EXECUTING
13:32:28 INFO  State of operation 17668820 : EXECUTING
13:32:31 INFO  State of operation 17668820 : EXECUTING
13:32:33 INFO  State of operation 17668820 : EXECUTING
13:32:36 INFO  State of operation 17668820 : EXECUTING
13:32:38 INFO  State of operation 17668820 : EXECUTING
13:32:40 INFO  State of operation 17668820 : EXECUTING
13:32:42 INFO  State of operation 17668820 : EXECUTING
13:32:45 INFO  State of operation 17668820 : EXECUTING
13:32:47 INFO  State of operation 17668820 : EXECUTING
13:32:49 INFO  State of operation 17668820 : EXECUTING
13:32:52 INFO  State of operation 17668820 : EXECUTING
13:32:54 INFO  State of operation 17668820 : EXECUTING
13:32:57 INFO  State of operation 17668820 : EXECUTING
13:32:59 INFO  State of operation 17668820 : EXECUTING
13:33:01 INFO  State of operation 17668820 : EXECUTING
13:33:04 INFO  State of operation 17668820 : EXECUTING
13:33:06 INFO  State of operation 17668820 : EXECUTING
13:33:08 INFO  State of operation 17668820 : EXECUTING
13:33:11 INFO  State of operation 17668820 : EXECUTING
13:33:13 INFO  State of operation 17668820 : EXECUTING
13:33:15 INFO  State of operation 17668820 : EXECUTING
13:33:18 INFO  State of operation 17668820 : EXECUTING
13:33:20 INFO  State of operation 17668820 : EXECUTING
13:33:22 INFO  State of operation 17668820 : EXECUTING
13:33:24 INFO  State of operation 17668820 : SUCCESSFUL
13:33:24 INFO  Package apple is installed
13:33:24 INFO  Assert that (True == value) with value=True ... passed
13:33:25 INFO  Package banana is installed
13:33:25 INFO  Assert that (True == value) with value=True ... passed
13:33:25 INFO  Package cherry is installed
13:33:25 INFO  Assert that (True == value) with value=True ... passed
13:33:25 INFO  Assert that (False == value) with value=False ... passed
13:33:25 INFO  Assert that (False == value) with value=False ... passed
13:33:25 INFO  
13:33:25 INFO  cleanup:
13:33:29 INFO  Executed sudo&lt;tedge_disconnect_c8y&gt;, exit status 0
13:33:30 INFO  Executed systemctl&lt;serv_mapper5&gt;, exit status 3
13:33:30 INFO  
13:33:30 INFO  Test duration: 167.54 secs
13:33:30 INFO  Test final outcome:  FAILED
13:33:30 INFO  Test outcome reason: Assert that (False == value) with value=True
13:33:30 INFO  
</system-out>
	</testcase>
</testsuite>
