<?xml version="1.0" encoding="utf-8"?>
<testsuite failures="1" name="SoftwareManagement.sm_apt_install_remove_multiple" skipped="0" tests="1" time="135.97" timestamp="2022-05-03T09:57:40">
	<testcase classname="PySysTest" name="SoftwareManagement.sm_apt_install_remove_multiple">
		<failure message="FAILED: Assert that (False == value) with value=True (+2 other failures)" type="FAILED"/>
		<system-out>09:55:24 INFO  ==============================================================
09:55:24 INFO  Id:    SoftwareManagement.sm_apt_install_remove_multiple
09:55:24 INFO  Dir:   software_management_end_to_end/
09:55:24 INFO  Title: Validate end to end behaviour for the apt plugin for multiple packages
09:55:24 INFO  ==============================================================
09:55:24 INFO  Using sw id database: {'asciijump': '5475369', 'robotfindskitten': '5474869', 'squirrel3': '5475279', 'rolldice': '5152439', 'moon-buggy': '5439204', 'apple': '5495053', 'banana': '5494888', 'cherry': '5495382', 'watermelon': '5494510', 'registry': '8018911', 'hello-world': '8021526', 'docker/getting-started': '8021973', 'alpine': '7991792'}
09:55:24 INFO  EnvironmentC8y Setup
09:55:25 INFO  Executed systemctl&lt;serv_mapper1&gt;, exit status 3
09:55:25 INFO  Restarting mosquitto too frequently in the last 10 seconds. It was only up for 5 seconds
09:55:25 INFO  Delaying execution by 6 seconds
09:55:45 INFO  Executed sudo&lt;tedge_connect_c8y&gt;, exit status 0, duration 13 secs
09:55:45 INFO  Executed sudo&lt;tedge_connect_c8y_test&gt;, exit status 0
09:55:46 INFO  Executed systemctl&lt;serv_mosq2&gt;, exit status 0
09:55:46 INFO  Executed systemctl&lt;serv_mapper3&gt;, exit status 0
09:55:49 INFO  State of current operation: SUCCESSFUL
09:55:49 INFO  Assert that (False == value) with value=False ... passed
09:55:49 INFO  Package asciijump is installed
09:55:49 WARN  Assert that (False == value) with value=True ... failed 
09:55:50 INFO  Package squirrel3 is installed
09:55:50 WARN  Assert that (False == value) with value=True ... failed 
09:55:50 INFO  Package robotfindskitten is installed
09:55:50 WARN  Assert that (False == value) with value=True ... failed 
09:55:50 INFO  Response status: 201
09:55:50 INFO  Response to action: {
    &quot;creationTime&quot;: &quot;2022-05-03T09:55:50.518Z&quot;,
    &quot;deviceName&quot;: &quot;m32sd10d&quot;,
    &quot;deviceId&quot;: &quot;18261332&quot;,
    &quot;self&quot;: &quot;https://t493319102.eu-latest.cumulocity.com/devicecontrol/operations/18298437&quot;,
    &quot;id&quot;: &quot;18298437&quot;,
    &quot;status&quot;: &quot;PENDING&quot;,
    &quot;description&quot;: &quot;Apply software changes, triggered from PySys: [{'action': 'install', 'id': '5475369', 'name': 'asciijump', 'url': ' ', 'version': '::apt'}, {'action': 'install', 'id': '5474869', 'name': 'robotfindskitten', 'url': ' ', 'version': '::apt'}, {'action': 'install', 'id': '5475279', 'name': 'squirrel3', 'url': ' ', 'version': '::apt'}]&quot;,
    &quot;c8y_SoftwareUpdate&quot;: [
        {
            &quot;name&quot;: &quot;asciijump&quot;,
            &quot;action&quot;: &quot;install&quot;,
            &quot;id&quot;: &quot;5475369&quot;,
            &quot;version&quot;: &quot;::apt&quot;,
            &quot;url&quot;: &quot; &quot;
        },
        {
            &quot;name&quot;: &quot;robotfindskitten&quot;,
            &quot;action&quot;: &quot;install&quot;,
            &quot;id&quot;: &quot;5474869&quot;,
            &quot;version&quot;: &quot;::apt&quot;,
            &quot;url&quot;: &quot; &quot;
        },
        {
            &quot;name&quot;: &quot;squirrel3&quot;,
            &quot;action&quot;: &quot;install&quot;,
            &quot;id&quot;: &quot;5475279&quot;,
            &quot;version&quot;: &quot;::apt&quot;,
            &quot;url&quot;: &quot; &quot;
        }
    ]
}
09:55:50 INFO  Started operation: {'creationTime': '2022-05-03T09:55:50.518Z', 'deviceName': 'm32sd10d', 'deviceId': '18261332', 'self': 'https://t493319102.eu-latest.cumulocity.com/devicecontrol/operations/18298437', 'id': '18298437', 'status': 'PENDING', 'description': &quot;Apply software changes, triggered from PySys: [{'action': 'install', 'id': '5475369', 'name': 'asciijump', 'url': ' ', 'version': '::apt'}, {'action': 'install', 'id': '5474869', 'name': 'robotfindskitten', 'url': ' ', 'version': '::apt'}, {'action': 'install', 'id': '5475279', 'name': 'squirrel3', 'url': ' ', 'version': '::apt'}]&quot;, 'c8y_SoftwareUpdate': [{'name': 'asciijump', 'action': 'install', 'id': '5475369', 'version': '::apt', 'url': ' '}, {'name': 'robotfindskitten', 'action': 'install', 'id': '5474869', 'version': '::apt', 'url': ' '}, {'name': 'squirrel3', 'action': 'install', 'id': '5475279', 'version': '::apt', 'url': ' '}]}
09:55:52 INFO  State of operation 18298437 : PENDING
09:55:55 INFO  State of operation 18298437 : EXECUTING
09:55:57 INFO  State of operation 18298437 : EXECUTING
09:55:59 INFO  State of operation 18298437 : EXECUTING
09:56:01 INFO  State of operation 18298437 : EXECUTING
09:56:03 INFO  State of operation 18298437 : EXECUTING
09:56:06 INFO  State of operation 18298437 : EXECUTING
09:56:09 INFO  State of operation 18298437 : EXECUTING
09:56:12 INFO  State of operation 18298437 : EXECUTING
09:56:14 INFO  State of operation 18298437 : EXECUTING
09:56:16 INFO  State of operation 18298437 : EXECUTING
09:56:18 INFO  State of operation 18298437 : EXECUTING
09:56:21 INFO  State of operation 18298437 : EXECUTING
09:56:23 INFO  State of operation 18298437 : EXECUTING
09:56:25 INFO  State of operation 18298437 : EXECUTING
09:56:27 INFO  State of operation 18298437 : SUCCESSFUL
09:56:28 INFO  Assert that (False == value) with value=False ... passed
09:56:28 INFO  Package asciijump is installed
09:56:28 INFO  Assert that (True == value) with value=True ... passed
09:56:29 INFO  Package squirrel3 is installed
09:56:29 INFO  Assert that (True == value) with value=True ... passed
09:56:29 INFO  Package robotfindskitten is installed
09:56:29 INFO  Assert that (True == value) with value=True ... passed
09:56:29 INFO  Response status: 201
09:56:29 INFO  Response to action: {
    &quot;creationTime&quot;: &quot;2022-05-03T09:56:29.622Z&quot;,
    &quot;deviceName&quot;: &quot;m32sd10d&quot;,
    &quot;deviceId&quot;: &quot;18261332&quot;,
    &quot;self&quot;: &quot;https://t493319102.eu-latest.cumulocity.com/devicecontrol/operations/18298443&quot;,
    &quot;id&quot;: &quot;18298443&quot;,
    &quot;status&quot;: &quot;PENDING&quot;,
    &quot;description&quot;: &quot;Apply software changes, triggered from PySys: [{'action': 'delete', 'id': '5475369', 'name': 'asciijump', 'url': ' ', 'version': '::apt'}, {'action': 'delete', 'id': '5474869', 'name': 'robotfindskitten', 'url': ' ', 'version': '::apt'}, {'action': 'delete', 'id': '5475279', 'name': 'squirrel3', 'url': ' ', 'version': '::apt'}]&quot;,
    &quot;c8y_SoftwareUpdate&quot;: [
        {
            &quot;name&quot;: &quot;asciijump&quot;,
            &quot;action&quot;: &quot;delete&quot;,
            &quot;id&quot;: &quot;5475369&quot;,
            &quot;version&quot;: &quot;::apt&quot;,
            &quot;url&quot;: &quot; &quot;
        },
        {
            &quot;name&quot;: &quot;robotfindskitten&quot;,
            &quot;action&quot;: &quot;delete&quot;,
            &quot;id&quot;: &quot;5474869&quot;,
            &quot;version&quot;: &quot;::apt&quot;,
            &quot;url&quot;: &quot; &quot;
        },
        {
            &quot;name&quot;: &quot;squirrel3&quot;,
            &quot;action&quot;: &quot;delete&quot;,
            &quot;id&quot;: &quot;5475279&quot;,
            &quot;version&quot;: &quot;::apt&quot;,
            &quot;url&quot;: &quot; &quot;
        }
    ]
}
09:56:29 INFO  Started operation: {'creationTime': '2022-05-03T09:56:29.622Z', 'deviceName': 'm32sd10d', 'deviceId': '18261332', 'self': 'https://t493319102.eu-latest.cumulocity.com/devicecontrol/operations/18298443', 'id': '18298443', 'status': 'PENDING', 'description': &quot;Apply software changes, triggered from PySys: [{'action': 'delete', 'id': '5475369', 'name': 'asciijump', 'url': ' ', 'version': '::apt'}, {'action': 'delete', 'id': '5474869', 'name': 'robotfindskitten', 'url': ' ', 'version': '::apt'}, {'action': 'delete', 'id': '5475279', 'name': 'squirrel3', 'url': ' ', 'version': '::apt'}]&quot;, 'c8y_SoftwareUpdate': [{'name': 'asciijump', 'action': 'delete', 'id': '5475369', 'version': '::apt', 'url': ' '}, {'name': 'robotfindskitten', 'action': 'delete', 'id': '5474869', 'version': '::apt', 'url': ' '}, {'name': 'squirrel3', 'action': 'delete', 'id': '5475279', 'version': '::apt', 'url': ' '}]}
09:56:31 INFO  State of operation 18298443 : PENDING
09:56:34 INFO  State of operation 18298443 : EXECUTING
09:56:36 INFO  State of operation 18298443 : EXECUTING
09:56:38 INFO  State of operation 18298443 : EXECUTING
09:56:40 INFO  State of operation 18298443 : EXECUTING
09:56:42 INFO  State of operation 18298443 : EXECUTING
09:56:45 INFO  State of operation 18298443 : EXECUTING
09:56:48 INFO  State of operation 18298443 : EXECUTING
09:56:50 INFO  State of operation 18298443 : EXECUTING
09:56:53 INFO  State of operation 18298443 : EXECUTING
09:56:55 INFO  State of operation 18298443 : EXECUTING
09:56:57 INFO  State of operation 18298443 : EXECUTING
09:56:59 INFO  State of operation 18298443 : EXECUTING
09:57:02 INFO  State of operation 18298443 : EXECUTING
09:57:04 INFO  State of operation 18298443 : EXECUTING
09:57:07 INFO  State of operation 18298443 : EXECUTING
09:57:09 INFO  State of operation 18298443 : EXECUTING
09:57:11 INFO  State of operation 18298443 : EXECUTING
09:57:14 INFO  State of operation 18298443 : EXECUTING
09:57:16 INFO  State of operation 18298443 : EXECUTING
09:57:18 INFO  State of operation 18298443 : EXECUTING
09:57:20 INFO  State of operation 18298443 : EXECUTING
09:57:23 INFO  State of operation 18298443 : EXECUTING
09:57:25 INFO  State of operation 18298443 : EXECUTING
09:57:28 INFO  State of operation 18298443 : EXECUTING
09:57:30 INFO  State of operation 18298443 : EXECUTING
09:57:32 INFO  State of operation 18298443 : EXECUTING
09:57:35 INFO  State of operation 18298443 : SUCCESSFUL
09:57:35 INFO  Assert that (False == value) with value=False ... passed
09:57:35 INFO  Assert that (False == value) with value=False ... passed
09:57:35 INFO  Assert that (False == value) with value=False ... passed
09:57:36 INFO  Assert that (False == value) with value=False ... passed
09:57:36 INFO  
09:57:36 INFO  cleanup:
09:57:40 INFO  Executed sudo&lt;tedge_disconnect_c8y&gt;, exit status 0
09:57:40 INFO  Executed systemctl&lt;serv_mapper5&gt;, exit status 3
09:57:40 INFO  
09:57:40 INFO  Test duration: 135.97 secs
09:57:40 INFO  Test final outcome:  FAILED
09:57:40 INFO  Test outcome reason: Assert that (False == value) with value=True (+2 other failures)
09:57:40 INFO  
</system-out>
	</testcase>
</testsuite>
