<?xml version="1.0" encoding="utf-8"?>
<testsuite failures="1" name="SoftwareManagement.sm_apt_install_remove_default" skipped="0" tests="1" time="165.79" timestamp="2022-04-27T18:37:58">
	<testcase classname="PySysTest" name="SoftwareManagement.sm_apt_install_remove_default">
		<failure message="BLOCKED: SystemError: Timeout while waiting for status FAILED or SUCCESSFUL" type="BLOCKED"/>
		<system-out>18:35:12 INFO  ==============================================================
18:35:12 INFO  Id:    SoftwareManagement.sm_apt_install_remove_default
18:35:12 INFO  Dir:   software_management_end_to_end/
18:35:12 INFO  Title: Validate end to end behaviour for the default plugin for installation and removal of packages
18:35:12 INFO  ==============================================================
18:35:12 INFO  Using sw id database: {'asciijump': '5475369', 'robotfindskitten': '5474869', 'squirrel3': '5475279', 'rolldice': '5152439', 'moon-buggy': '5439204', 'apple': '5495053', 'banana': '5494888', 'cherry': '5495382', 'watermelon': '5494510', 'registry': '8018911', 'hello-world': '8021526', 'docker/getting-started': '8021973', 'alpine': '7991792'}
18:35:12 INFO  EnvironmentC8y Setup
18:35:13 INFO  Executed systemctl&lt;serv_mapper1&gt;, exit status 3
18:35:13 INFO  Restarting mosquitto too frequently in the last 10 seconds. It was only up for 4 seconds
18:35:13 INFO  Delaying execution by 7 seconds
18:35:34 INFO  Executed sudo&lt;tedge_connect_c8y&gt;, exit status 0, duration 14 secs
18:35:35 INFO  Executed sudo&lt;tedge_connect_c8y_test&gt;, exit status 0
18:35:35 INFO  Executed systemctl&lt;serv_mosq2&gt;, exit status 0
18:35:35 INFO  Executed systemctl&lt;serv_mapper3&gt;, exit status 0
18:35:38 INFO  State of current operation: PENDING
18:35:40 INFO  State of current operation: PENDING
18:35:42 INFO  State of current operation: PENDING
18:35:44 INFO  State of current operation: PENDING
18:35:47 INFO  State of current operation: PENDING
18:35:49 INFO  State of current operation: PENDING
18:35:51 INFO  State of current operation: PENDING
18:35:53 INFO  State of current operation: PENDING
18:35:55 INFO  State of current operation: PENDING
18:35:58 INFO  State of current operation: PENDING
18:36:00 INFO  State of current operation: PENDING
18:36:02 INFO  State of current operation: PENDING
18:36:04 INFO  State of current operation: PENDING
18:36:07 INFO  State of current operation: PENDING
18:36:09 INFO  State of current operation: PENDING
18:36:11 INFO  State of current operation: PENDING
18:36:13 INFO  State of current operation: PENDING
18:36:15 INFO  State of current operation: PENDING
18:36:18 INFO  State of current operation: PENDING
18:36:20 INFO  State of current operation: PENDING
18:36:22 INFO  State of current operation: PENDING
18:36:24 INFO  State of current operation: PENDING
18:36:27 INFO  State of current operation: PENDING
18:36:29 INFO  State of current operation: PENDING
18:36:31 INFO  State of current operation: PENDING
18:36:33 INFO  State of current operation: PENDING
18:36:35 INFO  State of current operation: PENDING
18:36:38 INFO  State of current operation: PENDING
18:36:40 INFO  State of current operation: PENDING
18:36:42 INFO  State of current operation: PENDING
18:36:44 INFO  State of current operation: PENDING
18:36:47 INFO  State of current operation: PENDING
18:36:49 INFO  State of current operation: PENDING
18:36:51 INFO  State of current operation: PENDING
18:36:53 INFO  State of current operation: PENDING
18:36:55 INFO  State of current operation: PENDING
18:36:58 INFO  State of current operation: PENDING
18:37:00 INFO  State of current operation: PENDING
18:37:02 INFO  State of current operation: PENDING
18:37:04 INFO  State of current operation: PENDING
18:37:07 INFO  State of current operation: PENDING
18:37:09 INFO  State of current operation: PENDING
18:37:11 INFO  State of current operation: PENDING
18:37:13 INFO  State of current operation: PENDING
18:37:15 INFO  State of current operation: PENDING
18:37:18 INFO  State of current operation: PENDING
18:37:20 INFO  State of current operation: PENDING
18:37:22 INFO  State of current operation: PENDING
18:37:24 INFO  State of current operation: PENDING
18:37:26 INFO  State of current operation: PENDING
18:37:29 INFO  State of current operation: PENDING
18:37:31 INFO  State of current operation: PENDING
18:37:33 INFO  State of current operation: PENDING
18:37:35 INFO  State of current operation: PENDING
18:37:38 INFO  State of current operation: PENDING
18:37:40 INFO  State of current operation: PENDING
18:37:42 INFO  State of current operation: PENDING
18:37:44 INFO  State of current operation: PENDING
18:37:46 INFO  State of current operation: PENDING
18:37:49 INFO  State of current operation: PENDING
18:37:51 INFO  State of current operation: PENDING
18:37:53 WARN  SystemError occurred while running test - Timeout while waiting for status FAILED or SUCCESSFUL
Traceback (most recent call last):
  File &quot;/home/pi/env-pysys/lib/python3.7/site-packages/pysys/baserunner.py&quot;, line 1292, in __call__
    self.testObj.setup()
  File &quot;/home/pi/actions-runner/_work/thin-edge.io/thin-edge.io/tests/PySys/software_management_end_to_end/sm_apt_install_remove_default/run.py&quot;, line 26, in setup
    super().setup()
  File &quot;/home/pi/actions-runner/_work/thin-edge.io/thin-edge.io/tests/PySys/software_management_end_to_end/environment_sm_management.py&quot;, line 151, in setup
    self.wait_until_end()
  File &quot;/home/pi/actions-runner/_work/thin-edge.io/thin-edge.io/tests/PySys/software_management_end_to_end/environment_sm_management.py&quot;, line 332, in wait_until_end
    self.wait_until_status(&quot;FAILED&quot;, &quot;SUCCESSFUL&quot;)
  File &quot;/home/pi/actions-runner/_work/thin-edge.io/thin-edge.io/tests/PySys/software_management_end_to_end/environment_sm_management.py&quot;, line 381, in wait_until_status
    &quot;Timeout while waiting for status %s or %s&quot; % (status, status2)
SystemError: Timeout while waiting for status FAILED or SUCCESSFUL
18:37:53 WARN  SystemError: Timeout while waiting for status FAILED or SUCCESSFUL ... blocked 
18:37:53 INFO  
18:37:53 INFO  cleanup:
18:37:57 INFO  Executed sudo&lt;tedge_disconnect_c8y&gt;, exit status 0
18:37:58 INFO  Executed systemctl&lt;serv_mapper5&gt;, exit status 3
18:37:58 INFO  
18:37:58 INFO  Test duration: 165.79 secs
18:37:58 INFO  Test final outcome:  BLOCKED
18:37:58 INFO  Test outcome reason: SystemError: Timeout while waiting for status FAILED or SUCCESSFUL
18:37:58 INFO  
</system-out>
	</testcase>
</testsuite>
