<?xml version="1.0" encoding="utf-8"?>
<testsuite failures="1" name="SoftwareManagement.sm_apt_install_remove_multiple" skipped="0" tests="1" time="164.65" timestamp="2022-04-27T14:29:57">
	<testcase classname="PySysTest" name="SoftwareManagement.sm_apt_install_remove_multiple">
		<failure message="BLOCKED: SystemError: Timeout while waiting for status FAILED or SUCCESSFUL" type="BLOCKED"/>
		<system-out>14:27:12 INFO  ==============================================================
14:27:12 INFO  Id:    SoftwareManagement.sm_apt_install_remove_multiple
14:27:12 INFO  Dir:   software_management_end_to_end/
14:27:12 INFO  Title: Validate end to end behaviour for the apt plugin for multiple packages
14:27:12 INFO  ==============================================================
14:27:12 INFO  Using sw id database: {'asciijump': '5475369', 'robotfindskitten': '5474869', 'squirrel3': '5475279', 'rolldice': '5152439', 'moon-buggy': '5439204', 'apple': '5495053', 'banana': '5494888', 'cherry': '5495382', 'watermelon': '5494510', 'registry': '8018911', 'hello-world': '8021526', 'docker/getting-started': '8021973', 'alpine': '7991792'}
14:27:12 INFO  EnvironmentC8y Setup
14:27:13 INFO  Executed systemctl&lt;serv_mapper1&gt;, exit status 3
14:27:13 INFO  Restarting mosquitto too frequently in the last 10 seconds. It was only up for 5 seconds
14:27:13 INFO  Delaying execution by 6 seconds
14:27:33 INFO  Executed sudo&lt;tedge_connect_c8y&gt;, exit status 0, duration 13 secs
14:27:34 INFO  Executed sudo&lt;tedge_connect_c8y_test&gt;, exit status 0
14:27:34 INFO  Executed systemctl&lt;serv_mosq2&gt;, exit status 0
14:27:35 INFO  Executed systemctl&lt;serv_mapper3&gt;, exit status 0
14:27:37 INFO  State of current operation: PENDING
14:27:39 INFO  State of current operation: PENDING
14:27:41 INFO  State of current operation: PENDING
14:27:44 INFO  State of current operation: PENDING
14:27:46 INFO  State of current operation: PENDING
14:27:48 INFO  State of current operation: PENDING
14:27:50 INFO  State of current operation: PENDING
14:27:53 INFO  State of current operation: PENDING
14:27:55 INFO  State of current operation: PENDING
14:27:57 INFO  State of current operation: PENDING
14:27:59 INFO  State of current operation: PENDING
14:28:01 INFO  State of current operation: PENDING
14:28:04 INFO  State of current operation: PENDING
14:28:06 INFO  State of current operation: PENDING
14:28:08 INFO  State of current operation: PENDING
14:28:10 INFO  State of current operation: PENDING
14:28:13 INFO  State of current operation: PENDING
14:28:15 INFO  State of current operation: PENDING
14:28:17 INFO  State of current operation: PENDING
14:28:19 INFO  State of current operation: PENDING
14:28:21 INFO  State of current operation: PENDING
14:28:24 INFO  State of current operation: PENDING
14:28:26 INFO  State of current operation: PENDING
14:28:28 INFO  State of current operation: PENDING
14:28:30 INFO  State of current operation: PENDING
14:28:33 INFO  State of current operation: PENDING
14:28:35 INFO  State of current operation: PENDING
14:28:37 INFO  State of current operation: PENDING
14:28:39 INFO  State of current operation: PENDING
14:28:42 INFO  State of current operation: PENDING
14:28:44 INFO  State of current operation: PENDING
14:28:46 INFO  State of current operation: PENDING
14:28:48 INFO  State of current operation: PENDING
14:28:50 INFO  State of current operation: PENDING
14:28:53 INFO  State of current operation: PENDING
14:28:55 INFO  State of current operation: PENDING
14:28:57 INFO  State of current operation: PENDING
14:28:59 INFO  State of current operation: PENDING
14:29:02 INFO  State of current operation: PENDING
14:29:04 INFO  State of current operation: PENDING
14:29:06 INFO  State of current operation: PENDING
14:29:08 INFO  State of current operation: PENDING
14:29:10 INFO  State of current operation: PENDING
14:29:13 INFO  State of current operation: PENDING
14:29:15 INFO  State of current operation: PENDING
14:29:17 INFO  State of current operation: PENDING
14:29:19 INFO  State of current operation: PENDING
14:29:22 INFO  State of current operation: PENDING
14:29:24 INFO  State of current operation: PENDING
14:29:26 INFO  State of current operation: PENDING
14:29:28 INFO  State of current operation: PENDING
14:29:30 INFO  State of current operation: PENDING
14:29:33 INFO  State of current operation: PENDING
14:29:35 INFO  State of current operation: PENDING
14:29:37 INFO  State of current operation: PENDING
14:29:39 INFO  State of current operation: PENDING
14:29:42 INFO  State of current operation: PENDING
14:29:44 INFO  State of current operation: PENDING
14:29:46 INFO  State of current operation: PENDING
14:29:48 INFO  State of current operation: PENDING
14:29:50 INFO  State of current operation: PENDING
14:29:52 WARN  SystemError occurred while running test - Timeout while waiting for status FAILED or SUCCESSFUL
Traceback (most recent call last):
  File &quot;/home/pi/env-pysys/lib/python3.7/site-packages/pysys/baserunner.py&quot;, line 1292, in __call__
    self.testObj.setup()
  File &quot;/home/pi/actions-runner/_work/thin-edge.io/thin-edge.io/tests/PySys/software_management_end_to_end/sm_apt_install_remove_multiple/run.py&quot;, line 52, in setup
    super().setup()
  File &quot;/home/pi/actions-runner/_work/thin-edge.io/thin-edge.io/tests/PySys/software_management_end_to_end/environment_sm_management.py&quot;, line 151, in setup
    self.wait_until_end()
  File &quot;/home/pi/actions-runner/_work/thin-edge.io/thin-edge.io/tests/PySys/software_management_end_to_end/environment_sm_management.py&quot;, line 332, in wait_until_end
    self.wait_until_status(&quot;FAILED&quot;, &quot;SUCCESSFUL&quot;)
  File &quot;/home/pi/actions-runner/_work/thin-edge.io/thin-edge.io/tests/PySys/software_management_end_to_end/environment_sm_management.py&quot;, line 381, in wait_until_status
    &quot;Timeout while waiting for status %s or %s&quot; % (status, status2)
SystemError: Timeout while waiting for status FAILED or SUCCESSFUL
14:29:52 WARN  SystemError: Timeout while waiting for status FAILED or SUCCESSFUL ... blocked 
14:29:52 INFO  
14:29:52 INFO  cleanup:
14:29:56 INFO  Executed sudo&lt;tedge_disconnect_c8y&gt;, exit status 0
14:29:57 INFO  Executed systemctl&lt;serv_mapper5&gt;, exit status 3
14:29:57 INFO  
14:29:57 INFO  Test duration: 164.65 secs
14:29:57 INFO  Test final outcome:  BLOCKED
14:29:57 INFO  Test outcome reason: SystemError: Timeout while waiting for status FAILED or SUCCESSFUL
14:29:57 INFO  
</system-out>
	</testcase>
</testsuite>
