<?xml version="1.0" encoding="utf-8"?>
<testsuite failures="1" name="SoftwareManagement.sm_apt_install_remove_multiple_mixed" skipped="0" tests="1" time="177.51" timestamp="2022-04-25T22:39:51">
	<testcase classname="PySysTest" name="SoftwareManagement.sm_apt_install_remove_multiple_mixed">
		<failure message="BLOCKED: SystemError: Timeout while waiting for status SUCCESSFUL or False (+1 other failures)" type="BLOCKED"/>
		<system-out>22:36:53 INFO  ==============================================================
22:36:53 INFO  Id:    SoftwareManagement.sm_apt_install_remove_multiple_mixed
22:36:53 INFO  Dir:   software_management_end_to_end/
22:36:53 INFO  Title: Validate end to end behaviour for the apt plugin for multiple packages with mixed versions
22:36:53 INFO  ==============================================================
22:36:53 INFO  Using sw id database: {'asciijump': '5475369', 'robotfindskitten': '5474869', 'squirrel3': '5475279', 'rolldice': '5152439', 'moon-buggy': '5439204', 'apple': '5495053', 'banana': '5494888', 'cherry': '5495382', 'watermelon': '5494510', 'registry': '8018911', 'hello-world': '8021526', 'docker/getting-started': '8021973', 'alpine': '7991792'}
22:36:53 INFO  EnvironmentC8y Setup
22:36:54 INFO  Executed systemctl&lt;serv_mapper1&gt;, exit status 3
22:36:54 INFO  Restarting mosquitto too frequently in the last 10 seconds. It was only up for 5 seconds
22:36:54 INFO  Delaying execution by 6 seconds
22:37:14 INFO  Executed sudo&lt;tedge_connect_c8y&gt;, exit status 0, duration 13 secs
22:37:14 INFO  Executed sudo&lt;tedge_connect_c8y_test&gt;, exit status 0
22:37:15 INFO  Executed systemctl&lt;serv_mosq2&gt;, exit status 0
22:37:15 INFO  Executed systemctl&lt;serv_mapper3&gt;, exit status 0
22:37:17 INFO  State of current operation: SUCCESSFUL
22:37:18 INFO  Assert that (False == value) with value=False ... passed
22:37:18 INFO  Assert that (False == value) with value=False ... passed
22:37:18 INFO  Assert that (False == value) with value=False ... passed
22:37:18 INFO  Assert that (False == value) with value=False ... passed
22:37:19 INFO  Package moon-buggy is installed
22:37:19 WARN  Assert that (False == value) with value=True ... failed 
22:37:20 INFO  Response status: 201
22:37:20 INFO  Response to action: {
    &quot;delivery&quot;: {
        &quot;time&quot;: &quot;2022-04-25T22:37:20.413Z&quot;,
        &quot;log&quot;: [],
        &quot;status&quot;: &quot;PENDING&quot;
    },
    &quot;creationTime&quot;: &quot;2022-04-25T22:37:20.393Z&quot;,
    &quot;deviceName&quot;: &quot;m32sd10d&quot;,
    &quot;deviceId&quot;: &quot;17696821&quot;,
    &quot;self&quot;: &quot;https://t493319102.eu-latest.cumulocity.com/devicecontrol/operations/17709068&quot;,
    &quot;id&quot;: &quot;17709068&quot;,
    &quot;status&quot;: &quot;PENDING&quot;,
    &quot;description&quot;: &quot;Apply software changes, triggered from PySys: [{'action': 'install', 'id': '5475369', 'name': 'asciijump', 'url': ' ', 'version': '::apt'}, {'action': 'install', 'id': '5474869', 'name': 'robotfindskitten', 'url': ' ', 'version': ' '}, {'action': 'install', 'id': '5475279', 'name': 'squirrel3', 'url': ' ', 'version': '3.1-7::apt'}, {'action': 'install', 'id': '5152439', 'name': 'rolldice', 'url': ' ', 'version': '1.16-1+b1'}, {'action': 'install', 'id': '5439204', 'name': 'moon-buggy', 'url': ' ', 'version': '1:1.0.51-12'}, {'action': 'install', 'id': '5475369', 'name': 'asciijump', 'url': ' ', 'version': '::apt'}]&quot;,
    &quot;c8y_SoftwareUpdate&quot;: [
        {
            &quot;name&quot;: &quot;asciijump&quot;,
            &quot;action&quot;: &quot;install&quot;,
            &quot;id&quot;: &quot;5475369&quot;,
            &quot;version&quot;: &quot;::apt&quot;,
            &quot;url&quot;: &quot; &quot;
        },
        {
            &quot;name&quot;: &quot;robotfindskitten&quot;,
            &quot;action&quot;: &quot;install&quot;,
            &quot;id&quot;: &quot;5474869&quot;,
            &quot;version&quot;: &quot; &quot;,
            &quot;url&quot;: &quot; &quot;
        },
        {
            &quot;name&quot;: &quot;squirrel3&quot;,
            &quot;action&quot;: &quot;install&quot;,
            &quot;id&quot;: &quot;5475279&quot;,
            &quot;version&quot;: &quot;3.1-7::apt&quot;,
            &quot;url&quot;: &quot; &quot;
        },
        {
            &quot;name&quot;: &quot;rolldice&quot;,
            &quot;action&quot;: &quot;install&quot;,
            &quot;id&quot;: &quot;5152439&quot;,
            &quot;version&quot;: &quot;1.16-1+b1&quot;,
            &quot;url&quot;: &quot; &quot;
        },
        {
            &quot;name&quot;: &quot;moon-buggy&quot;,
            &quot;action&quot;: &quot;install&quot;,
            &quot;id&quot;: &quot;5439204&quot;,
            &quot;version&quot;: &quot;1:1.0.51-12&quot;,
            &quot;url&quot;: &quot; &quot;
        },
        {
            &quot;name&quot;: &quot;asciijump&quot;,
            &quot;action&quot;: &quot;install&quot;,
            &quot;id&quot;: &quot;5475369&quot;,
            &quot;version&quot;: &quot;::apt&quot;,
            &quot;url&quot;: &quot; &quot;
        }
    ]
}
22:37:20 INFO  Started operation: {'delivery': {'time': '2022-04-25T22:37:20.413Z', 'log': [], 'status': 'PENDING'}, 'creationTime': '2022-04-25T22:37:20.393Z', 'deviceName': 'm32sd10d', 'deviceId': '17696821', 'self': 'https://t493319102.eu-latest.cumulocity.com/devicecontrol/operations/17709068', 'id': '17709068', 'status': 'PENDING', 'description': &quot;Apply software changes, triggered from PySys: [{'action': 'install', 'id': '5475369', 'name': 'asciijump', 'url': ' ', 'version': '::apt'}, {'action': 'install', 'id': '5474869', 'name': 'robotfindskitten', 'url': ' ', 'version': ' '}, {'action': 'install', 'id': '5475279', 'name': 'squirrel3', 'url': ' ', 'version': '3.1-7::apt'}, {'action': 'install', 'id': '5152439', 'name': 'rolldice', 'url': ' ', 'version': '1.16-1+b1'}, {'action': 'install', 'id': '5439204', 'name': 'moon-buggy', 'url': ' ', 'version': '1:1.0.51-12'}, {'action': 'install', 'id': '5475369', 'name': 'asciijump', 'url': ' ', 'version': '::apt'}]&quot;, 'c8y_SoftwareUpdate': [{'name': 'asciijump', 'action': 'install', 'id': '5475369', 'version': '::apt', 'url': ' '}, {'name': 'robotfindskitten', 'action': 'install', 'id': '5474869', 'version': ' ', 'url': ' '}, {'name': 'squirrel3', 'action': 'install', 'id': '5475279', 'version': '3.1-7::apt', 'url': ' '}, {'name': 'rolldice', 'action': 'install', 'id': '5152439', 'version': '1.16-1+b1', 'url': ' '}, {'name': 'moon-buggy', 'action': 'install', 'id': '5439204', 'version': '1:1.0.51-12', 'url': ' '}, {'name': 'asciijump', 'action': 'install', 'id': '5475369', 'version': '::apt', 'url': ' '}]}
22:37:22 INFO  State of operation 17709068 : PENDING
22:37:24 INFO  State of operation 17709068 : EXECUTING
22:37:27 INFO  State of operation 17709068 : EXECUTING
22:37:29 INFO  State of operation 17709068 : EXECUTING
22:37:31 INFO  State of operation 17709068 : EXECUTING
22:37:33 INFO  State of operation 17709068 : EXECUTING
22:37:36 INFO  State of operation 17709068 : EXECUTING
22:37:39 INFO  State of operation 17709068 : EXECUTING
22:37:41 INFO  State of operation 17709068 : EXECUTING
22:37:44 INFO  State of operation 17709068 : EXECUTING
22:37:46 INFO  State of operation 17709068 : EXECUTING
22:37:48 INFO  State of operation 17709068 : EXECUTING
22:37:50 INFO  State of operation 17709068 : EXECUTING
22:37:53 INFO  State of operation 17709068 : EXECUTING
22:37:55 INFO  State of operation 17709068 : EXECUTING
22:37:57 INFO  State of operation 17709068 : EXECUTING
22:37:59 INFO  State of operation 17709068 : EXECUTING
22:38:02 INFO  State of operation 17709068 : EXECUTING
22:38:04 INFO  State of operation 17709068 : EXECUTING
22:38:07 INFO  State of operation 17709068 : EXECUTING
22:38:09 INFO  State of operation 17709068 : EXECUTING
22:38:11 INFO  State of operation 17709068 : EXECUTING
22:38:14 INFO  State of operation 17709068 : EXECUTING
22:38:16 INFO  State of operation 17709068 : EXECUTING
22:38:19 INFO  State of operation 17709068 : EXECUTING
22:38:21 INFO  State of operation 17709068 : EXECUTING
22:38:23 INFO  State of operation 17709068 : EXECUTING
22:38:25 INFO  State of operation 17709068 : EXECUTING
22:38:28 INFO  State of operation 17709068 : EXECUTING
22:38:30 INFO  State of operation 17709068 : EXECUTING
22:38:32 INFO  State of operation 17709068 : EXECUTING
22:38:34 INFO  State of operation 17709068 : EXECUTING
22:38:37 INFO  State of operation 17709068 : EXECUTING
22:38:39 INFO  State of operation 17709068 : EXECUTING
22:38:41 INFO  State of operation 17709068 : EXECUTING
22:38:43 INFO  State of operation 17709068 : EXECUTING
22:38:46 INFO  State of operation 17709068 : EXECUTING
22:38:48 INFO  State of operation 17709068 : EXECUTING
22:38:50 INFO  State of operation 17709068 : EXECUTING
22:38:52 INFO  State of operation 17709068 : EXECUTING
22:38:55 INFO  State of operation 17709068 : EXECUTING
22:38:57 INFO  State of operation 17709068 : EXECUTING
22:39:00 INFO  State of operation 17709068 : EXECUTING
22:39:02 INFO  State of operation 17709068 : EXECUTING
22:39:04 INFO  State of operation 17709068 : EXECUTING
22:39:06 INFO  State of operation 17709068 : EXECUTING
22:39:09 INFO  State of operation 17709068 : EXECUTING
22:39:11 INFO  State of operation 17709068 : EXECUTING
22:39:13 INFO  State of operation 17709068 : EXECUTING
22:39:16 INFO  State of operation 17709068 : EXECUTING
22:39:18 INFO  State of operation 17709068 : EXECUTING
22:39:20 INFO  State of operation 17709068 : EXECUTING
22:39:23 INFO  State of operation 17709068 : EXECUTING
22:39:25 INFO  State of operation 17709068 : EXECUTING
22:39:27 INFO  State of operation 17709068 : EXECUTING
22:39:30 INFO  State of operation 17709068 : EXECUTING
22:39:32 INFO  State of operation 17709068 : EXECUTING
22:39:35 INFO  State of operation 17709068 : EXECUTING
22:39:37 INFO  State of operation 17709068 : EXECUTING
22:39:40 INFO  State of operation 17709068 : EXECUTING
22:39:42 INFO  State of operation 17709068 : EXECUTING
22:39:44 WARN  SystemError occurred while running test - Timeout while waiting for status SUCCESSFUL or False
Traceback (most recent call last):
  File &quot;/home/pi/env-pysys/lib/python3.7/site-packages/pysys/baserunner.py&quot;, line 1294, in __call__
    self.testObj.execute()
  File &quot;/home/pi/actions-runner/_work/thin-edge.io/thin-edge.io/tests/PySys/software_management_end_to_end/sm_apt_install_remove_multiple_mixed/run.py&quot;, line 89, in execute
    self.wait_until_succcess()
  File &quot;/home/pi/actions-runner/_work/thin-edge.io/thin-edge.io/tests/PySys/software_management_end_to_end/environment_sm_management.py&quot;, line 324, in wait_until_succcess
    self.wait_until_status(&quot;SUCCESSFUL&quot;)
  File &quot;/home/pi/actions-runner/_work/thin-edge.io/thin-edge.io/tests/PySys/software_management_end_to_end/environment_sm_management.py&quot;, line 381, in wait_until_status
    &quot;Timeout while waiting for status %s or %s&quot; % (status, status2)
SystemError: Timeout while waiting for status SUCCESSFUL or False
22:39:44 WARN  SystemError: Timeout while waiting for status SUCCESSFUL or False ... blocked 
22:39:44 INFO  
22:39:44 INFO  cleanup:
22:39:50 INFO  Executed sudo&lt;tedge_disconnect_c8y&gt;, exit status 0
22:39:51 INFO  Executed systemctl&lt;serv_mapper5&gt;, exit status 3
22:39:51 INFO  
22:39:51 INFO  Test duration: 177.51 secs
22:39:51 INFO  Test final outcome:  BLOCKED
22:39:51 INFO  Test outcome reason: SystemError: Timeout while waiting for status SUCCESSFUL or False (+1 other failures)
22:39:51 INFO  
</system-out>
	</testcase>
</testsuite>
