<?xml version="1.0" encoding="utf-8"?>
<testsuite failures="1" name="SoftwareManagement.sm_apt_install_remove_multiple_mixed" skipped="0" tests="1" time="177.82" timestamp="2022-05-04T09:35:06">
	<testcase classname="PySysTest" name="SoftwareManagement.sm_apt_install_remove_multiple_mixed">
		<failure message="BLOCKED: SystemError: Timeout while waiting for status SUCCESSFUL or False (+1 other failures)" type="BLOCKED"/>
		<system-out>09:32:08 INFO  ==============================================================
09:32:08 INFO  Id:    SoftwareManagement.sm_apt_install_remove_multiple_mixed
09:32:08 INFO  Dir:   software_management_end_to_end/
09:32:08 INFO  Title: Validate end to end behaviour for the apt plugin for multiple packages with mixed versions
09:32:08 INFO  ==============================================================
09:32:08 INFO  Using sw id database: {'asciijump': '5475369', 'robotfindskitten': '5474869', 'squirrel3': '5475279', 'rolldice': '5152439', 'moon-buggy': '5439204', 'apple': '5495053', 'banana': '5494888', 'cherry': '5495382', 'watermelon': '5494510', 'registry': '8018911', 'hello-world': '8021526', 'docker/getting-started': '8021973', 'alpine': '7991792'}
09:32:08 INFO  EnvironmentC8y Setup
09:32:09 INFO  Executed systemctl&lt;serv_mapper1&gt;, exit status 3
09:32:09 INFO  Restarting mosquitto too frequently in the last 10 seconds. It was only up for 5 seconds
09:32:09 INFO  Delaying execution by 6 seconds
09:32:29 INFO  Executed sudo&lt;tedge_connect_c8y&gt;, exit status 0, duration 13 secs
09:32:29 INFO  Executed sudo&lt;tedge_connect_c8y_test&gt;, exit status 0
09:32:30 INFO  Executed systemctl&lt;serv_mosq2&gt;, exit status 0
09:32:30 INFO  Executed systemctl&lt;serv_mapper3&gt;, exit status 0
09:32:32 INFO  State of current operation: SUCCESSFUL
09:32:33 INFO  Assert that (False == value) with value=False ... passed
09:32:33 INFO  Assert that (False == value) with value=False ... passed
09:32:33 INFO  Assert that (False == value) with value=False ... passed
09:32:33 INFO  Assert that (False == value) with value=False ... passed
09:32:34 INFO  Package moon-buggy is installed
09:32:34 WARN  Assert that (False == value) with value=True ... failed 
09:32:35 INFO  Response status: 201
09:32:35 INFO  Response to action: {
    &quot;creationTime&quot;: &quot;2022-05-04T09:32:35.294Z&quot;,
    &quot;deviceName&quot;: &quot;m32sd10d&quot;,
    &quot;deviceId&quot;: &quot;18360056&quot;,
    &quot;self&quot;: &quot;https://t493319102.eu-latest.cumulocity.com/devicecontrol/operations/18392250&quot;,
    &quot;id&quot;: &quot;18392250&quot;,
    &quot;status&quot;: &quot;PENDING&quot;,
    &quot;description&quot;: &quot;Apply software changes, triggered from PySys: [{'action': 'install', 'id': '5475369', 'name': 'asciijump', 'url': ' ', 'version': '::apt'}, {'action': 'install', 'id': '5474869', 'name': 'robotfindskitten', 'url': ' ', 'version': ' '}, {'action': 'install', 'id': '5475279', 'name': 'squirrel3', 'url': ' ', 'version': '3.1-7::apt'}, {'action': 'install', 'id': '5152439', 'name': 'rolldice', 'url': ' ', 'version': '1.16-1+b1'}, {'action': 'install', 'id': '5439204', 'name': 'moon-buggy', 'url': ' ', 'version': '1:1.0.51-12'}, {'action': 'install', 'id': '5475369', 'name': 'asciijump', 'url': ' ', 'version': '::apt'}]&quot;,
    &quot;c8y_SoftwareUpdate&quot;: [
        {
            &quot;name&quot;: &quot;asciijump&quot;,
            &quot;action&quot;: &quot;install&quot;,
            &quot;id&quot;: &quot;5475369&quot;,
            &quot;version&quot;: &quot;::apt&quot;,
            &quot;url&quot;: &quot; &quot;
        },
        {
            &quot;name&quot;: &quot;robotfindskitten&quot;,
            &quot;action&quot;: &quot;install&quot;,
            &quot;id&quot;: &quot;5474869&quot;,
            &quot;version&quot;: &quot; &quot;,
            &quot;url&quot;: &quot; &quot;
        },
        {
            &quot;name&quot;: &quot;squirrel3&quot;,
            &quot;action&quot;: &quot;install&quot;,
            &quot;id&quot;: &quot;5475279&quot;,
            &quot;version&quot;: &quot;3.1-7::apt&quot;,
            &quot;url&quot;: &quot; &quot;
        },
        {
            &quot;name&quot;: &quot;rolldice&quot;,
            &quot;action&quot;: &quot;install&quot;,
            &quot;id&quot;: &quot;5152439&quot;,
            &quot;version&quot;: &quot;1.16-1+b1&quot;,
            &quot;url&quot;: &quot; &quot;
        },
        {
            &quot;name&quot;: &quot;moon-buggy&quot;,
            &quot;action&quot;: &quot;install&quot;,
            &quot;id&quot;: &quot;5439204&quot;,
            &quot;version&quot;: &quot;1:1.0.51-12&quot;,
            &quot;url&quot;: &quot; &quot;
        },
        {
            &quot;name&quot;: &quot;asciijump&quot;,
            &quot;action&quot;: &quot;install&quot;,
            &quot;id&quot;: &quot;5475369&quot;,
            &quot;version&quot;: &quot;::apt&quot;,
            &quot;url&quot;: &quot; &quot;
        }
    ]
}
09:32:35 INFO  Started operation: {'creationTime': '2022-05-04T09:32:35.294Z', 'deviceName': 'm32sd10d', 'deviceId': '18360056', 'self': 'https://t493319102.eu-latest.cumulocity.com/devicecontrol/operations/18392250', 'id': '18392250', 'status': 'PENDING', 'description': &quot;Apply software changes, triggered from PySys: [{'action': 'install', 'id': '5475369', 'name': 'asciijump', 'url': ' ', 'version': '::apt'}, {'action': 'install', 'id': '5474869', 'name': 'robotfindskitten', 'url': ' ', 'version': ' '}, {'action': 'install', 'id': '5475279', 'name': 'squirrel3', 'url': ' ', 'version': '3.1-7::apt'}, {'action': 'install', 'id': '5152439', 'name': 'rolldice', 'url': ' ', 'version': '1.16-1+b1'}, {'action': 'install', 'id': '5439204', 'name': 'moon-buggy', 'url': ' ', 'version': '1:1.0.51-12'}, {'action': 'install', 'id': '5475369', 'name': 'asciijump', 'url': ' ', 'version': '::apt'}]&quot;, 'c8y_SoftwareUpdate': [{'name': 'asciijump', 'action': 'install', 'id': '5475369', 'version': '::apt', 'url': ' '}, {'name': 'robotfindskitten', 'action': 'install', 'id': '5474869', 'version': ' ', 'url': ' '}, {'name': 'squirrel3', 'action': 'install', 'id': '5475279', 'version': '3.1-7::apt', 'url': ' '}, {'name': 'rolldice', 'action': 'install', 'id': '5152439', 'version': '1.16-1+b1', 'url': ' '}, {'name': 'moon-buggy', 'action': 'install', 'id': '5439204', 'version': '1:1.0.51-12', 'url': ' '}, {'name': 'asciijump', 'action': 'install', 'id': '5475369', 'version': '::apt', 'url': ' '}]}
09:32:37 INFO  State of operation 18392250 : PENDING
09:32:39 INFO  State of operation 18392250 : EXECUTING
09:32:42 INFO  State of operation 18392250 : EXECUTING
09:32:44 INFO  State of operation 18392250 : EXECUTING
09:32:46 INFO  State of operation 18392250 : EXECUTING
09:32:48 INFO  State of operation 18392250 : EXECUTING
09:32:51 INFO  State of operation 18392250 : EXECUTING
09:32:54 INFO  State of operation 18392250 : EXECUTING
09:32:56 INFO  State of operation 18392250 : EXECUTING
09:32:59 INFO  State of operation 18392250 : EXECUTING
09:33:01 INFO  State of operation 18392250 : EXECUTING
09:33:03 INFO  State of operation 18392250 : EXECUTING
09:33:05 INFO  State of operation 18392250 : EXECUTING
09:33:08 INFO  State of operation 18392250 : EXECUTING
09:33:10 INFO  State of operation 18392250 : EXECUTING
09:33:12 INFO  State of operation 18392250 : EXECUTING
09:33:15 INFO  State of operation 18392250 : EXECUTING
09:33:17 INFO  State of operation 18392250 : EXECUTING
09:33:20 INFO  State of operation 18392250 : EXECUTING
09:33:22 INFO  State of operation 18392250 : EXECUTING
09:33:24 INFO  State of operation 18392250 : EXECUTING
09:33:27 INFO  State of operation 18392250 : EXECUTING
09:33:29 INFO  State of operation 18392250 : EXECUTING
09:33:31 INFO  State of operation 18392250 : EXECUTING
09:33:34 INFO  State of operation 18392250 : EXECUTING
09:33:36 INFO  State of operation 18392250 : EXECUTING
09:33:38 INFO  State of operation 18392250 : EXECUTING
09:33:41 INFO  State of operation 18392250 : EXECUTING
09:33:43 INFO  State of operation 18392250 : EXECUTING
09:33:45 INFO  State of operation 18392250 : EXECUTING
09:33:47 INFO  State of operation 18392250 : EXECUTING
09:33:50 INFO  State of operation 18392250 : EXECUTING
09:33:52 INFO  State of operation 18392250 : EXECUTING
09:33:54 INFO  State of operation 18392250 : EXECUTING
09:33:56 INFO  State of operation 18392250 : EXECUTING
09:33:59 INFO  State of operation 18392250 : EXECUTING
09:34:01 INFO  State of operation 18392250 : EXECUTING
09:34:03 INFO  State of operation 18392250 : EXECUTING
09:34:06 INFO  State of operation 18392250 : EXECUTING
09:34:08 INFO  State of operation 18392250 : EXECUTING
09:34:11 INFO  State of operation 18392250 : EXECUTING
09:34:13 INFO  State of operation 18392250 : EXECUTING
09:34:16 INFO  State of operation 18392250 : EXECUTING
09:34:18 INFO  State of operation 18392250 : EXECUTING
09:34:20 INFO  State of operation 18392250 : EXECUTING
09:34:23 INFO  State of operation 18392250 : EXECUTING
09:34:25 INFO  State of operation 18392250 : EXECUTING
09:34:27 INFO  State of operation 18392250 : EXECUTING
09:34:30 INFO  State of operation 18392250 : EXECUTING
09:34:32 INFO  State of operation 18392250 : EXECUTING
09:34:35 INFO  State of operation 18392250 : EXECUTING
09:34:37 INFO  State of operation 18392250 : EXECUTING
09:34:40 INFO  State of operation 18392250 : EXECUTING
09:34:42 INFO  State of operation 18392250 : EXECUTING
09:34:45 INFO  State of operation 18392250 : EXECUTING
09:34:47 INFO  State of operation 18392250 : EXECUTING
09:34:49 INFO  State of operation 18392250 : EXECUTING
09:34:52 INFO  State of operation 18392250 : EXECUTING
09:34:54 INFO  State of operation 18392250 : EXECUTING
09:34:57 INFO  State of operation 18392250 : EXECUTING
09:34:59 INFO  State of operation 18392250 : EXECUTING
09:35:01 WARN  SystemError occurred while running test - Timeout while waiting for status SUCCESSFUL or False
Traceback (most recent call last):
  File &quot;/home/pi/env-pysys/lib/python3.7/site-packages/pysys/baserunner.py&quot;, line 1294, in __call__
    self.testObj.execute()
  File &quot;/home/pi/actions-runner/_work/thin-edge.io/thin-edge.io/tests/PySys/software_management_end_to_end/sm_apt_install_remove_multiple_mixed/run.py&quot;, line 89, in execute
    self.wait_until_succcess()
  File &quot;/home/pi/actions-runner/_work/thin-edge.io/thin-edge.io/tests/PySys/software_management_end_to_end/environment_sm_management.py&quot;, line 324, in wait_until_succcess
    self.wait_until_status(&quot;SUCCESSFUL&quot;)
  File &quot;/home/pi/actions-runner/_work/thin-edge.io/thin-edge.io/tests/PySys/software_management_end_to_end/environment_sm_management.py&quot;, line 381, in wait_until_status
    &quot;Timeout while waiting for status %s or %s&quot; % (status, status2)
SystemError: Timeout while waiting for status SUCCESSFUL or False
09:35:01 WARN  SystemError: Timeout while waiting for status SUCCESSFUL or False ... blocked 
09:35:01 INFO  
09:35:01 INFO  cleanup:
09:35:05 INFO  Executed sudo&lt;tedge_disconnect_c8y&gt;, exit status 0
09:35:06 INFO  Executed systemctl&lt;serv_mapper5&gt;, exit status 3
09:35:06 INFO  
09:35:06 INFO  Test duration: 177.82 secs
09:35:06 INFO  Test final outcome:  BLOCKED
09:35:06 INFO  Test outcome reason: SystemError: Timeout while waiting for status SUCCESSFUL or False (+1 other failures)
09:35:06 INFO  
</system-out>
	</testcase>
</testsuite>
