<?xml version="1.0" encoding="utf-8"?>
<testsuite failures="1" name="SoftwareManagement.sm_fake_install_remove_multiple" skipped="0" tests="1" time="164.58" timestamp="2022-04-27T14:43:42">
	<testcase classname="PySysTest" name="SoftwareManagement.sm_fake_install_remove_multiple">
		<failure message="BLOCKED: SystemError: Timeout while waiting for status FAILED or SUCCESSFUL" type="BLOCKED"/>
		<system-out>14:40:57 INFO  ==============================================================
14:40:57 INFO  Id:    SoftwareManagement.sm_fake_install_remove_multiple
14:40:57 INFO  Dir:   software_management_end_to_end/
14:40:57 INFO  Title: Validate end to end behaviour for the dummy-plugin for multiple packages
14:40:57 INFO  ==============================================================
14:40:57 INFO  Using sw id database: {'asciijump': '5475369', 'robotfindskitten': '5474869', 'squirrel3': '5475279', 'rolldice': '5152439', 'moon-buggy': '5439204', 'apple': '5495053', 'banana': '5494888', 'cherry': '5495382', 'watermelon': '5494510', 'registry': '8018911', 'hello-world': '8021526', 'docker/getting-started': '8021973', 'alpine': '7991792'}
14:40:57 INFO  EnvironmentC8y Setup
14:40:58 INFO  Executed systemctl&lt;serv_mapper1&gt;, exit status 3
14:40:58 INFO  Restarting mosquitto too frequently in the last 10 seconds. It was only up for 5 seconds
14:40:58 INFO  Delaying execution by 6 seconds
14:41:18 INFO  Executed sudo&lt;tedge_connect_c8y&gt;, exit status 0, duration 13 secs
14:41:19 INFO  Executed sudo&lt;tedge_connect_c8y_test&gt;, exit status 0
14:41:19 INFO  Executed systemctl&lt;serv_mosq2&gt;, exit status 0
14:41:20 INFO  Executed systemctl&lt;serv_mapper3&gt;, exit status 0
14:41:22 INFO  State of current operation: PENDING
14:41:24 INFO  State of current operation: PENDING
14:41:26 INFO  State of current operation: PENDING
14:41:29 INFO  State of current operation: PENDING
14:41:31 INFO  State of current operation: PENDING
14:41:33 INFO  State of current operation: PENDING
14:41:35 INFO  State of current operation: PENDING
14:41:37 INFO  State of current operation: PENDING
14:41:40 INFO  State of current operation: PENDING
14:41:42 INFO  State of current operation: PENDING
14:41:44 INFO  State of current operation: PENDING
14:41:46 INFO  State of current operation: PENDING
14:41:49 INFO  State of current operation: PENDING
14:41:51 INFO  State of current operation: PENDING
14:41:53 INFO  State of current operation: PENDING
14:41:55 INFO  State of current operation: PENDING
14:41:57 INFO  State of current operation: PENDING
14:42:00 INFO  State of current operation: PENDING
14:42:02 INFO  State of current operation: PENDING
14:42:04 INFO  State of current operation: PENDING
14:42:06 INFO  State of current operation: PENDING
14:42:09 INFO  State of current operation: PENDING
14:42:11 INFO  State of current operation: PENDING
14:42:13 INFO  State of current operation: PENDING
14:42:15 INFO  State of current operation: PENDING
14:42:18 INFO  State of current operation: PENDING
14:42:20 INFO  State of current operation: PENDING
14:42:22 INFO  State of current operation: PENDING
14:42:24 INFO  State of current operation: PENDING
14:42:26 INFO  State of current operation: PENDING
14:42:29 INFO  State of current operation: PENDING
14:42:31 INFO  State of current operation: PENDING
14:42:33 INFO  State of current operation: PENDING
14:42:35 INFO  State of current operation: PENDING
14:42:38 INFO  State of current operation: PENDING
14:42:40 INFO  State of current operation: PENDING
14:42:42 INFO  State of current operation: PENDING
14:42:44 INFO  State of current operation: PENDING
14:42:46 INFO  State of current operation: PENDING
14:42:49 INFO  State of current operation: PENDING
14:42:51 INFO  State of current operation: PENDING
14:42:53 INFO  State of current operation: PENDING
14:42:55 INFO  State of current operation: PENDING
14:42:58 INFO  State of current operation: PENDING
14:43:00 INFO  State of current operation: PENDING
14:43:02 INFO  State of current operation: PENDING
14:43:04 INFO  State of current operation: PENDING
14:43:06 INFO  State of current operation: PENDING
14:43:09 INFO  State of current operation: PENDING
14:43:11 INFO  State of current operation: PENDING
14:43:13 INFO  State of current operation: PENDING
14:43:15 INFO  State of current operation: PENDING
14:43:18 INFO  State of current operation: PENDING
14:43:20 INFO  State of current operation: PENDING
14:43:22 INFO  State of current operation: PENDING
14:43:24 INFO  State of current operation: PENDING
14:43:26 INFO  State of current operation: PENDING
14:43:29 INFO  State of current operation: PENDING
14:43:31 INFO  State of current operation: PENDING
14:43:33 INFO  State of current operation: PENDING
14:43:35 INFO  State of current operation: PENDING
14:43:37 WARN  SystemError occurred while running test - Timeout while waiting for status FAILED or SUCCESSFUL
Traceback (most recent call last):
  File &quot;/home/pi/env-pysys/lib/python3.7/site-packages/pysys/baserunner.py&quot;, line 1292, in __call__
    self.testObj.setup()
  File &quot;/home/pi/actions-runner/_work/thin-edge.io/thin-edge.io/tests/PySys/software_management_end_to_end/sm_fake_install_remove_multiple/run.py&quot;, line 68, in setup
    super().setup()
  File &quot;/home/pi/actions-runner/_work/thin-edge.io/thin-edge.io/tests/PySys/software_management_end_to_end/environment_sm_management.py&quot;, line 151, in setup
    self.wait_until_end()
  File &quot;/home/pi/actions-runner/_work/thin-edge.io/thin-edge.io/tests/PySys/software_management_end_to_end/environment_sm_management.py&quot;, line 332, in wait_until_end
    self.wait_until_status(&quot;FAILED&quot;, &quot;SUCCESSFUL&quot;)
  File &quot;/home/pi/actions-runner/_work/thin-edge.io/thin-edge.io/tests/PySys/software_management_end_to_end/environment_sm_management.py&quot;, line 381, in wait_until_status
    &quot;Timeout while waiting for status %s or %s&quot; % (status, status2)
SystemError: Timeout while waiting for status FAILED or SUCCESSFUL
14:43:37 WARN  SystemError: Timeout while waiting for status FAILED or SUCCESSFUL ... blocked 
14:43:37 INFO  
14:43:37 INFO  cleanup:
14:43:41 INFO  Executed sudo&lt;tedge_disconnect_c8y&gt;, exit status 0
14:43:42 INFO  Executed systemctl&lt;serv_mapper5&gt;, exit status 3
14:43:42 INFO  
14:43:42 INFO  Test duration: 164.58 secs
14:43:42 INFO  Test final outcome:  BLOCKED
14:43:42 INFO  Test outcome reason: SystemError: Timeout while waiting for status FAILED or SUCCESSFUL
14:43:42 INFO  
</system-out>
	</testcase>
</testsuite>
