<?xml version="1.0" encoding="utf-8"?>
<testsuite failures="1" name="SoftwareManagement.sm_mixed_install_remove_multiple" skipped="0" tests="1" time="162.35" timestamp="2022-05-09T16:00:39">
	<testcase classname="PySysTest" name="SoftwareManagement.sm_mixed_install_remove_multiple">
		<failure message="FAILED: Assert that (False == value) with value=True" type="FAILED"/>
		<system-out>15:57:57 INFO  ==============================================================
15:57:57 INFO  Id:    SoftwareManagement.sm_mixed_install_remove_multiple
15:57:57 INFO  Dir:   software_management_end_to_end/
15:57:57 INFO  Title: Validate end to end behaviour for the dummy-plugin for multiple packages with mixed versions
15:57:57 INFO  ==============================================================
15:57:57 INFO  Using sw id database: {'asciijump': '5475369', 'robotfindskitten': '5474869', 'squirrel3': '5475279', 'rolldice': '5152439', 'moon-buggy': '5439204', 'apple': '5495053', 'banana': '5494888', 'cherry': '5495382', 'watermelon': '5494510', 'registry': '8018911', 'hello-world': '8021526', 'docker/getting-started': '8021973', 'alpine': '7991792'}
15:57:57 INFO  EnvironmentC8y Setup
15:57:58 INFO  Executed systemctl&lt;serv_mapper1&gt;, exit status 3
15:57:58 INFO  Restarting mosquitto too frequently in the last 10 seconds. It was only up for 5 seconds
15:57:58 INFO  Delaying execution by 6 seconds
15:58:18 INFO  Executed sudo&lt;tedge_connect_c8y&gt;, exit status 0, duration 13 secs
15:58:18 INFO  Executed sudo&lt;tedge_connect_c8y_test&gt;, exit status 0
15:58:19 INFO  Executed systemctl&lt;serv_mosq2&gt;, exit status 0
15:58:19 INFO  Executed systemctl&lt;serv_mapper3&gt;, exit status 0
15:58:21 INFO  State of current operation: SUCCESSFUL
15:58:22 INFO  Package apple is installed
15:58:22 INFO  Assert that (True == value) with value=True ... passed
15:58:22 INFO  Package banana is installed
15:58:22 INFO  Assert that (True == value) with value=True ... passed
15:58:22 INFO  Package cherry is installed
15:58:22 INFO  Assert that (True == value) with value=True ... passed
15:58:22 INFO  Package asciijump is installed
15:58:22 WARN  Assert that (False == value) with value=True ... failed 
15:58:23 INFO  Assert that (False == value) with value=False ... passed
15:58:23 INFO  Response status: 201
15:58:23 INFO  Response to action: {
    &quot;creationTime&quot;: &quot;2022-05-09T15:58:23.264Z&quot;,
    &quot;deviceName&quot;: &quot;m32sd10d&quot;,
    &quot;deviceId&quot;: &quot;18555945&quot;,
    &quot;self&quot;: &quot;https://t493319102.eu-latest.cumulocity.com/devicecontrol/operations/18564862&quot;,
    &quot;id&quot;: &quot;18564862&quot;,
    &quot;status&quot;: &quot;PENDING&quot;,
    &quot;description&quot;: &quot;Apply software changes, triggered from PySys: [{'action': 'install', 'id': '5495053', 'name': 'apple', 'url': ' ', 'version': '::fruits'}, {'action': 'install', 'id': '5494888', 'name': 'banana', 'url': ' ', 'version': '::fruits'}, {'action': 'install', 'id': '5475369', 'name': 'asciijump', 'url': ' ', 'version': '::apt'}, {'action': 'install', 'id': '5495382', 'name': 'cherry', 'url': ' ', 'version': '::fruits'}, {'action': 'install', 'id': '8018911', 'name': 'registry', 'url': ' ', 'version': '::docker'}]&quot;,
    &quot;c8y_SoftwareUpdate&quot;: [
        {
            &quot;name&quot;: &quot;apple&quot;,
            &quot;action&quot;: &quot;install&quot;,
            &quot;id&quot;: &quot;5495053&quot;,
            &quot;version&quot;: &quot;::fruits&quot;,
            &quot;url&quot;: &quot; &quot;
        },
        {
            &quot;name&quot;: &quot;banana&quot;,
            &quot;action&quot;: &quot;install&quot;,
            &quot;id&quot;: &quot;5494888&quot;,
            &quot;version&quot;: &quot;::fruits&quot;,
            &quot;url&quot;: &quot; &quot;
        },
        {
            &quot;name&quot;: &quot;asciijump&quot;,
            &quot;action&quot;: &quot;install&quot;,
            &quot;id&quot;: &quot;5475369&quot;,
            &quot;version&quot;: &quot;::apt&quot;,
            &quot;url&quot;: &quot; &quot;
        },
        {
            &quot;name&quot;: &quot;cherry&quot;,
            &quot;action&quot;: &quot;install&quot;,
            &quot;id&quot;: &quot;5495382&quot;,
            &quot;version&quot;: &quot;::fruits&quot;,
            &quot;url&quot;: &quot; &quot;
        },
        {
            &quot;name&quot;: &quot;registry&quot;,
            &quot;action&quot;: &quot;install&quot;,
            &quot;id&quot;: &quot;8018911&quot;,
            &quot;version&quot;: &quot;::docker&quot;,
            &quot;url&quot;: &quot; &quot;
        }
    ]
}
15:58:23 INFO  Started operation: {'creationTime': '2022-05-09T15:58:23.264Z', 'deviceName': 'm32sd10d', 'deviceId': '18555945', 'self': 'https://t493319102.eu-latest.cumulocity.com/devicecontrol/operations/18564862', 'id': '18564862', 'status': 'PENDING', 'description': &quot;Apply software changes, triggered from PySys: [{'action': 'install', 'id': '5495053', 'name': 'apple', 'url': ' ', 'version': '::fruits'}, {'action': 'install', 'id': '5494888', 'name': 'banana', 'url': ' ', 'version': '::fruits'}, {'action': 'install', 'id': '5475369', 'name': 'asciijump', 'url': ' ', 'version': '::apt'}, {'action': 'install', 'id': '5495382', 'name': 'cherry', 'url': ' ', 'version': '::fruits'}, {'action': 'install', 'id': '8018911', 'name': 'registry', 'url': ' ', 'version': '::docker'}]&quot;, 'c8y_SoftwareUpdate': [{'name': 'apple', 'action': 'install', 'id': '5495053', 'version': '::fruits', 'url': ' '}, {'name': 'banana', 'action': 'install', 'id': '5494888', 'version': '::fruits', 'url': ' '}, {'name': 'asciijump', 'action': 'install', 'id': '5475369', 'version': '::apt', 'url': ' '}, {'name': 'cherry', 'action': 'install', 'id': '5495382', 'version': '::fruits', 'url': ' '}, {'name': 'registry', 'action': 'install', 'id': '8018911', 'version': '::docker', 'url': ' '}]}
15:58:25 INFO  State of operation 18564862 : PENDING
15:58:27 INFO  State of operation 18564862 : EXECUTING
15:58:29 INFO  State of operation 18564862 : EXECUTING
15:58:32 INFO  State of operation 18564862 : EXECUTING
15:58:34 INFO  State of operation 18564862 : EXECUTING
15:58:36 INFO  State of operation 18564862 : EXECUTING
15:58:39 INFO  State of operation 18564862 : EXECUTING
15:58:42 INFO  State of operation 18564862 : EXECUTING
15:58:44 INFO  State of operation 18564862 : EXECUTING
15:58:46 INFO  State of operation 18564862 : EXECUTING
15:58:49 INFO  State of operation 18564862 : EXECUTING
15:58:51 INFO  State of operation 18564862 : EXECUTING
15:58:53 INFO  State of operation 18564862 : EXECUTING
15:58:55 INFO  State of operation 18564862 : EXECUTING
15:58:57 INFO  State of operation 18564862 : EXECUTING
15:59:00 INFO  State of operation 18564862 : EXECUTING
15:59:02 INFO  State of operation 18564862 : EXECUTING
15:59:04 INFO  State of operation 18564862 : EXECUTING
15:59:06 INFO  State of operation 18564862 : EXECUTING
15:59:09 INFO  State of operation 18564862 : EXECUTING
15:59:11 INFO  State of operation 18564862 : EXECUTING
15:59:13 INFO  State of operation 18564862 : EXECUTING
15:59:15 INFO  State of operation 18564862 : EXECUTING
15:59:18 INFO  State of operation 18564862 : EXECUTING
15:59:20 INFO  State of operation 18564862 : EXECUTING
15:59:22 INFO  State of operation 18564862 : SUCCESSFUL
15:59:22 INFO  Package apple is installed
15:59:22 INFO  Assert that (True == value) with value=True ... passed
15:59:23 INFO  Package banana is installed
15:59:23 INFO  Assert that (True == value) with value=True ... passed
15:59:23 INFO  Package cherry is installed
15:59:23 INFO  Assert that (True == value) with value=True ... passed
15:59:23 INFO  Package asciijump is installed
15:59:23 INFO  Assert that (True == value) with value=True ... passed
15:59:23 INFO  Package registry is installed
15:59:23 INFO  Assert that (True == value) with value=True ... passed
15:59:23 INFO  Response status: 201
15:59:23 INFO  Response to action: {
    &quot;creationTime&quot;: &quot;2022-05-09T15:59:23.927Z&quot;,
    &quot;deviceName&quot;: &quot;m32sd10d&quot;,
    &quot;deviceId&quot;: &quot;18555945&quot;,
    &quot;self&quot;: &quot;https://t493319102.eu-latest.cumulocity.com/devicecontrol/operations/18564882&quot;,
    &quot;id&quot;: &quot;18564882&quot;,
    &quot;status&quot;: &quot;PENDING&quot;,
    &quot;description&quot;: &quot;Apply software changes, triggered from PySys: [{'action': 'delete', 'id': '5495053', 'name': 'apple', 'url': ' ', 'version': '::fruits'}, {'action': 'delete', 'id': '5494888', 'name': 'banana', 'url': ' ', 'version': '::fruits'}, {'action': 'delete', 'id': '5475369', 'name': 'asciijump', 'url': ' ', 'version': '::apt'}, {'action': 'delete', 'id': '5495382', 'name': 'cherry', 'url': ' ', 'version': '::fruits'}, {'action': 'delete', 'id': '8018911', 'name': 'registry', 'url': ' ', 'version': '::docker'}]&quot;,
    &quot;c8y_SoftwareUpdate&quot;: [
        {
            &quot;name&quot;: &quot;apple&quot;,
            &quot;action&quot;: &quot;delete&quot;,
            &quot;id&quot;: &quot;5495053&quot;,
            &quot;version&quot;: &quot;::fruits&quot;,
            &quot;url&quot;: &quot; &quot;
        },
        {
            &quot;name&quot;: &quot;banana&quot;,
            &quot;action&quot;: &quot;delete&quot;,
            &quot;id&quot;: &quot;5494888&quot;,
            &quot;version&quot;: &quot;::fruits&quot;,
            &quot;url&quot;: &quot; &quot;
        },
        {
            &quot;name&quot;: &quot;asciijump&quot;,
            &quot;action&quot;: &quot;delete&quot;,
            &quot;id&quot;: &quot;5475369&quot;,
            &quot;version&quot;: &quot;::apt&quot;,
            &quot;url&quot;: &quot; &quot;
        },
        {
            &quot;name&quot;: &quot;cherry&quot;,
            &quot;action&quot;: &quot;delete&quot;,
            &quot;id&quot;: &quot;5495382&quot;,
            &quot;version&quot;: &quot;::fruits&quot;,
            &quot;url&quot;: &quot; &quot;
        },
        {
            &quot;name&quot;: &quot;registry&quot;,
            &quot;action&quot;: &quot;delete&quot;,
            &quot;id&quot;: &quot;8018911&quot;,
            &quot;version&quot;: &quot;::docker&quot;,
            &quot;url&quot;: &quot; &quot;
        }
    ]
}
15:59:23 INFO  Started operation: {'creationTime': '2022-05-09T15:59:23.927Z', 'deviceName': 'm32sd10d', 'deviceId': '18555945', 'self': 'https://t493319102.eu-latest.cumulocity.com/devicecontrol/operations/18564882', 'id': '18564882', 'status': 'PENDING', 'description': &quot;Apply software changes, triggered from PySys: [{'action': 'delete', 'id': '5495053', 'name': 'apple', 'url': ' ', 'version': '::fruits'}, {'action': 'delete', 'id': '5494888', 'name': 'banana', 'url': ' ', 'version': '::fruits'}, {'action': 'delete', 'id': '5475369', 'name': 'asciijump', 'url': ' ', 'version': '::apt'}, {'action': 'delete', 'id': '5495382', 'name': 'cherry', 'url': ' ', 'version': '::fruits'}, {'action': 'delete', 'id': '8018911', 'name': 'registry', 'url': ' ', 'version': '::docker'}]&quot;, 'c8y_SoftwareUpdate': [{'name': 'apple', 'action': 'delete', 'id': '5495053', 'version': '::fruits', 'url': ' '}, {'name': 'banana', 'action': 'delete', 'id': '5494888', 'version': '::fruits', 'url': ' '}, {'name': 'asciijump', 'action': 'delete', 'id': '5475369', 'version': '::apt', 'url': ' '}, {'name': 'cherry', 'action': 'delete', 'id': '5495382', 'version': '::fruits', 'url': ' '}, {'name': 'registry', 'action': 'delete', 'id': '8018911', 'version': '::docker', 'url': ' '}]}
15:59:26 INFO  State of operation 18564882 : PENDING
15:59:28 INFO  State of operation 18564882 : EXECUTING
15:59:30 INFO  State of operation 18564882 : EXECUTING
15:59:32 INFO  State of operation 18564882 : EXECUTING
15:59:35 INFO  State of operation 18564882 : EXECUTING
15:59:37 INFO  State of operation 18564882 : EXECUTING
15:59:40 INFO  State of operation 18564882 : EXECUTING
15:59:42 INFO  State of operation 18564882 : EXECUTING
15:59:45 INFO  State of operation 18564882 : EXECUTING
15:59:47 INFO  State of operation 18564882 : EXECUTING
15:59:49 INFO  State of operation 18564882 : EXECUTING
15:59:51 INFO  State of operation 18564882 : EXECUTING
15:59:54 INFO  State of operation 18564882 : EXECUTING
15:59:56 INFO  State of operation 18564882 : EXECUTING
15:59:58 INFO  State of operation 18564882 : EXECUTING
16:00:01 INFO  State of operation 18564882 : EXECUTING
16:00:03 INFO  State of operation 18564882 : EXECUTING
16:00:06 INFO  State of operation 18564882 : EXECUTING
16:00:08 INFO  State of operation 18564882 : EXECUTING
16:00:10 INFO  State of operation 18564882 : EXECUTING
16:00:12 INFO  State of operation 18564882 : EXECUTING
16:00:15 INFO  State of operation 18564882 : EXECUTING
16:00:17 INFO  State of operation 18564882 : EXECUTING
16:00:20 INFO  State of operation 18564882 : EXECUTING
16:00:22 INFO  State of operation 18564882 : EXECUTING
16:00:24 INFO  State of operation 18564882 : EXECUTING
16:00:27 INFO  State of operation 18564882 : EXECUTING
16:00:29 INFO  State of operation 18564882 : EXECUTING
16:00:31 INFO  State of operation 18564882 : EXECUTING
16:00:34 INFO  State of operation 18564882 : SUCCESSFUL
16:00:34 INFO  Package apple is installed
16:00:34 INFO  Assert that (True == value) with value=True ... passed
16:00:34 INFO  Package banana is installed
16:00:34 INFO  Assert that (True == value) with value=True ... passed
16:00:34 INFO  Package cherry is installed
16:00:34 INFO  Assert that (True == value) with value=True ... passed
16:00:35 INFO  Assert that (False == value) with value=False ... passed
16:00:35 INFO  Assert that (False == value) with value=False ... passed
16:00:35 INFO  
16:00:35 INFO  cleanup:
16:00:39 INFO  Executed sudo&lt;tedge_disconnect_c8y&gt;, exit status 0
16:00:39 INFO  Executed systemctl&lt;serv_mapper5&gt;, exit status 3
16:00:39 INFO  
16:00:39 INFO  Test duration: 162.35 secs
16:00:39 INFO  Test final outcome:  FAILED
16:00:39 INFO  Test outcome reason: Assert that (False == value) with value=True
16:00:39 INFO  
</system-out>
	</testcase>
</testsuite>
