<?xml version="1.0" encoding="utf-8"?>
<testsuite failures="1" name="SoftwareManagement.sm_apt_install_remove_multiple" skipped="0" tests="1" time="138.2" timestamp="2022-04-28T13:26:35">
	<testcase classname="PySysTest" name="SoftwareManagement.sm_apt_install_remove_multiple">
		<failure message="FAILED: Assert that (False == value) with value=True (+2 other failures)" type="FAILED"/>
		<system-out>13:24:17 INFO  ==============================================================
13:24:17 INFO  Id:    SoftwareManagement.sm_apt_install_remove_multiple
13:24:17 INFO  Dir:   software_management_end_to_end/
13:24:17 INFO  Title: Validate end to end behaviour for the apt plugin for multiple packages
13:24:17 INFO  ==============================================================
13:24:17 INFO  Using sw id database: {'asciijump': '5475369', 'robotfindskitten': '5474869', 'squirrel3': '5475279', 'rolldice': '5152439', 'moon-buggy': '5439204', 'apple': '5495053', 'banana': '5494888', 'cherry': '5495382', 'watermelon': '5494510', 'registry': '8018911', 'hello-world': '8021526', 'docker/getting-started': '8021973', 'alpine': '7991792'}
13:24:17 INFO  EnvironmentC8y Setup
13:24:17 INFO  Executed systemctl&lt;serv_mapper1&gt;, exit status 3
13:24:18 INFO  Restarting mosquitto too frequently in the last 10 seconds. It was only up for 4 seconds
13:24:18 INFO  Delaying execution by 7 seconds
13:24:39 INFO  Executed sudo&lt;tedge_connect_c8y&gt;, exit status 0, duration 14 secs
13:24:39 INFO  Executed sudo&lt;tedge_connect_c8y_test&gt;, exit status 0
13:24:40 INFO  Executed systemctl&lt;serv_mosq2&gt;, exit status 0
13:24:40 INFO  Executed systemctl&lt;serv_mapper3&gt;, exit status 0
13:24:42 INFO  State of current operation: SUCCESSFUL
13:24:43 INFO  Assert that (False == value) with value=False ... passed
13:24:43 INFO  Package asciijump is installed
13:24:43 WARN  Assert that (False == value) with value=True ... failed 
13:24:43 INFO  Package squirrel3 is installed
13:24:44 WARN  Assert that (False == value) with value=True ... failed 
13:24:44 INFO  Package robotfindskitten is installed
13:24:44 WARN  Assert that (False == value) with value=True ... failed 
13:24:44 INFO  Response status: 201
13:24:44 INFO  Response to action: {
    &quot;creationTime&quot;: &quot;2022-04-28T13:24:44.425Z&quot;,
    &quot;deviceName&quot;: &quot;m32sd10d&quot;,
    &quot;deviceId&quot;: &quot;17889227&quot;,
    &quot;self&quot;: &quot;https://t493319102.eu-latest.cumulocity.com/devicecontrol/operations/17911033&quot;,
    &quot;id&quot;: &quot;17911033&quot;,
    &quot;status&quot;: &quot;PENDING&quot;,
    &quot;description&quot;: &quot;Apply software changes, triggered from PySys: [{'action': 'install', 'id': '5475369', 'name': 'asciijump', 'url': ' ', 'version': '::apt'}, {'action': 'install', 'id': '5474869', 'name': 'robotfindskitten', 'url': ' ', 'version': '::apt'}, {'action': 'install', 'id': '5475279', 'name': 'squirrel3', 'url': ' ', 'version': '::apt'}]&quot;,
    &quot;c8y_SoftwareUpdate&quot;: [
        {
            &quot;name&quot;: &quot;asciijump&quot;,
            &quot;action&quot;: &quot;install&quot;,
            &quot;id&quot;: &quot;5475369&quot;,
            &quot;version&quot;: &quot;::apt&quot;,
            &quot;url&quot;: &quot; &quot;
        },
        {
            &quot;name&quot;: &quot;robotfindskitten&quot;,
            &quot;action&quot;: &quot;install&quot;,
            &quot;id&quot;: &quot;5474869&quot;,
            &quot;version&quot;: &quot;::apt&quot;,
            &quot;url&quot;: &quot; &quot;
        },
        {
            &quot;name&quot;: &quot;squirrel3&quot;,
            &quot;action&quot;: &quot;install&quot;,
            &quot;id&quot;: &quot;5475279&quot;,
            &quot;version&quot;: &quot;::apt&quot;,
            &quot;url&quot;: &quot; &quot;
        }
    ]
}
13:24:44 INFO  Started operation: {'creationTime': '2022-04-28T13:24:44.425Z', 'deviceName': 'm32sd10d', 'deviceId': '17889227', 'self': 'https://t493319102.eu-latest.cumulocity.com/devicecontrol/operations/17911033', 'id': '17911033', 'status': 'PENDING', 'description': &quot;Apply software changes, triggered from PySys: [{'action': 'install', 'id': '5475369', 'name': 'asciijump', 'url': ' ', 'version': '::apt'}, {'action': 'install', 'id': '5474869', 'name': 'robotfindskitten', 'url': ' ', 'version': '::apt'}, {'action': 'install', 'id': '5475279', 'name': 'squirrel3', 'url': ' ', 'version': '::apt'}]&quot;, 'c8y_SoftwareUpdate': [{'name': 'asciijump', 'action': 'install', 'id': '5475369', 'version': '::apt', 'url': ' '}, {'name': 'robotfindskitten', 'action': 'install', 'id': '5474869', 'version': '::apt', 'url': ' '}, {'name': 'squirrel3', 'action': 'install', 'id': '5475279', 'version': '::apt', 'url': ' '}]}
13:24:46 INFO  State of operation 17911033 : PENDING
13:24:48 INFO  State of operation 17911033 : EXECUTING
13:24:51 INFO  State of operation 17911033 : EXECUTING
13:24:53 INFO  State of operation 17911033 : EXECUTING
13:24:55 INFO  State of operation 17911033 : EXECUTING
13:24:57 INFO  State of operation 17911033 : EXECUTING
13:25:00 INFO  State of operation 17911033 : EXECUTING
13:25:03 INFO  State of operation 17911033 : EXECUTING
13:25:05 INFO  State of operation 17911033 : EXECUTING
13:25:08 INFO  State of operation 17911033 : EXECUTING
13:25:10 INFO  State of operation 17911033 : EXECUTING
13:25:12 INFO  State of operation 17911033 : EXECUTING
13:25:14 INFO  State of operation 17911033 : EXECUTING
13:25:17 INFO  State of operation 17911033 : EXECUTING
13:25:19 INFO  State of operation 17911033 : EXECUTING
13:25:21 INFO  State of operation 17911033 : SUCCESSFUL
13:25:21 INFO  Assert that (False == value) with value=False ... passed
13:25:21 INFO  Package asciijump is installed
13:25:21 INFO  Assert that (True == value) with value=True ... passed
13:25:22 INFO  Package squirrel3 is installed
13:25:22 INFO  Assert that (True == value) with value=True ... passed
13:25:22 INFO  Package robotfindskitten is installed
13:25:22 INFO  Assert that (True == value) with value=True ... passed
13:25:22 INFO  Response status: 201
13:25:22 INFO  Response to action: {
    &quot;creationTime&quot;: &quot;2022-04-28T13:25:22.621Z&quot;,
    &quot;deviceName&quot;: &quot;m32sd10d&quot;,
    &quot;deviceId&quot;: &quot;17889227&quot;,
    &quot;self&quot;: &quot;https://t493319102.eu-latest.cumulocity.com/devicecontrol/operations/17911041&quot;,
    &quot;id&quot;: &quot;17911041&quot;,
    &quot;status&quot;: &quot;PENDING&quot;,
    &quot;description&quot;: &quot;Apply software changes, triggered from PySys: [{'action': 'delete', 'id': '5475369', 'name': 'asciijump', 'url': ' ', 'version': '::apt'}, {'action': 'delete', 'id': '5474869', 'name': 'robotfindskitten', 'url': ' ', 'version': '::apt'}, {'action': 'delete', 'id': '5475279', 'name': 'squirrel3', 'url': ' ', 'version': '::apt'}]&quot;,
    &quot;c8y_SoftwareUpdate&quot;: [
        {
            &quot;name&quot;: &quot;asciijump&quot;,
            &quot;action&quot;: &quot;delete&quot;,
            &quot;id&quot;: &quot;5475369&quot;,
            &quot;version&quot;: &quot;::apt&quot;,
            &quot;url&quot;: &quot; &quot;
        },
        {
            &quot;name&quot;: &quot;robotfindskitten&quot;,
            &quot;action&quot;: &quot;delete&quot;,
            &quot;id&quot;: &quot;5474869&quot;,
            &quot;version&quot;: &quot;::apt&quot;,
            &quot;url&quot;: &quot; &quot;
        },
        {
            &quot;name&quot;: &quot;squirrel3&quot;,
            &quot;action&quot;: &quot;delete&quot;,
            &quot;id&quot;: &quot;5475279&quot;,
            &quot;version&quot;: &quot;::apt&quot;,
            &quot;url&quot;: &quot; &quot;
        }
    ]
}
13:25:22 INFO  Started operation: {'creationTime': '2022-04-28T13:25:22.621Z', 'deviceName': 'm32sd10d', 'deviceId': '17889227', 'self': 'https://t493319102.eu-latest.cumulocity.com/devicecontrol/operations/17911041', 'id': '17911041', 'status': 'PENDING', 'description': &quot;Apply software changes, triggered from PySys: [{'action': 'delete', 'id': '5475369', 'name': 'asciijump', 'url': ' ', 'version': '::apt'}, {'action': 'delete', 'id': '5474869', 'name': 'robotfindskitten', 'url': ' ', 'version': '::apt'}, {'action': 'delete', 'id': '5475279', 'name': 'squirrel3', 'url': ' ', 'version': '::apt'}]&quot;, 'c8y_SoftwareUpdate': [{'name': 'asciijump', 'action': 'delete', 'id': '5475369', 'version': '::apt', 'url': ' '}, {'name': 'robotfindskitten', 'action': 'delete', 'id': '5474869', 'version': '::apt', 'url': ' '}, {'name': 'squirrel3', 'action': 'delete', 'id': '5475279', 'version': '::apt', 'url': ' '}]}
13:25:24 INFO  State of operation 17911041 : PENDING
13:25:27 INFO  State of operation 17911041 : EXECUTING
13:25:29 INFO  State of operation 17911041 : EXECUTING
13:25:31 INFO  State of operation 17911041 : EXECUTING
13:25:33 INFO  State of operation 17911041 : EXECUTING
13:25:36 INFO  State of operation 17911041 : EXECUTING
13:25:38 INFO  State of operation 17911041 : EXECUTING
13:25:41 INFO  State of operation 17911041 : EXECUTING
13:25:43 INFO  State of operation 17911041 : EXECUTING
13:25:45 INFO  State of operation 17911041 : EXECUTING
13:25:48 INFO  State of operation 17911041 : EXECUTING
13:25:50 INFO  State of operation 17911041 : EXECUTING
13:25:52 INFO  State of operation 17911041 : EXECUTING
13:25:54 INFO  State of operation 17911041 : EXECUTING
13:25:57 INFO  State of operation 17911041 : EXECUTING
13:25:59 INFO  State of operation 17911041 : EXECUTING
13:26:01 INFO  State of operation 17911041 : EXECUTING
13:26:04 INFO  State of operation 17911041 : EXECUTING
13:26:06 INFO  State of operation 17911041 : EXECUTING
13:26:09 INFO  State of operation 17911041 : EXECUTING
13:26:11 INFO  State of operation 17911041 : EXECUTING
13:26:13 INFO  State of operation 17911041 : EXECUTING
13:26:15 INFO  State of operation 17911041 : EXECUTING
13:26:18 INFO  State of operation 17911041 : EXECUTING
13:26:20 INFO  State of operation 17911041 : EXECUTING
13:26:23 INFO  State of operation 17911041 : EXECUTING
13:26:25 INFO  State of operation 17911041 : EXECUTING
13:26:27 INFO  State of operation 17911041 : EXECUTING
13:26:30 INFO  State of operation 17911041 : SUCCESSFUL
13:26:30 INFO  Assert that (False == value) with value=False ... passed
13:26:30 INFO  Assert that (False == value) with value=False ... passed
13:26:30 INFO  Assert that (False == value) with value=False ... passed
13:26:30 INFO  Assert that (False == value) with value=False ... passed
13:26:31 INFO  
13:26:31 INFO  cleanup:
13:26:34 INFO  Executed sudo&lt;tedge_disconnect_c8y&gt;, exit status 0
13:26:35 INFO  Executed systemctl&lt;serv_mapper5&gt;, exit status 3
13:26:35 INFO  
13:26:35 INFO  Test duration: 138.20 secs
13:26:35 INFO  Test final outcome:  FAILED
13:26:35 INFO  Test outcome reason: Assert that (False == value) with value=True (+2 other failures)
13:26:35 INFO  
</system-out>
	</testcase>
</testsuite>
