<?xml version="1.0" encoding="utf-8"?>
<testsuite failures="1" name="SoftwareManagement.sm_apt_install_remove" skipped="0" tests="1" time="164.43" timestamp="2022-04-27T18:35:12">
	<testcase classname="PySysTest" name="SoftwareManagement.sm_apt_install_remove">
		<failure message="BLOCKED: SystemError: Timeout while waiting for status FAILED or SUCCESSFUL" type="BLOCKED"/>
		<system-out>18:32:28 INFO  ==============================================================
18:32:28 INFO  Id:    SoftwareManagement.sm_apt_install_remove
18:32:28 INFO  Dir:   software_management_end_to_end/
18:32:28 INFO  Title: Validate end to end behaviour for the apt plugin for installation and removal of packages
18:32:28 INFO  ==============================================================
18:32:28 INFO  Using sw id database: {'asciijump': '5475369', 'robotfindskitten': '5474869', 'squirrel3': '5475279', 'rolldice': '5152439', 'moon-buggy': '5439204', 'apple': '5495053', 'banana': '5494888', 'cherry': '5495382', 'watermelon': '5494510', 'registry': '8018911', 'hello-world': '8021526', 'docker/getting-started': '8021973', 'alpine': '7991792'}
18:32:28 INFO  EnvironmentC8y Setup
18:32:28 INFO  Executed systemctl&lt;serv_mapper1&gt;, exit status 3
18:32:28 INFO  Restarting mosquitto too frequently in the last 10 seconds. It was only up for 5 seconds
18:32:28 INFO  Delaying execution by 6 seconds
18:32:48 INFO  Executed sudo&lt;tedge_connect_c8y&gt;, exit status 0, duration 14 secs
18:32:49 INFO  Executed sudo&lt;tedge_connect_c8y_test&gt;, exit status 0
18:32:49 INFO  Executed systemctl&lt;serv_mosq2&gt;, exit status 0
18:32:50 INFO  Executed systemctl&lt;serv_mapper3&gt;, exit status 0
18:32:52 INFO  State of current operation: PENDING
18:32:54 INFO  State of current operation: PENDING
18:32:57 INFO  State of current operation: PENDING
18:32:59 INFO  State of current operation: PENDING
18:33:01 INFO  State of current operation: PENDING
18:33:03 INFO  State of current operation: PENDING
18:33:05 INFO  State of current operation: PENDING
18:33:08 INFO  State of current operation: PENDING
18:33:10 INFO  State of current operation: PENDING
18:33:12 INFO  State of current operation: PENDING
18:33:14 INFO  State of current operation: PENDING
18:33:17 INFO  State of current operation: PENDING
18:33:19 INFO  State of current operation: PENDING
18:33:21 INFO  State of current operation: PENDING
18:33:23 INFO  State of current operation: PENDING
18:33:25 INFO  State of current operation: PENDING
18:33:28 INFO  State of current operation: PENDING
18:33:30 INFO  State of current operation: PENDING
18:33:32 INFO  State of current operation: PENDING
18:33:34 INFO  State of current operation: PENDING
18:33:36 INFO  State of current operation: PENDING
18:33:39 INFO  State of current operation: PENDING
18:33:41 INFO  State of current operation: PENDING
18:33:43 INFO  State of current operation: PENDING
18:33:45 INFO  State of current operation: PENDING
18:33:48 INFO  State of current operation: PENDING
18:33:50 INFO  State of current operation: PENDING
18:33:52 INFO  State of current operation: PENDING
18:33:54 INFO  State of current operation: PENDING
18:33:56 INFO  State of current operation: PENDING
18:33:59 INFO  State of current operation: PENDING
18:34:01 INFO  State of current operation: PENDING
18:34:03 INFO  State of current operation: PENDING
18:34:05 INFO  State of current operation: PENDING
18:34:08 INFO  State of current operation: PENDING
18:34:10 INFO  State of current operation: PENDING
18:34:12 INFO  State of current operation: PENDING
18:34:14 INFO  State of current operation: PENDING
18:34:16 INFO  State of current operation: PENDING
18:34:19 INFO  State of current operation: PENDING
18:34:21 INFO  State of current operation: PENDING
18:34:23 INFO  State of current operation: PENDING
18:34:25 INFO  State of current operation: PENDING
18:34:28 INFO  State of current operation: PENDING
18:34:30 INFO  State of current operation: PENDING
18:34:32 INFO  State of current operation: PENDING
18:34:34 INFO  State of current operation: PENDING
18:34:36 INFO  State of current operation: PENDING
18:34:39 INFO  State of current operation: PENDING
18:34:41 INFO  State of current operation: PENDING
18:34:43 INFO  State of current operation: PENDING
18:34:45 INFO  State of current operation: PENDING
18:34:48 INFO  State of current operation: PENDING
18:34:50 INFO  State of current operation: PENDING
18:34:52 INFO  State of current operation: PENDING
18:34:54 INFO  State of current operation: PENDING
18:34:56 INFO  State of current operation: PENDING
18:34:59 INFO  State of current operation: PENDING
18:35:01 INFO  State of current operation: PENDING
18:35:03 INFO  State of current operation: PENDING
18:35:05 INFO  State of current operation: PENDING
18:35:07 WARN  SystemError occurred while running test - Timeout while waiting for status FAILED or SUCCESSFUL
Traceback (most recent call last):
  File &quot;/home/pi/env-pysys/lib/python3.7/site-packages/pysys/baserunner.py&quot;, line 1292, in __call__
    self.testObj.setup()
  File &quot;/home/pi/actions-runner/_work/thin-edge.io/thin-edge.io/tests/PySys/software_management_end_to_end/sm_apt_install_remove/run.py&quot;, line 27, in setup
    super().setup()
  File &quot;/home/pi/actions-runner/_work/thin-edge.io/thin-edge.io/tests/PySys/software_management_end_to_end/environment_sm_management.py&quot;, line 151, in setup
    self.wait_until_end()
  File &quot;/home/pi/actions-runner/_work/thin-edge.io/thin-edge.io/tests/PySys/software_management_end_to_end/environment_sm_management.py&quot;, line 332, in wait_until_end
    self.wait_until_status(&quot;FAILED&quot;, &quot;SUCCESSFUL&quot;)
  File &quot;/home/pi/actions-runner/_work/thin-edge.io/thin-edge.io/tests/PySys/software_management_end_to_end/environment_sm_management.py&quot;, line 381, in wait_until_status
    &quot;Timeout while waiting for status %s or %s&quot; % (status, status2)
SystemError: Timeout while waiting for status FAILED or SUCCESSFUL
18:35:07 WARN  SystemError: Timeout while waiting for status FAILED or SUCCESSFUL ... blocked 
18:35:07 INFO  
18:35:07 INFO  cleanup:
18:35:11 INFO  Executed sudo&lt;tedge_disconnect_c8y&gt;, exit status 0
18:35:12 INFO  Executed systemctl&lt;serv_mapper5&gt;, exit status 3
18:35:12 INFO  
18:35:12 INFO  Test duration: 164.43 secs
18:35:12 INFO  Test final outcome:  BLOCKED
18:35:12 INFO  Test outcome reason: SystemError: Timeout while waiting for status FAILED or SUCCESSFUL
18:35:12 INFO  
</system-out>
	</testcase>
</testsuite>
