<?xml version="1.0" encoding="utf-8"?>
<testsuite failures="1" name="SoftwareManagement.sm_apt_install_remove_multiple" skipped="0" tests="1" time="141.8" timestamp="2022-04-27T09:55:25">
	<testcase classname="PySysTest" name="SoftwareManagement.sm_apt_install_remove_multiple">
		<failure message="FAILED: Assert that (False == value) with value=True (+2 other failures)" type="FAILED"/>
		<system-out>09:53:03 INFO  ==============================================================
09:53:03 INFO  Id:    SoftwareManagement.sm_apt_install_remove_multiple
09:53:03 INFO  Dir:   software_management_end_to_end/
09:53:03 INFO  Title: Validate end to end behaviour for the apt plugin for multiple packages
09:53:03 INFO  ==============================================================
09:53:03 INFO  Using sw id database: {'asciijump': '5475369', 'robotfindskitten': '5474869', 'squirrel3': '5475279', 'rolldice': '5152439', 'moon-buggy': '5439204', 'apple': '5495053', 'banana': '5494888', 'cherry': '5495382', 'watermelon': '5494510', 'registry': '8018911', 'hello-world': '8021526', 'docker/getting-started': '8021973', 'alpine': '7991792'}
09:53:03 INFO  EnvironmentC8y Setup
09:53:03 INFO  Executed systemctl&lt;serv_mapper1&gt;, exit status 3
09:53:04 INFO  Restarting mosquitto too frequently in the last 10 seconds. It was only up for 4 seconds
09:53:04 INFO  Delaying execution by 7 seconds
09:53:24 INFO  Executed sudo&lt;tedge_connect_c8y&gt;, exit status 0, duration 13 secs
09:53:25 INFO  Executed sudo&lt;tedge_connect_c8y_test&gt;, exit status 0
09:53:26 INFO  Executed systemctl&lt;serv_mosq2&gt;, exit status 0
09:53:26 INFO  Executed systemctl&lt;serv_mapper3&gt;, exit status 0
09:53:28 INFO  State of current operation: SUCCESSFUL
09:53:28 INFO  Assert that (False == value) with value=False ... passed
09:53:29 INFO  Package asciijump is installed
09:53:29 WARN  Assert that (False == value) with value=True ... failed 
09:53:29 INFO  Package squirrel3 is installed
09:53:29 WARN  Assert that (False == value) with value=True ... failed 
09:53:29 INFO  Package robotfindskitten is installed
09:53:30 WARN  Assert that (False == value) with value=True ... failed 
09:53:30 INFO  Response status: 201
09:53:30 INFO  Response to action: {
    &quot;delivery&quot;: {
        &quot;time&quot;: &quot;2022-04-27T09:53:30.197Z&quot;,
        &quot;log&quot;: [],
        &quot;status&quot;: &quot;PENDING&quot;
    },
    &quot;creationTime&quot;: &quot;2022-04-27T09:53:30.183Z&quot;,
    &quot;deviceName&quot;: &quot;m32sd10d&quot;,
    &quot;deviceId&quot;: &quot;17731194&quot;,
    &quot;self&quot;: &quot;https://t493319102.eu-latest.cumulocity.com/devicecontrol/operations/17757657&quot;,
    &quot;id&quot;: &quot;17757657&quot;,
    &quot;status&quot;: &quot;PENDING&quot;,
    &quot;description&quot;: &quot;Apply software changes, triggered from PySys: [{'action': 'install', 'id': '5475369', 'name': 'asciijump', 'url': ' ', 'version': '::apt'}, {'action': 'install', 'id': '5474869', 'name': 'robotfindskitten', 'url': ' ', 'version': '::apt'}, {'action': 'install', 'id': '5475279', 'name': 'squirrel3', 'url': ' ', 'version': '::apt'}]&quot;,
    &quot;c8y_SoftwareUpdate&quot;: [
        {
            &quot;name&quot;: &quot;asciijump&quot;,
            &quot;action&quot;: &quot;install&quot;,
            &quot;id&quot;: &quot;5475369&quot;,
            &quot;version&quot;: &quot;::apt&quot;,
            &quot;url&quot;: &quot; &quot;
        },
        {
            &quot;name&quot;: &quot;robotfindskitten&quot;,
            &quot;action&quot;: &quot;install&quot;,
            &quot;id&quot;: &quot;5474869&quot;,
            &quot;version&quot;: &quot;::apt&quot;,
            &quot;url&quot;: &quot; &quot;
        },
        {
            &quot;name&quot;: &quot;squirrel3&quot;,
            &quot;action&quot;: &quot;install&quot;,
            &quot;id&quot;: &quot;5475279&quot;,
            &quot;version&quot;: &quot;::apt&quot;,
            &quot;url&quot;: &quot; &quot;
        }
    ]
}
09:53:30 INFO  Started operation: {'delivery': {'time': '2022-04-27T09:53:30.197Z', 'log': [], 'status': 'PENDING'}, 'creationTime': '2022-04-27T09:53:30.183Z', 'deviceName': 'm32sd10d', 'deviceId': '17731194', 'self': 'https://t493319102.eu-latest.cumulocity.com/devicecontrol/operations/17757657', 'id': '17757657', 'status': 'PENDING', 'description': &quot;Apply software changes, triggered from PySys: [{'action': 'install', 'id': '5475369', 'name': 'asciijump', 'url': ' ', 'version': '::apt'}, {'action': 'install', 'id': '5474869', 'name': 'robotfindskitten', 'url': ' ', 'version': '::apt'}, {'action': 'install', 'id': '5475279', 'name': 'squirrel3', 'url': ' ', 'version': '::apt'}]&quot;, 'c8y_SoftwareUpdate': [{'name': 'asciijump', 'action': 'install', 'id': '5475369', 'version': '::apt', 'url': ' '}, {'name': 'robotfindskitten', 'action': 'install', 'id': '5474869', 'version': '::apt', 'url': ' '}, {'name': 'squirrel3', 'action': 'install', 'id': '5475279', 'version': '::apt', 'url': ' '}]}
09:53:32 INFO  State of operation 17757657 : PENDING
09:53:34 INFO  State of operation 17757657 : EXECUTING
09:53:37 INFO  State of operation 17757657 : EXECUTING
09:53:39 INFO  State of operation 17757657 : EXECUTING
09:53:41 INFO  State of operation 17757657 : EXECUTING
09:53:43 INFO  State of operation 17757657 : EXECUTING
09:53:46 INFO  State of operation 17757657 : EXECUTING
09:53:50 INFO  State of operation 17757657 : EXECUTING
09:53:52 INFO  State of operation 17757657 : EXECUTING
09:53:55 INFO  State of operation 17757657 : EXECUTING
09:53:57 INFO  State of operation 17757657 : EXECUTING
09:53:59 INFO  State of operation 17757657 : EXECUTING
09:54:01 INFO  State of operation 17757657 : EXECUTING
09:54:04 INFO  State of operation 17757657 : EXECUTING
09:54:06 INFO  State of operation 17757657 : EXECUTING
09:54:08 INFO  State of operation 17757657 : SUCCESSFUL
09:54:08 INFO  Assert that (False == value) with value=False ... passed
09:54:08 INFO  Package asciijump is installed
09:54:08 INFO  Assert that (True == value) with value=True ... passed
09:54:09 INFO  Package squirrel3 is installed
09:54:09 INFO  Assert that (True == value) with value=True ... passed
09:54:09 INFO  Package robotfindskitten is installed
09:54:09 INFO  Assert that (True == value) with value=True ... passed
09:54:09 INFO  Response status: 201
09:54:09 INFO  Response to action: {
    &quot;delivery&quot;: {
        &quot;time&quot;: &quot;2022-04-27T09:54:09.684Z&quot;,
        &quot;log&quot;: [],
        &quot;status&quot;: &quot;PENDING&quot;
    },
    &quot;creationTime&quot;: &quot;2022-04-27T09:54:09.667Z&quot;,
    &quot;deviceName&quot;: &quot;m32sd10d&quot;,
    &quot;deviceId&quot;: &quot;17731194&quot;,
    &quot;self&quot;: &quot;https://t493319102.eu-latest.cumulocity.com/devicecontrol/operations/17757663&quot;,
    &quot;id&quot;: &quot;17757663&quot;,
    &quot;status&quot;: &quot;PENDING&quot;,
    &quot;description&quot;: &quot;Apply software changes, triggered from PySys: [{'action': 'delete', 'id': '5475369', 'name': 'asciijump', 'url': ' ', 'version': '::apt'}, {'action': 'delete', 'id': '5474869', 'name': 'robotfindskitten', 'url': ' ', 'version': '::apt'}, {'action': 'delete', 'id': '5475279', 'name': 'squirrel3', 'url': ' ', 'version': '::apt'}]&quot;,
    &quot;c8y_SoftwareUpdate&quot;: [
        {
            &quot;name&quot;: &quot;asciijump&quot;,
            &quot;action&quot;: &quot;delete&quot;,
            &quot;id&quot;: &quot;5475369&quot;,
            &quot;version&quot;: &quot;::apt&quot;,
            &quot;url&quot;: &quot; &quot;
        },
        {
            &quot;name&quot;: &quot;robotfindskitten&quot;,
            &quot;action&quot;: &quot;delete&quot;,
            &quot;id&quot;: &quot;5474869&quot;,
            &quot;version&quot;: &quot;::apt&quot;,
            &quot;url&quot;: &quot; &quot;
        },
        {
            &quot;name&quot;: &quot;squirrel3&quot;,
            &quot;action&quot;: &quot;delete&quot;,
            &quot;id&quot;: &quot;5475279&quot;,
            &quot;version&quot;: &quot;::apt&quot;,
            &quot;url&quot;: &quot; &quot;
        }
    ]
}
09:54:09 INFO  Started operation: {'delivery': {'time': '2022-04-27T09:54:09.684Z', 'log': [], 'status': 'PENDING'}, 'creationTime': '2022-04-27T09:54:09.667Z', 'deviceName': 'm32sd10d', 'deviceId': '17731194', 'self': 'https://t493319102.eu-latest.cumulocity.com/devicecontrol/operations/17757663', 'id': '17757663', 'status': 'PENDING', 'description': &quot;Apply software changes, triggered from PySys: [{'action': 'delete', 'id': '5475369', 'name': 'asciijump', 'url': ' ', 'version': '::apt'}, {'action': 'delete', 'id': '5474869', 'name': 'robotfindskitten', 'url': ' ', 'version': '::apt'}, {'action': 'delete', 'id': '5475279', 'name': 'squirrel3', 'url': ' ', 'version': '::apt'}]&quot;, 'c8y_SoftwareUpdate': [{'name': 'asciijump', 'action': 'delete', 'id': '5475369', 'version': '::apt', 'url': ' '}, {'name': 'robotfindskitten', 'action': 'delete', 'id': '5474869', 'version': '::apt', 'url': ' '}, {'name': 'squirrel3', 'action': 'delete', 'id': '5475279', 'version': '::apt', 'url': ' '}]}
09:54:11 INFO  State of operation 17757663 : PENDING
09:54:14 INFO  State of operation 17757663 : EXECUTING
09:54:16 INFO  State of operation 17757663 : EXECUTING
09:54:18 INFO  State of operation 17757663 : EXECUTING
09:54:20 INFO  State of operation 17757663 : EXECUTING
09:54:23 INFO  State of operation 17757663 : EXECUTING
09:54:25 INFO  State of operation 17757663 : EXECUTING
09:54:28 INFO  State of operation 17757663 : EXECUTING
09:54:30 INFO  State of operation 17757663 : EXECUTING
09:54:33 INFO  State of operation 17757663 : EXECUTING
09:54:35 INFO  State of operation 17757663 : EXECUTING
09:54:37 INFO  State of operation 17757663 : EXECUTING
09:54:39 INFO  State of operation 17757663 : EXECUTING
09:54:42 INFO  State of operation 17757663 : EXECUTING
09:54:44 INFO  State of operation 17757663 : EXECUTING
09:54:46 INFO  State of operation 17757663 : EXECUTING
09:54:49 INFO  State of operation 17757663 : EXECUTING
09:54:51 INFO  State of operation 17757663 : EXECUTING
09:54:54 INFO  State of operation 17757663 : EXECUTING
09:54:56 INFO  State of operation 17757663 : EXECUTING
09:54:58 INFO  State of operation 17757663 : EXECUTING
09:55:01 INFO  State of operation 17757663 : EXECUTING
09:55:03 INFO  State of operation 17757663 : EXECUTING
09:55:05 INFO  State of operation 17757663 : EXECUTING
09:55:07 INFO  State of operation 17757663 : EXECUTING
09:55:10 INFO  State of operation 17757663 : EXECUTING
09:55:12 INFO  State of operation 17757663 : EXECUTING
09:55:14 INFO  State of operation 17757663 : EXECUTING
09:55:17 INFO  State of operation 17757663 : EXECUTING
09:55:19 INFO  State of operation 17757663 : SUCCESSFUL
09:55:19 INFO  Assert that (False == value) with value=False ... passed
09:55:19 INFO  Assert that (False == value) with value=False ... passed
09:55:20 INFO  Assert that (False == value) with value=False ... passed
09:55:20 INFO  Assert that (False == value) with value=False ... passed
09:55:20 INFO  
09:55:20 INFO  cleanup:
09:55:24 INFO  Executed sudo&lt;tedge_disconnect_c8y&gt;, exit status 0
09:55:25 INFO  Executed systemctl&lt;serv_mapper5&gt;, exit status 3
09:55:25 INFO  
09:55:25 INFO  Test duration: 141.80 secs
09:55:25 INFO  Test final outcome:  FAILED
09:55:25 INFO  Test outcome reason: Assert that (False == value) with value=True (+2 other failures)
09:55:25 INFO  
</system-out>
	</testcase>
</testsuite>
