<?xml version="1.0" encoding="utf-8"?>
<testsuite failures="1" name="SoftwareManagement.sm_apt_install_remove_multiple" skipped="0" tests="1" time="139.96" timestamp="2022-04-24T13:20:56">
	<testcase classname="PySysTest" name="SoftwareManagement.sm_apt_install_remove_multiple">
		<failure message="FAILED: Assert that (False == value) with value=True (+2 other failures)" type="FAILED"/>
		<system-out>13:18:36 INFO  ==============================================================
13:18:36 INFO  Id:    SoftwareManagement.sm_apt_install_remove_multiple
13:18:36 INFO  Dir:   software_management_end_to_end/
13:18:36 INFO  Title: Validate end to end behaviour for the apt plugin for multiple packages
13:18:36 INFO  ==============================================================
13:18:36 INFO  Using sw id database: {'asciijump': '5475369', 'robotfindskitten': '5474869', 'squirrel3': '5475279', 'rolldice': '5152439', 'moon-buggy': '5439204', 'apple': '5495053', 'banana': '5494888', 'cherry': '5495382', 'watermelon': '5494510', 'registry': '8018911', 'hello-world': '8021526', 'docker/getting-started': '8021973', 'alpine': '7991792'}
13:18:36 INFO  EnvironmentC8y Setup
13:18:37 INFO  Executed systemctl&lt;serv_mapper1&gt;, exit status 3
13:18:37 INFO  Restarting mosquitto too frequently in the last 10 seconds. It was only up for 5 seconds
13:18:37 INFO  Delaying execution by 6 seconds
13:18:57 INFO  Executed sudo&lt;tedge_connect_c8y&gt;, exit status 0, duration 14 secs
13:18:57 INFO  Executed sudo&lt;tedge_connect_c8y_test&gt;, exit status 0
13:18:58 INFO  Executed systemctl&lt;serv_mosq2&gt;, exit status 0
13:18:58 INFO  Executed systemctl&lt;serv_mapper3&gt;, exit status 0
13:19:01 INFO  State of current operation: SUCCESSFUL
13:19:01 INFO  Assert that (False == value) with value=False ... passed
13:19:01 INFO  Package asciijump is installed
13:19:01 WARN  Assert that (False == value) with value=True ... failed 
13:19:02 INFO  Package squirrel3 is installed
13:19:02 WARN  Assert that (False == value) with value=True ... failed 
13:19:02 INFO  Package robotfindskitten is installed
13:19:02 WARN  Assert that (False == value) with value=True ... failed 
13:19:02 INFO  Response status: 201
13:19:02 INFO  Response to action: {
    &quot;creationTime&quot;: &quot;2022-04-24T13:19:02.569Z&quot;,
    &quot;deviceName&quot;: &quot;m32sd10d&quot;,
    &quot;deviceId&quot;: &quot;17612065&quot;,
    &quot;self&quot;: &quot;https://t493319102.eu-latest.cumulocity.com/devicecontrol/operations/17668761&quot;,
    &quot;id&quot;: &quot;17668761&quot;,
    &quot;status&quot;: &quot;PENDING&quot;,
    &quot;description&quot;: &quot;Apply software changes, triggered from PySys: [{'action': 'install', 'id': '5475369', 'name': 'asciijump', 'url': ' ', 'version': '::apt'}, {'action': 'install', 'id': '5474869', 'name': 'robotfindskitten', 'url': ' ', 'version': '::apt'}, {'action': 'install', 'id': '5475279', 'name': 'squirrel3', 'url': ' ', 'version': '::apt'}]&quot;,
    &quot;c8y_SoftwareUpdate&quot;: [
        {
            &quot;name&quot;: &quot;asciijump&quot;,
            &quot;action&quot;: &quot;install&quot;,
            &quot;id&quot;: &quot;5475369&quot;,
            &quot;version&quot;: &quot;::apt&quot;,
            &quot;url&quot;: &quot; &quot;
        },
        {
            &quot;name&quot;: &quot;robotfindskitten&quot;,
            &quot;action&quot;: &quot;install&quot;,
            &quot;id&quot;: &quot;5474869&quot;,
            &quot;version&quot;: &quot;::apt&quot;,
            &quot;url&quot;: &quot; &quot;
        },
        {
            &quot;name&quot;: &quot;squirrel3&quot;,
            &quot;action&quot;: &quot;install&quot;,
            &quot;id&quot;: &quot;5475279&quot;,
            &quot;version&quot;: &quot;::apt&quot;,
            &quot;url&quot;: &quot; &quot;
        }
    ]
}
13:19:02 INFO  Started operation: {'creationTime': '2022-04-24T13:19:02.569Z', 'deviceName': 'm32sd10d', 'deviceId': '17612065', 'self': 'https://t493319102.eu-latest.cumulocity.com/devicecontrol/operations/17668761', 'id': '17668761', 'status': 'PENDING', 'description': &quot;Apply software changes, triggered from PySys: [{'action': 'install', 'id': '5475369', 'name': 'asciijump', 'url': ' ', 'version': '::apt'}, {'action': 'install', 'id': '5474869', 'name': 'robotfindskitten', 'url': ' ', 'version': '::apt'}, {'action': 'install', 'id': '5475279', 'name': 'squirrel3', 'url': ' ', 'version': '::apt'}]&quot;, 'c8y_SoftwareUpdate': [{'name': 'asciijump', 'action': 'install', 'id': '5475369', 'version': '::apt', 'url': ' '}, {'name': 'robotfindskitten', 'action': 'install', 'id': '5474869', 'version': '::apt', 'url': ' '}, {'name': 'squirrel3', 'action': 'install', 'id': '5475279', 'version': '::apt', 'url': ' '}]}
13:19:04 INFO  State of operation 17668761 : PENDING
13:19:07 INFO  State of operation 17668761 : EXECUTING
13:19:09 INFO  State of operation 17668761 : EXECUTING
13:19:11 INFO  State of operation 17668761 : EXECUTING
13:19:13 INFO  State of operation 17668761 : EXECUTING
13:19:16 INFO  State of operation 17668761 : EXECUTING
13:19:18 INFO  State of operation 17668761 : EXECUTING
13:19:21 INFO  State of operation 17668761 : EXECUTING
13:19:23 INFO  State of operation 17668761 : EXECUTING
13:19:26 INFO  State of operation 17668761 : EXECUTING
13:19:28 INFO  State of operation 17668761 : EXECUTING
13:19:30 INFO  State of operation 17668761 : EXECUTING
13:19:33 INFO  State of operation 17668761 : EXECUTING
13:19:35 INFO  State of operation 17668761 : EXECUTING
13:19:37 INFO  State of operation 17668761 : EXECUTING
13:19:39 INFO  State of operation 17668761 : SUCCESSFUL
13:19:39 INFO  Assert that (False == value) with value=False ... passed
13:19:40 INFO  Package asciijump is installed
13:19:40 INFO  Assert that (True == value) with value=True ... passed
13:19:40 INFO  Package squirrel3 is installed
13:19:40 INFO  Assert that (True == value) with value=True ... passed
13:19:40 INFO  Package robotfindskitten is installed
13:19:40 INFO  Assert that (True == value) with value=True ... passed
13:19:40 INFO  Response status: 201
13:19:40 INFO  Response to action: {
    &quot;creationTime&quot;: &quot;2022-04-24T13:19:40.817Z&quot;,
    &quot;deviceName&quot;: &quot;m32sd10d&quot;,
    &quot;deviceId&quot;: &quot;17612065&quot;,
    &quot;self&quot;: &quot;https://t493319102.eu-latest.cumulocity.com/devicecontrol/operations/17668765&quot;,
    &quot;id&quot;: &quot;17668765&quot;,
    &quot;status&quot;: &quot;PENDING&quot;,
    &quot;description&quot;: &quot;Apply software changes, triggered from PySys: [{'action': 'delete', 'id': '5475369', 'name': 'asciijump', 'url': ' ', 'version': '::apt'}, {'action': 'delete', 'id': '5474869', 'name': 'robotfindskitten', 'url': ' ', 'version': '::apt'}, {'action': 'delete', 'id': '5475279', 'name': 'squirrel3', 'url': ' ', 'version': '::apt'}]&quot;,
    &quot;c8y_SoftwareUpdate&quot;: [
        {
            &quot;name&quot;: &quot;asciijump&quot;,
            &quot;action&quot;: &quot;delete&quot;,
            &quot;id&quot;: &quot;5475369&quot;,
            &quot;version&quot;: &quot;::apt&quot;,
            &quot;url&quot;: &quot; &quot;
        },
        {
            &quot;name&quot;: &quot;robotfindskitten&quot;,
            &quot;action&quot;: &quot;delete&quot;,
            &quot;id&quot;: &quot;5474869&quot;,
            &quot;version&quot;: &quot;::apt&quot;,
            &quot;url&quot;: &quot; &quot;
        },
        {
            &quot;name&quot;: &quot;squirrel3&quot;,
            &quot;action&quot;: &quot;delete&quot;,
            &quot;id&quot;: &quot;5475279&quot;,
            &quot;version&quot;: &quot;::apt&quot;,
            &quot;url&quot;: &quot; &quot;
        }
    ]
}
13:19:40 INFO  Started operation: {'creationTime': '2022-04-24T13:19:40.817Z', 'deviceName': 'm32sd10d', 'deviceId': '17612065', 'self': 'https://t493319102.eu-latest.cumulocity.com/devicecontrol/operations/17668765', 'id': '17668765', 'status': 'PENDING', 'description': &quot;Apply software changes, triggered from PySys: [{'action': 'delete', 'id': '5475369', 'name': 'asciijump', 'url': ' ', 'version': '::apt'}, {'action': 'delete', 'id': '5474869', 'name': 'robotfindskitten', 'url': ' ', 'version': '::apt'}, {'action': 'delete', 'id': '5475279', 'name': 'squirrel3', 'url': ' ', 'version': '::apt'}]&quot;, 'c8y_SoftwareUpdate': [{'name': 'asciijump', 'action': 'delete', 'id': '5475369', 'version': '::apt', 'url': ' '}, {'name': 'robotfindskitten', 'action': 'delete', 'id': '5474869', 'version': '::apt', 'url': ' '}, {'name': 'squirrel3', 'action': 'delete', 'id': '5475279', 'version': '::apt', 'url': ' '}]}
13:19:43 INFO  State of operation 17668765 : PENDING
13:19:45 INFO  State of operation 17668765 : EXECUTING
13:19:47 INFO  State of operation 17668765 : EXECUTING
13:19:49 INFO  State of operation 17668765 : EXECUTING
13:19:51 INFO  State of operation 17668765 : EXECUTING
13:19:54 INFO  State of operation 17668765 : EXECUTING
13:19:56 INFO  State of operation 17668765 : EXECUTING
13:19:59 INFO  State of operation 17668765 : EXECUTING
13:20:01 INFO  State of operation 17668765 : EXECUTING
13:20:04 INFO  State of operation 17668765 : EXECUTING
13:20:06 INFO  State of operation 17668765 : EXECUTING
13:20:08 INFO  State of operation 17668765 : EXECUTING
13:20:10 INFO  State of operation 17668765 : EXECUTING
13:20:13 INFO  State of operation 17668765 : EXECUTING
13:20:15 INFO  State of operation 17668765 : EXECUTING
13:20:17 INFO  State of operation 17668765 : EXECUTING
13:20:19 INFO  State of operation 17668765 : EXECUTING
13:20:22 INFO  State of operation 17668765 : EXECUTING
13:20:25 INFO  State of operation 17668765 : EXECUTING
13:20:28 INFO  State of operation 17668765 : EXECUTING
13:20:30 INFO  State of operation 17668765 : EXECUTING
13:20:32 INFO  State of operation 17668765 : EXECUTING
13:20:34 INFO  State of operation 17668765 : EXECUTING
13:20:36 INFO  State of operation 17668765 : EXECUTING
13:20:39 INFO  State of operation 17668765 : EXECUTING
13:20:41 INFO  State of operation 17668765 : EXECUTING
13:20:44 INFO  State of operation 17668765 : EXECUTING
13:20:46 INFO  State of operation 17668765 : EXECUTING
13:20:48 INFO  State of operation 17668765 : EXECUTING
13:20:50 INFO  State of operation 17668765 : SUCCESSFUL
13:20:51 INFO  Assert that (False == value) with value=False ... passed
13:20:51 INFO  Assert that (False == value) with value=False ... passed
13:20:51 INFO  Assert that (False == value) with value=False ... passed
13:20:51 INFO  Assert that (False == value) with value=False ... passed
13:20:51 INFO  
13:20:51 INFO  cleanup:
13:20:55 INFO  Executed sudo&lt;tedge_disconnect_c8y&gt;, exit status 0
13:20:56 INFO  Executed systemctl&lt;serv_mapper5&gt;, exit status 3
13:20:56 INFO  
13:20:56 INFO  Test duration: 139.96 secs
13:20:56 INFO  Test final outcome:  FAILED
13:20:56 INFO  Test outcome reason: Assert that (False == value) with value=True (+2 other failures)
13:20:56 INFO  
</system-out>
	</testcase>
</testsuite>
