<?xml version="1.0" encoding="utf-8"?>
<testsuite failures="0" name="SoftwareManagement.Plugin.apama_plugin_install" skipped="0" tests="1" time="21.38" timestamp="2022-05-03T19:20:22">
	<testcase classname="ApamaPluginInstallTest" name="SoftwareManagement.Plugin.apama_plugin_install"/>
</testsuite>
