<?xml version="1.0" encoding="utf-8"?>
<testsuite failures="1" name="SoftwareManagement.sm_mixed_install_remove_multiple" skipped="0" tests="1" time="164.33" timestamp="2022-04-27T18:57:12">
	<testcase classname="PySysTest" name="SoftwareManagement.sm_mixed_install_remove_multiple">
		<failure message="BLOCKED: SystemError: Timeout while waiting for status FAILED or SUCCESSFUL" type="BLOCKED"/>
		<system-out>18:54:28 INFO  ==============================================================
18:54:28 INFO  Id:    SoftwareManagement.sm_mixed_install_remove_multiple
18:54:28 INFO  Dir:   software_management_end_to_end/
18:54:28 INFO  Title: Validate end to end behaviour for the dummy-plugin for multiple packages with mixed versions
18:54:28 INFO  ==============================================================
18:54:28 INFO  Using sw id database: {'asciijump': '5475369', 'robotfindskitten': '5474869', 'squirrel3': '5475279', 'rolldice': '5152439', 'moon-buggy': '5439204', 'apple': '5495053', 'banana': '5494888', 'cherry': '5495382', 'watermelon': '5494510', 'registry': '8018911', 'hello-world': '8021526', 'docker/getting-started': '8021973', 'alpine': '7991792'}
18:54:28 INFO  EnvironmentC8y Setup
18:54:28 INFO  Executed systemctl&lt;serv_mapper1&gt;, exit status 3
18:54:28 INFO  Restarting mosquitto too frequently in the last 10 seconds. It was only up for 5 seconds
18:54:28 INFO  Delaying execution by 6 seconds
18:54:48 INFO  Executed sudo&lt;tedge_connect_c8y&gt;, exit status 0, duration 13 secs
18:54:49 INFO  Executed sudo&lt;tedge_connect_c8y_test&gt;, exit status 0
18:54:49 INFO  Executed systemctl&lt;serv_mosq2&gt;, exit status 0
18:54:50 INFO  Executed systemctl&lt;serv_mapper3&gt;, exit status 0
18:54:52 INFO  State of current operation: PENDING
18:54:54 INFO  State of current operation: PENDING
18:54:56 INFO  State of current operation: PENDING
18:54:59 INFO  State of current operation: PENDING
18:55:01 INFO  State of current operation: PENDING
18:55:03 INFO  State of current operation: PENDING
18:55:05 INFO  State of current operation: PENDING
18:55:07 INFO  State of current operation: PENDING
18:55:10 INFO  State of current operation: PENDING
18:55:12 INFO  State of current operation: PENDING
18:55:14 INFO  State of current operation: PENDING
18:55:16 INFO  State of current operation: PENDING
18:55:19 INFO  State of current operation: PENDING
18:55:21 INFO  State of current operation: PENDING
18:55:23 INFO  State of current operation: PENDING
18:55:25 INFO  State of current operation: PENDING
18:55:27 INFO  State of current operation: PENDING
18:55:30 INFO  State of current operation: PENDING
18:55:32 INFO  State of current operation: PENDING
18:55:34 INFO  State of current operation: PENDING
18:55:36 INFO  State of current operation: PENDING
18:55:39 INFO  State of current operation: PENDING
18:55:41 INFO  State of current operation: PENDING
18:55:43 INFO  State of current operation: PENDING
18:55:45 INFO  State of current operation: PENDING
18:55:48 INFO  State of current operation: PENDING
18:55:50 INFO  State of current operation: PENDING
18:55:52 INFO  State of current operation: PENDING
18:55:54 INFO  State of current operation: PENDING
18:55:56 INFO  State of current operation: PENDING
18:55:59 INFO  State of current operation: PENDING
18:56:01 INFO  State of current operation: PENDING
18:56:03 INFO  State of current operation: PENDING
18:56:05 INFO  State of current operation: PENDING
18:56:08 INFO  State of current operation: PENDING
18:56:10 INFO  State of current operation: PENDING
18:56:12 INFO  State of current operation: PENDING
18:56:14 INFO  State of current operation: PENDING
18:56:16 INFO  State of current operation: PENDING
18:56:19 INFO  State of current operation: PENDING
18:56:21 INFO  State of current operation: PENDING
18:56:23 INFO  State of current operation: PENDING
18:56:25 INFO  State of current operation: PENDING
18:56:27 INFO  State of current operation: PENDING
18:56:30 INFO  State of current operation: PENDING
18:56:32 INFO  State of current operation: PENDING
18:56:34 INFO  State of current operation: PENDING
18:56:36 INFO  State of current operation: PENDING
18:56:39 INFO  State of current operation: PENDING
18:56:41 INFO  State of current operation: PENDING
18:56:43 INFO  State of current operation: PENDING
18:56:45 INFO  State of current operation: PENDING
18:56:48 INFO  State of current operation: PENDING
18:56:50 INFO  State of current operation: PENDING
18:56:52 INFO  State of current operation: PENDING
18:56:54 INFO  State of current operation: PENDING
18:56:56 INFO  State of current operation: PENDING
18:56:59 INFO  State of current operation: PENDING
18:57:01 INFO  State of current operation: PENDING
18:57:03 INFO  State of current operation: PENDING
18:57:05 INFO  State of current operation: PENDING
18:57:07 WARN  SystemError occurred while running test - Timeout while waiting for status FAILED or SUCCESSFUL
Traceback (most recent call last):
  File &quot;/home/pi/env-pysys/lib/python3.7/site-packages/pysys/baserunner.py&quot;, line 1292, in __call__
    self.testObj.setup()
  File &quot;/home/pi/actions-runner/_work/thin-edge.io/thin-edge.io/tests/PySys/software_management_end_to_end/sm_mixed_install_remove_multiple/run.py&quot;, line 83, in setup
    super().setup()
  File &quot;/home/pi/actions-runner/_work/thin-edge.io/thin-edge.io/tests/PySys/software_management_end_to_end/environment_sm_management.py&quot;, line 151, in setup
    self.wait_until_end()
  File &quot;/home/pi/actions-runner/_work/thin-edge.io/thin-edge.io/tests/PySys/software_management_end_to_end/environment_sm_management.py&quot;, line 332, in wait_until_end
    self.wait_until_status(&quot;FAILED&quot;, &quot;SUCCESSFUL&quot;)
  File &quot;/home/pi/actions-runner/_work/thin-edge.io/thin-edge.io/tests/PySys/software_management_end_to_end/environment_sm_management.py&quot;, line 381, in wait_until_status
    &quot;Timeout while waiting for status %s or %s&quot; % (status, status2)
SystemError: Timeout while waiting for status FAILED or SUCCESSFUL
18:57:07 WARN  SystemError: Timeout while waiting for status FAILED or SUCCESSFUL ... blocked 
18:57:07 INFO  
18:57:07 INFO  cleanup:
18:57:11 INFO  Executed sudo&lt;tedge_disconnect_c8y&gt;, exit status 0
18:57:12 INFO  Executed systemctl&lt;serv_mapper5&gt;, exit status 3
18:57:12 INFO  
18:57:12 INFO  Test duration: 164.33 secs
18:57:12 INFO  Test final outcome:  BLOCKED
18:57:12 INFO  Test outcome reason: SystemError: Timeout while waiting for status FAILED or SUCCESSFUL
18:57:12 INFO  
</system-out>
	</testcase>
</testsuite>
