<?xml version="1.0" encoding="utf-8"?>
<testsuite failures="1" name="SoftwareManagement.sm_apt_install_remove_multiple" skipped="0" tests="1" time="139.69" timestamp="2022-04-28T09:27:54">
	<testcase classname="PySysTest" name="SoftwareManagement.sm_apt_install_remove_multiple">
		<failure message="FAILED: Assert that (False == value) with value=True (+2 other failures)" type="FAILED"/>
		<system-out>09:25:34 INFO  ==============================================================
09:25:34 INFO  Id:    SoftwareManagement.sm_apt_install_remove_multiple
09:25:34 INFO  Dir:   software_management_end_to_end/
09:25:34 INFO  Title: Validate end to end behaviour for the apt plugin for multiple packages
09:25:34 INFO  ==============================================================
09:25:34 INFO  Using sw id database: {'asciijump': '5475369', 'robotfindskitten': '5474869', 'squirrel3': '5475279', 'rolldice': '5152439', 'moon-buggy': '5439204', 'apple': '5495053', 'banana': '5494888', 'cherry': '5495382', 'watermelon': '5494510', 'registry': '8018911', 'hello-world': '8021526', 'docker/getting-started': '8021973', 'alpine': '7991792'}
09:25:34 INFO  EnvironmentC8y Setup
09:25:35 INFO  Executed systemctl&lt;serv_mapper1&gt;, exit status 3
09:25:35 INFO  Restarting mosquitto too frequently in the last 10 seconds. It was only up for 5 seconds
09:25:35 INFO  Delaying execution by 6 seconds
09:25:55 INFO  Executed sudo&lt;tedge_connect_c8y&gt;, exit status 0, duration 13 secs
09:25:55 INFO  Executed sudo&lt;tedge_connect_c8y_test&gt;, exit status 0
09:25:56 INFO  Executed systemctl&lt;serv_mosq2&gt;, exit status 0
09:25:56 INFO  Executed systemctl&lt;serv_mapper3&gt;, exit status 0
09:25:58 INFO  State of current operation: SUCCESSFUL
09:25:59 INFO  Assert that (False == value) with value=False ... passed
09:25:59 INFO  Package asciijump is installed
09:25:59 WARN  Assert that (False == value) with value=True ... failed 
09:25:59 INFO  Package squirrel3 is installed
09:25:59 WARN  Assert that (False == value) with value=True ... failed 
09:26:00 INFO  Package robotfindskitten is installed
09:26:00 WARN  Assert that (False == value) with value=True ... failed 
09:26:00 INFO  Response status: 201
09:26:00 INFO  Response to action: {
    &quot;creationTime&quot;: &quot;2022-04-28T09:26:00.417Z&quot;,
    &quot;deviceName&quot;: &quot;m32sd10d&quot;,
    &quot;deviceId&quot;: &quot;17852646&quot;,
    &quot;self&quot;: &quot;https://t493319102.eu-latest.cumulocity.com/devicecontrol/operations/17887682&quot;,
    &quot;id&quot;: &quot;17887682&quot;,
    &quot;status&quot;: &quot;PENDING&quot;,
    &quot;description&quot;: &quot;Apply software changes, triggered from PySys: [{'action': 'install', 'id': '5475369', 'name': 'asciijump', 'url': ' ', 'version': '::apt'}, {'action': 'install', 'id': '5474869', 'name': 'robotfindskitten', 'url': ' ', 'version': '::apt'}, {'action': 'install', 'id': '5475279', 'name': 'squirrel3', 'url': ' ', 'version': '::apt'}]&quot;,
    &quot;c8y_SoftwareUpdate&quot;: [
        {
            &quot;name&quot;: &quot;asciijump&quot;,
            &quot;action&quot;: &quot;install&quot;,
            &quot;id&quot;: &quot;5475369&quot;,
            &quot;version&quot;: &quot;::apt&quot;,
            &quot;url&quot;: &quot; &quot;
        },
        {
            &quot;name&quot;: &quot;robotfindskitten&quot;,
            &quot;action&quot;: &quot;install&quot;,
            &quot;id&quot;: &quot;5474869&quot;,
            &quot;version&quot;: &quot;::apt&quot;,
            &quot;url&quot;: &quot; &quot;
        },
        {
            &quot;name&quot;: &quot;squirrel3&quot;,
            &quot;action&quot;: &quot;install&quot;,
            &quot;id&quot;: &quot;5475279&quot;,
            &quot;version&quot;: &quot;::apt&quot;,
            &quot;url&quot;: &quot; &quot;
        }
    ]
}
09:26:00 INFO  Started operation: {'creationTime': '2022-04-28T09:26:00.417Z', 'deviceName': 'm32sd10d', 'deviceId': '17852646', 'self': 'https://t493319102.eu-latest.cumulocity.com/devicecontrol/operations/17887682', 'id': '17887682', 'status': 'PENDING', 'description': &quot;Apply software changes, triggered from PySys: [{'action': 'install', 'id': '5475369', 'name': 'asciijump', 'url': ' ', 'version': '::apt'}, {'action': 'install', 'id': '5474869', 'name': 'robotfindskitten', 'url': ' ', 'version': '::apt'}, {'action': 'install', 'id': '5475279', 'name': 'squirrel3', 'url': ' ', 'version': '::apt'}]&quot;, 'c8y_SoftwareUpdate': [{'name': 'asciijump', 'action': 'install', 'id': '5475369', 'version': '::apt', 'url': ' '}, {'name': 'robotfindskitten', 'action': 'install', 'id': '5474869', 'version': '::apt', 'url': ' '}, {'name': 'squirrel3', 'action': 'install', 'id': '5475279', 'version': '::apt', 'url': ' '}]}
09:26:02 INFO  State of operation 17887682 : PENDING
09:26:04 INFO  State of operation 17887682 : EXECUTING
09:26:07 INFO  State of operation 17887682 : EXECUTING
09:26:09 INFO  State of operation 17887682 : EXECUTING
09:26:11 INFO  State of operation 17887682 : EXECUTING
09:26:13 INFO  State of operation 17887682 : EXECUTING
09:26:16 INFO  State of operation 17887682 : EXECUTING
09:26:19 INFO  State of operation 17887682 : EXECUTING
09:26:21 INFO  State of operation 17887682 : EXECUTING
09:26:24 INFO  State of operation 17887682 : EXECUTING
09:26:26 INFO  State of operation 17887682 : EXECUTING
09:26:28 INFO  State of operation 17887682 : EXECUTING
09:26:31 INFO  State of operation 17887682 : EXECUTING
09:26:33 INFO  State of operation 17887682 : EXECUTING
09:26:35 INFO  State of operation 17887682 : EXECUTING
09:26:37 INFO  State of operation 17887682 : SUCCESSFUL
09:26:37 INFO  Assert that (False == value) with value=False ... passed
09:26:38 INFO  Package asciijump is installed
09:26:38 INFO  Assert that (True == value) with value=True ... passed
09:26:38 INFO  Package squirrel3 is installed
09:26:38 INFO  Assert that (True == value) with value=True ... passed
09:26:38 INFO  Package robotfindskitten is installed
09:26:38 INFO  Assert that (True == value) with value=True ... passed
09:26:38 INFO  Response status: 201
09:26:38 INFO  Response to action: {
    &quot;creationTime&quot;: &quot;2022-04-28T09:26:38.819Z&quot;,
    &quot;deviceName&quot;: &quot;m32sd10d&quot;,
    &quot;deviceId&quot;: &quot;17852646&quot;,
    &quot;self&quot;: &quot;https://t493319102.eu-latest.cumulocity.com/devicecontrol/operations/17887690&quot;,
    &quot;id&quot;: &quot;17887690&quot;,
    &quot;status&quot;: &quot;PENDING&quot;,
    &quot;description&quot;: &quot;Apply software changes, triggered from PySys: [{'action': 'delete', 'id': '5475369', 'name': 'asciijump', 'url': ' ', 'version': '::apt'}, {'action': 'delete', 'id': '5474869', 'name': 'robotfindskitten', 'url': ' ', 'version': '::apt'}, {'action': 'delete', 'id': '5475279', 'name': 'squirrel3', 'url': ' ', 'version': '::apt'}]&quot;,
    &quot;c8y_SoftwareUpdate&quot;: [
        {
            &quot;name&quot;: &quot;asciijump&quot;,
            &quot;action&quot;: &quot;delete&quot;,
            &quot;id&quot;: &quot;5475369&quot;,
            &quot;version&quot;: &quot;::apt&quot;,
            &quot;url&quot;: &quot; &quot;
        },
        {
            &quot;name&quot;: &quot;robotfindskitten&quot;,
            &quot;action&quot;: &quot;delete&quot;,
            &quot;id&quot;: &quot;5474869&quot;,
            &quot;version&quot;: &quot;::apt&quot;,
            &quot;url&quot;: &quot; &quot;
        },
        {
            &quot;name&quot;: &quot;squirrel3&quot;,
            &quot;action&quot;: &quot;delete&quot;,
            &quot;id&quot;: &quot;5475279&quot;,
            &quot;version&quot;: &quot;::apt&quot;,
            &quot;url&quot;: &quot; &quot;
        }
    ]
}
09:26:38 INFO  Started operation: {'creationTime': '2022-04-28T09:26:38.819Z', 'deviceName': 'm32sd10d', 'deviceId': '17852646', 'self': 'https://t493319102.eu-latest.cumulocity.com/devicecontrol/operations/17887690', 'id': '17887690', 'status': 'PENDING', 'description': &quot;Apply software changes, triggered from PySys: [{'action': 'delete', 'id': '5475369', 'name': 'asciijump', 'url': ' ', 'version': '::apt'}, {'action': 'delete', 'id': '5474869', 'name': 'robotfindskitten', 'url': ' ', 'version': '::apt'}, {'action': 'delete', 'id': '5475279', 'name': 'squirrel3', 'url': ' ', 'version': '::apt'}]&quot;, 'c8y_SoftwareUpdate': [{'name': 'asciijump', 'action': 'delete', 'id': '5475369', 'version': '::apt', 'url': ' '}, {'name': 'robotfindskitten', 'action': 'delete', 'id': '5474869', 'version': '::apt', 'url': ' '}, {'name': 'squirrel3', 'action': 'delete', 'id': '5475279', 'version': '::apt', 'url': ' '}]}
09:26:41 INFO  State of operation 17887690 : PENDING
09:26:43 INFO  State of operation 17887690 : EXECUTING
09:26:45 INFO  State of operation 17887690 : EXECUTING
09:26:47 INFO  State of operation 17887690 : EXECUTING
09:26:49 INFO  State of operation 17887690 : EXECUTING
09:26:52 INFO  State of operation 17887690 : EXECUTING
09:26:55 INFO  State of operation 17887690 : EXECUTING
09:26:57 INFO  State of operation 17887690 : EXECUTING
09:27:00 INFO  State of operation 17887690 : EXECUTING
09:27:02 INFO  State of operation 17887690 : EXECUTING
09:27:04 INFO  State of operation 17887690 : EXECUTING
09:27:06 INFO  State of operation 17887690 : EXECUTING
09:27:09 INFO  State of operation 17887690 : EXECUTING
09:27:11 INFO  State of operation 17887690 : EXECUTING
09:27:13 INFO  State of operation 17887690 : EXECUTING
09:27:15 INFO  State of operation 17887690 : EXECUTING
09:27:18 INFO  State of operation 17887690 : EXECUTING
09:27:20 INFO  State of operation 17887690 : EXECUTING
09:27:23 INFO  State of operation 17887690 : EXECUTING
09:27:25 INFO  State of operation 17887690 : EXECUTING
09:27:27 INFO  State of operation 17887690 : EXECUTING
09:27:30 INFO  State of operation 17887690 : EXECUTING
09:27:32 INFO  State of operation 17887690 : EXECUTING
09:27:34 INFO  State of operation 17887690 : EXECUTING
09:27:36 INFO  State of operation 17887690 : EXECUTING
09:27:39 INFO  State of operation 17887690 : EXECUTING
09:27:41 INFO  State of operation 17887690 : EXECUTING
09:27:44 INFO  State of operation 17887690 : EXECUTING
09:27:46 INFO  State of operation 17887690 : EXECUTING
09:27:48 INFO  State of operation 17887690 : SUCCESSFUL
09:27:48 INFO  Assert that (False == value) with value=False ... passed
09:27:49 INFO  Assert that (False == value) with value=False ... passed
09:27:49 INFO  Assert that (False == value) with value=False ... passed
09:27:49 INFO  Assert that (False == value) with value=False ... passed
09:27:49 INFO  
09:27:49 INFO  cleanup:
09:27:53 INFO  Executed sudo&lt;tedge_disconnect_c8y&gt;, exit status 0
09:27:54 INFO  Executed systemctl&lt;serv_mapper5&gt;, exit status 3
09:27:54 INFO  
09:27:54 INFO  Test duration: 139.69 secs
09:27:54 INFO  Test final outcome:  FAILED
09:27:54 INFO  Test outcome reason: Assert that (False == value) with value=True (+2 other failures)
09:27:54 INFO  
</system-out>
	</testcase>
</testsuite>
