<?xml version="1.0" encoding="utf-8"?>
<testsuite failures="1" name="SoftwareManagement.sm_apt_install_remove_multiple" skipped="0" tests="1" time="139.63" timestamp="2022-05-13T16:07:18">
	<testcase classname="PySysTest" name="SoftwareManagement.sm_apt_install_remove_multiple">
		<failure message="FAILED: Assert that (False == value) with value=True (+2 other failures)" type="FAILED"/>
		<system-out>16:04:58 INFO  ==============================================================
16:04:58 INFO  Id:    SoftwareManagement.sm_apt_install_remove_multiple
16:04:58 INFO  Dir:   software_management_end_to_end/
16:04:58 INFO  Title: Validate end to end behaviour for the apt plugin for multiple packages
16:04:58 INFO  ==============================================================
16:04:58 INFO  Using sw id database: {'asciijump': '5475369', 'robotfindskitten': '5474869', 'squirrel3': '5475279', 'rolldice': '5152439', 'moon-buggy': '5439204', 'apple': '5495053', 'banana': '5494888', 'cherry': '5495382', 'watermelon': '5494510', 'registry': '8018911', 'hello-world': '8021526', 'docker/getting-started': '8021973', 'alpine': '7991792'}
16:04:58 INFO  EnvironmentC8y Setup
16:04:59 INFO  Executed systemctl&lt;serv_mapper1&gt;, exit status 3
16:04:59 INFO  Restarting mosquitto too frequently in the last 10 seconds. It was only up for 5 seconds
16:04:59 INFO  Delaying execution by 6 seconds
16:05:19 INFO  Executed sudo&lt;tedge_connect_c8y&gt;, exit status 0, duration 13 secs
16:05:19 INFO  Executed sudo&lt;tedge_connect_c8y_test&gt;, exit status 0
16:05:20 INFO  Executed systemctl&lt;serv_mosq2&gt;, exit status 0
16:05:20 INFO  Executed systemctl&lt;serv_mapper3&gt;, exit status 0
16:05:22 INFO  State of current operation: SUCCESSFUL
16:05:23 INFO  Assert that (False == value) with value=False ... passed
16:05:23 INFO  Package asciijump is installed
16:05:23 WARN  Assert that (False == value) with value=True ... failed 
16:05:23 INFO  Package squirrel3 is installed
16:05:24 WARN  Assert that (False == value) with value=True ... failed 
16:05:24 INFO  Package robotfindskitten is installed
16:05:24 WARN  Assert that (False == value) with value=True ... failed 
16:05:24 INFO  Response status: 201
16:05:24 INFO  Response to action: {
    &quot;creationTime&quot;: &quot;2022-05-13T16:05:24.470Z&quot;,
    &quot;deviceId&quot;: &quot;19034630&quot;,
    &quot;deviceName&quot;: &quot;m32sd10d&quot;,
    &quot;self&quot;: &quot;https://t493319102.eu-latest.cumulocity.com/devicecontrol/operations/19054332&quot;,
    &quot;id&quot;: &quot;19054332&quot;,
    &quot;status&quot;: &quot;PENDING&quot;,
    &quot;description&quot;: &quot;Apply software changes, triggered from PySys: [{'action': 'install', 'id': '5475369', 'name': 'asciijump', 'url': ' ', 'version': '::apt'}, {'action': 'install', 'id': '5474869', 'name': 'robotfindskitten', 'url': ' ', 'version': '::apt'}, {'action': 'install', 'id': '5475279', 'name': 'squirrel3', 'url': ' ', 'version': '::apt'}]&quot;,
    &quot;c8y_SoftwareUpdate&quot;: [
        {
            &quot;name&quot;: &quot;asciijump&quot;,
            &quot;action&quot;: &quot;install&quot;,
            &quot;id&quot;: &quot;5475369&quot;,
            &quot;version&quot;: &quot;::apt&quot;,
            &quot;url&quot;: &quot; &quot;
        },
        {
            &quot;name&quot;: &quot;robotfindskitten&quot;,
            &quot;action&quot;: &quot;install&quot;,
            &quot;id&quot;: &quot;5474869&quot;,
            &quot;version&quot;: &quot;::apt&quot;,
            &quot;url&quot;: &quot; &quot;
        },
        {
            &quot;name&quot;: &quot;squirrel3&quot;,
            &quot;action&quot;: &quot;install&quot;,
            &quot;id&quot;: &quot;5475279&quot;,
            &quot;version&quot;: &quot;::apt&quot;,
            &quot;url&quot;: &quot; &quot;
        }
    ]
}
16:05:24 INFO  Started operation: {'creationTime': '2022-05-13T16:05:24.470Z', 'deviceId': '19034630', 'deviceName': 'm32sd10d', 'self': 'https://t493319102.eu-latest.cumulocity.com/devicecontrol/operations/19054332', 'id': '19054332', 'status': 'PENDING', 'description': &quot;Apply software changes, triggered from PySys: [{'action': 'install', 'id': '5475369', 'name': 'asciijump', 'url': ' ', 'version': '::apt'}, {'action': 'install', 'id': '5474869', 'name': 'robotfindskitten', 'url': ' ', 'version': '::apt'}, {'action': 'install', 'id': '5475279', 'name': 'squirrel3', 'url': ' ', 'version': '::apt'}]&quot;, 'c8y_SoftwareUpdate': [{'name': 'asciijump', 'action': 'install', 'id': '5475369', 'version': '::apt', 'url': ' '}, {'name': 'robotfindskitten', 'action': 'install', 'id': '5474869', 'version': '::apt', 'url': ' '}, {'name': 'squirrel3', 'action': 'install', 'id': '5475279', 'version': '::apt', 'url': ' '}]}
16:05:26 INFO  State of operation 19054332 : PENDING
16:05:28 INFO  State of operation 19054332 : EXECUTING
16:05:31 INFO  State of operation 19054332 : EXECUTING
16:05:33 INFO  State of operation 19054332 : EXECUTING
16:05:35 INFO  State of operation 19054332 : EXECUTING
16:05:37 INFO  State of operation 19054332 : EXECUTING
16:05:40 INFO  State of operation 19054332 : EXECUTING
16:05:43 INFO  State of operation 19054332 : EXECUTING
16:05:45 INFO  State of operation 19054332 : EXECUTING
16:05:48 INFO  State of operation 19054332 : EXECUTING
16:05:50 INFO  State of operation 19054332 : EXECUTING
16:05:52 INFO  State of operation 19054332 : EXECUTING
16:05:54 INFO  State of operation 19054332 : EXECUTING
16:05:57 INFO  State of operation 19054332 : EXECUTING
16:05:59 INFO  State of operation 19054332 : EXECUTING
16:06:01 INFO  State of operation 19054332 : SUCCESSFUL
16:06:01 INFO  Assert that (False == value) with value=False ... passed
16:06:02 INFO  Package asciijump is installed
16:06:02 INFO  Assert that (True == value) with value=True ... passed
16:06:02 INFO  Package squirrel3 is installed
16:06:02 INFO  Assert that (True == value) with value=True ... passed
16:06:02 INFO  Package robotfindskitten is installed
16:06:02 INFO  Assert that (True == value) with value=True ... passed
16:06:02 INFO  Response status: 201
16:06:02 INFO  Response to action: {
    &quot;creationTime&quot;: &quot;2022-05-13T16:06:02.889Z&quot;,
    &quot;deviceId&quot;: &quot;19034630&quot;,
    &quot;deviceName&quot;: &quot;m32sd10d&quot;,
    &quot;self&quot;: &quot;https://t493319102.eu-latest.cumulocity.com/devicecontrol/operations/19054350&quot;,
    &quot;id&quot;: &quot;19054350&quot;,
    &quot;status&quot;: &quot;PENDING&quot;,
    &quot;description&quot;: &quot;Apply software changes, triggered from PySys: [{'action': 'delete', 'id': '5475369', 'name': 'asciijump', 'url': ' ', 'version': '::apt'}, {'action': 'delete', 'id': '5474869', 'name': 'robotfindskitten', 'url': ' ', 'version': '::apt'}, {'action': 'delete', 'id': '5475279', 'name': 'squirrel3', 'url': ' ', 'version': '::apt'}]&quot;,
    &quot;c8y_SoftwareUpdate&quot;: [
        {
            &quot;name&quot;: &quot;asciijump&quot;,
            &quot;action&quot;: &quot;delete&quot;,
            &quot;id&quot;: &quot;5475369&quot;,
            &quot;version&quot;: &quot;::apt&quot;,
            &quot;url&quot;: &quot; &quot;
        },
        {
            &quot;name&quot;: &quot;robotfindskitten&quot;,
            &quot;action&quot;: &quot;delete&quot;,
            &quot;id&quot;: &quot;5474869&quot;,
            &quot;version&quot;: &quot;::apt&quot;,
            &quot;url&quot;: &quot; &quot;
        },
        {
            &quot;name&quot;: &quot;squirrel3&quot;,
            &quot;action&quot;: &quot;delete&quot;,
            &quot;id&quot;: &quot;5475279&quot;,
            &quot;version&quot;: &quot;::apt&quot;,
            &quot;url&quot;: &quot; &quot;
        }
    ]
}
16:06:02 INFO  Started operation: {'creationTime': '2022-05-13T16:06:02.889Z', 'deviceId': '19034630', 'deviceName': 'm32sd10d', 'self': 'https://t493319102.eu-latest.cumulocity.com/devicecontrol/operations/19054350', 'id': '19054350', 'status': 'PENDING', 'description': &quot;Apply software changes, triggered from PySys: [{'action': 'delete', 'id': '5475369', 'name': 'asciijump', 'url': ' ', 'version': '::apt'}, {'action': 'delete', 'id': '5474869', 'name': 'robotfindskitten', 'url': ' ', 'version': '::apt'}, {'action': 'delete', 'id': '5475279', 'name': 'squirrel3', 'url': ' ', 'version': '::apt'}]&quot;, 'c8y_SoftwareUpdate': [{'name': 'asciijump', 'action': 'delete', 'id': '5475369', 'version': '::apt', 'url': ' '}, {'name': 'robotfindskitten', 'action': 'delete', 'id': '5474869', 'version': '::apt', 'url': ' '}, {'name': 'squirrel3', 'action': 'delete', 'id': '5475279', 'version': '::apt', 'url': ' '}]}
16:06:05 INFO  State of operation 19054350 : PENDING
16:06:07 INFO  State of operation 19054350 : EXECUTING
16:06:09 INFO  State of operation 19054350 : EXECUTING
16:06:11 INFO  State of operation 19054350 : EXECUTING
16:06:14 INFO  State of operation 19054350 : EXECUTING
16:06:16 INFO  State of operation 19054350 : EXECUTING
16:06:18 INFO  State of operation 19054350 : EXECUTING
16:06:21 INFO  State of operation 19054350 : EXECUTING
16:06:23 INFO  State of operation 19054350 : EXECUTING
16:06:26 INFO  State of operation 19054350 : EXECUTING
16:06:28 INFO  State of operation 19054350 : EXECUTING
16:06:30 INFO  State of operation 19054350 : EXECUTING
16:06:32 INFO  State of operation 19054350 : EXECUTING
16:06:35 INFO  State of operation 19054350 : EXECUTING
16:06:37 INFO  State of operation 19054350 : EXECUTING
16:06:39 INFO  State of operation 19054350 : EXECUTING
16:06:42 INFO  State of operation 19054350 : EXECUTING
16:06:44 INFO  State of operation 19054350 : EXECUTING
16:06:47 INFO  State of operation 19054350 : EXECUTING
16:06:49 INFO  State of operation 19054350 : EXECUTING
16:06:51 INFO  State of operation 19054350 : EXECUTING
16:06:54 INFO  State of operation 19054350 : EXECUTING
16:06:56 INFO  State of operation 19054350 : EXECUTING
16:06:58 INFO  State of operation 19054350 : EXECUTING
16:07:00 INFO  State of operation 19054350 : EXECUTING
16:07:03 INFO  State of operation 19054350 : EXECUTING
16:07:05 INFO  State of operation 19054350 : EXECUTING
16:07:07 INFO  State of operation 19054350 : EXECUTING
16:07:10 INFO  State of operation 19054350 : EXECUTING
16:07:12 INFO  State of operation 19054350 : SUCCESSFUL
16:07:12 INFO  Assert that (False == value) with value=False ... passed
16:07:12 INFO  Assert that (False == value) with value=False ... passed
16:07:13 INFO  Assert that (False == value) with value=False ... passed
16:07:13 INFO  Assert that (False == value) with value=False ... passed
16:07:13 INFO  
16:07:13 INFO  cleanup:
16:07:17 INFO  Executed sudo&lt;tedge_disconnect_c8y&gt;, exit status 0
16:07:18 INFO  Executed systemctl&lt;serv_mapper5&gt;, exit status 3
16:07:18 INFO  
16:07:18 INFO  Test duration: 139.63 secs
16:07:18 INFO  Test final outcome:  FAILED
16:07:18 INFO  Test outcome reason: Assert that (False == value) with value=True (+2 other failures)
16:07:18 INFO  
</system-out>
	</testcase>
</testsuite>
