<?xml version="1.0" encoding="utf-8"?>
<testsuite failures="1" name="SoftwareManagement.sm_apt_install_remove_multiple_mixed" skipped="0" tests="1" time="176.78" timestamp="2022-04-28T12:09:02">
	<testcase classname="PySysTest" name="SoftwareManagement.sm_apt_install_remove_multiple_mixed">
		<failure message="BLOCKED: SystemError: Timeout while waiting for status SUCCESSFUL or False (+1 other failures)" type="BLOCKED"/>
		<system-out>12:06:05 INFO  ==============================================================
12:06:05 INFO  Id:    SoftwareManagement.sm_apt_install_remove_multiple_mixed
12:06:05 INFO  Dir:   software_management_end_to_end/
12:06:05 INFO  Title: Validate end to end behaviour for the apt plugin for multiple packages with mixed versions
12:06:05 INFO  ==============================================================
12:06:05 INFO  Using sw id database: {'asciijump': '5475369', 'robotfindskitten': '5474869', 'squirrel3': '5475279', 'rolldice': '5152439', 'moon-buggy': '5439204', 'apple': '5495053', 'banana': '5494888', 'cherry': '5495382', 'watermelon': '5494510', 'registry': '8018911', 'hello-world': '8021526', 'docker/getting-started': '8021973', 'alpine': '7991792'}
12:06:05 INFO  EnvironmentC8y Setup
12:06:06 INFO  Executed systemctl&lt;serv_mapper1&gt;, exit status 3
12:06:06 INFO  Restarting mosquitto too frequently in the last 10 seconds. It was only up for 5 seconds
12:06:06 INFO  Delaying execution by 6 seconds
12:06:26 INFO  Executed sudo&lt;tedge_connect_c8y&gt;, exit status 0, duration 13 secs
12:06:26 INFO  Executed sudo&lt;tedge_connect_c8y_test&gt;, exit status 0
12:06:27 INFO  Executed systemctl&lt;serv_mosq2&gt;, exit status 0
12:06:27 INFO  Executed systemctl&lt;serv_mapper3&gt;, exit status 0
12:06:29 INFO  State of current operation: SUCCESSFUL
12:06:30 INFO  Assert that (False == value) with value=False ... passed
12:06:30 INFO  Assert that (False == value) with value=False ... passed
12:06:30 INFO  Assert that (False == value) with value=False ... passed
12:06:30 INFO  Assert that (False == value) with value=False ... passed
12:06:31 INFO  Package moon-buggy is installed
12:06:31 WARN  Assert that (False == value) with value=True ... failed 
12:06:32 INFO  Response status: 201
12:06:32 INFO  Response to action: {
    &quot;delivery&quot;: {
        &quot;time&quot;: &quot;2022-04-28T12:06:32.270Z&quot;,
        &quot;log&quot;: [],
        &quot;status&quot;: &quot;PENDING&quot;
    },
    &quot;creationTime&quot;: &quot;2022-04-28T12:06:32.251Z&quot;,
    &quot;deviceName&quot;: &quot;m32sd10d&quot;,
    &quot;deviceId&quot;: &quot;17889227&quot;,
    &quot;self&quot;: &quot;https://t493319102.eu-latest.cumulocity.com/devicecontrol/operations/17901312&quot;,
    &quot;id&quot;: &quot;17901312&quot;,
    &quot;status&quot;: &quot;PENDING&quot;,
    &quot;description&quot;: &quot;Apply software changes, triggered from PySys: [{'action': 'install', 'id': '5475369', 'name': 'asciijump', 'url': ' ', 'version': '::apt'}, {'action': 'install', 'id': '5474869', 'name': 'robotfindskitten', 'url': ' ', 'version': ' '}, {'action': 'install', 'id': '5475279', 'name': 'squirrel3', 'url': ' ', 'version': '3.1-7::apt'}, {'action': 'install', 'id': '5152439', 'name': 'rolldice', 'url': ' ', 'version': '1.16-1+b1'}, {'action': 'install', 'id': '5439204', 'name': 'moon-buggy', 'url': ' ', 'version': '1:1.0.51-12'}, {'action': 'install', 'id': '5475369', 'name': 'asciijump', 'url': ' ', 'version': '::apt'}]&quot;,
    &quot;c8y_SoftwareUpdate&quot;: [
        {
            &quot;name&quot;: &quot;asciijump&quot;,
            &quot;action&quot;: &quot;install&quot;,
            &quot;id&quot;: &quot;5475369&quot;,
            &quot;version&quot;: &quot;::apt&quot;,
            &quot;url&quot;: &quot; &quot;
        },
        {
            &quot;name&quot;: &quot;robotfindskitten&quot;,
            &quot;action&quot;: &quot;install&quot;,
            &quot;id&quot;: &quot;5474869&quot;,
            &quot;version&quot;: &quot; &quot;,
            &quot;url&quot;: &quot; &quot;
        },
        {
            &quot;name&quot;: &quot;squirrel3&quot;,
            &quot;action&quot;: &quot;install&quot;,
            &quot;id&quot;: &quot;5475279&quot;,
            &quot;version&quot;: &quot;3.1-7::apt&quot;,
            &quot;url&quot;: &quot; &quot;
        },
        {
            &quot;name&quot;: &quot;rolldice&quot;,
            &quot;action&quot;: &quot;install&quot;,
            &quot;id&quot;: &quot;5152439&quot;,
            &quot;version&quot;: &quot;1.16-1+b1&quot;,
            &quot;url&quot;: &quot; &quot;
        },
        {
            &quot;name&quot;: &quot;moon-buggy&quot;,
            &quot;action&quot;: &quot;install&quot;,
            &quot;id&quot;: &quot;5439204&quot;,
            &quot;version&quot;: &quot;1:1.0.51-12&quot;,
            &quot;url&quot;: &quot; &quot;
        },
        {
            &quot;name&quot;: &quot;asciijump&quot;,
            &quot;action&quot;: &quot;install&quot;,
            &quot;id&quot;: &quot;5475369&quot;,
            &quot;version&quot;: &quot;::apt&quot;,
            &quot;url&quot;: &quot; &quot;
        }
    ]
}
12:06:32 INFO  Started operation: {'delivery': {'time': '2022-04-28T12:06:32.270Z', 'log': [], 'status': 'PENDING'}, 'creationTime': '2022-04-28T12:06:32.251Z', 'deviceName': 'm32sd10d', 'deviceId': '17889227', 'self': 'https://t493319102.eu-latest.cumulocity.com/devicecontrol/operations/17901312', 'id': '17901312', 'status': 'PENDING', 'description': &quot;Apply software changes, triggered from PySys: [{'action': 'install', 'id': '5475369', 'name': 'asciijump', 'url': ' ', 'version': '::apt'}, {'action': 'install', 'id': '5474869', 'name': 'robotfindskitten', 'url': ' ', 'version': ' '}, {'action': 'install', 'id': '5475279', 'name': 'squirrel3', 'url': ' ', 'version': '3.1-7::apt'}, {'action': 'install', 'id': '5152439', 'name': 'rolldice', 'url': ' ', 'version': '1.16-1+b1'}, {'action': 'install', 'id': '5439204', 'name': 'moon-buggy', 'url': ' ', 'version': '1:1.0.51-12'}, {'action': 'install', 'id': '5475369', 'name': 'asciijump', 'url': ' ', 'version': '::apt'}]&quot;, 'c8y_SoftwareUpdate': [{'name': 'asciijump', 'action': 'install', 'id': '5475369', 'version': '::apt', 'url': ' '}, {'name': 'robotfindskitten', 'action': 'install', 'id': '5474869', 'version': ' ', 'url': ' '}, {'name': 'squirrel3', 'action': 'install', 'id': '5475279', 'version': '3.1-7::apt', 'url': ' '}, {'name': 'rolldice', 'action': 'install', 'id': '5152439', 'version': '1.16-1+b1', 'url': ' '}, {'name': 'moon-buggy', 'action': 'install', 'id': '5439204', 'version': '1:1.0.51-12', 'url': ' '}, {'name': 'asciijump', 'action': 'install', 'id': '5475369', 'version': '::apt', 'url': ' '}]}
12:06:34 INFO  State of operation 17901312 : PENDING
12:06:36 INFO  State of operation 17901312 : EXECUTING
12:06:39 INFO  State of operation 17901312 : EXECUTING
12:06:41 INFO  State of operation 17901312 : EXECUTING
12:06:43 INFO  State of operation 17901312 : EXECUTING
12:06:45 INFO  State of operation 17901312 : EXECUTING
12:06:48 INFO  State of operation 17901312 : EXECUTING
12:06:50 INFO  State of operation 17901312 : EXECUTING
12:06:53 INFO  State of operation 17901312 : EXECUTING
12:06:55 INFO  State of operation 17901312 : EXECUTING
12:06:58 INFO  State of operation 17901312 : EXECUTING
12:07:00 INFO  State of operation 17901312 : EXECUTING
12:07:02 INFO  State of operation 17901312 : EXECUTING
12:07:04 INFO  State of operation 17901312 : EXECUTING
12:07:07 INFO  State of operation 17901312 : EXECUTING
12:07:09 INFO  State of operation 17901312 : EXECUTING
12:07:11 INFO  State of operation 17901312 : EXECUTING
12:07:14 INFO  State of operation 17901312 : EXECUTING
12:07:16 INFO  State of operation 17901312 : EXECUTING
12:07:19 INFO  State of operation 17901312 : EXECUTING
12:07:21 INFO  State of operation 17901312 : EXECUTING
12:07:24 INFO  State of operation 17901312 : EXECUTING
12:07:26 INFO  State of operation 17901312 : EXECUTING
12:07:29 INFO  State of operation 17901312 : EXECUTING
12:07:31 INFO  State of operation 17901312 : EXECUTING
12:07:33 INFO  State of operation 17901312 : EXECUTING
12:07:35 INFO  State of operation 17901312 : EXECUTING
12:07:38 INFO  State of operation 17901312 : EXECUTING
12:07:40 INFO  State of operation 17901312 : EXECUTING
12:07:42 INFO  State of operation 17901312 : EXECUTING
12:07:45 INFO  State of operation 17901312 : EXECUTING
12:07:47 INFO  State of operation 17901312 : EXECUTING
12:07:49 INFO  State of operation 17901312 : EXECUTING
12:07:51 INFO  State of operation 17901312 : EXECUTING
12:07:53 INFO  State of operation 17901312 : EXECUTING
12:07:56 INFO  State of operation 17901312 : EXECUTING
12:07:58 INFO  State of operation 17901312 : EXECUTING
12:08:00 INFO  State of operation 17901312 : EXECUTING
12:08:03 INFO  State of operation 17901312 : EXECUTING
12:08:06 INFO  State of operation 17901312 : EXECUTING
12:08:08 INFO  State of operation 17901312 : EXECUTING
12:08:10 INFO  State of operation 17901312 : EXECUTING
12:08:12 INFO  State of operation 17901312 : EXECUTING
12:08:15 INFO  State of operation 17901312 : EXECUTING
12:08:17 INFO  State of operation 17901312 : EXECUTING
12:08:19 INFO  State of operation 17901312 : EXECUTING
12:08:21 INFO  State of operation 17901312 : EXECUTING
12:08:24 INFO  State of operation 17901312 : EXECUTING
12:08:27 INFO  State of operation 17901312 : EXECUTING
12:08:29 INFO  State of operation 17901312 : EXECUTING
12:08:31 INFO  State of operation 17901312 : EXECUTING
12:08:33 INFO  State of operation 17901312 : EXECUTING
12:08:36 INFO  State of operation 17901312 : EXECUTING
12:08:38 INFO  State of operation 17901312 : EXECUTING
12:08:41 INFO  State of operation 17901312 : EXECUTING
12:08:43 INFO  State of operation 17901312 : EXECUTING
12:08:46 INFO  State of operation 17901312 : EXECUTING
12:08:48 INFO  State of operation 17901312 : EXECUTING
12:08:50 INFO  State of operation 17901312 : EXECUTING
12:08:52 INFO  State of operation 17901312 : EXECUTING
12:08:55 INFO  State of operation 17901312 : EXECUTING
12:08:57 WARN  SystemError occurred while running test - Timeout while waiting for status SUCCESSFUL or False
Traceback (most recent call last):
  File &quot;/home/pi/env-pysys/lib/python3.7/site-packages/pysys/baserunner.py&quot;, line 1294, in __call__
    self.testObj.execute()
  File &quot;/home/pi/actions-runner/_work/thin-edge.io/thin-edge.io/tests/PySys/software_management_end_to_end/sm_apt_install_remove_multiple_mixed/run.py&quot;, line 89, in execute
    self.wait_until_succcess()
  File &quot;/home/pi/actions-runner/_work/thin-edge.io/thin-edge.io/tests/PySys/software_management_end_to_end/environment_sm_management.py&quot;, line 324, in wait_until_succcess
    self.wait_until_status(&quot;SUCCESSFUL&quot;)
  File &quot;/home/pi/actions-runner/_work/thin-edge.io/thin-edge.io/tests/PySys/software_management_end_to_end/environment_sm_management.py&quot;, line 381, in wait_until_status
    &quot;Timeout while waiting for status %s or %s&quot; % (status, status2)
SystemError: Timeout while waiting for status SUCCESSFUL or False
12:08:57 WARN  SystemError: Timeout while waiting for status SUCCESSFUL or False ... blocked 
12:08:57 INFO  
12:08:57 INFO  cleanup:
12:09:01 INFO  Executed sudo&lt;tedge_disconnect_c8y&gt;, exit status 0
12:09:02 INFO  Executed systemctl&lt;serv_mapper5&gt;, exit status 3
12:09:02 INFO  
12:09:02 INFO  Test duration: 176.78 secs
12:09:02 INFO  Test final outcome:  BLOCKED
12:09:02 INFO  Test outcome reason: SystemError: Timeout while waiting for status SUCCESSFUL or False (+1 other failures)
12:09:02 INFO  
</system-out>
	</testcase>
</testsuite>
