<?xml version="1.0" encoding="utf-8"?>
<testsuite failures="1" name="SoftwareManagement.sm_apt_install_remove_multiple_mixed" skipped="0" tests="1" time="164.31" timestamp="2022-04-27T18:43:27">
	<testcase classname="PySysTest" name="SoftwareManagement.sm_apt_install_remove_multiple_mixed">
		<failure message="BLOCKED: SystemError: Timeout while waiting for status FAILED or SUCCESSFUL" type="BLOCKED"/>
		<system-out>18:40:43 INFO  ==============================================================
18:40:43 INFO  Id:    SoftwareManagement.sm_apt_install_remove_multiple_mixed
18:40:43 INFO  Dir:   software_management_end_to_end/
18:40:43 INFO  Title: Validate end to end behaviour for the apt plugin for multiple packages with mixed versions
18:40:43 INFO  ==============================================================
18:40:43 INFO  Using sw id database: {'asciijump': '5475369', 'robotfindskitten': '5474869', 'squirrel3': '5475279', 'rolldice': '5152439', 'moon-buggy': '5439204', 'apple': '5495053', 'banana': '5494888', 'cherry': '5495382', 'watermelon': '5494510', 'registry': '8018911', 'hello-world': '8021526', 'docker/getting-started': '8021973', 'alpine': '7991792'}
18:40:43 INFO  EnvironmentC8y Setup
18:40:44 INFO  Executed systemctl&lt;serv_mapper1&gt;, exit status 3
18:40:44 INFO  Restarting mosquitto too frequently in the last 10 seconds. It was only up for 5 seconds
18:40:44 INFO  Delaying execution by 6 seconds
18:41:04 INFO  Executed sudo&lt;tedge_connect_c8y&gt;, exit status 0, duration 13 secs
18:41:04 INFO  Executed sudo&lt;tedge_connect_c8y_test&gt;, exit status 0
18:41:05 INFO  Executed systemctl&lt;serv_mosq2&gt;, exit status 0
18:41:05 INFO  Executed systemctl&lt;serv_mapper3&gt;, exit status 0
18:41:08 INFO  State of current operation: PENDING
18:41:10 INFO  State of current operation: PENDING
18:41:12 INFO  State of current operation: PENDING
18:41:14 INFO  State of current operation: PENDING
18:41:16 INFO  State of current operation: PENDING
18:41:19 INFO  State of current operation: PENDING
18:41:21 INFO  State of current operation: PENDING
18:41:23 INFO  State of current operation: PENDING
18:41:25 INFO  State of current operation: PENDING
18:41:27 INFO  State of current operation: PENDING
18:41:30 INFO  State of current operation: PENDING
18:41:32 INFO  State of current operation: PENDING
18:41:34 INFO  State of current operation: PENDING
18:41:36 INFO  State of current operation: PENDING
18:41:39 INFO  State of current operation: PENDING
18:41:41 INFO  State of current operation: PENDING
18:41:43 INFO  State of current operation: PENDING
18:41:45 INFO  State of current operation: PENDING
18:41:47 INFO  State of current operation: PENDING
18:41:50 INFO  State of current operation: PENDING
18:41:52 INFO  State of current operation: PENDING
18:41:54 INFO  State of current operation: PENDING
18:41:56 INFO  State of current operation: PENDING
18:41:59 INFO  State of current operation: PENDING
18:42:01 INFO  State of current operation: PENDING
18:42:03 INFO  State of current operation: PENDING
18:42:05 INFO  State of current operation: PENDING
18:42:07 INFO  State of current operation: PENDING
18:42:10 INFO  State of current operation: PENDING
18:42:12 INFO  State of current operation: PENDING
18:42:14 INFO  State of current operation: PENDING
18:42:16 INFO  State of current operation: PENDING
18:42:19 INFO  State of current operation: PENDING
18:42:21 INFO  State of current operation: PENDING
18:42:23 INFO  State of current operation: PENDING
18:42:25 INFO  State of current operation: PENDING
18:42:27 INFO  State of current operation: PENDING
18:42:30 INFO  State of current operation: PENDING
18:42:32 INFO  State of current operation: PENDING
18:42:34 INFO  State of current operation: PENDING
18:42:36 INFO  State of current operation: PENDING
18:42:39 INFO  State of current operation: PENDING
18:42:41 INFO  State of current operation: PENDING
18:42:43 INFO  State of current operation: PENDING
18:42:45 INFO  State of current operation: PENDING
18:42:47 INFO  State of current operation: PENDING
18:42:50 INFO  State of current operation: PENDING
18:42:52 INFO  State of current operation: PENDING
18:42:54 INFO  State of current operation: PENDING
18:42:56 INFO  State of current operation: PENDING
18:42:58 INFO  State of current operation: PENDING
18:43:01 INFO  State of current operation: PENDING
18:43:03 INFO  State of current operation: PENDING
18:43:05 INFO  State of current operation: PENDING
18:43:07 INFO  State of current operation: PENDING
18:43:10 INFO  State of current operation: PENDING
18:43:12 INFO  State of current operation: PENDING
18:43:14 INFO  State of current operation: PENDING
18:43:16 INFO  State of current operation: PENDING
18:43:18 INFO  State of current operation: PENDING
18:43:21 INFO  State of current operation: PENDING
18:43:23 WARN  SystemError occurred while running test - Timeout while waiting for status FAILED or SUCCESSFUL
Traceback (most recent call last):
  File &quot;/home/pi/env-pysys/lib/python3.7/site-packages/pysys/baserunner.py&quot;, line 1292, in __call__
    self.testObj.setup()
  File &quot;/home/pi/actions-runner/_work/thin-edge.io/thin-edge.io/tests/PySys/software_management_end_to_end/sm_apt_install_remove_multiple_mixed/run.py&quot;, line 73, in setup
    super().setup()
  File &quot;/home/pi/actions-runner/_work/thin-edge.io/thin-edge.io/tests/PySys/software_management_end_to_end/environment_sm_management.py&quot;, line 151, in setup
    self.wait_until_end()
  File &quot;/home/pi/actions-runner/_work/thin-edge.io/thin-edge.io/tests/PySys/software_management_end_to_end/environment_sm_management.py&quot;, line 332, in wait_until_end
    self.wait_until_status(&quot;FAILED&quot;, &quot;SUCCESSFUL&quot;)
  File &quot;/home/pi/actions-runner/_work/thin-edge.io/thin-edge.io/tests/PySys/software_management_end_to_end/environment_sm_management.py&quot;, line 381, in wait_until_status
    &quot;Timeout while waiting for status %s or %s&quot; % (status, status2)
SystemError: Timeout while waiting for status FAILED or SUCCESSFUL
18:43:23 WARN  SystemError: Timeout while waiting for status FAILED or SUCCESSFUL ... blocked 
18:43:23 INFO  
18:43:23 INFO  cleanup:
18:43:27 INFO  Executed sudo&lt;tedge_disconnect_c8y&gt;, exit status 0
18:43:27 INFO  Executed systemctl&lt;serv_mapper5&gt;, exit status 3
18:43:27 INFO  
18:43:27 INFO  Test duration: 164.31 secs
18:43:27 INFO  Test final outcome:  BLOCKED
18:43:27 INFO  Test outcome reason: SystemError: Timeout while waiting for status FAILED or SUCCESSFUL
18:43:27 INFO  
</system-out>
	</testcase>
</testsuite>
