<?xml version="1.0" encoding="utf-8"?>
<testsuite failures="1" name="SoftwareManagement.sm_mixed_install_remove_multiple" skipped="0" tests="1" time="167.05" timestamp="2022-05-03T15:32:48">
	<testcase classname="PySysTest" name="SoftwareManagement.sm_mixed_install_remove_multiple">
		<failure message="FAILED: Assert that (False == value) with value=True" type="FAILED"/>
		<system-out>15:30:01 INFO  ==============================================================
15:30:01 INFO  Id:    SoftwareManagement.sm_mixed_install_remove_multiple
15:30:01 INFO  Dir:   software_management_end_to_end/
15:30:01 INFO  Title: Validate end to end behaviour for the dummy-plugin for multiple packages with mixed versions
15:30:01 INFO  ==============================================================
15:30:01 INFO  Using sw id database: {'asciijump': '5475369', 'robotfindskitten': '5474869', 'squirrel3': '5475279', 'rolldice': '5152439', 'moon-buggy': '5439204', 'apple': '5495053', 'banana': '5494888', 'cherry': '5495382', 'watermelon': '5494510', 'registry': '8018911', 'hello-world': '8021526', 'docker/getting-started': '8021973', 'alpine': '7991792'}
15:30:01 INFO  EnvironmentC8y Setup
15:30:02 INFO  Executed systemctl&lt;serv_mapper1&gt;, exit status 3
15:30:02 INFO  Restarting mosquitto too frequently in the last 10 seconds. It was only up for 5 seconds
15:30:02 INFO  Delaying execution by 6 seconds
15:30:22 INFO  Executed sudo&lt;tedge_connect_c8y&gt;, exit status 0, duration 13 secs
15:30:22 INFO  Executed sudo&lt;tedge_connect_c8y_test&gt;, exit status 0
15:30:23 INFO  Executed systemctl&lt;serv_mosq2&gt;, exit status 0
15:30:23 INFO  Executed systemctl&lt;serv_mapper3&gt;, exit status 0
15:30:26 INFO  State of current operation: SUCCESSFUL
15:30:26 INFO  Package apple is installed
15:30:26 INFO  Assert that (True == value) with value=True ... passed
15:30:26 INFO  Package banana is installed
15:30:26 INFO  Assert that (True == value) with value=True ... passed
15:30:26 INFO  Package cherry is installed
15:30:26 INFO  Assert that (True == value) with value=True ... passed
15:30:27 INFO  Package asciijump is installed
15:30:27 WARN  Assert that (False == value) with value=True ... failed 
15:30:27 INFO  Assert that (False == value) with value=False ... passed
15:30:27 INFO  Response status: 201
15:30:27 INFO  Response to action: {
    &quot;creationTime&quot;: &quot;2022-05-03T15:30:27.453Z&quot;,
    &quot;deviceName&quot;: &quot;m32sd10d&quot;,
    &quot;deviceId&quot;: &quot;18298586&quot;,
    &quot;self&quot;: &quot;https://t493319102.eu-latest.cumulocity.com/devicecontrol/operations/18322112&quot;,
    &quot;id&quot;: &quot;18322112&quot;,
    &quot;status&quot;: &quot;PENDING&quot;,
    &quot;description&quot;: &quot;Apply software changes, triggered from PySys: [{'action': 'install', 'id': '5495053', 'name': 'apple', 'url': ' ', 'version': '::fruits'}, {'action': 'install', 'id': '5494888', 'name': 'banana', 'url': ' ', 'version': '::fruits'}, {'action': 'install', 'id': '5475369', 'name': 'asciijump', 'url': ' ', 'version': '::apt'}, {'action': 'install', 'id': '5495382', 'name': 'cherry', 'url': ' ', 'version': '::fruits'}, {'action': 'install', 'id': '8018911', 'name': 'registry', 'url': ' ', 'version': '::docker'}]&quot;,
    &quot;c8y_SoftwareUpdate&quot;: [
        {
            &quot;name&quot;: &quot;apple&quot;,
            &quot;action&quot;: &quot;install&quot;,
            &quot;id&quot;: &quot;5495053&quot;,
            &quot;version&quot;: &quot;::fruits&quot;,
            &quot;url&quot;: &quot; &quot;
        },
        {
            &quot;name&quot;: &quot;banana&quot;,
            &quot;action&quot;: &quot;install&quot;,
            &quot;id&quot;: &quot;5494888&quot;,
            &quot;version&quot;: &quot;::fruits&quot;,
            &quot;url&quot;: &quot; &quot;
        },
        {
            &quot;name&quot;: &quot;asciijump&quot;,
            &quot;action&quot;: &quot;install&quot;,
            &quot;id&quot;: &quot;5475369&quot;,
            &quot;version&quot;: &quot;::apt&quot;,
            &quot;url&quot;: &quot; &quot;
        },
        {
            &quot;name&quot;: &quot;cherry&quot;,
            &quot;action&quot;: &quot;install&quot;,
            &quot;id&quot;: &quot;5495382&quot;,
            &quot;version&quot;: &quot;::fruits&quot;,
            &quot;url&quot;: &quot; &quot;
        },
        {
            &quot;name&quot;: &quot;registry&quot;,
            &quot;action&quot;: &quot;install&quot;,
            &quot;id&quot;: &quot;8018911&quot;,
            &quot;version&quot;: &quot;::docker&quot;,
            &quot;url&quot;: &quot; &quot;
        }
    ]
}
15:30:27 INFO  Started operation: {'creationTime': '2022-05-03T15:30:27.453Z', 'deviceName': 'm32sd10d', 'deviceId': '18298586', 'self': 'https://t493319102.eu-latest.cumulocity.com/devicecontrol/operations/18322112', 'id': '18322112', 'status': 'PENDING', 'description': &quot;Apply software changes, triggered from PySys: [{'action': 'install', 'id': '5495053', 'name': 'apple', 'url': ' ', 'version': '::fruits'}, {'action': 'install', 'id': '5494888', 'name': 'banana', 'url': ' ', 'version': '::fruits'}, {'action': 'install', 'id': '5475369', 'name': 'asciijump', 'url': ' ', 'version': '::apt'}, {'action': 'install', 'id': '5495382', 'name': 'cherry', 'url': ' ', 'version': '::fruits'}, {'action': 'install', 'id': '8018911', 'name': 'registry', 'url': ' ', 'version': '::docker'}]&quot;, 'c8y_SoftwareUpdate': [{'name': 'apple', 'action': 'install', 'id': '5495053', 'version': '::fruits', 'url': ' '}, {'name': 'banana', 'action': 'install', 'id': '5494888', 'version': '::fruits', 'url': ' '}, {'name': 'asciijump', 'action': 'install', 'id': '5475369', 'version': '::apt', 'url': ' '}, {'name': 'cherry', 'action': 'install', 'id': '5495382', 'version': '::fruits', 'url': ' '}, {'name': 'registry', 'action': 'install', 'id': '8018911', 'version': '::docker', 'url': ' '}]}
15:30:29 INFO  State of operation 18322112 : PENDING
15:30:31 INFO  State of operation 18322112 : EXECUTING
15:30:34 INFO  State of operation 18322112 : EXECUTING
15:30:36 INFO  State of operation 18322112 : EXECUTING
15:30:38 INFO  State of operation 18322112 : EXECUTING
15:30:40 INFO  State of operation 18322112 : EXECUTING
15:30:44 INFO  State of operation 18322112 : EXECUTING
15:30:47 INFO  State of operation 18322112 : EXECUTING
15:30:49 INFO  State of operation 18322112 : EXECUTING
15:30:51 INFO  State of operation 18322112 : EXECUTING
15:30:54 INFO  State of operation 18322112 : EXECUTING
15:30:56 INFO  State of operation 18322112 : EXECUTING
15:30:58 INFO  State of operation 18322112 : EXECUTING
15:31:00 INFO  State of operation 18322112 : EXECUTING
15:31:03 INFO  State of operation 18322112 : EXECUTING
15:31:05 INFO  State of operation 18322112 : EXECUTING
15:31:07 INFO  State of operation 18322112 : EXECUTING
15:31:09 INFO  State of operation 18322112 : EXECUTING
15:31:12 INFO  State of operation 18322112 : EXECUTING
15:31:14 INFO  State of operation 18322112 : EXECUTING
15:31:17 INFO  State of operation 18322112 : EXECUTING
15:31:19 INFO  State of operation 18322112 : EXECUTING
15:31:21 INFO  State of operation 18322112 : EXECUTING
15:31:23 INFO  State of operation 18322112 : EXECUTING
15:31:26 INFO  State of operation 18322112 : EXECUTING
15:31:28 INFO  State of operation 18322112 : SUCCESSFUL
15:31:28 INFO  Package apple is installed
15:31:28 INFO  Assert that (True == value) with value=True ... passed
15:31:28 INFO  Package banana is installed
15:31:28 INFO  Assert that (True == value) with value=True ... passed
15:31:29 INFO  Package cherry is installed
15:31:29 INFO  Assert that (True == value) with value=True ... passed
15:31:29 INFO  Package asciijump is installed
15:31:29 INFO  Assert that (True == value) with value=True ... passed
15:31:29 INFO  Package registry is installed
15:31:29 INFO  Assert that (True == value) with value=True ... passed
15:31:29 INFO  Response status: 201
15:31:29 INFO  Response to action: {
    &quot;creationTime&quot;: &quot;2022-05-03T15:31:29.658Z&quot;,
    &quot;deviceName&quot;: &quot;m32sd10d&quot;,
    &quot;deviceId&quot;: &quot;18298586&quot;,
    &quot;self&quot;: &quot;https://t493319102.eu-latest.cumulocity.com/devicecontrol/operations/18322118&quot;,
    &quot;id&quot;: &quot;18322118&quot;,
    &quot;status&quot;: &quot;PENDING&quot;,
    &quot;description&quot;: &quot;Apply software changes, triggered from PySys: [{'action': 'delete', 'id': '5495053', 'name': 'apple', 'url': ' ', 'version': '::fruits'}, {'action': 'delete', 'id': '5494888', 'name': 'banana', 'url': ' ', 'version': '::fruits'}, {'action': 'delete', 'id': '5475369', 'name': 'asciijump', 'url': ' ', 'version': '::apt'}, {'action': 'delete', 'id': '5495382', 'name': 'cherry', 'url': ' ', 'version': '::fruits'}, {'action': 'delete', 'id': '8018911', 'name': 'registry', 'url': ' ', 'version': '::docker'}]&quot;,
    &quot;c8y_SoftwareUpdate&quot;: [
        {
            &quot;name&quot;: &quot;apple&quot;,
            &quot;action&quot;: &quot;delete&quot;,
            &quot;id&quot;: &quot;5495053&quot;,
            &quot;version&quot;: &quot;::fruits&quot;,
            &quot;url&quot;: &quot; &quot;
        },
        {
            &quot;name&quot;: &quot;banana&quot;,
            &quot;action&quot;: &quot;delete&quot;,
            &quot;id&quot;: &quot;5494888&quot;,
            &quot;version&quot;: &quot;::fruits&quot;,
            &quot;url&quot;: &quot; &quot;
        },
        {
            &quot;name&quot;: &quot;asciijump&quot;,
            &quot;action&quot;: &quot;delete&quot;,
            &quot;id&quot;: &quot;5475369&quot;,
            &quot;version&quot;: &quot;::apt&quot;,
            &quot;url&quot;: &quot; &quot;
        },
        {
            &quot;name&quot;: &quot;cherry&quot;,
            &quot;action&quot;: &quot;delete&quot;,
            &quot;id&quot;: &quot;5495382&quot;,
            &quot;version&quot;: &quot;::fruits&quot;,
            &quot;url&quot;: &quot; &quot;
        },
        {
            &quot;name&quot;: &quot;registry&quot;,
            &quot;action&quot;: &quot;delete&quot;,
            &quot;id&quot;: &quot;8018911&quot;,
            &quot;version&quot;: &quot;::docker&quot;,
            &quot;url&quot;: &quot; &quot;
        }
    ]
}
15:31:29 INFO  Started operation: {'creationTime': '2022-05-03T15:31:29.658Z', 'deviceName': 'm32sd10d', 'deviceId': '18298586', 'self': 'https://t493319102.eu-latest.cumulocity.com/devicecontrol/operations/18322118', 'id': '18322118', 'status': 'PENDING', 'description': &quot;Apply software changes, triggered from PySys: [{'action': 'delete', 'id': '5495053', 'name': 'apple', 'url': ' ', 'version': '::fruits'}, {'action': 'delete', 'id': '5494888', 'name': 'banana', 'url': ' ', 'version': '::fruits'}, {'action': 'delete', 'id': '5475369', 'name': 'asciijump', 'url': ' ', 'version': '::apt'}, {'action': 'delete', 'id': '5495382', 'name': 'cherry', 'url': ' ', 'version': '::fruits'}, {'action': 'delete', 'id': '8018911', 'name': 'registry', 'url': ' ', 'version': '::docker'}]&quot;, 'c8y_SoftwareUpdate': [{'name': 'apple', 'action': 'delete', 'id': '5495053', 'version': '::fruits', 'url': ' '}, {'name': 'banana', 'action': 'delete', 'id': '5494888', 'version': '::fruits', 'url': ' '}, {'name': 'asciijump', 'action': 'delete', 'id': '5475369', 'version': '::apt', 'url': ' '}, {'name': 'cherry', 'action': 'delete', 'id': '5495382', 'version': '::fruits', 'url': ' '}, {'name': 'registry', 'action': 'delete', 'id': '8018911', 'version': '::docker', 'url': ' '}]}
15:31:31 INFO  State of operation 18322118 : PENDING
15:31:34 INFO  State of operation 18322118 : EXECUTING
15:31:36 INFO  State of operation 18322118 : EXECUTING
15:31:38 INFO  State of operation 18322118 : EXECUTING
15:31:40 INFO  State of operation 18322118 : EXECUTING
15:31:43 INFO  State of operation 18322118 : EXECUTING
15:31:46 INFO  State of operation 18322118 : EXECUTING
15:31:49 INFO  State of operation 18322118 : EXECUTING
15:31:51 INFO  State of operation 18322118 : EXECUTING
15:31:53 INFO  State of operation 18322118 : EXECUTING
15:31:56 INFO  State of operation 18322118 : EXECUTING
15:31:58 INFO  State of operation 18322118 : EXECUTING
15:32:00 INFO  State of operation 18322118 : EXECUTING
15:32:02 INFO  State of operation 18322118 : EXECUTING
15:32:05 INFO  State of operation 18322118 : EXECUTING
15:32:07 INFO  State of operation 18322118 : EXECUTING
15:32:10 INFO  State of operation 18322118 : EXECUTING
15:32:13 INFO  State of operation 18322118 : EXECUTING
15:32:15 INFO  State of operation 18322118 : EXECUTING
15:32:17 INFO  State of operation 18322118 : EXECUTING
15:32:19 INFO  State of operation 18322118 : EXECUTING
15:32:22 INFO  State of operation 18322118 : EXECUTING
15:32:24 INFO  State of operation 18322118 : EXECUTING
15:32:26 INFO  State of operation 18322118 : EXECUTING
15:32:29 INFO  State of operation 18322118 : EXECUTING
15:32:31 INFO  State of operation 18322118 : EXECUTING
15:32:33 INFO  State of operation 18322118 : EXECUTING
15:32:35 INFO  State of operation 18322118 : EXECUTING
15:32:38 INFO  State of operation 18322118 : EXECUTING
15:32:40 INFO  State of operation 18322118 : EXECUTING
15:32:42 INFO  State of operation 18322118 : SUCCESSFUL
15:32:42 INFO  Package apple is installed
15:32:42 INFO  Assert that (True == value) with value=True ... passed
15:32:43 INFO  Package banana is installed
15:32:43 INFO  Assert that (True == value) with value=True ... passed
15:32:43 INFO  Package cherry is installed
15:32:43 INFO  Assert that (True == value) with value=True ... passed
15:32:43 INFO  Assert that (False == value) with value=False ... passed
15:32:43 INFO  Assert that (False == value) with value=False ... passed
15:32:43 INFO  
15:32:43 INFO  cleanup:
15:32:48 INFO  Executed sudo&lt;tedge_disconnect_c8y&gt;, exit status 0
15:32:48 INFO  Executed systemctl&lt;serv_mapper5&gt;, exit status 3
15:32:48 INFO  
15:32:48 INFO  Test duration: 167.05 secs
15:32:48 INFO  Test final outcome:  FAILED
15:32:48 INFO  Test outcome reason: Assert that (False == value) with value=True
15:32:48 INFO  
</system-out>
	</testcase>
</testsuite>
