<?xml version="1.0" encoding="utf-8"?>
<testsuite failures="1" name="SoftwareManagement.sm_fake_install_remove_multiple" skipped="0" tests="1" time="165.51" timestamp="2022-04-27T18:54:27">
	<testcase classname="PySysTest" name="SoftwareManagement.sm_fake_install_remove_multiple">
		<failure message="BLOCKED: SystemError: Timeout while waiting for status FAILED or SUCCESSFUL" type="BLOCKED"/>
		<system-out>18:51:42 INFO  ==============================================================
18:51:42 INFO  Id:    SoftwareManagement.sm_fake_install_remove_multiple
18:51:42 INFO  Dir:   software_management_end_to_end/
18:51:42 INFO  Title: Validate end to end behaviour for the dummy-plugin for multiple packages
18:51:42 INFO  ==============================================================
18:51:42 INFO  Using sw id database: {'asciijump': '5475369', 'robotfindskitten': '5474869', 'squirrel3': '5475279', 'rolldice': '5152439', 'moon-buggy': '5439204', 'apple': '5495053', 'banana': '5494888', 'cherry': '5495382', 'watermelon': '5494510', 'registry': '8018911', 'hello-world': '8021526', 'docker/getting-started': '8021973', 'alpine': '7991792'}
18:51:42 INFO  EnvironmentC8y Setup
18:51:42 INFO  Executed systemctl&lt;serv_mapper1&gt;, exit status 3
18:51:43 INFO  Restarting mosquitto too frequently in the last 10 seconds. It was only up for 4 seconds
18:51:43 INFO  Delaying execution by 7 seconds
18:52:04 INFO  Executed sudo&lt;tedge_connect_c8y&gt;, exit status 0, duration 14 secs
18:52:04 INFO  Executed sudo&lt;tedge_connect_c8y_test&gt;, exit status 0
18:52:05 INFO  Executed systemctl&lt;serv_mosq2&gt;, exit status 0
18:52:05 INFO  Executed systemctl&lt;serv_mapper3&gt;, exit status 0
18:52:07 INFO  State of current operation: PENDING
18:52:10 INFO  State of current operation: PENDING
18:52:12 INFO  State of current operation: PENDING
18:52:14 INFO  State of current operation: PENDING
18:52:16 INFO  State of current operation: PENDING
18:52:19 INFO  State of current operation: PENDING
18:52:21 INFO  State of current operation: PENDING
18:52:23 INFO  State of current operation: PENDING
18:52:25 INFO  State of current operation: PENDING
18:52:27 INFO  State of current operation: PENDING
18:52:30 INFO  State of current operation: PENDING
18:52:32 INFO  State of current operation: PENDING
18:52:34 INFO  State of current operation: PENDING
18:52:36 INFO  State of current operation: PENDING
18:52:39 INFO  State of current operation: PENDING
18:52:41 INFO  State of current operation: PENDING
18:52:43 INFO  State of current operation: PENDING
18:52:45 INFO  State of current operation: PENDING
18:52:47 INFO  State of current operation: PENDING
18:52:50 INFO  State of current operation: PENDING
18:52:52 INFO  State of current operation: PENDING
18:52:54 INFO  State of current operation: PENDING
18:52:56 INFO  State of current operation: PENDING
18:52:59 INFO  State of current operation: PENDING
18:53:01 INFO  State of current operation: PENDING
18:53:03 INFO  State of current operation: PENDING
18:53:05 INFO  State of current operation: PENDING
18:53:07 INFO  State of current operation: PENDING
18:53:10 INFO  State of current operation: PENDING
18:53:12 INFO  State of current operation: PENDING
18:53:14 INFO  State of current operation: PENDING
18:53:16 INFO  State of current operation: PENDING
18:53:19 INFO  State of current operation: PENDING
18:53:21 INFO  State of current operation: PENDING
18:53:23 INFO  State of current operation: PENDING
18:53:25 INFO  State of current operation: PENDING
18:53:27 INFO  State of current operation: PENDING
18:53:30 INFO  State of current operation: PENDING
18:53:32 INFO  State of current operation: PENDING
18:53:34 INFO  State of current operation: PENDING
18:53:36 INFO  State of current operation: PENDING
18:53:39 INFO  State of current operation: PENDING
18:53:41 INFO  State of current operation: PENDING
18:53:43 INFO  State of current operation: PENDING
18:53:45 INFO  State of current operation: PENDING
18:53:47 INFO  State of current operation: PENDING
18:53:50 INFO  State of current operation: PENDING
18:53:52 INFO  State of current operation: PENDING
18:53:54 INFO  State of current operation: PENDING
18:53:56 INFO  State of current operation: PENDING
18:53:58 INFO  State of current operation: PENDING
18:54:01 INFO  State of current operation: PENDING
18:54:03 INFO  State of current operation: PENDING
18:54:05 INFO  State of current operation: PENDING
18:54:07 INFO  State of current operation: PENDING
18:54:10 INFO  State of current operation: PENDING
18:54:12 INFO  State of current operation: PENDING
18:54:14 INFO  State of current operation: PENDING
18:54:16 INFO  State of current operation: PENDING
18:54:18 INFO  State of current operation: PENDING
18:54:21 INFO  State of current operation: PENDING
18:54:23 WARN  SystemError occurred while running test - Timeout while waiting for status FAILED or SUCCESSFUL
Traceback (most recent call last):
  File &quot;/home/pi/env-pysys/lib/python3.7/site-packages/pysys/baserunner.py&quot;, line 1292, in __call__
    self.testObj.setup()
  File &quot;/home/pi/actions-runner/_work/thin-edge.io/thin-edge.io/tests/PySys/software_management_end_to_end/sm_fake_install_remove_multiple/run.py&quot;, line 68, in setup
    super().setup()
  File &quot;/home/pi/actions-runner/_work/thin-edge.io/thin-edge.io/tests/PySys/software_management_end_to_end/environment_sm_management.py&quot;, line 151, in setup
    self.wait_until_end()
  File &quot;/home/pi/actions-runner/_work/thin-edge.io/thin-edge.io/tests/PySys/software_management_end_to_end/environment_sm_management.py&quot;, line 332, in wait_until_end
    self.wait_until_status(&quot;FAILED&quot;, &quot;SUCCESSFUL&quot;)
  File &quot;/home/pi/actions-runner/_work/thin-edge.io/thin-edge.io/tests/PySys/software_management_end_to_end/environment_sm_management.py&quot;, line 381, in wait_until_status
    &quot;Timeout while waiting for status %s or %s&quot; % (status, status2)
SystemError: Timeout while waiting for status FAILED or SUCCESSFUL
18:54:23 WARN  SystemError: Timeout while waiting for status FAILED or SUCCESSFUL ... blocked 
18:54:23 INFO  
18:54:23 INFO  cleanup:
18:54:27 INFO  Executed sudo&lt;tedge_disconnect_c8y&gt;, exit status 0
18:54:27 INFO  Executed systemctl&lt;serv_mapper5&gt;, exit status 3
18:54:27 INFO  
18:54:27 INFO  Test duration: 165.51 secs
18:54:27 INFO  Test final outcome:  BLOCKED
18:54:27 INFO  Test outcome reason: SystemError: Timeout while waiting for status FAILED or SUCCESSFUL
18:54:27 INFO  
</system-out>
	</testcase>
</testsuite>
