<?xml version="1.0" encoding="utf-8"?>
<testsuite failures="1" name="SoftwareManagement.sm_apt_install_remove_multiple_mixed" skipped="0" tests="1" time="164.55" timestamp="2022-04-27T14:32:42">
	<testcase classname="PySysTest" name="SoftwareManagement.sm_apt_install_remove_multiple_mixed">
		<failure message="BLOCKED: SystemError: Timeout while waiting for status FAILED or SUCCESSFUL" type="BLOCKED"/>
		<system-out>14:29:57 INFO  ==============================================================
14:29:57 INFO  Id:    SoftwareManagement.sm_apt_install_remove_multiple_mixed
14:29:57 INFO  Dir:   software_management_end_to_end/
14:29:57 INFO  Title: Validate end to end behaviour for the apt plugin for multiple packages with mixed versions
14:29:57 INFO  ==============================================================
14:29:57 INFO  Using sw id database: {'asciijump': '5475369', 'robotfindskitten': '5474869', 'squirrel3': '5475279', 'rolldice': '5152439', 'moon-buggy': '5439204', 'apple': '5495053', 'banana': '5494888', 'cherry': '5495382', 'watermelon': '5494510', 'registry': '8018911', 'hello-world': '8021526', 'docker/getting-started': '8021973', 'alpine': '7991792'}
14:29:57 INFO  EnvironmentC8y Setup
14:29:58 INFO  Executed systemctl&lt;serv_mapper1&gt;, exit status 3
14:29:58 INFO  Restarting mosquitto too frequently in the last 10 seconds. It was only up for 5 seconds
14:29:58 INFO  Delaying execution by 6 seconds
14:30:18 INFO  Executed sudo&lt;tedge_connect_c8y&gt;, exit status 0, duration 13 secs
14:30:18 INFO  Executed sudo&lt;tedge_connect_c8y_test&gt;, exit status 0
14:30:19 INFO  Executed systemctl&lt;serv_mosq2&gt;, exit status 0
14:30:19 INFO  Executed systemctl&lt;serv_mapper3&gt;, exit status 0
14:30:21 INFO  State of current operation: PENDING
14:30:24 INFO  State of current operation: PENDING
14:30:26 INFO  State of current operation: PENDING
14:30:28 INFO  State of current operation: PENDING
14:30:30 INFO  State of current operation: PENDING
14:30:33 INFO  State of current operation: PENDING
14:30:35 INFO  State of current operation: PENDING
14:30:37 INFO  State of current operation: PENDING
14:30:39 INFO  State of current operation: PENDING
14:30:41 INFO  State of current operation: PENDING
14:30:44 INFO  State of current operation: PENDING
14:30:46 INFO  State of current operation: PENDING
14:30:48 INFO  State of current operation: PENDING
14:30:50 INFO  State of current operation: PENDING
14:30:53 INFO  State of current operation: PENDING
14:30:55 INFO  State of current operation: PENDING
14:30:57 INFO  State of current operation: PENDING
14:30:59 INFO  State of current operation: PENDING
14:31:02 INFO  State of current operation: PENDING
14:31:04 INFO  State of current operation: PENDING
14:31:06 INFO  State of current operation: PENDING
14:31:08 INFO  State of current operation: PENDING
14:31:10 INFO  State of current operation: PENDING
14:31:13 INFO  State of current operation: PENDING
14:31:15 INFO  State of current operation: PENDING
14:31:17 INFO  State of current operation: PENDING
14:31:19 INFO  State of current operation: PENDING
14:31:21 INFO  State of current operation: PENDING
14:31:24 INFO  State of current operation: PENDING
14:31:26 INFO  State of current operation: PENDING
14:31:28 INFO  State of current operation: PENDING
14:31:30 INFO  State of current operation: PENDING
14:31:33 INFO  State of current operation: PENDING
14:31:35 INFO  State of current operation: PENDING
14:31:37 INFO  State of current operation: PENDING
14:31:39 INFO  State of current operation: PENDING
14:31:41 INFO  State of current operation: PENDING
14:31:44 INFO  State of current operation: PENDING
14:31:46 INFO  State of current operation: PENDING
14:31:48 INFO  State of current operation: PENDING
14:31:50 INFO  State of current operation: PENDING
14:31:53 INFO  State of current operation: PENDING
14:31:55 INFO  State of current operation: PENDING
14:31:57 INFO  State of current operation: PENDING
14:31:59 INFO  State of current operation: PENDING
14:32:02 INFO  State of current operation: PENDING
14:32:04 INFO  State of current operation: PENDING
14:32:06 INFO  State of current operation: PENDING
14:32:08 INFO  State of current operation: PENDING
14:32:10 INFO  State of current operation: PENDING
14:32:13 INFO  State of current operation: PENDING
14:32:15 INFO  State of current operation: PENDING
14:32:17 INFO  State of current operation: PENDING
14:32:19 INFO  State of current operation: PENDING
14:32:21 INFO  State of current operation: PENDING
14:32:24 INFO  State of current operation: PENDING
14:32:26 INFO  State of current operation: PENDING
14:32:28 INFO  State of current operation: PENDING
14:32:30 INFO  State of current operation: PENDING
14:32:33 INFO  State of current operation: PENDING
14:32:35 INFO  State of current operation: PENDING
14:32:37 WARN  SystemError occurred while running test - Timeout while waiting for status FAILED or SUCCESSFUL
Traceback (most recent call last):
  File &quot;/home/pi/env-pysys/lib/python3.7/site-packages/pysys/baserunner.py&quot;, line 1292, in __call__
    self.testObj.setup()
  File &quot;/home/pi/actions-runner/_work/thin-edge.io/thin-edge.io/tests/PySys/software_management_end_to_end/sm_apt_install_remove_multiple_mixed/run.py&quot;, line 73, in setup
    super().setup()
  File &quot;/home/pi/actions-runner/_work/thin-edge.io/thin-edge.io/tests/PySys/software_management_end_to_end/environment_sm_management.py&quot;, line 151, in setup
    self.wait_until_end()
  File &quot;/home/pi/actions-runner/_work/thin-edge.io/thin-edge.io/tests/PySys/software_management_end_to_end/environment_sm_management.py&quot;, line 332, in wait_until_end
    self.wait_until_status(&quot;FAILED&quot;, &quot;SUCCESSFUL&quot;)
  File &quot;/home/pi/actions-runner/_work/thin-edge.io/thin-edge.io/tests/PySys/software_management_end_to_end/environment_sm_management.py&quot;, line 381, in wait_until_status
    &quot;Timeout while waiting for status %s or %s&quot; % (status, status2)
SystemError: Timeout while waiting for status FAILED or SUCCESSFUL
14:32:37 WARN  SystemError: Timeout while waiting for status FAILED or SUCCESSFUL ... blocked 
14:32:37 INFO  
14:32:37 INFO  cleanup:
14:32:41 INFO  Executed sudo&lt;tedge_disconnect_c8y&gt;, exit status 0
14:32:42 INFO  Executed systemctl&lt;serv_mapper5&gt;, exit status 3
14:32:42 INFO  
14:32:42 INFO  Test duration: 164.55 secs
14:32:42 INFO  Test final outcome:  BLOCKED
14:32:42 INFO  Test outcome reason: SystemError: Timeout while waiting for status FAILED or SUCCESSFUL
14:32:42 INFO  
</system-out>
	</testcase>
</testsuite>
