<?xml version="1.0" encoding="utf-8"?>
<testsuite failures="1" name="SoftwareManagement.sm_apt_install_remove_multiple" skipped="0" tests="1" time="140.56" timestamp="2022-05-11T11:20:43">
	<testcase classname="PySysTest" name="SoftwareManagement.sm_apt_install_remove_multiple">
		<failure message="FAILED: Assert that (False == value) with value=True (+2 other failures)" type="FAILED"/>
		<system-out>11:18:22 INFO  ==============================================================
11:18:22 INFO  Id:    SoftwareManagement.sm_apt_install_remove_multiple
11:18:22 INFO  Dir:   software_management_end_to_end/
11:18:22 INFO  Title: Validate end to end behaviour for the apt plugin for multiple packages
11:18:22 INFO  ==============================================================
11:18:22 INFO  Using sw id database: {'asciijump': '5475369', 'robotfindskitten': '5474869', 'squirrel3': '5475279', 'rolldice': '5152439', 'moon-buggy': '5439204', 'apple': '5495053', 'banana': '5494888', 'cherry': '5495382', 'watermelon': '5494510', 'registry': '8018911', 'hello-world': '8021526', 'docker/getting-started': '8021973', 'alpine': '7991792'}
11:18:22 INFO  EnvironmentC8y Setup
11:18:23 INFO  Executed systemctl&lt;serv_mapper1&gt;, exit status 3
11:18:23 INFO  Restarting mosquitto too frequently in the last 10 seconds. It was only up for 5 seconds
11:18:23 INFO  Delaying execution by 6 seconds
11:18:43 INFO  Executed sudo&lt;tedge_connect_c8y&gt;, exit status 0, duration 13 secs
11:18:44 INFO  Executed sudo&lt;tedge_connect_c8y_test&gt;, exit status 0
11:18:44 INFO  Executed systemctl&lt;serv_mosq2&gt;, exit status 0
11:18:45 INFO  Executed systemctl&lt;serv_mapper3&gt;, exit status 0
11:18:47 INFO  State of current operation: SUCCESSFUL
11:18:47 INFO  Assert that (False == value) with value=False ... passed
11:18:47 INFO  Package asciijump is installed
11:18:48 WARN  Assert that (False == value) with value=True ... failed 
11:18:48 INFO  Package squirrel3 is installed
11:18:48 WARN  Assert that (False == value) with value=True ... failed 
11:18:48 INFO  Package robotfindskitten is installed
11:18:48 WARN  Assert that (False == value) with value=True ... failed 
11:18:48 INFO  Response status: 201
11:18:48 INFO  Response to action: {
    &quot;creationTime&quot;: &quot;2022-05-11T11:18:48.872Z&quot;,
    &quot;deviceName&quot;: &quot;m32sd10d&quot;,
    &quot;deviceId&quot;: &quot;18764683&quot;,
    &quot;self&quot;: &quot;https://t493319102.eu-latest.cumulocity.com/devicecontrol/operations/18811112&quot;,
    &quot;id&quot;: &quot;18811112&quot;,
    &quot;status&quot;: &quot;PENDING&quot;,
    &quot;description&quot;: &quot;Apply software changes, triggered from PySys: [{'action': 'install', 'id': '5475369', 'name': 'asciijump', 'url': ' ', 'version': '::apt'}, {'action': 'install', 'id': '5474869', 'name': 'robotfindskitten', 'url': ' ', 'version': '::apt'}, {'action': 'install', 'id': '5475279', 'name': 'squirrel3', 'url': ' ', 'version': '::apt'}]&quot;,
    &quot;c8y_SoftwareUpdate&quot;: [
        {
            &quot;name&quot;: &quot;asciijump&quot;,
            &quot;action&quot;: &quot;install&quot;,
            &quot;id&quot;: &quot;5475369&quot;,
            &quot;version&quot;: &quot;::apt&quot;,
            &quot;url&quot;: &quot; &quot;
        },
        {
            &quot;name&quot;: &quot;robotfindskitten&quot;,
            &quot;action&quot;: &quot;install&quot;,
            &quot;id&quot;: &quot;5474869&quot;,
            &quot;version&quot;: &quot;::apt&quot;,
            &quot;url&quot;: &quot; &quot;
        },
        {
            &quot;name&quot;: &quot;squirrel3&quot;,
            &quot;action&quot;: &quot;install&quot;,
            &quot;id&quot;: &quot;5475279&quot;,
            &quot;version&quot;: &quot;::apt&quot;,
            &quot;url&quot;: &quot; &quot;
        }
    ]
}
11:18:48 INFO  Started operation: {'creationTime': '2022-05-11T11:18:48.872Z', 'deviceName': 'm32sd10d', 'deviceId': '18764683', 'self': 'https://t493319102.eu-latest.cumulocity.com/devicecontrol/operations/18811112', 'id': '18811112', 'status': 'PENDING', 'description': &quot;Apply software changes, triggered from PySys: [{'action': 'install', 'id': '5475369', 'name': 'asciijump', 'url': ' ', 'version': '::apt'}, {'action': 'install', 'id': '5474869', 'name': 'robotfindskitten', 'url': ' ', 'version': '::apt'}, {'action': 'install', 'id': '5475279', 'name': 'squirrel3', 'url': ' ', 'version': '::apt'}]&quot;, 'c8y_SoftwareUpdate': [{'name': 'asciijump', 'action': 'install', 'id': '5475369', 'version': '::apt', 'url': ' '}, {'name': 'robotfindskitten', 'action': 'install', 'id': '5474869', 'version': '::apt', 'url': ' '}, {'name': 'squirrel3', 'action': 'install', 'id': '5475279', 'version': '::apt', 'url': ' '}]}
11:18:51 INFO  State of operation 18811112 : PENDING
11:18:53 INFO  State of operation 18811112 : EXECUTING
11:18:55 INFO  State of operation 18811112 : EXECUTING
11:18:57 INFO  State of operation 18811112 : EXECUTING
11:19:00 INFO  State of operation 18811112 : EXECUTING
11:19:02 INFO  State of operation 18811112 : EXECUTING
11:19:05 INFO  State of operation 18811112 : EXECUTING
11:19:07 INFO  State of operation 18811112 : EXECUTING
11:19:10 INFO  State of operation 18811112 : EXECUTING
11:19:12 INFO  State of operation 18811112 : EXECUTING
11:19:15 INFO  State of operation 18811112 : EXECUTING
11:19:17 INFO  State of operation 18811112 : EXECUTING
11:19:19 INFO  State of operation 18811112 : EXECUTING
11:19:21 INFO  State of operation 18811112 : EXECUTING
11:19:24 INFO  State of operation 18811112 : EXECUTING
11:19:26 INFO  State of operation 18811112 : SUCCESSFUL
11:19:26 INFO  Assert that (False == value) with value=False ... passed
11:19:26 INFO  Package asciijump is installed
11:19:26 INFO  Assert that (True == value) with value=True ... passed
11:19:26 INFO  Package squirrel3 is installed
11:19:26 INFO  Assert that (True == value) with value=True ... passed
11:19:27 INFO  Package robotfindskitten is installed
11:19:27 INFO  Assert that (True == value) with value=True ... passed
11:19:27 INFO  Response status: 201
11:19:27 INFO  Response to action: {
    &quot;creationTime&quot;: &quot;2022-05-11T11:19:27.397Z&quot;,
    &quot;deviceName&quot;: &quot;m32sd10d&quot;,
    &quot;deviceId&quot;: &quot;18764683&quot;,
    &quot;self&quot;: &quot;https://t493319102.eu-latest.cumulocity.com/devicecontrol/operations/18811122&quot;,
    &quot;id&quot;: &quot;18811122&quot;,
    &quot;status&quot;: &quot;PENDING&quot;,
    &quot;description&quot;: &quot;Apply software changes, triggered from PySys: [{'action': 'delete', 'id': '5475369', 'name': 'asciijump', 'url': ' ', 'version': '::apt'}, {'action': 'delete', 'id': '5474869', 'name': 'robotfindskitten', 'url': ' ', 'version': '::apt'}, {'action': 'delete', 'id': '5475279', 'name': 'squirrel3', 'url': ' ', 'version': '::apt'}]&quot;,
    &quot;c8y_SoftwareUpdate&quot;: [
        {
            &quot;name&quot;: &quot;asciijump&quot;,
            &quot;action&quot;: &quot;delete&quot;,
            &quot;id&quot;: &quot;5475369&quot;,
            &quot;version&quot;: &quot;::apt&quot;,
            &quot;url&quot;: &quot; &quot;
        },
        {
            &quot;name&quot;: &quot;robotfindskitten&quot;,
            &quot;action&quot;: &quot;delete&quot;,
            &quot;id&quot;: &quot;5474869&quot;,
            &quot;version&quot;: &quot;::apt&quot;,
            &quot;url&quot;: &quot; &quot;
        },
        {
            &quot;name&quot;: &quot;squirrel3&quot;,
            &quot;action&quot;: &quot;delete&quot;,
            &quot;id&quot;: &quot;5475279&quot;,
            &quot;version&quot;: &quot;::apt&quot;,
            &quot;url&quot;: &quot; &quot;
        }
    ]
}
11:19:27 INFO  Started operation: {'creationTime': '2022-05-11T11:19:27.397Z', 'deviceName': 'm32sd10d', 'deviceId': '18764683', 'self': 'https://t493319102.eu-latest.cumulocity.com/devicecontrol/operations/18811122', 'id': '18811122', 'status': 'PENDING', 'description': &quot;Apply software changes, triggered from PySys: [{'action': 'delete', 'id': '5475369', 'name': 'asciijump', 'url': ' ', 'version': '::apt'}, {'action': 'delete', 'id': '5474869', 'name': 'robotfindskitten', 'url': ' ', 'version': '::apt'}, {'action': 'delete', 'id': '5475279', 'name': 'squirrel3', 'url': ' ', 'version': '::apt'}]&quot;, 'c8y_SoftwareUpdate': [{'name': 'asciijump', 'action': 'delete', 'id': '5475369', 'version': '::apt', 'url': ' '}, {'name': 'robotfindskitten', 'action': 'delete', 'id': '5474869', 'version': '::apt', 'url': ' '}, {'name': 'squirrel3', 'action': 'delete', 'id': '5475279', 'version': '::apt', 'url': ' '}]}
11:19:29 INFO  State of operation 18811122 : PENDING
11:19:31 INFO  State of operation 18811122 : EXECUTING
11:19:34 INFO  State of operation 18811122 : EXECUTING
11:19:36 INFO  State of operation 18811122 : EXECUTING
11:19:38 INFO  State of operation 18811122 : EXECUTING
11:19:40 INFO  State of operation 18811122 : EXECUTING
11:19:43 INFO  State of operation 18811122 : EXECUTING
11:19:46 INFO  State of operation 18811122 : EXECUTING
11:19:48 INFO  State of operation 18811122 : EXECUTING
11:19:51 INFO  State of operation 18811122 : EXECUTING
11:19:53 INFO  State of operation 18811122 : EXECUTING
11:19:55 INFO  State of operation 18811122 : EXECUTING
11:19:57 INFO  State of operation 18811122 : EXECUTING
11:20:00 INFO  State of operation 18811122 : EXECUTING
11:20:02 INFO  State of operation 18811122 : EXECUTING
11:20:04 INFO  State of operation 18811122 : EXECUTING
11:20:06 INFO  State of operation 18811122 : EXECUTING
11:20:09 INFO  State of operation 18811122 : EXECUTING
11:20:12 INFO  State of operation 18811122 : EXECUTING
11:20:14 INFO  State of operation 18811122 : EXECUTING
11:20:17 INFO  State of operation 18811122 : EXECUTING
11:20:19 INFO  State of operation 18811122 : EXECUTING
11:20:21 INFO  State of operation 18811122 : EXECUTING
11:20:23 INFO  State of operation 18811122 : EXECUTING
11:20:26 INFO  State of operation 18811122 : EXECUTING
11:20:28 INFO  State of operation 18811122 : EXECUTING
11:20:31 INFO  State of operation 18811122 : EXECUTING
11:20:33 INFO  State of operation 18811122 : EXECUTING
11:20:35 INFO  State of operation 18811122 : EXECUTING
11:20:37 INFO  State of operation 18811122 : SUCCESSFUL
11:20:38 INFO  Assert that (False == value) with value=False ... passed
11:20:38 INFO  Assert that (False == value) with value=False ... passed
11:20:38 INFO  Assert that (False == value) with value=False ... passed
11:20:38 INFO  Assert that (False == value) with value=False ... passed
11:20:38 INFO  
11:20:38 INFO  cleanup:
11:20:42 INFO  Executed sudo&lt;tedge_disconnect_c8y&gt;, exit status 0
11:20:43 INFO  Executed systemctl&lt;serv_mapper5&gt;, exit status 3
11:20:43 INFO  
11:20:43 INFO  Test duration: 140.56 secs
11:20:43 INFO  Test final outcome:  FAILED
11:20:43 INFO  Test outcome reason: Assert that (False == value) with value=True (+2 other failures)
11:20:43 INFO  
</system-out>
	</testcase>
</testsuite>
