<?xml version="1.0" encoding="utf-8"?>
<testsuite failures="1" name="SoftwareManagement.sm_apt_install_remove_multiple" skipped="0" tests="1" time="138.47" timestamp="2022-05-09T15:48:20">
	<testcase classname="PySysTest" name="SoftwareManagement.sm_apt_install_remove_multiple">
		<failure message="FAILED: Assert that (False == value) with value=True (+2 other failures)" type="FAILED"/>
		<system-out>15:46:02 INFO  ==============================================================
15:46:02 INFO  Id:    SoftwareManagement.sm_apt_install_remove_multiple
15:46:02 INFO  Dir:   software_management_end_to_end/
15:46:02 INFO  Title: Validate end to end behaviour for the apt plugin for multiple packages
15:46:02 INFO  ==============================================================
15:46:02 INFO  Using sw id database: {'asciijump': '5475369', 'robotfindskitten': '5474869', 'squirrel3': '5475279', 'rolldice': '5152439', 'moon-buggy': '5439204', 'apple': '5495053', 'banana': '5494888', 'cherry': '5495382', 'watermelon': '5494510', 'registry': '8018911', 'hello-world': '8021526', 'docker/getting-started': '8021973', 'alpine': '7991792'}
15:46:02 INFO  EnvironmentC8y Setup
15:46:03 INFO  Executed systemctl&lt;serv_mapper1&gt;, exit status 3
15:46:03 INFO  Restarting mosquitto too frequently in the last 10 seconds. It was only up for 4 seconds
15:46:03 INFO  Delaying execution by 7 seconds
15:46:23 INFO  Executed sudo&lt;tedge_connect_c8y&gt;, exit status 0, duration 13 secs
15:46:24 INFO  Executed sudo&lt;tedge_connect_c8y_test&gt;, exit status 0
15:46:25 INFO  Executed systemctl&lt;serv_mosq2&gt;, exit status 0
15:46:25 INFO  Executed systemctl&lt;serv_mapper3&gt;, exit status 0
15:46:27 INFO  State of current operation: SUCCESSFUL
15:46:27 INFO  Assert that (False == value) with value=False ... passed
15:46:28 INFO  Package asciijump is installed
15:46:28 WARN  Assert that (False == value) with value=True ... failed 
15:46:28 INFO  Package squirrel3 is installed
15:46:28 WARN  Assert that (False == value) with value=True ... failed 
15:46:28 INFO  Package robotfindskitten is installed
15:46:29 WARN  Assert that (False == value) with value=True ... failed 
15:46:29 INFO  Response status: 201
15:46:29 INFO  Response to action: {
    &quot;creationTime&quot;: &quot;2022-05-09T15:46:29.194Z&quot;,
    &quot;deviceName&quot;: &quot;m32sd10d&quot;,
    &quot;deviceId&quot;: &quot;18555945&quot;,
    &quot;self&quot;: &quot;https://t493319102.eu-latest.cumulocity.com/devicecontrol/operations/18564350&quot;,
    &quot;id&quot;: &quot;18564350&quot;,
    &quot;status&quot;: &quot;PENDING&quot;,
    &quot;description&quot;: &quot;Apply software changes, triggered from PySys: [{'action': 'install', 'id': '5475369', 'name': 'asciijump', 'url': ' ', 'version': '::apt'}, {'action': 'install', 'id': '5474869', 'name': 'robotfindskitten', 'url': ' ', 'version': '::apt'}, {'action': 'install', 'id': '5475279', 'name': 'squirrel3', 'url': ' ', 'version': '::apt'}]&quot;,
    &quot;c8y_SoftwareUpdate&quot;: [
        {
            &quot;name&quot;: &quot;asciijump&quot;,
            &quot;action&quot;: &quot;install&quot;,
            &quot;id&quot;: &quot;5475369&quot;,
            &quot;version&quot;: &quot;::apt&quot;,
            &quot;url&quot;: &quot; &quot;
        },
        {
            &quot;name&quot;: &quot;robotfindskitten&quot;,
            &quot;action&quot;: &quot;install&quot;,
            &quot;id&quot;: &quot;5474869&quot;,
            &quot;version&quot;: &quot;::apt&quot;,
            &quot;url&quot;: &quot; &quot;
        },
        {
            &quot;name&quot;: &quot;squirrel3&quot;,
            &quot;action&quot;: &quot;install&quot;,
            &quot;id&quot;: &quot;5475279&quot;,
            &quot;version&quot;: &quot;::apt&quot;,
            &quot;url&quot;: &quot; &quot;
        }
    ]
}
15:46:29 INFO  Started operation: {'creationTime': '2022-05-09T15:46:29.194Z', 'deviceName': 'm32sd10d', 'deviceId': '18555945', 'self': 'https://t493319102.eu-latest.cumulocity.com/devicecontrol/operations/18564350', 'id': '18564350', 'status': 'PENDING', 'description': &quot;Apply software changes, triggered from PySys: [{'action': 'install', 'id': '5475369', 'name': 'asciijump', 'url': ' ', 'version': '::apt'}, {'action': 'install', 'id': '5474869', 'name': 'robotfindskitten', 'url': ' ', 'version': '::apt'}, {'action': 'install', 'id': '5475279', 'name': 'squirrel3', 'url': ' ', 'version': '::apt'}]&quot;, 'c8y_SoftwareUpdate': [{'name': 'asciijump', 'action': 'install', 'id': '5475369', 'version': '::apt', 'url': ' '}, {'name': 'robotfindskitten', 'action': 'install', 'id': '5474869', 'version': '::apt', 'url': ' '}, {'name': 'squirrel3', 'action': 'install', 'id': '5475279', 'version': '::apt', 'url': ' '}]}
15:46:31 INFO  State of operation 18564350 : PENDING
15:46:33 INFO  State of operation 18564350 : EXECUTING
15:46:35 INFO  State of operation 18564350 : EXECUTING
15:46:38 INFO  State of operation 18564350 : EXECUTING
15:46:40 INFO  State of operation 18564350 : EXECUTING
15:46:42 INFO  State of operation 18564350 : EXECUTING
15:46:45 INFO  State of operation 18564350 : EXECUTING
15:46:48 INFO  State of operation 18564350 : EXECUTING
15:46:50 INFO  State of operation 18564350 : EXECUTING
15:46:52 INFO  State of operation 18564350 : EXECUTING
15:46:55 INFO  State of operation 18564350 : EXECUTING
15:46:57 INFO  State of operation 18564350 : EXECUTING
15:46:59 INFO  State of operation 18564350 : EXECUTING
15:47:01 INFO  State of operation 18564350 : EXECUTING
15:47:04 INFO  State of operation 18564350 : EXECUTING
15:47:06 INFO  State of operation 18564350 : SUCCESSFUL
15:47:06 INFO  Assert that (False == value) with value=False ... passed
15:47:06 INFO  Package asciijump is installed
15:47:06 INFO  Assert that (True == value) with value=True ... passed
15:47:06 INFO  Package squirrel3 is installed
15:47:06 INFO  Assert that (True == value) with value=True ... passed
15:47:07 INFO  Package robotfindskitten is installed
15:47:07 INFO  Assert that (True == value) with value=True ... passed
15:47:07 INFO  Response status: 201
15:47:07 INFO  Response to action: {
    &quot;creationTime&quot;: &quot;2022-05-09T15:47:07.382Z&quot;,
    &quot;deviceName&quot;: &quot;m32sd10d&quot;,
    &quot;deviceId&quot;: &quot;18555945&quot;,
    &quot;self&quot;: &quot;https://t493319102.eu-latest.cumulocity.com/devicecontrol/operations/18564356&quot;,
    &quot;id&quot;: &quot;18564356&quot;,
    &quot;status&quot;: &quot;PENDING&quot;,
    &quot;description&quot;: &quot;Apply software changes, triggered from PySys: [{'action': 'delete', 'id': '5475369', 'name': 'asciijump', 'url': ' ', 'version': '::apt'}, {'action': 'delete', 'id': '5474869', 'name': 'robotfindskitten', 'url': ' ', 'version': '::apt'}, {'action': 'delete', 'id': '5475279', 'name': 'squirrel3', 'url': ' ', 'version': '::apt'}]&quot;,
    &quot;c8y_SoftwareUpdate&quot;: [
        {
            &quot;name&quot;: &quot;asciijump&quot;,
            &quot;action&quot;: &quot;delete&quot;,
            &quot;id&quot;: &quot;5475369&quot;,
            &quot;version&quot;: &quot;::apt&quot;,
            &quot;url&quot;: &quot; &quot;
        },
        {
            &quot;name&quot;: &quot;robotfindskitten&quot;,
            &quot;action&quot;: &quot;delete&quot;,
            &quot;id&quot;: &quot;5474869&quot;,
            &quot;version&quot;: &quot;::apt&quot;,
            &quot;url&quot;: &quot; &quot;
        },
        {
            &quot;name&quot;: &quot;squirrel3&quot;,
            &quot;action&quot;: &quot;delete&quot;,
            &quot;id&quot;: &quot;5475279&quot;,
            &quot;version&quot;: &quot;::apt&quot;,
            &quot;url&quot;: &quot; &quot;
        }
    ]
}
15:47:07 INFO  Started operation: {'creationTime': '2022-05-09T15:47:07.382Z', 'deviceName': 'm32sd10d', 'deviceId': '18555945', 'self': 'https://t493319102.eu-latest.cumulocity.com/devicecontrol/operations/18564356', 'id': '18564356', 'status': 'PENDING', 'description': &quot;Apply software changes, triggered from PySys: [{'action': 'delete', 'id': '5475369', 'name': 'asciijump', 'url': ' ', 'version': '::apt'}, {'action': 'delete', 'id': '5474869', 'name': 'robotfindskitten', 'url': ' ', 'version': '::apt'}, {'action': 'delete', 'id': '5475279', 'name': 'squirrel3', 'url': ' ', 'version': '::apt'}]&quot;, 'c8y_SoftwareUpdate': [{'name': 'asciijump', 'action': 'delete', 'id': '5475369', 'version': '::apt', 'url': ' '}, {'name': 'robotfindskitten', 'action': 'delete', 'id': '5474869', 'version': '::apt', 'url': ' '}, {'name': 'squirrel3', 'action': 'delete', 'id': '5475279', 'version': '::apt', 'url': ' '}]}
15:47:09 INFO  State of operation 18564356 : PENDING
15:47:11 INFO  State of operation 18564356 : EXECUTING
15:47:14 INFO  State of operation 18564356 : EXECUTING
15:47:16 INFO  State of operation 18564356 : EXECUTING
15:47:18 INFO  State of operation 18564356 : EXECUTING
15:47:20 INFO  State of operation 18564356 : EXECUTING
15:47:23 INFO  State of operation 18564356 : EXECUTING
15:47:26 INFO  State of operation 18564356 : EXECUTING
15:47:28 INFO  State of operation 18564356 : EXECUTING
15:47:31 INFO  State of operation 18564356 : EXECUTING
15:47:33 INFO  State of operation 18564356 : EXECUTING
15:47:35 INFO  State of operation 18564356 : EXECUTING
15:47:37 INFO  State of operation 18564356 : EXECUTING
15:47:40 INFO  State of operation 18564356 : EXECUTING
15:47:42 INFO  State of operation 18564356 : EXECUTING
15:47:44 INFO  State of operation 18564356 : EXECUTING
15:47:47 INFO  State of operation 18564356 : EXECUTING
15:47:49 INFO  State of operation 18564356 : EXECUTING
15:47:51 INFO  State of operation 18564356 : EXECUTING
15:47:54 INFO  State of operation 18564356 : EXECUTING
15:47:56 INFO  State of operation 18564356 : EXECUTING
15:47:58 INFO  State of operation 18564356 : EXECUTING
15:48:01 INFO  State of operation 18564356 : EXECUTING
15:48:03 INFO  State of operation 18564356 : EXECUTING
15:48:06 INFO  State of operation 18564356 : EXECUTING
15:48:08 INFO  State of operation 18564356 : EXECUTING
15:48:10 INFO  State of operation 18564356 : EXECUTING
15:48:13 INFO  State of operation 18564356 : EXECUTING
15:48:15 INFO  State of operation 18564356 : SUCCESSFUL
15:48:15 INFO  Assert that (False == value) with value=False ... passed
15:48:15 INFO  Assert that (False == value) with value=False ... passed
15:48:16 INFO  Assert that (False == value) with value=False ... passed
15:48:16 INFO  Assert that (False == value) with value=False ... passed
15:48:16 INFO  
15:48:16 INFO  cleanup:
15:48:20 INFO  Executed sudo&lt;tedge_disconnect_c8y&gt;, exit status 0
15:48:20 INFO  Executed systemctl&lt;serv_mapper5&gt;, exit status 3
15:48:20 INFO  
15:48:20 INFO  Test duration: 138.47 secs
15:48:20 INFO  Test final outcome:  FAILED
15:48:20 INFO  Test outcome reason: Assert that (False == value) with value=True (+2 other failures)
15:48:20 INFO  
</system-out>
	</testcase>
</testsuite>
