<?xml version="1.0" encoding="utf-8"?>
<testsuite failures="1" name="SoftwareManagement.sm_apt_install_remove_multiple_mixed" skipped="0" tests="1" time="177.76" timestamp="2022-04-24T13:23:54">
	<testcase classname="PySysTest" name="SoftwareManagement.sm_apt_install_remove_multiple_mixed">
		<failure message="BLOCKED: SystemError: Timeout while waiting for status SUCCESSFUL or False (+1 other failures)" type="BLOCKED"/>
		<system-out>13:20:56 INFO  ==============================================================
13:20:56 INFO  Id:    SoftwareManagement.sm_apt_install_remove_multiple_mixed
13:20:56 INFO  Dir:   software_management_end_to_end/
13:20:56 INFO  Title: Validate end to end behaviour for the apt plugin for multiple packages with mixed versions
13:20:56 INFO  ==============================================================
13:20:56 INFO  Using sw id database: {'asciijump': '5475369', 'robotfindskitten': '5474869', 'squirrel3': '5475279', 'rolldice': '5152439', 'moon-buggy': '5439204', 'apple': '5495053', 'banana': '5494888', 'cherry': '5495382', 'watermelon': '5494510', 'registry': '8018911', 'hello-world': '8021526', 'docker/getting-started': '8021973', 'alpine': '7991792'}
13:20:56 INFO  EnvironmentC8y Setup
13:20:57 INFO  Executed systemctl&lt;serv_mapper1&gt;, exit status 3
13:20:57 INFO  Restarting mosquitto too frequently in the last 10 seconds. It was only up for 5 seconds
13:20:57 INFO  Delaying execution by 6 seconds
13:21:17 INFO  Executed sudo&lt;tedge_connect_c8y&gt;, exit status 0, duration 13 secs
13:21:17 INFO  Executed sudo&lt;tedge_connect_c8y_test&gt;, exit status 0
13:21:18 INFO  Executed systemctl&lt;serv_mosq2&gt;, exit status 0
13:21:18 INFO  Executed systemctl&lt;serv_mapper3&gt;, exit status 0
13:21:20 INFO  State of current operation: SUCCESSFUL
13:21:21 INFO  Assert that (False == value) with value=False ... passed
13:21:21 INFO  Assert that (False == value) with value=False ... passed
13:21:21 INFO  Assert that (False == value) with value=False ... passed
13:21:21 INFO  Assert that (False == value) with value=False ... passed
13:21:21 INFO  Package moon-buggy is installed
13:21:22 WARN  Assert that (False == value) with value=True ... failed 
13:21:23 INFO  Response status: 201
13:21:23 INFO  Response to action: {
    &quot;creationTime&quot;: &quot;2022-04-24T13:21:23.241Z&quot;,
    &quot;deviceName&quot;: &quot;m32sd10d&quot;,
    &quot;deviceId&quot;: &quot;17612065&quot;,
    &quot;self&quot;: &quot;https://t493319102.eu-latest.cumulocity.com/devicecontrol/operations/17668769&quot;,
    &quot;id&quot;: &quot;17668769&quot;,
    &quot;status&quot;: &quot;PENDING&quot;,
    &quot;description&quot;: &quot;Apply software changes, triggered from PySys: [{'action': 'install', 'id': '5475369', 'name': 'asciijump', 'url': ' ', 'version': '::apt'}, {'action': 'install', 'id': '5474869', 'name': 'robotfindskitten', 'url': ' ', 'version': ' '}, {'action': 'install', 'id': '5475279', 'name': 'squirrel3', 'url': ' ', 'version': '3.1-7::apt'}, {'action': 'install', 'id': '5152439', 'name': 'rolldice', 'url': ' ', 'version': '1.16-1+b1'}, {'action': 'install', 'id': '5439204', 'name': 'moon-buggy', 'url': ' ', 'version': '1:1.0.51-12'}, {'action': 'install', 'id': '5475369', 'name': 'asciijump', 'url': ' ', 'version': '::apt'}]&quot;,
    &quot;c8y_SoftwareUpdate&quot;: [
        {
            &quot;name&quot;: &quot;asciijump&quot;,
            &quot;action&quot;: &quot;install&quot;,
            &quot;id&quot;: &quot;5475369&quot;,
            &quot;version&quot;: &quot;::apt&quot;,
            &quot;url&quot;: &quot; &quot;
        },
        {
            &quot;name&quot;: &quot;robotfindskitten&quot;,
            &quot;action&quot;: &quot;install&quot;,
            &quot;id&quot;: &quot;5474869&quot;,
            &quot;version&quot;: &quot; &quot;,
            &quot;url&quot;: &quot; &quot;
        },
        {
            &quot;name&quot;: &quot;squirrel3&quot;,
            &quot;action&quot;: &quot;install&quot;,
            &quot;id&quot;: &quot;5475279&quot;,
            &quot;version&quot;: &quot;3.1-7::apt&quot;,
            &quot;url&quot;: &quot; &quot;
        },
        {
            &quot;name&quot;: &quot;rolldice&quot;,
            &quot;action&quot;: &quot;install&quot;,
            &quot;id&quot;: &quot;5152439&quot;,
            &quot;version&quot;: &quot;1.16-1+b1&quot;,
            &quot;url&quot;: &quot; &quot;
        },
        {
            &quot;name&quot;: &quot;moon-buggy&quot;,
            &quot;action&quot;: &quot;install&quot;,
            &quot;id&quot;: &quot;5439204&quot;,
            &quot;version&quot;: &quot;1:1.0.51-12&quot;,
            &quot;url&quot;: &quot; &quot;
        },
        {
            &quot;name&quot;: &quot;asciijump&quot;,
            &quot;action&quot;: &quot;install&quot;,
            &quot;id&quot;: &quot;5475369&quot;,
            &quot;version&quot;: &quot;::apt&quot;,
            &quot;url&quot;: &quot; &quot;
        }
    ]
}
13:21:23 INFO  Started operation: {'creationTime': '2022-04-24T13:21:23.241Z', 'deviceName': 'm32sd10d', 'deviceId': '17612065', 'self': 'https://t493319102.eu-latest.cumulocity.com/devicecontrol/operations/17668769', 'id': '17668769', 'status': 'PENDING', 'description': &quot;Apply software changes, triggered from PySys: [{'action': 'install', 'id': '5475369', 'name': 'asciijump', 'url': ' ', 'version': '::apt'}, {'action': 'install', 'id': '5474869', 'name': 'robotfindskitten', 'url': ' ', 'version': ' '}, {'action': 'install', 'id': '5475279', 'name': 'squirrel3', 'url': ' ', 'version': '3.1-7::apt'}, {'action': 'install', 'id': '5152439', 'name': 'rolldice', 'url': ' ', 'version': '1.16-1+b1'}, {'action': 'install', 'id': '5439204', 'name': 'moon-buggy', 'url': ' ', 'version': '1:1.0.51-12'}, {'action': 'install', 'id': '5475369', 'name': 'asciijump', 'url': ' ', 'version': '::apt'}]&quot;, 'c8y_SoftwareUpdate': [{'name': 'asciijump', 'action': 'install', 'id': '5475369', 'version': '::apt', 'url': ' '}, {'name': 'robotfindskitten', 'action': 'install', 'id': '5474869', 'version': ' ', 'url': ' '}, {'name': 'squirrel3', 'action': 'install', 'id': '5475279', 'version': '3.1-7::apt', 'url': ' '}, {'name': 'rolldice', 'action': 'install', 'id': '5152439', 'version': '1.16-1+b1', 'url': ' '}, {'name': 'moon-buggy', 'action': 'install', 'id': '5439204', 'version': '1:1.0.51-12', 'url': ' '}, {'name': 'asciijump', 'action': 'install', 'id': '5475369', 'version': '::apt', 'url': ' '}]}
13:21:25 INFO  State of operation 17668769 : PENDING
13:21:27 INFO  State of operation 17668769 : EXECUTING
13:21:29 INFO  State of operation 17668769 : EXECUTING
13:21:32 INFO  State of operation 17668769 : EXECUTING
13:21:34 INFO  State of operation 17668769 : EXECUTING
13:21:36 INFO  State of operation 17668769 : EXECUTING
13:21:39 INFO  State of operation 17668769 : EXECUTING
13:21:42 INFO  State of operation 17668769 : EXECUTING
13:21:44 INFO  State of operation 17668769 : EXECUTING
13:21:46 INFO  State of operation 17668769 : EXECUTING
13:21:49 INFO  State of operation 17668769 : EXECUTING
13:21:51 INFO  State of operation 17668769 : EXECUTING
13:21:53 INFO  State of operation 17668769 : EXECUTING
13:21:55 INFO  State of operation 17668769 : EXECUTING
13:21:58 INFO  State of operation 17668769 : EXECUTING
13:22:00 INFO  State of operation 17668769 : EXECUTING
13:22:02 INFO  State of operation 17668769 : EXECUTING
13:22:04 INFO  State of operation 17668769 : EXECUTING
13:22:07 INFO  State of operation 17668769 : EXECUTING
13:22:09 INFO  State of operation 17668769 : EXECUTING
13:22:12 INFO  State of operation 17668769 : EXECUTING
13:22:14 INFO  State of operation 17668769 : EXECUTING
13:22:16 INFO  State of operation 17668769 : EXECUTING
13:22:19 INFO  State of operation 17668769 : EXECUTING
13:22:21 INFO  State of operation 17668769 : EXECUTING
13:22:23 INFO  State of operation 17668769 : EXECUTING
13:22:26 INFO  State of operation 17668769 : EXECUTING
13:22:28 INFO  State of operation 17668769 : EXECUTING
13:22:31 INFO  State of operation 17668769 : EXECUTING
13:22:33 INFO  State of operation 17668769 : EXECUTING
13:22:35 INFO  State of operation 17668769 : EXECUTING
13:22:38 INFO  State of operation 17668769 : EXECUTING
13:22:40 INFO  State of operation 17668769 : EXECUTING
13:22:42 INFO  State of operation 17668769 : EXECUTING
13:22:44 INFO  State of operation 17668769 : EXECUTING
13:22:47 INFO  State of operation 17668769 : EXECUTING
13:22:49 INFO  State of operation 17668769 : EXECUTING
13:22:51 INFO  State of operation 17668769 : EXECUTING
13:22:54 INFO  State of operation 17668769 : EXECUTING
13:22:56 INFO  State of operation 17668769 : EXECUTING
13:22:59 INFO  State of operation 17668769 : EXECUTING
13:23:01 INFO  State of operation 17668769 : EXECUTING
13:23:03 INFO  State of operation 17668769 : EXECUTING
13:23:06 INFO  State of operation 17668769 : EXECUTING
13:23:08 INFO  State of operation 17668769 : EXECUTING
13:23:10 INFO  State of operation 17668769 : EXECUTING
13:23:12 INFO  State of operation 17668769 : EXECUTING
13:23:15 INFO  State of operation 17668769 : EXECUTING
13:23:17 INFO  State of operation 17668769 : EXECUTING
13:23:20 INFO  State of operation 17668769 : EXECUTING
13:23:22 INFO  State of operation 17668769 : EXECUTING
13:23:24 INFO  State of operation 17668769 : EXECUTING
13:23:26 INFO  State of operation 17668769 : EXECUTING
13:23:29 INFO  State of operation 17668769 : EXECUTING
13:23:31 INFO  State of operation 17668769 : EXECUTING
13:23:34 INFO  State of operation 17668769 : EXECUTING
13:23:36 INFO  State of operation 17668769 : EXECUTING
13:23:38 INFO  State of operation 17668769 : EXECUTING
13:23:41 INFO  State of operation 17668769 : EXECUTING
13:23:43 INFO  State of operation 17668769 : EXECUTING
13:23:45 INFO  State of operation 17668769 : EXECUTING
13:23:47 WARN  SystemError occurred while running test - Timeout while waiting for status SUCCESSFUL or False
Traceback (most recent call last):
  File &quot;/home/pi/env-pysys/lib/python3.7/site-packages/pysys/baserunner.py&quot;, line 1294, in __call__
    self.testObj.execute()
  File &quot;/home/pi/actions-runner/_work/thin-edge.io/thin-edge.io/tests/PySys/software_management_end_to_end/sm_apt_install_remove_multiple_mixed/run.py&quot;, line 89, in execute
    self.wait_until_succcess()
  File &quot;/home/pi/actions-runner/_work/thin-edge.io/thin-edge.io/tests/PySys/software_management_end_to_end/environment_sm_management.py&quot;, line 324, in wait_until_succcess
    self.wait_until_status(&quot;SUCCESSFUL&quot;)
  File &quot;/home/pi/actions-runner/_work/thin-edge.io/thin-edge.io/tests/PySys/software_management_end_to_end/environment_sm_management.py&quot;, line 381, in wait_until_status
    &quot;Timeout while waiting for status %s or %s&quot; % (status, status2)
SystemError: Timeout while waiting for status SUCCESSFUL or False
13:23:47 WARN  SystemError: Timeout while waiting for status SUCCESSFUL or False ... blocked 
13:23:47 INFO  
13:23:47 INFO  cleanup:
13:23:53 INFO  Executed sudo&lt;tedge_disconnect_c8y&gt;, exit status 0
13:23:54 INFO  Executed systemctl&lt;serv_mapper5&gt;, exit status 3
13:23:54 INFO  
13:23:54 INFO  Test duration: 177.76 secs
13:23:54 INFO  Test final outcome:  BLOCKED
13:23:54 INFO  Test outcome reason: SystemError: Timeout while waiting for status SUCCESSFUL or False (+1 other failures)
13:23:54 INFO  
</system-out>
	</testcase>
</testsuite>
