<?xml version="1.0" encoding="utf-8"?>
<testsuite failures="1" name="SoftwareManagement.sm_apt_install_remove_default" skipped="0" tests="1" time="165.45" timestamp="2022-04-27T14:27:12">
	<testcase classname="PySysTest" name="SoftwareManagement.sm_apt_install_remove_default">
		<failure message="BLOCKED: SystemError: Timeout while waiting for status FAILED or SUCCESSFUL" type="BLOCKED"/>
		<system-out>14:24:27 INFO  ==============================================================
14:24:27 INFO  Id:    SoftwareManagement.sm_apt_install_remove_default
14:24:27 INFO  Dir:   software_management_end_to_end/
14:24:27 INFO  Title: Validate end to end behaviour for the default plugin for installation and removal of packages
14:24:27 INFO  ==============================================================
14:24:27 INFO  Using sw id database: {'asciijump': '5475369', 'robotfindskitten': '5474869', 'squirrel3': '5475279', 'rolldice': '5152439', 'moon-buggy': '5439204', 'apple': '5495053', 'banana': '5494888', 'cherry': '5495382', 'watermelon': '5494510', 'registry': '8018911', 'hello-world': '8021526', 'docker/getting-started': '8021973', 'alpine': '7991792'}
14:24:27 INFO  EnvironmentC8y Setup
14:24:27 INFO  Executed systemctl&lt;serv_mapper1&gt;, exit status 3
14:24:28 INFO  Restarting mosquitto too frequently in the last 10 seconds. It was only up for 4 seconds
14:24:28 INFO  Delaying execution by 7 seconds
14:24:49 INFO  Executed sudo&lt;tedge_connect_c8y&gt;, exit status 0, duration 13 secs
14:24:49 INFO  Executed sudo&lt;tedge_connect_c8y_test&gt;, exit status 0
14:24:50 INFO  Executed systemctl&lt;serv_mosq2&gt;, exit status 0
14:24:50 INFO  Executed systemctl&lt;serv_mapper3&gt;, exit status 0
14:24:52 INFO  State of current operation: PENDING
14:24:55 INFO  State of current operation: PENDING
14:24:57 INFO  State of current operation: PENDING
14:24:59 INFO  State of current operation: PENDING
14:25:01 INFO  State of current operation: PENDING
14:25:03 INFO  State of current operation: PENDING
14:25:06 INFO  State of current operation: PENDING
14:25:08 INFO  State of current operation: PENDING
14:25:10 INFO  State of current operation: PENDING
14:25:12 INFO  State of current operation: PENDING
14:25:15 INFO  State of current operation: PENDING
14:25:17 INFO  State of current operation: PENDING
14:25:19 INFO  State of current operation: PENDING
14:25:21 INFO  State of current operation: PENDING
14:25:23 INFO  State of current operation: PENDING
14:25:26 INFO  State of current operation: PENDING
14:25:28 INFO  State of current operation: PENDING
14:25:30 INFO  State of current operation: PENDING
14:25:32 INFO  State of current operation: PENDING
14:25:35 INFO  State of current operation: PENDING
14:25:37 INFO  State of current operation: PENDING
14:25:39 INFO  State of current operation: PENDING
14:25:41 INFO  State of current operation: PENDING
14:25:43 INFO  State of current operation: PENDING
14:25:46 INFO  State of current operation: PENDING
14:25:48 INFO  State of current operation: PENDING
14:25:50 INFO  State of current operation: PENDING
14:25:52 INFO  State of current operation: PENDING
14:25:54 INFO  State of current operation: PENDING
14:25:57 INFO  State of current operation: PENDING
14:25:59 INFO  State of current operation: PENDING
14:26:01 INFO  State of current operation: PENDING
14:26:03 INFO  State of current operation: PENDING
14:26:06 INFO  State of current operation: PENDING
14:26:08 INFO  State of current operation: PENDING
14:26:10 INFO  State of current operation: PENDING
14:26:12 INFO  State of current operation: PENDING
14:26:14 INFO  State of current operation: PENDING
14:26:17 INFO  State of current operation: PENDING
14:26:19 INFO  State of current operation: PENDING
14:26:21 INFO  State of current operation: PENDING
14:26:23 INFO  State of current operation: PENDING
14:26:26 INFO  State of current operation: PENDING
14:26:28 INFO  State of current operation: PENDING
14:26:30 INFO  State of current operation: PENDING
14:26:32 INFO  State of current operation: PENDING
14:26:34 INFO  State of current operation: PENDING
14:26:37 INFO  State of current operation: PENDING
14:26:39 INFO  State of current operation: PENDING
14:26:41 INFO  State of current operation: PENDING
14:26:43 INFO  State of current operation: PENDING
14:26:46 INFO  State of current operation: PENDING
14:26:48 INFO  State of current operation: PENDING
14:26:50 INFO  State of current operation: PENDING
14:26:52 INFO  State of current operation: PENDING
14:26:54 INFO  State of current operation: PENDING
14:26:57 INFO  State of current operation: PENDING
14:26:59 INFO  State of current operation: PENDING
14:27:01 INFO  State of current operation: PENDING
14:27:03 INFO  State of current operation: PENDING
14:27:05 INFO  State of current operation: PENDING
14:27:08 WARN  SystemError occurred while running test - Timeout while waiting for status FAILED or SUCCESSFUL
Traceback (most recent call last):
  File &quot;/home/pi/env-pysys/lib/python3.7/site-packages/pysys/baserunner.py&quot;, line 1292, in __call__
    self.testObj.setup()
  File &quot;/home/pi/actions-runner/_work/thin-edge.io/thin-edge.io/tests/PySys/software_management_end_to_end/sm_apt_install_remove_default/run.py&quot;, line 26, in setup
    super().setup()
  File &quot;/home/pi/actions-runner/_work/thin-edge.io/thin-edge.io/tests/PySys/software_management_end_to_end/environment_sm_management.py&quot;, line 151, in setup
    self.wait_until_end()
  File &quot;/home/pi/actions-runner/_work/thin-edge.io/thin-edge.io/tests/PySys/software_management_end_to_end/environment_sm_management.py&quot;, line 332, in wait_until_end
    self.wait_until_status(&quot;FAILED&quot;, &quot;SUCCESSFUL&quot;)
  File &quot;/home/pi/actions-runner/_work/thin-edge.io/thin-edge.io/tests/PySys/software_management_end_to_end/environment_sm_management.py&quot;, line 381, in wait_until_status
    &quot;Timeout while waiting for status %s or %s&quot; % (status, status2)
SystemError: Timeout while waiting for status FAILED or SUCCESSFUL
14:27:08 WARN  SystemError: Timeout while waiting for status FAILED or SUCCESSFUL ... blocked 
14:27:08 INFO  
14:27:08 INFO  cleanup:
14:27:12 INFO  Executed sudo&lt;tedge_disconnect_c8y&gt;, exit status 0
14:27:12 INFO  Executed systemctl&lt;serv_mapper5&gt;, exit status 3
14:27:12 INFO  
14:27:12 INFO  Test duration: 165.45 secs
14:27:12 INFO  Test final outcome:  BLOCKED
14:27:12 INFO  Test outcome reason: SystemError: Timeout while waiting for status FAILED or SUCCESSFUL
14:27:12 INFO  
</system-out>
	</testcase>
</testsuite>
