<?xml version="1.0" encoding="utf-8"?>
<testsuite failures="1" name="SoftwareManagement.sm_docker_install_remove_multiple" skipped="0" tests="1" time="164.74" timestamp="2022-04-27T14:38:12">
	<testcase classname="SMDockerInstallRemove" name="SoftwareManagement.sm_docker_install_remove_multiple">
		<failure message="BLOCKED: SystemError: Timeout while waiting for status FAILED or SUCCESSFUL" type="BLOCKED"/>
		<system-out>14:35:27 INFO  ==============================================================
14:35:27 INFO  Id:    SoftwareManagement.sm_docker_install_remove_multiple
14:35:27 INFO  Dir:   software_management_end_to_end/
14:35:27 INFO  Title: Validate end to end behaviour for the docker plugin for multiple docker images with mixed versions
14:35:27 INFO  ==============================================================
14:35:27 INFO  Using sw id database: {'asciijump': '5475369', 'robotfindskitten': '5474869', 'squirrel3': '5475279', 'rolldice': '5152439', 'moon-buggy': '5439204', 'apple': '5495053', 'banana': '5494888', 'cherry': '5495382', 'watermelon': '5494510', 'registry': '8018911', 'hello-world': '8021526', 'docker/getting-started': '8021973', 'alpine': '7991792'}
14:35:27 INFO  EnvironmentC8y Setup
14:35:28 INFO  Executed systemctl&lt;serv_mapper1&gt;, exit status 3
14:35:28 INFO  Restarting mosquitto too frequently in the last 10 seconds. It was only up for 5 seconds
14:35:28 INFO  Delaying execution by 6 seconds
14:35:48 INFO  Executed sudo&lt;tedge_connect_c8y&gt;, exit status 0, duration 14 secs
14:35:49 INFO  Executed sudo&lt;tedge_connect_c8y_test&gt;, exit status 0
14:35:49 INFO  Executed systemctl&lt;serv_mosq2&gt;, exit status 0
14:35:50 INFO  Executed systemctl&lt;serv_mapper3&gt;, exit status 0
14:35:52 INFO  State of current operation: PENDING
14:35:54 INFO  State of current operation: PENDING
14:35:56 INFO  State of current operation: PENDING
14:35:58 INFO  State of current operation: PENDING
14:36:01 INFO  State of current operation: PENDING
14:36:03 INFO  State of current operation: PENDING
14:36:05 INFO  State of current operation: PENDING
14:36:07 INFO  State of current operation: PENDING
14:36:10 INFO  State of current operation: PENDING
14:36:12 INFO  State of current operation: PENDING
14:36:14 INFO  State of current operation: PENDING
14:36:16 INFO  State of current operation: PENDING
14:36:18 INFO  State of current operation: PENDING
14:36:21 INFO  State of current operation: PENDING
14:36:23 INFO  State of current operation: PENDING
14:36:25 INFO  State of current operation: PENDING
14:36:27 INFO  State of current operation: PENDING
14:36:30 INFO  State of current operation: PENDING
14:36:32 INFO  State of current operation: PENDING
14:36:34 INFO  State of current operation: PENDING
14:36:36 INFO  State of current operation: PENDING
14:36:38 INFO  State of current operation: PENDING
14:36:41 INFO  State of current operation: PENDING
14:36:43 INFO  State of current operation: PENDING
14:36:45 INFO  State of current operation: PENDING
14:36:47 INFO  State of current operation: PENDING
14:36:50 INFO  State of current operation: PENDING
14:36:52 INFO  State of current operation: PENDING
14:36:54 INFO  State of current operation: PENDING
14:36:56 INFO  State of current operation: PENDING
14:36:58 INFO  State of current operation: PENDING
14:37:01 INFO  State of current operation: PENDING
14:37:03 INFO  State of current operation: PENDING
14:37:05 INFO  State of current operation: PENDING
14:37:07 INFO  State of current operation: PENDING
14:37:10 INFO  State of current operation: PENDING
14:37:12 INFO  State of current operation: PENDING
14:37:14 INFO  State of current operation: PENDING
14:37:16 INFO  State of current operation: PENDING
14:37:18 INFO  State of current operation: PENDING
14:37:21 INFO  State of current operation: PENDING
14:37:23 INFO  State of current operation: PENDING
14:37:25 INFO  State of current operation: PENDING
14:37:27 INFO  State of current operation: PENDING
14:37:30 INFO  State of current operation: PENDING
14:37:32 INFO  State of current operation: PENDING
14:37:34 INFO  State of current operation: PENDING
14:37:36 INFO  State of current operation: PENDING
14:37:38 INFO  State of current operation: PENDING
14:37:41 INFO  State of current operation: PENDING
14:37:43 INFO  State of current operation: PENDING
14:37:45 INFO  State of current operation: PENDING
14:37:47 INFO  State of current operation: PENDING
14:37:50 INFO  State of current operation: PENDING
14:37:52 INFO  State of current operation: PENDING
14:37:54 INFO  State of current operation: PENDING
14:37:56 INFO  State of current operation: PENDING
14:37:58 INFO  State of current operation: PENDING
14:38:01 INFO  State of current operation: PENDING
14:38:03 INFO  State of current operation: PENDING
14:38:05 INFO  State of current operation: PENDING
14:38:07 WARN  SystemError occurred while running test - Timeout while waiting for status FAILED or SUCCESSFUL
Traceback (most recent call last):
  File &quot;/home/pi/env-pysys/lib/python3.7/site-packages/pysys/baserunner.py&quot;, line 1292, in __call__
    self.testObj.setup()
  File &quot;/home/pi/actions-runner/_work/thin-edge.io/thin-edge.io/tests/PySys/software_management_end_to_end/sm_docker_install_remove_multiple/run.py&quot;, line 29, in setup
    super().setup()
  File &quot;/home/pi/actions-runner/_work/thin-edge.io/thin-edge.io/tests/PySys/software_management_end_to_end/environment_sm_management.py&quot;, line 151, in setup
    self.wait_until_end()
  File &quot;/home/pi/actions-runner/_work/thin-edge.io/thin-edge.io/tests/PySys/software_management_end_to_end/environment_sm_management.py&quot;, line 332, in wait_until_end
    self.wait_until_status(&quot;FAILED&quot;, &quot;SUCCESSFUL&quot;)
  File &quot;/home/pi/actions-runner/_work/thin-edge.io/thin-edge.io/tests/PySys/software_management_end_to_end/environment_sm_management.py&quot;, line 381, in wait_until_status
    &quot;Timeout while waiting for status %s or %s&quot; % (status, status2)
SystemError: Timeout while waiting for status FAILED or SUCCESSFUL
14:38:07 WARN  SystemError: Timeout while waiting for status FAILED or SUCCESSFUL ... blocked 
14:38:07 INFO  
14:38:07 INFO  cleanup:
14:38:11 INFO  Executed sudo&lt;tedge_disconnect_c8y&gt;, exit status 0
14:38:12 INFO  Executed systemctl&lt;serv_mapper5&gt;, exit status 3
14:38:12 INFO  
14:38:12 INFO  Test duration: 164.74 secs
14:38:12 INFO  Test final outcome:  BLOCKED
14:38:12 INFO  Test outcome reason: SystemError: Timeout while waiting for status FAILED or SUCCESSFUL
14:38:12 INFO  
</system-out>
	</testcase>
</testsuite>
