<?xml version="1.0" encoding="utf-8"?>
<testsuite failures="0" name="apt_sequence_remove" skipped="1" tests="1" time="0.02" timestamp="2022-04-27T10:29:49">
	<testcase classname="AptPluginInstallPrepareRemoveFinalize" name="apt_sequence_remove">
		<skipped message="SKIPPED: Testing the apt plugin is not supported on this platform.To run the tests call PySys with -XmyPlatform='container'"/>
		<system-out>10:29:49 INFO  ==============================================================
10:29:49 INFO  Id:    apt_sequence_remove
10:29:49 INFO  Dir:   plugin_apt/
10:29:49 INFO  Title: Validate apt plugin prepare install remove finalize use case
10:29:49 INFO  ==============================================================
10:29:49 INFO  Testing the apt plugin is not supported on this platform.To run the tests call PySys with -XmyPlatform='container' ... skipped
10:29:49 WARN  Aborted test due to SKIPPED outcome
10:29:49 INFO  
10:29:49 INFO  Test duration: 0.02 secs
10:29:49 INFO  Test final outcome:  SKIPPED
10:29:49 INFO  Test outcome reason: Testing the apt plugin is not supported on this platform.To run the tests call PySys with -XmyPlatform='container'
10:29:49 INFO  
</system-out>
	</testcase>
</testsuite>
