<?xml version="1.0" encoding="utf-8"?>
<testsuite failures="1" name="tedge_mapper_c8y_packet_threshold_size" skipped="0" tests="1" time="2.89" timestamp="2022-05-02T10:39:08">
	<testcase classname="TedgeMapperC8yThresholdPacketSize" name="tedge_mapper_c8y_packet_threshold_size">
		<failure message="FAILED: Grep on tedge_sub.out contains &quot;The size of the message received on tedge/measurements is 20489 which is greater than the threshold size of 16184.&quot;" type="FAILED"/>
		<system-out>10:39:05 INFO  ==============================================================
10:39:05 INFO  Id:    tedge_mapper_c8y_packet_threshold_size
10:39:05 INFO  Dir:   tedge_mapper_c8y/
10:39:05 INFO  Title: Validate the Cumulocity Mapper accepted threshold packet size when it receives a message on tedge/measurements
10:39:05 INFO  ==============================================================
10:39:06 INFO  Executed sudo&lt;tedge_mapper_c8y&gt;, exit status 0
10:39:06 INFO  Started sudo&lt;tedge_sub&gt; with process id 18533
10:39:06 INFO  Executed sudo&lt;tedge_msg&gt;, exit status 0
10:39:07 INFO  Executed sudo&lt;tedge_pub&gt;, exit status 0
10:39:07 INFO  Executed sudo&lt;kill_out&gt;, exit status 0
10:39:07 WARN  Grep on tedge_sub.out contains &quot;The size of the message received on tedge/measurements is 20489 which is greater than the threshold size of 16184.&quot; ... failed [run.py:88]
10:39:07 INFO  
10:39:07 INFO  cleanup:
10:39:07 INFO  mapper_cleanup
10:39:08 INFO  Executed sudo&lt;tedge_mapper_c8y&gt;, exit status 0
10:39:08 INFO  
10:39:08 INFO  Test duration: 2.89 secs
10:39:08 INFO  Test final outcome:  FAILED
10:39:08 INFO  Test outcome reason: Grep on tedge_sub.out contains &quot;The size of the message received on tedge/measurements is 20489 which is greater than the threshold size of 16184.&quot;
10:39:08 INFO  
</system-out>
	</testcase>
</testsuite>
