<?xml version="1.0" encoding="utf-8"?>
<testsuite failures="0" name="apt_prepare" skipped="1" tests="1" time="0.02" timestamp="2022-04-27T17:31:10">
	<testcase classname="AptPluginPrepare" name="apt_prepare">
		<skipped message="SKIPPED: Testing the apt plugin is not supported on this platform.To run the tests call PySys with -XmyPlatform='container'"/>
		<system-out>17:31:10 INFO  ==============================================================
17:31:10 INFO  Id:    apt_prepare
17:31:10 INFO  Dir:   plugin_apt/
17:31:10 INFO  Title: Validate apt plugin install - dense version
17:31:10 INFO  ==============================================================
17:31:10 INFO  Testing the apt plugin is not supported on this platform.To run the tests call PySys with -XmyPlatform='container' ... skipped
17:31:10 WARN  Aborted test due to SKIPPED outcome
17:31:10 INFO  
17:31:10 INFO  Test duration: 0.02 secs
17:31:10 INFO  Test final outcome:  SKIPPED
17:31:10 INFO  Test outcome reason: Testing the apt plugin is not supported on this platform.To run the tests call PySys with -XmyPlatform='container'
17:31:10 INFO  
</system-out>
	</testcase>
</testsuite>
