<?xml version="1.0" encoding="utf-8"?>
<testsuite failures="0" name="SoftwareManagement.sm_docker_install_remove_multiple" skipped="1" tests="1" time="0.05" timestamp="2022-05-06T13:21:59">
	<testcase classname="SMDockerInstallRemove" name="SoftwareManagement.sm_docker_install_remove_multiple">
		<skipped message="SKIPPED: Testing the apt plugin is not supported on this platform.Use parameter -XmyPlatform='container' to enable it"/>
		<system-out>13:21:59 INFO  ==============================================================
13:21:59 INFO  Id:    SoftwareManagement.sm_docker_install_remove_multiple
13:21:59 INFO  Dir:   software_management_end_to_end/
13:21:59 INFO  Title: Validate end to end behaviour for the docker plugin for multiple docker images with mixed versions
13:21:59 INFO  ==============================================================
13:21:59 INFO  Testing the apt plugin is not supported on this platform.Use parameter -XmyPlatform='container' to enable it ... skipped
13:21:59 WARN  Aborted test due to SKIPPED outcome
13:21:59 INFO  
13:21:59 INFO  Test duration: 0.05 secs
13:21:59 INFO  Test final outcome:  SKIPPED
13:21:59 INFO  Test outcome reason: Testing the apt plugin is not supported on this platform.Use parameter -XmyPlatform='container' to enable it
13:21:59 INFO  
</system-out>
	</testcase>
</testsuite>
