<?xml version="1.0" encoding="utf-8"?>
<testsuite failures="1" name="valid_device_id" skipped="0" tests="1" time="14.88" timestamp="2022-05-02T10:24:13">
	<testcase classname="ValidateValidDeviceId" name="valid_device_id">
		<failure message="BLOCKED: sudo&lt;tedge_connect_c8y&gt; returned non-zero exit code 1" type="BLOCKED"/>
		<system-out>10:23:58 INFO  ==============================================================
10:23:58 INFO  Id:    valid_device_id
10:23:58 INFO  Dir:   misc_features/
10:23:58 INFO  Title: Valid device ID
10:23:58 INFO  ==============================================================
10:23:58 INFO  Restarting mosquitto too frequently in the last 10 seconds. It was only up for 5 seconds
10:23:58 INFO  Delaying execution by 6 seconds
10:24:05 INFO  Executed sudo&lt;tedge_disconnect_c8y&gt;, exit status 0
10:24:05 INFO  Executed sudo&lt;create_cert_dir&gt;, exit status 0
10:24:06 INFO  Executed sudo&lt;change_owner_of_dir&gt;, exit status 0
10:24:06 INFO  Executed sudo&lt;set_cert_path&gt;, exit status 0
10:24:07 INFO  Executed sudo&lt;set_key_path&gt;, exit status 0
10:24:07 INFO  Executed sudo&lt;cert_create&gt;, exit status 0
10:24:08 INFO  Executed sudo&lt;cert_upload&gt;, exit status 0
10:24:11 WARN  Executed sudo&lt;tedge_connect_c8y&gt;, exit status 1
10:24:11 INFO  Contents of tedge_connect_c8y.err: 
  ERROR: MqttState(Unsolicited(2))
  Error: failed to connect Cumulocity cloud.
  Caused by:
      Connection check failed
  -----

10:24:11 WARN  sudo&lt;tedge_connect_c8y&gt; returned non-zero exit code 1 ... blocked [environment_tedge.py:58,run.py:100]
10:24:11 WARN  Aborted test due to BLOCKED outcome
10:24:11 INFO  
10:24:11 INFO  cleanup:
10:24:11 INFO  Executed sudo&lt;tedge_disconnect_c8y&gt;, exit status 0
10:24:12 INFO  Executed sudo&lt;unset_cert_path&gt;, exit status 0
10:24:12 INFO  Executed sudo&lt;unset_key_path&gt;, exit status 0
10:24:13 INFO  Executed sudo&lt;remove_cert_dir&gt;, exit status 0
10:24:13 INFO  
10:24:13 INFO  Test duration: 14.88 secs
10:24:13 INFO  Test final outcome:  BLOCKED
10:24:13 INFO  Test outcome reason: sudo&lt;tedge_connect_c8y&gt; returned non-zero exit code 1
10:24:13 INFO  
</system-out>
	</testcase>
</testsuite>
