<?xml version="1.0" encoding="utf-8"?>
<testsuite failures="1" name="mapper_awaits_before_reconnect" skipped="0" tests="1" time="7.96" timestamp="2022-05-11T10:23:10">
	<testcase classname="MapperReconnectAwait" name="mapper_awaits_before_reconnect">
		<failure message="FAILED: Line count on tedge_mapper_journal.out for &quot;tedge_mapper::core::mapper: MQTT connection error:&quot; expected &gt;=2 but got 0" type="FAILED"/>
		<system-out>10:23:02 INFO  ==============================================================
10:23:02 INFO  Id:    mapper_awaits_before_reconnect
10:23:02 INFO  Dir:   tedge_mapper_c8y/
10:23:02 INFO  Title: Validate mapper doesn't reconnect too often
10:23:02 INFO  ==============================================================
10:23:02 INFO  Started mosquitto_sub with process id 25824
10:23:02 INFO  Waiting for 0.1 seconds
10:23:02 INFO  Executed sudo&lt;tedge_mapper&gt;, exit status 0
10:23:02 INFO  Waiting for 5.0 seconds
10:23:08 INFO  Executed sudo&lt;tedge_mapper&gt;, exit status 0
10:23:10 INFO  Executed sudo&lt;tedge_mapper_journal&gt;, exit status 0
10:23:10 WARN  Grep on tedge_mapper_journal.out contains &quot;ERROR&quot; ... failed [run.py:67]
10:23:10 INFO  Line count on file tedge_mapper_journal.out ... passed
10:23:10 WARN  Line count on tedge_mapper_journal.out for &quot;tedge_mapper::core::mapper: MQTT connection error:&quot; expected &gt;=2 but got 0 ... failed [run.py:78]
10:23:10 WARN  Aborted test due to FAILED outcome
10:23:10 INFO  
10:23:10 INFO  Test duration: 7.96 secs
10:23:10 INFO  Test final outcome:  FAILED
10:23:10 INFO  Test outcome reason: Line count on tedge_mapper_journal.out for &quot;tedge_mapper::core::mapper: MQTT connection error:&quot; expected &gt;=2 but got 0
10:23:10 INFO  
</system-out>
	</testcase>
</testsuite>
