<?xml version="1.0" encoding="utf-8"?>
<testsuite failures="0" name="docker_plugin_finalize" skipped="1" tests="1" time="0.05" timestamp="2022-05-12T08:54:34">
	<testcase classname="DockerPluginFinalizeTest" name="docker_plugin_finalize">
		<skipped message="SKIPPED: Testing the docker plugin is not supported on this platform.To run it, all the test with -XmyPlatform='container'"/>
		<system-out>08:54:34 INFO  ==============================================================
08:54:34 INFO  Id:    docker_plugin_finalize
08:54:34 INFO  Dir:   plugin_docker/
08:54:34 INFO  Title: Validate docker plugin finalize command
08:54:34 INFO  ==============================================================
08:54:34 INFO  Testing the docker plugin is not supported on this platform.To run it, all the test with -XmyPlatform='container' ... skipped
08:54:34 WARN  Aborted test due to SKIPPED outcome
08:54:34 INFO  
08:54:34 INFO  Test duration: 0.05 secs
08:54:34 INFO  Test final outcome:  SKIPPED
08:54:34 INFO  Test outcome reason: Testing the docker plugin is not supported on this platform.To run it, all the test with -XmyPlatform='container'
08:54:34 INFO  
</system-out>
	</testcase>
</testsuite>
