<?xml version="1.0" encoding="utf-8"?>
<testsuite failures="1" name="local_mqtt_pub_sub_retain" skipped="0" tests="1" time="5.88" timestamp="2022-04-28T10:58:56">
	<testcase classname="MqttPublishWithRetain" name="local_mqtt_pub_sub_retain">
		<failure message="FAILED: Grep on temp_sensor_sub.out contains &quot;\[test/alarms/temp_sensor\] alarm msg 2&quot; (+1 other failures)" type="FAILED"/>
		<system-out>10:58:50 INFO  ==============================================================
10:58:50 INFO  Id:    local_mqtt_pub_sub_retain
10:58:50 INFO  Dir:   local_mqtt/
10:58:50 INFO  Title: Validate local publishing with retain flag
10:58:50 INFO  ==============================================================
10:58:51 INFO  Executed tedge&lt;pub_to_set_alarm&gt;, exit status 0
10:58:51 INFO  Executed tedge&lt;pub_to_set_alarm&gt;, exit status 0
10:58:52 INFO  Started tedge&lt;temp_sensor_sub&gt; with process id 14343
10:58:52 INFO  Executed tedge&lt;pub_to_clear_alarm&gt;, exit status 0
10:58:54 INFO  Executed sudo&lt;kill_out&gt;, exit status 0
10:58:54 INFO  Executed tedge&lt;pub_to_clear_alarm&gt;, exit status 0
10:58:54 INFO  Started tedge&lt;temp_sensor_empty_message&gt; with process id 14348
10:58:56 INFO  Executed sudo&lt;kill_out&gt;, exit status 0
10:58:56 WARN  Grep on temp_sensor_sub.out contains &quot;\[test/alarms/temp_sensor\] alarm msg 2&quot; ... failed [run.py:139]
10:58:56 WARN  Grep on temp_sensor_sub.out contains &quot;\[test/alarms/temp_sensor\] &quot; ... failed [run.py:142]
10:58:56 INFO  Grep on file temp_sensor_empty_message.out ... passed
10:58:56 INFO  
10:58:56 INFO  Test duration: 5.88 secs
10:58:56 INFO  Test final outcome:  FAILED
10:58:56 INFO  Test outcome reason: Grep on temp_sensor_sub.out contains &quot;\[test/alarms/temp_sensor\] alarm msg 2&quot; (+1 other failures)
10:58:56 INFO  
</system-out>
	</testcase>
</testsuite>
