<?xml version="1.0" encoding="utf-8"?>
<testsuite failures="1" name="log_request_error_messages" skipped="0" tests="1" time="35.61" timestamp="2022-05-09T14:35:48">
	<testcase classname="LogRequestVerifySearchTextError" name="log_request_error_messages">
		<failure message="FAILED: Assert that (True == value) with value=False" type="FAILED"/>
		<system-out>14:35:13 INFO  ==============================================================
14:35:13 INFO  Id:    log_request_error_messages
14:35:13 INFO  Dir:   log_request_end_to_end/
14:35:13 INFO  Title: Validate end to end behaviour for the log request operation check for error messages
14:35:13 INFO  ==============================================================
14:35:14 INFO  EnvironmentC8y Setup
14:35:15 INFO  Executed systemctl&lt;serv_mapper1&gt;, exit status 3
14:35:15 INFO  Restarting mosquitto too frequently in the last 10 seconds. It was only up for 3 seconds
14:35:15 INFO  Delaying execution by 8 seconds
14:35:37 INFO  Executed sudo&lt;tedge_connect_c8y&gt;, exit status 0, duration 13 secs
14:35:38 INFO  Executed sudo&lt;tedge_connect_c8y_test&gt;, exit status 0
14:35:38 INFO  Executed systemctl&lt;serv_mosq2&gt;, exit status 0
14:35:39 INFO  Executed systemctl&lt;serv_mapper3&gt;, exit status 0
14:35:39 INFO  Executed sudo&lt;rm_logs&gt;, exit status 0
14:35:40 INFO  Executed sudo&lt;move_logs&gt;, exit status 0
14:35:40 INFO  log response None
14:35:40 WARN  retry, retrying in 1 seconds...
14:35:41 INFO  log response https://thin-edge-io.eu-latest.cumulocity.com/event/events/18550072/binaries
14:35:42 WARN  Assert that (True == value) with value=False ... failed [run.py:43]
14:35:42 INFO  
14:35:42 INFO  cleanup:
14:35:43 INFO  Executed sudo&lt;rm_logs&gt;, exit status 0
14:35:43 INFO  Executed sudo&lt;rm_tmp_logs&gt;, exit status 0
14:35:44 INFO  Executed sudo&lt;send_failed&gt;, exit status 0
14:35:48 INFO  Executed sudo&lt;tedge_disconnect_c8y&gt;, exit status 0
14:35:48 INFO  Executed systemctl&lt;serv_mapper5&gt;, exit status 3
14:35:48 INFO  
14:35:48 INFO  Test duration: 35.61 secs
14:35:48 INFO  Test final outcome:  FAILED
14:35:48 INFO  Test outcome reason: Assert that (True == value) with value=False
14:35:48 INFO  
</system-out>
	</testcase>
</testsuite>
