<?xml version="1.0" encoding="utf-8"?>
<testsuite failures="1" name="monitoring_smaller_interval" skipped="0" tests="1" time="14.85" timestamp="2022-05-03T14:10:18">
	<testcase classname="MonitoringSmallInterval" name="monitoring_smaller_interval">
		<failure message="BLOCKED: TypeError: 'int' object is not subscriptable" type="BLOCKED"/>
		<system-out>14:10:03 INFO  ==============================================================
14:10:03 INFO  Id:    monitoring_smaller_interval
14:10:03 INFO  Dir:   monitoring/
14:10:03 INFO  Title: Validate the tedge dm agent messages that are produced with smaller sampling interval than the batching window. Here the simulated collectd messages are used
14:10:03 INFO  ==============================================================
14:10:04 INFO  Executed sudo&lt;collectd&gt;, exit status 0
14:10:04 INFO  Executed sudo&lt;collectd_mapper&gt;, exit status 0
14:10:04 INFO  Started sudo&lt;tedge_sub&gt; with process id 4120
14:10:05 INFO  Executed sudo&lt;tedge_temp&gt;, exit status 0
14:10:05 INFO  Executed sudo&lt;tedge_pres&gt;, exit status 0
14:10:06 INFO  Executed sudo&lt;tedge_temp&gt;, exit status 0
14:10:07 INFO  Executed sudo&lt;tedge_pres&gt;, exit status 0
14:10:07 INFO  Executed sudo&lt;tedge_temp&gt;, exit status 0
14:10:08 INFO  Executed sudo&lt;tedge_pres&gt;, exit status 0
14:10:08 INFO  Executed sudo&lt;tedge_temp&gt;, exit status 0
14:10:09 INFO  Executed sudo&lt;tedge_pres&gt;, exit status 0
14:10:09 INFO  Executed sudo&lt;tedge_temp&gt;, exit status 0
14:10:10 INFO  Executed sudo&lt;tedge_pres&gt;, exit status 0
14:10:11 INFO  Executed sudo&lt;tedge_temp&gt;, exit status 0
14:10:11 INFO  Executed sudo&lt;tedge_pres&gt;, exit status 0
14:10:12 INFO  Executed sudo&lt;tedge_temp&gt;, exit status 0
14:10:12 INFO  Executed sudo&lt;tedge_pres&gt;, exit status 0
14:10:13 INFO  Executed sudo&lt;tedge_temp&gt;, exit status 0
14:10:13 INFO  Executed sudo&lt;tedge_pres&gt;, exit status 0
14:10:14 INFO  Executed sudo&lt;tedge_temp&gt;, exit status 0
14:10:15 INFO  Executed sudo&lt;tedge_pres&gt;, exit status 0
14:10:15 INFO  Executed sudo&lt;tedge_temp&gt;, exit status 0
14:10:16 INFO  Executed sudo&lt;tedge_pres&gt;, exit status 0
14:10:17 INFO  Executed sudo&lt;kill_out&gt;, exit status 0
14:10:17 INFO  0

14:10:17 WARN  TypeError occurred while running test - 'int' object is not subscriptable
Traceback (most recent call last):
  File &quot;/home/pi/env-pysys/lib/python3.7/site-packages/pysys/baserunner.py&quot;, line 1296, in __call__
    self.testObj.validate()
  File &quot;/home/pi/actions-runner/_work/thin-edge.io/thin-edge.io/tests/PySys/monitoring/monitoring_smaller_interval/run.py&quot;, line 104, in validate
    collectd_msg_validation_result=self.validate_json(),
  File &quot;/home/pi/actions-runner/_work/thin-edge.io/thin-edge.io/tests/PySys/monitoring/monitoring_smaller_interval/run.py&quot;, line 114, in validate_json
    if not self.validate_time():
  File &quot;/home/pi/actions-runner/_work/thin-edge.io/thin-edge.io/tests/PySys/monitoring/monitoring_smaller_interval/run.py&quot;, line 134, in validate_time
    if self.js_msg[&quot;time&quot;]:
TypeError: 'int' object is not subscriptable
14:10:17 WARN  TypeError: 'int' object is not subscriptable ... blocked 
14:10:17 INFO  
14:10:17 INFO  cleanup:
14:10:17 INFO  monitoring_cleanup
14:10:18 INFO  Executed sudo&lt;collectd_mapper&gt;, exit status 0
14:10:18 INFO  
14:10:18 INFO  Test duration: 14.85 secs
14:10:18 INFO  Test final outcome:  BLOCKED
14:10:18 INFO  Test outcome reason: TypeError: 'int' object is not subscriptable
14:10:18 INFO  
</system-out>
	</testcase>
</testsuite>
