<?xml version="1.0" encoding="utf-8"?>
<testsuite failures="0" name="publish_sawmill" skipped="0" tests="1" time="78.11" timestamp="2022-04-28T08:21:27">
	<testcase classname="PublishSawmill" name="publish_sawmill"/>
</testsuite>
