<?xml version="1.0" encoding="utf-8"?>
<testsuite failures="0" name="apt_sequence_remove_with_version_fail" skipped="1" tests="1" time="0.02" timestamp="2022-04-27T17:31:11">
	<testcase classname="AptPluginRemoveWithVersionFails" name="apt_sequence_remove_with_version_fail">
		<skipped message="SKIPPED: Testing the apt plugin is not supported on this platform.To run the tests call PySys with -XmyPlatform='container'"/>
		<system-out>17:31:11 INFO  ==============================================================
17:31:11 INFO  Id:    apt_sequence_remove_with_version_fail
17:31:11 INFO  Dir:   plugin_apt/
17:31:11 INFO  Title: Validate apt plugin remove with version fails when the version not found
17:31:11 INFO  ==============================================================
17:31:11 INFO  Testing the apt plugin is not supported on this platform.To run the tests call PySys with -XmyPlatform='container' ... skipped
17:31:11 WARN  Aborted test due to SKIPPED outcome
17:31:11 INFO  
17:31:11 INFO  Test duration: 0.02 secs
17:31:11 INFO  Test final outcome:  SKIPPED
17:31:11 INFO  Test outcome reason: Testing the apt plugin is not supported on this platform.To run the tests call PySys with -XmyPlatform='container'
17:31:11 INFO  
</system-out>
	</testcase>
</testsuite>
