<?xml version="1.0" encoding="utf-8"?>
<testsuite failures="1" name="log_request_num_lines" skipped="0" tests="1" time="31.67" timestamp="2022-05-12T08:52:41">
	<testcase classname="LogRequestVerifyNumberOfLines" name="log_request_num_lines">
		<failure message="FAILED: Assert that (True == value) with value=False" type="FAILED"/>
		<system-out>08:52:09 INFO  ==============================================================
08:52:09 INFO  Id:    log_request_num_lines
08:52:09 INFO  Dir:   log_request_end_to_end/
08:52:09 INFO  Title: Validate end to end behaviour for the log request operation check for number of lines
08:52:09 INFO  ==============================================================
08:52:09 INFO  EnvironmentC8y Setup
08:52:09 INFO  Executed systemctl&lt;serv_mapper1&gt;, exit status 3
08:52:10 INFO  Restarting mosquitto too frequently in the last 10 seconds. It was only up for 5 seconds
08:52:10 INFO  Delaying execution by 6 seconds
08:52:30 INFO  Executed sudo&lt;tedge_connect_c8y&gt;, exit status 0, duration 14 secs
08:52:30 INFO  Executed sudo&lt;tedge_connect_c8y_test&gt;, exit status 0
08:52:31 INFO  Executed systemctl&lt;serv_mosq2&gt;, exit status 0
08:52:31 INFO  Executed systemctl&lt;serv_mapper3&gt;, exit status 0
08:52:32 INFO  Executed sudo&lt;rm_logs&gt;, exit status 0
08:52:32 INFO  Executed sudo&lt;move_logs&gt;, exit status 0
08:52:33 INFO  log response None
08:52:33 WARN  retry, retrying in 1 seconds...
08:52:34 INFO  log response https://thin-edge-io.eu-latest.cumulocity.com/event/events/18895366/binaries
08:52:34 INFO  nlines 0
08:52:34 WARN  Assert that (True == value) with value=False ... failed [run.py:44]
08:52:34 INFO  
08:52:34 INFO  cleanup:
08:52:35 INFO  Executed sudo&lt;rm_logs&gt;, exit status 0
08:52:35 INFO  Executed sudo&lt;rm_tmp_logs&gt;, exit status 0
08:52:36 INFO  Executed sudo&lt;send_failed&gt;, exit status 0
08:52:40 INFO  Executed sudo&lt;tedge_disconnect_c8y&gt;, exit status 0
08:52:41 INFO  Executed systemctl&lt;serv_mapper5&gt;, exit status 3
08:52:41 INFO  
08:52:41 INFO  Test duration: 31.67 secs
08:52:41 INFO  Test final outcome:  FAILED
08:52:41 INFO  Test outcome reason: Assert that (True == value) with value=False
08:52:41 INFO  
</system-out>
	</testcase>
</testsuite>
