<?xml version="1.0" encoding="utf-8"?>
<testsuite failures="0" name="valid_device_id" skipped="0" tests="1" time="57.07" timestamp="2022-05-13T11:06:02">
	<testcase classname="ValidateValidDeviceId" name="valid_device_id"/>
</testsuite>
