<?xml version="1.0" encoding="utf-8"?>
<testsuite failures="0" name="mqtt_port_set" skipped="0" tests="1" time="20.92" timestamp="2022-04-27T17:30:13">
	<testcase classname="MqttPortSet" name="mqtt_port_set"/>
</testsuite>
