<?xml version="1.0" encoding="utf-8"?>
<testsuite failures="0" name="custom_init_system" skipped="0" tests="1" time="28.96" timestamp="2022-04-28T12:21:32">
	<testcase classname="CustomInitSystem" name="custom_init_system"/>
</testsuite>
