<?xml version="1.0" encoding="utf-8"?>
<testsuite failures="0" name="SoftwareManagement.sm_apt_install_remove_default" skipped="1" tests="1" time="0.02" timestamp="2022-04-28T12:32:27">
	<testcase classname="PySysTest" name="SoftwareManagement.sm_apt_install_remove_default">
		<skipped message="SKIPPED: Testing the apt plugin is not supported on this platform.Use parameter -XmyPlatform='container' to enable it"/>
		<system-out>12:32:27 INFO  ==============================================================
12:32:27 INFO  Id:    SoftwareManagement.sm_apt_install_remove_default
12:32:27 INFO  Dir:   software_management_end_to_end/
12:32:27 INFO  Title: Validate end to end behaviour for the default plugin for installation and removal of packages
12:32:27 INFO  ==============================================================
12:32:27 INFO  Testing the apt plugin is not supported on this platform.Use parameter -XmyPlatform='container' to enable it ... skipped
12:32:27 WARN  Aborted test due to SKIPPED outcome
12:32:27 INFO  
12:32:27 INFO  Test duration: 0.02 secs
12:32:27 INFO  Test final outcome:  SKIPPED
12:32:27 INFO  Test outcome reason: Testing the apt plugin is not supported on this platform.Use parameter -XmyPlatform='container' to enable it
12:32:27 INFO  
</system-out>
	</testcase>
</testsuite>
