<?xml version="1.0" encoding="utf-8"?>
<testsuite failures="0" name="mqtt_port_change_connection_works" skipped="1" tests="1" time="0.02" timestamp="2022-05-04T08:23:34">
	<testcase classname="MqttPortChangeConnectionWorks" name="mqtt_port_change_connection_works">
		<skipped message="SKIPPED: failing intermitently"/>
		<system-out>08:23:34 INFO  ==============================================================
08:23:34 INFO  Id:    mqtt_port_change_connection_works
08:23:34 INFO  Dir:   misc_features/
08:23:34 INFO  Title: mqtt port change connection works for all the thin-edge services that use the mosquitto broker
08:23:34 INFO  ==============================================================
08:23:34 INFO  failing intermitently ... skipped
08:23:34 INFO  
08:23:34 INFO  Test duration: 0.02 secs
08:23:34 INFO  Test final outcome:  SKIPPED
08:23:34 INFO  Test outcome reason: failing intermitently
08:23:34 INFO  
</system-out>
	</testcase>
</testsuite>
