<?xml version="1.0" encoding="utf-8"?>
<testsuite failures="1" name="monitoring_smaller_interval" skipped="0" tests="1" time="14.83" timestamp="2022-05-09T14:38:03">
	<testcase classname="MonitoringSmallInterval" name="monitoring_smaller_interval">
		<failure message="BLOCKED: TypeError: 'int' object is not subscriptable" type="BLOCKED"/>
		<system-out>14:37:48 INFO  ==============================================================
14:37:48 INFO  Id:    monitoring_smaller_interval
14:37:48 INFO  Dir:   monitoring/
14:37:48 INFO  Title: Validate the tedge dm agent messages that are produced with smaller sampling interval than the batching window. Here the simulated collectd messages are used
14:37:48 INFO  ==============================================================
14:37:49 INFO  Executed sudo&lt;collectd&gt;, exit status 0
14:37:49 INFO  Executed sudo&lt;collectd_mapper&gt;, exit status 0
14:37:49 INFO  Started sudo&lt;tedge_sub&gt; with process id 14724
14:37:50 INFO  Executed sudo&lt;tedge_temp&gt;, exit status 0
14:37:51 INFO  Executed sudo&lt;tedge_pres&gt;, exit status 0
14:37:51 INFO  Executed sudo&lt;tedge_temp&gt;, exit status 0
14:37:52 INFO  Executed sudo&lt;tedge_pres&gt;, exit status 0
14:37:52 INFO  Executed sudo&lt;tedge_temp&gt;, exit status 0
14:37:53 INFO  Executed sudo&lt;tedge_pres&gt;, exit status 0
14:37:53 INFO  Executed sudo&lt;tedge_temp&gt;, exit status 0
14:37:54 INFO  Executed sudo&lt;tedge_pres&gt;, exit status 0
14:37:55 INFO  Executed sudo&lt;tedge_temp&gt;, exit status 0
14:37:55 INFO  Executed sudo&lt;tedge_pres&gt;, exit status 0
14:37:56 INFO  Executed sudo&lt;tedge_temp&gt;, exit status 0
14:37:56 INFO  Executed sudo&lt;tedge_pres&gt;, exit status 0
14:37:57 INFO  Executed sudo&lt;tedge_temp&gt;, exit status 0
14:37:57 INFO  Executed sudo&lt;tedge_pres&gt;, exit status 0
14:37:58 INFO  Executed sudo&lt;tedge_temp&gt;, exit status 0
14:37:58 INFO  Executed sudo&lt;tedge_pres&gt;, exit status 0
14:37:59 INFO  Executed sudo&lt;tedge_temp&gt;, exit status 0
14:38:00 INFO  Executed sudo&lt;tedge_pres&gt;, exit status 0
14:38:00 INFO  Executed sudo&lt;tedge_temp&gt;, exit status 0
14:38:01 INFO  Executed sudo&lt;tedge_pres&gt;, exit status 0
14:38:02 INFO  Executed sudo&lt;kill_out&gt;, exit status 0
14:38:02 INFO  0

14:38:02 WARN  TypeError occurred while running test - 'int' object is not subscriptable
Traceback (most recent call last):
  File &quot;/home/pi/env-pysys/lib/python3.7/site-packages/pysys/baserunner.py&quot;, line 1296, in __call__
    self.testObj.validate()
  File &quot;/home/pi/actions-runner/_work/thin-edge.io/thin-edge.io/tests/PySys/monitoring/monitoring_smaller_interval/run.py&quot;, line 104, in validate
    collectd_msg_validation_result=self.validate_json(),
  File &quot;/home/pi/actions-runner/_work/thin-edge.io/thin-edge.io/tests/PySys/monitoring/monitoring_smaller_interval/run.py&quot;, line 114, in validate_json
    if not self.validate_time():
  File &quot;/home/pi/actions-runner/_work/thin-edge.io/thin-edge.io/tests/PySys/monitoring/monitoring_smaller_interval/run.py&quot;, line 134, in validate_time
    if self.js_msg[&quot;time&quot;]:
TypeError: 'int' object is not subscriptable
14:38:02 WARN  TypeError: 'int' object is not subscriptable ... blocked 
14:38:02 INFO  
14:38:02 INFO  cleanup:
14:38:02 INFO  monitoring_cleanup
14:38:03 INFO  Executed sudo&lt;collectd_mapper&gt;, exit status 0
14:38:03 INFO  
14:38:03 INFO  Test duration: 14.83 secs
14:38:03 INFO  Test final outcome:  BLOCKED
14:38:03 INFO  Test outcome reason: TypeError: 'int' object is not subscriptable
14:38:03 INFO  
</system-out>
	</testcase>
</testsuite>
