<?xml version="1.0" encoding="utf-8"?>
<testsuite failures="0" name="docker_plugin_remove_with_version" skipped="1" tests="1" time="0.03" timestamp="2022-05-11T10:10:26">
	<testcase classname="DockerPluginRemoveWithVersionTest" name="docker_plugin_remove_with_version">
		<skipped message="SKIPPED: Testing the docker plugin is not supported on this platform.To run it, all the test with -XmyPlatform='container'"/>
		<system-out>10:10:26 INFO  ==============================================================
10:10:26 INFO  Id:    docker_plugin_remove_with_version
10:10:26 INFO  Dir:   plugin_docker/
10:10:26 INFO  Title: Validate docker plugin remove with version
10:10:26 INFO  ==============================================================
10:10:26 INFO  Testing the docker plugin is not supported on this platform.To run it, all the test with -XmyPlatform='container' ... skipped
10:10:26 WARN  Aborted test due to SKIPPED outcome
10:10:26 INFO  
10:10:26 INFO  Test duration: 0.03 secs
10:10:26 INFO  Test final outcome:  SKIPPED
10:10:26 INFO  Test outcome reason: Testing the docker plugin is not supported on this platform.To run it, all the test with -XmyPlatform='container'
10:10:26 INFO  
</system-out>
	</testcase>
</testsuite>
