<?xml version="1.0" encoding="utf-8"?>
<testsuite failures="0" name="apt_install_fail" skipped="1" tests="1" time="0.04" timestamp="2022-05-11T11:40:56">
	<testcase classname="AptPluginInstallFail" name="apt_install_fail">
		<skipped message="SKIPPED: Testing the apt plugin is not supported on this platform.To run the tests call PySys with -XmyPlatform='container'"/>
		<system-out>11:40:56 INFO  ==============================================================
11:40:56 INFO  Id:    apt_install_fail
11:40:56 INFO  Dir:   plugin_apt/
11:40:56 INFO  Title: Validate apt plugin prepare - failing
11:40:56 INFO  ==============================================================
11:40:56 INFO  Testing the apt plugin is not supported on this platform.To run the tests call PySys with -XmyPlatform='container' ... skipped
11:40:56 WARN  Aborted test due to SKIPPED outcome
11:40:56 INFO  
11:40:56 INFO  Test duration: 0.04 secs
11:40:56 INFO  Test final outcome:  SKIPPED
11:40:56 INFO  Test outcome reason: Testing the apt plugin is not supported on this platform.To run the tests call PySys with -XmyPlatform='container'
11:40:56 INFO  
</system-out>
	</testcase>
</testsuite>
