<?xml version="1.0" encoding="utf-8"?>
<testsuite failures="1" name="log_request_error_messages" skipped="0" tests="1" time="36.01" timestamp="2022-05-12T08:52:09">
	<testcase classname="LogRequestVerifySearchTextError" name="log_request_error_messages">
		<failure message="FAILED: Assert that (True == value) with value=False" type="FAILED"/>
		<system-out>08:51:33 INFO  ==============================================================
08:51:33 INFO  Id:    log_request_error_messages
08:51:33 INFO  Dir:   log_request_end_to_end/
08:51:33 INFO  Title: Validate end to end behaviour for the log request operation check for error messages
08:51:33 INFO  ==============================================================
08:51:34 INFO  EnvironmentC8y Setup
08:51:35 INFO  Executed systemctl&lt;serv_mapper1&gt;, exit status 3
08:51:35 INFO  Restarting mosquitto too frequently in the last 10 seconds. It was only up for 3 seconds
08:51:35 INFO  Delaying execution by 8 seconds
08:51:57 INFO  Executed sudo&lt;tedge_connect_c8y&gt;, exit status 0, duration 13 secs
08:51:57 INFO  Executed sudo&lt;tedge_connect_c8y_test&gt;, exit status 0
08:51:58 INFO  Executed systemctl&lt;serv_mosq2&gt;, exit status 0
08:51:58 INFO  Executed systemctl&lt;serv_mapper3&gt;, exit status 0
08:51:59 INFO  Executed sudo&lt;rm_logs&gt;, exit status 0
08:52:00 INFO  Executed sudo&lt;move_logs&gt;, exit status 0
08:52:00 INFO  log response None
08:52:00 WARN  retry, retrying in 1 seconds...
08:52:01 INFO  log response https://thin-edge-io.eu-latest.cumulocity.com/event/events/18895349/binaries
08:52:02 WARN  Assert that (True == value) with value=False ... failed [run.py:43]
08:52:02 INFO  
08:52:02 INFO  cleanup:
08:52:03 INFO  Executed sudo&lt;rm_logs&gt;, exit status 0
08:52:03 INFO  Executed sudo&lt;rm_tmp_logs&gt;, exit status 0
08:52:04 INFO  Executed sudo&lt;send_failed&gt;, exit status 0
08:52:08 INFO  Executed sudo&lt;tedge_disconnect_c8y&gt;, exit status 0
08:52:09 INFO  Executed systemctl&lt;serv_mapper5&gt;, exit status 3
08:52:09 INFO  
08:52:09 INFO  Test duration: 36.01 secs
08:52:09 INFO  Test final outcome:  FAILED
08:52:09 INFO  Test outcome reason: Assert that (True == value) with value=False
08:52:09 INFO  
</system-out>
	</testcase>
</testsuite>
