<?xml version="1.0" encoding="utf-8"?>
<testsuite failures="1" name="monitoring_smaller_interval" skipped="0" tests="1" time="15.14" timestamp="2022-05-06T13:12:16">
	<testcase classname="MonitoringSmallInterval" name="monitoring_smaller_interval">
		<failure message="BLOCKED: TypeError: 'int' object is not subscriptable" type="BLOCKED"/>
		<system-out>13:12:01 INFO  ==============================================================
13:12:01 INFO  Id:    monitoring_smaller_interval
13:12:01 INFO  Dir:   monitoring/
13:12:01 INFO  Title: Validate the tedge dm agent messages that are produced with smaller sampling interval than the batching window. Here the simulated collectd messages are used
13:12:01 INFO  ==============================================================
13:12:02 INFO  Executed sudo&lt;collectd&gt;, exit status 0
13:12:02 INFO  Executed sudo&lt;collectd_mapper&gt;, exit status 0
13:12:02 INFO  Started sudo&lt;tedge_sub&gt; with process id 4278
13:12:03 INFO  Executed sudo&lt;tedge_temp&gt;, exit status 0
13:12:04 INFO  Executed sudo&lt;tedge_pres&gt;, exit status 0
13:12:04 INFO  Executed sudo&lt;tedge_temp&gt;, exit status 0
13:12:05 INFO  Executed sudo&lt;tedge_pres&gt;, exit status 0
13:12:05 INFO  Executed sudo&lt;tedge_temp&gt;, exit status 0
13:12:06 INFO  Executed sudo&lt;tedge_pres&gt;, exit status 0
13:12:07 INFO  Executed sudo&lt;tedge_temp&gt;, exit status 0
13:12:07 INFO  Executed sudo&lt;tedge_pres&gt;, exit status 0
13:12:08 INFO  Executed sudo&lt;tedge_temp&gt;, exit status 0
13:12:08 INFO  Executed sudo&lt;tedge_pres&gt;, exit status 0
13:12:09 INFO  Executed sudo&lt;tedge_temp&gt;, exit status 0
13:12:09 INFO  Executed sudo&lt;tedge_pres&gt;, exit status 0
13:12:10 INFO  Executed sudo&lt;tedge_temp&gt;, exit status 0
13:12:11 INFO  Executed sudo&lt;tedge_pres&gt;, exit status 0
13:12:11 INFO  Executed sudo&lt;tedge_temp&gt;, exit status 0
13:12:12 INFO  Executed sudo&lt;tedge_pres&gt;, exit status 0
13:12:12 INFO  Executed sudo&lt;tedge_temp&gt;, exit status 0
13:12:13 INFO  Executed sudo&lt;tedge_pres&gt;, exit status 0
13:12:14 INFO  Executed sudo&lt;tedge_temp&gt;, exit status 0
13:12:14 INFO  Executed sudo&lt;tedge_pres&gt;, exit status 0
13:12:16 INFO  Executed sudo&lt;kill_out&gt;, exit status 0
13:12:16 INFO  0

13:12:16 WARN  TypeError occurred while running test - 'int' object is not subscriptable
Traceback (most recent call last):
  File &quot;/home/pi/env-pysys/lib/python3.7/site-packages/pysys/baserunner.py&quot;, line 1296, in __call__
    self.testObj.validate()
  File &quot;/home/pi/actions-runner/_work/thin-edge.io/thin-edge.io/tests/PySys/monitoring/monitoring_smaller_interval/run.py&quot;, line 104, in validate
    collectd_msg_validation_result=self.validate_json(),
  File &quot;/home/pi/actions-runner/_work/thin-edge.io/thin-edge.io/tests/PySys/monitoring/monitoring_smaller_interval/run.py&quot;, line 114, in validate_json
    if not self.validate_time():
  File &quot;/home/pi/actions-runner/_work/thin-edge.io/thin-edge.io/tests/PySys/monitoring/monitoring_smaller_interval/run.py&quot;, line 134, in validate_time
    if self.js_msg[&quot;time&quot;]:
TypeError: 'int' object is not subscriptable
13:12:16 WARN  TypeError: 'int' object is not subscriptable ... blocked 
13:12:16 INFO  
13:12:16 INFO  cleanup:
13:12:16 INFO  monitoring_cleanup
13:12:16 INFO  Executed sudo&lt;collectd_mapper&gt;, exit status 0
13:12:16 INFO  
13:12:16 INFO  Test duration: 15.14 secs
13:12:16 INFO  Test final outcome:  BLOCKED
13:12:16 INFO  Test outcome reason: TypeError: 'int' object is not subscriptable
13:12:16 INFO  
</system-out>
	</testcase>
</testsuite>
