<?xml version="1.0" encoding="utf-8"?>
<testsuite failures="0" name="smoketest_smartrest" skipped="0" tests="1" time="47.53" timestamp="2022-04-27T17:37:12">
	<testcase classname="SmoketestSmartRest" name="smoketest_smartrest"/>
</testsuite>
