<?xml version="1.0" encoding="utf-8"?>
<testsuite failures="1" name="monitoring_smaller_interval" skipped="0" tests="1" time="14.96" timestamp="2022-04-27T10:29:37">
	<testcase classname="MonitoringSmallInterval" name="monitoring_smaller_interval">
		<failure message="FAILED: Assert that (collectd_msg_validation_result == expected_result) with collectd_msg_validation_result=False, expected_result=True" type="FAILED"/>
		<system-out>10:29:22 INFO  ==============================================================
10:29:22 INFO  Id:    monitoring_smaller_interval
10:29:22 INFO  Dir:   monitoring/
10:29:22 INFO  Title: Validate the tedge dm agent messages that are produced with smaller sampling interval than the batching window. Here the simulated collectd messages are used
10:29:22 INFO  ==============================================================
10:29:22 INFO  Executed sudo&lt;collectd&gt;, exit status 0
10:29:23 INFO  Executed sudo&lt;collectd_mapper&gt;, exit status 0
10:29:23 INFO  Started sudo&lt;tedge_sub&gt; with process id 19652
10:29:24 INFO  Executed sudo&lt;tedge_temp&gt;, exit status 0
10:29:24 INFO  Executed sudo&lt;tedge_pres&gt;, exit status 0
10:29:25 INFO  Executed sudo&lt;tedge_temp&gt;, exit status 0
10:29:25 INFO  Executed sudo&lt;tedge_pres&gt;, exit status 0
10:29:26 INFO  Executed sudo&lt;tedge_temp&gt;, exit status 0
10:29:26 INFO  Executed sudo&lt;tedge_pres&gt;, exit status 0
10:29:27 INFO  Executed sudo&lt;tedge_temp&gt;, exit status 0
10:29:28 INFO  Executed sudo&lt;tedge_pres&gt;, exit status 0
10:29:28 INFO  Executed sudo&lt;tedge_temp&gt;, exit status 0
10:29:29 INFO  Executed sudo&lt;tedge_pres&gt;, exit status 0
10:29:29 INFO  Executed sudo&lt;tedge_temp&gt;, exit status 0
10:29:30 INFO  Executed sudo&lt;tedge_pres&gt;, exit status 0
10:29:31 INFO  Executed sudo&lt;tedge_temp&gt;, exit status 0
10:29:31 INFO  Executed sudo&lt;tedge_pres&gt;, exit status 0
10:29:32 INFO  Executed sudo&lt;tedge_temp&gt;, exit status 0
10:29:32 INFO  Executed sudo&lt;tedge_pres&gt;, exit status 0
10:29:33 INFO  Executed sudo&lt;tedge_temp&gt;, exit status 0
10:29:33 INFO  Executed sudo&lt;tedge_pres&gt;, exit status 0
10:29:34 INFO  Executed sudo&lt;tedge_temp&gt;, exit status 0
10:29:35 INFO  Executed sudo&lt;tedge_pres&gt;, exit status 0
10:29:36 INFO  Executed sudo&lt;kill_out&gt;, exit status 0
10:29:36 WARN  Assert that (collectd_msg_validation_result == expected_result) with collectd_msg_validation_result=False, expected_result=True ... failed [run.py:105]
10:29:36 INFO     collectd_msg_validation_result: False
10:29:36 INFO                    expected_result: True
10:29:36 INFO  
10:29:36 INFO  cleanup:
10:29:36 INFO  monitoring_cleanup
10:29:37 INFO  Executed sudo&lt;collectd_mapper&gt;, exit status 0
10:29:37 INFO  
10:29:37 INFO  Test duration: 14.96 secs
10:29:37 INFO  Test final outcome:  FAILED
10:29:37 INFO  Test outcome reason: Assert that (collectd_msg_validation_result == expected_result) with collectd_msg_validation_result=False, expected_result=True
10:29:37 INFO  
</system-out>
	</testcase>
</testsuite>
