<?xml version="1.0" encoding="utf-8"?>
<testsuite failures="0" name="docker_plugin_update" skipped="1" tests="1" time="0.1" timestamp="2022-04-27T10:29:50">
	<testcase classname="DockerPluginUpdateTest" name="docker_plugin_update">
		<skipped message="SKIPPED: Testing the docker plugin is not supported on this platform.To run it, all the test with -XmyPlatform='container'"/>
		<system-out>10:29:50 INFO  ==============================================================
10:29:50 INFO  Id:    docker_plugin_update
10:29:50 INFO  Dir:   plugin_docker/
10:29:50 INFO  Title: Validate docker plugin install updates existing containers
10:29:50 INFO  ==============================================================
10:29:50 INFO  Testing the docker plugin is not supported on this platform.To run it, all the test with -XmyPlatform='container' ... skipped
10:29:50 WARN  Aborted test due to SKIPPED outcome
10:29:50 INFO  
10:29:50 INFO  Test duration: 0.10 secs
10:29:50 INFO  Test final outcome:  SKIPPED
10:29:50 INFO  Test outcome reason: Testing the docker plugin is not supported on this platform.To run it, all the test with -XmyPlatform='container'
10:29:50 INFO  
</system-out>
	</testcase>
</testsuite>
