<?xml version="1.0" encoding="utf-8"?>
<testsuite failures="1" name="tedge_mapper_c8y_packet_threshold_size" skipped="0" tests="1" time="3.0" timestamp="2022-05-13T15:15:00">
	<testcase classname="TedgeMapperC8yThresholdPacketSize" name="tedge_mapper_c8y_packet_threshold_size">
		<failure message="FAILED: Grep on tedge_sub.out contains &quot;The size of the message received on tedge/measurements is 20489 which is greater than the threshold size of 16184.&quot;" type="FAILED"/>
		<system-out>15:14:57 INFO  ==============================================================
15:14:57 INFO  Id:    tedge_mapper_c8y_packet_threshold_size
15:14:57 INFO  Dir:   tedge_mapper_c8y/
15:14:57 INFO  Title: Validate the Cumulocity Mapper accepted threshold packet size when it receives a message on tedge/measurements
15:14:57 INFO  ==============================================================
15:14:57 INFO  Executed sudo&lt;tedge_mapper_c8y&gt;, exit status 0
15:14:57 INFO  Started sudo&lt;tedge_sub&gt; with process id 10220
15:14:58 INFO  Executed sudo&lt;tedge_msg&gt;, exit status 0
15:14:59 INFO  Executed sudo&lt;tedge_pub&gt;, exit status 0
15:14:59 INFO  Executed sudo&lt;kill_out&gt;, exit status 0
15:14:59 WARN  Grep on tedge_sub.out contains &quot;The size of the message received on tedge/measurements is 20489 which is greater than the threshold size of 16184.&quot; ... failed [run.py:88]
15:14:59 INFO  
15:14:59 INFO  cleanup:
15:14:59 INFO  mapper_cleanup
15:15:00 INFO  Executed sudo&lt;tedge_mapper_c8y&gt;, exit status 0
15:15:00 INFO  
15:15:00 INFO  Test duration: 3.00 secs
15:15:00 INFO  Test final outcome:  FAILED
15:15:00 INFO  Test outcome reason: Grep on tedge_sub.out contains &quot;The size of the message received on tedge/measurements is 20489 which is greater than the threshold size of 16184.&quot;
15:15:00 INFO  
</system-out>
	</testcase>
</testsuite>
