<?xml version="1.0" encoding="utf-8"?>
<testsuite failures="1" name="runtime_start_two_mappers" skipped="0" tests="1" time="1.86" timestamp="2022-04-27T08:49:37">
	<testcase classname="RuntimeMultiMappers" name="runtime_start_two_mappers">
		<failure message="FAILED: Grep on tedge_mapper2.err contains &quot;Error: Couldn't acquire file lock.&quot;" type="FAILED"/>
		<system-out>08:49:35 INFO  ==============================================================
08:49:35 INFO  Id:    runtime_start_two_mappers
08:49:35 INFO  Dir:   tedge_mapper_c8y/
08:49:35 INFO  Title: Validate two mappers can't be started at the same time
08:49:35 INFO  ==============================================================
08:49:35 INFO  Executed sudo&lt;tedge_mapper1&gt;, exit status 0
08:49:35 INFO  Waiting for 0.1 seconds
08:49:36 INFO  Executed sudo&lt;tedge_mapper2&gt;, exit status 1
08:49:37 INFO  Executed sudo&lt;tedge_mapper1&gt;, exit status 0
08:49:37 WARN  Grep on tedge_mapper2.err contains &quot;Error: Couldn't acquire file lock.&quot; ... failed [run.py:46]
08:49:37 INFO  
08:49:37 INFO  Test duration: 1.86 secs
08:49:37 INFO  Test final outcome:  FAILED
08:49:37 INFO  Test outcome reason: Grep on tedge_mapper2.err contains &quot;Error: Couldn't acquire file lock.&quot;
08:49:37 INFO  
</system-out>
	</testcase>
</testsuite>
