<?xml version="1.0" encoding="utf-8"?>
<testsuite failures="1" name="local_mqtt_pub_sub_with_sudo" skipped="0" tests="1" time="2.75" timestamp="2022-05-02T10:21:50">
	<testcase classname="PySysTest" name="local_mqtt_pub_sub_with_sudo">
		<failure message="FAILED: Grep on tedge_sub.out contains &quot;amessage&quot;" type="FAILED"/>
		<system-out>10:21:47 INFO  ==============================================================
10:21:47 INFO  Id:    local_mqtt_pub_sub_with_sudo
10:21:47 INFO  Dir:   local_mqtt/
10:21:47 INFO  Title: Validate local publishing and subscribing
10:21:47 INFO  ==============================================================
10:21:48 INFO  Started sudo&lt;tedge_sub&gt; with process id 13444
10:21:48 INFO  Executed sudo&lt;tedge_pub2&gt;, exit status 0
10:21:49 INFO  Executed sudo&lt;tedge_pub3&gt;, exit status 0
10:21:50 INFO  Executed sudo&lt;kill_out&gt;, exit status 0
10:21:50 WARN  Grep on tedge_sub.out contains &quot;amessage&quot; ... failed [run.py:61]
10:21:50 INFO  Grep on file tedge_sub.out ... passed
10:21:50 INFO  
10:21:50 INFO  Test duration: 2.75 secs
10:21:50 INFO  Test final outcome:  FAILED
10:21:50 INFO  Test outcome reason: Grep on tedge_sub.out contains &quot;amessage&quot;
10:21:50 INFO  
</system-out>
	</testcase>
</testsuite>
