<?xml version="1.0" encoding="utf-8"?>
<testsuite failures="1" name="monitoring_smaller_interval" skipped="0" tests="1" time="15.02" timestamp="2022-05-13T15:00:31">
	<testcase classname="MonitoringSmallInterval" name="monitoring_smaller_interval">
		<failure message="BLOCKED: TypeError: 'int' object is not subscriptable" type="BLOCKED"/>
		<system-out>15:00:16 INFO  ==============================================================
15:00:16 INFO  Id:    monitoring_smaller_interval
15:00:16 INFO  Dir:   monitoring/
15:00:16 INFO  Title: Validate the tedge dm agent messages that are produced with smaller sampling interval than the batching window. Here the simulated collectd messages are used
15:00:16 INFO  ==============================================================
15:00:17 INFO  Executed sudo&lt;collectd&gt;, exit status 0
15:00:17 INFO  Executed sudo&lt;collectd_mapper&gt;, exit status 0
15:00:17 INFO  Started sudo&lt;tedge_sub&gt; with process id 5790
15:00:18 INFO  Executed sudo&lt;tedge_temp&gt;, exit status 0
15:00:18 INFO  Executed sudo&lt;tedge_pres&gt;, exit status 0
15:00:19 INFO  Executed sudo&lt;tedge_temp&gt;, exit status 0
15:00:20 INFO  Executed sudo&lt;tedge_pres&gt;, exit status 0
15:00:20 INFO  Executed sudo&lt;tedge_temp&gt;, exit status 0
15:00:21 INFO  Executed sudo&lt;tedge_pres&gt;, exit status 0
15:00:21 INFO  Executed sudo&lt;tedge_temp&gt;, exit status 0
15:00:22 INFO  Executed sudo&lt;tedge_pres&gt;, exit status 0
15:00:22 INFO  Executed sudo&lt;tedge_temp&gt;, exit status 0
15:00:23 INFO  Executed sudo&lt;tedge_pres&gt;, exit status 0
15:00:24 INFO  Executed sudo&lt;tedge_temp&gt;, exit status 0
15:00:24 INFO  Executed sudo&lt;tedge_pres&gt;, exit status 0
15:00:25 INFO  Executed sudo&lt;tedge_temp&gt;, exit status 0
15:00:25 INFO  Executed sudo&lt;tedge_pres&gt;, exit status 0
15:00:26 INFO  Executed sudo&lt;tedge_temp&gt;, exit status 0
15:00:26 INFO  Executed sudo&lt;tedge_pres&gt;, exit status 0
15:00:27 INFO  Executed sudo&lt;tedge_temp&gt;, exit status 0
15:00:28 INFO  Executed sudo&lt;tedge_pres&gt;, exit status 0
15:00:28 INFO  Executed sudo&lt;tedge_temp&gt;, exit status 0
15:00:29 INFO  Executed sudo&lt;tedge_pres&gt;, exit status 0
15:00:30 INFO  Executed sudo&lt;kill_out&gt;, exit status 0
15:00:30 INFO  0

15:00:30 WARN  TypeError occurred while running test - 'int' object is not subscriptable
Traceback (most recent call last):
  File &quot;/home/pi/env-pysys/lib/python3.7/site-packages/pysys/baserunner.py&quot;, line 1296, in __call__
    self.testObj.validate()
  File &quot;/home/pi/actions-runner/_work/thin-edge.io/thin-edge.io/tests/PySys/monitoring/monitoring_smaller_interval/run.py&quot;, line 104, in validate
    collectd_msg_validation_result=self.validate_json(),
  File &quot;/home/pi/actions-runner/_work/thin-edge.io/thin-edge.io/tests/PySys/monitoring/monitoring_smaller_interval/run.py&quot;, line 114, in validate_json
    if not self.validate_time():
  File &quot;/home/pi/actions-runner/_work/thin-edge.io/thin-edge.io/tests/PySys/monitoring/monitoring_smaller_interval/run.py&quot;, line 134, in validate_time
    if self.js_msg[&quot;time&quot;]:
TypeError: 'int' object is not subscriptable
15:00:30 WARN  TypeError: 'int' object is not subscriptable ... blocked 
15:00:30 INFO  
15:00:30 INFO  cleanup:
15:00:30 INFO  monitoring_cleanup
15:00:31 INFO  Executed sudo&lt;collectd_mapper&gt;, exit status 0
15:00:31 INFO  
15:00:31 INFO  Test duration: 15.02 secs
15:00:31 INFO  Test final outcome:  BLOCKED
15:00:31 INFO  Test outcome reason: TypeError: 'int' object is not subscriptable
15:00:31 INFO  
</system-out>
	</testcase>
</testsuite>
