<?xml version="1.0" encoding="utf-8"?>
<testsuite failures="0" name="apt_prepare" skipped="1" tests="1" time="0.03" timestamp="2022-05-06T13:12:25">
	<testcase classname="AptPluginPrepare" name="apt_prepare">
		<skipped message="SKIPPED: Testing the apt plugin is not supported on this platform.To run the tests call PySys with -XmyPlatform='container'"/>
		<system-out>13:12:25 INFO  ==============================================================
13:12:25 INFO  Id:    apt_prepare
13:12:25 INFO  Dir:   plugin_apt/
13:12:25 INFO  Title: Validate apt plugin install - dense version
13:12:25 INFO  ==============================================================
13:12:25 INFO  Testing the apt plugin is not supported on this platform.To run the tests call PySys with -XmyPlatform='container' ... skipped
13:12:25 WARN  Aborted test due to SKIPPED outcome
13:12:25 INFO  
13:12:25 INFO  Test duration: 0.03 secs
13:12:25 INFO  Test final outcome:  SKIPPED
13:12:25 INFO  Test outcome reason: Testing the apt plugin is not supported on this platform.To run the tests call PySys with -XmyPlatform='container'
13:12:25 INFO  
</system-out>
	</testcase>
</testsuite>
