<?xml version="1.0" encoding="utf-8"?>
<testsuite failures="0" name="apt_install_local_file_with_version_fail" skipped="1" tests="1" time="0.04" timestamp="2022-04-27T08:35:14">
	<testcase classname="AptPluginInstallFromLocalFileWithVersionFail" name="apt_install_local_file_with_version_fail">
		<skipped message="SKIPPED: Testing the apt plugin is not supported on this platform.To run the tests call PySys with -XmyPlatform='container'"/>
		<system-out>08:35:14 INFO  ==============================================================
08:35:14 INFO  Id:    apt_install_local_file_with_version_fail
08:35:14 INFO  Dir:   plugin_apt/
08:35:14 INFO  Title: Validate apt plugin install from local file AND with a version - FAIL case
08:35:14 INFO  ==============================================================
08:35:14 INFO  Testing the apt plugin is not supported on this platform.To run the tests call PySys with -XmyPlatform='container' ... skipped
08:35:14 WARN  Aborted test due to SKIPPED outcome
08:35:14 INFO  
08:35:14 INFO  Test duration: 0.04 secs
08:35:14 INFO  Test final outcome:  SKIPPED
08:35:14 INFO  Test outcome reason: Testing the apt plugin is not supported on this platform.To run the tests call PySys with -XmyPlatform='container'
08:35:14 INFO  
</system-out>
	</testcase>
</testsuite>
