<?xml version="1.0" encoding="utf-8"?>
<testsuite failures="1" name="agent_init_session" skipped="0" tests="1" time="5.94" timestamp="2022-04-27T17:43:18">
	<testcase classname="AgentInitSession" name="agent_init_session">
		<failure message="FAILED: Grep on sub_resp.out contains &quot;Ld3KgqpcLDlrYH6sfpG7w&quot;" type="FAILED"/>
		<system-out>17:43:12 INFO  ==============================================================
17:43:12 INFO  Id:    agent_init_session
17:43:12 INFO  Dir:   tedge_agent/
17:43:12 INFO  Title: Validate tedge agent init session feature
17:43:12 INFO  ==============================================================
17:43:13 INFO  Executed sudo&lt;remove_lock&gt;, exit status 0
17:43:13 INFO  Executed sudo&lt;agent_clear&gt;, exit status 0
17:43:14 INFO  Executed sudo&lt;agent_init&gt;, exit status 0
17:43:14 INFO  Executed sudo&lt;pub_req&gt;, exit status 0
17:43:14 INFO  Started sudo&lt;sub_resp&gt; with process id 30970
17:43:15 INFO  Executed sudo&lt;agent_start&gt;, exit status 0
17:43:15 INFO  Waiting for 2.0 seconds
17:43:18 INFO  Executed sudo&lt;agent_stop&gt;, exit status 0
17:43:18 INFO  Executed sudo&lt;sub_stop&gt;, exit status 0
17:43:18 WARN  Grep on sub_resp.out contains &quot;Ld3KgqpcLDlrYH6sfpG7w&quot; ... failed [run.py:87]
17:43:18 INFO  
17:43:18 INFO  Test duration: 5.94 secs
17:43:18 INFO  Test final outcome:  FAILED
17:43:18 INFO  Test outcome reason: Grep on sub_resp.out contains &quot;Ld3KgqpcLDlrYH6sfpG7w&quot;
17:43:18 INFO  
</system-out>
	</testcase>
</testsuite>
