<?xml version="1.0" encoding="utf-8"?>
<testsuite failures="1" name="mapper_awaits_before_reconnect" skipped="0" tests="1" time="7.55" timestamp="2022-04-28T08:31:40">
	<testcase classname="MapperReconnectAwait" name="mapper_awaits_before_reconnect">
		<failure message="FAILED: Line count on tedge_mapper_journal.out for &quot;tedge_mapper::core::mapper: MQTT connection error:&quot; expected &gt;=2 but got 0" type="FAILED"/>
		<system-out>08:31:33 INFO  ==============================================================
08:31:33 INFO  Id:    mapper_awaits_before_reconnect
08:31:33 INFO  Dir:   tedge_mapper_c8y/
08:31:33 INFO  Title: Validate mapper doesn't reconnect too often
08:31:33 INFO  ==============================================================
08:31:33 INFO  Started mosquitto_sub with process id 22306
08:31:33 INFO  Waiting for 0.1 seconds
08:31:33 INFO  Executed sudo&lt;tedge_mapper&gt;, exit status 0
08:31:33 INFO  Waiting for 5.0 seconds
08:31:39 INFO  Executed sudo&lt;tedge_mapper&gt;, exit status 0
08:31:40 INFO  Executed sudo&lt;tedge_mapper_journal&gt;, exit status 0
08:31:40 WARN  Grep on tedge_mapper_journal.out contains &quot;ERROR&quot; ... failed [run.py:67]
08:31:40 INFO  Line count on file tedge_mapper_journal.out ... passed
08:31:40 WARN  Line count on tedge_mapper_journal.out for &quot;tedge_mapper::core::mapper: MQTT connection error:&quot; expected &gt;=2 but got 0 ... failed [run.py:78]
08:31:40 WARN  Aborted test due to FAILED outcome
08:31:40 INFO  
08:31:40 INFO  Test duration: 7.55 secs
08:31:40 INFO  Test final outcome:  FAILED
08:31:40 INFO  Test outcome reason: Line count on tedge_mapper_journal.out for &quot;tedge_mapper::core::mapper: MQTT connection error:&quot; expected &gt;=2 but got 0
08:31:40 INFO  
</system-out>
	</testcase>
</testsuite>
