<?xml version="1.0" encoding="utf-8"?>
<testsuite failures="0" name="mqtt_port_set" skipped="0" tests="1" time="20.14" timestamp="2022-04-27T13:07:32">
	<testcase classname="MqttPortSet" name="mqtt_port_set"/>
</testsuite>
