<?xml version="1.0" encoding="utf-8"?>
<testsuite failures="1" name="mapper_awaits_before_reconnect" skipped="0" tests="1" time="7.91" timestamp="2022-05-09T14:50:56">
	<testcase classname="MapperReconnectAwait" name="mapper_awaits_before_reconnect">
		<failure message="FAILED: Line count on tedge_mapper_journal.out for &quot;tedge_mapper::core::mapper: MQTT connection error:&quot; expected &gt;=2 but got 0" type="FAILED"/>
		<system-out>14:50:48 INFO  ==============================================================
14:50:48 INFO  Id:    mapper_awaits_before_reconnect
14:50:48 INFO  Dir:   tedge_mapper_c8y/
14:50:48 INFO  Title: Validate mapper doesn't reconnect too often
14:50:48 INFO  ==============================================================
14:50:48 INFO  Started mosquitto_sub with process id 18604
14:50:48 INFO  Waiting for 0.1 seconds
14:50:48 INFO  Executed sudo&lt;tedge_mapper&gt;, exit status 0
14:50:48 INFO  Waiting for 5.0 seconds
14:50:54 INFO  Executed sudo&lt;tedge_mapper&gt;, exit status 0
14:50:56 INFO  Executed sudo&lt;tedge_mapper_journal&gt;, exit status 0
14:50:56 WARN  Grep on tedge_mapper_journal.out contains &quot;ERROR&quot; ... failed [run.py:67]
14:50:56 INFO  Line count on file tedge_mapper_journal.out ... passed
14:50:56 WARN  Line count on tedge_mapper_journal.out for &quot;tedge_mapper::core::mapper: MQTT connection error:&quot; expected &gt;=2 but got 0 ... failed [run.py:78]
14:50:56 WARN  Aborted test due to FAILED outcome
14:50:56 INFO  
14:50:56 INFO  Test duration: 7.91 secs
14:50:56 INFO  Test final outcome:  FAILED
14:50:56 INFO  Test outcome reason: Line count on tedge_mapper_journal.out for &quot;tedge_mapper::core::mapper: MQTT connection error:&quot; expected &gt;=2 but got 0
14:50:56 INFO  
</system-out>
	</testcase>
</testsuite>
