<?xml version="1.0" encoding="utf-8"?>
<testsuite failures="0" name="mqtt_port_change_connection_works" skipped="1" tests="1" time="0.03" timestamp="2022-05-03T08:51:37">
	<testcase classname="MqttPortChangeConnectionWorks" name="mqtt_port_change_connection_works">
		<skipped message="SKIPPED: failing intermitently"/>
		<system-out>08:51:36 INFO  ==============================================================
08:51:36 INFO  Id:    mqtt_port_change_connection_works
08:51:36 INFO  Dir:   misc_features/
08:51:36 INFO  Title: mqtt port change connection works for all the thin-edge services that use the mosquitto broker
08:51:36 INFO  ==============================================================
08:51:37 INFO  failing intermitently ... skipped
08:51:37 INFO  
08:51:37 INFO  Test duration: 0.03 secs
08:51:37 INFO  Test final outcome:  SKIPPED
08:51:37 INFO  Test outcome reason: failing intermitently
08:51:37 INFO  
</system-out>
	</testcase>
</testsuite>
