<?xml version="1.0" encoding="utf-8"?>
<testsuite failures="1" name="publish_sawmill" skipped="0" tests="1" time="2.43" timestamp="2022-04-27T10:29:56">
	<testcase classname="PublishSawmill" name="publish_sawmill">
		<failure message="BLOCKED: sudo&lt;tedge_connect_c8y&gt; returned non-zero exit code 1" type="BLOCKED"/>
		<system-out>10:29:53 INFO  ==============================================================
10:29:53 INFO  Id:    publish_sawmill
10:29:53 INFO  Dir:   smoketests/
10:29:53 INFO  Title: Publish to sawmill topic
10:29:53 INFO  ==============================================================
10:29:53 INFO  EnvironmentC8y Setup
10:29:54 INFO  Executed systemctl&lt;serv_mapper1&gt;, exit status 3
10:29:54 WARN  Executed sudo&lt;tedge_connect_c8y&gt;, exit status 1
10:29:54 INFO  Contents of tedge_connect_c8y.err: 
  Error: failed to connect Cumulocity cloud.
  Caused by:
      A value for `c8y.url` is missing.
          A value can be set with `tedge config set c8y.url &lt;value&gt;`
  -----

10:29:54 WARN  sudo&lt;tedge_connect_c8y&gt; returned non-zero exit code 1 ... blocked 
10:29:54 WARN  Aborted test due to BLOCKED outcome
10:29:54 INFO  
10:29:54 INFO  cleanup:
10:29:55 INFO  Executed sudo&lt;tedge_disconnect_c8y&gt;, exit status 0
10:29:56 INFO  Executed systemctl&lt;serv_mapper5&gt;, exit status 3
10:29:56 INFO  
10:29:56 INFO  Test duration: 2.43 secs
10:29:56 INFO  Test final outcome:  BLOCKED
10:29:56 INFO  Test outcome reason: sudo&lt;tedge_connect_c8y&gt; returned non-zero exit code 1
10:29:56 INFO  
</system-out>
	</testcase>
</testsuite>
