<?xml version="1.0" encoding="utf-8"?>
<testsuite failures="0" name="agent_init_session" skipped="0" tests="1" time="6.0" timestamp="2022-04-28T12:33:25">
	<testcase classname="AgentInitSession" name="agent_init_session"/>
</testsuite>
