<?xml version="1.0" encoding="utf-8"?>
<testsuite failures="1" name="log_request_num_lines" skipped="0" tests="1" time="32.09" timestamp="2022-05-02T10:23:01">
	<testcase classname="LogRequestVerifyNumberOfLines" name="log_request_num_lines">
		<failure message="FAILED: Assert that (True == value) with value=False" type="FAILED"/>
		<system-out>10:22:29 INFO  ==============================================================
10:22:29 INFO  Id:    log_request_num_lines
10:22:29 INFO  Dir:   log_request_end_to_end/
10:22:29 INFO  Title: Validate end to end behaviour for the log request operation check for number of lines
10:22:29 INFO  ==============================================================
10:22:29 INFO  EnvironmentC8y Setup
10:22:29 INFO  Executed systemctl&lt;serv_mapper1&gt;, exit status 3
10:22:29 INFO  Restarting mosquitto too frequently in the last 10 seconds. It was only up for 5 seconds
10:22:29 INFO  Delaying execution by 6 seconds
10:22:50 INFO  Executed sudo&lt;tedge_connect_c8y&gt;, exit status 0, duration 14 secs
10:22:50 INFO  Executed sudo&lt;tedge_connect_c8y_test&gt;, exit status 0
10:22:51 INFO  Executed systemctl&lt;serv_mosq2&gt;, exit status 0
10:22:51 INFO  Executed systemctl&lt;serv_mapper3&gt;, exit status 0
10:22:52 INFO  Executed sudo&lt;rm_logs&gt;, exit status 0
10:22:52 INFO  Executed sudo&lt;move_logs&gt;, exit status 0
10:22:53 INFO  log response None
10:22:53 WARN  retry, retrying in 1 seconds...
10:22:54 INFO  log response https://thin-edge-io.eu-latest.cumulocity.com/event/events/18123757/binaries
10:22:54 INFO  nlines 0
10:22:54 WARN  Assert that (True == value) with value=False ... failed [run.py:44]
10:22:54 INFO  
10:22:54 INFO  cleanup:
10:22:55 INFO  Executed sudo&lt;rm_logs&gt;, exit status 0
10:22:55 INFO  Executed sudo&lt;rm_tmp_logs&gt;, exit status 0
10:22:56 INFO  Executed sudo&lt;send_failed&gt;, exit status 0
10:23:00 INFO  Executed sudo&lt;tedge_disconnect_c8y&gt;, exit status 0
10:23:01 INFO  Executed systemctl&lt;serv_mapper5&gt;, exit status 3
10:23:01 INFO  
10:23:01 INFO  Test duration: 32.09 secs
10:23:01 INFO  Test final outcome:  FAILED
10:23:01 INFO  Test outcome reason: Assert that (True == value) with value=False
10:23:01 INFO  
</system-out>
	</testcase>
</testsuite>
