<?xml version="1.0" encoding="utf-8"?>
<testsuite failures="0" name="docker_plugin_install_with_version" skipped="1" tests="1" time="0.02" timestamp="2022-04-24T12:01:39">
	<testcase classname="DockerPluginInstallWithVersionTest" name="docker_plugin_install_with_version">
		<skipped message="SKIPPED: Testing the docker plugin is not supported on this platform.To run it, all the test with -XmyPlatform='container'"/>
		<system-out>12:01:39 INFO  ==============================================================
12:01:39 INFO  Id:    docker_plugin_install_with_version
12:01:39 INFO  Dir:   plugin_docker/
12:01:39 INFO  Title: Validate docker plugin install
12:01:39 INFO  ==============================================================
12:01:39 INFO  Testing the docker plugin is not supported on this platform.To run it, all the test with -XmyPlatform='container' ... skipped
12:01:39 WARN  Aborted test due to SKIPPED outcome
12:01:39 INFO  
12:01:39 INFO  Test duration: 0.02 secs
12:01:39 INFO  Test final outcome:  SKIPPED
12:01:39 INFO  Test outcome reason: Testing the docker plugin is not supported on this platform.To run it, all the test with -XmyPlatform='container'
12:01:39 INFO  
</system-out>
	</testcase>
</testsuite>
