<?xml version="1.0" encoding="utf-8"?>
<testsuite failures="1" name="mapper_awaits_before_reconnect" skipped="0" tests="1" time="7.57" timestamp="2022-05-12T09:07:14">
	<testcase classname="MapperReconnectAwait" name="mapper_awaits_before_reconnect">
		<failure message="FAILED: Line count on tedge_mapper_journal.out for &quot;tedge_mapper::core::mapper: MQTT connection error:&quot; expected &gt;=2 but got 0" type="FAILED"/>
		<system-out>09:07:06 INFO  ==============================================================
09:07:06 INFO  Id:    mapper_awaits_before_reconnect
09:07:06 INFO  Dir:   tedge_mapper_c8y/
09:07:06 INFO  Title: Validate mapper doesn't reconnect too often
09:07:06 INFO  ==============================================================
09:07:06 INFO  Started mosquitto_sub with process id 18232
09:07:06 INFO  Waiting for 0.1 seconds
09:07:07 INFO  Executed sudo&lt;tedge_mapper&gt;, exit status 0
09:07:07 INFO  Waiting for 5.0 seconds
09:07:12 INFO  Executed sudo&lt;tedge_mapper&gt;, exit status 0
09:07:13 INFO  Executed sudo&lt;tedge_mapper_journal&gt;, exit status 0
09:07:13 WARN  Grep on tedge_mapper_journal.out contains &quot;ERROR&quot; ... failed [run.py:67]
09:07:13 INFO  Line count on file tedge_mapper_journal.out ... passed
09:07:13 WARN  Line count on tedge_mapper_journal.out for &quot;tedge_mapper::core::mapper: MQTT connection error:&quot; expected &gt;=2 but got 0 ... failed [run.py:78]
09:07:13 WARN  Aborted test due to FAILED outcome
09:07:13 INFO  
09:07:14 INFO  Test duration: 7.57 secs
09:07:14 INFO  Test final outcome:  FAILED
09:07:14 INFO  Test outcome reason: Line count on tedge_mapper_journal.out for &quot;tedge_mapper::core::mapper: MQTT connection error:&quot; expected &gt;=2 but got 0
09:07:14 INFO  
</system-out>
	</testcase>
</testsuite>
