<?xml version="1.0" encoding="utf-8"?>
<testsuite failures="1" name="runtime_start_two_mappers" skipped="0" tests="1" time="1.75" timestamp="2022-05-11T11:53:46">
	<testcase classname="RuntimeMultiMappers" name="runtime_start_two_mappers">
		<failure message="FAILED: Grep on tedge_mapper2.err contains &quot;Error: Couldn't acquire file lock.&quot;" type="FAILED"/>
		<system-out>11:53:44 INFO  ==============================================================
11:53:44 INFO  Id:    runtime_start_two_mappers
11:53:44 INFO  Dir:   tedge_mapper_c8y/
11:53:44 INFO  Title: Validate two mappers can't be started at the same time
11:53:44 INFO  ==============================================================
11:53:44 INFO  Executed sudo&lt;tedge_mapper1&gt;, exit status 0
11:53:44 INFO  Waiting for 0.1 seconds
11:53:45 INFO  Executed sudo&lt;tedge_mapper2&gt;, exit status 1
11:53:46 INFO  Executed sudo&lt;tedge_mapper1&gt;, exit status 0
11:53:46 WARN  Grep on tedge_mapper2.err contains &quot;Error: Couldn't acquire file lock.&quot; ... failed [run.py:46]
11:53:46 INFO  
11:53:46 INFO  Test duration: 1.75 secs
11:53:46 INFO  Test final outcome:  FAILED
11:53:46 INFO  Test outcome reason: Grep on tedge_mapper2.err contains &quot;Error: Couldn't acquire file lock.&quot;
11:53:46 INFO  
</system-out>
	</testcase>
</testsuite>
