<?xml version="1.0" encoding="utf-8"?>
<testsuite failures="0" name="SoftwareManagement.Plugin.apama_plugin_mon_support" skipped="1" tests="1" time="0.03" timestamp="2022-05-12T08:54:30">
	<testcase classname="ApamaPluginMonSupportTest" name="SoftwareManagement.Plugin.apama_plugin_mon_support">
		<skipped message="SKIPPED: Apama plugin tests are disabled by default. Execute `pysys run` with `-XmyPlatform=container` to run these tests"/>
		<system-out>08:54:30 INFO  ==============================================================
08:54:30 INFO  Id:    SoftwareManagement.Plugin.apama_plugin_mon_support
08:54:30 INFO  Dir:   plugin_apama/
08:54:30 INFO  Title: Validate mon file support of apama plugin
08:54:30 INFO  ==============================================================
08:54:30 INFO  Apama plugin tests are disabled by default. Execute `pysys run` with `-XmyPlatform=container` to run these tests ... skipped
08:54:30 WARN  Aborted test due to SKIPPED outcome
08:54:30 INFO  
08:54:30 INFO  Test duration: 0.03 secs
08:54:30 INFO  Test final outcome:  SKIPPED
08:54:30 INFO  Test outcome reason: Apama plugin tests are disabled by default. Execute `pysys run` with `-XmyPlatform=container` to run these tests
08:54:30 INFO  
</system-out>
	</testcase>
</testsuite>
