<?xml version="1.0" encoding="utf-8"?>
<testsuite failures="0" name="SoftwareManagement.Plugin.apama_plugin_update" skipped="1" tests="1" time="0.03" timestamp="2022-05-03T18:25:12">
	<testcase classname="ApamaPluginUpdateTest" name="SoftwareManagement.Plugin.apama_plugin_update">
		<skipped message="SKIPPED: Apama plugin tests are disabled by default. Execute `pysys run` with `-XmyPlatform=container` to run these tests"/>
		<system-out>18:25:12 INFO  ==============================================================
18:25:12 INFO  Id:    SoftwareManagement.Plugin.apama_plugin_update
18:25:12 INFO  Dir:   plugin_apama/
18:25:12 INFO  Title: Validate apama plugin updating one project with another
18:25:12 INFO  ==============================================================
18:25:12 INFO  Apama plugin tests are disabled by default. Execute `pysys run` with `-XmyPlatform=container` to run these tests ... skipped
18:25:12 WARN  Aborted test due to SKIPPED outcome
18:25:12 INFO  
18:25:12 INFO  Test duration: 0.03 secs
18:25:12 INFO  Test final outcome:  SKIPPED
18:25:12 INFO  Test outcome reason: Apama plugin tests are disabled by default. Execute `pysys run` with `-XmyPlatform=container` to run these tests
18:25:12 INFO  
</system-out>
	</testcase>
</testsuite>
