<?xml version="1.0" encoding="utf-8"?>
<testsuite failures="0" name="docker_plugin_install_with_version" skipped="1" tests="1" time="0.02" timestamp="2022-04-21T13:31:30">
	<testcase classname="DockerPluginInstallWithVersionTest" name="docker_plugin_install_with_version">
		<skipped message="SKIPPED: Testing the docker plugin is not supported on this platform.To run it, all the test with -XmyPlatform='container'"/>
		<system-out>13:31:30 INFO  ==============================================================
13:31:30 INFO  Id:    docker_plugin_install_with_version
13:31:30 INFO  Dir:   plugin_docker/
13:31:30 INFO  Title: Validate docker plugin install
13:31:30 INFO  ==============================================================
13:31:30 INFO  Testing the docker plugin is not supported on this platform.To run it, all the test with -XmyPlatform='container' ... skipped
13:31:30 WARN  Aborted test due to SKIPPED outcome
13:31:30 INFO  
13:31:30 INFO  Test duration: 0.02 secs
13:31:30 INFO  Test final outcome:  SKIPPED
13:31:30 INFO  Test outcome reason: Testing the docker plugin is not supported on this platform.To run it, all the test with -XmyPlatform='container'
13:31:30 INFO  
</system-out>
	</testcase>
</testsuite>
