<?xml version="1.0" encoding="utf-8"?>
<testsuite failures="1" name="monitoring_smaller_interval" skipped="0" tests="1" time="16.06" timestamp="2022-05-04T08:25:05">
	<testcase classname="MonitoringSmallInterval" name="monitoring_smaller_interval">
		<failure message="BLOCKED: TypeError: 'int' object is not subscriptable" type="BLOCKED"/>
		<system-out>08:24:49 INFO  ==============================================================
08:24:49 INFO  Id:    monitoring_smaller_interval
08:24:49 INFO  Dir:   monitoring/
08:24:49 INFO  Title: Validate the tedge dm agent messages that are produced with smaller sampling interval than the batching window. Here the simulated collectd messages are used
08:24:49 INFO  ==============================================================
08:24:51 INFO  Executed sudo&lt;collectd&gt;, exit status 0
08:24:51 INFO  Executed sudo&lt;collectd_mapper&gt;, exit status 0
08:24:51 INFO  Started sudo&lt;tedge_sub&gt; with process id 28291
08:24:52 INFO  Executed sudo&lt;tedge_temp&gt;, exit status 0
08:24:53 INFO  Executed sudo&lt;tedge_pres&gt;, exit status 0
08:24:53 INFO  Executed sudo&lt;tedge_temp&gt;, exit status 0
08:24:54 INFO  Executed sudo&lt;tedge_pres&gt;, exit status 0
08:24:54 INFO  Executed sudo&lt;tedge_temp&gt;, exit status 0
08:24:55 INFO  Executed sudo&lt;tedge_pres&gt;, exit status 0
08:24:56 INFO  Executed sudo&lt;tedge_temp&gt;, exit status 0
08:24:56 INFO  Executed sudo&lt;tedge_pres&gt;, exit status 0
08:24:57 INFO  Executed sudo&lt;tedge_temp&gt;, exit status 0
08:24:57 INFO  Executed sudo&lt;tedge_pres&gt;, exit status 0
08:24:58 INFO  Executed sudo&lt;tedge_temp&gt;, exit status 0
08:24:58 INFO  Executed sudo&lt;tedge_pres&gt;, exit status 0
08:24:59 INFO  Executed sudo&lt;tedge_temp&gt;, exit status 0
08:24:59 INFO  Executed sudo&lt;tedge_pres&gt;, exit status 0
08:25:00 INFO  Executed sudo&lt;tedge_temp&gt;, exit status 0
08:25:01 INFO  Executed sudo&lt;tedge_pres&gt;, exit status 0
08:25:01 INFO  Executed sudo&lt;tedge_temp&gt;, exit status 0
08:25:02 INFO  Executed sudo&lt;tedge_pres&gt;, exit status 0
08:25:02 INFO  Executed sudo&lt;tedge_temp&gt;, exit status 0
08:25:03 INFO  Executed sudo&lt;tedge_pres&gt;, exit status 0
08:25:05 INFO  Executed sudo&lt;kill_out&gt;, exit status 0
08:25:05 INFO  0

08:25:05 WARN  TypeError occurred while running test - 'int' object is not subscriptable
Traceback (most recent call last):
  File &quot;/home/pi/env-pysys/lib/python3.7/site-packages/pysys/baserunner.py&quot;, line 1296, in __call__
    self.testObj.validate()
  File &quot;/home/pi/actions-runner/_work/thin-edge.io/thin-edge.io/tests/PySys/monitoring/monitoring_smaller_interval/run.py&quot;, line 104, in validate
    collectd_msg_validation_result=self.validate_json(),
  File &quot;/home/pi/actions-runner/_work/thin-edge.io/thin-edge.io/tests/PySys/monitoring/monitoring_smaller_interval/run.py&quot;, line 114, in validate_json
    if not self.validate_time():
  File &quot;/home/pi/actions-runner/_work/thin-edge.io/thin-edge.io/tests/PySys/monitoring/monitoring_smaller_interval/run.py&quot;, line 134, in validate_time
    if self.js_msg[&quot;time&quot;]:
TypeError: 'int' object is not subscriptable
08:25:05 WARN  TypeError: 'int' object is not subscriptable ... blocked 
08:25:05 INFO  
08:25:05 INFO  cleanup:
08:25:05 INFO  monitoring_cleanup
08:25:05 INFO  Executed sudo&lt;collectd_mapper&gt;, exit status 0
08:25:05 INFO  
08:25:05 INFO  Test duration: 16.06 secs
08:25:05 INFO  Test final outcome:  BLOCKED
08:25:05 INFO  Test outcome reason: TypeError: 'int' object is not subscriptable
08:25:05 INFO  
</system-out>
	</testcase>
</testsuite>
