<?xml version="1.0" encoding="utf-8"?>
<testsuite failures="0" name="SoftwareManagement.Plugin.apama_plugin_mon_support" skipped="1" tests="1" time="0.03" timestamp="2022-05-02T10:24:33">
	<testcase classname="ApamaPluginMonSupportTest" name="SoftwareManagement.Plugin.apama_plugin_mon_support">
		<skipped message="SKIPPED: Apama plugin tests are disabled by default. Execute `pysys run` with `-XmyPlatform=container` to run these tests"/>
		<system-out>10:24:33 INFO  ==============================================================
10:24:33 INFO  Id:    SoftwareManagement.Plugin.apama_plugin_mon_support
10:24:33 INFO  Dir:   plugin_apama/
10:24:33 INFO  Title: Validate mon file support of apama plugin
10:24:33 INFO  ==============================================================
10:24:33 INFO  Apama plugin tests are disabled by default. Execute `pysys run` with `-XmyPlatform=container` to run these tests ... skipped
10:24:33 WARN  Aborted test due to SKIPPED outcome
10:24:33 INFO  
10:24:33 INFO  Test duration: 0.03 secs
10:24:33 INFO  Test final outcome:  SKIPPED
10:24:33 INFO  Test outcome reason: Apama plugin tests are disabled by default. Execute `pysys run` with `-XmyPlatform=container` to run these tests
10:24:33 INFO  
</system-out>
	</testcase>
</testsuite>
