<?xml version="1.0" encoding="utf-8"?>
<testsuite failures="1" name="monitoring_smaller_interval" skipped="0" tests="1" time="15.0" timestamp="2022-04-28T12:22:46">
	<testcase classname="MonitoringSmallInterval" name="monitoring_smaller_interval">
		<failure message="BLOCKED: TypeError: 'int' object is not subscriptable" type="BLOCKED"/>
		<system-out>12:22:31 INFO  ==============================================================
12:22:31 INFO  Id:    monitoring_smaller_interval
12:22:31 INFO  Dir:   monitoring/
12:22:31 INFO  Title: Validate the tedge dm agent messages that are produced with smaller sampling interval than the batching window. Here the simulated collectd messages are used
12:22:31 INFO  ==============================================================
12:22:31 INFO  Executed sudo&lt;collectd&gt;, exit status 0
12:22:32 INFO  Executed sudo&lt;collectd_mapper&gt;, exit status 0
12:22:32 INFO  Started sudo&lt;tedge_sub&gt; with process id 4326
12:22:33 INFO  Executed sudo&lt;tedge_temp&gt;, exit status 0
12:22:33 INFO  Executed sudo&lt;tedge_pres&gt;, exit status 0
12:22:34 INFO  Executed sudo&lt;tedge_temp&gt;, exit status 0
12:22:34 INFO  Executed sudo&lt;tedge_pres&gt;, exit status 0
12:22:35 INFO  Executed sudo&lt;tedge_temp&gt;, exit status 0
12:22:35 INFO  Executed sudo&lt;tedge_pres&gt;, exit status 0
12:22:36 INFO  Executed sudo&lt;tedge_temp&gt;, exit status 0
12:22:37 INFO  Executed sudo&lt;tedge_pres&gt;, exit status 0
12:22:37 INFO  Executed sudo&lt;tedge_temp&gt;, exit status 0
12:22:38 INFO  Executed sudo&lt;tedge_pres&gt;, exit status 0
12:22:38 INFO  Executed sudo&lt;tedge_temp&gt;, exit status 0
12:22:39 INFO  Executed sudo&lt;tedge_pres&gt;, exit status 0
12:22:40 INFO  Executed sudo&lt;tedge_temp&gt;, exit status 0
12:22:40 INFO  Executed sudo&lt;tedge_pres&gt;, exit status 0
12:22:41 INFO  Executed sudo&lt;tedge_temp&gt;, exit status 0
12:22:41 INFO  Executed sudo&lt;tedge_pres&gt;, exit status 0
12:22:42 INFO  Executed sudo&lt;tedge_temp&gt;, exit status 0
12:22:42 INFO  Executed sudo&lt;tedge_pres&gt;, exit status 0
12:22:43 INFO  Executed sudo&lt;tedge_temp&gt;, exit status 0
12:22:44 INFO  Executed sudo&lt;tedge_pres&gt;, exit status 0
12:22:45 INFO  Executed sudo&lt;kill_out&gt;, exit status 0
12:22:45 INFO  0

12:22:45 WARN  TypeError occurred while running test - 'int' object is not subscriptable
Traceback (most recent call last):
  File &quot;/home/pi/env-pysys/lib/python3.7/site-packages/pysys/baserunner.py&quot;, line 1296, in __call__
    self.testObj.validate()
  File &quot;/home/pi/actions-runner/_work/thin-edge.io/thin-edge.io/tests/PySys/monitoring/monitoring_smaller_interval/run.py&quot;, line 104, in validate
    collectd_msg_validation_result=self.validate_json(),
  File &quot;/home/pi/actions-runner/_work/thin-edge.io/thin-edge.io/tests/PySys/monitoring/monitoring_smaller_interval/run.py&quot;, line 114, in validate_json
    if not self.validate_time():
  File &quot;/home/pi/actions-runner/_work/thin-edge.io/thin-edge.io/tests/PySys/monitoring/monitoring_smaller_interval/run.py&quot;, line 134, in validate_time
    if self.js_msg[&quot;time&quot;]:
TypeError: 'int' object is not subscriptable
12:22:45 WARN  TypeError: 'int' object is not subscriptable ... blocked 
12:22:45 INFO  
12:22:45 INFO  cleanup:
12:22:45 INFO  monitoring_cleanup
12:22:46 INFO  Executed sudo&lt;collectd_mapper&gt;, exit status 0
12:22:46 INFO  
12:22:46 INFO  Test duration: 15.00 secs
12:22:46 INFO  Test final outcome:  BLOCKED
12:22:46 INFO  Test outcome reason: TypeError: 'int' object is not subscriptable
12:22:46 INFO  
</system-out>
	</testcase>
</testsuite>
