<?xml version="1.0" encoding="utf-8"?>
<testsuite failures="0" name="tedge_disconnect_test_sm_services" skipped="0" tests="1" time="34.77" timestamp="2022-04-28T08:31:24">
	<testcase classname="TedgeDisConnectTestSMServices" name="tedge_disconnect_test_sm_services"/>
</testsuite>
