<?xml version="1.0" encoding="utf-8"?>
<testsuite failures="1" name="mapper_awaits_before_reconnect" skipped="0" tests="1" time="8.2" timestamp="2022-05-13T11:19:10">
	<testcase classname="MapperReconnectAwait" name="mapper_awaits_before_reconnect">
		<failure message="FAILED: Line count on tedge_mapper_journal.out for &quot;tedge_mapper::core::mapper: MQTT connection error:&quot; expected &gt;=2 but got 0" type="FAILED"/>
		<system-out>11:19:01 INFO  ==============================================================
11:19:01 INFO  Id:    mapper_awaits_before_reconnect
11:19:01 INFO  Dir:   tedge_mapper_c8y/
11:19:01 INFO  Title: Validate mapper doesn't reconnect too often
11:19:01 INFO  ==============================================================
11:19:01 INFO  Started mosquitto_sub with process id 17487
11:19:01 INFO  Waiting for 0.1 seconds
11:19:02 INFO  Executed sudo&lt;tedge_mapper&gt;, exit status 0
11:19:02 INFO  Waiting for 5.0 seconds
11:19:08 INFO  Executed sudo&lt;tedge_mapper&gt;, exit status 0
11:19:09 INFO  Executed sudo&lt;tedge_mapper_journal&gt;, exit status 0
11:19:10 WARN  Grep on tedge_mapper_journal.out contains &quot;ERROR&quot; ... failed [run.py:67]
11:19:10 INFO  Line count on file tedge_mapper_journal.out ... passed
11:19:10 WARN  Line count on tedge_mapper_journal.out for &quot;tedge_mapper::core::mapper: MQTT connection error:&quot; expected &gt;=2 but got 0 ... failed [run.py:78]
11:19:10 WARN  Aborted test due to FAILED outcome
11:19:10 INFO  
11:19:10 INFO  Test duration: 8.20 secs
11:19:10 INFO  Test final outcome:  FAILED
11:19:10 INFO  Test outcome reason: Line count on tedge_mapper_journal.out for &quot;tedge_mapper::core::mapper: MQTT connection error:&quot; expected &gt;=2 but got 0
11:19:10 INFO  
</system-out>
	</testcase>
</testsuite>
