<?xml version="1.0" encoding="utf-8"?>
<testsuite failures="1" name="log_request_num_lines" skipped="0" tests="1" time="31.2" timestamp="2022-04-28T12:21:03">
	<testcase classname="LogRequestVerifyNumberOfLines" name="log_request_num_lines">
		<failure message="FAILED: Assert that (True == value) with value=False" type="FAILED"/>
		<system-out>12:20:31 INFO  ==============================================================
12:20:31 INFO  Id:    log_request_num_lines
12:20:31 INFO  Dir:   log_request_end_to_end/
12:20:31 INFO  Title: Validate end to end behaviour for the log request operation check for number of lines
12:20:31 INFO  ==============================================================
12:20:31 INFO  EnvironmentC8y Setup
12:20:32 INFO  Executed systemctl&lt;serv_mapper1&gt;, exit status 3
12:20:32 INFO  Restarting mosquitto too frequently in the last 10 seconds. It was only up for 5 seconds
12:20:32 INFO  Delaying execution by 6 seconds
12:20:52 INFO  Executed sudo&lt;tedge_connect_c8y&gt;, exit status 0, duration 13 secs
12:20:53 INFO  Executed sudo&lt;tedge_connect_c8y_test&gt;, exit status 0
12:20:53 INFO  Executed systemctl&lt;serv_mosq2&gt;, exit status 0
12:20:54 INFO  Executed systemctl&lt;serv_mapper3&gt;, exit status 0
12:20:54 INFO  Executed sudo&lt;rm_logs&gt;, exit status 0
12:20:55 INFO  Executed sudo&lt;move_logs&gt;, exit status 0
12:20:55 INFO  log response None
12:20:55 WARN  retry, retrying in 1 seconds...
12:20:56 INFO  log response https://thin-edge-io.eu-latest.cumulocity.com/event/events/17892017/binaries
12:20:57 INFO  nlines 0
12:20:57 WARN  Assert that (True == value) with value=False ... failed [run.py:44]
12:20:57 INFO  
12:20:57 INFO  cleanup:
12:20:57 INFO  Executed sudo&lt;rm_logs&gt;, exit status 0
12:20:58 INFO  Executed sudo&lt;rm_tmp_logs&gt;, exit status 0
12:20:58 INFO  Executed sudo&lt;send_failed&gt;, exit status 0
12:21:02 INFO  Executed sudo&lt;tedge_disconnect_c8y&gt;, exit status 0
12:21:03 INFO  Executed systemctl&lt;serv_mapper5&gt;, exit status 3
12:21:03 INFO  
12:21:03 INFO  Test duration: 31.20 secs
12:21:03 INFO  Test final outcome:  FAILED
12:21:03 INFO  Test outcome reason: Assert that (True == value) with value=False
12:21:03 INFO  
</system-out>
	</testcase>
</testsuite>
