<?xml version="1.0" encoding="utf-8"?>
<testsuite failures="0" name="publish_flux" skipped="0" tests="1" time="72.02" timestamp="2022-05-03T08:54:31">
	<testcase classname="PublishFlux" name="publish_flux"/>
</testsuite>
