<?xml version="1.0" encoding="utf-8"?>
<testsuite failures="0" name="SoftwareManagement.Plugin.apama_plugin_remove" skipped="1" tests="1" time="0.02" timestamp="2022-05-13T15:00:36">
	<testcase classname="ApamaPluginRemoveTest" name="SoftwareManagement.Plugin.apama_plugin_remove">
		<skipped message="SKIPPED: Apama plugin tests are disabled by default. Execute `pysys run` with `-XmyPlatform=container` to run these tests"/>
		<system-out>15:00:36 INFO  ==============================================================
15:00:36 INFO  Id:    SoftwareManagement.Plugin.apama_plugin_remove
15:00:36 INFO  Dir:   plugin_apama/
15:00:36 INFO  Title: Validate apama plugin remove
15:00:36 INFO  ==============================================================
15:00:36 INFO  Apama plugin tests are disabled by default. Execute `pysys run` with `-XmyPlatform=container` to run these tests ... skipped
15:00:36 WARN  Aborted test due to SKIPPED outcome
15:00:36 INFO  
15:00:36 INFO  Test duration: 0.02 secs
15:00:36 INFO  Test final outcome:  SKIPPED
15:00:36 INFO  Test outcome reason: Apama plugin tests are disabled by default. Execute `pysys run` with `-XmyPlatform=container` to run these tests
15:00:36 INFO  
</system-out>
	</testcase>
</testsuite>
