<?xml version="1.0" encoding="utf-8"?>
<testsuite failures="1" name="runtime_start_two_mappers" skipped="0" tests="1" time="1.79" timestamp="2022-05-09T14:50:58">
	<testcase classname="RuntimeMultiMappers" name="runtime_start_two_mappers">
		<failure message="FAILED: Grep on tedge_mapper2.err contains &quot;Error: Couldn't acquire file lock.&quot;" type="FAILED"/>
		<system-out>14:50:56 INFO  ==============================================================
14:50:56 INFO  Id:    runtime_start_two_mappers
14:50:56 INFO  Dir:   tedge_mapper_c8y/
14:50:56 INFO  Title: Validate two mappers can't be started at the same time
14:50:56 INFO  ==============================================================
14:50:56 INFO  Executed sudo&lt;tedge_mapper1&gt;, exit status 0
14:50:56 INFO  Waiting for 0.1 seconds
14:50:57 INFO  Executed sudo&lt;tedge_mapper2&gt;, exit status 1
14:50:57 INFO  Executed sudo&lt;tedge_mapper1&gt;, exit status 0
14:50:58 WARN  Grep on tedge_mapper2.err contains &quot;Error: Couldn't acquire file lock.&quot; ... failed [run.py:46]
14:50:58 INFO  
14:50:58 INFO  Test duration: 1.79 secs
14:50:58 INFO  Test final outcome:  FAILED
14:50:58 INFO  Test outcome reason: Grep on tedge_mapper2.err contains &quot;Error: Couldn't acquire file lock.&quot;
14:50:58 INFO  
</system-out>
	</testcase>
</testsuite>
