<?xml version="1.0" encoding="utf-8"?>
<testsuite failures="1" name="log_request_error_messages" skipped="0" tests="1" time="35.36" timestamp="2022-04-27T08:32:51">
	<testcase classname="LogRequestVerifySearchTextError" name="log_request_error_messages">
		<failure message="FAILED: Assert that (True == value) with value=False" type="FAILED"/>
		<system-out>08:32:16 INFO  ==============================================================
08:32:16 INFO  Id:    log_request_error_messages
08:32:16 INFO  Dir:   log_request_end_to_end/
08:32:16 INFO  Title: Validate end to end behaviour for the log request operation check for error messages
08:32:16 INFO  ==============================================================
08:32:17 INFO  EnvironmentC8y Setup
08:32:18 INFO  Executed systemctl&lt;serv_mapper1&gt;, exit status 3
08:32:18 INFO  Restarting mosquitto too frequently in the last 10 seconds. It was only up for 3 seconds
08:32:18 INFO  Delaying execution by 8 seconds
08:32:40 INFO  Executed sudo&lt;tedge_connect_c8y&gt;, exit status 0, duration 13 secs
08:32:40 INFO  Executed sudo&lt;tedge_connect_c8y_test&gt;, exit status 0
08:32:41 INFO  Executed systemctl&lt;serv_mosq2&gt;, exit status 0
08:32:41 INFO  Executed systemctl&lt;serv_mapper3&gt;, exit status 0
08:32:42 INFO  Executed sudo&lt;rm_logs&gt;, exit status 0
08:32:42 INFO  Executed sudo&lt;move_logs&gt;, exit status 0
08:32:43 INFO  log response None
08:32:43 WARN  retry, retrying in 1 seconds...
08:32:44 INFO  log response https://thin-edge-io.eu-latest.cumulocity.com/event/events/17729510/binaries
08:32:45 WARN  Assert that (True == value) with value=False ... failed [run.py:43]
08:32:45 INFO  
08:32:45 INFO  cleanup:
08:32:45 INFO  Executed sudo&lt;rm_logs&gt;, exit status 0
08:32:46 INFO  Executed sudo&lt;rm_tmp_logs&gt;, exit status 0
08:32:46 INFO  Executed sudo&lt;send_failed&gt;, exit status 0
08:32:50 INFO  Executed sudo&lt;tedge_disconnect_c8y&gt;, exit status 0
08:32:51 INFO  Executed systemctl&lt;serv_mapper5&gt;, exit status 3
08:32:51 INFO  
08:32:51 INFO  Test duration: 35.36 secs
08:32:51 INFO  Test final outcome:  FAILED
08:32:51 INFO  Test outcome reason: Assert that (True == value) with value=False
08:32:51 INFO  
</system-out>
	</testcase>
</testsuite>
