<?xml version="1.0" encoding="utf-8"?>
<testsuite failures="0" name="smoketest_json" skipped="0" tests="1" time="45.75" timestamp="2022-04-27T13:12:09">
	<testcase classname="SmokeTestJson" name="smoketest_json"/>
</testsuite>
