<?xml version="1.0" encoding="utf-8"?>
<testsuite failures="0" name="tedge_connect_test_sm_services" skipped="0" tests="1" time="28.23" timestamp="2022-05-03T14:22:19">
	<testcase classname="TedgeConnectTestSMServices" name="tedge_connect_test_sm_services"/>
</testsuite>
