<?xml version="1.0" encoding="utf-8"?>
<testsuite failures="0" name="apt_install_local_file_fail" skipped="1" tests="1" time="0.03" timestamp="2022-05-03T14:10:23">
	<testcase classname="AptPluginInstallFromLocalFileFail" name="apt_install_local_file_fail">
		<skipped message="SKIPPED: Testing the apt plugin is not supported on this platform.To run the tests call PySys with -XmyPlatform='container'"/>
		<system-out>14:10:23 INFO  ==============================================================
14:10:23 INFO  Id:    apt_install_local_file_fail
14:10:23 INFO  Dir:   plugin_apt/
14:10:23 INFO  Title: Validate apt plugin install from local file - FAIL case
14:10:23 INFO  ==============================================================
14:10:23 INFO  Testing the apt plugin is not supported on this platform.To run the tests call PySys with -XmyPlatform='container' ... skipped
14:10:23 WARN  Aborted test due to SKIPPED outcome
14:10:23 INFO  
14:10:23 INFO  Test duration: 0.03 secs
14:10:23 INFO  Test final outcome:  SKIPPED
14:10:23 INFO  Test outcome reason: Testing the apt plugin is not supported on this platform.To run the tests call PySys with -XmyPlatform='container'
14:10:23 INFO  
</system-out>
	</testcase>
</testsuite>
