<?xml version="1.0" encoding="utf-8"?>
<testsuite failures="1" name="log_request_error_messages" skipped="0" tests="1" time="36.3" timestamp="2022-05-11T10:07:59">
	<testcase classname="LogRequestVerifySearchTextError" name="log_request_error_messages">
		<failure message="FAILED: Assert that (True == value) with value=False" type="FAILED"/>
		<system-out>10:07:22 INFO  ==============================================================
10:07:22 INFO  Id:    log_request_error_messages
10:07:22 INFO  Dir:   log_request_end_to_end/
10:07:22 INFO  Title: Validate end to end behaviour for the log request operation check for error messages
10:07:22 INFO  ==============================================================
10:07:24 INFO  EnvironmentC8y Setup
10:07:24 INFO  Executed systemctl&lt;serv_mapper1&gt;, exit status 3
10:07:25 INFO  Restarting mosquitto too frequently in the last 10 seconds. It was only up for 2 seconds
10:07:25 INFO  Delaying execution by 9 seconds
10:07:47 INFO  Executed sudo&lt;tedge_connect_c8y&gt;, exit status 0, duration 13 secs
10:07:48 INFO  Executed sudo&lt;tedge_connect_c8y_test&gt;, exit status 0
10:07:49 INFO  Executed systemctl&lt;serv_mosq2&gt;, exit status 0
10:07:49 INFO  Executed systemctl&lt;serv_mapper3&gt;, exit status 0
10:07:50 INFO  Executed sudo&lt;rm_logs&gt;, exit status 0
10:07:50 INFO  Executed sudo&lt;move_logs&gt;, exit status 0
10:07:51 INFO  log response None
10:07:51 WARN  retry, retrying in 1 seconds...
10:07:52 INFO  log response https://thin-edge-io.eu-latest.cumulocity.com/event/events/18793593/binaries
10:07:52 WARN  Assert that (True == value) with value=False ... failed [run.py:43]
10:07:52 INFO  
10:07:52 INFO  cleanup:
10:07:53 INFO  Executed sudo&lt;rm_logs&gt;, exit status 0
10:07:54 INFO  Executed sudo&lt;rm_tmp_logs&gt;, exit status 0
10:07:54 INFO  Executed sudo&lt;send_failed&gt;, exit status 0
10:07:58 INFO  Executed sudo&lt;tedge_disconnect_c8y&gt;, exit status 0
10:07:59 INFO  Executed systemctl&lt;serv_mapper5&gt;, exit status 3
10:07:59 INFO  
10:07:59 INFO  Test duration: 36.30 secs
10:07:59 INFO  Test final outcome:  FAILED
10:07:59 INFO  Test outcome reason: Assert that (True == value) with value=False
10:07:59 INFO  
</system-out>
	</testcase>
</testsuite>
