<?xml version="1.0" encoding="utf-8"?>
<testsuite failures="0" name="SoftwareManagement.sm_apt_install_remove_default" skipped="1" tests="1" time="0.04" timestamp="2022-04-25T21:28:00">
	<testcase classname="PySysTest" name="SoftwareManagement.sm_apt_install_remove_default">
		<skipped message="SKIPPED: Testing the apt plugin is not supported on this platform.Use parameter -XmyPlatform='container' to enable it"/>
		<system-out>21:28:00 INFO  ==============================================================
21:28:00 INFO  Id:    SoftwareManagement.sm_apt_install_remove_default
21:28:00 INFO  Dir:   software_management_end_to_end/
21:28:00 INFO  Title: Validate end to end behaviour for the default plugin for installation and removal of packages
21:28:00 INFO  ==============================================================
21:28:00 INFO  Testing the apt plugin is not supported on this platform.Use parameter -XmyPlatform='container' to enable it ... skipped
21:28:00 WARN  Aborted test due to SKIPPED outcome
21:28:00 INFO  
21:28:00 INFO  Test duration: 0.04 secs
21:28:00 INFO  Test final outcome:  SKIPPED
21:28:00 INFO  Test outcome reason: Testing the apt plugin is not supported on this platform.Use parameter -XmyPlatform='container' to enable it
21:28:00 INFO  
</system-out>
	</testcase>
</testsuite>
