<?xml version="1.0" encoding="utf-8"?>
<testsuite failures="0" name="SoftwareManagement.Plugin.apama_plugin_mon_support" skipped="1" tests="1" time="0.02" timestamp="2022-04-25T21:16:47">
	<testcase classname="ApamaPluginMonSupportTest" name="SoftwareManagement.Plugin.apama_plugin_mon_support">
		<skipped message="SKIPPED: Apama plugin tests are disabled by default. Execute `pysys run` with `-XmyPlatform=container` to run these tests"/>
		<system-out>21:16:47 INFO  ==============================================================
21:16:47 INFO  Id:    SoftwareManagement.Plugin.apama_plugin_mon_support
21:16:47 INFO  Dir:   plugin_apama/
21:16:47 INFO  Title: Validate mon file support of apama plugin
21:16:47 INFO  ==============================================================
21:16:47 INFO  Apama plugin tests are disabled by default. Execute `pysys run` with `-XmyPlatform=container` to run these tests ... skipped
21:16:47 WARN  Aborted test due to SKIPPED outcome
21:16:47 INFO  
21:16:47 INFO  Test duration: 0.02 secs
21:16:47 INFO  Test final outcome:  SKIPPED
21:16:47 INFO  Test outcome reason: Apama plugin tests are disabled by default. Execute `pysys run` with `-XmyPlatform=container` to run these tests
21:16:47 INFO  
</system-out>
	</testcase>
</testsuite>
