<?xml version="1.0" encoding="utf-8"?>
<testsuite failures="0" name="SoftwareManagement.sm_apt_install_remove" skipped="1" tests="1" time="0.04" timestamp="2022-05-12T09:04:03">
	<testcase classname="PySysTest" name="SoftwareManagement.sm_apt_install_remove">
		<skipped message="SKIPPED: Testing the apt plugin is not supported on this platform.Use parameter -XmyPlatform='container' to enable it"/>
		<system-out>09:04:03 INFO  ==============================================================
09:04:03 INFO  Id:    SoftwareManagement.sm_apt_install_remove
09:04:03 INFO  Dir:   software_management_end_to_end/
09:04:03 INFO  Title: Validate end to end behaviour for the apt plugin for installation and removal of packages
09:04:03 INFO  ==============================================================
09:04:03 INFO  Testing the apt plugin is not supported on this platform.Use parameter -XmyPlatform='container' to enable it ... skipped
09:04:03 WARN  Aborted test due to SKIPPED outcome
09:04:03 INFO  
09:04:03 INFO  Test duration: 0.04 secs
09:04:03 INFO  Test final outcome:  SKIPPED
09:04:03 INFO  Test outcome reason: Testing the apt plugin is not supported on this platform.Use parameter -XmyPlatform='container' to enable it
09:04:03 INFO  
</system-out>
	</testcase>
</testsuite>
